{"@timestamp": "2025-01-09T13:27:45.142Z", "agent": {"ephemeral_id": "a88a8869-4de9-4098-a363-1bf14c28b8f7", "hostname": "CLIENT3", "id": "c35095e9-5f9f-4084-a651-3aaa2966847a", "name": "CLIENT3", "type": "winlogbeat", "version": "7.10.2"}, "ecs": {"version": "1.5.0"}, "event": {"action": "Process Create (rule: ProcessCreate)", "category": ["process"], "code": 1, "created": "2025-01-09T13:27:46.322Z", "kind": "event", "module": "sysmon", "provider": "Microsoft-Windows-Sysmon", "type": ["start", "process_start"]}, "hash": {"imphash": "d2466cd4c38ecef8aab0ee78b79fc8b8", "md5": "118729dd62b9422d21afe5cebd564f8a", "sha1": "0638fc81ac1545d9a324460de4ca6ae234c2a005", "sha256": "b76ce2bba63bd2949fa6e36fba963379b9d682f7642cd3782d9818fcd30a3e00"}, "host": {"name": "CLIENT3.breach.local"}, "log": {"level": "information"}, "process": {"args": ["gpupdate.exe", "/target:computer"], "command_line": "gpupdate.exe /target:computer", "entity_id": "{416dd0c5-ced1-677f-1503-000000001400}", "executable": "C:\\Windows\\System32\\gpupdate.exe", "hash": {"md5": "118729dd62b9422d21afe5cebd564f8a", "sha1": "0638fc81ac1545d9a324460de4ca6ae234c2a005", "sha256": "b76ce2bba63bd2949fa6e36fba963379b9d682f7642cd3782d9818fcd30a3e00"}, "name": "gpupdate.exe", "parent": {"args": ["C:\\Windows\\system32\\svchost.exe", "-k", "netsvcs", "-p", "-s", "Schedule"], "command_line": "C:\\Windows\\system32\\svchost.exe -k netsvcs -p -s Schedule", "entity_id": "{416dd0c5-8390-677f-1c00-000000001400}", "executable": "C:\\Windows\\System32\\svchost.exe", "name": "svchost.exe", "pid": 1220}, "pe": {"imphash": "d2466cd4c38ecef8aab0ee78b79fc8b8"}, "pid": 3964, "working_directory": "C:\\Windows\\system32\\"}, "related": {"hash": ["0638fc81ac1545d9a324460de4ca6ae234c2a005", "118729dd62b9422d21afe5cebd564f8a", "b76ce2bba63bd2949fa6e36fba963379b9d682f7642cd3782d9818fcd30a3e00", "d2466cd4c38ecef8aab0ee78b79fc8b8"], "user": "NETWORK SERVICE"}, "user": {"domain": "NT AUTHORITY", "name": "NETWORK SERVICE"}, "winlog": {"api": "wineventlog", "channel": "Microsoft-Windows-Sysmon/Operational", "computer_name": "CLIENT3.breach.local", "event_data": {"Company": "Microsoft Corporation", "Description": "Microsoft\u00ae Group Policy Update Utility", "FileVersion": "10.0.19041.572 (WinBuild.160101.0800)", "IntegrityLevel": "System", "LogonGuid": "{416dd0c5-838f-677f-e403-000000000000}", "LogonId": "0x3e4", "OriginalFileName": "GPUpdate.exe", "ParentUser": "NT AUTHORITY\\SYSTEM", "Product": "Microsoft\u00ae Windows\u00ae Operating System", "RuleName": "-", "TerminalSessionId": "0"}, "event_id": 1, "opcode": "Info", "process": {"pid": 2800, "thread": {"id": 3336}}, "provider_guid": "{5770385f-c22a-43e0-bf4c-06f5698ffbd9}", "provider_name": "Microsoft-Windows-Sysmon", "record_id": 4393088, "task": "Process Create (rule: ProcessCreate)", "user": {"domain": "NT AUTHORITY", "identifier": "S-1-5-18", "name": "SYSTEM", "type": "User"}, "version": 5}}
{"@timestamp": "2025-01-09T13:27:45.167Z", "agent": {"ephemeral_id": "a88a8869-4de9-4098-a363-1bf14c28b8f7", "hostname": "CLIENT3", "id": "c35095e9-5f9f-4084-a651-3aaa2966847a", "name": "CLIENT3", "type": "winlogbeat", "version": "7.10.2"}, "ecs": {"version": "1.5.0"}, "event": {"action": "Process Create (rule: ProcessCreate)", "category": ["process"], "code": 1, "created": "2025-01-09T13:27:46.323Z", "kind": "event", "module": "sysmon", "provider": "Microsoft-Windows-Sysmon", "type": ["start", "process_start"]}, "hash": {"imphash": "affe8c3be3bbe4f0ac2ef124256f372d", "md5": "ce1a079265e7a92863baad92de538d72", "sha1": "9d48d4b78cbbfb22c9ee9070f713b35cd2a6a6eb", "sha256": "16c7a815a4a313d2c79816b3839376cc4d732dc0b136ee246ac77ffed543a3c4"}, "host": {"name": "CLIENT3.breach.local"}, "log": {"level": "information"}, "process": {"args": ["\\??\\C:\\Windows\\system32\\conhost.exe", "0xffffffff", "-ForceV1"], "command_line": "\\??\\C:\\Windows\\system32\\conhost.exe 0xffffffff -ForceV1", "entity_id": "{416dd0c5-ced1-677f-1603-000000001400}", "executable": "C:\\Windows\\System32\\conhost.exe", "hash": {"md5": "ce1a079265e7a92863baad92de538d72", "sha1": "9d48d4b78cbbfb22c9ee9070f713b35cd2a6a6eb", "sha256": "16c7a815a4a313d2c79816b3839376cc4d732dc0b136ee246ac77ffed543a3c4"}, "name": "conhost.exe", "parent": {"args": ["gpupdate.exe", "/target:computer"], "command_line": "gpupdate.exe /target:computer", "entity_id": "{416dd0c5-ced1-677f-1503-000000001400}", "executable": "C:\\Windows\\System32\\gpupdate.exe", "name": "gpupdate.exe", "pid": 3964}, "pe": {"imphash": "affe8c3be3bbe4f0ac2ef124256f372d"}, "pid": 7932, "working_directory": "C:\\Windows"}, "related": {"hash": ["9d48d4b78cbbfb22c9ee9070f713b35cd2a6a6eb", "ce1a079265e7a92863baad92de538d72", "16c7a815a4a313d2c79816b3839376cc4d732dc0b136ee246ac77ffed543a3c4", "affe8c3be3bbe4f0ac2ef124256f372d"], "user": "NETWORK SERVICE"}, "user": {"domain": "NT AUTHORITY", "name": "NETWORK SERVICE"}, "winlog": {"api": "wineventlog", "channel": "Microsoft-Windows-Sysmon/Operational", "computer_name": "CLIENT3.breach.local", "event_data": {"Company": "Microsoft Corporation", "Description": "Console Window Host", "FileVersion": "10.0.19041.746 (WinBuild.160101.0800)", "IntegrityLevel": "System", "LogonGuid": "{416dd0c5-838f-677f-e403-000000000000}", "LogonId": "0x3e4", "OriginalFileName": "CONHOST.EXE", "ParentUser": "NT AUTHORITY\\NETWORK SERVICE", "Product": "Microsoft\u00ae Windows\u00ae Operating System", "RuleName": "-", "TerminalSessionId": "0"}, "event_id": 1, "opcode": "Info", "process": {"pid": 2800, "thread": {"id": 3336}}, "provider_guid": "{5770385f-c22a-43e0-bf4c-06f5698ffbd9}", "provider_name": "Microsoft-Windows-Sysmon", "record_id": 4393096, "task": "Process Create (rule: ProcessCreate)", "user": {"domain": "NT AUTHORITY", "identifier": "S-1-5-18", "name": "SYSTEM", "type": "User"}, "version": 5}}
{"@timestamp": "2025-01-09T13:27:45.779Z", "agent": {"ephemeral_id": "a88a8869-4de9-4098-a363-1bf14c28b8f7", "hostname": "CLIENT3", "id": "c35095e9-5f9f-4084-a651-3aaa2966847a", "name": "CLIENT3", "type": "winlogbeat", "version": "7.10.2"}, "ecs": {"version": "1.5.0"}, "event": {"action": "Logon", "code": 4624, "created": "2025-01-09T13:27:47.618Z", "kind": "event", "outcome": "success", "provider": "Microsoft-Windows-Security-Auditing"}, "host": {"name": "CLIENT3.breach.local"}, "log": {"level": "information"}, "winlog": {"activity_id": "{65ec898c-626d-0001-068a-ec656d62db01}", "api": "wineventlog", "channel": "Security", "computer_name": "CLIENT3.breach.local", "event_data": {"AuthenticationPackageName": "Kerberos", "ElevatedToken": "%%1842", "ImpersonationLevel": "%%1833", "IpAddress": "::1", "IpPort": "0", "KeyLength": "0", "LmPackageName": "-", "LogonGuid": "{33b8ff92-48f4-37aa-c9f2-b0b1b9e15613}", "LogonProcessName": "Kerberos", "LogonType": "3", "ProcessId": "0x0", "ProcessName": "-", "RestrictedAdminMode": "-", "SubjectDomainName": "-", "SubjectLogonId": "0x0", "SubjectUserName": "-", "SubjectUserSid": "S-1-0-0", "TargetDomainName": "BREACH.LOCAL", "TargetLinkedLogonId": "0x0", "TargetLogonId": "0x98e5be", "TargetOutboundDomainName": "-", "TargetOutboundUserName": "-", "TargetUserName": "CLIENT3$", "TargetUserSid": "S-1-5-18", "TransmittedServices": "-", "VirtualAccount": "%%1843", "WorkstationName": "CLIENT3         "}, "event_id": 4624, "keywords": ["Audit Success"], "opcode": "Info", "process": {"pid": 628, "thread": {"id": 7536}}, "provider_guid": "{54849625-5478-4994-a5ba-3e3b0328c30d}", "provider_name": "Microsoft-Windows-Security-Auditing", "record_id": 28734, "task": "Logon", "version": 2}}
{"@timestamp": "2025-01-09T13:27:45.779Z", "agent": {"ephemeral_id": "a88a8869-4de9-4098-a363-1bf14c28b8f7", "hostname": "CLIENT3", "id": "c35095e9-5f9f-4084-a651-3aaa2966847a", "name": "CLIENT3", "type": "winlogbeat", "version": "7.10.2"}, "ecs": {"version": "1.5.0"}, "event": {"action": "Special Logon", "code": 4672, "created": "2025-01-09T13:27:47.618Z", "kind": "event", "outcome": "success", "provider": "Microsoft-Windows-Security-Auditing"}, "host": {"name": "CLIENT3.breach.local"}, "log": {"level": "information"}, "winlog": {"activity_id": "{65ec898c-626d-0001-068a-ec656d62db01}", "api": "wineventlog", "channel": "Security", "computer_name": "CLIENT3.breach.local", "event_data": {"PrivilegeList": "SeSecurityPrivilege\n\t\t\tSeBackupPrivilege\n\t\t\tSeRestorePrivilege\n\t\t\tSeTakeOwnershipPrivilege\n\t\t\tSeDebugPrivilege\n\t\t\tSeSystemEnvironmentPrivilege\n\t\t\tSeLoadDriverPrivilege\n\t\t\tSeImpersonatePrivilege\n\t\t\tSeDelegateSessionUserImpersonatePrivilege", "SubjectDomainName": "BREACH", "SubjectLogonId": "0x98e5be", "SubjectUserName": "CLIENT3$", "SubjectUserSid": "S-1-5-18"}, "event_id": 4672, "keywords": ["Audit Success"], "opcode": "Info", "process": {"pid": 628, "thread": {"id": 7536}}, "provider_guid": "{54849625-5478-4994-a5ba-3e3b0328c30d}", "provider_name": "Microsoft-Windows-Security-Auditing", "record_id": 28733, "task": "Special Logon"}}
{"@timestamp": "2025-01-09T13:27:46.378Z", "agent": {"ephemeral_id": "a88a8869-4de9-4098-a363-1bf14c28b8f7", "hostname": "CLIENT3", "id": "c35095e9-5f9f-4084-a651-3aaa2966847a", "name": "CLIENT3", "type": "winlogbeat", "version": "7.10.2"}, "ecs": {"version": "1.5.0"}, "event": {"action": "Logoff", "code": 4634, "created": "2025-01-09T13:27:47.618Z", "kind": "event", "outcome": "success", "provider": "Microsoft-Windows-Security-Auditing"}, "host": {"name": "CLIENT3.breach.local"}, "log": {"level": "information"}, "winlog": {"api": "wineventlog", "channel": "Security", "computer_name": "CLIENT3.breach.local", "event_data": {"LogonType": "3", "TargetDomainName": "BREACH", "TargetLogonId": "0x98e5be", "TargetUserName": "CLIENT3$", "TargetUserSid": "S-1-5-18"}, "event_id": 4634, "keywords": ["Audit Success"], "opcode": "Info", "process": {"pid": 628, "thread": {"id": 7536}}, "provider_guid": "{54849625-5478-4994-a5ba-3e3b0328c30d}", "provider_name": "Microsoft-Windows-Security-Auditing", "record_id": 28735, "task": "Logoff"}}
{"@timestamp": "2025-01-09T13:27:46.383Z", "agent": {"ephemeral_id": "a88a8869-4de9-4098-a363-1bf14c28b8f7", "hostname": "CLIENT3", "id": "c35095e9-5f9f-4084-a651-3aaa2966847a", "name": "CLIENT3", "type": "winlogbeat", "version": "7.10.2"}, "ecs": {"version": "1.5.0"}, "event": {"action": "Logon", "code": 4624, "created": "2025-01-09T13:27:47.618Z", "kind": "event", "outcome": "success", "provider": "Microsoft-Windows-Security-Auditing"}, "host": {"name": "CLIENT3.breach.local"}, "log": {"level": "information"}, "winlog": {"activity_id": "{65ec898c-626d-0001-068a-ec656d62db01}", "api": "wineventlog", "channel": "Security", "computer_name": "CLIENT3.breach.local", "event_data": {"AuthenticationPackageName": "Kerberos", "ElevatedToken": "%%1842", "ImpersonationLevel": "%%1833", "IpAddress": "::1", "IpPort": "0", "KeyLength": "0", "LmPackageName": "-", "LogonGuid": "{33b8ff92-48f4-37aa-c9f2-b0b1b9e15613}", "LogonProcessName": "Kerberos", "LogonType": "3", "ProcessId": "0x0", "ProcessName": "-", "RestrictedAdminMode": "-", "SubjectDomainName": "-", "SubjectLogonId": "0x0", "SubjectUserName": "-", "SubjectUserSid": "S-1-0-0", "TargetDomainName": "BREACH.LOCAL", "TargetLinkedLogonId": "0x0", "TargetLogonId": "0x98e7f9", "TargetOutboundDomainName": "-", "TargetOutboundUserName": "-", "TargetUserName": "CLIENT3$", "TargetUserSid": "S-1-5-18", "TransmittedServices": "-", "VirtualAccount": "%%1843", "WorkstationName": "CLIENT3         "}, "event_id": 4624, "keywords": ["Audit Success"], "opcode": "Info", "process": {"pid": 628, "thread": {"id": 684}}, "provider_guid": "{54849625-5478-4994-a5ba-3e3b0328c30d}", "provider_name": "Microsoft-Windows-Security-Auditing", "record_id": 28737, "task": "Logon", "version": 2}}
{"@timestamp": "2025-01-09T13:27:46.383Z", "agent": {"ephemeral_id": "a88a8869-4de9-4098-a363-1bf14c28b8f7", "hostname": "CLIENT3", "id": "c35095e9-5f9f-4084-a651-3aaa2966847a", "name": "CLIENT3", "type": "winlogbeat", "version": "7.10.2"}, "ecs": {"version": "1.5.0"}, "event": {"action": "Special Logon", "code": 4672, "created": "2025-01-09T13:27:47.618Z", "kind": "event", "outcome": "success", "provider": "Microsoft-Windows-Security-Auditing"}, "host": {"name": "CLIENT3.breach.local"}, "log": {"level": "information"}, "winlog": {"activity_id": "{65ec898c-626d-0001-068a-ec656d62db01}", "api": "wineventlog", "channel": "Security", "computer_name": "CLIENT3.breach.local", "event_data": {"PrivilegeList": "SeSecurityPrivilege\n\t\t\tSeBackupPrivilege\n\t\t\tSeRestorePrivilege\n\t\t\tSeTakeOwnershipPrivilege\n\t\t\tSeDebugPrivilege\n\t\t\tSeSystemEnvironmentPrivilege\n\t\t\tSeLoadDriverPrivilege\n\t\t\tSeImpersonatePrivilege\n\t\t\tSeDelegateSessionUserImpersonatePrivilege", "SubjectDomainName": "BREACH", "SubjectLogonId": "0x98e7f9", "SubjectUserName": "CLIENT3$", "SubjectUserSid": "S-1-5-18"}, "event_id": 4672, "keywords": ["Audit Success"], "opcode": "Info", "process": {"pid": 628, "thread": {"id": 684}}, "provider_guid": "{54849625-5478-4994-a5ba-3e3b0328c30d}", "provider_name": "Microsoft-Windows-Security-Auditing", "record_id": 28736, "task": "Special Logon"}}
{"@timestamp": "2025-01-09T13:27:46.384Z", "agent": {"ephemeral_id": "a88a8869-4de9-4098-a363-1bf14c28b8f7", "hostname": "CLIENT3", "id": "c35095e9-5f9f-4084-a651-3aaa2966847a", "name": "CLIENT3", "type": "winlogbeat", "version": "7.10.2"}, "ecs": {"version": "1.5.0"}, "event": {"action": "Logoff", "code": 4634, "created": "2025-01-09T13:27:47.618Z", "kind": "event", "outcome": "success", "provider": "Microsoft-Windows-Security-Auditing"}, "host": {"name": "CLIENT3.breach.local"}, "log": {"level": "information"}, "winlog": {"api": "wineventlog", "channel": "Security", "computer_name": "CLIENT3.breach.local", "event_data": {"LogonType": "3", "TargetDomainName": "BREACH", "TargetLogonId": "0x98e7f9", "TargetUserName": "CLIENT3$", "TargetUserSid": "S-1-5-18"}, "event_id": 4634, "keywords": ["Audit Success"], "opcode": "Info", "process": {"pid": 628, "thread": {"id": 684}}, "provider_guid": "{54849625-5478-4994-a5ba-3e3b0328c30d}", "provider_name": "Microsoft-Windows-Security-Auditing", "record_id": 28738, "task": "Logoff"}}
{"@timestamp": "2025-01-09T13:31:00.596Z", "agent": {"ephemeral_id": "a88a8869-4de9-4098-a363-1bf14c28b8f7", "hostname": "CLIENT3", "id": "c35095e9-5f9f-4084-a651-3aaa2966847a", "name": "CLIENT3", "type": "winlogbeat", "version": "7.10.2"}, "ecs": {"version": "1.5.0"}, "event": {"action": "Logon", "code": 4625, "created": "2025-01-09T13:31:02.388Z", "kind": "event", "outcome": "failure", "provider": "Microsoft-Windows-Security-Auditing"}, "host": {"name": "CLIENT3.breach.local"}, "log": {"level": "information"}, "winlog": {"api": "wineventlog", "channel": "Security", "computer_name": "CLIENT3.breach.local", "event_data": {"AuthenticationPackageName": "NTLM", "FailureReason": "%%2313", "IpAddress": "172.16.1.13", "IpPort": "50431", "KeyLength": "0", "LmPackageName": "-", "LogonProcessName": "NtLmSsp ", "LogonType": "3", "ProcessId": "0x0", "ProcessName": "-", "Status": "0xc000006d", "SubStatus": "0xc000006a", "SubjectDomainName": "-", "SubjectLogonId": "0x0", "SubjectUserName": "-", "SubjectUserSid": "S-1-0-0", "TargetDomainName": "BREACH", "TargetUserName": "client3", "TargetUserSid": "S-1-0-0", "TransmittedServices": "-", "WorkstationName": "CLIENT12"}, "event_id": 4625, "keywords": ["Audit Failure"], "opcode": "Info", "process": {"pid": 628, "thread": {"id": 632}}, "provider_guid": "{54849625-5478-4994-a5ba-3e3b0328c30d}", "provider_name": "Microsoft-Windows-Security-Auditing", "record_id": 30234, "task": "Logon", "version": 0}}
{"@timestamp": "2025-01-09T13:31:26.783Z", "agent": {"ephemeral_id": "a88a8869-4de9-4098-a363-1bf14c28b8f7", "hostname": "CLIENT3", "id": "c35095e9-5f9f-4084-a651-3aaa2966847a", "name": "CLIENT3", "type": "winlogbeat", "version": "7.10.2"}, "ecs": {"version": "1.5.0"}, "event": {"action": "Logon", "code": 4625, "created": "2025-01-09T13:31:28.575Z", "kind": "event", "outcome": "failure", "provider": "Microsoft-Windows-Security-Auditing"}, "host": {"name": "CLIENT3.breach.local"}, "log": {"level": "information"}, "winlog": {"api": "wineventlog", "channel": "Security", "computer_name": "CLIENT3.breach.local", "event_data": {"AuthenticationPackageName": "NTLM", "FailureReason": "%%2313", "IpAddress": "172.16.1.13", "IpPort": "51684", "KeyLength": "0", "LmPackageName": "-", "LogonProcessName": "NtLmSsp ", "LogonType": "3", "ProcessId": "0x0", "ProcessName": "-", "Status": "0xc000006d", "SubStatus": "0xc000006a", "SubjectDomainName": "-", "SubjectLogonId": "0x0", "SubjectUserName": "-", "SubjectUserSid": "S-1-0-0", "TargetDomainName": "BREACH", "TargetUserName": "client3", "TargetUserSid": "S-1-0-0", "TransmittedServices": "-", "WorkstationName": "CLIENT12"}, "event_id": 4625, "keywords": ["Audit Failure"], "opcode": "Info", "process": {"pid": 628, "thread": {"id": 632}}, "provider_guid": "{54849625-5478-4994-a5ba-3e3b0328c30d}", "provider_name": "Microsoft-Windows-Security-Auditing", "record_id": 30235, "task": "Logon", "version": 0}}
{"@timestamp": "2025-01-09T13:31:52.310Z", "agent": {"ephemeral_id": "a88a8869-4de9-4098-a363-1bf14c28b8f7", "hostname": "CLIENT3", "id": "c35095e9-5f9f-4084-a651-3aaa2966847a", "name": "CLIENT3", "type": "winlogbeat", "version": "7.10.2"}, "ecs": {"version": "1.5.0"}, "event": {"action": "Logon", "code": 4625, "created": "2025-01-09T13:31:54.102Z", "kind": "event", "outcome": "failure", "provider": "Microsoft-Windows-Security-Auditing"}, "host": {"name": "CLIENT3.breach.local"}, "log": {"level": "information"}, "winlog": {"api": "wineventlog", "channel": "Security", "computer_name": "CLIENT3.breach.local", "event_data": {"AuthenticationPackageName": "NTLM", "FailureReason": "%%2313", "IpAddress": "172.16.1.13", "IpPort": "61381", "KeyLength": "0", "LmPackageName": "-", "LogonProcessName": "NtLmSsp ", "LogonType": "3", "ProcessId": "0x0", "ProcessName": "-", "Status": "0xc000006d", "SubStatus": "0xc000006a", "SubjectDomainName": "-", "SubjectLogonId": "0x0", "SubjectUserName": "-", "SubjectUserSid": "S-1-0-0", "TargetDomainName": "BREACH", "TargetUserName": "client3", "TargetUserSid": "S-1-0-0", "TransmittedServices": "-", "WorkstationName": "CLIENT12"}, "event_id": 4625, "keywords": ["Audit Failure"], "opcode": "Info", "process": {"pid": 628, "thread": {"id": 632}}, "provider_guid": "{54849625-5478-4994-a5ba-3e3b0328c30d}", "provider_name": "Microsoft-Windows-Security-Auditing", "record_id": 30236, "task": "Logon", "version": 0}}
{"@timestamp": "2025-01-09T13:32:18.892Z", "agent": {"ephemeral_id": "a88a8869-4de9-4098-a363-1bf14c28b8f7", "hostname": "CLIENT3", "id": "c35095e9-5f9f-4084-a651-3aaa2966847a", "name": "CLIENT3", "type": "winlogbeat", "version": "7.10.2"}, "ecs": {"version": "1.5.0"}, "event": {"action": "Logon", "code": 4625, "created": "2025-01-09T13:32:20.684Z", "kind": "event", "outcome": "failure", "provider": "Microsoft-Windows-Security-Auditing"}, "host": {"name": "CLIENT3.breach.local"}, "log": {"level": "information"}, "winlog": {"api": "wineventlog", "channel": "Security", "computer_name": "CLIENT3.breach.local", "event_data": {"AuthenticationPackageName": "NTLM", "FailureReason": "%%2313", "IpAddress": "172.16.1.13", "IpPort": "62509", "KeyLength": "0", "LmPackageName": "-", "LogonProcessName": "NtLmSsp ", "LogonType": "3", "ProcessId": "0x0", "ProcessName": "-", "Status": "0xc000006d", "SubStatus": "0xc000006a", "SubjectDomainName": "-", "SubjectLogonId": "0x0", "SubjectUserName": "-", "SubjectUserSid": "S-1-0-0", "TargetDomainName": "BREACH", "TargetUserName": "client3", "TargetUserSid": "S-1-0-0", "TransmittedServices": "-", "WorkstationName": "CLIENT12"}, "event_id": 4625, "keywords": ["Audit Failure"], "opcode": "Info", "process": {"pid": 628, "thread": {"id": 632}}, "provider_guid": "{54849625-5478-4994-a5ba-3e3b0328c30d}", "provider_name": "Microsoft-Windows-Security-Auditing", "record_id": 30237, "task": "Logon", "version": 0}}
{"@timestamp": "2025-01-09T13:32:44.806Z", "agent": {"ephemeral_id": "a88a8869-4de9-4098-a363-1bf14c28b8f7", "hostname": "CLIENT3", "id": "c35095e9-5f9f-4084-a651-3aaa2966847a", "name": "CLIENT3", "type": "winlogbeat", "version": "7.10.2"}, "ecs": {"version": "1.5.0"}, "event": {"action": "Logon", "code": 4625, "created": "2025-01-09T13:32:46.598Z", "kind": "event", "outcome": "failure", "provider": "Microsoft-Windows-Security-Auditing"}, "host": {"name": "CLIENT3.breach.local"}, "log": {"level": "information"}, "winlog": {"api": "wineventlog", "channel": "Security", "computer_name": "CLIENT3.breach.local", "event_data": {"AuthenticationPackageName": "NTLM", "FailureReason": "%%2313", "IpAddress": "172.16.1.13", "IpPort": "58594", "KeyLength": "0", "LmPackageName": "-", "LogonProcessName": "NtLmSsp ", "LogonType": "3", "ProcessId": "0x0", "ProcessName": "-", "Status": "0xc000006d", "SubStatus": "0xc000006a", "SubjectDomainName": "-", "SubjectLogonId": "0x0", "SubjectUserName": "-", "SubjectUserSid": "S-1-0-0", "TargetDomainName": "BREACH", "TargetUserName": "client3", "TargetUserSid": "S-1-0-0", "TransmittedServices": "-", "WorkstationName": "CLIENT12"}, "event_id": 4625, "keywords": ["Audit Failure"], "opcode": "Info", "process": {"pid": 628, "thread": {"id": 632}}, "provider_guid": "{54849625-5478-4994-a5ba-3e3b0328c30d}", "provider_name": "Microsoft-Windows-Security-Auditing", "record_id": 30238, "task": "Logon", "version": 0}}
{"@timestamp": "2025-01-09T13:33:10.848Z", "agent": {"ephemeral_id": "a88a8869-4de9-4098-a363-1bf14c28b8f7", "hostname": "CLIENT3", "id": "c35095e9-5f9f-4084-a651-3aaa2966847a", "name": "CLIENT3", "type": "winlogbeat", "version": "7.10.2"}, "ecs": {"version": "1.5.0"}, "event": {"action": "Logon", "code": 4625, "created": "2025-01-09T13:33:12.640Z", "kind": "event", "outcome": "failure", "provider": "Microsoft-Windows-Security-Auditing"}, "host": {"name": "CLIENT3.breach.local"}, "log": {"level": "information"}, "winlog": {"api": "wineventlog", "channel": "Security", "computer_name": "CLIENT3.breach.local", "event_data": {"AuthenticationPackageName": "NTLM", "FailureReason": "%%2313", "IpAddress": "172.16.1.13", "IpPort": "62720", "KeyLength": "0", "LmPackageName": "-", "LogonProcessName": "NtLmSsp ", "LogonType": "3", "ProcessId": "0x0", "ProcessName": "-", "Status": "0xc000006d", "SubStatus": "0xc000006a", "SubjectDomainName": "-", "SubjectLogonId": "0x0", "SubjectUserName": "-", "SubjectUserSid": "S-1-0-0", "TargetDomainName": "BREACH", "TargetUserName": "client3", "TargetUserSid": "S-1-0-0", "TransmittedServices": "-", "WorkstationName": "CLIENT12"}, "event_id": 4625, "keywords": ["Audit Failure"], "opcode": "Info", "process": {"pid": 628, "thread": {"id": 632}}, "provider_guid": "{54849625-5478-4994-a5ba-3e3b0328c30d}", "provider_name": "Microsoft-Windows-Security-Auditing", "record_id": 30239, "task": "Logon", "version": 0}}
{"@timestamp": "2025-01-09T13:33:36.811Z", "agent": {"ephemeral_id": "a88a8869-4de9-4098-a363-1bf14c28b8f7", "hostname": "CLIENT3", "id": "c35095e9-5f9f-4084-a651-3aaa2966847a", "name": "CLIENT3", "type": "winlogbeat", "version": "7.10.2"}, "ecs": {"version": "1.5.0"}, "event": {"action": "Logon", "code": 4625, "created": "2025-01-09T13:33:38.603Z", "kind": "event", "outcome": "failure", "provider": "Microsoft-Windows-Security-Auditing"}, "host": {"name": "CLIENT3.breach.local"}, "log": {"level": "information"}, "winlog": {"api": "wineventlog", "channel": "Security", "computer_name": "CLIENT3.breach.local", "event_data": {"AuthenticationPackageName": "NTLM", "FailureReason": "%%2313", "IpAddress": "172.16.1.13", "IpPort": "63465", "KeyLength": "0", "LmPackageName": "-", "LogonProcessName": "NtLmSsp ", "LogonType": "3", "ProcessId": "0x0", "ProcessName": "-", "Status": "0xc000006d", "SubStatus": "0xc000006a", "SubjectDomainName": "-", "SubjectLogonId": "0x0", "SubjectUserName": "-", "SubjectUserSid": "S-1-0-0", "TargetDomainName": "BREACH", "TargetUserName": "client3", "TargetUserSid": "S-1-0-0", "TransmittedServices": "-", "WorkstationName": "CLIENT12"}, "event_id": 4625, "keywords": ["Audit Failure"], "opcode": "Info", "process": {"pid": 628, "thread": {"id": 632}}, "provider_guid": "{54849625-5478-4994-a5ba-3e3b0328c30d}", "provider_name": "Microsoft-Windows-Security-Auditing", "record_id": 30240, "task": "Logon", "version": 0}}
{"@timestamp": "2025-01-09T13:34:02.576Z", "agent": {"ephemeral_id": "a88a8869-4de9-4098-a363-1bf14c28b8f7", "hostname": "CLIENT3", "id": "c35095e9-5f9f-4084-a651-3aaa2966847a", "name": "CLIENT3", "type": "winlogbeat", "version": "7.10.2"}, "ecs": {"version": "1.5.0"}, "event": {"action": "Logon", "code": 4625, "created": "2025-01-09T13:34:04.368Z", "kind": "event", "outcome": "failure", "provider": "Microsoft-Windows-Security-Auditing"}, "host": {"name": "CLIENT3.breach.local"}, "log": {"level": "information"}, "winlog": {"api": "wineventlog", "channel": "Security", "computer_name": "CLIENT3.breach.local", "event_data": {"AuthenticationPackageName": "NTLM", "FailureReason": "%%2313", "IpAddress": "172.16.1.13", "IpPort": "51477", "KeyLength": "0", "LmPackageName": "-", "LogonProcessName": "NtLmSsp ", "LogonType": "3", "ProcessId": "0x0", "ProcessName": "-", "Status": "0xc000006d", "SubStatus": "0xc000006a", "SubjectDomainName": "-", "SubjectLogonId": "0x0", "SubjectUserName": "-", "SubjectUserSid": "S-1-0-0", "TargetDomainName": "BREACH", "TargetUserName": "client3", "TargetUserSid": "S-1-0-0", "TransmittedServices": "-", "WorkstationName": "CLIENT12"}, "event_id": 4625, "keywords": ["Audit Failure"], "opcode": "Info", "process": {"pid": 628, "thread": {"id": 632}}, "provider_guid": "{54849625-5478-4994-a5ba-3e3b0328c30d}", "provider_name": "Microsoft-Windows-Security-Auditing", "record_id": 30241, "task": "Logon", "version": 0}}
{"@timestamp": "2025-01-09T13:34:28.066Z", "agent": {"ephemeral_id": "a88a8869-4de9-4098-a363-1bf14c28b8f7", "hostname": "CLIENT3", "id": "c35095e9-5f9f-4084-a651-3aaa2966847a", "name": "CLIENT3", "type": "winlogbeat", "version": "7.10.2"}, "ecs": {"version": "1.5.0"}, "event": {"action": "Logon", "code": 4625, "created": "2025-01-09T13:34:29.858Z", "kind": "event", "outcome": "failure", "provider": "Microsoft-Windows-Security-Auditing"}, "host": {"name": "CLIENT3.breach.local"}, "log": {"level": "information"}, "winlog": {"api": "wineventlog", "channel": "Security", "computer_name": "CLIENT3.breach.local", "event_data": {"AuthenticationPackageName": "NTLM", "FailureReason": "%%2313", "IpAddress": "172.16.1.13", "IpPort": "52087", "KeyLength": "0", "LmPackageName": "-", "LogonProcessName": "NtLmSsp ", "LogonType": "3", "ProcessId": "0x0", "ProcessName": "-", "Status": "0xc000006d", "SubStatus": "0xc000006a", "SubjectDomainName": "-", "SubjectLogonId": "0x0", "SubjectUserName": "-", "SubjectUserSid": "S-1-0-0", "TargetDomainName": "BREACH", "TargetUserName": "client3", "TargetUserSid": "S-1-0-0", "TransmittedServices": "-", "WorkstationName": "CLIENT12"}, "event_id": 4625, "keywords": ["Audit Failure"], "opcode": "Info", "process": {"pid": 628, "thread": {"id": 632}}, "provider_guid": "{54849625-5478-4994-a5ba-3e3b0328c30d}", "provider_name": "Microsoft-Windows-Security-Auditing", "record_id": 30242, "task": "Logon", "version": 0}}
{"@timestamp": "2025-01-09T13:34:40.540Z", "agent": {"ephemeral_id": "a88a8869-4de9-4098-a363-1bf14c28b8f7", "hostname": "CLIENT3", "id": "c35095e9-5f9f-4084-a651-3aaa2966847a", "name": "CLIENT3", "type": "winlogbeat", "version": "7.10.2"}, "ecs": {"version": "1.5.0"}, "event": {"action": "Logon", "code": 4624, "created": "2025-01-09T13:34:41.824Z", "kind": "event", "outcome": "success", "provider": "Microsoft-Windows-Security-Auditing"}, "host": {"name": "CLIENT3.breach.local"}, "log": {"level": "information"}, "winlog": {"activity_id": "{65ec898c-626d-0001-068a-ec656d62db01}", "api": "wineventlog", "channel": "Security", "computer_name": "CLIENT3.breach.local", "event_data": {"AuthenticationPackageName": "Negotiate", "ElevatedToken": "%%1842", "ImpersonationLevel": "%%1833", "IpAddress": "-", "IpPort": "-", "KeyLength": "0", "LmPackageName": "-", "LogonGuid": "{00000000-0000-0000-0000-000000000000}", "LogonProcessName": "Advapi  ", "LogonType": "5", "ProcessId": "0x268", "ProcessName": "C:\\Windows\\System32\\services.exe", "RestrictedAdminMode": "-", "SubjectDomainName": "BREACH", "SubjectLogonId": "0x3e7", "SubjectUserName": "CLIENT3$", "SubjectUserSid": "S-1-5-18", "TargetDomainName": "NT AUTHORITY", "TargetLinkedLogonId": "0x0", "TargetLogonId": "0x3e7", "TargetOutboundDomainName": "-", "TargetOutboundUserName": "-", "TargetUserName": "SYSTEM", "TargetUserSid": "S-1-5-18", "TransmittedServices": "-", "VirtualAccount": "%%1843", "WorkstationName": "-"}, "event_id": 4624, "keywords": ["Audit Success"], "opcode": "Info", "process": {"pid": 628, "thread": {"id": 684}}, "provider_guid": "{54849625-5478-4994-a5ba-3e3b0328c30d}", "provider_name": "Microsoft-Windows-Security-Auditing", "record_id": 28739, "task": "Logon", "version": 2}}
{"@timestamp": "2025-01-09T13:34:40.541Z", "agent": {"ephemeral_id": "a88a8869-4de9-4098-a363-1bf14c28b8f7", "hostname": "CLIENT3", "id": "c35095e9-5f9f-4084-a651-3aaa2966847a", "name": "CLIENT3", "type": "winlogbeat", "version": "7.10.2"}, "ecs": {"version": "1.5.0"}, "event": {"action": "Special Logon", "code": 4672, "created": "2025-01-09T13:34:41.824Z", "kind": "event", "outcome": "success", "provider": "Microsoft-Windows-Security-Auditing"}, "host": {"name": "CLIENT3.breach.local"}, "log": {"level": "information"}, "winlog": {"activity_id": "{65ec898c-626d-0001-068a-ec656d62db01}", "api": "wineventlog", "channel": "Security", "computer_name": "CLIENT3.breach.local", "event_data": {"PrivilegeList": "SeAssignPrimaryTokenPrivilege\n\t\t\tSeTcbPrivilege\n\t\t\tSeSecurityPrivilege\n\t\t\tSeTakeOwnershipPrivilege\n\t\t\tSeLoadDriverPrivilege\n\t\t\tSeBackupPrivilege\n\t\t\tSeRestorePrivilege\n\t\t\tSeDebugPrivilege\n\t\t\tSeAuditPrivilege\n\t\t\tSeSystemEnvironmentPrivilege\n\t\t\tSeImpersonatePrivilege\n\t\t\tSeDelegateSessionUserImpersonatePrivilege", "SubjectDomainName": "NT AUTHORITY", "SubjectLogonId": "0x3e7", "SubjectUserName": "SYSTEM", "SubjectUserSid": "S-1-5-18"}, "event_id": 4672, "keywords": ["Audit Success"], "opcode": "Info", "process": {"pid": 628, "thread": {"id": 684}}, "provider_guid": "{54849625-5478-4994-a5ba-3e3b0328c30d}", "provider_name": "Microsoft-Windows-Security-Auditing", "record_id": 28740, "task": "Special Logon"}}
{"@timestamp": "2025-01-09T13:34:40.542Z", "agent": {"ephemeral_id": "a88a8869-4de9-4098-a363-1bf14c28b8f7", "hostname": "CLIENT3", "id": "c35095e9-5f9f-4084-a651-3aaa2966847a", "name": "CLIENT3", "type": "winlogbeat", "version": "7.10.2"}, "ecs": {"version": "1.5.0"}, "event": {"action": "Process Create (rule: ProcessCreate)", "category": ["process"], "code": 1, "created": "2025-01-09T13:34:40.950Z", "kind": "event", "module": "sysmon", "provider": "Microsoft-Windows-Sysmon", "type": ["start", "process_start"]}, "hash": {"imphash": "f9bbd96fae53b7a31264a703cafa0666", "md5": "f586835082f632dc8d9404d83bc16316", "sha1": "010db07461e45b41c886192df6fd425ba8d42d82", "sha256": "643ec58e82e0272c97c2a59f6020970d881af19c0ad5029db9c958c13b6558c7"}, "host": {"name": "CLIENT3.breach.local"}, "log": {"level": "information"}, "process": {"args": ["C:\\Windows\\system32\\svchost.exe", "-k", "appmodel", "-p", "-s", "camsvc"], "command_line": "C:\\Windows\\system32\\svchost.exe -k appmodel -p -s camsvc", "entity_id": "{416dd0c5-d070-677f-1703-000000001400}", "executable": "C:\\Windows\\System32\\svchost.exe", "hash": {"md5": "f586835082f632dc8d9404d83bc16316", "sha1": "010db07461e45b41c886192df6fd425ba8d42d82", "sha256": "643ec58e82e0272c97c2a59f6020970d881af19c0ad5029db9c958c13b6558c7"}, "name": "svchost.exe", "parent": {"args": ["C:\\Windows\\system32\\services.exe"], "command_line": "C:\\Windows\\system32\\services.exe", "entity_id": "{416dd0c5-838e-677f-0b00-000000001400}", "executable": "C:\\Windows\\System32\\services.exe", "name": "services.exe", "pid": 616}, "pe": {"imphash": "f9bbd96fae53b7a31264a703cafa0666"}, "pid": 8816, "working_directory": "C:\\Windows\\system32\\"}, "related": {"hash": ["010db07461e45b41c886192df6fd425ba8d42d82", "f586835082f632dc8d9404d83bc16316", "643ec58e82e0272c97c2a59f6020970d881af19c0ad5029db9c958c13b6558c7", "f9bbd96fae53b7a31264a703cafa0666"], "user": "SYSTEM"}, "user": {"domain": "NT AUTHORITY", "name": "SYSTEM"}, "winlog": {"api": "wineventlog", "channel": "Microsoft-Windows-Sysmon/Operational", "computer_name": "CLIENT3.breach.local", "event_data": {"Company": "Microsoft Corporation", "Description": "Host Process for Windows Services", "FileVersion": "10.0.19041.546 (WinBuild.160101.0800)", "IntegrityLevel": "System", "LogonGuid": "{416dd0c5-838f-677f-e703-000000000000}", "LogonId": "0x3e7", "OriginalFileName": "svchost.exe", "ParentUser": "NT AUTHORITY\\SYSTEM", "Product": "Microsoft\u00ae Windows\u00ae Operating System", "RuleName": "-", "TerminalSessionId": "0"}, "event_id": 1, "opcode": "Info", "process": {"pid": 2800, "thread": {"id": 3336}}, "provider_guid": "{5770385f-c22a-43e0-bf4c-06f5698ffbd9}", "provider_name": "Microsoft-Windows-Sysmon", "record_id": 4393314, "task": "Process Create (rule: ProcessCreate)", "user": {"domain": "NT AUTHORITY", "identifier": "S-1-5-18", "name": "SYSTEM", "type": "User"}, "version": 5}}
{"@timestamp": "2025-01-09T13:34:40.584Z", "agent": {"ephemeral_id": "a88a8869-4de9-4098-a363-1bf14c28b8f7", "hostname": "CLIENT3", "id": "c35095e9-5f9f-4084-a651-3aaa2966847a", "name": "CLIENT3", "type": "winlogbeat", "version": "7.10.2"}, "ecs": {"version": "1.5.0"}, "event": {"action": "Logon", "code": 4624, "created": "2025-01-09T13:34:41.824Z", "kind": "event", "outcome": "success", "provider": "Microsoft-Windows-Security-Auditing"}, "host": {"name": "CLIENT3.breach.local"}, "log": {"level": "information"}, "winlog": {"activity_id": "{65ec898c-626d-0001-068a-ec656d62db01}", "api": "wineventlog", "channel": "Security", "computer_name": "CLIENT3.breach.local", "event_data": {"AuthenticationPackageName": "Negotiate", "ElevatedToken": "%%1842", "ImpersonationLevel": "%%1833", "IpAddress": "-", "IpPort": "-", "KeyLength": "0", "LmPackageName": "-", "LogonGuid": "{00000000-0000-0000-0000-000000000000}", "LogonProcessName": "Advapi  ", "LogonType": "5", "ProcessId": "0x268", "ProcessName": "C:\\Windows\\System32\\services.exe", "RestrictedAdminMode": "-", "SubjectDomainName": "BREACH", "SubjectLogonId": "0x3e7", "SubjectUserName": "CLIENT3$", "SubjectUserSid": "S-1-5-18", "TargetDomainName": "NT AUTHORITY", "TargetLinkedLogonId": "0x0", "TargetLogonId": "0x3e7", "TargetOutboundDomainName": "-", "TargetOutboundUserName": "-", "TargetUserName": "SYSTEM", "TargetUserSid": "S-1-5-18", "TransmittedServices": "-", "VirtualAccount": "%%1843", "WorkstationName": "-"}, "event_id": 4624, "keywords": ["Audit Success"], "opcode": "Info", "process": {"pid": 628, "thread": {"id": 684}}, "provider_guid": "{54849625-5478-4994-a5ba-3e3b0328c30d}", "provider_name": "Microsoft-Windows-Security-Auditing", "record_id": 28741, "task": "Logon", "version": 2}}
{"@timestamp": "2025-01-09T13:34:40.584Z", "agent": {"ephemeral_id": "a88a8869-4de9-4098-a363-1bf14c28b8f7", "hostname": "CLIENT3", "id": "c35095e9-5f9f-4084-a651-3aaa2966847a", "name": "CLIENT3", "type": "winlogbeat", "version": "7.10.2"}, "ecs": {"version": "1.5.0"}, "event": {"action": "Special Logon", "code": 4672, "created": "2025-01-09T13:34:41.824Z", "kind": "event", "outcome": "success", "provider": "Microsoft-Windows-Security-Auditing"}, "host": {"name": "CLIENT3.breach.local"}, "log": {"level": "information"}, "winlog": {"activity_id": "{65ec898c-626d-0001-068a-ec656d62db01}", "api": "wineventlog", "channel": "Security", "computer_name": "CLIENT3.breach.local", "event_data": {"PrivilegeList": "SeAssignPrimaryTokenPrivilege\n\t\t\tSeTcbPrivilege\n\t\t\tSeSecurityPrivilege\n\t\t\tSeTakeOwnershipPrivilege\n\t\t\tSeLoadDriverPrivilege\n\t\t\tSeBackupPrivilege\n\t\t\tSeRestorePrivilege\n\t\t\tSeDebugPrivilege\n\t\t\tSeAuditPrivilege\n\t\t\tSeSystemEnvironmentPrivilege\n\t\t\tSeImpersonatePrivilege\n\t\t\tSeDelegateSessionUserImpersonatePrivilege", "SubjectDomainName": "NT AUTHORITY", "SubjectLogonId": "0x3e7", "SubjectUserName": "SYSTEM", "SubjectUserSid": "S-1-5-18"}, "event_id": 4672, "keywords": ["Audit Success"], "opcode": "Info", "process": {"pid": 628, "thread": {"id": 684}}, "provider_guid": "{54849625-5478-4994-a5ba-3e3b0328c30d}", "provider_name": "Microsoft-Windows-Security-Auditing", "record_id": 28742, "task": "Special Logon"}}
{"@timestamp": "2025-01-09T13:34:40.587Z", "agent": {"ephemeral_id": "a88a8869-4de9-4098-a363-1bf14c28b8f7", "hostname": "CLIENT3", "id": "c35095e9-5f9f-4084-a651-3aaa2966847a", "name": "CLIENT3", "type": "winlogbeat", "version": "7.10.2"}, "ecs": {"version": "1.5.0"}, "event": {"action": "Process Create (rule: ProcessCreate)", "category": ["process"], "code": 1, "created": "2025-01-09T13:34:40.955Z", "kind": "event", "module": "sysmon", "provider": "Microsoft-Windows-Sysmon", "type": ["start", "process_start"]}, "hash": {"imphash": "f9bbd96fae53b7a31264a703cafa0666", "md5": "f586835082f632dc8d9404d83bc16316", "sha1": "010db07461e45b41c886192df6fd425ba8d42d82", "sha256": "643ec58e82e0272c97c2a59f6020970d881af19c0ad5029db9c958c13b6558c7"}, "host": {"name": "CLIENT3.breach.local"}, "log": {"level": "information"}, "process": {"args": ["C:\\Windows\\system32\\svchost.exe", "-k", "wsappx", "-p", "-s", "AppXSvc"], "command_line": "C:\\Windows\\system32\\svchost.exe -k wsappx -p -s AppXSvc", "entity_id": "{416dd0c5-d070-677f-1803-000000001400}", "executable": "C:\\Windows\\System32\\svchost.exe", "hash": {"md5": "f586835082f632dc8d9404d83bc16316", "sha1": "010db07461e45b41c886192df6fd425ba8d42d82", "sha256": "643ec58e82e0272c97c2a59f6020970d881af19c0ad5029db9c958c13b6558c7"}, "name": "svchost.exe", "parent": {"args": ["C:\\Windows\\system32\\services.exe"], "command_line": "C:\\Windows\\system32\\services.exe", "entity_id": "{416dd0c5-838e-677f-0b00-000000001400}", "executable": "C:\\Windows\\System32\\services.exe", "name": "services.exe", "pid": 616}, "pe": {"imphash": "f9bbd96fae53b7a31264a703cafa0666"}, "pid": 4908, "working_directory": "C:\\Windows\\system32\\"}, "related": {"hash": ["010db07461e45b41c886192df6fd425ba8d42d82", "f586835082f632dc8d9404d83bc16316", "643ec58e82e0272c97c2a59f6020970d881af19c0ad5029db9c958c13b6558c7", "f9bbd96fae53b7a31264a703cafa0666"], "user": "SYSTEM"}, "user": {"domain": "NT AUTHORITY", "name": "SYSTEM"}, "winlog": {"api": "wineventlog", "channel": "Microsoft-Windows-Sysmon/Operational", "computer_name": "CLIENT3.breach.local", "event_data": {"Company": "Microsoft Corporation", "Description": "Host Process for Windows Services", "FileVersion": "10.0.19041.546 (WinBuild.160101.0800)", "IntegrityLevel": "System", "LogonGuid": "{416dd0c5-838f-677f-e703-000000000000}", "LogonId": "0x3e7", "OriginalFileName": "svchost.exe", "ParentUser": "NT AUTHORITY\\SYSTEM", "Product": "Microsoft\u00ae Windows\u00ae Operating System", "RuleName": "-", "TerminalSessionId": "0"}, "event_id": 1, "opcode": "Info", "process": {"pid": 2800, "thread": {"id": 3336}}, "provider_guid": "{5770385f-c22a-43e0-bf4c-06f5698ffbd9}", "provider_name": "Microsoft-Windows-Sysmon", "record_id": 4393338, "task": "Process Create (rule: ProcessCreate)", "user": {"domain": "NT AUTHORITY", "identifier": "S-1-5-18", "name": "SYSTEM", "type": "User"}, "version": 5}}
{"@timestamp": "2025-01-09T13:34:54.586Z", "agent": {"ephemeral_id": "a88a8869-4de9-4098-a363-1bf14c28b8f7", "hostname": "CLIENT3", "id": "c35095e9-5f9f-4084-a651-3aaa2966847a", "name": "CLIENT3", "type": "winlogbeat", "version": "7.10.2"}, "ecs": {"version": "1.5.0"}, "event": {"action": "Logon", "code": 4625, "created": "2025-01-09T13:34:56.378Z", "kind": "event", "outcome": "failure", "provider": "Microsoft-Windows-Security-Auditing"}, "host": {"name": "CLIENT3.breach.local"}, "log": {"level": "information"}, "winlog": {"api": "wineventlog", "channel": "Security", "computer_name": "CLIENT3.breach.local", "event_data": {"AuthenticationPackageName": "NTLM", "FailureReason": "%%2313", "IpAddress": "172.16.1.13", "IpPort": "57127", "KeyLength": "0", "LmPackageName": "-", "LogonProcessName": "NtLmSsp ", "LogonType": "3", "ProcessId": "0x0", "ProcessName": "-", "Status": "0xc000006d", "SubStatus": "0xc000006a", "SubjectDomainName": "-", "SubjectLogonId": "0x0", "SubjectUserName": "-", "SubjectUserSid": "S-1-0-0", "TargetDomainName": "BREACH", "TargetUserName": "client3", "TargetUserSid": "S-1-0-0", "TransmittedServices": "-", "WorkstationName": "CLIENT12"}, "event_id": 4625, "keywords": ["Audit Failure"], "opcode": "Info", "process": {"pid": 628, "thread": {"id": 632}}, "provider_guid": "{54849625-5478-4994-a5ba-3e3b0328c30d}", "provider_name": "Microsoft-Windows-Security-Auditing", "record_id": 30243, "task": "Logon", "version": 0}}
{"@timestamp": "2025-01-09T13:35:20.672Z", "agent": {"ephemeral_id": "a88a8869-4de9-4098-a363-1bf14c28b8f7", "hostname": "CLIENT3", "id": "c35095e9-5f9f-4084-a651-3aaa2966847a", "name": "CLIENT3", "type": "winlogbeat", "version": "7.10.2"}, "ecs": {"version": "1.5.0"}, "event": {"action": "Logon", "code": 4625, "created": "2025-01-09T13:35:22.464Z", "kind": "event", "outcome": "failure", "provider": "Microsoft-Windows-Security-Auditing"}, "host": {"name": "CLIENT3.breach.local"}, "log": {"level": "information"}, "winlog": {"api": "wineventlog", "channel": "Security", "computer_name": "CLIENT3.breach.local", "event_data": {"AuthenticationPackageName": "NTLM", "FailureReason": "%%2313", "IpAddress": "172.16.1.13", "IpPort": "63919", "KeyLength": "0", "LmPackageName": "-", "LogonProcessName": "NtLmSsp ", "LogonType": "3", "ProcessId": "0x0", "ProcessName": "-", "Status": "0xc000006d", "SubStatus": "0xc000006a", "SubjectDomainName": "-", "SubjectLogonId": "0x0", "SubjectUserName": "-", "SubjectUserSid": "S-1-0-0", "TargetDomainName": "BREACH", "TargetUserName": "client3", "TargetUserSid": "S-1-0-0", "TransmittedServices": "-", "WorkstationName": "CLIENT12"}, "event_id": 4625, "keywords": ["Audit Failure"], "opcode": "Info", "process": {"pid": 628, "thread": {"id": 632}}, "provider_guid": "{54849625-5478-4994-a5ba-3e3b0328c30d}", "provider_name": "Microsoft-Windows-Security-Auditing", "record_id": 30244, "task": "Logon", "version": 0}}
{"@timestamp": "2025-01-09T13:37:05.230Z", "agent": {"ephemeral_id": "a88a8869-4de9-4098-a363-1bf14c28b8f7", "hostname": "CLIENT3", "id": "c35095e9-5f9f-4084-a651-3aaa2966847a", "name": "CLIENT3", "type": "winlogbeat", "version": "7.10.2"}, "ecs": {"version": "1.5.0"}, "event": {"action": "Process Create (rule: ProcessCreate)", "category": ["process"], "code": 1, "created": "2025-01-09T13:37:37.864Z", "kind": "event", "module": "sysmon", "provider": "Microsoft-Windows-Sysmon", "type": ["start", "process_start"]}, "hash": {"imphash": "272245e2988e1e430500b852c4fb5e18", "md5": "8a2122e8162dbef04694b9c3e0b6cdee", "sha1": "f1efb0fddc156e4c61c5f78a54700e4e7984d55d", "sha256": "b99d61d874728edc0918ca0eb10eab93d381e7367e377406e65963366c874450"}, "host": {"name": "CLIENT3.breach.local"}, "log": {"level": "information"}, "process": {"args": ["C:\\Windows\\system32\\cmd.exe", "/Q", "/c", "net localgroup administrators & net group Domain", "Admins /domain", "1>", "\\\\127.0.0.1\\ADMIN$\\__1735130400.5423", "2>&1"], "command_line": "C:\\Windows\\system32\\cmd.exe /Q /c \"net localgroup administrators & net group \"Domain Admins\" /domain\" 1> \\\\127.0.0.1\\ADMIN$\\__1735130400.5423 2>&1", "entity_id": "{416dd0c5-d101-677f-8c00-000000001400}", "executable": "C:\\Windows\\System32\\cmd.exe", "hash": {"md5": "8a2122e8162dbef04694b9c3e0b6cdee", "sha1": "f1efb0fddc156e4c61c5f78a54700e4e7984d55d", "sha256": "b99d61d874728edc0918ca0eb10eab93d381e7367e377406e65963366c874450"}, "name": "cmd.exe", "parent": {"args": ["C:\\Windows\\system32\\services.exe"], "command_line": "C:\\Windows\\system32\\services.exe", "entity_id": "{416dd0c5-838e-677f-0b00-000000001400}", "executable": "C:\\Windows\\System32\\services.exe", "name": "services.exe", "pid": 616}, "pe": {"imphash": "272245e2988e1e430500b852c4fb5e18"}, "pid": 22612, "working_directory": "C:\\Windows\\system32\\"}, "related": {"hash": ["f1efb0fddc156e4c61c5f78a54700e4e7984d55d", "8a2122e8162dbef04694b9c3e0b6cdee", "b99d61d874728edc0918ca0eb10eab93d381e7367e377406e65963366c874450", "272245e2988e1e430500b852c4fb5e18"], "user": "SYSTEM"}, "user": {"domain": "NT AUTHORITY", "name": "SYSTEM"}, "winlog": {"api": "wineventlog", "channel": "Microsoft-Windows-Sysmon/Operational", "computer_name": "CLIENT3.breach.local", "event_data": {"Company": "Microsoft Corporation", "Description": "Windows Command Processor", "FileVersion": "10.0.19041.746 (WinBuild.160101.0800)", "IntegrityLevel": "System", "LogonGuid": "{416dd0c5-838f-677f-e703-000000000000}", "LogonId": "0x3e7", "OriginalFileName": "Cmd.Exe", "ParentUser": "NT AUTHORITY\\SYSTEM", "Product": "Microsoft\u00ae Windows\u00ae Operating System", "RuleName": "-", "TerminalSessionId": "0"}, "event_id": 1, "opcode": "Info", "process": {"pid": 2800, "thread": {"id": 3336}}, "provider_guid": "{5770385f-c22a-43e0-bf4c-06f5698ffbd9}", "provider_name": "Microsoft-Windows-Sysmon", "record_id": 4394492, "task": "Process Create (rule: ProcessCreate)", "user": {"domain": "NT AUTHORITY", "identifier": "S-1-5-18", "name": "SYSTEM", "type": "User"}, "version": 5}}
{"@timestamp": "2025-01-09T13:37:09.605Z", "agent": {"ephemeral_id": "a88a8869-4de9-4098-a363-1bf14c28b8f7", "hostname": "CLIENT3", "id": "c35095e9-5f9f-4084-a651-3aaa2966847a", "name": "CLIENT3", "type": "winlogbeat", "version": "7.10.2"}, "ecs": {"version": "1.5.0"}, "event": {"action": "Process Create (rule: ProcessCreate)", "category": ["process"], "code": 1, "created": "2025-01-09T13:37:42.239Z", "kind": "event", "module": "sysmon", "provider": "Microsoft-Windows-Sysmon", "type": ["start", "process_start"]}, "hash": {"imphash": "57f0c47ae2a1a2c06c8b987372ab0b07", "md5": "0bd94a338eea5a4e1f2830ae326e6d19", "sha1": "88b101598cc6726b7a57d02b1fa95be1b272a821", "sha256": "9f376759bcbcd705f726460fc4a7e2b07f310f52baa73caaaaa124fddbdf993e"}, "host": {"name": "CLIENT3.breach.local"}, "log": {"level": "information"}, "process": {"args": ["net", "localgroup", "administrators"], "command_line": "net  localgroup administrators", "entity_id": "{416dd0c5-d105-677f-8d00-000000001400}", "executable": "C:\\Windows\\System32\\net.exe", "hash": {"md5": "0bd94a338eea5a4e1f2830ae326e6d19", "sha1": "88b101598cc6726b7a57d02b1fa95be1b272a821", "sha256": "9f376759bcbcd705f726460fc4a7e2b07f310f52baa73caaaaa124fddbdf993e"}, "name": "net.exe", "parent": {"args": ["C:\\Windows\\system32\\cmd.exe", "/Q", "/c", "\"net", "localgroup", "administrators", "&", "net", "group", "\"Domain", "Admins\"", "/domain\"", "1>", "\\\\127.0.0.1\\ADMIN$\\__1735130400.5423", "2>&1"], "command_line": "C:\\Windows\\system32\\cmd.exe /Q /c \"net localgroup administrators & net group \"Domain Admins\" /domain\" 1> \\\\127.0.0.1\\ADMIN$\\__1735130400.5423 2>&1", "entity_id": "{416dd0c5-d101-677f-8c00-000000001400}", "executable": "C:\\Windows\\System32\\cmd.exe", "name": "cmd.exe", "pid": 22612}, "pe": {"imphash": "57f0c47ae2a1a2c06c8b987372ab0b07"}, "pid": 18920, "working_directory": "C:\\Windows\\system32\\"}, "related": {"hash": ["88b101598cc6726b7a57d02b1fa95be1b272a821", "0bd94a338eea5a4e1f2830ae326e6d19", "9f376759bcbcd705f726460fc4a7e2b07f310f52baa73caaaaa124fddbdf993e", "57f0c47ae2a1a2c06c8b987372ab0b07"], "user": "SYSTEM"}, "user": {"domain": "NT AUTHORITY", "name": "SYSTEM"}, "winlog": {"api": "wineventlog", "channel": "Microsoft-Windows-Sysmon/Operational", "computer_name": "CLIENT3.breach.local", "event_data": {"Company": "Microsoft Corporation", "Description": "Net Command", "FileVersion": "10.0.19041.1 (WinBuild.160101.0800)", "IntegrityLevel": "System", "LogonGuid": "{416dd0c5-838f-677f-e703-000000000000}", "LogonId": "0x3e7", "OriginalFileName": "net.exe", "ParentUser": "NT AUTHORITY\\SYSTEM", "Product": "Microsoft\u00ae Windows\u00ae Operating System", "RuleName": "-", "TerminalSessionId": "0"}, "event_id": 1, "opcode": "Info", "process": {"pid": 2800, "thread": {"id": 3336}}, "provider_guid": "{5770385f-c22a-43e0-bf4c-06f5698ffbd9}", "provider_name": "Microsoft-Windows-Sysmon", "record_id": 4394493, "task": "Process Create (rule: ProcessCreate)", "user": {"domain": "NT AUTHORITY", "identifier": "S-1-5-18", "name": "SYSTEM", "type": "User"}, "version": 5}}
