{"@timestamp": "2025-01-09T13:26:49.448Z", "agent": {"ephemeral_id": "90351131-305f-4d48-851e-c60337a1d409", "hostname": "CLIENT12", "id": "c35095e9-5f9f-4084-a651-3aaa2966847a", "name": "CLIENT12", "type": "winlogbeat", "version": "7.10.2"}, "ecs": {"version": "1.5.0"}, "event": {"action": "Process Create (rule: ProcessCreate)", "category": ["process"], "code": 1, "created": "2025-01-09T13:26:57.246Z", "kind": "event", "module": "sysmon", "provider": "Microsoft-Windows-Sysmon", "type": ["start", "process_start"]}, "hash": {"imphash": "51bef41e5cd278a02c17451af095c288", "md5": "585d2527c7dcc8e2c69324212f9f2964", "sha1": "ace4770f386293b92d946f872d4bb280c9b587ef", "sha256": "44761759948fcf37ed691f462bbb54d3e3064f9b70d4e0e60b5338e87c785fbe"}, "host": {"name": "CLIENT12.breach.local"}, "log": {"level": "information"}, "process": {"args": ["C:\\Program Files (x86)\\Mozilla Firefox\\firefox.exe", "--marionette", "--remote-debugging-port", "56059", "--remote-allow-hosts", "localhost", "-no-remote", "-profile", "C:\\Users\\client12\\AppData\\Local\\Temp\\rust_mozprofileMTsAnq"], "command_line": "\"C:\\Program Files (x86)\\Mozilla Firefox\\firefox.exe\" --marionette --remote-debugging-port 56059 --remote-allow-hosts localhost -no-remote -profile C:\\Users\\client12\\AppData\\Local\\Temp\\rust_mozprofileMTsAnq", "entity_id": "{416dd0c5-ce99-677f-3604-000000001400}", "executable": "C:\\Program Files (x86)\\Mozilla Firefox\\firefox.exe", "hash": {"md5": "585d2527c7dcc8e2c69324212f9f2964", "sha1": "ace4770f386293b92d946f872d4bb280c9b587ef", "sha256": "44761759948fcf37ed691f462bbb54d3e3064f9b70d4e0e60b5338e87c785fbe"}, "name": "firefox.exe", "parent": {"args": ["C:\\Program Files (x86)\\Mozilla Firefox\\firefox.exe", "--marionette", "--remote-debugging-port", "56059", "--remote-allow-hosts", "localhost", "-no-remote", "-profile", "C:\\Users\\client12\\AppData\\Local\\Temp\\rust_mozprofileMTsAnq"], "command_line": "\"C:\\Program Files (x86)\\Mozilla Firefox\\firefox.exe\" --marionette --remote-debugging-port 56059 --remote-allow-hosts localhost -no-remote -profile C:\\Users\\client12\\AppData\\Local\\Temp\\rust_mozprofileMTsAnq", "entity_id": "{416dd0c5-ce99-677f-3504-000000001400}", "executable": "C:\\Program Files (x86)\\Mozilla Firefox\\firefox.exe", "name": "firefox.exe", "pid": 10604}, "pe": {"imphash": "51bef41e5cd278a02c17451af095c288"}, "pid": 7620, "working_directory": "C:\\BREACH\\"}, "related": {"hash": ["ace4770f386293b92d946f872d4bb280c9b587ef", "585d2527c7dcc8e2c69324212f9f2964", "44761759948fcf37ed691f462bbb54d3e3064f9b70d4e0e60b5338e87c785fbe", "51bef41e5cd278a02c17451af095c288"], "user": "client12"}, "user": {"domain": "BREACH", "name": "client12"}, "winlog": {"api": "wineventlog", "channel": "Microsoft-Windows-Sysmon/Operational", "computer_name": "CLIENT12.breach.local", "event_data": {"Company": "Mozilla Corporation", "Description": "Firefox", "FileVersion": "134.0", "IntegrityLevel": "Medium", "LogonGuid": "{416dd0c5-8372-677f-9f15-050000000000}", "LogonId": "0x5159f", "OriginalFileName": "firefox.exe", "ParentUser": "BREACH\\client12", "Product": "Firefox", "RuleName": "-", "TerminalSessionId": "1"}, "event_id": 1, "opcode": "Info", "process": {"pid": 2844, "thread": {"id": 3160}}, "provider_guid": "{5770385f-c22a-43e0-bf4c-06f5698ffbd9}", "provider_name": "Microsoft-Windows-Sysmon", "record_id": 3857038, "task": "Process Create (rule: ProcessCreate)", "user": {"domain": "NT AUTHORITY", "identifier": "S-1-5-18", "name": "SYSTEM", "type": "User"}, "version": 5}}
{"@timestamp": "2025-01-09T13:26:51.351Z", "agent": {"ephemeral_id": "90351131-305f-4d48-851e-c60337a1d409", "hostname": "CLIENT12", "id": "c35095e9-5f9f-4084-a651-3aaa2966847a", "name": "CLIENT12", "type": "winlogbeat", "version": "7.10.2"}, "ecs": {"version": "1.5.0"}, "event": {"action": "Process Create (rule: ProcessCreate)", "category": ["process"], "code": 1, "created": "2025-01-09T13:26:57.945Z", "kind": "event", "module": "sysmon", "provider": "Microsoft-Windows-Sysmon", "type": ["start", "process_start"]}, "hash": {"imphash": "51bef41e5cd278a02c17451af095c288", "md5": "585d2527c7dcc8e2c69324212f9f2964", "sha1": "ace4770f386293b92d946f872d4bb280c9b587ef", "sha256": "44761759948fcf37ed691f462bbb54d3e3064f9b70d4e0e60b5338e87c785fbe"}, "host": {"name": "CLIENT12.breach.local"}, "log": {"level": "information"}, "process": {"args": ["C:\\Program Files (x86)\\Mozilla Firefox\\firefox.exe", "-contentproc", "-parentBuildID", "20241230151726", "-prefsHandle", "2052", "-prefsLen", "24873", "-prefMapHandle", "2056", "-prefMapSize", "267494", "-ipcHandle", "2144", "-initialChannelId", "{3dc942a5-455e-4b25-a9d6-569340f57408}", "-parentPid", "7620", "-crashReporter", "\\\\.\\pipe\\gecko-crash-server-pipe.7620", "-appDir", "C:\\Program Files (x86)\\Mozilla Firefox\\browser", "-", "1", "gpu"], "command_line": "\"C:\\Program Files (x86)\\Mozilla Firefox\\firefox.exe\" -contentproc -parentBuildID 20241230151726 -prefsHandle 2052 -prefsLen 24873 -prefMapHandle 2056 -prefMapSize 267494 -ipcHandle 2144 -initialChannelId {3dc942a5-455e-4b25-a9d6-569340f57408} -parentPid 7620 -crashReporter \"\\\\.\\pipe\\gecko-crash-server-pipe.7620\" -appDir \"C:\\Program Files (x86)\\Mozilla Firefox\\browser\" - 1 gpu", "entity_id": "{416dd0c5-ce9b-677f-3704-000000001400}", "executable": "C:\\Program Files (x86)\\Mozilla Firefox\\firefox.exe", "hash": {"md5": "585d2527c7dcc8e2c69324212f9f2964", "sha1": "ace4770f386293b92d946f872d4bb280c9b587ef", "sha256": "44761759948fcf37ed691f462bbb54d3e3064f9b70d4e0e60b5338e87c785fbe"}, "name": "firefox.exe", "parent": {"args": ["C:\\Program Files (x86)\\Mozilla Firefox\\firefox.exe", "--marionette", "--remote-debugging-port", "56059", "--remote-allow-hosts", "localhost", "-no-remote", "-profile", "C:\\Users\\client12\\AppData\\Local\\Temp\\rust_mozprofileMTsAnq"], "command_line": "\"C:\\Program Files (x86)\\Mozilla Firefox\\firefox.exe\" --marionette --remote-debugging-port 56059 --remote-allow-hosts localhost -no-remote -profile C:\\Users\\client12\\AppData\\Local\\Temp\\rust_mozprofileMTsAnq", "entity_id": "{416dd0c5-ce99-677f-3604-000000001400}", "executable": "C:\\Program Files (x86)\\Mozilla Firefox\\firefox.exe", "name": "firefox.exe", "pid": 7620}, "pe": {"imphash": "51bef41e5cd278a02c17451af095c288"}, "pid": 11068, "working_directory": "C:\\BREACH\\"}, "related": {"hash": ["ace4770f386293b92d946f872d4bb280c9b587ef", "585d2527c7dcc8e2c69324212f9f2964", "44761759948fcf37ed691f462bbb54d3e3064f9b70d4e0e60b5338e87c785fbe", "51bef41e5cd278a02c17451af095c288"], "user": "client12"}, "user": {"domain": "BREACH", "name": "client12"}, "winlog": {"api": "wineventlog", "channel": "Microsoft-Windows-Sysmon/Operational", "computer_name": "CLIENT12.breach.local", "event_data": {"Company": "Mozilla Corporation", "Description": "Firefox", "FileVersion": "134.0", "IntegrityLevel": "Low", "LogonGuid": "{416dd0c5-8372-677f-9f15-050000000000}", "LogonId": "0x5159f", "OriginalFileName": "firefox.exe", "ParentUser": "BREACH\\client12", "Product": "Firefox", "RuleName": "-", "TerminalSessionId": "1"}, "event_id": 1, "opcode": "Info", "process": {"pid": 2844, "thread": {"id": 3160}}, "provider_guid": "{5770385f-c22a-43e0-bf4c-06f5698ffbd9}", "provider_name": "Microsoft-Windows-Sysmon", "record_id": 3857212, "task": "Process Create (rule: ProcessCreate)", "user": {"domain": "NT AUTHORITY", "identifier": "S-1-5-18", "name": "SYSTEM", "type": "User"}, "version": 5}}
{"@timestamp": "2025-01-09T13:26:51.707Z", "agent": {"ephemeral_id": "90351131-305f-4d48-851e-c60337a1d409", "hostname": "CLIENT12", "id": "c35095e9-5f9f-4084-a651-3aaa2966847a", "name": "CLIENT12", "type": "winlogbeat", "version": "7.10.2"}, "ecs": {"version": "1.5.0"}, "event": {"action": "Process Create (rule: ProcessCreate)", "category": ["process"], "code": 1, "created": "2025-01-09T13:26:58.127Z", "kind": "event", "module": "sysmon", "provider": "Microsoft-Windows-Sysmon", "type": ["start", "process_start"]}, "hash": {"imphash": "51bef41e5cd278a02c17451af095c288", "md5": "585d2527c7dcc8e2c69324212f9f2964", "sha1": "ace4770f386293b92d946f872d4bb280c9b587ef", "sha256": "44761759948fcf37ed691f462bbb54d3e3064f9b70d4e0e60b5338e87c785fbe"}, "host": {"name": "CLIENT12.breach.local"}, "log": {"level": "information"}, "process": {"args": ["C:\\Program Files (x86)\\Mozilla Firefox\\firefox.exe", "-contentproc", "-parentBuildID", "20241230151726", "-prefsHandle", "2624", "-prefsLen", "29459", "-prefMapHandle", "2628", "-prefMapSize", "267494", "-ipcHandle", "2636", "-initialChannelId", "{825e62d9-c87a-4749-8b14-daeb9c187cb9}", "-parentPid", "7620", "-crashReporter", "\\\\.\\pipe\\gecko-crash-server-pipe.7620", "-win32kLockedDown", "-appDir", "C:\\Program Files (x86)\\Mozilla Firefox\\browser", "-", "2", "socket"], "command_line": "\"C:\\Program Files (x86)\\Mozilla Firefox\\firefox.exe\" -contentproc -parentBuildID 20241230151726 -prefsHandle 2624 -prefsLen 29459 -prefMapHandle 2628 -prefMapSize 267494 -ipcHandle 2636 -initialChannelId {825e62d9-c87a-4749-8b14-daeb9c187cb9} -parentPid 7620 -crashReporter \"\\\\.\\pipe\\gecko-crash-server-pipe.7620\" -win32kLockedDown -appDir \"C:\\Program Files (x86)\\Mozilla Firefox\\browser\" - 2 socket", "entity_id": "{416dd0c5-ce9b-677f-3804-000000001400}", "executable": "C:\\Program Files (x86)\\Mozilla Firefox\\firefox.exe", "hash": {"md5": "585d2527c7dcc8e2c69324212f9f2964", "sha1": "ace4770f386293b92d946f872d4bb280c9b587ef", "sha256": "44761759948fcf37ed691f462bbb54d3e3064f9b70d4e0e60b5338e87c785fbe"}, "name": "firefox.exe", "parent": {"args": ["C:\\Program Files (x86)\\Mozilla Firefox\\firefox.exe", "--marionette", "--remote-debugging-port", "56059", "--remote-allow-hosts", "localhost", "-no-remote", "-profile", "C:\\Users\\client12\\AppData\\Local\\Temp\\rust_mozprofileMTsAnq"], "command_line": "\"C:\\Program Files (x86)\\Mozilla Firefox\\firefox.exe\" --marionette --remote-debugging-port 56059 --remote-allow-hosts localhost -no-remote -profile C:\\Users\\client12\\AppData\\Local\\Temp\\rust_mozprofileMTsAnq", "entity_id": "{416dd0c5-ce99-677f-3604-000000001400}", "executable": "C:\\Program Files (x86)\\Mozilla Firefox\\firefox.exe", "name": "firefox.exe", "pid": 7620}, "pe": {"imphash": "51bef41e5cd278a02c17451af095c288"}, "pid": 11304, "working_directory": "C:\\BREACH\\"}, "related": {"hash": ["ace4770f386293b92d946f872d4bb280c9b587ef", "585d2527c7dcc8e2c69324212f9f2964", "44761759948fcf37ed691f462bbb54d3e3064f9b70d4e0e60b5338e87c785fbe", "51bef41e5cd278a02c17451af095c288"], "user": "client12"}, "user": {"domain": "BREACH", "name": "client12"}, "winlog": {"api": "wineventlog", "channel": "Microsoft-Windows-Sysmon/Operational", "computer_name": "CLIENT12.breach.local", "event_data": {"Company": "Mozilla Corporation", "Description": "Firefox", "FileVersion": "134.0", "IntegrityLevel": "Low", "LogonGuid": "{416dd0c5-8372-677f-9f15-050000000000}", "LogonId": "0x5159f", "OriginalFileName": "firefox.exe", "ParentUser": "BREACH\\client12", "Product": "Firefox", "RuleName": "-", "TerminalSessionId": "1"}, "event_id": 1, "opcode": "Info", "process": {"pid": 2844, "thread": {"id": 3160}}, "provider_guid": "{5770385f-c22a-43e0-bf4c-06f5698ffbd9}", "provider_name": "Microsoft-Windows-Sysmon", "record_id": 3857314, "task": "Process Create (rule: ProcessCreate)", "user": {"domain": "NT AUTHORITY", "identifier": "S-1-5-18", "name": "SYSTEM", "type": "User"}, "version": 5}}
{"@timestamp": "2025-01-09T13:26:52.275Z", "agent": {"ephemeral_id": "90351131-305f-4d48-851e-c60337a1d409", "hostname": "CLIENT12", "id": "c35095e9-5f9f-4084-a651-3aaa2966847a", "name": "CLIENT12", "type": "winlogbeat", "version": "7.10.2"}, "ecs": {"version": "1.5.0"}, "event": {"action": "Process Create (rule: ProcessCreate)", "category": ["process"], "code": 1, "created": "2025-01-09T13:26:58.239Z", "kind": "event", "module": "sysmon", "provider": "Microsoft-Windows-Sysmon", "type": ["start", "process_start"]}, "hash": {"imphash": "51bef41e5cd278a02c17451af095c288", "md5": "585d2527c7dcc8e2c69324212f9f2964", "sha1": "ace4770f386293b92d946f872d4bb280c9b587ef", "sha256": "44761759948fcf37ed691f462bbb54d3e3064f9b70d4e0e60b5338e87c785fbe"}, "host": {"name": "CLIENT12.breach.local"}, "log": {"level": "information"}, "process": {"args": ["C:\\Program Files (x86)\\Mozilla Firefox\\firefox.exe", "-contentproc", "-isForBrowser", "-prefsHandle", "3036", "-prefsLen", "30030", "-prefMapHandle", "3040", "-prefMapSize", "267494", "-jsInitHandle", "3044", "-jsInitLen", "254356", "-parentBuildID", "20241230151726", "-ipcHandle", "3052", "-initialChannelId", "{3a214b7f-3660-4170-b3a2-1a01124af18e}", "-parentPid", "7620", "-crashReporter", "\\\\.\\pipe\\gecko-crash-server-pipe.7620", "-win32kLockedDown", "-appDir", "C:\\Program Files (x86)\\Mozilla Firefox\\browser", "-", "3", "tab"], "command_line": "\"C:\\Program Files (x86)\\Mozilla Firefox\\firefox.exe\" -contentproc -isForBrowser -prefsHandle 3036 -prefsLen 30030 -prefMapHandle 3040 -prefMapSize 267494 -jsInitHandle 3044 -jsInitLen 254356 -parentBuildID 20241230151726 -ipcHandle 3052 -initialChannelId {3a214b7f-3660-4170-b3a2-1a01124af18e} -parentPid 7620 -crashReporter \"\\\\.\\pipe\\gecko-crash-server-pipe.7620\" -win32kLockedDown -appDir \"C:\\Program Files (x86)\\Mozilla Firefox\\browser\" - 3 tab", "entity_id": "{416dd0c5-ce9c-677f-3904-000000001400}", "executable": "C:\\Program Files (x86)\\Mozilla Firefox\\firefox.exe", "hash": {"md5": "585d2527c7dcc8e2c69324212f9f2964", "sha1": "ace4770f386293b92d946f872d4bb280c9b587ef", "sha256": "44761759948fcf37ed691f462bbb54d3e3064f9b70d4e0e60b5338e87c785fbe"}, "name": "firefox.exe", "parent": {"args": ["C:\\Program Files (x86)\\Mozilla Firefox\\firefox.exe", "--marionette", "--remote-debugging-port", "56059", "--remote-allow-hosts", "localhost", "-no-remote", "-profile", "C:\\Users\\client12\\AppData\\Local\\Temp\\rust_mozprofileMTsAnq"], "command_line": "\"C:\\Program Files (x86)\\Mozilla Firefox\\firefox.exe\" --marionette --remote-debugging-port 56059 --remote-allow-hosts localhost -no-remote -profile C:\\Users\\client12\\AppData\\Local\\Temp\\rust_mozprofileMTsAnq", "entity_id": "{416dd0c5-ce99-677f-3604-000000001400}", "executable": "C:\\Program Files (x86)\\Mozilla Firefox\\firefox.exe", "name": "firefox.exe", "pid": 7620}, "pe": {"imphash": "51bef41e5cd278a02c17451af095c288"}, "pid": 11676, "working_directory": "C:\\BREACH\\"}, "related": {"hash": ["ace4770f386293b92d946f872d4bb280c9b587ef", "585d2527c7dcc8e2c69324212f9f2964", "44761759948fcf37ed691f462bbb54d3e3064f9b70d4e0e60b5338e87c785fbe", "51bef41e5cd278a02c17451af095c288"], "user": "client12"}, "user": {"domain": "BREACH", "name": "client12"}, "winlog": {"api": "wineventlog", "channel": "Microsoft-Windows-Sysmon/Operational", "computer_name": "CLIENT12.breach.local", "event_data": {"Company": "Mozilla Corporation", "Description": "Firefox", "FileVersion": "134.0", "IntegrityLevel": "Low", "LogonGuid": "{416dd0c5-8372-677f-9f15-050000000000}", "LogonId": "0x5159f", "OriginalFileName": "firefox.exe", "ParentUser": "BREACH\\client12", "Product": "Firefox", "RuleName": "-", "TerminalSessionId": "1"}, "event_id": 1, "opcode": "Info", "process": {"pid": 2844, "thread": {"id": 3160}}, "provider_guid": "{5770385f-c22a-43e0-bf4c-06f5698ffbd9}", "provider_name": "Microsoft-Windows-Sysmon", "record_id": 3857410, "task": "Process Create (rule: ProcessCreate)", "user": {"domain": "NT AUTHORITY", "identifier": "S-1-5-18", "name": "SYSTEM", "type": "User"}, "version": 5}}
{"@timestamp": "2025-01-09T13:26:52.291Z", "agent": {"ephemeral_id": "90351131-305f-4d48-851e-c60337a1d409", "hostname": "CLIENT12", "id": "c35095e9-5f9f-4084-a651-3aaa2966847a", "name": "CLIENT12", "type": "winlogbeat", "version": "7.10.2"}, "ecs": {"version": "1.5.0"}, "event": {"action": "Process Create (rule: ProcessCreate)", "category": ["process"], "code": 1, "created": "2025-01-09T13:26:58.245Z", "kind": "event", "module": "sysmon", "provider": "Microsoft-Windows-Sysmon", "type": ["start", "process_start"]}, "hash": {"imphash": "51bef41e5cd278a02c17451af095c288", "md5": "585d2527c7dcc8e2c69324212f9f2964", "sha1": "ace4770f386293b92d946f872d4bb280c9b587ef", "sha256": "44761759948fcf37ed691f462bbb54d3e3064f9b70d4e0e60b5338e87c785fbe"}, "host": {"name": "CLIENT12.breach.local"}, "log": {"level": "information"}, "process": {"args": ["C:\\Program Files (x86)\\Mozilla Firefox\\firefox.exe", "-contentproc", "-parentBuildID", "20241230151726", "-prefsHandle", "3276", "-prefsLen", "30075", "-prefMapHandle", "3280", "-prefMapSize", "267494", "-ipcHandle", "3316", "-initialChannelId", "{05eb0adf-ee8a-47a5-97e0-69099eeade83}", "-parentPid", "7620", "-crashReporter", "\\\\.\\pipe\\gecko-crash-server-pipe.7620", "-appDir", "C:\\Program Files (x86)\\Mozilla Firefox\\browser", "-", "4", "rdd"], "command_line": "\"C:\\Program Files (x86)\\Mozilla Firefox\\firefox.exe\" -contentproc -parentBuildID 20241230151726 -prefsHandle 3276 -prefsLen 30075 -prefMapHandle 3280 -prefMapSize 267494 -ipcHandle 3316 -initialChannelId {05eb0adf-ee8a-47a5-97e0-69099eeade83} -parentPid 7620 -crashReporter \"\\\\.\\pipe\\gecko-crash-server-pipe.7620\" -appDir \"C:\\Program Files (x86)\\Mozilla Firefox\\browser\" - 4 rdd", "entity_id": "{416dd0c5-ce9c-677f-3a04-000000001400}", "executable": "C:\\Program Files (x86)\\Mozilla Firefox\\firefox.exe", "hash": {"md5": "585d2527c7dcc8e2c69324212f9f2964", "sha1": "ace4770f386293b92d946f872d4bb280c9b587ef", "sha256": "44761759948fcf37ed691f462bbb54d3e3064f9b70d4e0e60b5338e87c785fbe"}, "name": "firefox.exe", "parent": {"args": ["C:\\Program Files (x86)\\Mozilla Firefox\\firefox.exe", "--marionette", "--remote-debugging-port", "56059", "--remote-allow-hosts", "localhost", "-no-remote", "-profile", "C:\\Users\\client12\\AppData\\Local\\Temp\\rust_mozprofileMTsAnq"], "command_line": "\"C:\\Program Files (x86)\\Mozilla Firefox\\firefox.exe\" --marionette --remote-debugging-port 56059 --remote-allow-hosts localhost -no-remote -profile C:\\Users\\client12\\AppData\\Local\\Temp\\rust_mozprofileMTsAnq", "entity_id": "{416dd0c5-ce99-677f-3604-000000001400}", "executable": "C:\\Program Files (x86)\\Mozilla Firefox\\firefox.exe", "name": "firefox.exe", "pid": 7620}, "pe": {"imphash": "51bef41e5cd278a02c17451af095c288"}, "pid": 10148, "working_directory": "C:\\BREACH\\"}, "related": {"hash": ["ace4770f386293b92d946f872d4bb280c9b587ef", "585d2527c7dcc8e2c69324212f9f2964", "44761759948fcf37ed691f462bbb54d3e3064f9b70d4e0e60b5338e87c785fbe", "51bef41e5cd278a02c17451af095c288"], "user": "client12"}, "user": {"domain": "BREACH", "name": "client12"}, "winlog": {"api": "wineventlog", "channel": "Microsoft-Windows-Sysmon/Operational", "computer_name": "CLIENT12.breach.local", "event_data": {"Company": "Mozilla Corporation", "Description": "Firefox", "FileVersion": "134.0", "IntegrityLevel": "Low", "LogonGuid": "{416dd0c5-8372-677f-9f15-050000000000}", "LogonId": "0x5159f", "OriginalFileName": "firefox.exe", "ParentUser": "BREACH\\client12", "Product": "Firefox", "RuleName": "-", "TerminalSessionId": "1"}, "event_id": 1, "opcode": "Info", "process": {"pid": 2844, "thread": {"id": 3160}}, "provider_guid": "{5770385f-c22a-43e0-bf4c-06f5698ffbd9}", "provider_name": "Microsoft-Windows-Sysmon", "record_id": 3857427, "task": "Process Create (rule: ProcessCreate)", "user": {"domain": "NT AUTHORITY", "identifier": "S-1-5-18", "name": "SYSTEM", "type": "User"}, "version": 5}}
{"@timestamp": "2025-01-09T13:26:52.634Z", "agent": {"ephemeral_id": "90351131-305f-4d48-851e-c60337a1d409", "hostname": "CLIENT12", "id": "c35095e9-5f9f-4084-a651-3aaa2966847a", "name": "CLIENT12", "type": "winlogbeat", "version": "7.10.2"}, "ecs": {"version": "1.5.0"}, "event": {"action": "Process Create (rule: ProcessCreate)", "category": ["process"], "code": 1, "created": "2025-01-09T13:26:58.422Z", "kind": "event", "module": "sysmon", "provider": "Microsoft-Windows-Sysmon", "type": ["start", "process_start"]}, "hash": {"imphash": "51bef41e5cd278a02c17451af095c288", "md5": "585d2527c7dcc8e2c69324212f9f2964", "sha1": "ace4770f386293b92d946f872d4bb280c9b587ef", "sha256": "44761759948fcf37ed691f462bbb54d3e3064f9b70d4e0e60b5338e87c785fbe"}, "host": {"name": "CLIENT12.breach.local"}, "log": {"level": "information"}, "process": {"args": ["C:\\Program Files (x86)\\Mozilla Firefox\\firefox.exe", "-contentproc", "-isForBrowser", "-prefsHandle", "3852", "-prefsLen", "29360", "-prefMapHandle", "3856", "-prefMapSize", "267494", "-jsInitHandle", "3860", "-jsInitLen", "254356", "-parentBuildID", "20241230151726", "-ipcHandle", "3868", "-initialChannelId", "{4b206dfe-9b0a-46f7-9197-133819cae219}", "-parentPid", "7620", "-crashReporter", "\\\\.\\pipe\\gecko-crash-server-pipe.7620", "-win32kLockedDown", "-appDir", "C:\\Program Files (x86)\\Mozilla Firefox\\browser", "-", "5", "tab"], "command_line": "\"C:\\Program Files (x86)\\Mozilla Firefox\\firefox.exe\" -contentproc -isForBrowser -prefsHandle 3852 -prefsLen 29360 -prefMapHandle 3856 -prefMapSize 267494 -jsInitHandle 3860 -jsInitLen 254356 -parentBuildID 20241230151726 -ipcHandle 3868 -initialChannelId {4b206dfe-9b0a-46f7-9197-133819cae219} -parentPid 7620 -crashReporter \"\\\\.\\pipe\\gecko-crash-server-pipe.7620\" -win32kLockedDown -appDir \"C:\\Program Files (x86)\\Mozilla Firefox\\browser\" - 5 tab", "entity_id": "{416dd0c5-ce9c-677f-3b04-000000001400}", "executable": "C:\\Program Files (x86)\\Mozilla Firefox\\firefox.exe", "hash": {"md5": "585d2527c7dcc8e2c69324212f9f2964", "sha1": "ace4770f386293b92d946f872d4bb280c9b587ef", "sha256": "44761759948fcf37ed691f462bbb54d3e3064f9b70d4e0e60b5338e87c785fbe"}, "name": "firefox.exe", "parent": {"args": ["C:\\Program Files (x86)\\Mozilla Firefox\\firefox.exe", "--marionette", "--remote-debugging-port", "56059", "--remote-allow-hosts", "localhost", "-no-remote", "-profile", "C:\\Users\\client12\\AppData\\Local\\Temp\\rust_mozprofileMTsAnq"], "command_line": "\"C:\\Program Files (x86)\\Mozilla Firefox\\firefox.exe\" --marionette --remote-debugging-port 56059 --remote-allow-hosts localhost -no-remote -profile C:\\Users\\client12\\AppData\\Local\\Temp\\rust_mozprofileMTsAnq", "entity_id": "{416dd0c5-ce99-677f-3604-000000001400}", "executable": "C:\\Program Files (x86)\\Mozilla Firefox\\firefox.exe", "name": "firefox.exe", "pid": 7620}, "pe": {"imphash": "51bef41e5cd278a02c17451af095c288"}, "pid": 8624, "working_directory": "C:\\BREACH\\"}, "related": {"hash": ["ace4770f386293b92d946f872d4bb280c9b587ef", "585d2527c7dcc8e2c69324212f9f2964", "44761759948fcf37ed691f462bbb54d3e3064f9b70d4e0e60b5338e87c785fbe", "51bef41e5cd278a02c17451af095c288"], "user": "client12"}, "user": {"domain": "BREACH", "name": "client12"}, "winlog": {"api": "wineventlog", "channel": "Microsoft-Windows-Sysmon/Operational", "computer_name": "CLIENT12.breach.local", "event_data": {"Company": "Mozilla Corporation", "Description": "Firefox", "FileVersion": "134.0", "IntegrityLevel": "Low", "LogonGuid": "{416dd0c5-8372-677f-9f15-050000000000}", "LogonId": "0x5159f", "OriginalFileName": "firefox.exe", "ParentUser": "BREACH\\client12", "Product": "Firefox", "RuleName": "-", "TerminalSessionId": "1"}, "event_id": 1, "opcode": "Info", "process": {"pid": 2844, "thread": {"id": 3160}}, "provider_guid": "{5770385f-c22a-43e0-bf4c-06f5698ffbd9}", "provider_name": "Microsoft-Windows-Sysmon", "record_id": 3857541, "task": "Process Create (rule: ProcessCreate)", "user": {"domain": "NT AUTHORITY", "identifier": "S-1-5-18", "name": "SYSTEM", "type": "User"}, "version": 5}}
{"@timestamp": "2025-01-09T13:26:54.852Z", "agent": {"ephemeral_id": "90351131-305f-4d48-851e-c60337a1d409", "hostname": "CLIENT12", "id": "c35095e9-5f9f-4084-a651-3aaa2966847a", "name": "CLIENT12", "type": "winlogbeat", "version": "7.10.2"}, "ecs": {"version": "1.5.0"}, "event": {"action": "Process Create (rule: ProcessCreate)", "category": ["process"], "code": 1, "created": "2025-01-09T13:26:58.720Z", "kind": "event", "module": "sysmon", "provider": "Microsoft-Windows-Sysmon", "type": ["start", "process_start"]}, "hash": {"imphash": "51bef41e5cd278a02c17451af095c288", "md5": "585d2527c7dcc8e2c69324212f9f2964", "sha1": "ace4770f386293b92d946f872d4bb280c9b587ef", "sha256": "44761759948fcf37ed691f462bbb54d3e3064f9b70d4e0e60b5338e87c785fbe"}, "host": {"name": "CLIENT12.breach.local"}, "log": {"level": "information"}, "process": {"args": ["C:\\Program Files (x86)\\Mozilla Firefox\\firefox.exe", "-contentproc", "-parentBuildID", "20241230151726", "-sandboxingKind", "0", "-prefsHandle", "1724", "-prefsLen", "39735", "-prefMapHandle", "4500", "-prefMapSize", "267494", "-ipcHandle", "3432", "-initialChannelId", "{cc7e00e3-19a8-43b9-81a6-ad25a08ae91a}", "-parentPid", "7620", "-crashReporter", "\\\\.\\pipe\\gecko-crash-server-pipe.7620", "-win32kLockedDown", "-appDir", "C:\\Program Files (x86)\\Mozilla Firefox\\browser", "-", "6", "utility"], "command_line": "\"C:\\Program Files (x86)\\Mozilla Firefox\\firefox.exe\" -contentproc -parentBuildID 20241230151726 -sandboxingKind 0 -prefsHandle 1724 -prefsLen 39735 -prefMapHandle 4500 -prefMapSize 267494 -ipcHandle 3432 -initialChannelId {cc7e00e3-19a8-43b9-81a6-ad25a08ae91a} -parentPid 7620 -crashReporter \"\\\\.\\pipe\\gecko-crash-server-pipe.7620\" -win32kLockedDown -appDir \"C:\\Program Files (x86)\\Mozilla Firefox\\browser\" - 6 utility", "entity_id": "{416dd0c5-ce9e-677f-3c04-000000001400}", "executable": "C:\\Program Files (x86)\\Mozilla Firefox\\firefox.exe", "hash": {"md5": "585d2527c7dcc8e2c69324212f9f2964", "sha1": "ace4770f386293b92d946f872d4bb280c9b587ef", "sha256": "44761759948fcf37ed691f462bbb54d3e3064f9b70d4e0e60b5338e87c785fbe"}, "name": "firefox.exe", "parent": {"args": ["C:\\Program Files (x86)\\Mozilla Firefox\\firefox.exe", "--marionette", "--remote-debugging-port", "56059", "--remote-allow-hosts", "localhost", "-no-remote", "-profile", "C:\\Users\\client12\\AppData\\Local\\Temp\\rust_mozprofileMTsAnq"], "command_line": "\"C:\\Program Files (x86)\\Mozilla Firefox\\firefox.exe\" --marionette --remote-debugging-port 56059 --remote-allow-hosts localhost -no-remote -profile C:\\Users\\client12\\AppData\\Local\\Temp\\rust_mozprofileMTsAnq", "entity_id": "{416dd0c5-ce99-677f-3604-000000001400}", "executable": "C:\\Program Files (x86)\\Mozilla Firefox\\firefox.exe", "name": "firefox.exe", "pid": 7620}, "pe": {"imphash": "51bef41e5cd278a02c17451af095c288"}, "pid": 8552, "working_directory": "C:\\BREACH\\"}, "related": {"hash": ["ace4770f386293b92d946f872d4bb280c9b587ef", "585d2527c7dcc8e2c69324212f9f2964", "44761759948fcf37ed691f462bbb54d3e3064f9b70d4e0e60b5338e87c785fbe", "51bef41e5cd278a02c17451af095c288"], "user": "client12"}, "user": {"domain": "BREACH", "name": "client12"}, "winlog": {"api": "wineventlog", "channel": "Microsoft-Windows-Sysmon/Operational", "computer_name": "CLIENT12.breach.local", "event_data": {"Company": "Mozilla Corporation", "Description": "Firefox", "FileVersion": "134.0", "IntegrityLevel": "Low", "LogonGuid": "{416dd0c5-8372-677f-9f15-050000000000}", "LogonId": "0x5159f", "OriginalFileName": "firefox.exe", "ParentUser": "BREACH\\client12", "Product": "Firefox", "RuleName": "-", "TerminalSessionId": "1"}, "event_id": 1, "opcode": "Info", "process": {"pid": 2844, "thread": {"id": 3160}}, "provider_guid": "{5770385f-c22a-43e0-bf4c-06f5698ffbd9}", "provider_name": "Microsoft-Windows-Sysmon", "record_id": 3857747, "task": "Process Create (rule: ProcessCreate)", "user": {"domain": "NT AUTHORITY", "identifier": "S-1-5-18", "name": "SYSTEM", "type": "User"}, "version": 5}}
{"@timestamp": "2025-01-09T13:26:54.979Z", "agent": {"ephemeral_id": "90351131-305f-4d48-851e-c60337a1d409", "hostname": "CLIENT12", "id": "c35095e9-5f9f-4084-a651-3aaa2966847a", "name": "CLIENT12", "type": "winlogbeat", "version": "7.10.2"}, "ecs": {"version": "1.5.0"}, "event": {"action": "Process Create (rule: ProcessCreate)", "category": ["process"], "code": 1, "created": "2025-01-09T13:26:58.721Z", "kind": "event", "module": "sysmon", "provider": "Microsoft-Windows-Sysmon", "type": ["start", "process_start"]}, "hash": {"imphash": "51bef41e5cd278a02c17451af095c288", "md5": "585d2527c7dcc8e2c69324212f9f2964", "sha1": "ace4770f386293b92d946f872d4bb280c9b587ef", "sha256": "44761759948fcf37ed691f462bbb54d3e3064f9b70d4e0e60b5338e87c785fbe"}, "host": {"name": "CLIENT12.breach.local"}, "log": {"level": "information"}, "process": {"args": ["C:\\Program Files (x86)\\Mozilla Firefox\\firefox.exe", "-contentproc", "-isForBrowser", "-prefsHandle", "4872", "-prefsLen", "37741", "-prefMapHandle", "4868", "-prefMapSize", "267494", "-jsInitHandle", "4876", "-jsInitLen", "254356", "-parentBuildID", "20241230151726", "-ipcHandle", "4904", "-initialChannelId", "{7e605fb4-3cdf-4f73-8a94-967d3d8a2276}", "-parentPid", "7620", "-crashReporter", "\\\\.\\pipe\\gecko-crash-server-pipe.7620", "-win32kLockedDown", "-appDir", "C:\\Program Files (x86)\\Mozilla Firefox\\browser", "-", "7", "tab"], "command_line": "\"C:\\Program Files (x86)\\Mozilla Firefox\\firefox.exe\" -contentproc -isForBrowser -prefsHandle 4872 -prefsLen 37741 -prefMapHandle 4868 -prefMapSize 267494 -jsInitHandle 4876 -jsInitLen 254356 -parentBuildID 20241230151726 -ipcHandle 4904 -initialChannelId {7e605fb4-3cdf-4f73-8a94-967d3d8a2276} -parentPid 7620 -crashReporter \"\\\\.\\pipe\\gecko-crash-server-pipe.7620\" -win32kLockedDown -appDir \"C:\\Program Files (x86)\\Mozilla Firefox\\browser\" - 7 tab", "entity_id": "{416dd0c5-ce9e-677f-3d04-000000001400}", "executable": "C:\\Program Files (x86)\\Mozilla Firefox\\firefox.exe", "hash": {"md5": "585d2527c7dcc8e2c69324212f9f2964", "sha1": "ace4770f386293b92d946f872d4bb280c9b587ef", "sha256": "44761759948fcf37ed691f462bbb54d3e3064f9b70d4e0e60b5338e87c785fbe"}, "name": "firefox.exe", "parent": {"args": ["C:\\Program Files (x86)\\Mozilla Firefox\\firefox.exe", "--marionette", "--remote-debugging-port", "56059", "--remote-allow-hosts", "localhost", "-no-remote", "-profile", "C:\\Users\\client12\\AppData\\Local\\Temp\\rust_mozprofileMTsAnq"], "command_line": "\"C:\\Program Files (x86)\\Mozilla Firefox\\firefox.exe\" --marionette --remote-debugging-port 56059 --remote-allow-hosts localhost -no-remote -profile C:\\Users\\client12\\AppData\\Local\\Temp\\rust_mozprofileMTsAnq", "entity_id": "{416dd0c5-ce99-677f-3604-000000001400}", "executable": "C:\\Program Files (x86)\\Mozilla Firefox\\firefox.exe", "name": "firefox.exe", "pid": 7620}, "pe": {"imphash": "51bef41e5cd278a02c17451af095c288"}, "pid": 6872, "working_directory": "C:\\BREACH\\"}, "related": {"hash": ["ace4770f386293b92d946f872d4bb280c9b587ef", "585d2527c7dcc8e2c69324212f9f2964", "44761759948fcf37ed691f462bbb54d3e3064f9b70d4e0e60b5338e87c785fbe", "51bef41e5cd278a02c17451af095c288"], "user": "client12"}, "user": {"domain": "BREACH", "name": "client12"}, "winlog": {"api": "wineventlog", "channel": "Microsoft-Windows-Sysmon/Operational", "computer_name": "CLIENT12.breach.local", "event_data": {"Company": "Mozilla Corporation", "Description": "Firefox", "FileVersion": "134.0", "IntegrityLevel": "Low", "LogonGuid": "{416dd0c5-8372-677f-9f15-050000000000}", "LogonId": "0x5159f", "OriginalFileName": "firefox.exe", "ParentUser": "BREACH\\client12", "Product": "Firefox", "RuleName": "-", "TerminalSessionId": "1"}, "event_id": 1, "opcode": "Info", "process": {"pid": 2844, "thread": {"id": 3160}}, "provider_guid": "{5770385f-c22a-43e0-bf4c-06f5698ffbd9}", "provider_name": "Microsoft-Windows-Sysmon", "record_id": 3857766, "task": "Process Create (rule: ProcessCreate)", "user": {"domain": "NT AUTHORITY", "identifier": "S-1-5-18", "name": "SYSTEM", "type": "User"}, "version": 5}}
{"@timestamp": "2025-01-09T13:26:55.851Z", "agent": {"ephemeral_id": "90351131-305f-4d48-851e-c60337a1d409", "hostname": "CLIENT12", "id": "c35095e9-5f9f-4084-a651-3aaa2966847a", "name": "CLIENT12", "type": "winlogbeat", "version": "7.10.2"}, "ecs": {"version": "1.5.0"}, "event": {"action": "Process Create (rule: ProcessCreate)", "category": ["process"], "code": 1, "created": "2025-01-09T13:26:58.963Z", "kind": "event", "module": "sysmon", "provider": "Microsoft-Windows-Sysmon", "type": ["start", "process_start"]}, "hash": {"imphash": "c7b2d9891c8ea27ab912d8036021e33d", "md5": "a815db40487b457b44dcda2dde8c4823", "sha1": "8766609f079faa9e74ae2c770c0e5f84b458799e", "sha256": "992210816bdb77611810d3ec259b49f000e1546a8415bb94e26ce7e17f58e16c"}, "host": {"name": "CLIENT12.breach.local"}, "log": {"level": "information"}, "process": {"args": ["C:\\Python37\\geckodriver.exe", "--websocket-port", "56081", "--port", "56080"], "command_line": "C:\\Python37\\geckodriver.exe --websocket-port 56081 --port 56080", "entity_id": "{416dd0c5-ce9f-677f-3e04-000000001400}", "executable": "C:\\Python37\\geckodriver.exe", "hash": {"md5": "a815db40487b457b44dcda2dde8c4823", "sha1": "8766609f079faa9e74ae2c770c0e5f84b458799e", "sha256": "992210816bdb77611810d3ec259b49f000e1546a8415bb94e26ce7e17f58e16c"}, "name": "geckodriver.exe", "parent": {"args": ["C:\\Python37\\python.exe", "-c", "from multiprocessing.spawn import spawn_main; spawn_main(parent_pid=7152, pipe_handle=1792)", "--multiprocessing-fork"], "command_line": "\"C:\\Python37\\python.exe\" \"-c\" \"from multiprocessing.spawn import spawn_main; spawn_main(parent_pid=7152, pipe_handle=1792)\" \"--multiprocessing-fork\"", "entity_id": "{416dd0c5-ce94-677f-3304-000000001400}", "executable": "C:\\Python37\\python.exe", "name": "python.exe", "pid": 11184}, "pe": {"imphash": "c7b2d9891c8ea27ab912d8036021e33d"}, "pid": 7708, "working_directory": "C:\\BREACH\\"}, "related": {"hash": ["8766609f079faa9e74ae2c770c0e5f84b458799e", "a815db40487b457b44dcda2dde8c4823", "992210816bdb77611810d3ec259b49f000e1546a8415bb94e26ce7e17f58e16c", "c7b2d9891c8ea27ab912d8036021e33d"], "user": "client12"}, "user": {"domain": "BREACH", "name": "client12"}, "winlog": {"api": "wineventlog", "channel": "Microsoft-Windows-Sysmon/Operational", "computer_name": "CLIENT12.breach.local", "event_data": {"Company": "-", "Description": "-", "FileVersion": "-", "IntegrityLevel": "Medium", "LogonGuid": "{416dd0c5-8372-677f-9f15-050000000000}", "LogonId": "0x5159f", "OriginalFileName": "-", "ParentUser": "BREACH\\client12", "Product": "-", "RuleName": "-", "TerminalSessionId": "1"}, "event_id": 1, "opcode": "Info", "process": {"pid": 2844, "thread": {"id": 3160}}, "provider_guid": "{5770385f-c22a-43e0-bf4c-06f5698ffbd9}", "provider_name": "Microsoft-Windows-Sysmon", "record_id": 3857935, "task": "Process Create (rule: ProcessCreate)", "user": {"domain": "NT AUTHORITY", "identifier": "S-1-5-18", "name": "SYSTEM", "type": "User"}, "version": 5}}
{"@timestamp": "2025-01-09T13:26:56.152Z", "agent": {"ephemeral_id": "90351131-305f-4d48-851e-c60337a1d409", "hostname": "CLIENT12", "id": "c35095e9-5f9f-4084-a651-3aaa2966847a", "name": "CLIENT12", "type": "winlogbeat", "version": "7.10.2"}, "ecs": {"version": "1.5.0"}, "event": {"action": "Logon", "code": 4624, "created": "2025-01-09T13:26:57.569Z", "kind": "event", "outcome": "success", "provider": "Microsoft-Windows-Security-Auditing"}, "host": {"name": "CLIENT12.breach.local"}, "log": {"level": "information"}, "winlog": {"activity_id": "{4ec21f0d-626d-0000-871f-c24e6d62db01}", "api": "wineventlog", "channel": "Security", "computer_name": "CLIENT12.breach.local", "event_data": {"AuthenticationPackageName": "Negotiate", "ElevatedToken": "%%1842", "ImpersonationLevel": "%%1833", "IpAddress": "-", "IpPort": "-", "KeyLength": "0", "LmPackageName": "-", "LogonGuid": "{00000000-0000-0000-0000-000000000000}", "LogonProcessName": "Advapi  ", "LogonType": "5", "ProcessId": "0x270", "ProcessName": "C:\\Windows\\System32\\services.exe", "RestrictedAdminMode": "-", "SubjectDomainName": "BREACH", "SubjectLogonId": "0x3e7", "SubjectUserName": "CLIENT12$", "SubjectUserSid": "S-1-5-18", "TargetDomainName": "NT AUTHORITY", "TargetLinkedLogonId": "0x0", "TargetLogonId": "0x3e7", "TargetOutboundDomainName": "-", "TargetOutboundUserName": "-", "TargetUserName": "SYSTEM", "TargetUserSid": "S-1-5-18", "TransmittedServices": "-", "VirtualAccount": "%%1843", "WorkstationName": "-"}, "event_id": 4624, "keywords": ["Audit Success"], "opcode": "Info", "process": {"pid": 640, "thread": {"id": 672}}, "provider_guid": "{54849625-5478-4994-a5ba-3e3b0328c30d}", "provider_name": "Microsoft-Windows-Security-Auditing", "record_id": 30228, "task": "Logon", "version": 2}}
{"@timestamp": "2025-01-09T13:26:56.152Z", "agent": {"ephemeral_id": "90351131-305f-4d48-851e-c60337a1d409", "hostname": "CLIENT12", "id": "c35095e9-5f9f-4084-a651-3aaa2966847a", "name": "CLIENT12", "type": "winlogbeat", "version": "7.10.2"}, "ecs": {"version": "1.5.0"}, "event": {"action": "Special Logon", "code": 4672, "created": "2025-01-09T13:26:57.569Z", "kind": "event", "outcome": "success", "provider": "Microsoft-Windows-Security-Auditing"}, "host": {"name": "CLIENT12.breach.local"}, "log": {"level": "information"}, "winlog": {"activity_id": "{4ec21f0d-626d-0000-871f-c24e6d62db01}", "api": "wineventlog", "channel": "Security", "computer_name": "CLIENT12.breach.local", "event_data": {"PrivilegeList": "SeAssignPrimaryTokenPrivilege\n\t\t\tSeTcbPrivilege\n\t\t\tSeSecurityPrivilege\n\t\t\tSeTakeOwnershipPrivilege\n\t\t\tSeLoadDriverPrivilege\n\t\t\tSeBackupPrivilege\n\t\t\tSeRestorePrivilege\n\t\t\tSeDebugPrivilege\n\t\t\tSeAuditPrivilege\n\t\t\tSeSystemEnvironmentPrivilege\n\t\t\tSeImpersonatePrivilege\n\t\t\tSeDelegateSessionUserImpersonatePrivilege", "SubjectDomainName": "NT AUTHORITY", "SubjectLogonId": "0x3e7", "SubjectUserName": "SYSTEM", "SubjectUserSid": "S-1-5-18"}, "event_id": 4672, "keywords": ["Audit Success"], "opcode": "Info", "process": {"pid": 640, "thread": {"id": 672}}, "provider_guid": "{54849625-5478-4994-a5ba-3e3b0328c30d}", "provider_name": "Microsoft-Windows-Security-Auditing", "record_id": 30229, "task": "Special Logon"}}
{"@timestamp": "2025-01-09T13:26:56.154Z", "agent": {"ephemeral_id": "90351131-305f-4d48-851e-c60337a1d409", "hostname": "CLIENT12", "id": "c35095e9-5f9f-4084-a651-3aaa2966847a", "name": "CLIENT12", "type": "winlogbeat", "version": "7.10.2"}, "ecs": {"version": "1.5.0"}, "event": {"action": "Process Create (rule: ProcessCreate)", "category": ["process"], "code": 1, "created": "2025-01-09T13:26:58.970Z", "kind": "event", "module": "sysmon", "provider": "Microsoft-Windows-Sysmon", "type": ["start", "process_start"]}, "hash": {"imphash": "f9bbd96fae53b7a31264a703cafa0666", "md5": "f586835082f632dc8d9404d83bc16316", "sha1": "010db07461e45b41c886192df6fd425ba8d42d82", "sha256": "643ec58e82e0272c97c2a59f6020970d881af19c0ad5029db9c958c13b6558c7"}, "host": {"name": "CLIENT12.breach.local"}, "log": {"level": "information"}, "process": {"args": ["C:\\Windows\\system32\\svchost.exe", "-k", "wsappx", "-p", "-s", "AppXSvc"], "command_line": "C:\\Windows\\system32\\svchost.exe -k wsappx -p -s AppXSvc", "entity_id": "{416dd0c5-cea0-677f-3f04-000000001400}", "executable": "C:\\Windows\\System32\\svchost.exe", "hash": {"md5": "f586835082f632dc8d9404d83bc16316", "sha1": "010db07461e45b41c886192df6fd425ba8d42d82", "sha256": "643ec58e82e0272c97c2a59f6020970d881af19c0ad5029db9c958c13b6558c7"}, "name": "svchost.exe", "parent": {"args": ["C:\\Windows\\system32\\services.exe"], "command_line": "C:\\Windows\\system32\\services.exe", "entity_id": "{416dd0c5-8369-677f-0b00-000000001400}", "executable": "C:\\Windows\\System32\\services.exe", "name": "services.exe", "pid": 624}, "pe": {"imphash": "f9bbd96fae53b7a31264a703cafa0666"}, "pid": 8720, "working_directory": "C:\\Windows\\system32\\"}, "related": {"hash": ["010db07461e45b41c886192df6fd425ba8d42d82", "f586835082f632dc8d9404d83bc16316", "643ec58e82e0272c97c2a59f6020970d881af19c0ad5029db9c958c13b6558c7", "f9bbd96fae53b7a31264a703cafa0666"], "user": "SYSTEM"}, "user": {"domain": "NT AUTHORITY", "name": "SYSTEM"}, "winlog": {"api": "wineventlog", "channel": "Microsoft-Windows-Sysmon/Operational", "computer_name": "CLIENT12.breach.local", "event_data": {"Company": "Microsoft Corporation", "Description": "Host Process for Windows Services", "FileVersion": "10.0.19041.546 (WinBuild.160101.0800)", "IntegrityLevel": "System", "LogonGuid": "{416dd0c5-8369-677f-e703-000000000000}", "LogonId": "0x3e7", "OriginalFileName": "svchost.exe", "ParentUser": "NT AUTHORITY\\SYSTEM", "Product": "Microsoft\u00ae Windows\u00ae Operating System", "RuleName": "-", "TerminalSessionId": "0"}, "event_id": 1, "opcode": "Info", "process": {"pid": 2844, "thread": {"id": 3160}}, "provider_guid": "{5770385f-c22a-43e0-bf4c-06f5698ffbd9}", "provider_name": "Microsoft-Windows-Sysmon", "record_id": 3857980, "task": "Process Create (rule: ProcessCreate)", "user": {"domain": "NT AUTHORITY", "identifier": "S-1-5-18", "name": "SYSTEM", "type": "User"}, "version": 5}}
{"@timestamp": "2025-01-09T13:26:56.573Z", "agent": {"ephemeral_id": "90351131-305f-4d48-851e-c60337a1d409", "hostname": "CLIENT12", "id": "c35095e9-5f9f-4084-a651-3aaa2966847a", "name": "CLIENT12", "type": "winlogbeat", "version": "7.10.2"}, "ecs": {"version": "1.5.0"}, "event": {"action": "Process Create (rule: ProcessCreate)", "category": ["process"], "code": 1, "created": "2025-01-09T13:26:59.084Z", "kind": "event", "module": "sysmon", "provider": "Microsoft-Windows-Sysmon", "type": ["start", "process_start"]}, "hash": {"imphash": "d2acf1cbc4a6db14a34c687b9362d66b", "md5": "da7063b17dbb8bbb3015351016868006", "sha1": "c6e63c7aae9c4e07e15c1717872c0c73f3d4fb09", "sha256": "20330d3ca71d58f4aeb432676cb6a3d5b97005954e45132fb083e90782efdd50"}, "host": {"name": "CLIENT12.breach.local"}, "log": {"level": "information"}, "process": {"args": ["C:\\Windows\\system32\\BackgroundTaskHost.exe", "-ServerName:BackgroundTaskHost.WebAccountProvider"], "command_line": "\"C:\\Windows\\system32\\BackgroundTaskHost.exe\" -ServerName:BackgroundTaskHost.WebAccountProvider", "entity_id": "{416dd0c5-cea0-677f-4004-000000001400}", "executable": "C:\\Windows\\System32\\backgroundTaskHost.exe", "hash": {"md5": "da7063b17dbb8bbb3015351016868006", "sha1": "c6e63c7aae9c4e07e15c1717872c0c73f3d4fb09", "sha256": "20330d3ca71d58f4aeb432676cb6a3d5b97005954e45132fb083e90782efdd50"}, "name": "backgroundTaskHost.exe", "parent": {"args": ["C:\\Windows\\system32\\svchost.exe", "-k", "DcomLaunch", "-p"], "command_line": "C:\\Windows\\system32\\svchost.exe -k DcomLaunch -p", "entity_id": "{416dd0c5-8369-677f-0d00-000000001400}", "executable": "C:\\Windows\\System32\\svchost.exe", "name": "svchost.exe", "pid": 736}, "pe": {"imphash": "d2acf1cbc4a6db14a34c687b9362d66b"}, "pid": 8176, "working_directory": "C:\\Windows\\SystemApps\\Microsoft.AAD.BrokerPlugin_cw5n1h2txyewy\\"}, "related": {"hash": ["c6e63c7aae9c4e07e15c1717872c0c73f3d4fb09", "da7063b17dbb8bbb3015351016868006", "20330d3ca71d58f4aeb432676cb6a3d5b97005954e45132fb083e90782efdd50", "d2acf1cbc4a6db14a34c687b9362d66b"], "user": "client12"}, "user": {"domain": "BREACH", "name": "client12"}, "winlog": {"api": "wineventlog", "channel": "Microsoft-Windows-Sysmon/Operational", "computer_name": "CLIENT12.breach.local", "event_data": {"Company": "Microsoft Corporation", "Description": "Background Task Host", "FileVersion": "10.0.19041.546 (WinBuild.160101.0800)", "IntegrityLevel": "AppContainer", "LogonGuid": "{416dd0c5-8372-677f-9f15-050000000000}", "LogonId": "0x5159f", "OriginalFileName": "backgroundTaskHost.exe", "ParentUser": "NT AUTHORITY\\SYSTEM", "Product": "Microsoft\u00ae Windows\u00ae Operating System", "RuleName": "-", "TerminalSessionId": "1"}, "event_id": 1, "opcode": "Info", "process": {"pid": 2844, "thread": {"id": 3160}}, "provider_guid": "{5770385f-c22a-43e0-bf4c-06f5698ffbd9}", "provider_name": "Microsoft-Windows-Sysmon", "record_id": 3858016, "task": "Process Create (rule: ProcessCreate)", "user": {"domain": "NT AUTHORITY", "identifier": "S-1-5-18", "name": "SYSTEM", "type": "User"}, "version": 5}}
{"@timestamp": "2025-01-09T13:26:59.321Z", "agent": {"ephemeral_id": "90351131-305f-4d48-851e-c60337a1d409", "hostname": "CLIENT12", "id": "c35095e9-5f9f-4084-a651-3aaa2966847a", "name": "CLIENT12", "type": "winlogbeat", "version": "7.10.2"}, "ecs": {"version": "1.5.0"}, "event": {"action": "Process Create (rule: ProcessCreate)", "category": ["process"], "code": 1, "created": "2025-01-09T13:27:04.999Z", "kind": "event", "module": "sysmon", "provider": "Microsoft-Windows-Sysmon", "type": ["start", "process_start"]}, "hash": {"imphash": "51bef41e5cd278a02c17451af095c288", "md5": "585d2527c7dcc8e2c69324212f9f2964", "sha1": "ace4770f386293b92d946f872d4bb280c9b587ef", "sha256": "44761759948fcf37ed691f462bbb54d3e3064f9b70d4e0e60b5338e87c785fbe"}, "host": {"name": "CLIENT12.breach.local"}, "log": {"level": "information"}, "process": {"args": ["C:\\Program Files (x86)\\Mozilla Firefox\\firefox.exe", "--marionette", "--remote-debugging-port", "56081", "--remote-allow-hosts", "localhost", "-no-remote", "-profile", "C:\\Users\\client12\\AppData\\Local\\Temp\\rust_mozprofileEEoxl9"], "command_line": "\"C:\\Program Files (x86)\\Mozilla Firefox\\firefox.exe\" --marionette --remote-debugging-port 56081 --remote-allow-hosts localhost -no-remote -profile C:\\Users\\client12\\AppData\\Local\\Temp\\rust_mozprofileEEoxl9", "entity_id": "{416dd0c5-cea3-677f-4104-000000001400}", "executable": "C:\\Program Files (x86)\\Mozilla Firefox\\firefox.exe", "hash": {"md5": "585d2527c7dcc8e2c69324212f9f2964", "sha1": "ace4770f386293b92d946f872d4bb280c9b587ef", "sha256": "44761759948fcf37ed691f462bbb54d3e3064f9b70d4e0e60b5338e87c785fbe"}, "name": "firefox.exe", "parent": {"args": ["C:\\Python37\\geckodriver.exe", "--websocket-port", "56081", "--port", "56080"], "command_line": "C:\\Python37\\geckodriver.exe --websocket-port 56081 --port 56080", "entity_id": "{416dd0c5-ce9f-677f-3e04-000000001400}", "executable": "C:\\Python37\\geckodriver.exe", "name": "geckodriver.exe", "pid": 7708}, "pe": {"imphash": "51bef41e5cd278a02c17451af095c288"}, "pid": 3884, "working_directory": "C:\\BREACH\\"}, "related": {"hash": ["ace4770f386293b92d946f872d4bb280c9b587ef", "585d2527c7dcc8e2c69324212f9f2964", "44761759948fcf37ed691f462bbb54d3e3064f9b70d4e0e60b5338e87c785fbe", "51bef41e5cd278a02c17451af095c288"], "user": "client12"}, "user": {"domain": "BREACH", "name": "client12"}, "winlog": {"api": "wineventlog", "channel": "Microsoft-Windows-Sysmon/Operational", "computer_name": "CLIENT12.breach.local", "event_data": {"Company": "Mozilla Corporation", "Description": "Firefox", "FileVersion": "134.0", "IntegrityLevel": "Medium", "LogonGuid": "{416dd0c5-8372-677f-9f15-050000000000}", "LogonId": "0x5159f", "OriginalFileName": "firefox.exe", "ParentUser": "BREACH\\client12", "Product": "Firefox", "RuleName": "-", "TerminalSessionId": "1"}, "event_id": 1, "opcode": "Info", "process": {"pid": 2844, "thread": {"id": 3160}}, "provider_guid": "{5770385f-c22a-43e0-bf4c-06f5698ffbd9}", "provider_name": "Microsoft-Windows-Sysmon", "record_id": 3858173, "task": "Process Create (rule: ProcessCreate)", "user": {"domain": "NT AUTHORITY", "identifier": "S-1-5-18", "name": "SYSTEM", "type": "User"}, "version": 5}}
