{"@timestamp": "2024-12-25T12:00:01.157Z", "agent": {"ephemeral_id": "8ac15dc1-7111-4b70-ab2b-b51e7b397251", "hostname": "CLIENT3", "id": "c35095e9-5f9f-4084-a651-3aaa2966847a", "name": "CLIENT3", "type": "winlogbeat", "version": "7.10.2"}, "ecs": {"version": "1.5.0"}, "event": {"action": "Process Create (rule: ProcessCreate)", "category": ["process"], "code": 1, "created": "2024-12-25T12:00:03.380Z", "kind": "event", "module": "sysmon", "provider": "Microsoft-Windows-Sysmon", "type": ["start", "process_start"]}, "hash": {"imphash": "16504dcdb7b5511e296eef5ed950ddd2", "md5": "78ebe5d865e3618f6275efc7a54963c9", "sha1": "6e01cce73376dc359e0bb1f20f36e1e3df3d1793", "sha256": "b78663af2c7177cbb51a1cb62219d8737acc5bd76a0d9c037c949406ff5768cb"}, "host": {"name": "CLIENT3.breach.local"}, "log": {"level": "information"}, "process": {"args": ["C:\\Windows\\System32\\wsqmcons.exe"], "command_line": "C:\\Windows\\System32\\wsqmcons.exe", "entity_id": "{416dd0c5-f3c1-676b-6702-000000000900}", "executable": "C:\\Windows\\System32\\wsqmcons.exe", "hash": {"md5": "78ebe5d865e3618f6275efc7a54963c9", "sha1": "6e01cce73376dc359e0bb1f20f36e1e3df3d1793", "sha256": "b78663af2c7177cbb51a1cb62219d8737acc5bd76a0d9c037c949406ff5768cb"}, "name": "wsqmcons.exe", "parent": {"args": ["C:\\Windows\\system32\\svchost.exe", "-k", "netsvcs", "-p", "-s", "Schedule"], "command_line": "C:\\Windows\\system32\\svchost.exe -k netsvcs -p -s Schedule", "entity_id": "{416dd0c5-c1d8-676b-1e00-000000000900}", "executable": "C:\\Windows\\System32\\svchost.exe", "name": "svchost.exe", "pid": 1284}, "pe": {"imphash": "16504dcdb7b5511e296eef5ed950ddd2"}, "pid": 6100, "working_directory": "C:\\Windows\\system32\\"}, "related": {"hash": ["6e01cce73376dc359e0bb1f20f36e1e3df3d1793", "78ebe5d865e3618f6275efc7a54963c9", "b78663af2c7177cbb51a1cb62219d8737acc5bd76a0d9c037c949406ff5768cb", "16504dcdb7b5511e296eef5ed950ddd2"], "user": "SYSTEM"}, "user": {"domain": "NT AUTHORITY", "name": "SYSTEM"}, "winlog": {"api": "wineventlog", "channel": "Microsoft-Windows-Sysmon/Operational", "computer_name": "CLIENT3.breach.local", "event_data": {"Company": "Microsoft Corporation", "Description": "Windows SQM Consolidator", "FileVersion": "10.0.19041.572 (WinBuild.160101.0800)", "IntegrityLevel": "System", "LogonGuid": "{416dd0c5-c1d7-676b-e703-000000000000}", "LogonId": "0x3e7", "OriginalFileName": "wsqmcons.exe", "ParentUser": "NT AUTHORITY\\SYSTEM", "Product": "Microsoft\u00ae Windows\u00ae Operating System", "RuleName": "-", "TerminalSessionId": "0"}, "event_id": 1, "opcode": "Info", "process": {"pid": 2816, "thread": {"id": 3300}}, "provider_guid": "{5770385f-c22a-43e0-bf4c-06f5698ffbd9}", "provider_name": "Microsoft-Windows-Sysmon", "record_id": 1029228, "task": "Process Create (rule: ProcessCreate)", "user": {"domain": "NT AUTHORITY", "identifier": "S-1-5-18", "name": "SYSTEM", "type": "User"}, "version": 5}}
{"@timestamp": "2024-12-25T12:01:15.507Z", "agent": {"ephemeral_id": "8ac15dc1-7111-4b70-ab2b-b51e7b397251", "hostname": "CLIENT3", "id": "c35095e9-5f9f-4084-a651-3aaa2966847a", "name": "CLIENT3", "type": "winlogbeat", "version": "7.10.2"}, "ecs": {"version": "1.5.0"}, "event": {"action": "Process Create (rule: ProcessCreate)", "category": ["process"], "code": 1, "created": "2024-12-25T12:01:31.047Z", "kind": "event", "module": "sysmon", "provider": "Microsoft-Windows-Sysmon", "type": ["start", "process_start"]}, "hash": {"imphash": "d2466cd4c38ecef8aab0ee78b79fc8b8", "md5": "118729dd62b9422d21afe5cebd564f8a", "sha1": "0638fc81ac1545d9a324460de4ca6ae234c2a005", "sha256": "b76ce2bba63bd2949fa6e36fba963379b9d682f7642cd3782d9818fcd30a3e00"}, "host": {"name": "CLIENT3.breach.local"}, "log": {"level": "information"}, "process": {"args": ["gpupdate.exe", "/target:user"], "command_line": "gpupdate.exe /target:user", "entity_id": "{416dd0c5-f40b-676b-6802-000000000900}", "executable": "C:\\Windows\\System32\\gpupdate.exe", "hash": {"md5": "118729dd62b9422d21afe5cebd564f8a", "sha1": "0638fc81ac1545d9a324460de4ca6ae234c2a005", "sha256": "b76ce2bba63bd2949fa6e36fba963379b9d682f7642cd3782d9818fcd30a3e00"}, "name": "gpupdate.exe", "parent": {"args": ["C:\\Windows\\system32\\svchost.exe", "-k", "netsvcs", "-p", "-s", "Schedule"], "command_line": "C:\\Windows\\system32\\svchost.exe -k netsvcs -p -s Schedule", "entity_id": "{416dd0c5-c1d8-676b-1e00-000000000900}", "executable": "C:\\Windows\\System32\\svchost.exe", "name": "svchost.exe", "pid": 1284}, "pe": {"imphash": "d2466cd4c38ecef8aab0ee78b79fc8b8"}, "pid": 7936, "working_directory": "C:\\Windows\\system32\\"}, "related": {"hash": ["0638fc81ac1545d9a324460de4ca6ae234c2a005", "118729dd62b9422d21afe5cebd564f8a", "b76ce2bba63bd2949fa6e36fba963379b9d682f7642cd3782d9818fcd30a3e00", "d2466cd4c38ecef8aab0ee78b79fc8b8"], "user": "NETWORK SERVICE"}, "user": {"domain": "NT AUTHORITY", "name": "NETWORK SERVICE"}, "winlog": {"api": "wineventlog", "channel": "Microsoft-Windows-Sysmon/Operational", "computer_name": "CLIENT3.breach.local", "event_data": {"Company": "Microsoft Corporation", "Description": "Microsoft\u00ae Group Policy Update Utility", "FileVersion": "10.0.19041.572 (WinBuild.160101.0800)", "IntegrityLevel": "System", "LogonGuid": "{416dd0c5-c1d8-676b-e403-000000000000}", "LogonId": "0x3e4", "OriginalFileName": "GPUpdate.exe", "ParentUser": "NT AUTHORITY\\SYSTEM", "Product": "Microsoft\u00ae Windows\u00ae Operating System", "RuleName": "-", "TerminalSessionId": "0"}, "event_id": 1, "opcode": "Info", "process": {"pid": 2816, "thread": {"id": 3300}}, "provider_guid": "{5770385f-c22a-43e0-bf4c-06f5698ffbd9}", "provider_name": "Microsoft-Windows-Sysmon", "record_id": 1029254, "task": "Process Create (rule: ProcessCreate)", "user": {"domain": "NT AUTHORITY", "identifier": "S-1-5-18", "name": "SYSTEM", "type": "User"}, "version": 5}}
{"@timestamp": "2024-12-25T12:01:15.745Z", "agent": {"ephemeral_id": "8ac15dc1-7111-4b70-ab2b-b51e7b397251", "hostname": "CLIENT3", "id": "c35095e9-5f9f-4084-a651-3aaa2966847a", "name": "CLIENT3", "type": "winlogbeat", "version": "7.10.2"}, "ecs": {"version": "1.5.0"}, "event": {"action": "Process Create (rule: ProcessCreate)", "category": ["process"], "code": 1, "created": "2024-12-25T12:01:31.047Z", "kind": "event", "module": "sysmon", "provider": "Microsoft-Windows-Sysmon", "type": ["start", "process_start"]}, "hash": {"imphash": "affe8c3be3bbe4f0ac2ef124256f372d", "md5": "ce1a079265e7a92863baad92de538d72", "sha1": "9d48d4b78cbbfb22c9ee9070f713b35cd2a6a6eb", "sha256": "16c7a815a4a313d2c79816b3839376cc4d732dc0b136ee246ac77ffed543a3c4"}, "host": {"name": "CLIENT3.breach.local"}, "log": {"level": "information"}, "process": {"args": ["\\??\\C:\\Windows\\system32\\conhost.exe", "0xffffffff", "-ForceV1"], "command_line": "\\??\\C:\\Windows\\system32\\conhost.exe 0xffffffff -ForceV1", "entity_id": "{416dd0c5-f40b-676b-6902-000000000900}", "executable": "C:\\Windows\\System32\\conhost.exe", "hash": {"md5": "ce1a079265e7a92863baad92de538d72", "sha1": "9d48d4b78cbbfb22c9ee9070f713b35cd2a6a6eb", "sha256": "16c7a815a4a313d2c79816b3839376cc4d732dc0b136ee246ac77ffed543a3c4"}, "name": "conhost.exe", "parent": {"args": ["gpupdate.exe", "/target:user"], "command_line": "gpupdate.exe /target:user", "entity_id": "{416dd0c5-f40b-676b-6802-000000000900}", "executable": "C:\\Windows\\System32\\gpupdate.exe", "name": "gpupdate.exe", "pid": 7936}, "pe": {"imphash": "affe8c3be3bbe4f0ac2ef124256f372d"}, "pid": 5592, "working_directory": "C:\\Windows"}, "related": {"hash": ["9d48d4b78cbbfb22c9ee9070f713b35cd2a6a6eb", "ce1a079265e7a92863baad92de538d72", "16c7a815a4a313d2c79816b3839376cc4d732dc0b136ee246ac77ffed543a3c4", "affe8c3be3bbe4f0ac2ef124256f372d"], "user": "NETWORK SERVICE"}, "user": {"domain": "NT AUTHORITY", "name": "NETWORK SERVICE"}, "winlog": {"api": "wineventlog", "channel": "Microsoft-Windows-Sysmon/Operational", "computer_name": "CLIENT3.breach.local", "event_data": {"Company": "Microsoft Corporation", "Description": "Console Window Host", "FileVersion": "10.0.19041.746 (WinBuild.160101.0800)", "IntegrityLevel": "System", "LogonGuid": "{416dd0c5-c1d8-676b-e403-000000000000}", "LogonId": "0x3e4", "OriginalFileName": "CONHOST.EXE", "ParentUser": "NT AUTHORITY\\NETWORK SERVICE", "Product": "Microsoft\u00ae Windows\u00ae Operating System", "RuleName": "-", "TerminalSessionId": "0"}, "event_id": 1, "opcode": "Info", "process": {"pid": 2816, "thread": {"id": 3300}}, "provider_guid": "{5770385f-c22a-43e0-bf4c-06f5698ffbd9}", "provider_name": "Microsoft-Windows-Sysmon", "record_id": 1029262, "task": "Process Create (rule: ProcessCreate)", "user": {"domain": "NT AUTHORITY", "identifier": "S-1-5-18", "name": "SYSTEM", "type": "User"}, "version": 5}}
{"@timestamp": "2024-12-25T12:01:15.838Z", "agent": {"ephemeral_id": "8ac15dc1-7111-4b70-ab2b-b51e7b397251", "hostname": "CLIENT3", "id": "c35095e9-5f9f-4084-a651-3aaa2966847a", "name": "CLIENT3", "type": "winlogbeat", "version": "7.10.2"}, "ecs": {"version": "1.5.0"}, "event": {"action": "Process Create (rule: ProcessCreate)", "category": ["process"], "code": 1, "created": "2024-12-25T12:01:31.058Z", "kind": "event", "module": "sysmon", "provider": "Microsoft-Windows-Sysmon", "type": ["start", "process_start"]}, "hash": {"imphash": "3c2fc59273192a34f1aa4a59df3b348e", "md5": "922f7003fca657359db03cc02941124d", "sha1": "27fae46e4e377467f2d5f9e37a5a8cb19b39b9ec", "sha256": "5da31132fd6a415e71e3fd40c3a23853a799b91ea2821d2bcbf1bf0e8fa01e16"}, "host": {"name": "CLIENT3.breach.local"}, "log": {"level": "information"}, "process": {"args": ["C:\\Python37\\python.exe", "-c", "from multiprocessing.spawn import spawn_main; spawn_main(parent_pid=7056, pipe_handle=1644)", "--multiprocessing-fork"], "command_line": "\"C:\\Python37\\python.exe\" \"-c\" \"from multiprocessing.spawn import spawn_main; spawn_main(parent_pid=7056, pipe_handle=1644)\" \"--multiprocessing-fork\"", "entity_id": "{416dd0c5-f40b-676b-6a02-000000000900}", "executable": "C:\\Python37\\python.exe", "hash": {"md5": "922f7003fca657359db03cc02941124d", "sha1": "27fae46e4e377467f2d5f9e37a5a8cb19b39b9ec", "sha256": "5da31132fd6a415e71e3fd40c3a23853a799b91ea2821d2bcbf1bf0e8fa01e16"}, "name": "python.exe", "parent": {"args": ["C:\\Python37\\python.exe", "C:\\BREACH\\userbehavior\\main.py"], "command_line": "C:\\Python37\\python.exe \"C:\\BREACH\\userbehavior\\main.py\" ", "entity_id": "{416dd0c5-c207-676b-a100-000000000900}", "executable": "C:\\Python37\\python.exe", "name": "python.exe", "pid": 7056}, "pe": {"imphash": "3c2fc59273192a34f1aa4a59df3b348e"}, "pid": 7408, "working_directory": "C:\\BREACH\\"}, "related": {"hash": ["27fae46e4e377467f2d5f9e37a5a8cb19b39b9ec", "922f7003fca657359db03cc02941124d", "5da31132fd6a415e71e3fd40c3a23853a799b91ea2821d2bcbf1bf0e8fa01e16", "3c2fc59273192a34f1aa4a59df3b348e"], "user": "client3"}, "user": {"domain": "BREACH", "name": "client3"}, "winlog": {"api": "wineventlog", "channel": "Microsoft-Windows-Sysmon/Operational", "computer_name": "CLIENT3.breach.local", "event_data": {"Company": "Python Software Foundation", "Description": "Python", "FileVersion": "3.7.3", "IntegrityLevel": "Medium", "LogonGuid": "{416dd0c5-c1e0-676b-a14b-040000000000}", "LogonId": "0x44ba1", "OriginalFileName": "python.exe", "ParentUser": "BREACH\\client3", "Product": "Python", "RuleName": "-", "TerminalSessionId": "1"}, "event_id": 1, "opcode": "Info", "process": {"pid": 2816, "thread": {"id": 3300}}, "provider_guid": "{5770385f-c22a-43e0-bf4c-06f5698ffbd9}", "provider_name": "Microsoft-Windows-Sysmon", "record_id": 1029268, "task": "Process Create (rule: ProcessCreate)", "user": {"domain": "NT AUTHORITY", "identifier": "S-1-5-18", "name": "SYSTEM", "type": "User"}, "version": 5}}
{"@timestamp": "2024-12-25T12:01:19.014Z", "agent": {"ephemeral_id": "8ac15dc1-7111-4b70-ab2b-b51e7b397251", "hostname": "CLIENT3", "id": "c35095e9-5f9f-4084-a651-3aaa2966847a", "name": "CLIENT3", "type": "winlogbeat", "version": "7.10.2"}, "ecs": {"version": "1.5.0"}, "event": {"action": "Process Create (rule: ProcessCreate)", "category": ["process"], "code": 1, "created": "2024-12-25T12:02:07.951Z", "kind": "event", "module": "sysmon", "provider": "Microsoft-Windows-Sysmon", "type": ["start", "process_start"]}, "hash": {"imphash": "c7b2d9891c8ea27ab912d8036021e33d", "md5": "a815db40487b457b44dcda2dde8c4823", "sha1": "8766609f079faa9e74ae2c770c0e5f84b458799e", "sha256": "992210816bdb77611810d3ec259b49f000e1546a8415bb94e26ce7e17f58e16c"}, "host": {"name": "CLIENT3.breach.local"}, "log": {"level": "information"}, "process": {"args": ["C:\\Python37\\geckodriver.exe", "--websocket-port", "61691", "--port", "61690"], "command_line": "C:\\Python37\\geckodriver.exe --websocket-port 61691 --port 61690", "entity_id": "{416dd0c5-f40f-676b-6b02-000000000900}", "executable": "C:\\Python37\\geckodriver.exe", "hash": {"md5": "a815db40487b457b44dcda2dde8c4823", "sha1": "8766609f079faa9e74ae2c770c0e5f84b458799e", "sha256": "992210816bdb77611810d3ec259b49f000e1546a8415bb94e26ce7e17f58e16c"}, "name": "geckodriver.exe", "parent": {"args": ["C:\\Python37\\python.exe", "-c", "from multiprocessing.spawn import spawn_main; spawn_main(parent_pid=7056, pipe_handle=1644)", "--multiprocessing-fork"], "command_line": "\"C:\\Python37\\python.exe\" \"-c\" \"from multiprocessing.spawn import spawn_main; spawn_main(parent_pid=7056, pipe_handle=1644)\" \"--multiprocessing-fork\"", "entity_id": "{416dd0c5-f40b-676b-6a02-000000000900}", "executable": "C:\\Python37\\python.exe", "name": "python.exe", "pid": 7408}, "pe": {"imphash": "c7b2d9891c8ea27ab912d8036021e33d"}, "pid": 1120, "working_directory": "C:\\BREACH\\"}, "related": {"hash": ["8766609f079faa9e74ae2c770c0e5f84b458799e", "a815db40487b457b44dcda2dde8c4823", "992210816bdb77611810d3ec259b49f000e1546a8415bb94e26ce7e17f58e16c", "c7b2d9891c8ea27ab912d8036021e33d"], "user": "client3"}, "user": {"domain": "BREACH", "name": "client3"}, "winlog": {"api": "wineventlog", "channel": "Microsoft-Windows-Sysmon/Operational", "computer_name": "CLIENT3.breach.local", "event_data": {"Company": "-", "Description": "-", "FileVersion": "-", "IntegrityLevel": "Medium", "LogonGuid": "{416dd0c5-c1e0-676b-a14b-040000000000}", "LogonId": "0x44ba1", "OriginalFileName": "-", "ParentUser": "BREACH\\client3", "Product": "-", "RuleName": "-", "TerminalSessionId": "1"}, "event_id": 1, "opcode": "Info", "process": {"pid": 2816, "thread": {"id": 3300}}, "provider_guid": "{5770385f-c22a-43e0-bf4c-06f5698ffbd9}", "provider_name": "Microsoft-Windows-Sysmon", "record_id": 1029505, "task": "Process Create (rule: ProcessCreate)", "user": {"domain": "NT AUTHORITY", "identifier": "S-1-5-18", "name": "SYSTEM", "type": "User"}, "version": 5}}
{"@timestamp": "2024-12-25T12:01:22.849Z", "agent": {"ephemeral_id": "8ac15dc1-7111-4b70-ab2b-b51e7b397251", "hostname": "CLIENT3", "id": "c35095e9-5f9f-4084-a651-3aaa2966847a", "name": "CLIENT3", "type": "winlogbeat", "version": "7.10.2"}, "ecs": {"version": "1.5.0"}, "event": {"action": "Process Create (rule: ProcessCreate)", "category": ["process"], "code": 1, "created": "2024-12-25T12:02:19.694Z", "kind": "event", "module": "sysmon", "provider": "Microsoft-Windows-Sysmon", "type": ["start", "process_start"]}, "hash": {"imphash": "0bc2115c454c6afbb369c14e7d59379d", "md5": "91a2ef577822fa0206983b8d97c2d383", "sha1": "e85ac533034790f5a41657fcdbc215304a13356e", "sha256": "35492a1f96bd065b6e5f3938a0564f4e0e55f7ebbd666d92fbb9d80034f394a8"}, "host": {"name": "CLIENT3.breach.local"}, "log": {"level": "information"}, "process": {"args": ["C:\\Program Files (x86)\\Mozilla Firefox\\firefox.exe", "--marionette", "--remote-debugging-port", "61691", "--remote-allow-hosts", "localhost", "-no-remote", "-profile", "C:\\Users\\client3\\AppData\\Local\\Temp\\rust_mozprofileYjpRnt"], "command_line": "\"C:\\Program Files (x86)\\Mozilla Firefox\\firefox.exe\" --marionette --remote-debugging-port 61691 --remote-allow-hosts localhost -no-remote -profile C:\\Users\\client3\\AppData\\Local\\Temp\\rust_mozprofileYjpRnt", "entity_id": "{416dd0c5-f412-676b-6c02-000000000900}", "executable": "C:\\Program Files (x86)\\Mozilla Firefox\\firefox.exe", "hash": {"md5": "91a2ef577822fa0206983b8d97c2d383", "sha1": "e85ac533034790f5a41657fcdbc215304a13356e", "sha256": "35492a1f96bd065b6e5f3938a0564f4e0e55f7ebbd666d92fbb9d80034f394a8"}, "name": "firefox.exe", "parent": {"args": ["C:\\Python37\\geckodriver.exe", "--websocket-port", "61691", "--port", "61690"], "command_line": "C:\\Python37\\geckodriver.exe --websocket-port 61691 --port 61690", "entity_id": "{416dd0c5-f40f-676b-6b02-000000000900}", "executable": "C:\\Python37\\geckodriver.exe", "name": "geckodriver.exe", "pid": 1120}, "pe": {"imphash": "0bc2115c454c6afbb369c14e7d59379d"}, "pid": 6116, "working_directory": "C:\\BREACH\\"}, "related": {"hash": ["e85ac533034790f5a41657fcdbc215304a13356e", "91a2ef577822fa0206983b8d97c2d383", "35492a1f96bd065b6e5f3938a0564f4e0e55f7ebbd666d92fbb9d80034f394a8", "0bc2115c454c6afbb369c14e7d59379d"], "user": "client3"}, "user": {"domain": "BREACH", "name": "client3"}, "winlog": {"api": "wineventlog", "channel": "Microsoft-Windows-Sysmon/Operational", "computer_name": "CLIENT3.breach.local", "event_data": {"Company": "Mozilla Corporation", "Description": "Firefox", "FileVersion": "102.0.1", "IntegrityLevel": "Medium", "LogonGuid": "{416dd0c5-c1e0-676b-a14b-040000000000}", "LogonId": "0x44ba1", "OriginalFileName": "firefox.exe", "ParentUser": "BREACH\\client3", "Product": "Firefox", "RuleName": "-", "TerminalSessionId": "1"}, "event_id": 1, "opcode": "Info", "process": {"pid": 2816, "thread": {"id": 3300}}, "provider_guid": "{5770385f-c22a-43e0-bf4c-06f5698ffbd9}", "provider_name": "Microsoft-Windows-Sysmon", "record_id": 1029562, "task": "Process Create (rule: ProcessCreate)", "user": {"domain": "NT AUTHORITY", "identifier": "S-1-5-18", "name": "SYSTEM", "type": "User"}, "version": 5}}
{"@timestamp": "2024-12-25T12:01:23.208Z", "agent": {"ephemeral_id": "8ac15dc1-7111-4b70-ab2b-b51e7b397251", "hostname": "CLIENT3", "id": "c35095e9-5f9f-4084-a651-3aaa2966847a", "name": "CLIENT3", "type": "winlogbeat", "version": "7.10.2"}, "ecs": {"version": "1.5.0"}, "event": {"action": "Process Create (rule: ProcessCreate)", "category": ["process"], "code": 1, "created": "2024-12-25T12:02:19.694Z", "kind": "event", "module": "sysmon", "provider": "Microsoft-Windows-Sysmon", "type": ["start", "process_start"]}, "hash": {"imphash": "0bc2115c454c6afbb369c14e7d59379d", "md5": "91a2ef577822fa0206983b8d97c2d383", "sha1": "e85ac533034790f5a41657fcdbc215304a13356e", "sha256": "35492a1f96bd065b6e5f3938a0564f4e0e55f7ebbd666d92fbb9d80034f394a8"}, "host": {"name": "CLIENT3.breach.local"}, "log": {"level": "information"}, "process": {"args": ["C:\\Program Files (x86)\\Mozilla Firefox\\firefox.exe", "--marionette", "--remote-debugging-port", "61691", "--remote-allow-hosts", "localhost", "-no-remote", "-profile", "C:\\Users\\client3\\AppData\\Local\\Temp\\rust_mozprofileYjpRnt"], "command_line": "\"C:\\Program Files (x86)\\Mozilla Firefox\\firefox.exe\" --marionette --remote-debugging-port 61691 --remote-allow-hosts localhost -no-remote -profile C:\\Users\\client3\\AppData\\Local\\Temp\\rust_mozprofileYjpRnt", "entity_id": "{416dd0c5-f413-676b-6d02-000000000900}", "executable": "C:\\Program Files (x86)\\Mozilla Firefox\\firefox.exe", "hash": {"md5": "91a2ef577822fa0206983b8d97c2d383", "sha1": "e85ac533034790f5a41657fcdbc215304a13356e", "sha256": "35492a1f96bd065b6e5f3938a0564f4e0e55f7ebbd666d92fbb9d80034f394a8"}, "name": "firefox.exe", "parent": {"args": ["C:\\Program Files (x86)\\Mozilla Firefox\\firefox.exe", "--marionette", "--remote-debugging-port", "61691", "--remote-allow-hosts", "localhost", "-no-remote", "-profile", "C:\\Users\\client3\\AppData\\Local\\Temp\\rust_mozprofileYjpRnt"], "command_line": "\"C:\\Program Files (x86)\\Mozilla Firefox\\firefox.exe\" --marionette --remote-debugging-port 61691 --remote-allow-hosts localhost -no-remote -profile C:\\Users\\client3\\AppData\\Local\\Temp\\rust_mozprofileYjpRnt", "entity_id": "{416dd0c5-f412-676b-6c02-000000000900}", "executable": "C:\\Program Files (x86)\\Mozilla Firefox\\firefox.exe", "name": "firefox.exe", "pid": 6116}, "pe": {"imphash": "0bc2115c454c6afbb369c14e7d59379d"}, "pid": 1036, "working_directory": "C:\\BREACH\\"}, "related": {"hash": ["e85ac533034790f5a41657fcdbc215304a13356e", "91a2ef577822fa0206983b8d97c2d383", "35492a1f96bd065b6e5f3938a0564f4e0e55f7ebbd666d92fbb9d80034f394a8", "0bc2115c454c6afbb369c14e7d59379d"], "user": "client3"}, "user": {"domain": "BREACH", "name": "client3"}, "winlog": {"api": "wineventlog", "channel": "Microsoft-Windows-Sysmon/Operational", "computer_name": "CLIENT3.breach.local", "event_data": {"Company": "Mozilla Corporation", "Description": "Firefox", "FileVersion": "102.0.1", "IntegrityLevel": "Medium", "LogonGuid": "{416dd0c5-c1e0-676b-a14b-040000000000}", "LogonId": "0x44ba1", "OriginalFileName": "firefox.exe", "ParentUser": "BREACH\\client3", "Product": "Firefox", "RuleName": "-", "TerminalSessionId": "1"}, "event_id": 1, "opcode": "Info", "process": {"pid": 2816, "thread": {"id": 3300}}, "provider_guid": "{5770385f-c22a-43e0-bf4c-06f5698ffbd9}", "provider_name": "Microsoft-Windows-Sysmon", "record_id": 1029587, "task": "Process Create (rule: ProcessCreate)", "user": {"domain": "NT AUTHORITY", "identifier": "S-1-5-18", "name": "SYSTEM", "type": "User"}, "version": 5}}
{"@timestamp": "2024-12-25T12:01:26.339Z", "agent": {"ephemeral_id": "8ac15dc1-7111-4b70-ab2b-b51e7b397251", "hostname": "CLIENT3", "id": "c35095e9-5f9f-4084-a651-3aaa2966847a", "name": "CLIENT3", "type": "winlogbeat", "version": "7.10.2"}, "ecs": {"version": "1.5.0"}, "event": {"action": "Process Create (rule: ProcessCreate)", "category": ["process"], "code": 1, "created": "2024-12-25T12:02:32.709Z", "kind": "event", "module": "sysmon", "provider": "Microsoft-Windows-Sysmon", "type": ["start", "process_start"]}, "hash": {"imphash": "0bc2115c454c6afbb369c14e7d59379d", "md5": "91a2ef577822fa0206983b8d97c2d383", "sha1": "e85ac533034790f5a41657fcdbc215304a13356e", "sha256": "35492a1f96bd065b6e5f3938a0564f4e0e55f7ebbd666d92fbb9d80034f394a8"}, "host": {"name": "CLIENT3.breach.local"}, "log": {"level": "information"}, "process": {"args": ["C:\\Program Files (x86)\\Mozilla Firefox\\firefox.exe", "-contentproc", "--channel=1036.0.1971178401\\688528892", "-parentBuildID", "20220705093820", "-prefsHandle", "1612", "-prefMapHandle", "1596", "-prefsLen", "23880", "-prefMapSize", "223336", "-win32kLockedDown", "-appDir", "C:\\Program Files (x86)\\Mozilla Firefox\\browser", "-", "1036", "\\\\.\\pipe\\gecko-crash-server-pipe.1036", "1684", "579b2d0", "socket"], "command_line": "\"C:\\Program Files (x86)\\Mozilla Firefox\\firefox.exe\" -contentproc --channel=\"1036.0.1971178401\\688528892\" -parentBuildID 20220705093820 -prefsHandle 1612 -prefMapHandle 1596 -prefsLen 23880 -prefMapSize 223336 -win32kLockedDown -appDir \"C:\\Program Files (x86)\\Mozilla Firefox\\browser\" - 1036 \"\\\\.\\pipe\\gecko-crash-server-pipe.1036\" 1684 579b2d0 socket", "entity_id": "{416dd0c5-f416-676b-6e02-000000000900}", "executable": "C:\\Program Files (x86)\\Mozilla Firefox\\firefox.exe", "hash": {"md5": "91a2ef577822fa0206983b8d97c2d383", "sha1": "e85ac533034790f5a41657fcdbc215304a13356e", "sha256": "35492a1f96bd065b6e5f3938a0564f4e0e55f7ebbd666d92fbb9d80034f394a8"}, "name": "firefox.exe", "parent": {"args": ["C:\\Program Files (x86)\\Mozilla Firefox\\firefox.exe", "--marionette", "--remote-debugging-port", "61691", "--remote-allow-hosts", "localhost", "-no-remote", "-profile", "C:\\Users\\client3\\AppData\\Local\\Temp\\rust_mozprofileYjpRnt"], "command_line": "\"C:\\Program Files (x86)\\Mozilla Firefox\\firefox.exe\" --marionette --remote-debugging-port 61691 --remote-allow-hosts localhost -no-remote -profile C:\\Users\\client3\\AppData\\Local\\Temp\\rust_mozprofileYjpRnt", "entity_id": "{416dd0c5-f413-676b-6d02-000000000900}", "executable": "C:\\Program Files (x86)\\Mozilla Firefox\\firefox.exe", "name": "firefox.exe", "pid": 1036}, "pe": {"imphash": "0bc2115c454c6afbb369c14e7d59379d"}, "pid": 396, "working_directory": "C:\\BREACH\\"}, "related": {"hash": ["e85ac533034790f5a41657fcdbc215304a13356e", "91a2ef577822fa0206983b8d97c2d383", "35492a1f96bd065b6e5f3938a0564f4e0e55f7ebbd666d92fbb9d80034f394a8", "0bc2115c454c6afbb369c14e7d59379d"], "user": "client3"}, "user": {"domain": "BREACH", "name": "client3"}, "winlog": {"api": "wineventlog", "channel": "Microsoft-Windows-Sysmon/Operational", "computer_name": "CLIENT3.breach.local", "event_data": {"Company": "Mozilla Corporation", "Description": "Firefox", "FileVersion": "102.0.1", "IntegrityLevel": "Low", "LogonGuid": "{416dd0c5-c1e0-676b-a14b-040000000000}", "LogonId": "0x44ba1", "OriginalFileName": "firefox.exe", "ParentUser": "BREACH\\client3", "Product": "Firefox", "RuleName": "-", "TerminalSessionId": "1"}, "event_id": 1, "opcode": "Info", "process": {"pid": 2816, "thread": {"id": 3300}}, "provider_guid": "{5770385f-c22a-43e0-bf4c-06f5698ffbd9}", "provider_name": "Microsoft-Windows-Sysmon", "record_id": 1029710, "task": "Process Create (rule: ProcessCreate)", "user": {"domain": "NT AUTHORITY", "identifier": "S-1-5-18", "name": "SYSTEM", "type": "User"}, "version": 5}}
{"@timestamp": "2024-12-25T12:01:26.864Z", "agent": {"ephemeral_id": "8ac15dc1-7111-4b70-ab2b-b51e7b397251", "hostname": "CLIENT3", "id": "c35095e9-5f9f-4084-a651-3aaa2966847a", "name": "CLIENT3", "type": "winlogbeat", "version": "7.10.2"}, "ecs": {"version": "1.5.0"}, "event": {"action": "Process Create (rule: ProcessCreate)", "category": ["process"], "code": 1, "created": "2024-12-25T12:02:45.759Z", "kind": "event", "module": "sysmon", "provider": "Microsoft-Windows-Sysmon", "type": ["start", "process_start"]}, "hash": {"imphash": "0bc2115c454c6afbb369c14e7d59379d", "md5": "91a2ef577822fa0206983b8d97c2d383", "sha1": "e85ac533034790f5a41657fcdbc215304a13356e", "sha256": "35492a1f96bd065b6e5f3938a0564f4e0e55f7ebbd666d92fbb9d80034f394a8"}, "host": {"name": "CLIENT3.breach.local"}, "log": {"level": "information"}, "process": {"args": ["C:\\Program Files (x86)\\Mozilla Firefox\\firefox.exe", "-contentproc", "--channel=1036.1.394372842\\1305259151", "-parentBuildID", "20220705093820", "-prefsHandle", "1960", "-prefMapHandle", "1948", "-prefsLen", "24182", "-prefMapSize", "223336", "-appDir", "C:\\Program Files (x86)\\Mozilla Firefox\\browser", "-", "1036", "\\\\.\\pipe\\gecko-crash-server-pipe.1036", "1980", "13281a10", "gpu"], "command_line": "\"C:\\Program Files (x86)\\Mozilla Firefox\\firefox.exe\" -contentproc --channel=\"1036.1.394372842\\1305259151\" -parentBuildID 20220705093820 -prefsHandle 1960 -prefMapHandle 1948 -prefsLen 24182 -prefMapSize 223336 -appDir \"C:\\Program Files (x86)\\Mozilla Firefox\\browser\" - 1036 \"\\\\.\\pipe\\gecko-crash-server-pipe.1036\" 1980 13281a10 gpu", "entity_id": "{416dd0c5-f416-676b-6f02-000000000900}", "executable": "C:\\Program Files (x86)\\Mozilla Firefox\\firefox.exe", "hash": {"md5": "91a2ef577822fa0206983b8d97c2d383", "sha1": "e85ac533034790f5a41657fcdbc215304a13356e", "sha256": "35492a1f96bd065b6e5f3938a0564f4e0e55f7ebbd666d92fbb9d80034f394a8"}, "name": "firefox.exe", "parent": {"args": ["C:\\Program Files (x86)\\Mozilla Firefox\\firefox.exe", "--marionette", "--remote-debugging-port", "61691", "--remote-allow-hosts", "localhost", "-no-remote", "-profile", "C:\\Users\\client3\\AppData\\Local\\Temp\\rust_mozprofileYjpRnt"], "command_line": "\"C:\\Program Files (x86)\\Mozilla Firefox\\firefox.exe\" --marionette --remote-debugging-port 61691 --remote-allow-hosts localhost -no-remote -profile C:\\Users\\client3\\AppData\\Local\\Temp\\rust_mozprofileYjpRnt", "entity_id": "{416dd0c5-f413-676b-6d02-000000000900}", "executable": "C:\\Program Files (x86)\\Mozilla Firefox\\firefox.exe", "name": "firefox.exe", "pid": 1036}, "pe": {"imphash": "0bc2115c454c6afbb369c14e7d59379d"}, "pid": 5300, "working_directory": "C:\\BREACH\\"}, "related": {"hash": ["e85ac533034790f5a41657fcdbc215304a13356e", "91a2ef577822fa0206983b8d97c2d383", "35492a1f96bd065b6e5f3938a0564f4e0e55f7ebbd666d92fbb9d80034f394a8", "0bc2115c454c6afbb369c14e7d59379d"], "user": "client3"}, "user": {"domain": "BREACH", "name": "client3"}, "winlog": {"api": "wineventlog", "channel": "Microsoft-Windows-Sysmon/Operational", "computer_name": "CLIENT3.breach.local", "event_data": {"Company": "Mozilla Corporation", "Description": "Firefox", "FileVersion": "102.0.1", "IntegrityLevel": "Medium", "LogonGuid": "{416dd0c5-c1e0-676b-a14b-040000000000}", "LogonId": "0x44ba1", "OriginalFileName": "firefox.exe", "ParentUser": "BREACH\\client3", "Product": "Firefox", "RuleName": "-", "TerminalSessionId": "1"}, "event_id": 1, "opcode": "Info", "process": {"pid": 2816, "thread": {"id": 3300}}, "provider_guid": "{5770385f-c22a-43e0-bf4c-06f5698ffbd9}", "provider_name": "Microsoft-Windows-Sysmon", "record_id": 1029778, "task": "Process Create (rule: ProcessCreate)", "user": {"domain": "NT AUTHORITY", "identifier": "S-1-5-18", "name": "SYSTEM", "type": "User"}, "version": 5}}
{"@timestamp": "2024-12-25T12:01:28.907Z", "agent": {"ephemeral_id": "8ac15dc1-7111-4b70-ab2b-b51e7b397251", "hostname": "CLIENT3", "id": "c35095e9-5f9f-4084-a651-3aaa2966847a", "name": "CLIENT3", "type": "winlogbeat", "version": "7.10.2"}, "ecs": {"version": "1.5.0"}, "event": {"action": "Process Create (rule: ProcessCreate)", "category": ["process"], "code": 1, "created": "2024-12-25T12:03:03.263Z", "kind": "event", "module": "sysmon", "provider": "Microsoft-Windows-Sysmon", "type": ["start", "process_start"]}, "hash": {"imphash": "0bc2115c454c6afbb369c14e7d59379d", "md5": "91a2ef577822fa0206983b8d97c2d383", "sha1": "e85ac533034790f5a41657fcdbc215304a13356e", "sha256": "35492a1f96bd065b6e5f3938a0564f4e0e55f7ebbd666d92fbb9d80034f394a8"}, "host": {"name": "CLIENT3.breach.local"}, "log": {"level": "information"}, "process": {"args": ["C:\\Program Files (x86)\\Mozilla Firefox\\firefox.exe", "-contentproc", "--channel=1036.2.1812578088\\1212836568", "-childID", "1", "-isForBrowser", "-prefsHandle", "2816", "-prefMapHandle", "2812", "-prefsLen", "26448", "-prefMapSize", "223336", "-jsInitHandle", "944", "-jsInitLen", "277276", "-a11yResourceId", "64", "-parentBuildID", "20220705093820", "-win32kLockedDown", "-appDir", "C:\\Program Files (x86)\\Mozilla Firefox\\browser", "-", "1036", "\\\\.\\pipe\\gecko-crash-server-pipe.1036", "2896", "16783890", "tab"], "command_line": "\"C:\\Program Files (x86)\\Mozilla Firefox\\firefox.exe\" -contentproc --channel=\"1036.2.1812578088\\1212836568\" -childID 1 -isForBrowser -prefsHandle 2816 -prefMapHandle 2812 -prefsLen 26448 -prefMapSize 223336 -jsInitHandle 944 -jsInitLen 277276 -a11yResourceId 64 -parentBuildID 20220705093820 -win32kLockedDown -appDir \"C:\\Program Files (x86)\\Mozilla Firefox\\browser\" - 1036 \"\\\\.\\pipe\\gecko-crash-server-pipe.1036\" 2896 16783890 tab", "entity_id": "{416dd0c5-f418-676b-7002-000000000900}", "executable": "C:\\Program Files (x86)\\Mozilla Firefox\\firefox.exe", "hash": {"md5": "91a2ef577822fa0206983b8d97c2d383", "sha1": "e85ac533034790f5a41657fcdbc215304a13356e", "sha256": "35492a1f96bd065b6e5f3938a0564f4e0e55f7ebbd666d92fbb9d80034f394a8"}, "name": "firefox.exe", "parent": {"args": ["C:\\Program Files (x86)\\Mozilla Firefox\\firefox.exe", "--marionette", "--remote-debugging-port", "61691", "--remote-allow-hosts", "localhost", "-no-remote", "-profile", "C:\\Users\\client3\\AppData\\Local\\Temp\\rust_mozprofileYjpRnt"], "command_line": "\"C:\\Program Files (x86)\\Mozilla Firefox\\firefox.exe\" --marionette --remote-debugging-port 61691 --remote-allow-hosts localhost -no-remote -profile C:\\Users\\client3\\AppData\\Local\\Temp\\rust_mozprofileYjpRnt", "entity_id": "{416dd0c5-f413-676b-6d02-000000000900}", "executable": "C:\\Program Files (x86)\\Mozilla Firefox\\firefox.exe", "name": "firefox.exe", "pid": 1036}, "pe": {"imphash": "0bc2115c454c6afbb369c14e7d59379d"}, "pid": 7568, "working_directory": "C:\\BREACH\\"}, "related": {"hash": ["e85ac533034790f5a41657fcdbc215304a13356e", "91a2ef577822fa0206983b8d97c2d383", "35492a1f96bd065b6e5f3938a0564f4e0e55f7ebbd666d92fbb9d80034f394a8", "0bc2115c454c6afbb369c14e7d59379d"], "user": "client3"}, "user": {"domain": "BREACH", "name": "client3"}, "winlog": {"api": "wineventlog", "channel": "Microsoft-Windows-Sysmon/Operational", "computer_name": "CLIENT3.breach.local", "event_data": {"Company": "Mozilla Corporation", "Description": "Firefox", "FileVersion": "102.0.1", "IntegrityLevel": "Low", "LogonGuid": "{416dd0c5-c1e0-676b-a14b-040000000000}", "LogonId": "0x44ba1", "OriginalFileName": "firefox.exe", "ParentUser": "BREACH\\client3", "Product": "Firefox", "RuleName": "-", "TerminalSessionId": "1"}, "event_id": 1, "opcode": "Info", "process": {"pid": 2816, "thread": {"id": 3300}}, "provider_guid": "{5770385f-c22a-43e0-bf4c-06f5698ffbd9}", "provider_name": "Microsoft-Windows-Sysmon", "record_id": 1029955, "task": "Process Create (rule: ProcessCreate)", "user": {"domain": "NT AUTHORITY", "identifier": "S-1-5-18", "name": "SYSTEM", "type": "User"}, "version": 5}}
{"@timestamp": "2024-12-25T12:01:29.172Z", "agent": {"ephemeral_id": "8ac15dc1-7111-4b70-ab2b-b51e7b397251", "hostname": "CLIENT3", "id": "c35095e9-5f9f-4084-a651-3aaa2966847a", "name": "CLIENT3", "type": "winlogbeat", "version": "7.10.2"}, "ecs": {"version": "1.5.0"}, "event": {"action": "Process Create (rule: ProcessCreate)", "category": ["process"], "code": 1, "created": "2024-12-25T12:03:03.272Z", "kind": "event", "module": "sysmon", "provider": "Microsoft-Windows-Sysmon", "type": ["start", "process_start"]}, "hash": {"imphash": "0bc2115c454c6afbb369c14e7d59379d", "md5": "91a2ef577822fa0206983b8d97c2d383", "sha1": "e85ac533034790f5a41657fcdbc215304a13356e", "sha256": "35492a1f96bd065b6e5f3938a0564f4e0e55f7ebbd666d92fbb9d80034f394a8"}, "host": {"name": "CLIENT3.breach.local"}, "log": {"level": "information"}, "process": {"args": ["C:\\Program Files (x86)\\Mozilla Firefox\\firefox.exe", "-contentproc", "--channel=1036.3.1944697806\\269715961", "-childID", "2", "-isForBrowser", "-prefsHandle", "3240", "-prefMapHandle", "3236", "-prefsLen", "26570", "-prefMapSize", "223336", "-jsInitHandle", "944", "-jsInitLen", "277276", "-a11yResourceId", "64", "-parentBuildID", "20220705093820", "-win32kLockedDown", "-appDir", "C:\\Program Files (x86)\\Mozilla Firefox\\browser", "-", "1036", "\\\\.\\pipe\\gecko-crash-server-pipe.1036", "3252", "16783e10", "tab"], "command_line": "\"C:\\Program Files (x86)\\Mozilla Firefox\\firefox.exe\" -contentproc --channel=\"1036.3.1944697806\\269715961\" -childID 2 -isForBrowser -prefsHandle 3240 -prefMapHandle 3236 -prefsLen 26570 -prefMapSize 223336 -jsInitHandle 944 -jsInitLen 277276 -a11yResourceId 64 -parentBuildID 20220705093820 -win32kLockedDown -appDir \"C:\\Program Files (x86)\\Mozilla Firefox\\browser\" - 1036 \"\\\\.\\pipe\\gecko-crash-server-pipe.1036\" 3252 16783e10 tab", "entity_id": "{416dd0c5-f419-676b-7102-000000000900}", "executable": "C:\\Program Files (x86)\\Mozilla Firefox\\firefox.exe", "hash": {"md5": "91a2ef577822fa0206983b8d97c2d383", "sha1": "e85ac533034790f5a41657fcdbc215304a13356e", "sha256": "35492a1f96bd065b6e5f3938a0564f4e0e55f7ebbd666d92fbb9d80034f394a8"}, "name": "firefox.exe", "parent": {"args": ["C:\\Program Files (x86)\\Mozilla Firefox\\firefox.exe", "--marionette", "--remote-debugging-port", "61691", "--remote-allow-hosts", "localhost", "-no-remote", "-profile", "C:\\Users\\client3\\AppData\\Local\\Temp\\rust_mozprofileYjpRnt"], "command_line": "\"C:\\Program Files (x86)\\Mozilla Firefox\\firefox.exe\" --marionette --remote-debugging-port 61691 --remote-allow-hosts localhost -no-remote -profile C:\\Users\\client3\\AppData\\Local\\Temp\\rust_mozprofileYjpRnt", "entity_id": "{416dd0c5-f413-676b-6d02-000000000900}", "executable": "C:\\Program Files (x86)\\Mozilla Firefox\\firefox.exe", "name": "firefox.exe", "pid": 1036}, "pe": {"imphash": "0bc2115c454c6afbb369c14e7d59379d"}, "pid": 752, "working_directory": "C:\\BREACH\\"}, "related": {"hash": ["e85ac533034790f5a41657fcdbc215304a13356e", "91a2ef577822fa0206983b8d97c2d383", "35492a1f96bd065b6e5f3938a0564f4e0e55f7ebbd666d92fbb9d80034f394a8", "0bc2115c454c6afbb369c14e7d59379d"], "user": "client3"}, "user": {"domain": "BREACH", "name": "client3"}, "winlog": {"api": "wineventlog", "channel": "Microsoft-Windows-Sysmon/Operational", "computer_name": "CLIENT3.breach.local", "event_data": {"Company": "Mozilla Corporation", "Description": "Firefox", "FileVersion": "102.0.1", "IntegrityLevel": "Low", "LogonGuid": "{416dd0c5-c1e0-676b-a14b-040000000000}", "LogonId": "0x44ba1", "OriginalFileName": "firefox.exe", "ParentUser": "BREACH\\client3", "Product": "Firefox", "RuleName": "-", "TerminalSessionId": "1"}, "event_id": 1, "opcode": "Info", "process": {"pid": 2816, "thread": {"id": 3300}}, "provider_guid": "{5770385f-c22a-43e0-bf4c-06f5698ffbd9}", "provider_name": "Microsoft-Windows-Sysmon", "record_id": 1030014, "task": "Process Create (rule: ProcessCreate)", "user": {"domain": "NT AUTHORITY", "identifier": "S-1-5-18", "name": "SYSTEM", "type": "User"}, "version": 5}}
{"@timestamp": "2024-12-25T12:01:30.980Z", "agent": {"ephemeral_id": "8ac15dc1-7111-4b70-ab2b-b51e7b397251", "hostname": "CLIENT3", "id": "c35095e9-5f9f-4084-a651-3aaa2966847a", "name": "CLIENT3", "type": "winlogbeat", "version": "7.10.2"}, "ecs": {"version": "1.5.0"}, "event": {"action": "Process Create (rule: ProcessCreate)", "category": ["process"], "code": 1, "created": "2024-12-25T12:03:03.522Z", "kind": "event", "module": "sysmon", "provider": "Microsoft-Windows-Sysmon", "type": ["start", "process_start"]}, "hash": {"imphash": "0bc2115c454c6afbb369c14e7d59379d", "md5": "91a2ef577822fa0206983b8d97c2d383", "sha1": "e85ac533034790f5a41657fcdbc215304a13356e", "sha256": "35492a1f96bd065b6e5f3938a0564f4e0e55f7ebbd666d92fbb9d80034f394a8"}, "host": {"name": "CLIENT3.breach.local"}, "log": {"level": "information"}, "process": {"args": ["C:\\Program Files (x86)\\Mozilla Firefox\\firefox.exe", "-contentproc", "--channel=1036.4.773527415\\1541314882", "-childID", "3", "-isForBrowser", "-prefsHandle", "4248", "-prefMapHandle", "4244", "-prefsLen", "33510", "-prefMapSize", "223336", "-jsInitHandle", "944", "-jsInitLen", "277276", "-a11yResourceId", "64", "-parentBuildID", "20220705093820", "-win32kLockedDown", "-appDir", "C:\\Program Files (x86)\\Mozilla Firefox\\browser", "-", "1036", "\\\\.\\pipe\\gecko-crash-server-pipe.1036", "4272", "16783050", "tab"], "command_line": "\"C:\\Program Files (x86)\\Mozilla Firefox\\firefox.exe\" -contentproc --channel=\"1036.4.773527415\\1541314882\" -childID 3 -isForBrowser -prefsHandle 4248 -prefMapHandle 4244 -prefsLen 33510 -prefMapSize 223336 -jsInitHandle 944 -jsInitLen 277276 -a11yResourceId 64 -parentBuildID 20220705093820 -win32kLockedDown -appDir \"C:\\Program Files (x86)\\Mozilla Firefox\\browser\" - 1036 \"\\\\.\\pipe\\gecko-crash-server-pipe.1036\" 4272 16783050 tab", "entity_id": "{416dd0c5-f41a-676b-7202-000000000900}", "executable": "C:\\Program Files (x86)\\Mozilla Firefox\\firefox.exe", "hash": {"md5": "91a2ef577822fa0206983b8d97c2d383", "sha1": "e85ac533034790f5a41657fcdbc215304a13356e", "sha256": "35492a1f96bd065b6e5f3938a0564f4e0e55f7ebbd666d92fbb9d80034f394a8"}, "name": "firefox.exe", "parent": {"args": ["C:\\Program Files (x86)\\Mozilla Firefox\\firefox.exe", "--marionette", "--remote-debugging-port", "61691", "--remote-allow-hosts", "localhost", "-no-remote", "-profile", "C:\\Users\\client3\\AppData\\Local\\Temp\\rust_mozprofileYjpRnt"], "command_line": "\"C:\\Program Files (x86)\\Mozilla Firefox\\firefox.exe\" --marionette --remote-debugging-port 61691 --remote-allow-hosts localhost -no-remote -profile C:\\Users\\client3\\AppData\\Local\\Temp\\rust_mozprofileYjpRnt", "entity_id": "{416dd0c5-f413-676b-6d02-000000000900}", "executable": "C:\\Program Files (x86)\\Mozilla Firefox\\firefox.exe", "name": "firefox.exe", "pid": 1036}, "pe": {"imphash": "0bc2115c454c6afbb369c14e7d59379d"}, "pid": 3060, "working_directory": "C:\\BREACH\\"}, "related": {"hash": ["e85ac533034790f5a41657fcdbc215304a13356e", "91a2ef577822fa0206983b8d97c2d383", "35492a1f96bd065b6e5f3938a0564f4e0e55f7ebbd666d92fbb9d80034f394a8", "0bc2115c454c6afbb369c14e7d59379d"], "user": "client3"}, "user": {"domain": "BREACH", "name": "client3"}, "winlog": {"api": "wineventlog", "channel": "Microsoft-Windows-Sysmon/Operational", "computer_name": "CLIENT3.breach.local", "event_data": {"Company": "Mozilla Corporation", "Description": "Firefox", "FileVersion": "102.0.1", "IntegrityLevel": "Low", "LogonGuid": "{416dd0c5-c1e0-676b-a14b-040000000000}", "LogonId": "0x44ba1", "OriginalFileName": "firefox.exe", "ParentUser": "BREACH\\client3", "Product": "Firefox", "RuleName": "-", "TerminalSessionId": "1"}, "event_id": 1, "opcode": "Info", "process": {"pid": 2816, "thread": {"id": 3300}}, "provider_guid": "{5770385f-c22a-43e0-bf4c-06f5698ffbd9}", "provider_name": "Microsoft-Windows-Sysmon", "record_id": 1030217, "task": "Process Create (rule: ProcessCreate)", "user": {"domain": "NT AUTHORITY", "identifier": "S-1-5-18", "name": "SYSTEM", "type": "User"}, "version": 5}}
{"@timestamp": "2024-12-25T12:01:33.488Z", "agent": {"ephemeral_id": "8ac15dc1-7111-4b70-ab2b-b51e7b397251", "hostname": "CLIENT3", "id": "c35095e9-5f9f-4084-a651-3aaa2966847a", "name": "CLIENT3", "type": "winlogbeat", "version": "7.10.2"}, "ecs": {"version": "1.5.0"}, "event": {"action": "Process Create (rule: ProcessCreate)", "category": ["process"], "code": 1, "created": "2024-12-25T12:03:03.870Z", "kind": "event", "module": "sysmon", "provider": "Microsoft-Windows-Sysmon", "type": ["start", "process_start"]}, "hash": {"imphash": "c7b2d9891c8ea27ab912d8036021e33d", "md5": "a815db40487b457b44dcda2dde8c4823", "sha1": "8766609f079faa9e74ae2c770c0e5f84b458799e", "sha256": "992210816bdb77611810d3ec259b49f000e1546a8415bb94e26ce7e17f58e16c"}, "host": {"name": "CLIENT3.breach.local"}, "log": {"level": "information"}, "process": {"args": ["C:\\Python37\\geckodriver.exe", "--websocket-port", "61720", "--port", "61719"], "command_line": "C:\\Python37\\geckodriver.exe --websocket-port 61720 --port 61719", "entity_id": "{416dd0c5-f41d-676b-7302-000000000900}", "executable": "C:\\Python37\\geckodriver.exe", "hash": {"md5": "a815db40487b457b44dcda2dde8c4823", "sha1": "8766609f079faa9e74ae2c770c0e5f84b458799e", "sha256": "992210816bdb77611810d3ec259b49f000e1546a8415bb94e26ce7e17f58e16c"}, "name": "geckodriver.exe", "parent": {"args": ["C:\\Python37\\python.exe", "-c", "from multiprocessing.spawn import spawn_main; spawn_main(parent_pid=7056, pipe_handle=1644)", "--multiprocessing-fork"], "command_line": "\"C:\\Python37\\python.exe\" \"-c\" \"from multiprocessing.spawn import spawn_main; spawn_main(parent_pid=7056, pipe_handle=1644)\" \"--multiprocessing-fork\"", "entity_id": "{416dd0c5-f40b-676b-6a02-000000000900}", "executable": "C:\\Python37\\python.exe", "name": "python.exe", "pid": 7408}, "pe": {"imphash": "c7b2d9891c8ea27ab912d8036021e33d"}, "pid": 4160, "working_directory": "C:\\BREACH\\"}, "related": {"hash": ["8766609f079faa9e74ae2c770c0e5f84b458799e", "a815db40487b457b44dcda2dde8c4823", "992210816bdb77611810d3ec259b49f000e1546a8415bb94e26ce7e17f58e16c", "c7b2d9891c8ea27ab912d8036021e33d"], "user": "client3"}, "user": {"domain": "BREACH", "name": "client3"}, "winlog": {"api": "wineventlog", "channel": "Microsoft-Windows-Sysmon/Operational", "computer_name": "CLIENT3.breach.local", "event_data": {"Company": "-", "Description": "-", "FileVersion": "-", "IntegrityLevel": "Medium", "LogonGuid": "{416dd0c5-c1e0-676b-a14b-040000000000}", "LogonId": "0x44ba1", "OriginalFileName": "-", "ParentUser": "BREACH\\client3", "Product": "-", "RuleName": "-", "TerminalSessionId": "1"}, "event_id": 1, "opcode": "Info", "process": {"pid": 2816, "thread": {"id": 3300}}, "provider_guid": "{5770385f-c22a-43e0-bf4c-06f5698ffbd9}", "provider_name": "Microsoft-Windows-Sysmon", "record_id": 1030447, "task": "Process Create (rule: ProcessCreate)", "user": {"domain": "NT AUTHORITY", "identifier": "S-1-5-18", "name": "SYSTEM", "type": "User"}, "version": 5}}
{"@timestamp": "2024-12-25T12:01:37.218Z", "agent": {"ephemeral_id": "8ac15dc1-7111-4b70-ab2b-b51e7b397251", "hostname": "CLIENT3", "id": "c35095e9-5f9f-4084-a651-3aaa2966847a", "name": "CLIENT3", "type": "winlogbeat", "version": "7.10.2"}, "ecs": {"version": "1.5.0"}, "event": {"action": "Process Create (rule: ProcessCreate)", "category": ["process"], "code": 1, "created": "2024-12-25T12:03:04.298Z", "kind": "event", "module": "sysmon", "provider": "Microsoft-Windows-Sysmon", "type": ["start", "process_start"]}, "hash": {"imphash": "0bc2115c454c6afbb369c14e7d59379d", "md5": "91a2ef577822fa0206983b8d97c2d383", "sha1": "e85ac533034790f5a41657fcdbc215304a13356e", "sha256": "35492a1f96bd065b6e5f3938a0564f4e0e55f7ebbd666d92fbb9d80034f394a8"}, "host": {"name": "CLIENT3.breach.local"}, "log": {"level": "information"}, "process": {"args": ["C:\\Program Files (x86)\\Mozilla Firefox\\firefox.exe", "--marionette", "--remote-debugging-port", "61720", "--remote-allow-hosts", "localhost", "-no-remote", "-profile", "C:\\Users\\client3\\AppData\\Local\\Temp\\rust_mozprofileEKXQJw"], "command_line": "\"C:\\Program Files (x86)\\Mozilla Firefox\\firefox.exe\" --marionette --remote-debugging-port 61720 --remote-allow-hosts localhost -no-remote -profile C:\\Users\\client3\\AppData\\Local\\Temp\\rust_mozprofileEKXQJw", "entity_id": "{416dd0c5-f421-676b-7402-000000000900}", "executable": "C:\\Program Files (x86)\\Mozilla Firefox\\firefox.exe", "hash": {"md5": "91a2ef577822fa0206983b8d97c2d383", "sha1": "e85ac533034790f5a41657fcdbc215304a13356e", "sha256": "35492a1f96bd065b6e5f3938a0564f4e0e55f7ebbd666d92fbb9d80034f394a8"}, "name": "firefox.exe", "parent": {"args": ["C:\\Python37\\geckodriver.exe", "--websocket-port", "61720", "--port", "61719"], "command_line": "C:\\Python37\\geckodriver.exe --websocket-port 61720 --port 61719", "entity_id": "{416dd0c5-f41d-676b-7302-000000000900}", "executable": "C:\\Python37\\geckodriver.exe", "name": "geckodriver.exe", "pid": 4160}, "pe": {"imphash": "0bc2115c454c6afbb369c14e7d59379d"}, "pid": 1460, "working_directory": "C:\\BREACH\\"}, "related": {"hash": ["e85ac533034790f5a41657fcdbc215304a13356e", "91a2ef577822fa0206983b8d97c2d383", "35492a1f96bd065b6e5f3938a0564f4e0e55f7ebbd666d92fbb9d80034f394a8", "0bc2115c454c6afbb369c14e7d59379d"], "user": "client3"}, "user": {"domain": "BREACH", "name": "client3"}, "winlog": {"api": "wineventlog", "channel": "Microsoft-Windows-Sysmon/Operational", "computer_name": "CLIENT3.breach.local", "event_data": {"Company": "Mozilla Corporation", "Description": "Firefox", "FileVersion": "102.0.1", "IntegrityLevel": "Medium", "LogonGuid": "{416dd0c5-c1e0-676b-a14b-040000000000}", "LogonId": "0x44ba1", "OriginalFileName": "firefox.exe", "ParentUser": "BREACH\\client3", "Product": "Firefox", "RuleName": "-", "TerminalSessionId": "1"}, "event_id": 1, "opcode": "Info", "process": {"pid": 2816, "thread": {"id": 3300}}, "provider_guid": "{5770385f-c22a-43e0-bf4c-06f5698ffbd9}", "provider_name": "Microsoft-Windows-Sysmon", "record_id": 1030818, "task": "Process Create (rule: ProcessCreate)", "user": {"domain": "NT AUTHORITY", "identifier": "S-1-5-18", "name": "SYSTEM", "type": "User"}, "version": 5}}
