{"@timestamp": "2024-12-25T12:09:39.086Z", "agent": {"ephemeral_id": "8ac15dc1-7111-4b70-ab2b-b51e7b397251", "hostname": "CLIENT3", "id": "c35095e9-5f9f-4084-a651-3aaa2966847a", "name": "CLIENT3", "type": "winlogbeat", "version": "7.10.2"}, "ecs": {"version": "1.5.0"}, "event": {"action": "Process Create (rule: ProcessCreate)", "category": ["process"], "code": 1, "created": "2024-12-25T12:09:44.347Z", "kind": "event", "module": "sysmon", "provider": "Microsoft-Windows-Sysmon", "type": ["start", "process_start"]}, "hash": {"imphash": "0bc2115c454c6afbb369c14e7d59379d", "md5": "91a2ef577822fa0206983b8d97c2d383", "sha1": "e85ac533034790f5a41657fcdbc215304a13356e", "sha256": "35492a1f96bd065b6e5f3938a0564f4e0e55f7ebbd666d92fbb9d80034f394a8"}, "host": {"name": "CLIENT3.breach.local"}, "log": {"level": "information"}, "process": {"args": ["C:\\Program Files (x86)\\Mozilla Firefox\\firefox.exe", "-contentproc", "--channel=7048.4.1516017021\\1399437785", "-childID", "3", "-isForBrowser", "-prefsHandle", "4616", "-prefMapHandle", "4612", "-prefsLen", "34756", "-prefMapSize", "223336", "-jsInitHandle", "936", "-jsInitLen", "277276", "-a11yResourceId", "64", "-parentBuildID", "20220705093820", "-win32kLockedDown", "-appDir", "C:\\Program Files (x86)\\Mozilla Firefox\\browser", "-", "7048", "\\\\.\\pipe\\gecko-crash-server-pipe.7048", "4628", "15b629f0", "tab"], "command_line": "\"C:\\Program Files (x86)\\Mozilla Firefox\\firefox.exe\" -contentproc --channel=\"7048.4.1516017021\\1399437785\" -childID 3 -isForBrowser -prefsHandle 4616 -prefMapHandle 4612 -prefsLen 34756 -prefMapSize 223336 -jsInitHandle 936 -jsInitLen 277276 -a11yResourceId 64 -parentBuildID 20220705093820 -win32kLockedDown -appDir \"C:\\Program Files (x86)\\Mozilla Firefox\\browser\" - 7048 \"\\\\.\\pipe\\gecko-crash-server-pipe.7048\" 4628 15b629f0 tab", "entity_id": "{416dd0c5-f603-676b-9702-000000000900}", "executable": "C:\\Program Files (x86)\\Mozilla Firefox\\firefox.exe", "hash": {"md5": "91a2ef577822fa0206983b8d97c2d383", "sha1": "e85ac533034790f5a41657fcdbc215304a13356e", "sha256": "35492a1f96bd065b6e5f3938a0564f4e0e55f7ebbd666d92fbb9d80034f394a8"}, "name": "firefox.exe", "parent": {"args": ["C:\\Program Files (x86)\\Mozilla Firefox\\firefox.exe", "--marionette", "--remote-debugging-port", "50235", "--remote-allow-hosts", "localhost", "-no-remote", "-profile", "C:\\Users\\client3\\AppData\\Local\\Temp\\rust_mozprofileuQdEw5"], "command_line": "\"C:\\Program Files (x86)\\Mozilla Firefox\\firefox.exe\" --marionette --remote-debugging-port 50235 --remote-allow-hosts localhost -no-remote -profile C:\\Users\\client3\\AppData\\Local\\Temp\\rust_mozprofileuQdEw5", "entity_id": "{416dd0c5-f5f9-676b-8f02-000000000900}", "executable": "C:\\Program Files (x86)\\Mozilla Firefox\\firefox.exe", "name": "firefox.exe", "pid": 7048}, "pe": {"imphash": "0bc2115c454c6afbb369c14e7d59379d"}, "pid": 8340, "working_directory": "C:\\BREACH\\"}, "related": {"hash": ["e85ac533034790f5a41657fcdbc215304a13356e", "91a2ef577822fa0206983b8d97c2d383", "35492a1f96bd065b6e5f3938a0564f4e0e55f7ebbd666d92fbb9d80034f394a8", "0bc2115c454c6afbb369c14e7d59379d"], "user": "client3"}, "user": {"domain": "BREACH", "name": "client3"}, "winlog": {"api": "wineventlog", "channel": "Microsoft-Windows-Sysmon/Operational", "computer_name": "CLIENT3.breach.local", "event_data": {"Company": "Mozilla Corporation", "Description": "Firefox", "FileVersion": "102.0.1", "IntegrityLevel": "Low", "LogonGuid": "{416dd0c5-c1e0-676b-a14b-040000000000}", "LogonId": "0x44ba1", "OriginalFileName": "firefox.exe", "ParentUser": "BREACH\\client3", "Product": "Firefox", "RuleName": "-", "TerminalSessionId": "1"}, "event_id": 1, "opcode": "Info", "process": {"pid": 2816, "thread": {"id": 3300}}, "provider_guid": "{5770385f-c22a-43e0-bf4c-06f5698ffbd9}", "provider_name": "Microsoft-Windows-Sysmon", "record_id": 1040723, "task": "Process Create (rule: ProcessCreate)", "user": {"domain": "NT AUTHORITY", "identifier": "S-1-5-18", "name": "SYSTEM", "type": "User"}, "version": 5}}
{"@timestamp": "2024-12-25T12:09:39.659Z", "agent": {"ephemeral_id": "8ac15dc1-7111-4b70-ab2b-b51e7b397251", "hostname": "CLIENT3", "id": "c35095e9-5f9f-4084-a651-3aaa2966847a", "name": "CLIENT3", "type": "winlogbeat", "version": "7.10.2"}, "ecs": {"version": "1.5.0"}, "event": {"action": "Process Create (rule: ProcessCreate)", "category": ["process"], "code": 1, "created": "2024-12-25T12:09:44.623Z", "kind": "event", "module": "sysmon", "provider": "Microsoft-Windows-Sysmon", "type": ["start", "process_start"]}, "hash": {"imphash": "0bc2115c454c6afbb369c14e7d59379d", "md5": "91a2ef577822fa0206983b8d97c2d383", "sha1": "e85ac533034790f5a41657fcdbc215304a13356e", "sha256": "35492a1f96bd065b6e5f3938a0564f4e0e55f7ebbd666d92fbb9d80034f394a8"}, "host": {"name": "CLIENT3.breach.local"}, "log": {"level": "information"}, "process": {"args": ["C:\\Program Files (x86)\\Mozilla Firefox\\firefox.exe", "-contentproc", "--channel=8332.0.290131226\\220150295", "-parentBuildID", "20220705093820", "-prefsHandle", "1672", "-prefMapHandle", "1664", "-prefsLen", "23880", "-prefMapSize", "223336", "-win32kLockedDown", "-appDir", "C:\\Program Files (x86)\\Mozilla Firefox\\browser", "-", "8332", "\\\\.\\pipe\\gecko-crash-server-pipe.8332", "1744", "509b2d0", "socket"], "command_line": "\"C:\\Program Files (x86)\\Mozilla Firefox\\firefox.exe\" -contentproc --channel=\"8332.0.290131226\\220150295\" -parentBuildID 20220705093820 -prefsHandle 1672 -prefMapHandle 1664 -prefsLen 23880 -prefMapSize 223336 -win32kLockedDown -appDir \"C:\\Program Files (x86)\\Mozilla Firefox\\browser\" - 8332 \"\\\\.\\pipe\\gecko-crash-server-pipe.8332\" 1744 509b2d0 socket", "entity_id": "{416dd0c5-f603-676b-9802-000000000900}", "executable": "C:\\Program Files (x86)\\Mozilla Firefox\\firefox.exe", "hash": {"md5": "91a2ef577822fa0206983b8d97c2d383", "sha1": "e85ac533034790f5a41657fcdbc215304a13356e", "sha256": "35492a1f96bd065b6e5f3938a0564f4e0e55f7ebbd666d92fbb9d80034f394a8"}, "name": "firefox.exe", "parent": {"args": ["C:\\Program Files (x86)\\Mozilla Firefox\\firefox.exe", "--marionette", "--remote-debugging-port", "50264", "--remote-allow-hosts", "localhost", "-no-remote", "-profile", "C:\\Users\\client3\\AppData\\Local\\Temp\\rust_mozprofile7YJfpD"], "command_line": "\"C:\\Program Files (x86)\\Mozilla Firefox\\firefox.exe\" --marionette --remote-debugging-port 50264 --remote-allow-hosts localhost -no-remote -profile C:\\Users\\client3\\AppData\\Local\\Temp\\rust_mozprofile7YJfpD", "entity_id": "{416dd0c5-f603-676b-9602-000000000900}", "executable": "C:\\Program Files (x86)\\Mozilla Firefox\\firefox.exe", "name": "firefox.exe", "pid": 8332}, "pe": {"imphash": "0bc2115c454c6afbb369c14e7d59379d"}, "pid": 8536, "working_directory": "C:\\BREACH\\"}, "related": {"hash": ["e85ac533034790f5a41657fcdbc215304a13356e", "91a2ef577822fa0206983b8d97c2d383", "35492a1f96bd065b6e5f3938a0564f4e0e55f7ebbd666d92fbb9d80034f394a8", "0bc2115c454c6afbb369c14e7d59379d"], "user": "client3"}, "user": {"domain": "BREACH", "name": "client3"}, "winlog": {"api": "wineventlog", "channel": "Microsoft-Windows-Sysmon/Operational", "computer_name": "CLIENT3.breach.local", "event_data": {"Company": "Mozilla Corporation", "Description": "Firefox", "FileVersion": "102.0.1", "IntegrityLevel": "Low", "LogonGuid": "{416dd0c5-c1e0-676b-a14b-040000000000}", "LogonId": "0x44ba1", "OriginalFileName": "firefox.exe", "ParentUser": "BREACH\\client3", "Product": "Firefox", "RuleName": "-", "TerminalSessionId": "1"}, "event_id": 1, "opcode": "Info", "process": {"pid": 2816, "thread": {"id": 3300}}, "provider_guid": "{5770385f-c22a-43e0-bf4c-06f5698ffbd9}", "provider_name": "Microsoft-Windows-Sysmon", "record_id": 1040882, "task": "Process Create (rule: ProcessCreate)", "user": {"domain": "NT AUTHORITY", "identifier": "S-1-5-18", "name": "SYSTEM", "type": "User"}, "version": 5}}
{"@timestamp": "2024-12-25T12:09:39.815Z", "agent": {"ephemeral_id": "8ac15dc1-7111-4b70-ab2b-b51e7b397251", "hostname": "CLIENT3", "id": "c35095e9-5f9f-4084-a651-3aaa2966847a", "name": "CLIENT3", "type": "winlogbeat", "version": "7.10.2"}, "ecs": {"version": "1.5.0"}, "event": {"action": "Process Create (rule: ProcessCreate)", "category": ["process"], "code": 1, "created": "2024-12-25T12:09:44.872Z", "kind": "event", "module": "sysmon", "provider": "Microsoft-Windows-Sysmon", "type": ["start", "process_start"]}, "hash": {"imphash": "0bc2115c454c6afbb369c14e7d59379d", "md5": "91a2ef577822fa0206983b8d97c2d383", "sha1": "e85ac533034790f5a41657fcdbc215304a13356e", "sha256": "35492a1f96bd065b6e5f3938a0564f4e0e55f7ebbd666d92fbb9d80034f394a8"}, "host": {"name": "CLIENT3.breach.local"}, "log": {"level": "information"}, "process": {"args": ["C:\\Program Files (x86)\\Mozilla Firefox\\firefox.exe", "-contentproc", "--channel=8332.1.2101359085\\1227931043", "-parentBuildID", "20220705093820", "-prefsHandle", "2020", "-prefMapHandle", "2008", "-prefsLen", "24182", "-prefMapSize", "223336", "-appDir", "C:\\Program Files (x86)\\Mozilla Firefox\\browser", "-", "8332", "\\\\.\\pipe\\gecko-crash-server-pipe.8332", "2040", "12d87090", "gpu"], "command_line": "\"C:\\Program Files (x86)\\Mozilla Firefox\\firefox.exe\" -contentproc --channel=\"8332.1.2101359085\\1227931043\" -parentBuildID 20220705093820 -prefsHandle 2020 -prefMapHandle 2008 -prefsLen 24182 -prefMapSize 223336 -appDir \"C:\\Program Files (x86)\\Mozilla Firefox\\browser\" - 8332 \"\\\\.\\pipe\\gecko-crash-server-pipe.8332\" 2040 12d87090 gpu", "entity_id": "{416dd0c5-f603-676b-9902-000000000900}", "executable": "C:\\Program Files (x86)\\Mozilla Firefox\\firefox.exe", "hash": {"md5": "91a2ef577822fa0206983b8d97c2d383", "sha1": "e85ac533034790f5a41657fcdbc215304a13356e", "sha256": "35492a1f96bd065b6e5f3938a0564f4e0e55f7ebbd666d92fbb9d80034f394a8"}, "name": "firefox.exe", "parent": {"args": ["C:\\Program Files (x86)\\Mozilla Firefox\\firefox.exe", "--marionette", "--remote-debugging-port", "50264", "--remote-allow-hosts", "localhost", "-no-remote", "-profile", "C:\\Users\\client3\\AppData\\Local\\Temp\\rust_mozprofile7YJfpD"], "command_line": "\"C:\\Program Files (x86)\\Mozilla Firefox\\firefox.exe\" --marionette --remote-debugging-port 50264 --remote-allow-hosts localhost -no-remote -profile C:\\Users\\client3\\AppData\\Local\\Temp\\rust_mozprofile7YJfpD", "entity_id": "{416dd0c5-f603-676b-9602-000000000900}", "executable": "C:\\Program Files (x86)\\Mozilla Firefox\\firefox.exe", "name": "firefox.exe", "pid": 8332}, "pe": {"imphash": "0bc2115c454c6afbb369c14e7d59379d"}, "pid": 8580, "working_directory": "C:\\BREACH\\"}, "related": {"hash": ["e85ac533034790f5a41657fcdbc215304a13356e", "91a2ef577822fa0206983b8d97c2d383", "35492a1f96bd065b6e5f3938a0564f4e0e55f7ebbd666d92fbb9d80034f394a8", "0bc2115c454c6afbb369c14e7d59379d"], "user": "client3"}, "user": {"domain": "BREACH", "name": "client3"}, "winlog": {"api": "wineventlog", "channel": "Microsoft-Windows-Sysmon/Operational", "computer_name": "CLIENT3.breach.local", "event_data": {"Company": "Mozilla Corporation", "Description": "Firefox", "FileVersion": "102.0.1", "IntegrityLevel": "Medium", "LogonGuid": "{416dd0c5-c1e0-676b-a14b-040000000000}", "LogonId": "0x44ba1", "OriginalFileName": "firefox.exe", "ParentUser": "BREACH\\client3", "Product": "Firefox", "RuleName": "-", "TerminalSessionId": "1"}, "event_id": 1, "opcode": "Info", "process": {"pid": 2816, "thread": {"id": 3300}}, "provider_guid": "{5770385f-c22a-43e0-bf4c-06f5698ffbd9}", "provider_name": "Microsoft-Windows-Sysmon", "record_id": 1040952, "task": "Process Create (rule: ProcessCreate)", "user": {"domain": "NT AUTHORITY", "identifier": "S-1-5-18", "name": "SYSTEM", "type": "User"}, "version": 5}}
{"@timestamp": "2024-12-25T12:09:40.802Z", "agent": {"ephemeral_id": "8ac15dc1-7111-4b70-ab2b-b51e7b397251", "hostname": "CLIENT3", "id": "c35095e9-5f9f-4084-a651-3aaa2966847a", "name": "CLIENT3", "type": "winlogbeat", "version": "7.10.2"}, "ecs": {"version": "1.5.0"}, "event": {"action": "Process Create (rule: ProcessCreate)", "category": ["process"], "code": 1, "created": "2024-12-25T12:09:45.291Z", "kind": "event", "module": "sysmon", "provider": "Microsoft-Windows-Sysmon", "type": ["start", "process_start"]}, "hash": {"imphash": "0bc2115c454c6afbb369c14e7d59379d", "md5": "91a2ef577822fa0206983b8d97c2d383", "sha1": "e85ac533034790f5a41657fcdbc215304a13356e", "sha256": "35492a1f96bd065b6e5f3938a0564f4e0e55f7ebbd666d92fbb9d80034f394a8"}, "host": {"name": "CLIENT3.breach.local"}, "log": {"level": "information"}, "process": {"args": ["C:\\Program Files (x86)\\Mozilla Firefox\\firefox.exe", "-contentproc", "--channel=8332.2.1360991356\\28833873", "-childID", "1", "-isForBrowser", "-prefsHandle", "2832", "-prefMapHandle", "2828", "-prefsLen", "26448", "-prefMapSize", "223336", "-jsInitHandle", "992", "-jsInitLen", "277276", "-a11yResourceId", "64", "-parentBuildID", "20220705093820", "-win32kLockedDown", "-appDir", "C:\\Program Files (x86)\\Mozilla Firefox\\browser", "-", "8332", "\\\\.\\pipe\\gecko-crash-server-pipe.8332", "2796", "163bcc30", "tab"], "command_line": "\"C:\\Program Files (x86)\\Mozilla Firefox\\firefox.exe\" -contentproc --channel=\"8332.2.1360991356\\28833873\" -childID 1 -isForBrowser -prefsHandle 2832 -prefMapHandle 2828 -prefsLen 26448 -prefMapSize 223336 -jsInitHandle 992 -jsInitLen 277276 -a11yResourceId 64 -parentBuildID 20220705093820 -win32kLockedDown -appDir \"C:\\Program Files (x86)\\Mozilla Firefox\\browser\" - 8332 \"\\\\.\\pipe\\gecko-crash-server-pipe.8332\" 2796 163bcc30 tab", "entity_id": "{416dd0c5-f604-676b-9a02-000000000900}", "executable": "C:\\Program Files (x86)\\Mozilla Firefox\\firefox.exe", "hash": {"md5": "91a2ef577822fa0206983b8d97c2d383", "sha1": "e85ac533034790f5a41657fcdbc215304a13356e", "sha256": "35492a1f96bd065b6e5f3938a0564f4e0e55f7ebbd666d92fbb9d80034f394a8"}, "name": "firefox.exe", "parent": {"args": ["C:\\Program Files (x86)\\Mozilla Firefox\\firefox.exe", "--marionette", "--remote-debugging-port", "50264", "--remote-allow-hosts", "localhost", "-no-remote", "-profile", "C:\\Users\\client3\\AppData\\Local\\Temp\\rust_mozprofile7YJfpD"], "command_line": "\"C:\\Program Files (x86)\\Mozilla Firefox\\firefox.exe\" --marionette --remote-debugging-port 50264 --remote-allow-hosts localhost -no-remote -profile C:\\Users\\client3\\AppData\\Local\\Temp\\rust_mozprofile7YJfpD", "entity_id": "{416dd0c5-f603-676b-9602-000000000900}", "executable": "C:\\Program Files (x86)\\Mozilla Firefox\\firefox.exe", "name": "firefox.exe", "pid": 8332}, "pe": {"imphash": "0bc2115c454c6afbb369c14e7d59379d"}, "pid": 8720, "working_directory": "C:\\BREACH\\"}, "related": {"hash": ["e85ac533034790f5a41657fcdbc215304a13356e", "91a2ef577822fa0206983b8d97c2d383", "35492a1f96bd065b6e5f3938a0564f4e0e55f7ebbd666d92fbb9d80034f394a8", "0bc2115c454c6afbb369c14e7d59379d"], "user": "client3"}, "user": {"domain": "BREACH", "name": "client3"}, "winlog": {"api": "wineventlog", "channel": "Microsoft-Windows-Sysmon/Operational", "computer_name": "CLIENT3.breach.local", "event_data": {"Company": "Mozilla Corporation", "Description": "Firefox", "FileVersion": "102.0.1", "IntegrityLevel": "Low", "LogonGuid": "{416dd0c5-c1e0-676b-a14b-040000000000}", "LogonId": "0x44ba1", "OriginalFileName": "firefox.exe", "ParentUser": "BREACH\\client3", "Product": "Firefox", "RuleName": "-", "TerminalSessionId": "1"}, "event_id": 1, "opcode": "Info", "process": {"pid": 2816, "thread": {"id": 3300}}, "provider_guid": "{5770385f-c22a-43e0-bf4c-06f5698ffbd9}", "provider_name": "Microsoft-Windows-Sysmon", "record_id": 1041123, "task": "Process Create (rule: ProcessCreate)", "user": {"domain": "NT AUTHORITY", "identifier": "S-1-5-18", "name": "SYSTEM", "type": "User"}, "version": 5}}
{"@timestamp": "2024-12-25T12:09:41.049Z", "agent": {"ephemeral_id": "8ac15dc1-7111-4b70-ab2b-b51e7b397251", "hostname": "CLIENT3", "id": "c35095e9-5f9f-4084-a651-3aaa2966847a", "name": "CLIENT3", "type": "winlogbeat", "version": "7.10.2"}, "ecs": {"version": "1.5.0"}, "event": {"action": "Process Create (rule: ProcessCreate)", "category": ["process"], "code": 1, "created": "2024-12-25T12:09:45.510Z", "kind": "event", "module": "sysmon", "provider": "Microsoft-Windows-Sysmon", "type": ["start", "process_start"]}, "hash": {"imphash": "0bc2115c454c6afbb369c14e7d59379d", "md5": "91a2ef577822fa0206983b8d97c2d383", "sha1": "e85ac533034790f5a41657fcdbc215304a13356e", "sha256": "35492a1f96bd065b6e5f3938a0564f4e0e55f7ebbd666d92fbb9d80034f394a8"}, "host": {"name": "CLIENT3.breach.local"}, "log": {"level": "information"}, "process": {"args": ["C:\\Program Files (x86)\\Mozilla Firefox\\firefox.exe", "-contentproc", "--channel=8332.3.1362872836\\345611772", "-childID", "2", "-isForBrowser", "-prefsHandle", "3436", "-prefMapHandle", "3432", "-prefsLen", "26570", "-prefMapSize", "223336", "-jsInitHandle", "992", "-jsInitLen", "277276", "-a11yResourceId", "64", "-parentBuildID", "20220705093820", "-win32kLockedDown", "-appDir", "C:\\Program Files (x86)\\Mozilla Firefox\\browser", "-", "8332", "\\\\.\\pipe\\gecko-crash-server-pipe.8332", "3448", "163bdcb0", "tab"], "command_line": "\"C:\\Program Files (x86)\\Mozilla Firefox\\firefox.exe\" -contentproc --channel=\"8332.3.1362872836\\345611772\" -childID 2 -isForBrowser -prefsHandle 3436 -prefMapHandle 3432 -prefsLen 26570 -prefMapSize 223336 -jsInitHandle 992 -jsInitLen 277276 -a11yResourceId 64 -parentBuildID 20220705093820 -win32kLockedDown -appDir \"C:\\Program Files (x86)\\Mozilla Firefox\\browser\" - 8332 \"\\\\.\\pipe\\gecko-crash-server-pipe.8332\" 3448 163bdcb0 tab", "entity_id": "{416dd0c5-f605-676b-9b02-000000000900}", "executable": "C:\\Program Files (x86)\\Mozilla Firefox\\firefox.exe", "hash": {"md5": "91a2ef577822fa0206983b8d97c2d383", "sha1": "e85ac533034790f5a41657fcdbc215304a13356e", "sha256": "35492a1f96bd065b6e5f3938a0564f4e0e55f7ebbd666d92fbb9d80034f394a8"}, "name": "firefox.exe", "parent": {"args": ["C:\\Program Files (x86)\\Mozilla Firefox\\firefox.exe", "--marionette", "--remote-debugging-port", "50264", "--remote-allow-hosts", "localhost", "-no-remote", "-profile", "C:\\Users\\client3\\AppData\\Local\\Temp\\rust_mozprofile7YJfpD"], "command_line": "\"C:\\Program Files (x86)\\Mozilla Firefox\\firefox.exe\" --marionette --remote-debugging-port 50264 --remote-allow-hosts localhost -no-remote -profile C:\\Users\\client3\\AppData\\Local\\Temp\\rust_mozprofile7YJfpD", "entity_id": "{416dd0c5-f603-676b-9602-000000000900}", "executable": "C:\\Program Files (x86)\\Mozilla Firefox\\firefox.exe", "name": "firefox.exe", "pid": 8332}, "pe": {"imphash": "0bc2115c454c6afbb369c14e7d59379d"}, "pid": 8828, "working_directory": "C:\\BREACH\\"}, "related": {"hash": ["e85ac533034790f5a41657fcdbc215304a13356e", "91a2ef577822fa0206983b8d97c2d383", "35492a1f96bd065b6e5f3938a0564f4e0e55f7ebbd666d92fbb9d80034f394a8", "0bc2115c454c6afbb369c14e7d59379d"], "user": "client3"}, "user": {"domain": "BREACH", "name": "client3"}, "winlog": {"api": "wineventlog", "channel": "Microsoft-Windows-Sysmon/Operational", "computer_name": "CLIENT3.breach.local", "event_data": {"Company": "Mozilla Corporation", "Description": "Firefox", "FileVersion": "102.0.1", "IntegrityLevel": "Low", "LogonGuid": "{416dd0c5-c1e0-676b-a14b-040000000000}", "LogonId": "0x44ba1", "OriginalFileName": "firefox.exe", "ParentUser": "BREACH\\client3", "Product": "Firefox", "RuleName": "-", "TerminalSessionId": "1"}, "event_id": 1, "opcode": "Info", "process": {"pid": 2816, "thread": {"id": 3300}}, "provider_guid": "{5770385f-c22a-43e0-bf4c-06f5698ffbd9}", "provider_name": "Microsoft-Windows-Sysmon", "record_id": 1041187, "task": "Process Create (rule: ProcessCreate)", "user": {"domain": "NT AUTHORITY", "identifier": "S-1-5-18", "name": "SYSTEM", "type": "User"}, "version": 5}}
{"@timestamp": "2024-12-25T12:09:53.211Z", "agent": {"ephemeral_id": "8ac15dc1-7111-4b70-ab2b-b51e7b397251", "hostname": "CLIENT3", "id": "c35095e9-5f9f-4084-a651-3aaa2966847a", "name": "CLIENT3", "type": "winlogbeat", "version": "7.10.2"}, "ecs": {"version": "1.5.0"}, "event": {"action": "Process Create (rule: ProcessCreate)", "category": ["process"], "code": 1, "created": "2024-12-25T12:09:54.317Z", "kind": "event", "module": "sysmon", "provider": "Microsoft-Windows-Sysmon", "type": ["start", "process_start"]}, "hash": {"imphash": "0bc2115c454c6afbb369c14e7d59379d", "md5": "91a2ef577822fa0206983b8d97c2d383", "sha1": "e85ac533034790f5a41657fcdbc215304a13356e", "sha256": "35492a1f96bd065b6e5f3938a0564f4e0e55f7ebbd666d92fbb9d80034f394a8"}, "host": {"name": "CLIENT3.breach.local"}, "log": {"level": "information"}, "process": {"args": ["C:\\Program Files (x86)\\Mozilla Firefox\\firefox.exe", "-contentproc", "--channel=8332.4.2005359328\\380847849", "-childID", "3", "-isForBrowser", "-prefsHandle", "4616", "-prefMapHandle", "4760", "-prefsLen", "34871", "-prefMapSize", "223336", "-jsInitHandle", "992", "-jsInitLen", "277276", "-a11yResourceId", "64", "-parentBuildID", "20220705093820", "-win32kLockedDown", "-appDir", "C:\\Program Files (x86)\\Mozilla Firefox\\browser", "-", "8332", "\\\\.\\pipe\\gecko-crash-server-pipe.8332", "4716", "163bd5d0", "tab"], "command_line": "\"C:\\Program Files (x86)\\Mozilla Firefox\\firefox.exe\" -contentproc --channel=\"8332.4.2005359328\\380847849\" -childID 3 -isForBrowser -prefsHandle 4616 -prefMapHandle 4760 -prefsLen 34871 -prefMapSize 223336 -jsInitHandle 992 -jsInitLen 277276 -a11yResourceId 64 -parentBuildID 20220705093820 -win32kLockedDown -appDir \"C:\\Program Files (x86)\\Mozilla Firefox\\browser\" - 8332 \"\\\\.\\pipe\\gecko-crash-server-pipe.8332\" 4716 163bd5d0 tab", "entity_id": "{416dd0c5-f611-676b-9c02-000000000900}", "executable": "C:\\Program Files (x86)\\Mozilla Firefox\\firefox.exe", "hash": {"md5": "91a2ef577822fa0206983b8d97c2d383", "sha1": "e85ac533034790f5a41657fcdbc215304a13356e", "sha256": "35492a1f96bd065b6e5f3938a0564f4e0e55f7ebbd666d92fbb9d80034f394a8"}, "name": "firefox.exe", "parent": {"args": ["C:\\Program Files (x86)\\Mozilla Firefox\\firefox.exe", "--marionette", "--remote-debugging-port", "50264", "--remote-allow-hosts", "localhost", "-no-remote", "-profile", "C:\\Users\\client3\\AppData\\Local\\Temp\\rust_mozprofile7YJfpD"], "command_line": "\"C:\\Program Files (x86)\\Mozilla Firefox\\firefox.exe\" --marionette --remote-debugging-port 50264 --remote-allow-hosts localhost -no-remote -profile C:\\Users\\client3\\AppData\\Local\\Temp\\rust_mozprofile7YJfpD", "entity_id": "{416dd0c5-f603-676b-9602-000000000900}", "executable": "C:\\Program Files (x86)\\Mozilla Firefox\\firefox.exe", "name": "firefox.exe", "pid": 8332}, "pe": {"imphash": "0bc2115c454c6afbb369c14e7d59379d"}, "pid": 9212, "working_directory": "C:\\BREACH\\"}, "related": {"hash": ["e85ac533034790f5a41657fcdbc215304a13356e", "91a2ef577822fa0206983b8d97c2d383", "35492a1f96bd065b6e5f3938a0564f4e0e55f7ebbd666d92fbb9d80034f394a8", "0bc2115c454c6afbb369c14e7d59379d"], "user": "client3"}, "user": {"domain": "BREACH", "name": "client3"}, "winlog": {"api": "wineventlog", "channel": "Microsoft-Windows-Sysmon/Operational", "computer_name": "CLIENT3.breach.local", "event_data": {"Company": "Mozilla Corporation", "Description": "Firefox", "FileVersion": "102.0.1", "IntegrityLevel": "Low", "LogonGuid": "{416dd0c5-c1e0-676b-a14b-040000000000}", "LogonId": "0x44ba1", "OriginalFileName": "firefox.exe", "ParentUser": "BREACH\\client3", "Product": "Firefox", "RuleName": "-", "TerminalSessionId": "1"}, "event_id": 1, "opcode": "Info", "process": {"pid": 2816, "thread": {"id": 3300}}, "provider_guid": "{5770385f-c22a-43e0-bf4c-06f5698ffbd9}", "provider_name": "Microsoft-Windows-Sysmon", "record_id": 1042204, "task": "Process Create (rule: ProcessCreate)", "user": {"domain": "NT AUTHORITY", "identifier": "S-1-5-18", "name": "SYSTEM", "type": "User"}, "version": 5}}
{"@timestamp": "2024-12-25T12:10:00.715Z", "agent": {"ephemeral_id": "8ac15dc1-7111-4b70-ab2b-b51e7b397251", "hostname": "CLIENT3", "id": "c35095e9-5f9f-4084-a651-3aaa2966847a", "name": "CLIENT3", "type": "winlogbeat", "version": "7.10.2"}, "ecs": {"version": "1.5.0"}, "event": {"action": "Logon", "code": 4624, "created": "2024-12-25T12:10:02.592Z", "kind": "event", "outcome": "success", "provider": "Microsoft-Windows-Security-Auditing"}, "host": {"name": "CLIENT3.breach.local"}, "log": {"level": "information"}, "winlog": {"activity_id": "{b64e32c3-56a6-0000-4833-4eb6a656db01}", "api": "wineventlog", "channel": "Security", "computer_name": "CLIENT3.breach.local", "event_data": {"AuthenticationPackageName": "Negotiate", "ElevatedToken": "%%1842", "ImpersonationLevel": "%%1833", "IpAddress": "-", "IpPort": "-", "KeyLength": "0", "LmPackageName": "-", "LogonGuid": "{00000000-0000-0000-0000-000000000000}", "LogonProcessName": "Advapi  ", "LogonType": "5", "ProcessId": "0x254", "ProcessName": "C:\\Windows\\System32\\services.exe", "RestrictedAdminMode": "-", "SubjectDomainName": "BREACH", "SubjectLogonId": "0x3e7", "SubjectUserName": "CLIENT3$", "SubjectUserSid": "S-1-5-18", "TargetDomainName": "NT AUTHORITY", "TargetLinkedLogonId": "0x0", "TargetLogonId": "0x3e7", "TargetOutboundDomainName": "-", "TargetOutboundUserName": "-", "TargetUserName": "SYSTEM", "TargetUserSid": "S-1-5-18", "TransmittedServices": "-", "VirtualAccount": "%%1843", "WorkstationName": "-"}, "event_id": 4624, "keywords": ["Audit Success"], "opcode": "Info", "process": {"pid": 636, "thread": {"id": 6512}}, "provider_guid": "{54849625-5478-4994-a5ba-3e3b0328c30d}", "provider_name": "Microsoft-Windows-Security-Auditing", "record_id": 22310, "task": "Logon", "version": 2}}
{"@timestamp": "2024-12-25T12:10:00.715Z", "agent": {"ephemeral_id": "8ac15dc1-7111-4b70-ab2b-b51e7b397251", "hostname": "CLIENT3", "id": "c35095e9-5f9f-4084-a651-3aaa2966847a", "name": "CLIENT3", "type": "winlogbeat", "version": "7.10.2"}, "ecs": {"version": "1.5.0"}, "event": {"action": "Special Logon", "code": 4672, "created": "2024-12-25T12:10:02.592Z", "kind": "event", "outcome": "success", "provider": "Microsoft-Windows-Security-Auditing"}, "host": {"name": "CLIENT3.breach.local"}, "log": {"level": "information"}, "winlog": {"activity_id": "{b64e32c3-56a6-0000-4833-4eb6a656db01}", "api": "wineventlog", "channel": "Security", "computer_name": "CLIENT3.breach.local", "event_data": {"PrivilegeList": "SeAssignPrimaryTokenPrivilege\n\t\t\tSeTcbPrivilege\n\t\t\tSeSecurityPrivilege\n\t\t\tSeTakeOwnershipPrivilege\n\t\t\tSeLoadDriverPrivilege\n\t\t\tSeBackupPrivilege\n\t\t\tSeRestorePrivilege\n\t\t\tSeDebugPrivilege\n\t\t\tSeAuditPrivilege\n\t\t\tSeSystemEnvironmentPrivilege\n\t\t\tSeImpersonatePrivilege\n\t\t\tSeDelegateSessionUserImpersonatePrivilege", "SubjectDomainName": "NT AUTHORITY", "SubjectLogonId": "0x3e7", "SubjectUserName": "SYSTEM", "SubjectUserSid": "S-1-5-18"}, "event_id": 4672, "keywords": ["Audit Success"], "opcode": "Info", "process": {"pid": 636, "thread": {"id": 6512}}, "provider_guid": "{54849625-5478-4994-a5ba-3e3b0328c30d}", "provider_name": "Microsoft-Windows-Security-Auditing", "record_id": 22311, "task": "Special Logon"}}
{"@timestamp": "2024-12-25T12:10:00.718Z", "agent": {"ephemeral_id": "8ac15dc1-7111-4b70-ab2b-b51e7b397251", "hostname": "CLIENT3", "id": "c35095e9-5f9f-4084-a651-3aaa2966847a", "name": "CLIENT3", "type": "winlogbeat", "version": "7.10.2"}, "ecs": {"version": "1.5.0"}, "event": {"action": "Process Create (rule: ProcessCreate)", "category": ["process"], "code": 1, "created": "2024-12-25T12:10:00.914Z", "kind": "event", "module": "sysmon", "provider": "Microsoft-Windows-Sysmon", "type": ["start", "process_start"]}, "hash": {"imphash": "f9bbd96fae53b7a31264a703cafa0666", "md5": "f586835082f632dc8d9404d83bc16316", "sha1": "010db07461e45b41c886192df6fd425ba8d42d82", "sha256": "643ec58e82e0272c97c2a59f6020970d881af19c0ad5029db9c958c13b6558c7"}, "host": {"name": "CLIENT3.breach.local"}, "log": {"level": "information"}, "process": {"args": ["C:\\Windows\\System32\\svchost.exe", "-k", "LocalSystemNetworkRestricted", "-p", "-s", "WdiSystemHost"], "command_line": "C:\\Windows\\System32\\svchost.exe -k LocalSystemNetworkRestricted -p -s WdiSystemHost", "entity_id": "{416dd0c5-f618-676b-9d02-000000000900}", "executable": "C:\\Windows\\System32\\svchost.exe", "hash": {"md5": "f586835082f632dc8d9404d83bc16316", "sha1": "010db07461e45b41c886192df6fd425ba8d42d82", "sha256": "643ec58e82e0272c97c2a59f6020970d881af19c0ad5029db9c958c13b6558c7"}, "name": "svchost.exe", "parent": {"args": ["C:\\Windows\\system32\\services.exe"], "command_line": "C:\\Windows\\system32\\services.exe", "entity_id": "{416dd0c5-c1d7-676b-0b00-000000000900}", "executable": "C:\\Windows\\System32\\services.exe", "name": "services.exe", "pid": 596}, "pe": {"imphash": "f9bbd96fae53b7a31264a703cafa0666"}, "pid": 9020, "working_directory": "C:\\Windows\\system32\\"}, "related": {"hash": ["010db07461e45b41c886192df6fd425ba8d42d82", "f586835082f632dc8d9404d83bc16316", "643ec58e82e0272c97c2a59f6020970d881af19c0ad5029db9c958c13b6558c7", "f9bbd96fae53b7a31264a703cafa0666"], "user": "SYSTEM"}, "user": {"domain": "NT AUTHORITY", "name": "SYSTEM"}, "winlog": {"api": "wineventlog", "channel": "Microsoft-Windows-Sysmon/Operational", "computer_name": "CLIENT3.breach.local", "event_data": {"Company": "Microsoft Corporation", "Description": "Host Process for Windows Services", "FileVersion": "10.0.19041.546 (WinBuild.160101.0800)", "IntegrityLevel": "System", "LogonGuid": "{416dd0c5-c1d7-676b-e703-000000000000}", "LogonId": "0x3e7", "OriginalFileName": "svchost.exe", "ParentUser": "NT AUTHORITY\\SYSTEM", "Product": "Microsoft\u00ae Windows\u00ae Operating System", "RuleName": "-", "TerminalSessionId": "0"}, "event_id": 1, "opcode": "Info", "process": {"pid": 2816, "thread": {"id": 3300}}, "provider_guid": "{5770385f-c22a-43e0-bf4c-06f5698ffbd9}", "provider_name": "Microsoft-Windows-Sysmon", "record_id": 1042388, "task": "Process Create (rule: ProcessCreate)", "user": {"domain": "NT AUTHORITY", "identifier": "S-1-5-18", "name": "SYSTEM", "type": "User"}, "version": 5}}
{"@timestamp": "2024-12-25T12:10:18.962Z", "agent": {"ephemeral_id": "8ac15dc1-7111-4b70-ab2b-b51e7b397251", "hostname": "CLIENT3", "id": "c35095e9-5f9f-4084-a651-3aaa2966847a", "name": "CLIENT3", "type": "winlogbeat", "version": "7.10.2"}, "ecs": {"version": "1.5.0"}, "event": {"action": "Logon", "code": 4625, "created": "2024-12-25T12:10:20.796Z", "kind": "event", "outcome": "failure", "provider": "Microsoft-Windows-Security-Auditing"}, "host": {"name": "CLIENT3.breach.local"}, "log": {"level": "information"}, "winlog": {"api": "wineventlog", "channel": "Security", "computer_name": "CLIENT3.breach.local", "event_data": {"AuthenticationPackageName": "NTLM", "FailureReason": "%%2313", "IpAddress": "172.16.1.13", "IpPort": "62328", "KeyLength": "0", "LmPackageName": "-", "LogonProcessName": "NtLmSsp ", "LogonType": "3", "ProcessId": "0x0", "ProcessName": "-", "Status": "0xc000006d", "SubStatus": "0xc000006a", "SubjectDomainName": "-", "SubjectLogonId": "0x0", "SubjectUserName": "-", "SubjectUserSid": "S-1-0-0", "TargetDomainName": "BREACH", "TargetUserName": "client3", "TargetUserSid": "S-1-0-0", "TransmittedServices": "-", "WorkstationName": "CLIENT12"}, "event_id": 4625, "keywords": ["Audit Failure"], "opcode": "Info", "process": {"pid": 636, "thread": {"id": 640}}, "provider_guid": "{54849625-5478-4994-a5ba-3e3b0328c30d}", "provider_name": "Microsoft-Windows-Security-Auditing", "record_id": 24269, "task": "Logon", "version": 0}}
{"@timestamp": "2024-12-25T12:11:02.860Z", "agent": {"ephemeral_id": "8ac15dc1-7111-4b70-ab2b-b51e7b397251", "hostname": "CLIENT3", "id": "c35095e9-5f9f-4084-a651-3aaa2966847a", "name": "CLIENT3", "type": "winlogbeat", "version": "7.10.2"}, "ecs": {"version": "1.5.0"}, "event": {"action": "Logon", "code": 4625, "created": "2024-12-25T12:11:04.694Z", "kind": "event", "outcome": "failure", "provider": "Microsoft-Windows-Security-Auditing"}, "host": {"name": "CLIENT3.breach.local"}, "log": {"level": "information"}, "winlog": {"api": "wineventlog", "channel": "Security", "computer_name": "CLIENT3.breach.local", "event_data": {"AuthenticationPackageName": "NTLM", "FailureReason": "%%2313", "IpAddress": "172.16.1.13", "IpPort": "56530", "KeyLength": "0", "LmPackageName": "-", "LogonProcessName": "NtLmSsp ", "LogonType": "3", "ProcessId": "0x0", "ProcessName": "-", "Status": "0xc000006d", "SubStatus": "0xc000006a", "SubjectDomainName": "-", "SubjectLogonId": "0x0", "SubjectUserName": "-", "SubjectUserSid": "S-1-0-0", "TargetDomainName": "BREACH", "TargetUserName": "client3", "TargetUserSid": "S-1-0-0", "TransmittedServices": "-", "WorkstationName": "CLIENT12"}, "event_id": 4625, "keywords": ["Audit Failure"], "opcode": "Info", "process": {"pid": 636, "thread": {"id": 640}}, "provider_guid": "{54849625-5478-4994-a5ba-3e3b0328c30d}", "provider_name": "Microsoft-Windows-Security-Auditing", "record_id": 24270, "task": "Logon", "version": 0}}
{"@timestamp": "2024-12-25T12:11:25.188Z", "agent": {"ephemeral_id": "8ac15dc1-7111-4b70-ab2b-b51e7b397251", "hostname": "CLIENT3", "id": "c35095e9-5f9f-4084-a651-3aaa2966847a", "name": "CLIENT3", "type": "winlogbeat", "version": "7.10.2"}, "ecs": {"version": "1.5.0"}, "event": {"action": "Process Create (rule: ProcessCreate)", "category": ["process"], "code": 1, "created": "2024-12-25T12:11:27.816Z", "kind": "event", "module": "sysmon", "provider": "Microsoft-Windows-Sysmon", "type": ["start", "process_start"]}, "hash": {"imphash": "3c2fc59273192a34f1aa4a59df3b348e", "md5": "922f7003fca657359db03cc02941124d", "sha1": "27fae46e4e377467f2d5f9e37a5a8cb19b39b9ec", "sha256": "5da31132fd6a415e71e3fd40c3a23853a799b91ea2821d2bcbf1bf0e8fa01e16"}, "host": {"name": "CLIENT3.breach.local"}, "log": {"level": "information"}, "process": {"args": ["C:\\Python37\\python.exe", "-c", "from multiprocessing.spawn import spawn_main; spawn_main(parent_pid=7056, pipe_handle=316)", "--multiprocessing-fork"], "command_line": "\"C:\\Python37\\python.exe\" \"-c\" \"from multiprocessing.spawn import spawn_main; spawn_main(parent_pid=7056, pipe_handle=316)\" \"--multiprocessing-fork\"", "entity_id": "{416dd0c5-f66d-676b-9e02-000000000900}", "executable": "C:\\Python37\\python.exe", "hash": {"md5": "922f7003fca657359db03cc02941124d", "sha1": "27fae46e4e377467f2d5f9e37a5a8cb19b39b9ec", "sha256": "5da31132fd6a415e71e3fd40c3a23853a799b91ea2821d2bcbf1bf0e8fa01e16"}, "name": "python.exe", "parent": {"args": ["C:\\Python37\\python.exe", "C:\\BREACH\\userbehavior\\main.py"], "command_line": "C:\\Python37\\python.exe \"C:\\BREACH\\userbehavior\\main.py\" ", "entity_id": "{416dd0c5-c207-676b-a100-000000000900}", "executable": "C:\\Python37\\python.exe", "name": "python.exe", "pid": 7056}, "pe": {"imphash": "3c2fc59273192a34f1aa4a59df3b348e"}, "pid": 9532, "working_directory": "C:\\BREACH\\"}, "related": {"hash": ["27fae46e4e377467f2d5f9e37a5a8cb19b39b9ec", "922f7003fca657359db03cc02941124d", "5da31132fd6a415e71e3fd40c3a23853a799b91ea2821d2bcbf1bf0e8fa01e16", "3c2fc59273192a34f1aa4a59df3b348e"], "user": "client3"}, "user": {"domain": "BREACH", "name": "client3"}, "winlog": {"api": "wineventlog", "channel": "Microsoft-Windows-Sysmon/Operational", "computer_name": "CLIENT3.breach.local", "event_data": {"Company": "Python Software Foundation", "Description": "Python", "FileVersion": "3.7.3", "IntegrityLevel": "Medium", "LogonGuid": "{416dd0c5-c1e0-676b-a14b-040000000000}", "LogonId": "0x44ba1", "OriginalFileName": "python.exe", "ParentUser": "BREACH\\client3", "Product": "Python", "RuleName": "-", "TerminalSessionId": "1"}, "event_id": 1, "opcode": "Info", "process": {"pid": 2816, "thread": {"id": 3300}}, "provider_guid": "{5770385f-c22a-43e0-bf4c-06f5698ffbd9}", "provider_name": "Microsoft-Windows-Sysmon", "record_id": 1047035, "task": "Process Create (rule: ProcessCreate)", "user": {"domain": "NT AUTHORITY", "identifier": "S-1-5-18", "name": "SYSTEM", "type": "User"}, "version": 5}}
{"@timestamp": "2024-12-25T12:11:46.266Z", "agent": {"ephemeral_id": "8ac15dc1-7111-4b70-ab2b-b51e7b397251", "hostname": "CLIENT3", "id": "c35095e9-5f9f-4084-a651-3aaa2966847a", "name": "CLIENT3", "type": "winlogbeat", "version": "7.10.2"}, "ecs": {"version": "1.5.0"}, "event": {"action": "Logon", "code": 4625, "created": "2024-12-25T12:11:48.100Z", "kind": "event", "outcome": "failure", "provider": "Microsoft-Windows-Security-Auditing"}, "host": {"name": "CLIENT3.breach.local"}, "log": {"level": "information"}, "winlog": {"api": "wineventlog", "channel": "Security", "computer_name": "CLIENT3.breach.local", "event_data": {"AuthenticationPackageName": "NTLM", "FailureReason": "%%2313", "IpAddress": "172.16.1.13", "IpPort": "54515", "KeyLength": "0", "LmPackageName": "-", "LogonProcessName": "NtLmSsp ", "LogonType": "3", "ProcessId": "0x0", "ProcessName": "-", "Status": "0xc000006d", "SubStatus": "0xc000006a", "SubjectDomainName": "-", "SubjectLogonId": "0x0", "SubjectUserName": "-", "SubjectUserSid": "S-1-0-0", "TargetDomainName": "BREACH", "TargetUserName": "client3", "TargetUserSid": "S-1-0-0", "TransmittedServices": "-", "WorkstationName": "CLIENT12"}, "event_id": 4625, "keywords": ["Audit Failure"], "opcode": "Info", "process": {"pid": 636, "thread": {"id": 640}}, "provider_guid": "{54849625-5478-4994-a5ba-3e3b0328c30d}", "provider_name": "Microsoft-Windows-Security-Auditing", "record_id": 24271, "task": "Logon", "version": 0}}
{"@timestamp": "2024-12-25T12:11:52.483Z", "agent": {"ephemeral_id": "8ac15dc1-7111-4b70-ab2b-b51e7b397251", "hostname": "CLIENT3", "id": "c35095e9-5f9f-4084-a651-3aaa2966847a", "name": "CLIENT3", "type": "winlogbeat", "version": "7.10.2"}, "ecs": {"version": "1.5.0"}, "event": {"action": "Process Create (rule: ProcessCreate)", "category": ["process"], "code": 1, "created": "2024-12-25T12:11:56.845Z", "kind": "event", "module": "sysmon", "provider": "Microsoft-Windows-Sysmon", "type": ["start", "process_start"]}, "hash": {"imphash": "272245e2988e1e430500b852c4fb5e18", "md5": "8a2122e8162dbef04694b9c3e0b6cdee", "sha1": "f1efb0fddc156e4c61c5f78a54700e4e7984d55d", "sha256": "b99d61d874728edc0918ca0eb10eab93d381e7367e377406e65963366c874450"}, "host": {"name": "CLIENT3.breach.local"}, "log": {"level": "information"}, "process": {"args": ["C:\\Windows\\system32\\cmd.exe", "/c", "C:\\\\Program", "Files", "(x86)\\\\LibreOffice", "4\\\\program\\\\soffice.exe --norestore C:\\Users\\client3\\Documents\\we.doc"], "command_line": "C:\\Windows\\system32\\cmd.exe /c \"\"C:\\\\Program Files (x86)\\\\LibreOffice 4\\\\program\\\\soffice.exe\" --norestore C:\\Users\\client3\\Documents\\we.doc\"", "entity_id": "{416dd0c5-f688-676b-9f02-000000000900}", "executable": "C:\\Windows\\System32\\cmd.exe", "hash": {"md5": "8a2122e8162dbef04694b9c3e0b6cdee", "sha1": "f1efb0fddc156e4c61c5f78a54700e4e7984d55d", "sha256": "b99d61d874728edc0918ca0eb10eab93d381e7367e377406e65963366c874450"}, "name": "cmd.exe", "parent": {"args": ["C:\\Python37\\python.exe", "-c", "from multiprocessing.spawn import spawn_main; spawn_main(parent_pid=7056, pipe_handle=316)", "--multiprocessing-fork"], "command_line": "\"C:\\Python37\\python.exe\" \"-c\" \"from multiprocessing.spawn import spawn_main; spawn_main(parent_pid=7056, pipe_handle=316)\" \"--multiprocessing-fork\"", "entity_id": "{416dd0c5-f66d-676b-9e02-000000000900}", "executable": "C:\\Python37\\python.exe", "name": "python.exe", "pid": 9532}, "pe": {"imphash": "272245e2988e1e430500b852c4fb5e18"}, "pid": 9792, "working_directory": "C:\\BREACH\\"}, "related": {"hash": ["f1efb0fddc156e4c61c5f78a54700e4e7984d55d", "8a2122e8162dbef04694b9c3e0b6cdee", "b99d61d874728edc0918ca0eb10eab93d381e7367e377406e65963366c874450", "272245e2988e1e430500b852c4fb5e18"], "user": "client3"}, "user": {"domain": "BREACH", "name": "client3"}, "winlog": {"api": "wineventlog", "channel": "Microsoft-Windows-Sysmon/Operational", "computer_name": "CLIENT3.breach.local", "event_data": {"Company": "Microsoft Corporation", "Description": "Windows Command Processor", "FileVersion": "10.0.19041.746 (WinBuild.160101.0800)", "IntegrityLevel": "Medium", "LogonGuid": "{416dd0c5-c1e0-676b-a14b-040000000000}", "LogonId": "0x44ba1", "OriginalFileName": "Cmd.Exe", "ParentUser": "BREACH\\client3", "Product": "Microsoft\u00ae Windows\u00ae Operating System", "RuleName": "-", "TerminalSessionId": "1"}, "event_id": 1, "opcode": "Info", "process": {"pid": 2816, "thread": {"id": 3300}}, "provider_guid": "{5770385f-c22a-43e0-bf4c-06f5698ffbd9}", "provider_name": "Microsoft-Windows-Sysmon", "record_id": 1047494, "task": "Process Create (rule: ProcessCreate)", "user": {"domain": "NT AUTHORITY", "identifier": "S-1-5-18", "name": "SYSTEM", "type": "User"}, "version": 5}}
{"@timestamp": "2024-12-25T12:11:52.599Z", "agent": {"ephemeral_id": "8ac15dc1-7111-4b70-ab2b-b51e7b397251", "hostname": "CLIENT3", "id": "c35095e9-5f9f-4084-a651-3aaa2966847a", "name": "CLIENT3", "type": "winlogbeat", "version": "7.10.2"}, "ecs": {"version": "1.5.0"}, "event": {"action": "Process Create (rule: ProcessCreate)", "category": ["process"], "code": 1, "created": "2024-12-25T12:11:56.847Z", "kind": "event", "module": "sysmon", "provider": "Microsoft-Windows-Sysmon", "type": ["start", "process_start"]}, "hash": {"imphash": "21f2b04648b4f2ec519b7967a2f890f1", "md5": "655d31a4e94a14f91cdb9e6293aef885", "sha1": "018a733478611013b013dce09cd295caf049f1e1", "sha256": "187cce75722d9bcad2f7c179f536fe2eeccd2a8d26146a0b4781503e318463da"}, "host": {"name": "CLIENT3.breach.local"}, "log": {"level": "information"}, "process": {"args": ["C:\\\\Program Files (x86)\\\\LibreOffice 4\\\\program\\\\soffice.exe", "--norestore", "C:\\Users\\client3\\Documents\\we.doc"], "command_line": "\"C:\\\\Program Files (x86)\\\\LibreOffice 4\\\\program\\\\soffice.exe\"  --norestore C:\\Users\\client3\\Documents\\we.doc", "entity_id": "{416dd0c5-f688-676b-a002-000000000900}", "executable": "C:\\Program Files (x86)\\LibreOffice 4\\program\\soffice.exe", "hash": {"md5": "655d31a4e94a14f91cdb9e6293aef885", "sha1": "018a733478611013b013dce09cd295caf049f1e1", "sha256": "187cce75722d9bcad2f7c179f536fe2eeccd2a8d26146a0b4781503e318463da"}, "name": "soffice.exe", "parent": {"args": ["C:\\Windows\\system32\\cmd.exe", "/c", "C:\\\\Program", "Files", "(x86)\\\\LibreOffice", "4\\\\program\\\\soffice.exe --norestore C:\\Users\\client3\\Documents\\we.doc"], "command_line": "C:\\Windows\\system32\\cmd.exe /c \"\"C:\\\\Program Files (x86)\\\\LibreOffice 4\\\\program\\\\soffice.exe\" --norestore C:\\Users\\client3\\Documents\\we.doc\"", "entity_id": "{416dd0c5-f688-676b-9f02-000000000900}", "executable": "C:\\Windows\\System32\\cmd.exe", "name": "cmd.exe", "pid": 9792}, "pe": {"imphash": "21f2b04648b4f2ec519b7967a2f890f1"}, "pid": 9808, "working_directory": "C:\\BREACH\\"}, "related": {"hash": ["018a733478611013b013dce09cd295caf049f1e1", "655d31a4e94a14f91cdb9e6293aef885", "187cce75722d9bcad2f7c179f536fe2eeccd2a8d26146a0b4781503e318463da", "21f2b04648b4f2ec519b7967a2f890f1"], "user": "client3"}, "user": {"domain": "BREACH", "name": "client3"}, "winlog": {"api": "wineventlog", "channel": "Microsoft-Windows-Sysmon/Operational", "computer_name": "CLIENT3.breach.local", "event_data": {"Company": "The Document Foundation", "Description": "LibreOffice", "FileVersion": "4.2.5.2", "IntegrityLevel": "Medium", "LogonGuid": "{416dd0c5-c1e0-676b-a14b-040000000000}", "LogonId": "0x44ba1", "OriginalFileName": "soffice.exe", "ParentUser": "BREACH\\client3", "Product": "LibreOffice", "RuleName": "-", "TerminalSessionId": "1"}, "event_id": 1, "opcode": "Info", "process": {"pid": 2816, "thread": {"id": 3300}}, "provider_guid": "{5770385f-c22a-43e0-bf4c-06f5698ffbd9}", "provider_name": "Microsoft-Windows-Sysmon", "record_id": 1047509, "task": "Process Create (rule: ProcessCreate)", "user": {"domain": "NT AUTHORITY", "identifier": "S-1-5-18", "name": "SYSTEM", "type": "User"}, "version": 5}}
{"@timestamp": "2024-12-25T12:11:52.669Z", "agent": {"ephemeral_id": "8ac15dc1-7111-4b70-ab2b-b51e7b397251", "hostname": "CLIENT3", "id": "c35095e9-5f9f-4084-a651-3aaa2966847a", "name": "CLIENT3", "type": "winlogbeat", "version": "7.10.2"}, "ecs": {"version": "1.5.0"}, "event": {"action": "Process Create (rule: ProcessCreate)", "category": ["process"], "code": 1, "created": "2024-12-25T12:11:56.969Z", "kind": "event", "module": "sysmon", "provider": "Microsoft-Windows-Sysmon", "type": ["start", "process_start"]}, "hash": {"imphash": "99697043124b69c5f4c42ad06fa1dde9", "md5": "a8d6bfcede1920faac7fd4163f02c29d", "sha1": "dc95b8d348b2aceabadbf434cd44ce1e31581bc4", "sha256": "2f9a4d7157971bc0074f5362089b8ea725a4e501a6ee2b447bd6f3bde17fbbd3"}, "host": {"name": "CLIENT3.breach.local"}, "log": {"level": "information"}, "process": {"args": ["C:\\\\Program Files (x86)\\\\LibreOffice 4\\\\program\\\\soffice.exe", "--norestore", "C:\\Users\\client3\\Documents\\we.doc", "-env:OOO_CWD=2C:\\\\BREACH"], "command_line": "\"C:\\\\Program Files (x86)\\\\LibreOffice 4\\\\program\\\\soffice.exe\" \"--norestore\" \"C:\\Users\\client3\\Documents\\we.doc\" \"-env:OOO_CWD=2C:\\\\BREACH\"", "entity_id": "{416dd0c5-f688-676b-a102-000000000900}", "executable": "C:\\Program Files (x86)\\LibreOffice 4\\program\\soffice.bin", "hash": {"md5": "a8d6bfcede1920faac7fd4163f02c29d", "sha1": "dc95b8d348b2aceabadbf434cd44ce1e31581bc4", "sha256": "2f9a4d7157971bc0074f5362089b8ea725a4e501a6ee2b447bd6f3bde17fbbd3"}, "name": "soffice.bin", "parent": {"args": ["C:\\\\Program Files (x86)\\\\LibreOffice 4\\\\program\\\\soffice.exe", "--norestore", "C:\\Users\\client3\\Documents\\we.doc"], "command_line": "\"C:\\\\Program Files (x86)\\\\LibreOffice 4\\\\program\\\\soffice.exe\"  --norestore C:\\Users\\client3\\Documents\\we.doc", "entity_id": "{416dd0c5-f688-676b-a002-000000000900}", "executable": "C:\\Program Files (x86)\\LibreOffice 4\\program\\soffice.exe", "name": "soffice.exe", "pid": 9808}, "pe": {"imphash": "99697043124b69c5f4c42ad06fa1dde9"}, "pid": 9836, "working_directory": "C:\\Program Files (x86)\\LibreOffice 4\\program\\"}, "related": {"hash": ["dc95b8d348b2aceabadbf434cd44ce1e31581bc4", "a8d6bfcede1920faac7fd4163f02c29d", "2f9a4d7157971bc0074f5362089b8ea725a4e501a6ee2b447bd6f3bde17fbbd3", "99697043124b69c5f4c42ad06fa1dde9"], "user": "client3"}, "user": {"domain": "BREACH", "name": "client3"}, "winlog": {"api": "wineventlog", "channel": "Microsoft-Windows-Sysmon/Operational", "computer_name": "CLIENT3.breach.local", "event_data": {"Company": "The Document Foundation", "Description": "LibreOffice", "FileVersion": "4.2.5.2", "IntegrityLevel": "Medium", "LogonGuid": "{416dd0c5-c1e0-676b-a14b-040000000000}", "LogonId": "0x44ba1", "OriginalFileName": "soffice.exe", "ParentUser": "BREACH\\client3", "Product": "LibreOffice", "RuleName": "-", "TerminalSessionId": "1"}, "event_id": 1, "opcode": "Info", "process": {"pid": 2816, "thread": {"id": 3300}}, "provider_guid": "{5770385f-c22a-43e0-bf4c-06f5698ffbd9}", "provider_name": "Microsoft-Windows-Sysmon", "record_id": 1047536, "task": "Process Create (rule: ProcessCreate)", "user": {"domain": "NT AUTHORITY", "identifier": "S-1-5-18", "name": "SYSTEM", "type": "User"}, "version": 5}}
