{"@timestamp": "2024-12-25T12:50:27.761Z", "agent": {"ephemeral_id": "40c9e4ba-4bee-432b-8cb0-d9b7a54ac8fa", "hostname": "CLIENT12", "id": "c35095e9-5f9f-4084-a651-3aaa2966847a", "name": "CLIENT12", "type": "winlogbeat", "version": "7.10.2"}, "ecs": {"version": "1.5.0"}, "event": {"action": "Process Create (rule: ProcessCreate)", "category": ["process"], "code": 1, "created": "2024-12-25T12:50:38.642Z", "kind": "event", "module": "sysmon", "provider": "Microsoft-Windows-Sysmon", "type": ["start", "process_start"]}, "hash": {"imphash": "51bef41e5cd278a02c17451af095c288", "md5": "45cfba3f1b54d79d1d6c8fbb77ba9870", "sha1": "6b95bf67ea45de4b98cc6ee89364d66ead46abfb", "sha256": "491971090692d470846169aee2343091eaf173715694449eb48b97addf62538c"}, "host": {"name": "CLIENT12.breach.local"}, "log": {"level": "information"}, "process": {"args": ["C:\\Program Files (x86)\\Mozilla Firefox\\firefox.exe", "-contentproc", "-parentBuildID", "20241209150345", "-sandboxingKind", "0", "-prefsHandle", "4444", "-prefsLen", "39084", "-prefMapHandle", "4464", "-prefMapSize", "265948", "-ipcHandle", "4572", "-initialChannelId", "{48178b0e-678d-48ce-99f5-f19c412551c3}", "-parentPid", "7668", "-crashReporter", "\\\\.\\pipe\\gecko-crash-server-pipe.7668", "-win32kLockedDown", "-appDir", "C:\\Program Files (x86)\\Mozilla Firefox\\browser", "-", "5", "utility"], "command_line": "\"C:\\Program Files (x86)\\Mozilla Firefox\\firefox.exe\" -contentproc -parentBuildID 20241209150345 -sandboxingKind 0 -prefsHandle 4444 -prefsLen 39084 -prefMapHandle 4464 -prefMapSize 265948 -ipcHandle 4572 -initialChannelId {48178b0e-678d-48ce-99f5-f19c412551c3} -parentPid 7668 -crashReporter \"\\\\.\\pipe\\gecko-crash-server-pipe.7668\" -win32kLockedDown -appDir \"C:\\Program Files (x86)\\Mozilla Firefox\\browser\" - 5 utility", "entity_id": "{416dd0c5-ff93-676b-2b03-000000000900}", "executable": "C:\\Program Files (x86)\\Mozilla Firefox\\firefox.exe", "hash": {"md5": "45cfba3f1b54d79d1d6c8fbb77ba9870", "sha1": "6b95bf67ea45de4b98cc6ee89364d66ead46abfb", "sha256": "491971090692d470846169aee2343091eaf173715694449eb48b97addf62538c"}, "name": "firefox.exe", "parent": {"args": ["C:\\Program Files (x86)\\Mozilla Firefox\\firefox.exe", "--marionette", "--remote-debugging-port", "59384", "--remote-allow-hosts", "localhost", "-no-remote", "-profile", "C:\\Users\\client12\\AppData\\Local\\Temp\\rust_mozprofile7qWquL"], "command_line": "\"C:\\Program Files (x86)\\Mozilla Firefox\\firefox.exe\" --marionette --remote-debugging-port 59384 --remote-allow-hosts localhost -no-remote -profile C:\\Users\\client12\\AppData\\Local\\Temp\\rust_mozprofile7qWquL", "entity_id": "{416dd0c5-ff8f-676b-2603-000000000900}", "executable": "C:\\Program Files (x86)\\Mozilla Firefox\\firefox.exe", "name": "firefox.exe", "pid": 7668}, "pe": {"imphash": "51bef41e5cd278a02c17451af095c288"}, "pid": 2616, "working_directory": "C:\\BREACH\\"}, "related": {"hash": ["6b95bf67ea45de4b98cc6ee89364d66ead46abfb", "45cfba3f1b54d79d1d6c8fbb77ba9870", "491971090692d470846169aee2343091eaf173715694449eb48b97addf62538c", "51bef41e5cd278a02c17451af095c288"], "user": "client12"}, "user": {"domain": "BREACH", "name": "client12"}, "winlog": {"api": "wineventlog", "channel": "Microsoft-Windows-Sysmon/Operational", "computer_name": "CLIENT12.breach.local", "event_data": {"Company": "Mozilla Corporation", "Description": "Firefox", "FileVersion": "133.0.3", "IntegrityLevel": "Low", "LogonGuid": "{416dd0c5-c0ee-676b-96d9-040000000000}", "LogonId": "0x4d996", "OriginalFileName": "firefox.exe", "ParentUser": "BREACH\\client12", "Product": "Firefox", "RuleName": "-", "TerminalSessionId": "1"}, "event_id": 1, "opcode": "Info", "process": {"pid": 2840, "thread": {"id": 3148}}, "provider_guid": "{5770385f-c22a-43e0-bf4c-06f5698ffbd9}", "provider_name": "Microsoft-Windows-Sysmon", "record_id": 871911, "task": "Process Create (rule: ProcessCreate)", "user": {"domain": "NT AUTHORITY", "identifier": "S-1-5-18", "name": "SYSTEM", "type": "User"}, "version": 5}}
{"@timestamp": "2024-12-25T12:50:27.815Z", "agent": {"ephemeral_id": "40c9e4ba-4bee-432b-8cb0-d9b7a54ac8fa", "hostname": "CLIENT12", "id": "c35095e9-5f9f-4084-a651-3aaa2966847a", "name": "CLIENT12", "type": "winlogbeat", "version": "7.10.2"}, "ecs": {"version": "1.5.0"}, "event": {"action": "Process Create (rule: ProcessCreate)", "category": ["process"], "code": 1, "created": "2024-12-25T12:50:38.836Z", "kind": "event", "module": "sysmon", "provider": "Microsoft-Windows-Sysmon", "type": ["start", "process_start"]}, "hash": {"imphash": "51bef41e5cd278a02c17451af095c288", "md5": "45cfba3f1b54d79d1d6c8fbb77ba9870", "sha1": "6b95bf67ea45de4b98cc6ee89364d66ead46abfb", "sha256": "491971090692d470846169aee2343091eaf173715694449eb48b97addf62538c"}, "host": {"name": "CLIENT12.breach.local"}, "log": {"level": "information"}, "process": {"args": ["C:\\Program Files (x86)\\Mozilla Firefox\\firefox.exe", "-contentproc", "-isForBrowser", "-prefsHandle", "4464", "-prefsLen", "37201", "-prefMapHandle", "4444", "-prefMapSize", "265948", "-jsInitHandle", "4616", "-jsInitLen", "234660", "-parentBuildID", "20241209150345", "-ipcHandle", "4712", "-initialChannelId", "{a3255e95-e250-40f2-ac45-1250e8b9bf14}", "-parentPid", "7668", "-crashReporter", "\\\\.\\pipe\\gecko-crash-server-pipe.7668", "-win32kLockedDown", "-appDir", "C:\\Program Files (x86)\\Mozilla Firefox\\browser", "-", "6", "tab"], "command_line": "\"C:\\Program Files (x86)\\Mozilla Firefox\\firefox.exe\" -contentproc -isForBrowser -prefsHandle 4464 -prefsLen 37201 -prefMapHandle 4444 -prefMapSize 265948 -jsInitHandle 4616 -jsInitLen 234660 -parentBuildID 20241209150345 -ipcHandle 4712 -initialChannelId {a3255e95-e250-40f2-ac45-1250e8b9bf14} -parentPid 7668 -crashReporter \"\\\\.\\pipe\\gecko-crash-server-pipe.7668\" -win32kLockedDown -appDir \"C:\\Program Files (x86)\\Mozilla Firefox\\browser\" - 6 tab", "entity_id": "{416dd0c5-ff93-676b-2c03-000000000900}", "executable": "C:\\Program Files (x86)\\Mozilla Firefox\\firefox.exe", "hash": {"md5": "45cfba3f1b54d79d1d6c8fbb77ba9870", "sha1": "6b95bf67ea45de4b98cc6ee89364d66ead46abfb", "sha256": "491971090692d470846169aee2343091eaf173715694449eb48b97addf62538c"}, "name": "firefox.exe", "parent": {"args": ["C:\\Program Files (x86)\\Mozilla Firefox\\firefox.exe", "--marionette", "--remote-debugging-port", "59384", "--remote-allow-hosts", "localhost", "-no-remote", "-profile", "C:\\Users\\client12\\AppData\\Local\\Temp\\rust_mozprofile7qWquL"], "command_line": "\"C:\\Program Files (x86)\\Mozilla Firefox\\firefox.exe\" --marionette --remote-debugging-port 59384 --remote-allow-hosts localhost -no-remote -profile C:\\Users\\client12\\AppData\\Local\\Temp\\rust_mozprofile7qWquL", "entity_id": "{416dd0c5-ff8f-676b-2603-000000000900}", "executable": "C:\\Program Files (x86)\\Mozilla Firefox\\firefox.exe", "name": "firefox.exe", "pid": 7668}, "pe": {"imphash": "51bef41e5cd278a02c17451af095c288"}, "pid": 1300, "working_directory": "C:\\BREACH\\"}, "related": {"hash": ["6b95bf67ea45de4b98cc6ee89364d66ead46abfb", "45cfba3f1b54d79d1d6c8fbb77ba9870", "491971090692d470846169aee2343091eaf173715694449eb48b97addf62538c", "51bef41e5cd278a02c17451af095c288"], "user": "client12"}, "user": {"domain": "BREACH", "name": "client12"}, "winlog": {"api": "wineventlog", "channel": "Microsoft-Windows-Sysmon/Operational", "computer_name": "CLIENT12.breach.local", "event_data": {"Company": "Mozilla Corporation", "Description": "Firefox", "FileVersion": "133.0.3", "IntegrityLevel": "Low", "LogonGuid": "{416dd0c5-c0ee-676b-96d9-040000000000}", "LogonId": "0x4d996", "OriginalFileName": "firefox.exe", "ParentUser": "BREACH\\client12", "Product": "Firefox", "RuleName": "-", "TerminalSessionId": "1"}, "event_id": 1, "opcode": "Info", "process": {"pid": 2840, "thread": {"id": 3148}}, "provider_guid": "{5770385f-c22a-43e0-bf4c-06f5698ffbd9}", "provider_name": "Microsoft-Windows-Sysmon", "record_id": 871930, "task": "Process Create (rule: ProcessCreate)", "user": {"domain": "NT AUTHORITY", "identifier": "S-1-5-18", "name": "SYSTEM", "type": "User"}, "version": 5}}
{"@timestamp": "2024-12-25T12:50:42.903Z", "agent": {"ephemeral_id": "40c9e4ba-4bee-432b-8cb0-d9b7a54ac8fa", "hostname": "CLIENT12", "id": "c35095e9-5f9f-4084-a651-3aaa2966847a", "name": "CLIENT12", "type": "winlogbeat", "version": "7.10.2"}, "ecs": {"version": "1.5.0"}, "event": {"action": "Logon", "code": 4624, "created": "2024-12-25T12:50:45.491Z", "kind": "event", "outcome": "success", "provider": "Microsoft-Windows-Security-Auditing"}, "host": {"name": "CLIENT12.breach.local"}, "log": {"level": "information"}, "winlog": {"activity_id": "{286c3aa9-56a6-0000-0d3b-6c28a656db01}", "api": "wineventlog", "channel": "Security", "computer_name": "CLIENT12.breach.local", "event_data": {"AuthenticationPackageName": "Negotiate", "ElevatedToken": "%%1842", "ImpersonationLevel": "%%1833", "IpAddress": "-", "IpPort": "-", "KeyLength": "0", "LmPackageName": "-", "LogonGuid": "{00000000-0000-0000-0000-000000000000}", "LogonProcessName": "Advapi  ", "LogonType": "5", "ProcessId": "0x25c", "ProcessName": "C:\\Windows\\System32\\services.exe", "RestrictedAdminMode": "-", "SubjectDomainName": "BREACH", "SubjectLogonId": "0x3e7", "SubjectUserName": "CLIENT12$", "SubjectUserSid": "S-1-5-18", "TargetDomainName": "NT AUTHORITY", "TargetLinkedLogonId": "0x0", "TargetLogonId": "0x3e7", "TargetOutboundDomainName": "-", "TargetOutboundUserName": "-", "TargetUserName": "SYSTEM", "TargetUserSid": "S-1-5-18", "TransmittedServices": "-", "VirtualAccount": "%%1843", "WorkstationName": "-"}, "event_id": 4624, "keywords": ["Audit Success"], "opcode": "Info", "process": {"pid": 640, "thread": {"id": 676}}, "provider_guid": "{54849625-5478-4994-a5ba-3e3b0328c30d}", "provider_name": "Microsoft-Windows-Security-Auditing", "record_id": 24247, "task": "Logon", "version": 2}}
{"@timestamp": "2024-12-25T12:50:42.903Z", "agent": {"ephemeral_id": "40c9e4ba-4bee-432b-8cb0-d9b7a54ac8fa", "hostname": "CLIENT12", "id": "c35095e9-5f9f-4084-a651-3aaa2966847a", "name": "CLIENT12", "type": "winlogbeat", "version": "7.10.2"}, "ecs": {"version": "1.5.0"}, "event": {"action": "Special Logon", "code": 4672, "created": "2024-12-25T12:50:45.491Z", "kind": "event", "outcome": "success", "provider": "Microsoft-Windows-Security-Auditing"}, "host": {"name": "CLIENT12.breach.local"}, "log": {"level": "information"}, "winlog": {"activity_id": "{286c3aa9-56a6-0000-0d3b-6c28a656db01}", "api": "wineventlog", "channel": "Security", "computer_name": "CLIENT12.breach.local", "event_data": {"PrivilegeList": "SeAssignPrimaryTokenPrivilege\n\t\t\tSeTcbPrivilege\n\t\t\tSeSecurityPrivilege\n\t\t\tSeTakeOwnershipPrivilege\n\t\t\tSeLoadDriverPrivilege\n\t\t\tSeBackupPrivilege\n\t\t\tSeRestorePrivilege\n\t\t\tSeDebugPrivilege\n\t\t\tSeAuditPrivilege\n\t\t\tSeSystemEnvironmentPrivilege\n\t\t\tSeImpersonatePrivilege\n\t\t\tSeDelegateSessionUserImpersonatePrivilege", "SubjectDomainName": "NT AUTHORITY", "SubjectLogonId": "0x3e7", "SubjectUserName": "SYSTEM", "SubjectUserSid": "S-1-5-18"}, "event_id": 4672, "keywords": ["Audit Success"], "opcode": "Info", "process": {"pid": 640, "thread": {"id": 676}}, "provider_guid": "{54849625-5478-4994-a5ba-3e3b0328c30d}", "provider_name": "Microsoft-Windows-Security-Auditing", "record_id": 24248, "task": "Special Logon"}}
{"@timestamp": "2024-12-25T12:50:42.905Z", "agent": {"ephemeral_id": "40c9e4ba-4bee-432b-8cb0-d9b7a54ac8fa", "hostname": "CLIENT12", "id": "c35095e9-5f9f-4084-a651-3aaa2966847a", "name": "CLIENT12", "type": "winlogbeat", "version": "7.10.2"}, "ecs": {"version": "1.5.0"}, "event": {"action": "Process Create (rule: ProcessCreate)", "category": ["process"], "code": 1, "created": "2024-12-25T12:50:53.825Z", "kind": "event", "module": "sysmon", "provider": "Microsoft-Windows-Sysmon", "type": ["start", "process_start"]}, "hash": {"imphash": "f9bbd96fae53b7a31264a703cafa0666", "md5": "f586835082f632dc8d9404d83bc16316", "sha1": "010db07461e45b41c886192df6fd425ba8d42d82", "sha256": "643ec58e82e0272c97c2a59f6020970d881af19c0ad5029db9c958c13b6558c7"}, "host": {"name": "CLIENT12.breach.local"}, "log": {"level": "information"}, "process": {"args": ["C:\\Windows\\System32\\svchost.exe", "-k", "LocalSystemNetworkRestricted", "-p", "-s", "WdiSystemHost"], "command_line": "C:\\Windows\\System32\\svchost.exe -k LocalSystemNetworkRestricted -p -s WdiSystemHost", "entity_id": "{416dd0c5-ffa2-676b-2d03-000000000900}", "executable": "C:\\Windows\\System32\\svchost.exe", "hash": {"md5": "f586835082f632dc8d9404d83bc16316", "sha1": "010db07461e45b41c886192df6fd425ba8d42d82", "sha256": "643ec58e82e0272c97c2a59f6020970d881af19c0ad5029db9c958c13b6558c7"}, "name": "svchost.exe", "parent": {"args": ["C:\\Windows\\system32\\services.exe"], "command_line": "C:\\Windows\\system32\\services.exe", "entity_id": "{416dd0c5-c0e6-676b-0b00-000000000900}", "executable": "C:\\Windows\\System32\\services.exe", "name": "services.exe", "pid": 604}, "pe": {"imphash": "f9bbd96fae53b7a31264a703cafa0666"}, "pid": 8868, "working_directory": "C:\\Windows\\system32\\"}, "related": {"hash": ["010db07461e45b41c886192df6fd425ba8d42d82", "f586835082f632dc8d9404d83bc16316", "643ec58e82e0272c97c2a59f6020970d881af19c0ad5029db9c958c13b6558c7", "f9bbd96fae53b7a31264a703cafa0666"], "user": "SYSTEM"}, "user": {"domain": "NT AUTHORITY", "name": "SYSTEM"}, "winlog": {"api": "wineventlog", "channel": "Microsoft-Windows-Sysmon/Operational", "computer_name": "CLIENT12.breach.local", "event_data": {"Company": "Microsoft Corporation", "Description": "Host Process for Windows Services", "FileVersion": "10.0.19041.546 (WinBuild.160101.0800)", "IntegrityLevel": "System", "LogonGuid": "{416dd0c5-c0e6-676b-e703-000000000000}", "LogonId": "0x3e7", "OriginalFileName": "svchost.exe", "ParentUser": "NT AUTHORITY\\SYSTEM", "Product": "Microsoft\u00ae Windows\u00ae Operating System", "RuleName": "-", "TerminalSessionId": "0"}, "event_id": 1, "opcode": "Info", "process": {"pid": 2840, "thread": {"id": 3148}}, "provider_guid": "{5770385f-c22a-43e0-bf4c-06f5698ffbd9}", "provider_name": "Microsoft-Windows-Sysmon", "record_id": 872362, "task": "Process Create (rule: ProcessCreate)", "user": {"domain": "NT AUTHORITY", "identifier": "S-1-5-18", "name": "SYSTEM", "type": "User"}, "version": 5}}
{"@timestamp": "2024-12-25T12:50:46.775Z", "agent": {"ephemeral_id": "40c9e4ba-4bee-432b-8cb0-d9b7a54ac8fa", "hostname": "CLIENT12", "id": "c35095e9-5f9f-4084-a651-3aaa2966847a", "name": "CLIENT12", "type": "winlogbeat", "version": "7.10.2"}, "ecs": {"version": "1.5.0"}, "event": {"action": "Logon", "code": 4624, "created": "2024-12-25T12:50:49.756Z", "kind": "event", "outcome": "success", "provider": "Microsoft-Windows-Security-Auditing"}, "host": {"name": "CLIENT12.breach.local"}, "log": {"level": "information"}, "winlog": {"activity_id": "{286c3aa9-56a6-0000-0d3b-6c28a656db01}", "api": "wineventlog", "channel": "Security", "computer_name": "CLIENT12.breach.local", "event_data": {"AuthenticationPackageName": "Negotiate", "ElevatedToken": "%%1842", "ImpersonationLevel": "%%1833", "IpAddress": "-", "IpPort": "-", "KeyLength": "0", "LmPackageName": "-", "LogonGuid": "{00000000-0000-0000-0000-000000000000}", "LogonProcessName": "Advapi  ", "LogonType": "5", "ProcessId": "0x25c", "ProcessName": "C:\\Windows\\System32\\services.exe", "RestrictedAdminMode": "-", "SubjectDomainName": "BREACH", "SubjectLogonId": "0x3e7", "SubjectUserName": "CLIENT12$", "SubjectUserSid": "S-1-5-18", "TargetDomainName": "NT AUTHORITY", "TargetLinkedLogonId": "0x0", "TargetLogonId": "0x3e7", "TargetOutboundDomainName": "-", "TargetOutboundUserName": "-", "TargetUserName": "SYSTEM", "TargetUserSid": "S-1-5-18", "TransmittedServices": "-", "VirtualAccount": "%%1843", "WorkstationName": "-"}, "event_id": 4624, "keywords": ["Audit Success"], "opcode": "Info", "process": {"pid": 640, "thread": {"id": 3508}}, "provider_guid": "{54849625-5478-4994-a5ba-3e3b0328c30d}", "provider_name": "Microsoft-Windows-Security-Auditing", "record_id": 24249, "task": "Logon", "version": 2}}
{"@timestamp": "2024-12-25T12:50:46.775Z", "agent": {"ephemeral_id": "40c9e4ba-4bee-432b-8cb0-d9b7a54ac8fa", "hostname": "CLIENT12", "id": "c35095e9-5f9f-4084-a651-3aaa2966847a", "name": "CLIENT12", "type": "winlogbeat", "version": "7.10.2"}, "ecs": {"version": "1.5.0"}, "event": {"action": "Special Logon", "code": 4672, "created": "2024-12-25T12:50:49.756Z", "kind": "event", "outcome": "success", "provider": "Microsoft-Windows-Security-Auditing"}, "host": {"name": "CLIENT12.breach.local"}, "log": {"level": "information"}, "winlog": {"activity_id": "{286c3aa9-56a6-0000-0d3b-6c28a656db01}", "api": "wineventlog", "channel": "Security", "computer_name": "CLIENT12.breach.local", "event_data": {"PrivilegeList": "SeAssignPrimaryTokenPrivilege\n\t\t\tSeTcbPrivilege\n\t\t\tSeSecurityPrivilege\n\t\t\tSeTakeOwnershipPrivilege\n\t\t\tSeLoadDriverPrivilege\n\t\t\tSeBackupPrivilege\n\t\t\tSeRestorePrivilege\n\t\t\tSeDebugPrivilege\n\t\t\tSeAuditPrivilege\n\t\t\tSeSystemEnvironmentPrivilege\n\t\t\tSeImpersonatePrivilege\n\t\t\tSeDelegateSessionUserImpersonatePrivilege", "SubjectDomainName": "NT AUTHORITY", "SubjectLogonId": "0x3e7", "SubjectUserName": "SYSTEM", "SubjectUserSid": "S-1-5-18"}, "event_id": 4672, "keywords": ["Audit Success"], "opcode": "Info", "process": {"pid": 640, "thread": {"id": 3508}}, "provider_guid": "{54849625-5478-4994-a5ba-3e3b0328c30d}", "provider_name": "Microsoft-Windows-Security-Auditing", "record_id": 24250, "task": "Special Logon"}}
{"@timestamp": "2024-12-25T12:50:46.778Z", "agent": {"ephemeral_id": "40c9e4ba-4bee-432b-8cb0-d9b7a54ac8fa", "hostname": "CLIENT12", "id": "c35095e9-5f9f-4084-a651-3aaa2966847a", "name": "CLIENT12", "type": "winlogbeat", "version": "7.10.2"}, "ecs": {"version": "1.5.0"}, "event": {"action": "Process Create (rule: ProcessCreate)", "category": ["process"], "code": 1, "created": "2024-12-25T12:51:02.079Z", "kind": "event", "module": "sysmon", "provider": "Microsoft-Windows-Sysmon", "type": ["start", "process_start"]}, "hash": {"imphash": "f9bbd96fae53b7a31264a703cafa0666", "md5": "f586835082f632dc8d9404d83bc16316", "sha1": "010db07461e45b41c886192df6fd425ba8d42d82", "sha256": "643ec58e82e0272c97c2a59f6020970d881af19c0ad5029db9c958c13b6558c7"}, "host": {"name": "CLIENT12.breach.local"}, "log": {"level": "information"}, "process": {"args": ["C:\\Windows\\system32\\svchost.exe", "-k", "wsappx", "-p", "-s", "AppXSvc"], "command_line": "C:\\Windows\\system32\\svchost.exe -k wsappx -p -s AppXSvc", "entity_id": "{416dd0c5-ffa6-676b-2e03-000000000900}", "executable": "C:\\Windows\\System32\\svchost.exe", "hash": {"md5": "f586835082f632dc8d9404d83bc16316", "sha1": "010db07461e45b41c886192df6fd425ba8d42d82", "sha256": "643ec58e82e0272c97c2a59f6020970d881af19c0ad5029db9c958c13b6558c7"}, "name": "svchost.exe", "parent": {"args": ["C:\\Windows\\system32\\services.exe"], "command_line": "C:\\Windows\\system32\\services.exe", "entity_id": "{416dd0c5-c0e6-676b-0b00-000000000900}", "executable": "C:\\Windows\\System32\\services.exe", "name": "services.exe", "pid": 604}, "pe": {"imphash": "f9bbd96fae53b7a31264a703cafa0666"}, "pid": 9252, "working_directory": "C:\\Windows\\system32\\"}, "related": {"hash": ["010db07461e45b41c886192df6fd425ba8d42d82", "f586835082f632dc8d9404d83bc16316", "643ec58e82e0272c97c2a59f6020970d881af19c0ad5029db9c958c13b6558c7", "f9bbd96fae53b7a31264a703cafa0666"], "user": "SYSTEM"}, "user": {"domain": "NT AUTHORITY", "name": "SYSTEM"}, "winlog": {"api": "wineventlog", "channel": "Microsoft-Windows-Sysmon/Operational", "computer_name": "CLIENT12.breach.local", "event_data": {"Company": "Microsoft Corporation", "Description": "Host Process for Windows Services", "FileVersion": "10.0.19041.546 (WinBuild.160101.0800)", "IntegrityLevel": "System", "LogonGuid": "{416dd0c5-c0e6-676b-e703-000000000000}", "LogonId": "0x3e7", "OriginalFileName": "svchost.exe", "ParentUser": "NT AUTHORITY\\SYSTEM", "Product": "Microsoft\u00ae Windows\u00ae Operating System", "RuleName": "-", "TerminalSessionId": "0"}, "event_id": 1, "opcode": "Info", "process": {"pid": 2840, "thread": {"id": 3148}}, "provider_guid": "{5770385f-c22a-43e0-bf4c-06f5698ffbd9}", "provider_name": "Microsoft-Windows-Sysmon", "record_id": 872480, "task": "Process Create (rule: ProcessCreate)", "user": {"domain": "NT AUTHORITY", "identifier": "S-1-5-18", "name": "SYSTEM", "type": "User"}, "version": 5}}
{"@timestamp": "2024-12-25T12:52:03.356Z", "agent": {"ephemeral_id": "40c9e4ba-4bee-432b-8cb0-d9b7a54ac8fa", "hostname": "CLIENT12", "id": "c35095e9-5f9f-4084-a651-3aaa2966847a", "name": "CLIENT12", "type": "winlogbeat", "version": "7.10.2"}, "ecs": {"version": "1.5.0"}, "event": {"action": "Process Create (rule: ProcessCreate)", "category": ["process"], "code": 1, "created": "2024-12-25T12:52:05.687Z", "kind": "event", "module": "sysmon", "provider": "Microsoft-Windows-Sysmon", "type": ["start", "process_start"]}, "hash": {"imphash": "3c2fc59273192a34f1aa4a59df3b348e", "md5": "922f7003fca657359db03cc02941124d", "sha1": "27fae46e4e377467f2d5f9e37a5a8cb19b39b9ec", "sha256": "5da31132fd6a415e71e3fd40c3a23853a799b91ea2821d2bcbf1bf0e8fa01e16"}, "host": {"name": "CLIENT12.breach.local"}, "log": {"level": "information"}, "process": {"args": ["C:\\Python37\\python.exe", "-c", "from multiprocessing.spawn import spawn_main; spawn_main(parent_pid=7096, pipe_handle=1860)", "--multiprocessing-fork"], "command_line": "\"C:\\Python37\\python.exe\" \"-c\" \"from multiprocessing.spawn import spawn_main; spawn_main(parent_pid=7096, pipe_handle=1860)\" \"--multiprocessing-fork\"", "entity_id": "{416dd0c5-fff3-676b-2f03-000000000900}", "executable": "C:\\Python37\\python.exe", "hash": {"md5": "922f7003fca657359db03cc02941124d", "sha1": "27fae46e4e377467f2d5f9e37a5a8cb19b39b9ec", "sha256": "5da31132fd6a415e71e3fd40c3a23853a799b91ea2821d2bcbf1bf0e8fa01e16"}, "name": "python.exe", "parent": {"args": ["C:\\Python37\\python.exe", "C:\\BREACH\\userbehavior\\main.py"], "command_line": "C:\\Python37\\python.exe \"C:\\BREACH\\userbehavior\\main.py\" ", "entity_id": "{416dd0c5-c112-676b-9e00-000000000900}", "executable": "C:\\Python37\\python.exe", "name": "python.exe", "pid": 7096}, "pe": {"imphash": "3c2fc59273192a34f1aa4a59df3b348e"}, "pid": 9940, "working_directory": "C:\\BREACH\\"}, "related": {"hash": ["27fae46e4e377467f2d5f9e37a5a8cb19b39b9ec", "922f7003fca657359db03cc02941124d", "5da31132fd6a415e71e3fd40c3a23853a799b91ea2821d2bcbf1bf0e8fa01e16", "3c2fc59273192a34f1aa4a59df3b348e"], "user": "client12"}, "user": {"domain": "BREACH", "name": "client12"}, "winlog": {"api": "wineventlog", "channel": "Microsoft-Windows-Sysmon/Operational", "computer_name": "CLIENT12.breach.local", "event_data": {"Company": "Python Software Foundation", "Description": "Python", "FileVersion": "3.7.3", "IntegrityLevel": "Medium", "LogonGuid": "{416dd0c5-c0ee-676b-96d9-040000000000}", "LogonId": "0x4d996", "OriginalFileName": "python.exe", "ParentUser": "BREACH\\client12", "Product": "Python", "RuleName": "-", "TerminalSessionId": "1"}, "event_id": 1, "opcode": "Info", "process": {"pid": 2840, "thread": {"id": 3148}}, "provider_guid": "{5770385f-c22a-43e0-bf4c-06f5698ffbd9}", "provider_name": "Microsoft-Windows-Sysmon", "record_id": 874177, "task": "Process Create (rule: ProcessCreate)", "user": {"domain": "NT AUTHORITY", "identifier": "S-1-5-18", "name": "SYSTEM", "type": "User"}, "version": 5}}
{"@timestamp": "2024-12-25T12:52:05.504Z", "agent": {"ephemeral_id": "40c9e4ba-4bee-432b-8cb0-d9b7a54ac8fa", "hostname": "CLIENT12", "id": "c35095e9-5f9f-4084-a651-3aaa2966847a", "name": "CLIENT12", "type": "winlogbeat", "version": "7.10.2"}, "ecs": {"version": "1.5.0"}, "event": {"action": "Process Create (rule: ProcessCreate)", "category": ["process"], "code": 1, "created": "2024-12-25T12:52:06.912Z", "kind": "event", "module": "sysmon", "provider": "Microsoft-Windows-Sysmon", "type": ["start", "process_start"]}, "hash": {"imphash": "c7b2d9891c8ea27ab912d8036021e33d", "md5": "a815db40487b457b44dcda2dde8c4823", "sha1": "8766609f079faa9e74ae2c770c0e5f84b458799e", "sha256": "992210816bdb77611810d3ec259b49f000e1546a8415bb94e26ce7e17f58e16c"}, "host": {"name": "CLIENT12.breach.local"}, "log": {"level": "information"}, "process": {"args": ["C:\\Python37\\geckodriver.exe", "--websocket-port", "59498", "--port", "59497"], "command_line": "C:\\Python37\\geckodriver.exe --websocket-port 59498 --port 59497", "entity_id": "{416dd0c5-fff5-676b-3003-000000000900}", "executable": "C:\\Python37\\geckodriver.exe", "hash": {"md5": "a815db40487b457b44dcda2dde8c4823", "sha1": "8766609f079faa9e74ae2c770c0e5f84b458799e", "sha256": "992210816bdb77611810d3ec259b49f000e1546a8415bb94e26ce7e17f58e16c"}, "name": "geckodriver.exe", "parent": {"args": ["C:\\Python37\\python.exe", "-c", "from multiprocessing.spawn import spawn_main; spawn_main(parent_pid=7096, pipe_handle=1860)", "--multiprocessing-fork"], "command_line": "\"C:\\Python37\\python.exe\" \"-c\" \"from multiprocessing.spawn import spawn_main; spawn_main(parent_pid=7096, pipe_handle=1860)\" \"--multiprocessing-fork\"", "entity_id": "{416dd0c5-fff3-676b-2f03-000000000900}", "executable": "C:\\Python37\\python.exe", "name": "python.exe", "pid": 9940}, "pe": {"imphash": "c7b2d9891c8ea27ab912d8036021e33d"}, "pid": 9968, "working_directory": "C:\\BREACH\\"}, "related": {"hash": ["8766609f079faa9e74ae2c770c0e5f84b458799e", "a815db40487b457b44dcda2dde8c4823", "992210816bdb77611810d3ec259b49f000e1546a8415bb94e26ce7e17f58e16c", "c7b2d9891c8ea27ab912d8036021e33d"], "user": "client12"}, "user": {"domain": "BREACH", "name": "client12"}, "winlog": {"api": "wineventlog", "channel": "Microsoft-Windows-Sysmon/Operational", "computer_name": "CLIENT12.breach.local", "event_data": {"Company": "-", "Description": "-", "FileVersion": "-", "IntegrityLevel": "Medium", "LogonGuid": "{416dd0c5-c0ee-676b-96d9-040000000000}", "LogonId": "0x4d996", "OriginalFileName": "-", "ParentUser": "BREACH\\client12", "Product": "-", "RuleName": "-", "TerminalSessionId": "1"}, "event_id": 1, "opcode": "Info", "process": {"pid": 2840, "thread": {"id": 3148}}, "provider_guid": "{5770385f-c22a-43e0-bf4c-06f5698ffbd9}", "provider_name": "Microsoft-Windows-Sysmon", "record_id": 874348, "task": "Process Create (rule: ProcessCreate)", "user": {"domain": "NT AUTHORITY", "identifier": "S-1-5-18", "name": "SYSTEM", "type": "User"}, "version": 5}}
{"@timestamp": "2024-12-25T12:52:08.980Z", "agent": {"ephemeral_id": "40c9e4ba-4bee-432b-8cb0-d9b7a54ac8fa", "hostname": "CLIENT12", "id": "c35095e9-5f9f-4084-a651-3aaa2966847a", "name": "CLIENT12", "type": "winlogbeat", "version": "7.10.2"}, "ecs": {"version": "1.5.0"}, "event": {"action": "Process Create (rule: ProcessCreate)", "category": ["process"], "code": 1, "created": "2024-12-25T12:52:17.413Z", "kind": "event", "module": "sysmon", "provider": "Microsoft-Windows-Sysmon", "type": ["start", "process_start"]}, "hash": {"imphash": "51bef41e5cd278a02c17451af095c288", "md5": "45cfba3f1b54d79d1d6c8fbb77ba9870", "sha1": "6b95bf67ea45de4b98cc6ee89364d66ead46abfb", "sha256": "491971090692d470846169aee2343091eaf173715694449eb48b97addf62538c"}, "host": {"name": "CLIENT12.breach.local"}, "log": {"level": "information"}, "process": {"args": ["C:\\Program Files (x86)\\Mozilla Firefox\\firefox.exe", "--marionette", "--remote-debugging-port", "59498", "--remote-allow-hosts", "localhost", "-no-remote", "-profile", "C:\\Users\\client12\\AppData\\Local\\Temp\\rust_mozprofile99gaE7"], "command_line": "\"C:\\Program Files (x86)\\Mozilla Firefox\\firefox.exe\" --marionette --remote-debugging-port 59498 --remote-allow-hosts localhost -no-remote -profile C:\\Users\\client12\\AppData\\Local\\Temp\\rust_mozprofile99gaE7", "entity_id": "{416dd0c5-fff8-676b-3103-000000000900}", "executable": "C:\\Program Files (x86)\\Mozilla Firefox\\firefox.exe", "hash": {"md5": "45cfba3f1b54d79d1d6c8fbb77ba9870", "sha1": "6b95bf67ea45de4b98cc6ee89364d66ead46abfb", "sha256": "491971090692d470846169aee2343091eaf173715694449eb48b97addf62538c"}, "name": "firefox.exe", "parent": {"args": ["C:\\Python37\\geckodriver.exe", "--websocket-port", "59498", "--port", "59497"], "command_line": "C:\\Python37\\geckodriver.exe --websocket-port 59498 --port 59497", "entity_id": "{416dd0c5-fff5-676b-3003-000000000900}", "executable": "C:\\Python37\\geckodriver.exe", "name": "geckodriver.exe", "pid": 9968}, "pe": {"imphash": "51bef41e5cd278a02c17451af095c288"}, "pid": 10000, "working_directory": "C:\\BREACH\\"}, "related": {"hash": ["6b95bf67ea45de4b98cc6ee89364d66ead46abfb", "45cfba3f1b54d79d1d6c8fbb77ba9870", "491971090692d470846169aee2343091eaf173715694449eb48b97addf62538c", "51bef41e5cd278a02c17451af095c288"], "user": "client12"}, "user": {"domain": "BREACH", "name": "client12"}, "winlog": {"api": "wineventlog", "channel": "Microsoft-Windows-Sysmon/Operational", "computer_name": "CLIENT12.breach.local", "event_data": {"Company": "Mozilla Corporation", "Description": "Firefox", "FileVersion": "133.0.3", "IntegrityLevel": "Medium", "LogonGuid": "{416dd0c5-c0ee-676b-96d9-040000000000}", "LogonId": "0x4d996", "OriginalFileName": "firefox.exe", "ParentUser": "BREACH\\client12", "Product": "Firefox", "RuleName": "-", "TerminalSessionId": "1"}, "event_id": 1, "opcode": "Info", "process": {"pid": 2840, "thread": {"id": 3148}}, "provider_guid": "{5770385f-c22a-43e0-bf4c-06f5698ffbd9}", "provider_name": "Microsoft-Windows-Sysmon", "record_id": 874417, "task": "Process Create (rule: ProcessCreate)", "user": {"domain": "NT AUTHORITY", "identifier": "S-1-5-18", "name": "SYSTEM", "type": "User"}, "version": 5}}
{"@timestamp": "2024-12-25T12:52:09.107Z", "agent": {"ephemeral_id": "40c9e4ba-4bee-432b-8cb0-d9b7a54ac8fa", "hostname": "CLIENT12", "id": "c35095e9-5f9f-4084-a651-3aaa2966847a", "name": "CLIENT12", "type": "winlogbeat", "version": "7.10.2"}, "ecs": {"version": "1.5.0"}, "event": {"action": "Process Create (rule: ProcessCreate)", "category": ["process"], "code": 1, "created": "2024-12-25T12:52:17.416Z", "kind": "event", "module": "sysmon", "provider": "Microsoft-Windows-Sysmon", "type": ["start", "process_start"]}, "hash": {"imphash": "51bef41e5cd278a02c17451af095c288", "md5": "45cfba3f1b54d79d1d6c8fbb77ba9870", "sha1": "6b95bf67ea45de4b98cc6ee89364d66ead46abfb", "sha256": "491971090692d470846169aee2343091eaf173715694449eb48b97addf62538c"}, "host": {"name": "CLIENT12.breach.local"}, "log": {"level": "information"}, "process": {"args": ["C:\\Program Files (x86)\\Mozilla Firefox\\firefox.exe", "--marionette", "--remote-debugging-port", "59498", "--remote-allow-hosts", "localhost", "-no-remote", "-profile", "C:\\Users\\client12\\AppData\\Local\\Temp\\rust_mozprofile99gaE7"], "command_line": "\"C:\\Program Files (x86)\\Mozilla Firefox\\firefox.exe\" --marionette --remote-debugging-port 59498 --remote-allow-hosts localhost -no-remote -profile C:\\Users\\client12\\AppData\\Local\\Temp\\rust_mozprofile99gaE7", "entity_id": "{416dd0c5-fff9-676b-3203-000000000900}", "executable": "C:\\Program Files (x86)\\Mozilla Firefox\\firefox.exe", "hash": {"md5": "45cfba3f1b54d79d1d6c8fbb77ba9870", "sha1": "6b95bf67ea45de4b98cc6ee89364d66ead46abfb", "sha256": "491971090692d470846169aee2343091eaf173715694449eb48b97addf62538c"}, "name": "firefox.exe", "parent": {"args": ["C:\\Program Files (x86)\\Mozilla Firefox\\firefox.exe", "--marionette", "--remote-debugging-port", "59498", "--remote-allow-hosts", "localhost", "-no-remote", "-profile", "C:\\Users\\client12\\AppData\\Local\\Temp\\rust_mozprofile99gaE7"], "command_line": "\"C:\\Program Files (x86)\\Mozilla Firefox\\firefox.exe\" --marionette --remote-debugging-port 59498 --remote-allow-hosts localhost -no-remote -profile C:\\Users\\client12\\AppData\\Local\\Temp\\rust_mozprofile99gaE7", "entity_id": "{416dd0c5-fff8-676b-3103-000000000900}", "executable": "C:\\Program Files (x86)\\Mozilla Firefox\\firefox.exe", "name": "firefox.exe", "pid": 10000}, "pe": {"imphash": "51bef41e5cd278a02c17451af095c288"}, "pid": 10020, "working_directory": "C:\\BREACH\\"}, "related": {"hash": ["6b95bf67ea45de4b98cc6ee89364d66ead46abfb", "45cfba3f1b54d79d1d6c8fbb77ba9870", "491971090692d470846169aee2343091eaf173715694449eb48b97addf62538c", "51bef41e5cd278a02c17451af095c288"], "user": "client12"}, "user": {"domain": "BREACH", "name": "client12"}, "winlog": {"api": "wineventlog", "channel": "Microsoft-Windows-Sysmon/Operational", "computer_name": "CLIENT12.breach.local", "event_data": {"Company": "Mozilla Corporation", "Description": "Firefox", "FileVersion": "133.0.3", "IntegrityLevel": "Medium", "LogonGuid": "{416dd0c5-c0ee-676b-96d9-040000000000}", "LogonId": "0x4d996", "OriginalFileName": "firefox.exe", "ParentUser": "BREACH\\client12", "Product": "Firefox", "RuleName": "-", "TerminalSessionId": "1"}, "event_id": 1, "opcode": "Info", "process": {"pid": 2840, "thread": {"id": 3148}}, "provider_guid": "{5770385f-c22a-43e0-bf4c-06f5698ffbd9}", "provider_name": "Microsoft-Windows-Sysmon", "record_id": 874443, "task": "Process Create (rule: ProcessCreate)", "user": {"domain": "NT AUTHORITY", "identifier": "S-1-5-18", "name": "SYSTEM", "type": "User"}, "version": 5}}
{"@timestamp": "2024-12-25T12:52:11.588Z", "agent": {"ephemeral_id": "40c9e4ba-4bee-432b-8cb0-d9b7a54ac8fa", "hostname": "CLIENT12", "id": "c35095e9-5f9f-4084-a651-3aaa2966847a", "name": "CLIENT12", "type": "winlogbeat", "version": "7.10.2"}, "ecs": {"version": "1.5.0"}, "event": {"action": "Process Create (rule: ProcessCreate)", "category": ["process"], "code": 1, "created": "2024-12-25T12:52:20.087Z", "kind": "event", "module": "sysmon", "provider": "Microsoft-Windows-Sysmon", "type": ["start", "process_start"]}, "hash": {"imphash": "51bef41e5cd278a02c17451af095c288", "md5": "45cfba3f1b54d79d1d6c8fbb77ba9870", "sha1": "6b95bf67ea45de4b98cc6ee89364d66ead46abfb", "sha256": "491971090692d470846169aee2343091eaf173715694449eb48b97addf62538c"}, "host": {"name": "CLIENT12.breach.local"}, "log": {"level": "information"}, "process": {"args": ["C:\\Program Files (x86)\\Mozilla Firefox\\firefox.exe", "-contentproc", "-parentBuildID", "20241209150345", "-prefsHandle", "1988", "-prefsLen", "24634", "-prefMapHandle", "1992", "-prefMapSize", "265948", "-ipcHandle", "2068", "-initialChannelId", "{92872518-eef2-4663-b798-44adcdfc667f}", "-parentPid", "10020", "-crashReporter", "\\\\.\\pipe\\gecko-crash-server-pipe.10020", "-appDir", "C:\\Program Files (x86)\\Mozilla Firefox\\browser", "-", "1", "gpu"], "command_line": "\"C:\\Program Files (x86)\\Mozilla Firefox\\firefox.exe\" -contentproc -parentBuildID 20241209150345 -prefsHandle 1988 -prefsLen 24634 -prefMapHandle 1992 -prefMapSize 265948 -ipcHandle 2068 -initialChannelId {92872518-eef2-4663-b798-44adcdfc667f} -parentPid 10020 -crashReporter \"\\\\.\\pipe\\gecko-crash-server-pipe.10020\" -appDir \"C:\\Program Files (x86)\\Mozilla Firefox\\browser\" - 1 gpu", "entity_id": "{416dd0c5-fffb-676b-3303-000000000900}", "executable": "C:\\Program Files (x86)\\Mozilla Firefox\\firefox.exe", "hash": {"md5": "45cfba3f1b54d79d1d6c8fbb77ba9870", "sha1": "6b95bf67ea45de4b98cc6ee89364d66ead46abfb", "sha256": "491971090692d470846169aee2343091eaf173715694449eb48b97addf62538c"}, "name": "firefox.exe", "parent": {"args": ["C:\\Program Files (x86)\\Mozilla Firefox\\firefox.exe", "--marionette", "--remote-debugging-port", "59498", "--remote-allow-hosts", "localhost", "-no-remote", "-profile", "C:\\Users\\client12\\AppData\\Local\\Temp\\rust_mozprofile99gaE7"], "command_line": "\"C:\\Program Files (x86)\\Mozilla Firefox\\firefox.exe\" --marionette --remote-debugging-port 59498 --remote-allow-hosts localhost -no-remote -profile C:\\Users\\client12\\AppData\\Local\\Temp\\rust_mozprofile99gaE7", "entity_id": "{416dd0c5-fff9-676b-3203-000000000900}", "executable": "C:\\Program Files (x86)\\Mozilla Firefox\\firefox.exe", "name": "firefox.exe", "pid": 10020}, "pe": {"imphash": "51bef41e5cd278a02c17451af095c288"}, "pid": 10208, "working_directory": "C:\\BREACH\\"}, "related": {"hash": ["6b95bf67ea45de4b98cc6ee89364d66ead46abfb", "45cfba3f1b54d79d1d6c8fbb77ba9870", "491971090692d470846169aee2343091eaf173715694449eb48b97addf62538c", "51bef41e5cd278a02c17451af095c288"], "user": "client12"}, "user": {"domain": "BREACH", "name": "client12"}, "winlog": {"api": "wineventlog", "channel": "Microsoft-Windows-Sysmon/Operational", "computer_name": "CLIENT12.breach.local", "event_data": {"Company": "Mozilla Corporation", "Description": "Firefox", "FileVersion": "133.0.3", "IntegrityLevel": "Low", "LogonGuid": "{416dd0c5-c0ee-676b-96d9-040000000000}", "LogonId": "0x4d996", "OriginalFileName": "firefox.exe", "ParentUser": "BREACH\\client12", "Product": "Firefox", "RuleName": "-", "TerminalSessionId": "1"}, "event_id": 1, "opcode": "Info", "process": {"pid": 2840, "thread": {"id": 3148}}, "provider_guid": "{5770385f-c22a-43e0-bf4c-06f5698ffbd9}", "provider_name": "Microsoft-Windows-Sysmon", "record_id": 874588, "task": "Process Create (rule: ProcessCreate)", "user": {"domain": "NT AUTHORITY", "identifier": "S-1-5-18", "name": "SYSTEM", "type": "User"}, "version": 5}}
{"@timestamp": "2024-12-25T12:52:12.178Z", "agent": {"ephemeral_id": "40c9e4ba-4bee-432b-8cb0-d9b7a54ac8fa", "hostname": "CLIENT12", "id": "c35095e9-5f9f-4084-a651-3aaa2966847a", "name": "CLIENT12", "type": "winlogbeat", "version": "7.10.2"}, "ecs": {"version": "1.5.0"}, "event": {"action": "Process Create (rule: ProcessCreate)", "category": ["process"], "code": 1, "created": "2024-12-25T12:52:20.435Z", "kind": "event", "module": "sysmon", "provider": "Microsoft-Windows-Sysmon", "type": ["start", "process_start"]}, "hash": {"imphash": "51bef41e5cd278a02c17451af095c288", "md5": "45cfba3f1b54d79d1d6c8fbb77ba9870", "sha1": "6b95bf67ea45de4b98cc6ee89364d66ead46abfb", "sha256": "491971090692d470846169aee2343091eaf173715694449eb48b97addf62538c"}, "host": {"name": "CLIENT12.breach.local"}, "log": {"level": "information"}, "process": {"args": ["C:\\Program Files (x86)\\Mozilla Firefox\\firefox.exe", "-contentproc", "-parentBuildID", "20241209150345", "-prefsHandle", "2552", "-prefsLen", "29222", "-prefMapHandle", "2556", "-prefMapSize", "265948", "-ipcHandle", "2564", "-initialChannelId", "{78af6100-be2c-41f3-98e1-8a697b335723}", "-parentPid", "10020", "-crashReporter", "\\\\.\\pipe\\gecko-crash-server-pipe.10020", "-win32kLockedDown", "-appDir", "C:\\Program Files (x86)\\Mozilla Firefox\\browser", "-", "2", "socket"], "command_line": "\"C:\\Program Files (x86)\\Mozilla Firefox\\firefox.exe\" -contentproc -parentBuildID 20241209150345 -prefsHandle 2552 -prefsLen 29222 -prefMapHandle 2556 -prefMapSize 265948 -ipcHandle 2564 -initialChannelId {78af6100-be2c-41f3-98e1-8a697b335723} -parentPid 10020 -crashReporter \"\\\\.\\pipe\\gecko-crash-server-pipe.10020\" -win32kLockedDown -appDir \"C:\\Program Files (x86)\\Mozilla Firefox\\browser\" - 2 socket", "entity_id": "{416dd0c5-fffc-676b-3403-000000000900}", "executable": "C:\\Program Files (x86)\\Mozilla Firefox\\firefox.exe", "hash": {"md5": "45cfba3f1b54d79d1d6c8fbb77ba9870", "sha1": "6b95bf67ea45de4b98cc6ee89364d66ead46abfb", "sha256": "491971090692d470846169aee2343091eaf173715694449eb48b97addf62538c"}, "name": "firefox.exe", "parent": {"args": ["C:\\Program Files (x86)\\Mozilla Firefox\\firefox.exe", "--marionette", "--remote-debugging-port", "59498", "--remote-allow-hosts", "localhost", "-no-remote", "-profile", "C:\\Users\\client12\\AppData\\Local\\Temp\\rust_mozprofile99gaE7"], "command_line": "\"C:\\Program Files (x86)\\Mozilla Firefox\\firefox.exe\" --marionette --remote-debugging-port 59498 --remote-allow-hosts localhost -no-remote -profile C:\\Users\\client12\\AppData\\Local\\Temp\\rust_mozprofile99gaE7", "entity_id": "{416dd0c5-fff9-676b-3203-000000000900}", "executable": "C:\\Program Files (x86)\\Mozilla Firefox\\firefox.exe", "name": "firefox.exe", "pid": 10020}, "pe": {"imphash": "51bef41e5cd278a02c17451af095c288"}, "pid": 9244, "working_directory": "C:\\BREACH\\"}, "related": {"hash": ["6b95bf67ea45de4b98cc6ee89364d66ead46abfb", "45cfba3f1b54d79d1d6c8fbb77ba9870", "491971090692d470846169aee2343091eaf173715694449eb48b97addf62538c", "51bef41e5cd278a02c17451af095c288"], "user": "client12"}, "user": {"domain": "BREACH", "name": "client12"}, "winlog": {"api": "wineventlog", "channel": "Microsoft-Windows-Sysmon/Operational", "computer_name": "CLIENT12.breach.local", "event_data": {"Company": "Mozilla Corporation", "Description": "Firefox", "FileVersion": "133.0.3", "IntegrityLevel": "Low", "LogonGuid": "{416dd0c5-c0ee-676b-96d9-040000000000}", "LogonId": "0x4d996", "OriginalFileName": "firefox.exe", "ParentUser": "BREACH\\client12", "Product": "Firefox", "RuleName": "-", "TerminalSessionId": "1"}, "event_id": 1, "opcode": "Info", "process": {"pid": 2840, "thread": {"id": 3148}}, "provider_guid": "{5770385f-c22a-43e0-bf4c-06f5698ffbd9}", "provider_name": "Microsoft-Windows-Sysmon", "record_id": 874713, "task": "Process Create (rule: ProcessCreate)", "user": {"domain": "NT AUTHORITY", "identifier": "S-1-5-18", "name": "SYSTEM", "type": "User"}, "version": 5}}
{"@timestamp": "2024-12-25T12:52:12.838Z", "agent": {"ephemeral_id": "40c9e4ba-4bee-432b-8cb0-d9b7a54ac8fa", "hostname": "CLIENT12", "id": "c35095e9-5f9f-4084-a651-3aaa2966847a", "name": "CLIENT12", "type": "winlogbeat", "version": "7.10.2"}, "ecs": {"version": "1.5.0"}, "event": {"action": "Process Create (rule: ProcessCreate)", "category": ["process"], "code": 1, "created": "2024-12-25T12:52:20.590Z", "kind": "event", "module": "sysmon", "provider": "Microsoft-Windows-Sysmon", "type": ["start", "process_start"]}, "hash": {"imphash": "51bef41e5cd278a02c17451af095c288", "md5": "45cfba3f1b54d79d1d6c8fbb77ba9870", "sha1": "6b95bf67ea45de4b98cc6ee89364d66ead46abfb", "sha256": "491971090692d470846169aee2343091eaf173715694449eb48b97addf62538c"}, "host": {"name": "CLIENT12.breach.local"}, "log": {"level": "information"}, "process": {"args": ["C:\\Program Files (x86)\\Mozilla Firefox\\firefox.exe", "-contentproc", "-isForBrowser", "-prefsHandle", "3004", "-prefsLen", "29793", "-prefMapHandle", "3008", "-prefMapSize", "265948", "-jsInitHandle", "3012", "-jsInitLen", "234660", "-parentBuildID", "20241209150345", "-ipcHandle", "3020", "-initialChannelId", "{39c4ffa8-278d-4815-9316-031263283bb8}", "-parentPid", "10020", "-crashReporter", "\\\\.\\pipe\\gecko-crash-server-pipe.10020", "-win32kLockedDown", "-appDir", "C:\\Program Files (x86)\\Mozilla Firefox\\browser", "-", "3", "tab"], "command_line": "\"C:\\Program Files (x86)\\Mozilla Firefox\\firefox.exe\" -contentproc -isForBrowser -prefsHandle 3004 -prefsLen 29793 -prefMapHandle 3008 -prefMapSize 265948 -jsInitHandle 3012 -jsInitLen 234660 -parentBuildID 20241209150345 -ipcHandle 3020 -initialChannelId {39c4ffa8-278d-4815-9316-031263283bb8} -parentPid 10020 -crashReporter \"\\\\.\\pipe\\gecko-crash-server-pipe.10020\" -win32kLockedDown -appDir \"C:\\Program Files (x86)\\Mozilla Firefox\\browser\" - 3 tab", "entity_id": "{416dd0c5-fffc-676b-3503-000000000900}", "executable": "C:\\Program Files (x86)\\Mozilla Firefox\\firefox.exe", "hash": {"md5": "45cfba3f1b54d79d1d6c8fbb77ba9870", "sha1": "6b95bf67ea45de4b98cc6ee89364d66ead46abfb", "sha256": "491971090692d470846169aee2343091eaf173715694449eb48b97addf62538c"}, "name": "firefox.exe", "parent": {"args": ["C:\\Program Files (x86)\\Mozilla Firefox\\firefox.exe", "--marionette", "--remote-debugging-port", "59498", "--remote-allow-hosts", "localhost", "-no-remote", "-profile", "C:\\Users\\client12\\AppData\\Local\\Temp\\rust_mozprofile99gaE7"], "command_line": "\"C:\\Program Files (x86)\\Mozilla Firefox\\firefox.exe\" --marionette --remote-debugging-port 59498 --remote-allow-hosts localhost -no-remote -profile C:\\Users\\client12\\AppData\\Local\\Temp\\rust_mozprofile99gaE7", "entity_id": "{416dd0c5-fff9-676b-3203-000000000900}", "executable": "C:\\Program Files (x86)\\Mozilla Firefox\\firefox.exe", "name": "firefox.exe", "pid": 10020}, "pe": {"imphash": "51bef41e5cd278a02c17451af095c288"}, "pid": 8328, "working_directory": "C:\\BREACH\\"}, "related": {"hash": ["6b95bf67ea45de4b98cc6ee89364d66ead46abfb", "45cfba3f1b54d79d1d6c8fbb77ba9870", "491971090692d470846169aee2343091eaf173715694449eb48b97addf62538c", "51bef41e5cd278a02c17451af095c288"], "user": "client12"}, "user": {"domain": "BREACH", "name": "client12"}, "winlog": {"api": "wineventlog", "channel": "Microsoft-Windows-Sysmon/Operational", "computer_name": "CLIENT12.breach.local", "event_data": {"Company": "Mozilla Corporation", "Description": "Firefox", "FileVersion": "133.0.3", "IntegrityLevel": "Low", "LogonGuid": "{416dd0c5-c0ee-676b-96d9-040000000000}", "LogonId": "0x4d996", "OriginalFileName": "firefox.exe", "ParentUser": "BREACH\\client12", "Product": "Firefox", "RuleName": "-", "TerminalSessionId": "1"}, "event_id": 1, "opcode": "Info", "process": {"pid": 2840, "thread": {"id": 3148}}, "provider_guid": "{5770385f-c22a-43e0-bf4c-06f5698ffbd9}", "provider_name": "Microsoft-Windows-Sysmon", "record_id": 874811, "task": "Process Create (rule: ProcessCreate)", "user": {"domain": "NT AUTHORITY", "identifier": "S-1-5-18", "name": "SYSTEM", "type": "User"}, "version": 5}}
{"@timestamp": "2024-12-25T12:52:13.356Z", "agent": {"ephemeral_id": "40c9e4ba-4bee-432b-8cb0-d9b7a54ac8fa", "hostname": "CLIENT12", "id": "c35095e9-5f9f-4084-a651-3aaa2966847a", "name": "CLIENT12", "type": "winlogbeat", "version": "7.10.2"}, "ecs": {"version": "1.5.0"}, "event": {"action": "Process Create (rule: ProcessCreate)", "category": ["process"], "code": 1, "created": "2024-12-25T12:52:20.608Z", "kind": "event", "module": "sysmon", "provider": "Microsoft-Windows-Sysmon", "type": ["start", "process_start"]}, "hash": {"imphash": "51bef41e5cd278a02c17451af095c288", "md5": "45cfba3f1b54d79d1d6c8fbb77ba9870", "sha1": "6b95bf67ea45de4b98cc6ee89364d66ead46abfb", "sha256": "491971090692d470846169aee2343091eaf173715694449eb48b97addf62538c"}, "host": {"name": "CLIENT12.breach.local"}, "log": {"level": "information"}, "process": {"args": ["C:\\Program Files (x86)\\Mozilla Firefox\\firefox.exe", "-contentproc", "-isForBrowser", "-prefsHandle", "3936", "-prefsLen", "29117", "-prefMapHandle", "3940", "-prefMapSize", "265948", "-jsInitHandle", "3944", "-jsInitLen", "234660", "-parentBuildID", "20241209150345", "-ipcHandle", "3952", "-initialChannelId", "{a128db71-90c1-4331-a31d-b938603c48af}", "-parentPid", "10020", "-crashReporter", "\\\\.\\pipe\\gecko-crash-server-pipe.10020", "-win32kLockedDown", "-appDir", "C:\\Program Files (x86)\\Mozilla Firefox\\browser", "-", "4", "tab"], "command_line": "\"C:\\Program Files (x86)\\Mozilla Firefox\\firefox.exe\" -contentproc -isForBrowser -prefsHandle 3936 -prefsLen 29117 -prefMapHandle 3940 -prefMapSize 265948 -jsInitHandle 3944 -jsInitLen 234660 -parentBuildID 20241209150345 -ipcHandle 3952 -initialChannelId {a128db71-90c1-4331-a31d-b938603c48af} -parentPid 10020 -crashReporter \"\\\\.\\pipe\\gecko-crash-server-pipe.10020\" -win32kLockedDown -appDir \"C:\\Program Files (x86)\\Mozilla Firefox\\browser\" - 4 tab", "entity_id": "{416dd0c5-fffd-676b-3603-000000000900}", "executable": "C:\\Program Files (x86)\\Mozilla Firefox\\firefox.exe", "hash": {"md5": "45cfba3f1b54d79d1d6c8fbb77ba9870", "sha1": "6b95bf67ea45de4b98cc6ee89364d66ead46abfb", "sha256": "491971090692d470846169aee2343091eaf173715694449eb48b97addf62538c"}, "name": "firefox.exe", "parent": {"args": ["C:\\Program Files (x86)\\Mozilla Firefox\\firefox.exe", "--marionette", "--remote-debugging-port", "59498", "--remote-allow-hosts", "localhost", "-no-remote", "-profile", "C:\\Users\\client12\\AppData\\Local\\Temp\\rust_mozprofile99gaE7"], "command_line": "\"C:\\Program Files (x86)\\Mozilla Firefox\\firefox.exe\" --marionette --remote-debugging-port 59498 --remote-allow-hosts localhost -no-remote -profile C:\\Users\\client12\\AppData\\Local\\Temp\\rust_mozprofile99gaE7", "entity_id": "{416dd0c5-fff9-676b-3203-000000000900}", "executable": "C:\\Program Files (x86)\\Mozilla Firefox\\firefox.exe", "name": "firefox.exe", "pid": 10020}, "pe": {"imphash": "51bef41e5cd278a02c17451af095c288"}, "pid": 9576, "working_directory": "C:\\BREACH\\"}, "related": {"hash": ["6b95bf67ea45de4b98cc6ee89364d66ead46abfb", "45cfba3f1b54d79d1d6c8fbb77ba9870", "491971090692d470846169aee2343091eaf173715694449eb48b97addf62538c", "51bef41e5cd278a02c17451af095c288"], "user": "client12"}, "user": {"domain": "BREACH", "name": "client12"}, "winlog": {"api": "wineventlog", "channel": "Microsoft-Windows-Sysmon/Operational", "computer_name": "CLIENT12.breach.local", "event_data": {"Company": "Mozilla Corporation", "Description": "Firefox", "FileVersion": "133.0.3", "IntegrityLevel": "Low", "LogonGuid": "{416dd0c5-c0ee-676b-96d9-040000000000}", "LogonId": "0x4d996", "OriginalFileName": "firefox.exe", "ParentUser": "BREACH\\client12", "Product": "Firefox", "RuleName": "-", "TerminalSessionId": "1"}, "event_id": 1, "opcode": "Info", "process": {"pid": 2840, "thread": {"id": 3148}}, "provider_guid": "{5770385f-c22a-43e0-bf4c-06f5698ffbd9}", "provider_name": "Microsoft-Windows-Sysmon", "record_id": 874883, "task": "Process Create (rule: ProcessCreate)", "user": {"domain": "NT AUTHORITY", "identifier": "S-1-5-18", "name": "SYSTEM", "type": "User"}, "version": 5}}
