{"@timestamp": "2024-12-25T12:11:54.874Z", "agent": {"ephemeral_id": "8ac15dc1-7111-4b70-ab2b-b51e7b397251", "hostname": "CLIENT3", "id": "c35095e9-5f9f-4084-a651-3aaa2966847a", "name": "CLIENT3", "type": "winlogbeat", "version": "7.10.2"}, "ecs": {"version": "1.5.0"}, "event": {"action": "Process Create (rule: ProcessCreate)", "category": ["process"], "code": 1, "created": "2024-12-25T12:11:59.484Z", "kind": "event", "module": "sysmon", "provider": "Microsoft-Windows-Sysmon", "type": ["start", "process_start"]}, "hash": {"imphash": "8b2a73cf81704f7aed84c67134ec39ac", "md5": "d4c0c10590da99309e3c36e66f99ee60", "sha1": "5b1e67fcfd7aa697ef5e49d39050ecfce1cf18f4", "sha256": "dfe51b0739ed161f69afbb736460ebb7dd37372ff0659cbc20f4a9c850fbcc8c"}, "host": {"name": "CLIENT3.breach.local"}, "log": {"level": "information"}, "process": {"args": ["C:\\Windows\\system32\\SearchProtocolHost.exe", "Global\\UsGthrFltPipeMssGthrPipe21_", "Global\\UsGthrCtrlFltPipeMssGthrPipe21", "1", "-2147483646", "Software\\Microsoft\\Windows Search", "Mozilla/4.0 (compatible; MSIE 6.0; Windows NT; MS Search 4.0 Robot)", "C:\\ProgramData\\Microsoft\\Search\\Data\\Temp\\usgthrsvc", "DownLevelDaemon"], "command_line": "\"C:\\Windows\\system32\\SearchProtocolHost.exe\" Global\\UsGthrFltPipeMssGthrPipe21_ Global\\UsGthrCtrlFltPipeMssGthrPipe21 1 -2147483646 \"Software\\Microsoft\\Windows Search\" \"Mozilla/4.0 (compatible; MSIE 6.0; Windows NT; MS Search 4.0 Robot)\" \"C:\\ProgramData\\Microsoft\\Search\\Data\\Temp\\usgthrsvc\" \"DownLevelDaemon\" ", "entity_id": "{416dd0c5-f68a-676b-a202-000000000900}", "executable": "C:\\Windows\\System32\\SearchProtocolHost.exe", "hash": {"md5": "d4c0c10590da99309e3c36e66f99ee60", "sha1": "5b1e67fcfd7aa697ef5e49d39050ecfce1cf18f4", "sha256": "dfe51b0739ed161f69afbb736460ebb7dd37372ff0659cbc20f4a9c850fbcc8c"}, "name": "SearchProtocolHost.exe", "parent": {"args": ["C:\\Windows\\system32\\SearchIndexer.exe", "/Embedding"], "command_line": "C:\\Windows\\system32\\SearchIndexer.exe /Embedding", "entity_id": "{416dd0c5-c1ec-676b-6b00-000000000900}", "executable": "C:\\Windows\\System32\\SearchIndexer.exe", "name": "SearchIndexer.exe", "pid": 5152}, "pe": {"imphash": "8b2a73cf81704f7aed84c67134ec39ac"}, "pid": 9936, "working_directory": "C:\\Windows\\system32\\"}, "related": {"hash": ["5b1e67fcfd7aa697ef5e49d39050ecfce1cf18f4", "d4c0c10590da99309e3c36e66f99ee60", "dfe51b0739ed161f69afbb736460ebb7dd37372ff0659cbc20f4a9c850fbcc8c", "8b2a73cf81704f7aed84c67134ec39ac"], "user": "SYSTEM"}, "user": {"domain": "NT AUTHORITY", "name": "SYSTEM"}, "winlog": {"api": "wineventlog", "channel": "Microsoft-Windows-Sysmon/Operational", "computer_name": "CLIENT3.breach.local", "event_data": {"Company": "Microsoft Corporation", "Description": "Microsoft Windows Search Protocol Host", "FileVersion": "7.0.19041.844 (WinBuild.160101.0800)", "IntegrityLevel": "System", "LogonGuid": "{416dd0c5-c1d7-676b-e703-000000000000}", "LogonId": "0x3e7", "OriginalFileName": "SearchProtocolHost.exe", "ParentUser": "NT AUTHORITY\\SYSTEM", "Product": "Windows\u00ae Search", "RuleName": "-", "TerminalSessionId": "0"}, "event_id": 1, "opcode": "Info", "process": {"pid": 2816, "thread": {"id": 3300}}, "provider_guid": "{5770385f-c22a-43e0-bf4c-06f5698ffbd9}", "provider_name": "Microsoft-Windows-Sysmon", "record_id": 1047626, "task": "Process Create (rule: ProcessCreate)", "user": {"domain": "NT AUTHORITY", "identifier": "S-1-5-18", "name": "SYSTEM", "type": "User"}, "version": 5}}
{"@timestamp": "2024-12-25T12:11:59.865Z", "agent": {"ephemeral_id": "8ac15dc1-7111-4b70-ab2b-b51e7b397251", "hostname": "CLIENT3", "id": "c35095e9-5f9f-4084-a651-3aaa2966847a", "name": "CLIENT3", "type": "winlogbeat", "version": "7.10.2"}, "ecs": {"version": "1.5.0"}, "event": {"action": "Process Create (rule: ProcessCreate)", "category": ["process"], "code": 1, "created": "2024-12-25T12:12:01.806Z", "kind": "event", "module": "sysmon", "provider": "Microsoft-Windows-Sysmon", "type": ["start", "process_start"]}, "hash": {"imphash": "25975932fe65b44ea2dd939dc008d453", "md5": "682d7618341e297914ba89d46c3db469", "sha1": "e5c14547d36fa7e6ce079b9cce6cf662baa35b1f", "sha256": "33051d12c4dc42c6b5dadf8016bad36570ef9029f7d5d654eafb0f1c3db616c3"}, "host": {"name": "CLIENT3.breach.local"}, "log": {"level": "information"}, "process": {"args": ["C:\\Windows\\system32\\SearchFilterHost.exe", "0", "800", "804", "812", "8192", "808", "784"], "command_line": "\"C:\\Windows\\system32\\SearchFilterHost.exe\" 0 800 804 812 8192 808 784 ", "entity_id": "{416dd0c5-f68f-676b-a302-000000000900}", "executable": "C:\\Windows\\System32\\SearchFilterHost.exe", "hash": {"md5": "682d7618341e297914ba89d46c3db469", "sha1": "e5c14547d36fa7e6ce079b9cce6cf662baa35b1f", "sha256": "33051d12c4dc42c6b5dadf8016bad36570ef9029f7d5d654eafb0f1c3db616c3"}, "name": "SearchFilterHost.exe", "parent": {"args": ["C:\\Windows\\system32\\SearchIndexer.exe", "/Embedding"], "command_line": "C:\\Windows\\system32\\SearchIndexer.exe /Embedding", "entity_id": "{416dd0c5-c1ec-676b-6b00-000000000900}", "executable": "C:\\Windows\\System32\\SearchIndexer.exe", "name": "SearchIndexer.exe", "pid": 5152}, "pe": {"imphash": "25975932fe65b44ea2dd939dc008d453"}, "pid": 10076, "working_directory": "C:\\Windows\\system32\\"}, "related": {"hash": ["e5c14547d36fa7e6ce079b9cce6cf662baa35b1f", "682d7618341e297914ba89d46c3db469", "33051d12c4dc42c6b5dadf8016bad36570ef9029f7d5d654eafb0f1c3db616c3", "25975932fe65b44ea2dd939dc008d453"], "user": "SYSTEM"}, "user": {"domain": "NT AUTHORITY", "name": "SYSTEM"}, "winlog": {"api": "wineventlog", "channel": "Microsoft-Windows-Sysmon/Operational", "computer_name": "CLIENT3.breach.local", "event_data": {"Company": "Microsoft Corporation", "Description": "Microsoft Windows Search Filter Host", "FileVersion": "7.0.19041.844 (WinBuild.160101.0800)", "IntegrityLevel": "Medium", "LogonGuid": "{416dd0c5-c1d7-676b-e703-000000000000}", "LogonId": "0x3e7", "OriginalFileName": "SearchFilterHost.exe", "ParentUser": "NT AUTHORITY\\SYSTEM", "Product": "Windows\u00ae Search", "RuleName": "-", "TerminalSessionId": "0"}, "event_id": 1, "opcode": "Info", "process": {"pid": 2816, "thread": {"id": 3300}}, "provider_guid": "{5770385f-c22a-43e0-bf4c-06f5698ffbd9}", "provider_name": "Microsoft-Windows-Sysmon", "record_id": 1047812, "task": "Process Create (rule: ProcessCreate)", "user": {"domain": "NT AUTHORITY", "identifier": "S-1-5-18", "name": "SYSTEM", "type": "User"}, "version": 5}}
{"@timestamp": "2024-12-25T12:12:30.258Z", "agent": {"ephemeral_id": "8ac15dc1-7111-4b70-ab2b-b51e7b397251", "hostname": "CLIENT3", "id": "c35095e9-5f9f-4084-a651-3aaa2966847a", "name": "CLIENT3", "type": "winlogbeat", "version": "7.10.2"}, "ecs": {"version": "1.5.0"}, "event": {"action": "Logon", "code": 4625, "created": "2024-12-25T12:12:32.092Z", "kind": "event", "outcome": "failure", "provider": "Microsoft-Windows-Security-Auditing"}, "host": {"name": "CLIENT3.breach.local"}, "log": {"level": "information"}, "winlog": {"api": "wineventlog", "channel": "Security", "computer_name": "CLIENT3.breach.local", "event_data": {"AuthenticationPackageName": "NTLM", "FailureReason": "%%2313", "IpAddress": "172.16.1.13", "IpPort": "54653", "KeyLength": "0", "LmPackageName": "-", "LogonProcessName": "NtLmSsp ", "LogonType": "3", "ProcessId": "0x0", "ProcessName": "-", "Status": "0xc000006d", "SubStatus": "0xc000006a", "SubjectDomainName": "-", "SubjectLogonId": "0x0", "SubjectUserName": "-", "SubjectUserSid": "S-1-0-0", "TargetDomainName": "BREACH", "TargetUserName": "client3", "TargetUserSid": "S-1-0-0", "TransmittedServices": "-", "WorkstationName": "CLIENT12"}, "event_id": 4625, "keywords": ["Audit Failure"], "opcode": "Info", "process": {"pid": 636, "thread": {"id": 640}}, "provider_guid": "{54849625-5478-4994-a5ba-3e3b0328c30d}", "provider_name": "Microsoft-Windows-Security-Auditing", "record_id": 24272, "task": "Logon", "version": 0}}
{"@timestamp": "2024-12-25T12:14:04.407Z", "agent": {"ephemeral_id": "8ac15dc1-7111-4b70-ab2b-b51e7b397251", "hostname": "CLIENT3", "id": "c35095e9-5f9f-4084-a651-3aaa2966847a", "name": "CLIENT3", "type": "winlogbeat", "version": "7.10.2"}, "ecs": {"version": "1.5.0"}, "event": {"action": "Process Create (rule: ProcessCreate)", "category": ["process"], "code": 1, "created": "2024-12-25T12:14:04.973Z", "kind": "event", "module": "sysmon", "provider": "Microsoft-Windows-Sysmon", "type": ["start", "process_start"]}, "hash": {"imphash": "8b2a73cf81704f7aed84c67134ec39ac", "md5": "d4c0c10590da99309e3c36e66f99ee60", "sha1": "5b1e67fcfd7aa697ef5e49d39050ecfce1cf18f4", "sha256": "dfe51b0739ed161f69afbb736460ebb7dd37372ff0659cbc20f4a9c850fbcc8c"}, "host": {"name": "CLIENT3.breach.local"}, "log": {"level": "information"}, "process": {"args": ["C:\\Windows\\system32\\SearchProtocolHost.exe", "Global\\UsGthrFltPipeMssGthrPipe_S-1-5-21-3820639014-3737903552-3625786605-110522_", "Global\\UsGthrCtrlFltPipeMssGthrPipe_S-1-5-21-3820639014-3737903552-3625786605-110522", "1", "-2147483646", "Software\\Microsoft\\Windows Search", "Mozilla/4.0 (compatible; MSIE 6.0; Windows NT; MS Search 4.0 Robot)", "C:\\ProgramData\\Microsoft\\Search\\Data\\Temp\\usgthrsvc", "DownLevelDaemon", "1"], "command_line": "\"C:\\Windows\\system32\\SearchProtocolHost.exe\" Global\\UsGthrFltPipeMssGthrPipe_S-1-5-21-3820639014-3737903552-3625786605-110522_ Global\\UsGthrCtrlFltPipeMssGthrPipe_S-1-5-21-3820639014-3737903552-3625786605-110522 1 -2147483646 \"Software\\Microsoft\\Windows Search\" \"Mozilla/4.0 (compatible; MSIE 6.0; Windows NT; MS Search 4.0 Robot)\" \"C:\\ProgramData\\Microsoft\\Search\\Data\\Temp\\usgthrsvc\" \"DownLevelDaemon\"  \"1\"", "entity_id": "{416dd0c5-f70c-676b-a402-000000000900}", "executable": "C:\\Windows\\System32\\SearchProtocolHost.exe", "hash": {"md5": "d4c0c10590da99309e3c36e66f99ee60", "sha1": "5b1e67fcfd7aa697ef5e49d39050ecfce1cf18f4", "sha256": "dfe51b0739ed161f69afbb736460ebb7dd37372ff0659cbc20f4a9c850fbcc8c"}, "name": "SearchProtocolHost.exe", "parent": {"args": ["C:\\Windows\\system32\\SearchIndexer.exe", "/Embedding"], "command_line": "C:\\Windows\\system32\\SearchIndexer.exe /Embedding", "entity_id": "{416dd0c5-c1ec-676b-6b00-000000000900}", "executable": "C:\\Windows\\System32\\SearchIndexer.exe", "name": "SearchIndexer.exe", "pid": 5152}, "pe": {"imphash": "8b2a73cf81704f7aed84c67134ec39ac"}, "pid": 836, "working_directory": "C:\\Windows\\system32\\"}, "related": {"hash": ["5b1e67fcfd7aa697ef5e49d39050ecfce1cf18f4", "d4c0c10590da99309e3c36e66f99ee60", "dfe51b0739ed161f69afbb736460ebb7dd37372ff0659cbc20f4a9c850fbcc8c", "8b2a73cf81704f7aed84c67134ec39ac"], "user": "client3"}, "user": {"domain": "BREACH", "name": "client3"}, "winlog": {"api": "wineventlog", "channel": "Microsoft-Windows-Sysmon/Operational", "computer_name": "CLIENT3.breach.local", "event_data": {"Company": "Microsoft Corporation", "Description": "Microsoft Windows Search Protocol Host", "FileVersion": "7.0.19041.844 (WinBuild.160101.0800)", "IntegrityLevel": "Medium", "LogonGuid": "{416dd0c5-c1e0-676b-a14b-040000000000}", "LogonId": "0x44ba1", "OriginalFileName": "SearchProtocolHost.exe", "ParentUser": "NT AUTHORITY\\SYSTEM", "Product": "Windows\u00ae Search", "RuleName": "-", "TerminalSessionId": "1"}, "event_id": 1, "opcode": "Info", "process": {"pid": 2816, "thread": {"id": 3300}}, "provider_guid": "{5770385f-c22a-43e0-bf4c-06f5698ffbd9}", "provider_name": "Microsoft-Windows-Sysmon", "record_id": 1052175, "task": "Process Create (rule: ProcessCreate)", "user": {"domain": "NT AUTHORITY", "identifier": "S-1-5-18", "name": "SYSTEM", "type": "User"}, "version": 5}}
{"@timestamp": "2024-12-25T12:14:04.498Z", "agent": {"ephemeral_id": "8ac15dc1-7111-4b70-ab2b-b51e7b397251", "hostname": "CLIENT3", "id": "c35095e9-5f9f-4084-a651-3aaa2966847a", "name": "CLIENT3", "type": "winlogbeat", "version": "7.10.2"}, "ecs": {"version": "1.5.0"}, "event": {"action": "Process Create (rule: ProcessCreate)", "category": ["process"], "code": 1, "created": "2024-12-25T12:14:04.978Z", "kind": "event", "module": "sysmon", "provider": "Microsoft-Windows-Sysmon", "type": ["start", "process_start"]}, "hash": {"imphash": "25975932fe65b44ea2dd939dc008d453", "md5": "682d7618341e297914ba89d46c3db469", "sha1": "e5c14547d36fa7e6ce079b9cce6cf662baa35b1f", "sha256": "33051d12c4dc42c6b5dadf8016bad36570ef9029f7d5d654eafb0f1c3db616c3"}, "host": {"name": "CLIENT3.breach.local"}, "log": {"level": "information"}, "process": {"args": ["C:\\Windows\\system32\\SearchFilterHost.exe", "0", "800", "804", "812", "8192", "808", "784"], "command_line": "\"C:\\Windows\\system32\\SearchFilterHost.exe\" 0 800 804 812 8192 808 784 ", "entity_id": "{416dd0c5-f70c-676b-a502-000000000900}", "executable": "C:\\Windows\\System32\\SearchFilterHost.exe", "hash": {"md5": "682d7618341e297914ba89d46c3db469", "sha1": "e5c14547d36fa7e6ce079b9cce6cf662baa35b1f", "sha256": "33051d12c4dc42c6b5dadf8016bad36570ef9029f7d5d654eafb0f1c3db616c3"}, "name": "SearchFilterHost.exe", "parent": {"args": ["C:\\Windows\\system32\\SearchIndexer.exe", "/Embedding"], "command_line": "C:\\Windows\\system32\\SearchIndexer.exe /Embedding", "entity_id": "{416dd0c5-c1ec-676b-6b00-000000000900}", "executable": "C:\\Windows\\System32\\SearchIndexer.exe", "name": "SearchIndexer.exe", "pid": 5152}, "pe": {"imphash": "25975932fe65b44ea2dd939dc008d453"}, "pid": 4372, "working_directory": "C:\\Windows\\system32\\"}, "related": {"hash": ["e5c14547d36fa7e6ce079b9cce6cf662baa35b1f", "682d7618341e297914ba89d46c3db469", "33051d12c4dc42c6b5dadf8016bad36570ef9029f7d5d654eafb0f1c3db616c3", "25975932fe65b44ea2dd939dc008d453"], "user": "SYSTEM"}, "user": {"domain": "NT AUTHORITY", "name": "SYSTEM"}, "winlog": {"api": "wineventlog", "channel": "Microsoft-Windows-Sysmon/Operational", "computer_name": "CLIENT3.breach.local", "event_data": {"Company": "Microsoft Corporation", "Description": "Microsoft Windows Search Filter Host", "FileVersion": "7.0.19041.844 (WinBuild.160101.0800)", "IntegrityLevel": "Medium", "LogonGuid": "{416dd0c5-c1d7-676b-e703-000000000000}", "LogonId": "0x3e7", "OriginalFileName": "SearchFilterHost.exe", "ParentUser": "NT AUTHORITY\\SYSTEM", "Product": "Windows\u00ae Search", "RuleName": "-", "TerminalSessionId": "0"}, "event_id": 1, "opcode": "Info", "process": {"pid": 2816, "thread": {"id": 3300}}, "provider_guid": "{5770385f-c22a-43e0-bf4c-06f5698ffbd9}", "provider_name": "Microsoft-Windows-Sysmon", "record_id": 1052205, "task": "Process Create (rule: ProcessCreate)", "user": {"domain": "NT AUTHORITY", "identifier": "S-1-5-18", "name": "SYSTEM", "type": "User"}, "version": 5}}
{"@timestamp": "2024-12-25T12:14:40.498Z", "agent": {"ephemeral_id": "8ac15dc1-7111-4b70-ab2b-b51e7b397251", "hostname": "CLIENT3", "id": "c35095e9-5f9f-4084-a651-3aaa2966847a", "name": "CLIENT3", "type": "winlogbeat", "version": "7.10.2"}, "ecs": {"version": "1.5.0"}, "event": {"action": "Logon", "code": 4624, "created": "2024-12-25T12:14:42.332Z", "kind": "event", "outcome": "success", "provider": "Microsoft-Windows-Security-Auditing"}, "host": {"name": "CLIENT3.breach.local"}, "log": {"level": "information"}, "winlog": {"api": "wineventlog", "channel": "Security", "computer_name": "CLIENT3.breach.local", "event_data": {"AuthenticationPackageName": "NTLM", "ElevatedToken": "%%1842", "ImpersonationLevel": "%%1833", "IpAddress": "172.16.1.13", "IpPort": "63730", "KeyLength": "128", "LmPackageName": "NTLM V2", "LogonGuid": "{00000000-0000-0000-0000-000000000000}", "LogonProcessName": "NtLmSsp ", "LogonType": "3", "ProcessId": "0x0", "ProcessName": "-", "RestrictedAdminMode": "-", "SubjectDomainName": "-", "SubjectLogonId": "0x0", "SubjectUserName": "-", "SubjectUserSid": "S-1-0-0", "TargetDomainName": "BREACH", "TargetLinkedLogonId": "0x0", "TargetLogonId": "0xb20d5", "TargetOutboundDomainName": "-", "TargetOutboundUserName": "-", "TargetUserName": "client3", "TargetUserSid": "S-1-5-21-3820639014-3737903552-3625786605-1105", "TransmittedServices": "-", "VirtualAccount": "%%1843", "WorkstationName": "CLIENT12"}, "event_id": 4624, "keywords": ["Audit Success"], "opcode": "Info", "process": {"pid": 636, "thread": {"id": 640}}, "provider_guid": "{54849625-5478-4994-a5ba-3e3b0328c30d}", "provider_name": "Microsoft-Windows-Security-Auditing", "record_id": 24273, "task": "Logon", "version": 2}}
{"@timestamp": "2024-12-25T12:14:50.673Z", "agent": {"ephemeral_id": "8ac15dc1-7111-4b70-ab2b-b51e7b397251", "hostname": "CLIENT3", "id": "c35095e9-5f9f-4084-a651-3aaa2966847a", "name": "CLIENT3", "type": "winlogbeat", "version": "7.10.2"}, "ecs": {"version": "1.5.0"}, "event": {"action": "Process Create (rule: ProcessCreate)", "category": ["process"], "code": 1, "created": "2024-12-25T12:14:51.863Z", "kind": "event", "module": "sysmon", "provider": "Microsoft-Windows-Sysmon", "type": ["start", "process_start"]}, "hash": {"imphash": "0bc2115c454c6afbb369c14e7d59379d", "md5": "91a2ef577822fa0206983b8d97c2d383", "sha1": "e85ac533034790f5a41657fcdbc215304a13356e", "sha256": "35492a1f96bd065b6e5f3938a0564f4e0e55f7ebbd666d92fbb9d80034f394a8"}, "host": {"name": "CLIENT3.breach.local"}, "log": {"level": "information"}, "process": {"args": ["C:\\Program Files (x86)\\Mozilla Firefox\\firefox.exe", "-contentproc", "--channel=8332.5.1140788115\\1042725204", "-parentBuildID", "20220705093820", "-prefsHandle", "3296", "-prefMapHandle", "4468", "-prefsLen", "35721", "-prefMapSize", "223336", "-appDir", "C:\\Program Files (x86)\\Mozilla Firefox\\browser", "-", "8332", "\\\\.\\pipe\\gecko-crash-server-pipe.8332", "3628", "12d86050", "rdd"], "command_line": "\"C:\\Program Files (x86)\\Mozilla Firefox\\firefox.exe\" -contentproc --channel=\"8332.5.1140788115\\1042725204\" -parentBuildID 20220705093820 -prefsHandle 3296 -prefMapHandle 4468 -prefsLen 35721 -prefMapSize 223336 -appDir \"C:\\Program Files (x86)\\Mozilla Firefox\\browser\" - 8332 \"\\\\.\\pipe\\gecko-crash-server-pipe.8332\" 3628 12d86050 rdd", "entity_id": "{416dd0c5-f73a-676b-a602-000000000900}", "executable": "C:\\Program Files (x86)\\Mozilla Firefox\\firefox.exe", "hash": {"md5": "91a2ef577822fa0206983b8d97c2d383", "sha1": "e85ac533034790f5a41657fcdbc215304a13356e", "sha256": "35492a1f96bd065b6e5f3938a0564f4e0e55f7ebbd666d92fbb9d80034f394a8"}, "name": "firefox.exe", "parent": {"args": ["C:\\Program Files (x86)\\Mozilla Firefox\\firefox.exe", "--marionette", "--remote-debugging-port", "50264", "--remote-allow-hosts", "localhost", "-no-remote", "-profile", "C:\\Users\\client3\\AppData\\Local\\Temp\\rust_mozprofile7YJfpD"], "command_line": "\"C:\\Program Files (x86)\\Mozilla Firefox\\firefox.exe\" --marionette --remote-debugging-port 50264 --remote-allow-hosts localhost -no-remote -profile C:\\Users\\client3\\AppData\\Local\\Temp\\rust_mozprofile7YJfpD", "entity_id": "{416dd0c5-f603-676b-9602-000000000900}", "executable": "C:\\Program Files (x86)\\Mozilla Firefox\\firefox.exe", "name": "firefox.exe", "pid": 8332}, "pe": {"imphash": "0bc2115c454c6afbb369c14e7d59379d"}, "pid": 1664, "working_directory": "C:\\BREACH\\"}, "related": {"hash": ["e85ac533034790f5a41657fcdbc215304a13356e", "91a2ef577822fa0206983b8d97c2d383", "35492a1f96bd065b6e5f3938a0564f4e0e55f7ebbd666d92fbb9d80034f394a8", "0bc2115c454c6afbb369c14e7d59379d"], "user": "client3"}, "user": {"domain": "BREACH", "name": "client3"}, "winlog": {"api": "wineventlog", "channel": "Microsoft-Windows-Sysmon/Operational", "computer_name": "CLIENT3.breach.local", "event_data": {"Company": "Mozilla Corporation", "Description": "Firefox", "FileVersion": "102.0.1", "IntegrityLevel": "Low", "LogonGuid": "{416dd0c5-c1e0-676b-a14b-040000000000}", "LogonId": "0x44ba1", "OriginalFileName": "firefox.exe", "ParentUser": "BREACH\\client3", "Product": "Firefox", "RuleName": "-", "TerminalSessionId": "1"}, "event_id": 1, "opcode": "Info", "process": {"pid": 2816, "thread": {"id": 3300}}, "provider_guid": "{5770385f-c22a-43e0-bf4c-06f5698ffbd9}", "provider_name": "Microsoft-Windows-Sysmon", "record_id": 1052441, "task": "Process Create (rule: ProcessCreate)", "user": {"domain": "NT AUTHORITY", "identifier": "S-1-5-18", "name": "SYSTEM", "type": "User"}, "version": 5}}
{"@timestamp": "2024-12-25T12:15:58.878Z", "agent": {"ephemeral_id": "8ac15dc1-7111-4b70-ab2b-b51e7b397251", "hostname": "CLIENT3", "id": "c35095e9-5f9f-4084-a651-3aaa2966847a", "name": "CLIENT3", "type": "winlogbeat", "version": "7.10.2"}, "ecs": {"version": "1.5.0"}, "event": {"action": "Process Create (rule: ProcessCreate)", "category": ["process"], "code": 1, "created": "2024-12-25T12:15:59.250Z", "kind": "event", "module": "sysmon", "provider": "Microsoft-Windows-Sysmon", "type": ["start", "process_start"]}, "hash": {"imphash": "0bc2115c454c6afbb369c14e7d59379d", "md5": "91a2ef577822fa0206983b8d97c2d383", "sha1": "e85ac533034790f5a41657fcdbc215304a13356e", "sha256": "35492a1f96bd065b6e5f3938a0564f4e0e55f7ebbd666d92fbb9d80034f394a8"}, "host": {"name": "CLIENT3.breach.local"}, "log": {"level": "information"}, "process": {"args": ["C:\\Program Files (x86)\\Mozilla Firefox\\firefox.exe", "-contentproc", "--channel=8332.6.1013648211\\1680253311", "-parentBuildID", "20220705093820", "-sandboxingKind", "1", "-prefsHandle", "7612", "-prefMapHandle", "7616", "-prefsLen", "35721", "-prefMapSize", "223336", "-win32kLockedDown", "-appDir", "C:\\Program Files (x86)\\Mozilla Firefox\\browser", "-", "8332", "\\\\.\\pipe\\gecko-crash-server-pipe.8332", "8848", "295a97d0", "utility"], "command_line": "\"C:\\Program Files (x86)\\Mozilla Firefox\\firefox.exe\" -contentproc --channel=\"8332.6.1013648211\\1680253311\" -parentBuildID 20220705093820 -sandboxingKind 1 -prefsHandle 7612 -prefMapHandle 7616 -prefsLen 35721 -prefMapSize 223336 -win32kLockedDown -appDir \"C:\\Program Files (x86)\\Mozilla Firefox\\browser\" - 8332 \"\\\\.\\pipe\\gecko-crash-server-pipe.8332\" 8848 295a97d0 utility", "entity_id": "{416dd0c5-f77e-676b-a702-000000000900}", "executable": "C:\\Program Files (x86)\\Mozilla Firefox\\firefox.exe", "hash": {"md5": "91a2ef577822fa0206983b8d97c2d383", "sha1": "e85ac533034790f5a41657fcdbc215304a13356e", "sha256": "35492a1f96bd065b6e5f3938a0564f4e0e55f7ebbd666d92fbb9d80034f394a8"}, "name": "firefox.exe", "parent": {"args": ["C:\\Program Files (x86)\\Mozilla Firefox\\firefox.exe", "--marionette", "--remote-debugging-port", "50264", "--remote-allow-hosts", "localhost", "-no-remote", "-profile", "C:\\Users\\client3\\AppData\\Local\\Temp\\rust_mozprofile7YJfpD"], "command_line": "\"C:\\Program Files (x86)\\Mozilla Firefox\\firefox.exe\" --marionette --remote-debugging-port 50264 --remote-allow-hosts localhost -no-remote -profile C:\\Users\\client3\\AppData\\Local\\Temp\\rust_mozprofile7YJfpD", "entity_id": "{416dd0c5-f603-676b-9602-000000000900}", "executable": "C:\\Program Files (x86)\\Mozilla Firefox\\firefox.exe", "name": "firefox.exe", "pid": 8332}, "pe": {"imphash": "0bc2115c454c6afbb369c14e7d59379d"}, "pid": 8020, "working_directory": "C:\\BREACH\\"}, "related": {"hash": ["e85ac533034790f5a41657fcdbc215304a13356e", "91a2ef577822fa0206983b8d97c2d383", "35492a1f96bd065b6e5f3938a0564f4e0e55f7ebbd666d92fbb9d80034f394a8", "0bc2115c454c6afbb369c14e7d59379d"], "user": "client3"}, "user": {"domain": "BREACH", "name": "client3"}, "winlog": {"api": "wineventlog", "channel": "Microsoft-Windows-Sysmon/Operational", "computer_name": "CLIENT3.breach.local", "event_data": {"Company": "Mozilla Corporation", "Description": "Firefox", "FileVersion": "102.0.1", "IntegrityLevel": "Low", "LogonGuid": "{416dd0c5-c1e0-676b-a14b-040000000000}", "LogonId": "0x44ba1", "OriginalFileName": "firefox.exe", "ParentUser": "BREACH\\client3", "Product": "Firefox", "RuleName": "-", "TerminalSessionId": "1"}, "event_id": 1, "opcode": "Info", "process": {"pid": 2816, "thread": {"id": 3300}}, "provider_guid": "{5770385f-c22a-43e0-bf4c-06f5698ffbd9}", "provider_name": "Microsoft-Windows-Sysmon", "record_id": 1052890, "task": "Process Create (rule: ProcessCreate)", "user": {"domain": "NT AUTHORITY", "identifier": "S-1-5-18", "name": "SYSTEM", "type": "User"}, "version": 5}}
{"@timestamp": "2024-12-25T12:16:04.358Z", "agent": {"ephemeral_id": "8ac15dc1-7111-4b70-ab2b-b51e7b397251", "hostname": "CLIENT3", "id": "c35095e9-5f9f-4084-a651-3aaa2966847a", "name": "CLIENT3", "type": "winlogbeat", "version": "7.10.2"}, "ecs": {"version": "1.5.0"}, "event": {"action": "Process Create (rule: ProcessCreate)", "category": ["process"], "code": 1, "created": "2024-12-25T12:16:07.913Z", "kind": "event", "module": "sysmon", "provider": "Microsoft-Windows-Sysmon", "type": ["start", "process_start"]}, "hash": {"imphash": "3c2fc59273192a34f1aa4a59df3b348e", "md5": "922f7003fca657359db03cc02941124d", "sha1": "27fae46e4e377467f2d5f9e37a5a8cb19b39b9ec", "sha256": "5da31132fd6a415e71e3fd40c3a23853a799b91ea2821d2bcbf1bf0e8fa01e16"}, "host": {"name": "CLIENT3.breach.local"}, "log": {"level": "information"}, "process": {"args": ["C:\\Python37\\python.exe", "-c", "from multiprocessing.spawn import spawn_main; spawn_main(parent_pid=7056, pipe_handle=1724)", "--multiprocessing-fork"], "command_line": "\"C:\\Python37\\python.exe\" \"-c\" \"from multiprocessing.spawn import spawn_main; spawn_main(parent_pid=7056, pipe_handle=1724)\" \"--multiprocessing-fork\"", "entity_id": "{416dd0c5-f784-676b-a802-000000000900}", "executable": "C:\\Python37\\python.exe", "hash": {"md5": "922f7003fca657359db03cc02941124d", "sha1": "27fae46e4e377467f2d5f9e37a5a8cb19b39b9ec", "sha256": "5da31132fd6a415e71e3fd40c3a23853a799b91ea2821d2bcbf1bf0e8fa01e16"}, "name": "python.exe", "parent": {"args": ["C:\\Python37\\python.exe", "C:\\BREACH\\userbehavior\\main.py"], "command_line": "C:\\Python37\\python.exe \"C:\\BREACH\\userbehavior\\main.py\" ", "entity_id": "{416dd0c5-c207-676b-a100-000000000900}", "executable": "C:\\Python37\\python.exe", "name": "python.exe", "pid": 7056}, "pe": {"imphash": "3c2fc59273192a34f1aa4a59df3b348e"}, "pid": 1168, "working_directory": "C:\\BREACH\\"}, "related": {"hash": ["27fae46e4e377467f2d5f9e37a5a8cb19b39b9ec", "922f7003fca657359db03cc02941124d", "5da31132fd6a415e71e3fd40c3a23853a799b91ea2821d2bcbf1bf0e8fa01e16", "3c2fc59273192a34f1aa4a59df3b348e"], "user": "client3"}, "user": {"domain": "BREACH", "name": "client3"}, "winlog": {"api": "wineventlog", "channel": "Microsoft-Windows-Sysmon/Operational", "computer_name": "CLIENT3.breach.local", "event_data": {"Company": "Python Software Foundation", "Description": "Python", "FileVersion": "3.7.3", "IntegrityLevel": "Medium", "LogonGuid": "{416dd0c5-c1e0-676b-a14b-040000000000}", "LogonId": "0x44ba1", "OriginalFileName": "python.exe", "ParentUser": "BREACH\\client3", "Product": "Python", "RuleName": "-", "TerminalSessionId": "1"}, "event_id": 1, "opcode": "Info", "process": {"pid": 2816, "thread": {"id": 3300}}, "provider_guid": "{5770385f-c22a-43e0-bf4c-06f5698ffbd9}", "provider_name": "Microsoft-Windows-Sysmon", "record_id": 1053132, "task": "Process Create (rule: ProcessCreate)", "user": {"domain": "NT AUTHORITY", "identifier": "S-1-5-18", "name": "SYSTEM", "type": "User"}, "version": 5}}
{"@timestamp": "2024-12-25T12:16:37.063Z", "agent": {"ephemeral_id": "8ac15dc1-7111-4b70-ab2b-b51e7b397251", "hostname": "CLIENT3", "id": "c35095e9-5f9f-4084-a651-3aaa2966847a", "name": "CLIENT3", "type": "winlogbeat", "version": "7.10.2"}, "ecs": {"version": "1.5.0"}, "event": {"action": "Process Create (rule: ProcessCreate)", "category": ["process"], "code": 1, "created": "2024-12-25T12:17:00.008Z", "kind": "event", "module": "sysmon", "provider": "Microsoft-Windows-Sysmon", "type": ["start", "process_start"]}, "hash": {"imphash": "3a0c6863cde566af997db2defff9d924", "md5": "564e4806ab18f93b93d551cd10c1598e", "sha1": "fed4b4a753a9541389aa670c69e624be07569ccd", "sha256": "0322728dbce3a577c4a13b907ad7375d27e74880b63f7371384f67d19197a0ad"}, "host": {"name": "CLIENT3.breach.local"}, "log": {"level": "information"}, "process": {"args": ["taskhostw.exe"], "command_line": "taskhostw.exe", "entity_id": "{416dd0c5-f7a5-676b-a902-000000000900}", "executable": "C:\\Windows\\System32\\taskhostw.exe", "hash": {"md5": "564e4806ab18f93b93d551cd10c1598e", "sha1": "fed4b4a753a9541389aa670c69e624be07569ccd", "sha256": "0322728dbce3a577c4a13b907ad7375d27e74880b63f7371384f67d19197a0ad"}, "name": "taskhostw.exe", "parent": {"args": ["C:\\Windows\\system32\\svchost.exe", "-k", "netsvcs", "-p", "-s", "Schedule"], "command_line": "C:\\Windows\\system32\\svchost.exe -k netsvcs -p -s Schedule", "entity_id": "{416dd0c5-c1d8-676b-1e00-000000000900}", "executable": "C:\\Windows\\System32\\svchost.exe", "name": "svchost.exe", "pid": 1284}, "pe": {"imphash": "3a0c6863cde566af997db2defff9d924"}, "pid": 3392, "working_directory": "C:\\Windows\\system32\\"}, "related": {"hash": ["fed4b4a753a9541389aa670c69e624be07569ccd", "564e4806ab18f93b93d551cd10c1598e", "0322728dbce3a577c4a13b907ad7375d27e74880b63f7371384f67d19197a0ad", "3a0c6863cde566af997db2defff9d924"], "user": "SYSTEM"}, "user": {"domain": "NT AUTHORITY", "name": "SYSTEM"}, "winlog": {"api": "wineventlog", "channel": "Microsoft-Windows-Sysmon/Operational", "computer_name": "CLIENT3.breach.local", "event_data": {"Company": "Microsoft Corporation", "Description": "Host Process for Windows Tasks", "FileVersion": "10.0.19041.906 (WinBuild.160101.0800)", "IntegrityLevel": "System", "LogonGuid": "{416dd0c5-c1d7-676b-e703-000000000000}", "LogonId": "0x3e7", "OriginalFileName": "taskhostw.exe", "ParentUser": "NT AUTHORITY\\SYSTEM", "Product": "Microsoft\u00ae Windows\u00ae Operating System", "RuleName": "-", "TerminalSessionId": "0"}, "event_id": 1, "opcode": "Info", "process": {"pid": 2816, "thread": {"id": 3300}}, "provider_guid": "{5770385f-c22a-43e0-bf4c-06f5698ffbd9}", "provider_name": "Microsoft-Windows-Sysmon", "record_id": 1055220, "task": "Process Create (rule: ProcessCreate)", "user": {"domain": "NT AUTHORITY", "identifier": "S-1-5-18", "name": "SYSTEM", "type": "User"}, "version": 5}}
{"@timestamp": "2024-12-25T12:17:04.783Z", "agent": {"ephemeral_id": "8ac15dc1-7111-4b70-ab2b-b51e7b397251", "hostname": "CLIENT3", "id": "c35095e9-5f9f-4084-a651-3aaa2966847a", "name": "CLIENT3", "type": "winlogbeat", "version": "7.10.2"}, "ecs": {"version": "1.5.0"}, "event": {"action": "Process Create (rule: ProcessCreate)", "category": ["process"], "code": 1, "created": "2024-12-25T12:17:06.274Z", "kind": "event", "module": "sysmon", "provider": "Microsoft-Windows-Sysmon", "type": ["start", "process_start"]}, "hash": {"imphash": "b71cb3ac5c352bec857c940cbc95f0f3", "md5": "60ff40cfd7fb8fe41ee4fe9ae5fe1c51", "sha1": "3ea7cc066317ac45f963c2227c4c7c50aa16eb7c", "sha256": "2198a7b58bccb758036b969ddae6cc2ece07565e2659a7c541a313a0492231a3"}, "host": {"name": "CLIENT3.breach.local"}, "log": {"level": "information"}, "process": {"args": ["C:\\Windows\\system32\\wbem\\wmiprvse.exe", "-secured", "-Embedding"], "command_line": "C:\\Windows\\system32\\wbem\\wmiprvse.exe -secured -Embedding", "entity_id": "{416dd0c5-f7c0-676b-aa02-000000000900}", "executable": "C:\\Windows\\System32\\wbem\\WmiPrvSE.exe", "hash": {"md5": "60ff40cfd7fb8fe41ee4fe9ae5fe1c51", "sha1": "3ea7cc066317ac45f963c2227c4c7c50aa16eb7c", "sha256": "2198a7b58bccb758036b969ddae6cc2ece07565e2659a7c541a313a0492231a3"}, "name": "WmiPrvSE.exe", "parent": {"args": ["C:\\Windows\\system32\\svchost.exe", "-k", "DcomLaunch", "-p"], "command_line": "C:\\Windows\\system32\\svchost.exe -k DcomLaunch -p", "entity_id": "{416dd0c5-c1d8-676b-0f00-000000000900}", "executable": "C:\\Windows\\System32\\svchost.exe", "name": "svchost.exe", "pid": 744}, "pe": {"imphash": "b71cb3ac5c352bec857c940cbc95f0f3"}, "pid": 9240, "working_directory": "C:\\Windows\\system32\\"}, "related": {"hash": ["3ea7cc066317ac45f963c2227c4c7c50aa16eb7c", "60ff40cfd7fb8fe41ee4fe9ae5fe1c51", "2198a7b58bccb758036b969ddae6cc2ece07565e2659a7c541a313a0492231a3", "b71cb3ac5c352bec857c940cbc95f0f3"], "user": "NETWORK SERVICE"}, "user": {"domain": "NT AUTHORITY", "name": "NETWORK SERVICE"}, "winlog": {"api": "wineventlog", "channel": "Microsoft-Windows-Sysmon/Operational", "computer_name": "CLIENT3.breach.local", "event_data": {"Company": "Microsoft Corporation", "Description": "WMI Provider Host", "FileVersion": "10.0.19041.546 (WinBuild.160101.0800)", "IntegrityLevel": "System", "LogonGuid": "{416dd0c5-c1d8-676b-e403-000000000000}", "LogonId": "0x3e4", "OriginalFileName": "Wmiprvse.exe", "ParentUser": "NT AUTHORITY\\SYSTEM", "Product": "Microsoft\u00ae Windows\u00ae Operating System", "RuleName": "-", "TerminalSessionId": "0"}, "event_id": 1, "opcode": "Info", "process": {"pid": 2816, "thread": {"id": 3300}}, "provider_guid": "{5770385f-c22a-43e0-bf4c-06f5698ffbd9}", "provider_name": "Microsoft-Windows-Sysmon", "record_id": 1057278, "task": "Process Create (rule: ProcessCreate)", "user": {"domain": "NT AUTHORITY", "identifier": "S-1-5-18", "name": "SYSTEM", "type": "User"}, "version": 5}}
{"@timestamp": "2024-12-25T12:17:04.968Z", "agent": {"ephemeral_id": "8ac15dc1-7111-4b70-ab2b-b51e7b397251", "hostname": "CLIENT3", "id": "c35095e9-5f9f-4084-a651-3aaa2966847a", "name": "CLIENT3", "type": "winlogbeat", "version": "7.10.2"}, "ecs": {"version": "1.5.0"}, "event": {"action": "Logon", "code": 4624, "created": "2024-12-25T12:17:06.332Z", "kind": "event", "outcome": "success", "provider": "Microsoft-Windows-Security-Auditing"}, "host": {"name": "CLIENT3.breach.local"}, "log": {"level": "information"}, "winlog": {"activity_id": "{b64e32c3-56a6-0000-4833-4eb6a656db01}", "api": "wineventlog", "channel": "Security", "computer_name": "CLIENT3.breach.local", "event_data": {"AuthenticationPackageName": "Negotiate", "ElevatedToken": "%%1842", "ImpersonationLevel": "%%1833", "IpAddress": "-", "IpPort": "-", "KeyLength": "0", "LmPackageName": "-", "LogonGuid": "{00000000-0000-0000-0000-000000000000}", "LogonProcessName": "Advapi  ", "LogonType": "5", "ProcessId": "0x254", "ProcessName": "C:\\Windows\\System32\\services.exe", "RestrictedAdminMode": "-", "SubjectDomainName": "BREACH", "SubjectLogonId": "0x3e7", "SubjectUserName": "CLIENT3$", "SubjectUserSid": "S-1-5-18", "TargetDomainName": "NT AUTHORITY", "TargetLinkedLogonId": "0x0", "TargetLogonId": "0x3e7", "TargetOutboundDomainName": "-", "TargetOutboundUserName": "-", "TargetUserName": "SYSTEM", "TargetUserSid": "S-1-5-18", "TransmittedServices": "-", "VirtualAccount": "%%1843", "WorkstationName": "-"}, "event_id": 4624, "keywords": ["Audit Success"], "opcode": "Info", "process": {"pid": 636, "thread": {"id": 5760}}, "provider_guid": "{54849625-5478-4994-a5ba-3e3b0328c30d}", "provider_name": "Microsoft-Windows-Security-Auditing", "record_id": 22312, "task": "Logon", "version": 2}}
{"@timestamp": "2024-12-25T12:17:04.968Z", "agent": {"ephemeral_id": "8ac15dc1-7111-4b70-ab2b-b51e7b397251", "hostname": "CLIENT3", "id": "c35095e9-5f9f-4084-a651-3aaa2966847a", "name": "CLIENT3", "type": "winlogbeat", "version": "7.10.2"}, "ecs": {"version": "1.5.0"}, "event": {"action": "Special Logon", "code": 4672, "created": "2024-12-25T12:17:06.332Z", "kind": "event", "outcome": "success", "provider": "Microsoft-Windows-Security-Auditing"}, "host": {"name": "CLIENT3.breach.local"}, "log": {"level": "information"}, "winlog": {"activity_id": "{b64e32c3-56a6-0000-4833-4eb6a656db01}", "api": "wineventlog", "channel": "Security", "computer_name": "CLIENT3.breach.local", "event_data": {"PrivilegeList": "SeAssignPrimaryTokenPrivilege\n\t\t\tSeTcbPrivilege\n\t\t\tSeSecurityPrivilege\n\t\t\tSeTakeOwnershipPrivilege\n\t\t\tSeLoadDriverPrivilege\n\t\t\tSeBackupPrivilege\n\t\t\tSeRestorePrivilege\n\t\t\tSeDebugPrivilege\n\t\t\tSeAuditPrivilege\n\t\t\tSeSystemEnvironmentPrivilege\n\t\t\tSeImpersonatePrivilege\n\t\t\tSeDelegateSessionUserImpersonatePrivilege", "SubjectDomainName": "NT AUTHORITY", "SubjectLogonId": "0x3e7", "SubjectUserName": "SYSTEM", "SubjectUserSid": "S-1-5-18"}, "event_id": 4672, "keywords": ["Audit Success"], "opcode": "Info", "process": {"pid": 636, "thread": {"id": 5760}}, "provider_guid": "{54849625-5478-4994-a5ba-3e3b0328c30d}", "provider_name": "Microsoft-Windows-Security-Auditing", "record_id": 22313, "task": "Special Logon"}}
{"@timestamp": "2024-12-25T12:17:04.970Z", "agent": {"ephemeral_id": "8ac15dc1-7111-4b70-ab2b-b51e7b397251", "hostname": "CLIENT3", "id": "c35095e9-5f9f-4084-a651-3aaa2966847a", "name": "CLIENT3", "type": "winlogbeat", "version": "7.10.2"}, "ecs": {"version": "1.5.0"}, "event": {"action": "Process Create (rule: ProcessCreate)", "category": ["process"], "code": 1, "created": "2024-12-25T12:17:06.463Z", "kind": "event", "module": "sysmon", "provider": "Microsoft-Windows-Sysmon", "type": ["start", "process_start"]}, "hash": {"imphash": "1ca0a5ee71e2b495ece51259d42424d1", "md5": "00c358b55509eaae79292d8e61fc317e", "sha1": "642c216e51f8999629deba18dab857efa2b892ec", "sha256": "3759ab1b549f440d6769f9bddf38a5562b0ab938b93a1cd172befaf133963ede"}, "host": {"name": "CLIENT3.breach.local"}, "log": {"level": "information"}, "process": {"args": ["C:\\Windows\\servicing\\TrustedInstaller.exe"], "command_line": "C:\\Windows\\servicing\\TrustedInstaller.exe", "entity_id": "{416dd0c5-f7c0-676b-ab02-000000000900}", "executable": "C:\\Windows\\servicing\\TrustedInstaller.exe", "hash": {"md5": "00c358b55509eaae79292d8e61fc317e", "sha1": "642c216e51f8999629deba18dab857efa2b892ec", "sha256": "3759ab1b549f440d6769f9bddf38a5562b0ab938b93a1cd172befaf133963ede"}, "name": "TrustedInstaller.exe", "parent": {"args": ["C:\\Windows\\system32\\services.exe"], "command_line": "C:\\Windows\\system32\\services.exe", "entity_id": "{416dd0c5-c1d7-676b-0b00-000000000900}", "executable": "C:\\Windows\\System32\\services.exe", "name": "services.exe", "pid": 596}, "pe": {"imphash": "1ca0a5ee71e2b495ece51259d42424d1"}, "pid": 10228, "working_directory": "C:\\Windows\\system32\\"}, "related": {"hash": ["642c216e51f8999629deba18dab857efa2b892ec", "00c358b55509eaae79292d8e61fc317e", "3759ab1b549f440d6769f9bddf38a5562b0ab938b93a1cd172befaf133963ede", "1ca0a5ee71e2b495ece51259d42424d1"], "user": "SYSTEM"}, "user": {"domain": "NT AUTHORITY", "name": "SYSTEM"}, "winlog": {"api": "wineventlog", "channel": "Microsoft-Windows-Sysmon/Operational", "computer_name": "CLIENT3.breach.local", "event_data": {"Company": "Microsoft Corporation", "Description": "Windows Modules Installer", "FileVersion": "10.0.19041.789 (WinBuild.160101.0800)", "IntegrityLevel": "System", "LogonGuid": "{416dd0c5-c1d7-676b-e703-000000000000}", "LogonId": "0x3e7", "OriginalFileName": "TrustedInstaller.exe", "ParentUser": "NT AUTHORITY\\SYSTEM", "Product": "Microsoft\u00ae Windows\u00ae Operating System", "RuleName": "-", "TerminalSessionId": "0"}, "event_id": 1, "opcode": "Info", "process": {"pid": 2816, "thread": {"id": 3300}}, "provider_guid": "{5770385f-c22a-43e0-bf4c-06f5698ffbd9}", "provider_name": "Microsoft-Windows-Sysmon", "record_id": 1057319, "task": "Process Create (rule: ProcessCreate)", "user": {"domain": "NT AUTHORITY", "identifier": "S-1-5-18", "name": "SYSTEM", "type": "User"}, "version": 5}}
{"@timestamp": "2024-12-25T12:17:05.086Z", "agent": {"ephemeral_id": "8ac15dc1-7111-4b70-ab2b-b51e7b397251", "hostname": "CLIENT3", "id": "c35095e9-5f9f-4084-a651-3aaa2966847a", "name": "CLIENT3", "type": "winlogbeat", "version": "7.10.2"}, "ecs": {"version": "1.5.0"}, "event": {"action": "Process Create (rule: ProcessCreate)", "category": ["process"], "code": 1, "created": "2024-12-25T12:17:06.472Z", "kind": "event", "module": "sysmon", "provider": "Microsoft-Windows-Sysmon", "type": ["start", "process_start"]}, "hash": {"imphash": "7f8a93c920350be0fb69b884a1c86d70", "md5": "cdfdf370fc90335b1a361d11ffde2f66", "sha1": "d912efb63512d656f167b2e34d5f4c2654293647", "sha256": "b1fc0b8cc5fd877d257d4bf778ca645c3a7ac0f1225e195a1d60db40d360de64"}, "host": {"name": "CLIENT3.breach.local"}, "log": {"level": "information"}, "process": {"args": ["C:\\Windows\\winsxs\\amd64_microsoft-windows-servicingstack_31bf3856ad364e35_10.0.19041.925_none_e76d4f6f260a683e\\TiWorker.exe", "-Embedding"], "command_line": "C:\\Windows\\winsxs\\amd64_microsoft-windows-servicingstack_31bf3856ad364e35_10.0.19041.925_none_e76d4f6f260a683e\\TiWorker.exe -Embedding", "entity_id": "{416dd0c5-f7c1-676b-ac02-000000000900}", "executable": "C:\\Windows\\WinSxS\\amd64_microsoft-windows-servicingstack_31bf3856ad364e35_10.0.19041.925_none_e76d4f6f260a683e\\TiWorker.exe", "hash": {"md5": "cdfdf370fc90335b1a361d11ffde2f66", "sha1": "d912efb63512d656f167b2e34d5f4c2654293647", "sha256": "b1fc0b8cc5fd877d257d4bf778ca645c3a7ac0f1225e195a1d60db40d360de64"}, "name": "TiWorker.exe", "parent": {"args": ["C:\\Windows\\system32\\svchost.exe", "-k", "DcomLaunch", "-p"], "command_line": "C:\\Windows\\system32\\svchost.exe -k DcomLaunch -p", "entity_id": "{416dd0c5-c1d8-676b-0f00-000000000900}", "executable": "C:\\Windows\\System32\\svchost.exe", "name": "svchost.exe", "pid": 744}, "pe": {"imphash": "7f8a93c920350be0fb69b884a1c86d70"}, "pid": 7940, "working_directory": "C:\\Windows\\system32\\"}, "related": {"hash": ["d912efb63512d656f167b2e34d5f4c2654293647", "cdfdf370fc90335b1a361d11ffde2f66", "b1fc0b8cc5fd877d257d4bf778ca645c3a7ac0f1225e195a1d60db40d360de64", "7f8a93c920350be0fb69b884a1c86d70"], "user": "SYSTEM"}, "user": {"domain": "NT AUTHORITY", "name": "SYSTEM"}, "winlog": {"api": "wineventlog", "channel": "Microsoft-Windows-Sysmon/Operational", "computer_name": "CLIENT3.breach.local", "event_data": {"Company": "Microsoft Corporation", "Description": "Windows Modules Installer Worker", "FileVersion": "10.0.19041.925 (WinBuild.160101.0800)", "IntegrityLevel": "System", "LogonGuid": "{416dd0c5-c1d7-676b-e703-000000000000}", "LogonId": "0x3e7", "OriginalFileName": "TiWorker.exe", "ParentUser": "NT AUTHORITY\\SYSTEM", "Product": "Microsoft\u00ae Windows\u00ae Operating System", "RuleName": "-", "TerminalSessionId": "0"}, "event_id": 1, "opcode": "Info", "process": {"pid": 2816, "thread": {"id": 3300}}, "provider_guid": "{5770385f-c22a-43e0-bf4c-06f5698ffbd9}", "provider_name": "Microsoft-Windows-Sysmon", "record_id": 1057348, "task": "Process Create (rule: ProcessCreate)", "user": {"domain": "NT AUTHORITY", "identifier": "S-1-5-18", "name": "SYSTEM", "type": "User"}, "version": 5}}
{"@timestamp": "2024-12-25T12:17:10.278Z", "agent": {"ephemeral_id": "8ac15dc1-7111-4b70-ab2b-b51e7b397251", "hostname": "CLIENT3", "id": "c35095e9-5f9f-4084-a651-3aaa2966847a", "name": "CLIENT3", "type": "winlogbeat", "version": "7.10.2"}, "ecs": {"version": "1.5.0"}, "event": {"action": "Process Create (rule: ProcessCreate)", "category": ["process"], "code": 1, "created": "2024-12-25T12:17:11.178Z", "kind": "event", "module": "sysmon", "provider": "Microsoft-Windows-Sysmon", "type": ["start", "process_start"]}, "hash": {"imphash": "b71cb3ac5c352bec857c940cbc95f0f3", "md5": "60ff40cfd7fb8fe41ee4fe9ae5fe1c51", "sha1": "3ea7cc066317ac45f963c2227c4c7c50aa16eb7c", "sha256": "2198a7b58bccb758036b969ddae6cc2ece07565e2659a7c541a313a0492231a3"}, "host": {"name": "CLIENT3.breach.local"}, "log": {"level": "information"}, "process": {"args": ["C:\\Windows\\system32\\wbem\\wmiprvse.exe", "-Embedding"], "command_line": "C:\\Windows\\system32\\wbem\\wmiprvse.exe -Embedding", "entity_id": "{416dd0c5-f7c6-676b-ad02-000000000900}", "executable": "C:\\Windows\\System32\\wbem\\WmiPrvSE.exe", "hash": {"md5": "60ff40cfd7fb8fe41ee4fe9ae5fe1c51", "sha1": "3ea7cc066317ac45f963c2227c4c7c50aa16eb7c", "sha256": "2198a7b58bccb758036b969ddae6cc2ece07565e2659a7c541a313a0492231a3"}, "name": "WmiPrvSE.exe", "parent": {"args": ["C:\\Windows\\system32\\svchost.exe", "-k", "DcomLaunch", "-p"], "command_line": "C:\\Windows\\system32\\svchost.exe -k DcomLaunch -p", "entity_id": "{416dd0c5-c1d8-676b-0f00-000000000900}", "executable": "C:\\Windows\\System32\\svchost.exe", "name": "svchost.exe", "pid": 744}, "pe": {"imphash": "b71cb3ac5c352bec857c940cbc95f0f3"}, "pid": 9312, "working_directory": "C:\\Windows\\system32\\"}, "related": {"hash": ["3ea7cc066317ac45f963c2227c4c7c50aa16eb7c", "60ff40cfd7fb8fe41ee4fe9ae5fe1c51", "2198a7b58bccb758036b969ddae6cc2ece07565e2659a7c541a313a0492231a3", "b71cb3ac5c352bec857c940cbc95f0f3"], "user": "SYSTEM"}, "user": {"domain": "NT AUTHORITY", "name": "SYSTEM"}, "winlog": {"api": "wineventlog", "channel": "Microsoft-Windows-Sysmon/Operational", "computer_name": "CLIENT3.breach.local", "event_data": {"Company": "Microsoft Corporation", "Description": "WMI Provider Host", "FileVersion": "10.0.19041.546 (WinBuild.160101.0800)", "IntegrityLevel": "System", "LogonGuid": "{416dd0c5-c1d7-676b-e703-000000000000}", "LogonId": "0x3e7", "OriginalFileName": "Wmiprvse.exe", "ParentUser": "NT AUTHORITY\\SYSTEM", "Product": "Microsoft\u00ae Windows\u00ae Operating System", "RuleName": "-", "TerminalSessionId": "0"}, "event_id": 1, "opcode": "Info", "process": {"pid": 2816, "thread": {"id": 3300}}, "provider_guid": "{5770385f-c22a-43e0-bf4c-06f5698ffbd9}", "provider_name": "Microsoft-Windows-Sysmon", "record_id": 1057469, "task": "Process Create (rule: ProcessCreate)", "user": {"domain": "NT AUTHORITY", "identifier": "S-1-5-18", "name": "SYSTEM", "type": "User"}, "version": 5}}
{"@timestamp": "2024-12-25T12:17:10.482Z", "agent": {"ephemeral_id": "8ac15dc1-7111-4b70-ab2b-b51e7b397251", "hostname": "CLIENT3", "id": "c35095e9-5f9f-4084-a651-3aaa2966847a", "name": "CLIENT3", "type": "winlogbeat", "version": "7.10.2"}, "ecs": {"version": "1.5.0"}, "event": {"action": "Logon", "code": 4624, "created": "2024-12-25T12:17:12.376Z", "kind": "event", "outcome": "success", "provider": "Microsoft-Windows-Security-Auditing"}, "host": {"name": "CLIENT3.breach.local"}, "log": {"level": "information"}, "winlog": {"activity_id": "{b64e32c3-56a6-0000-4833-4eb6a656db01}", "api": "wineventlog", "channel": "Security", "computer_name": "CLIENT3.breach.local", "event_data": {"AuthenticationPackageName": "Negotiate", "ElevatedToken": "%%1842", "ImpersonationLevel": "%%1833", "IpAddress": "-", "IpPort": "-", "KeyLength": "0", "LmPackageName": "-", "LogonGuid": "{00000000-0000-0000-0000-000000000000}", "LogonProcessName": "Advapi  ", "LogonType": "5", "ProcessId": "0x254", "ProcessName": "C:\\Windows\\System32\\services.exe", "RestrictedAdminMode": "-", "SubjectDomainName": "BREACH", "SubjectLogonId": "0x3e7", "SubjectUserName": "CLIENT3$", "SubjectUserSid": "S-1-5-18", "TargetDomainName": "NT AUTHORITY", "TargetLinkedLogonId": "0x0", "TargetLogonId": "0x3e7", "TargetOutboundDomainName": "-", "TargetOutboundUserName": "-", "TargetUserName": "SYSTEM", "TargetUserSid": "S-1-5-18", "TransmittedServices": "-", "VirtualAccount": "%%1843", "WorkstationName": "-"}, "event_id": 4624, "keywords": ["Audit Success"], "opcode": "Info", "process": {"pid": 636, "thread": {"id": 5760}}, "provider_guid": "{54849625-5478-4994-a5ba-3e3b0328c30d}", "provider_name": "Microsoft-Windows-Security-Auditing", "record_id": 22314, "task": "Logon", "version": 2}}
{"@timestamp": "2024-12-25T12:17:10.482Z", "agent": {"ephemeral_id": "8ac15dc1-7111-4b70-ab2b-b51e7b397251", "hostname": "CLIENT3", "id": "c35095e9-5f9f-4084-a651-3aaa2966847a", "name": "CLIENT3", "type": "winlogbeat", "version": "7.10.2"}, "ecs": {"version": "1.5.0"}, "event": {"action": "Special Logon", "code": 4672, "created": "2024-12-25T12:17:12.376Z", "kind": "event", "outcome": "success", "provider": "Microsoft-Windows-Security-Auditing"}, "host": {"name": "CLIENT3.breach.local"}, "log": {"level": "information"}, "winlog": {"activity_id": "{b64e32c3-56a6-0000-4833-4eb6a656db01}", "api": "wineventlog", "channel": "Security", "computer_name": "CLIENT3.breach.local", "event_data": {"PrivilegeList": "SeAssignPrimaryTokenPrivilege\n\t\t\tSeTcbPrivilege\n\t\t\tSeSecurityPrivilege\n\t\t\tSeTakeOwnershipPrivilege\n\t\t\tSeLoadDriverPrivilege\n\t\t\tSeBackupPrivilege\n\t\t\tSeRestorePrivilege\n\t\t\tSeDebugPrivilege\n\t\t\tSeAuditPrivilege\n\t\t\tSeSystemEnvironmentPrivilege\n\t\t\tSeImpersonatePrivilege\n\t\t\tSeDelegateSessionUserImpersonatePrivilege", "SubjectDomainName": "NT AUTHORITY", "SubjectLogonId": "0x3e7", "SubjectUserName": "SYSTEM", "SubjectUserSid": "S-1-5-18"}, "event_id": 4672, "keywords": ["Audit Success"], "opcode": "Info", "process": {"pid": 636, "thread": {"id": 5760}}, "provider_guid": "{54849625-5478-4994-a5ba-3e3b0328c30d}", "provider_name": "Microsoft-Windows-Security-Auditing", "record_id": 22315, "task": "Special Logon"}}
