{"@timestamp": "2024-12-25T12:28:07.756Z", "agent": {"ephemeral_id": "40c9e4ba-4bee-432b-8cb0-d9b7a54ac8fa", "hostname": "CLIENT12", "id": "c35095e9-5f9f-4084-a651-3aaa2966847a", "name": "CLIENT12", "type": "winlogbeat", "version": "7.10.2"}, "ecs": {"version": "1.5.0"}, "event": {"action": "Process Create (rule: ProcessCreate)", "category": ["process"], "code": 1, "created": "2024-12-25T12:28:12.890Z", "kind": "event", "module": "sysmon", "provider": "Microsoft-Windows-Sysmon", "type": ["start", "process_start"]}, "hash": {"imphash": "51bef41e5cd278a02c17451af095c288", "md5": "45cfba3f1b54d79d1d6c8fbb77ba9870", "sha1": "6b95bf67ea45de4b98cc6ee89364d66ead46abfb", "sha256": "491971090692d470846169aee2343091eaf173715694449eb48b97addf62538c"}, "host": {"name": "CLIENT12.breach.local"}, "log": {"level": "information"}, "process": {"args": ["C:\\Program Files (x86)\\Mozilla Firefox\\firefox.exe", "-contentproc", "-isForBrowser", "-prefsHandle", "1080", "-prefsLen", "37159", "-prefMapHandle", "4032", "-prefMapSize", "265948", "-jsInitHandle", "3512", "-jsInitLen", "234660", "-parentBuildID", "20241209150345", "-ipcHandle", "4108", "-initialChannelId", "{8282fcbd-0caa-4969-9600-f139fe88f1a1}", "-parentPid", "928", "-crashReporter", "\\\\.\\pipe\\gecko-crash-server-pipe.928", "-win32kLockedDown", "-appDir", "C:\\Program Files (x86)\\Mozilla Firefox\\browser", "-", "6", "tab"], "command_line": "\"C:\\Program Files (x86)\\Mozilla Firefox\\firefox.exe\" -contentproc -isForBrowser -prefsHandle 1080 -prefsLen 37159 -prefMapHandle 4032 -prefMapSize 265948 -jsInitHandle 3512 -jsInitLen 234660 -parentBuildID 20241209150345 -ipcHandle 4108 -initialChannelId {8282fcbd-0caa-4969-9600-f139fe88f1a1} -parentPid 928 -crashReporter \"\\\\.\\pipe\\gecko-crash-server-pipe.928\" -win32kLockedDown -appDir \"C:\\Program Files (x86)\\Mozilla Firefox\\browser\" - 6 tab", "entity_id": "{416dd0c5-fa57-676b-f802-000000000900}", "executable": "C:\\Program Files (x86)\\Mozilla Firefox\\firefox.exe", "hash": {"md5": "45cfba3f1b54d79d1d6c8fbb77ba9870", "sha1": "6b95bf67ea45de4b98cc6ee89364d66ead46abfb", "sha256": "491971090692d470846169aee2343091eaf173715694449eb48b97addf62538c"}, "name": "firefox.exe", "parent": {"args": ["C:\\Program Files (x86)\\Mozilla Firefox\\firefox.exe", "--marionette", "--remote-debugging-port", "53930", "--remote-allow-hosts", "localhost", "-no-remote", "-profile", "C:\\Users\\client12\\AppData\\Local\\Temp\\rust_mozprofileTOdKPI"], "command_line": "\"C:\\Program Files (x86)\\Mozilla Firefox\\firefox.exe\" --marionette --remote-debugging-port 53930 --remote-allow-hosts localhost -no-remote -profile C:\\Users\\client12\\AppData\\Local\\Temp\\rust_mozprofileTOdKPI", "entity_id": "{416dd0c5-fa53-676b-f202-000000000900}", "executable": "C:\\Program Files (x86)\\Mozilla Firefox\\firefox.exe", "name": "firefox.exe", "pid": 928}, "pe": {"imphash": "51bef41e5cd278a02c17451af095c288"}, "pid": 7628, "working_directory": "C:\\BREACH\\"}, "related": {"hash": ["6b95bf67ea45de4b98cc6ee89364d66ead46abfb", "45cfba3f1b54d79d1d6c8fbb77ba9870", "491971090692d470846169aee2343091eaf173715694449eb48b97addf62538c", "51bef41e5cd278a02c17451af095c288"], "user": "client12"}, "user": {"domain": "BREACH", "name": "client12"}, "winlog": {"api": "wineventlog", "channel": "Microsoft-Windows-Sysmon/Operational", "computer_name": "CLIENT12.breach.local", "event_data": {"Company": "Mozilla Corporation", "Description": "Firefox", "FileVersion": "133.0.3", "IntegrityLevel": "Low", "LogonGuid": "{416dd0c5-c0ee-676b-96d9-040000000000}", "LogonId": "0x4d996", "OriginalFileName": "firefox.exe", "ParentUser": "BREACH\\client12", "Product": "Firefox", "RuleName": "-", "TerminalSessionId": "1"}, "event_id": 1, "opcode": "Info", "process": {"pid": 2840, "thread": {"id": 3148}}, "provider_guid": "{5770385f-c22a-43e0-bf4c-06f5698ffbd9}", "provider_name": "Microsoft-Windows-Sysmon", "record_id": 861967, "task": "Process Create (rule: ProcessCreate)", "user": {"domain": "NT AUTHORITY", "identifier": "S-1-5-18", "name": "SYSTEM", "type": "User"}, "version": 5}}
{"@timestamp": "2024-12-25T12:36:21.112Z", "agent": {"ephemeral_id": "40c9e4ba-4bee-432b-8cb0-d9b7a54ac8fa", "hostname": "CLIENT12", "id": "c35095e9-5f9f-4084-a651-3aaa2966847a", "name": "CLIENT12", "type": "winlogbeat", "version": "7.10.2"}, "ecs": {"version": "1.5.0"}, "event": {"action": "Process Create (rule: ProcessCreate)", "category": ["process"], "code": 1, "created": "2024-12-25T12:36:23.211Z", "kind": "event", "module": "sysmon", "provider": "Microsoft-Windows-Sysmon", "type": ["start", "process_start"]}, "hash": {"imphash": "3c2fc59273192a34f1aa4a59df3b348e", "md5": "922f7003fca657359db03cc02941124d", "sha1": "27fae46e4e377467f2d5f9e37a5a8cb19b39b9ec", "sha256": "5da31132fd6a415e71e3fd40c3a23853a799b91ea2821d2bcbf1bf0e8fa01e16"}, "host": {"name": "CLIENT12.breach.local"}, "log": {"level": "information"}, "process": {"args": ["C:\\Python37\\python.exe", "-c", "from multiprocessing.spawn import spawn_main; spawn_main(parent_pid=7096, pipe_handle=1852)", "--multiprocessing-fork"], "command_line": "\"C:\\Python37\\python.exe\" \"-c\" \"from multiprocessing.spawn import spawn_main; spawn_main(parent_pid=7096, pipe_handle=1852)\" \"--multiprocessing-fork\"", "entity_id": "{416dd0c5-fc45-676b-f902-000000000900}", "executable": "C:\\Python37\\python.exe", "hash": {"md5": "922f7003fca657359db03cc02941124d", "sha1": "27fae46e4e377467f2d5f9e37a5a8cb19b39b9ec", "sha256": "5da31132fd6a415e71e3fd40c3a23853a799b91ea2821d2bcbf1bf0e8fa01e16"}, "name": "python.exe", "parent": {"args": ["C:\\Python37\\python.exe", "C:\\BREACH\\userbehavior\\main.py"], "command_line": "C:\\Python37\\python.exe \"C:\\BREACH\\userbehavior\\main.py\" ", "entity_id": "{416dd0c5-c112-676b-9e00-000000000900}", "executable": "C:\\Python37\\python.exe", "name": "python.exe", "pid": 7096}, "pe": {"imphash": "3c2fc59273192a34f1aa4a59df3b348e"}, "pid": 772, "working_directory": "C:\\BREACH\\"}, "related": {"hash": ["27fae46e4e377467f2d5f9e37a5a8cb19b39b9ec", "922f7003fca657359db03cc02941124d", "5da31132fd6a415e71e3fd40c3a23853a799b91ea2821d2bcbf1bf0e8fa01e16", "3c2fc59273192a34f1aa4a59df3b348e"], "user": "client12"}, "user": {"domain": "BREACH", "name": "client12"}, "winlog": {"api": "wineventlog", "channel": "Microsoft-Windows-Sysmon/Operational", "computer_name": "CLIENT12.breach.local", "event_data": {"Company": "Python Software Foundation", "Description": "Python", "FileVersion": "3.7.3", "IntegrityLevel": "Medium", "LogonGuid": "{416dd0c5-c0ee-676b-96d9-040000000000}", "LogonId": "0x4d996", "OriginalFileName": "python.exe", "ParentUser": "BREACH\\client12", "Product": "Python", "RuleName": "-", "TerminalSessionId": "1"}, "event_id": 1, "opcode": "Info", "process": {"pid": 2840, "thread": {"id": 3148}}, "provider_guid": "{5770385f-c22a-43e0-bf4c-06f5698ffbd9}", "provider_name": "Microsoft-Windows-Sysmon", "record_id": 865041, "task": "Process Create (rule: ProcessCreate)", "user": {"domain": "NT AUTHORITY", "identifier": "S-1-5-18", "name": "SYSTEM", "type": "User"}, "version": 5}}
{"@timestamp": "2024-12-25T12:36:24.162Z", "agent": {"ephemeral_id": "40c9e4ba-4bee-432b-8cb0-d9b7a54ac8fa", "hostname": "CLIENT12", "id": "c35095e9-5f9f-4084-a651-3aaa2966847a", "name": "CLIENT12", "type": "winlogbeat", "version": "7.10.2"}, "ecs": {"version": "1.5.0"}, "event": {"action": "Process Create (rule: ProcessCreate)", "category": ["process"], "code": 1, "created": "2024-12-25T12:36:25.455Z", "kind": "event", "module": "sysmon", "provider": "Microsoft-Windows-Sysmon", "type": ["start", "process_start"]}, "hash": {"imphash": "8b2a73cf81704f7aed84c67134ec39ac", "md5": "d4c0c10590da99309e3c36e66f99ee60", "sha1": "5b1e67fcfd7aa697ef5e49d39050ecfce1cf18f4", "sha256": "dfe51b0739ed161f69afbb736460ebb7dd37372ff0659cbc20f4a9c850fbcc8c"}, "host": {"name": "CLIENT12.breach.local"}, "log": {"level": "information"}, "process": {"args": ["C:\\Windows\\system32\\SearchProtocolHost.exe", "Global\\UsGthrFltPipeMssGthrPipe19_", "Global\\UsGthrCtrlFltPipeMssGthrPipe19", "1", "-2147483646", "Software\\Microsoft\\Windows Search", "Mozilla/4.0 (compatible; MSIE 6.0; Windows NT; MS Search 4.0 Robot)", "C:\\ProgramData\\Microsoft\\Search\\Data\\Temp\\usgthrsvc", "DownLevelDaemon"], "command_line": "\"C:\\Windows\\system32\\SearchProtocolHost.exe\" Global\\UsGthrFltPipeMssGthrPipe19_ Global\\UsGthrCtrlFltPipeMssGthrPipe19 1 -2147483646 \"Software\\Microsoft\\Windows Search\" \"Mozilla/4.0 (compatible; MSIE 6.0; Windows NT; MS Search 4.0 Robot)\" \"C:\\ProgramData\\Microsoft\\Search\\Data\\Temp\\usgthrsvc\" \"DownLevelDaemon\" ", "entity_id": "{416dd0c5-fc48-676b-fa02-000000000900}", "executable": "C:\\Windows\\System32\\SearchProtocolHost.exe", "hash": {"md5": "d4c0c10590da99309e3c36e66f99ee60", "sha1": "5b1e67fcfd7aa697ef5e49d39050ecfce1cf18f4", "sha256": "dfe51b0739ed161f69afbb736460ebb7dd37372ff0659cbc20f4a9c850fbcc8c"}, "name": "SearchProtocolHost.exe", "parent": {"args": ["C:\\Windows\\system32\\SearchIndexer.exe", "/Embedding"], "command_line": "C:\\Windows\\system32\\SearchIndexer.exe /Embedding", "entity_id": "{416dd0c5-c0f9-676b-7000-000000000900}", "executable": "C:\\Windows\\System32\\SearchIndexer.exe", "name": "SearchIndexer.exe", "pid": 5220}, "pe": {"imphash": "8b2a73cf81704f7aed84c67134ec39ac"}, "pid": 4872, "working_directory": "C:\\Windows\\system32\\"}, "related": {"hash": ["5b1e67fcfd7aa697ef5e49d39050ecfce1cf18f4", "d4c0c10590da99309e3c36e66f99ee60", "dfe51b0739ed161f69afbb736460ebb7dd37372ff0659cbc20f4a9c850fbcc8c", "8b2a73cf81704f7aed84c67134ec39ac"], "user": "SYSTEM"}, "user": {"domain": "NT AUTHORITY", "name": "SYSTEM"}, "winlog": {"api": "wineventlog", "channel": "Microsoft-Windows-Sysmon/Operational", "computer_name": "CLIENT12.breach.local", "event_data": {"Company": "Microsoft Corporation", "Description": "Microsoft Windows Search Protocol Host", "FileVersion": "7.0.19041.844 (WinBuild.160101.0800)", "IntegrityLevel": "System", "LogonGuid": "{416dd0c5-c0e6-676b-e703-000000000000}", "LogonId": "0x3e7", "OriginalFileName": "SearchProtocolHost.exe", "ParentUser": "NT AUTHORITY\\SYSTEM", "Product": "Windows\u00ae Search", "RuleName": "-", "TerminalSessionId": "0"}, "event_id": 1, "opcode": "Info", "process": {"pid": 2840, "thread": {"id": 3148}}, "provider_guid": "{5770385f-c22a-43e0-bf4c-06f5698ffbd9}", "provider_name": "Microsoft-Windows-Sysmon", "record_id": 865166, "task": "Process Create (rule: ProcessCreate)", "user": {"domain": "NT AUTHORITY", "identifier": "S-1-5-18", "name": "SYSTEM", "type": "User"}, "version": 5}}
{"@timestamp": "2024-12-25T12:36:24.315Z", "agent": {"ephemeral_id": "40c9e4ba-4bee-432b-8cb0-d9b7a54ac8fa", "hostname": "CLIENT12", "id": "c35095e9-5f9f-4084-a651-3aaa2966847a", "name": "CLIENT12", "type": "winlogbeat", "version": "7.10.2"}, "ecs": {"version": "1.5.0"}, "event": {"action": "Process Create (rule: ProcessCreate)", "category": ["process"], "code": 1, "created": "2024-12-25T12:36:25.460Z", "kind": "event", "module": "sysmon", "provider": "Microsoft-Windows-Sysmon", "type": ["start", "process_start"]}, "hash": {"imphash": "25975932fe65b44ea2dd939dc008d453", "md5": "682d7618341e297914ba89d46c3db469", "sha1": "e5c14547d36fa7e6ce079b9cce6cf662baa35b1f", "sha256": "33051d12c4dc42c6b5dadf8016bad36570ef9029f7d5d654eafb0f1c3db616c3"}, "host": {"name": "CLIENT12.breach.local"}, "log": {"level": "information"}, "process": {"args": ["C:\\Windows\\system32\\SearchFilterHost.exe", "0", "800", "804", "812", "8192", "808", "784"], "command_line": "\"C:\\Windows\\system32\\SearchFilterHost.exe\" 0 800 804 812 8192 808 784 ", "entity_id": "{416dd0c5-fc48-676b-fb02-000000000900}", "executable": "C:\\Windows\\System32\\SearchFilterHost.exe", "hash": {"md5": "682d7618341e297914ba89d46c3db469", "sha1": "e5c14547d36fa7e6ce079b9cce6cf662baa35b1f", "sha256": "33051d12c4dc42c6b5dadf8016bad36570ef9029f7d5d654eafb0f1c3db616c3"}, "name": "SearchFilterHost.exe", "parent": {"args": ["C:\\Windows\\system32\\SearchIndexer.exe", "/Embedding"], "command_line": "C:\\Windows\\system32\\SearchIndexer.exe /Embedding", "entity_id": "{416dd0c5-c0f9-676b-7000-000000000900}", "executable": "C:\\Windows\\System32\\SearchIndexer.exe", "name": "SearchIndexer.exe", "pid": 5220}, "pe": {"imphash": "25975932fe65b44ea2dd939dc008d453"}, "pid": 4332, "working_directory": "C:\\Windows\\system32\\"}, "related": {"hash": ["e5c14547d36fa7e6ce079b9cce6cf662baa35b1f", "682d7618341e297914ba89d46c3db469", "33051d12c4dc42c6b5dadf8016bad36570ef9029f7d5d654eafb0f1c3db616c3", "25975932fe65b44ea2dd939dc008d453"], "user": "SYSTEM"}, "user": {"domain": "NT AUTHORITY", "name": "SYSTEM"}, "winlog": {"api": "wineventlog", "channel": "Microsoft-Windows-Sysmon/Operational", "computer_name": "CLIENT12.breach.local", "event_data": {"Company": "Microsoft Corporation", "Description": "Microsoft Windows Search Filter Host", "FileVersion": "7.0.19041.844 (WinBuild.160101.0800)", "IntegrityLevel": "Medium", "LogonGuid": "{416dd0c5-c0e6-676b-e703-000000000000}", "LogonId": "0x3e7", "OriginalFileName": "SearchFilterHost.exe", "ParentUser": "NT AUTHORITY\\SYSTEM", "Product": "Windows\u00ae Search", "RuleName": "-", "TerminalSessionId": "0"}, "event_id": 1, "opcode": "Info", "process": {"pid": 2840, "thread": {"id": 3148}}, "provider_guid": "{5770385f-c22a-43e0-bf4c-06f5698ffbd9}", "provider_name": "Microsoft-Windows-Sysmon", "record_id": 865196, "task": "Process Create (rule: ProcessCreate)", "user": {"domain": "NT AUTHORITY", "identifier": "S-1-5-18", "name": "SYSTEM", "type": "User"}, "version": 5}}
{"@timestamp": "2024-12-25T12:36:50.050Z", "agent": {"ephemeral_id": "40c9e4ba-4bee-432b-8cb0-d9b7a54ac8fa", "hostname": "CLIENT12", "id": "c35095e9-5f9f-4084-a651-3aaa2966847a", "name": "CLIENT12", "type": "winlogbeat", "version": "7.10.2"}, "ecs": {"version": "1.5.0"}, "event": {"action": "Process Create (rule: ProcessCreate)", "category": ["process"], "code": 1, "created": "2024-12-25T12:36:51.326Z", "kind": "event", "module": "sysmon", "provider": "Microsoft-Windows-Sysmon", "type": ["start", "process_start"]}, "hash": {"imphash": "272245e2988e1e430500b852c4fb5e18", "md5": "8a2122e8162dbef04694b9c3e0b6cdee", "sha1": "f1efb0fddc156e4c61c5f78a54700e4e7984d55d", "sha256": "b99d61d874728edc0918ca0eb10eab93d381e7367e377406e65963366c874450"}, "host": {"name": "CLIENT12.breach.local"}, "log": {"level": "information"}, "process": {"args": ["C:\\Windows\\system32\\cmd.exe", "/c", "start C:\\Users\\client12\\Documents\\health.txt"], "command_line": "C:\\Windows\\system32\\cmd.exe /c \"start C:\\Users\\client12\\Documents\\health.txt\"", "entity_id": "{416dd0c5-fc62-676b-fc02-000000000900}", "executable": "C:\\Windows\\System32\\cmd.exe", "hash": {"md5": "8a2122e8162dbef04694b9c3e0b6cdee", "sha1": "f1efb0fddc156e4c61c5f78a54700e4e7984d55d", "sha256": "b99d61d874728edc0918ca0eb10eab93d381e7367e377406e65963366c874450"}, "name": "cmd.exe", "parent": {"args": ["C:\\Python37\\python.exe", "-c", "from multiprocessing.spawn import spawn_main; spawn_main(parent_pid=7096, pipe_handle=1852)", "--multiprocessing-fork"], "command_line": "\"C:\\Python37\\python.exe\" \"-c\" \"from multiprocessing.spawn import spawn_main; spawn_main(parent_pid=7096, pipe_handle=1852)\" \"--multiprocessing-fork\"", "entity_id": "{416dd0c5-fc45-676b-f902-000000000900}", "executable": "C:\\Python37\\python.exe", "name": "python.exe", "pid": 772}, "pe": {"imphash": "272245e2988e1e430500b852c4fb5e18"}, "pid": 3520, "working_directory": "C:\\BREACH\\"}, "related": {"hash": ["f1efb0fddc156e4c61c5f78a54700e4e7984d55d", "8a2122e8162dbef04694b9c3e0b6cdee", "b99d61d874728edc0918ca0eb10eab93d381e7367e377406e65963366c874450", "272245e2988e1e430500b852c4fb5e18"], "user": "client12"}, "user": {"domain": "BREACH", "name": "client12"}, "winlog": {"api": "wineventlog", "channel": "Microsoft-Windows-Sysmon/Operational", "computer_name": "CLIENT12.breach.local", "event_data": {"Company": "Microsoft Corporation", "Description": "Windows Command Processor", "FileVersion": "10.0.19041.746 (WinBuild.160101.0800)", "IntegrityLevel": "Medium", "LogonGuid": "{416dd0c5-c0ee-676b-96d9-040000000000}", "LogonId": "0x4d996", "OriginalFileName": "Cmd.Exe", "ParentUser": "BREACH\\client12", "Product": "Microsoft\u00ae Windows\u00ae Operating System", "RuleName": "-", "TerminalSessionId": "1"}, "event_id": 1, "opcode": "Info", "process": {"pid": 2840, "thread": {"id": 3148}}, "provider_guid": "{5770385f-c22a-43e0-bf4c-06f5698ffbd9}", "provider_name": "Microsoft-Windows-Sysmon", "record_id": 865255, "task": "Process Create (rule: ProcessCreate)", "user": {"domain": "NT AUTHORITY", "identifier": "S-1-5-18", "name": "SYSTEM", "type": "User"}, "version": 5}}
{"@timestamp": "2024-12-25T12:36:50.374Z", "agent": {"ephemeral_id": "40c9e4ba-4bee-432b-8cb0-d9b7a54ac8fa", "hostname": "CLIENT12", "id": "c35095e9-5f9f-4084-a651-3aaa2966847a", "name": "CLIENT12", "type": "winlogbeat", "version": "7.10.2"}, "ecs": {"version": "1.5.0"}, "event": {"action": "Process Create (rule: ProcessCreate)", "category": ["process"], "code": 1, "created": "2024-12-25T12:36:51.340Z", "kind": "event", "module": "sysmon", "provider": "Microsoft-Windows-Sysmon", "type": ["start", "process_start"]}, "hash": {"imphash": "4089a6ea56504c3c66d7744ac0a8131a", "md5": "423d3ade2f14572c5bd5f546973eb493", "sha1": "a1f446d0c29913d3f863ba164efe86b6e9e5e7ff", "sha256": "a1dfbac053d9f93dc80792388d210a13b2f9fb69c15dacbf59e9043ea4e8afaf"}, "host": {"name": "CLIENT12.breach.local"}, "log": {"level": "information"}, "process": {"args": ["C:\\Windows\\system32\\NOTEPAD.EXE", "C:\\Users\\client12\\Documents\\health.txt"], "command_line": "\"C:\\Windows\\system32\\NOTEPAD.EXE\" C:\\Users\\client12\\Documents\\health.txt", "entity_id": "{416dd0c5-fc62-676b-fd02-000000000900}", "executable": "C:\\Windows\\System32\\notepad.exe", "hash": {"md5": "423d3ade2f14572c5bd5f546973eb493", "sha1": "a1f446d0c29913d3f863ba164efe86b6e9e5e7ff", "sha256": "a1dfbac053d9f93dc80792388d210a13b2f9fb69c15dacbf59e9043ea4e8afaf"}, "name": "notepad.exe", "parent": {"args": ["C:\\Windows\\system32\\cmd.exe", "/c", "start C:\\Users\\client12\\Documents\\health.txt"], "command_line": "C:\\Windows\\system32\\cmd.exe /c \"start C:\\Users\\client12\\Documents\\health.txt\"", "entity_id": "{416dd0c5-fc62-676b-fc02-000000000900}", "executable": "C:\\Windows\\System32\\cmd.exe", "name": "cmd.exe", "pid": 3520}, "pe": {"imphash": "4089a6ea56504c3c66d7744ac0a8131a"}, "pid": 7456, "working_directory": "C:\\BREACH\\"}, "related": {"hash": ["a1f446d0c29913d3f863ba164efe86b6e9e5e7ff", "423d3ade2f14572c5bd5f546973eb493", "a1dfbac053d9f93dc80792388d210a13b2f9fb69c15dacbf59e9043ea4e8afaf", "4089a6ea56504c3c66d7744ac0a8131a"], "user": "client12"}, "user": {"domain": "BREACH", "name": "client12"}, "winlog": {"api": "wineventlog", "channel": "Microsoft-Windows-Sysmon/Operational", "computer_name": "CLIENT12.breach.local", "event_data": {"Company": "Microsoft Corporation", "Description": "Notepad", "FileVersion": "10.0.19041.746 (WinBuild.160101.0800)", "IntegrityLevel": "Medium", "LogonGuid": "{416dd0c5-c0ee-676b-96d9-040000000000}", "LogonId": "0x4d996", "OriginalFileName": "NOTEPAD.EXE", "ParentUser": "BREACH\\client12", "Product": "Microsoft\u00ae Windows\u00ae Operating System", "RuleName": "-", "TerminalSessionId": "1"}, "event_id": 1, "opcode": "Info", "process": {"pid": 2840, "thread": {"id": 3148}}, "provider_guid": "{5770385f-c22a-43e0-bf4c-06f5698ffbd9}", "provider_name": "Microsoft-Windows-Sysmon", "record_id": 865312, "task": "Process Create (rule: ProcessCreate)", "user": {"domain": "NT AUTHORITY", "identifier": "S-1-5-18", "name": "SYSTEM", "type": "User"}, "version": 5}}
{"@timestamp": "2024-12-25T12:36:51.176Z", "agent": {"ephemeral_id": "40c9e4ba-4bee-432b-8cb0-d9b7a54ac8fa", "hostname": "CLIENT12", "id": "c35095e9-5f9f-4084-a651-3aaa2966847a", "name": "CLIENT12", "type": "winlogbeat", "version": "7.10.2"}, "ecs": {"version": "1.5.0"}, "event": {"action": "Process Create (rule: ProcessCreate)", "category": ["process"], "code": 1, "created": "2024-12-25T12:36:52.482Z", "kind": "event", "module": "sysmon", "provider": "Microsoft-Windows-Sysmon", "type": ["start", "process_start"]}, "hash": {"imphash": "8b2a73cf81704f7aed84c67134ec39ac", "md5": "d4c0c10590da99309e3c36e66f99ee60", "sha1": "5b1e67fcfd7aa697ef5e49d39050ecfce1cf18f4", "sha256": "dfe51b0739ed161f69afbb736460ebb7dd37372ff0659cbc20f4a9c850fbcc8c"}, "host": {"name": "CLIENT12.breach.local"}, "log": {"level": "information"}, "process": {"args": ["C:\\Windows\\system32\\SearchProtocolHost.exe", "Global\\UsGthrFltPipeMssGthrPipe_S-1-5-21-3820639014-3737903552-3625786605-111420_", "Global\\UsGthrCtrlFltPipeMssGthrPipe_S-1-5-21-3820639014-3737903552-3625786605-111420", "1", "-2147483646", "Software\\Microsoft\\Windows Search", "Mozilla/4.0 (compatible; MSIE 6.0; Windows NT; MS Search 4.0 Robot)", "C:\\ProgramData\\Microsoft\\Search\\Data\\Temp\\usgthrsvc", "DownLevelDaemon", "1"], "command_line": "\"C:\\Windows\\system32\\SearchProtocolHost.exe\" Global\\UsGthrFltPipeMssGthrPipe_S-1-5-21-3820639014-3737903552-3625786605-111420_ Global\\UsGthrCtrlFltPipeMssGthrPipe_S-1-5-21-3820639014-3737903552-3625786605-111420 1 -2147483646 \"Software\\Microsoft\\Windows Search\" \"Mozilla/4.0 (compatible; MSIE 6.0; Windows NT; MS Search 4.0 Robot)\" \"C:\\ProgramData\\Microsoft\\Search\\Data\\Temp\\usgthrsvc\" \"DownLevelDaemon\"  \"1\"", "entity_id": "{416dd0c5-fc63-676b-fe02-000000000900}", "executable": "C:\\Windows\\System32\\SearchProtocolHost.exe", "hash": {"md5": "d4c0c10590da99309e3c36e66f99ee60", "sha1": "5b1e67fcfd7aa697ef5e49d39050ecfce1cf18f4", "sha256": "dfe51b0739ed161f69afbb736460ebb7dd37372ff0659cbc20f4a9c850fbcc8c"}, "name": "SearchProtocolHost.exe", "parent": {"args": ["C:\\Windows\\system32\\SearchIndexer.exe", "/Embedding"], "command_line": "C:\\Windows\\system32\\SearchIndexer.exe /Embedding", "entity_id": "{416dd0c5-c0f9-676b-7000-000000000900}", "executable": "C:\\Windows\\System32\\SearchIndexer.exe", "name": "SearchIndexer.exe", "pid": 5220}, "pe": {"imphash": "8b2a73cf81704f7aed84c67134ec39ac"}, "pid": 2984, "working_directory": "C:\\Windows\\system32\\"}, "related": {"hash": ["5b1e67fcfd7aa697ef5e49d39050ecfce1cf18f4", "d4c0c10590da99309e3c36e66f99ee60", "dfe51b0739ed161f69afbb736460ebb7dd37372ff0659cbc20f4a9c850fbcc8c", "8b2a73cf81704f7aed84c67134ec39ac"], "user": "client12"}, "user": {"domain": "BREACH", "name": "client12"}, "winlog": {"api": "wineventlog", "channel": "Microsoft-Windows-Sysmon/Operational", "computer_name": "CLIENT12.breach.local", "event_data": {"Company": "Microsoft Corporation", "Description": "Microsoft Windows Search Protocol Host", "FileVersion": "7.0.19041.844 (WinBuild.160101.0800)", "IntegrityLevel": "Medium", "LogonGuid": "{416dd0c5-c0ee-676b-96d9-040000000000}", "LogonId": "0x4d996", "OriginalFileName": "SearchProtocolHost.exe", "ParentUser": "NT AUTHORITY\\SYSTEM", "Product": "Windows\u00ae Search", "RuleName": "-", "TerminalSessionId": "1"}, "event_id": 1, "opcode": "Info", "process": {"pid": 2840, "thread": {"id": 3148}}, "provider_guid": "{5770385f-c22a-43e0-bf4c-06f5698ffbd9}", "provider_name": "Microsoft-Windows-Sysmon", "record_id": 865400, "task": "Process Create (rule: ProcessCreate)", "user": {"domain": "NT AUTHORITY", "identifier": "S-1-5-18", "name": "SYSTEM", "type": "User"}, "version": 5}}
{"@timestamp": "2024-12-25T12:38:03.057Z", "agent": {"ephemeral_id": "40c9e4ba-4bee-432b-8cb0-d9b7a54ac8fa", "hostname": "CLIENT12", "id": "c35095e9-5f9f-4084-a651-3aaa2966847a", "name": "CLIENT12", "type": "winlogbeat", "version": "7.10.2"}, "ecs": {"version": "1.5.0"}, "event": {"action": "Logon", "code": 4624, "created": "2024-12-25T12:38:04.776Z", "kind": "event", "outcome": "success", "provider": "Microsoft-Windows-Security-Auditing"}, "host": {"name": "CLIENT12.breach.local"}, "log": {"level": "information"}, "winlog": {"activity_id": "{286c3aa9-56a6-0000-0d3b-6c28a656db01}", "api": "wineventlog", "channel": "Security", "computer_name": "CLIENT12.breach.local", "event_data": {"AuthenticationPackageName": "Negotiate", "ElevatedToken": "%%1842", "ImpersonationLevel": "%%1833", "IpAddress": "-", "IpPort": "-", "KeyLength": "0", "LmPackageName": "-", "LogonGuid": "{00000000-0000-0000-0000-000000000000}", "LogonProcessName": "Advapi  ", "LogonType": "5", "ProcessId": "0x25c", "ProcessName": "C:\\Windows\\System32\\services.exe", "RestrictedAdminMode": "-", "SubjectDomainName": "BREACH", "SubjectLogonId": "0x3e7", "SubjectUserName": "CLIENT12$", "SubjectUserSid": "S-1-5-18", "TargetDomainName": "NT AUTHORITY", "TargetLinkedLogonId": "0x0", "TargetLogonId": "0x3e7", "TargetOutboundDomainName": "-", "TargetOutboundUserName": "-", "TargetUserName": "SYSTEM", "TargetUserSid": "S-1-5-18", "TransmittedServices": "-", "VirtualAccount": "%%1843", "WorkstationName": "-"}, "event_id": 4624, "keywords": ["Audit Success"], "opcode": "Info", "process": {"pid": 640, "thread": {"id": 676}}, "provider_guid": "{54849625-5478-4994-a5ba-3e3b0328c30d}", "provider_name": "Microsoft-Windows-Security-Auditing", "record_id": 24241, "task": "Logon", "version": 2}}
{"@timestamp": "2024-12-25T12:38:03.057Z", "agent": {"ephemeral_id": "40c9e4ba-4bee-432b-8cb0-d9b7a54ac8fa", "hostname": "CLIENT12", "id": "c35095e9-5f9f-4084-a651-3aaa2966847a", "name": "CLIENT12", "type": "winlogbeat", "version": "7.10.2"}, "ecs": {"version": "1.5.0"}, "event": {"action": "Special Logon", "code": 4672, "created": "2024-12-25T12:38:04.776Z", "kind": "event", "outcome": "success", "provider": "Microsoft-Windows-Security-Auditing"}, "host": {"name": "CLIENT12.breach.local"}, "log": {"level": "information"}, "winlog": {"activity_id": "{286c3aa9-56a6-0000-0d3b-6c28a656db01}", "api": "wineventlog", "channel": "Security", "computer_name": "CLIENT12.breach.local", "event_data": {"PrivilegeList": "SeAssignPrimaryTokenPrivilege\n\t\t\tSeTcbPrivilege\n\t\t\tSeSecurityPrivilege\n\t\t\tSeTakeOwnershipPrivilege\n\t\t\tSeLoadDriverPrivilege\n\t\t\tSeBackupPrivilege\n\t\t\tSeRestorePrivilege\n\t\t\tSeDebugPrivilege\n\t\t\tSeAuditPrivilege\n\t\t\tSeSystemEnvironmentPrivilege\n\t\t\tSeImpersonatePrivilege\n\t\t\tSeDelegateSessionUserImpersonatePrivilege", "SubjectDomainName": "NT AUTHORITY", "SubjectLogonId": "0x3e7", "SubjectUserName": "SYSTEM", "SubjectUserSid": "S-1-5-18"}, "event_id": 4672, "keywords": ["Audit Success"], "opcode": "Info", "process": {"pid": 640, "thread": {"id": 676}}, "provider_guid": "{54849625-5478-4994-a5ba-3e3b0328c30d}", "provider_name": "Microsoft-Windows-Security-Auditing", "record_id": 24242, "task": "Special Logon"}}
{"@timestamp": "2024-12-25T12:38:03.062Z", "agent": {"ephemeral_id": "40c9e4ba-4bee-432b-8cb0-d9b7a54ac8fa", "hostname": "CLIENT12", "id": "c35095e9-5f9f-4084-a651-3aaa2966847a", "name": "CLIENT12", "type": "winlogbeat", "version": "7.10.2"}, "ecs": {"version": "1.5.0"}, "event": {"action": "Process Create (rule: ProcessCreate)", "category": ["process"], "code": 1, "created": "2024-12-25T12:38:03.553Z", "kind": "event", "module": "sysmon", "provider": "Microsoft-Windows-Sysmon", "type": ["start", "process_start"]}, "hash": {"imphash": "f9bbd96fae53b7a31264a703cafa0666", "md5": "f586835082f632dc8d9404d83bc16316", "sha1": "010db07461e45b41c886192df6fd425ba8d42d82", "sha256": "643ec58e82e0272c97c2a59f6020970d881af19c0ad5029db9c958c13b6558c7"}, "host": {"name": "CLIENT12.breach.local"}, "log": {"level": "information"}, "process": {"args": ["C:\\Windows\\system32\\svchost.exe", "-k", "wsappx", "-p", "-s", "AppXSvc"], "command_line": "C:\\Windows\\system32\\svchost.exe -k wsappx -p -s AppXSvc", "entity_id": "{416dd0c5-fcab-676b-ff02-000000000900}", "executable": "C:\\Windows\\System32\\svchost.exe", "hash": {"md5": "f586835082f632dc8d9404d83bc16316", "sha1": "010db07461e45b41c886192df6fd425ba8d42d82", "sha256": "643ec58e82e0272c97c2a59f6020970d881af19c0ad5029db9c958c13b6558c7"}, "name": "svchost.exe", "parent": {"args": ["C:\\Windows\\system32\\services.exe"], "command_line": "C:\\Windows\\system32\\services.exe", "entity_id": "{416dd0c5-c0e6-676b-0b00-000000000900}", "executable": "C:\\Windows\\System32\\services.exe", "name": "services.exe", "pid": 604}, "pe": {"imphash": "f9bbd96fae53b7a31264a703cafa0666"}, "pid": 2776, "working_directory": "C:\\Windows\\system32\\"}, "related": {"hash": ["010db07461e45b41c886192df6fd425ba8d42d82", "f586835082f632dc8d9404d83bc16316", "643ec58e82e0272c97c2a59f6020970d881af19c0ad5029db9c958c13b6558c7", "f9bbd96fae53b7a31264a703cafa0666"], "user": "SYSTEM"}, "user": {"domain": "NT AUTHORITY", "name": "SYSTEM"}, "winlog": {"api": "wineventlog", "channel": "Microsoft-Windows-Sysmon/Operational", "computer_name": "CLIENT12.breach.local", "event_data": {"Company": "Microsoft Corporation", "Description": "Host Process for Windows Services", "FileVersion": "10.0.19041.546 (WinBuild.160101.0800)", "IntegrityLevel": "System", "LogonGuid": "{416dd0c5-c0e6-676b-e703-000000000000}", "LogonId": "0x3e7", "OriginalFileName": "svchost.exe", "ParentUser": "NT AUTHORITY\\SYSTEM", "Product": "Microsoft\u00ae Windows\u00ae Operating System", "RuleName": "-", "TerminalSessionId": "0"}, "event_id": 1, "opcode": "Info", "process": {"pid": 2840, "thread": {"id": 3148}}, "provider_guid": "{5770385f-c22a-43e0-bf4c-06f5698ffbd9}", "provider_name": "Microsoft-Windows-Sysmon", "record_id": 865534, "task": "Process Create (rule: ProcessCreate)", "user": {"domain": "NT AUTHORITY", "identifier": "S-1-5-18", "name": "SYSTEM", "type": "User"}, "version": 5}}
{"@timestamp": "2024-12-25T12:38:03.095Z", "agent": {"ephemeral_id": "40c9e4ba-4bee-432b-8cb0-d9b7a54ac8fa", "hostname": "CLIENT12", "id": "c35095e9-5f9f-4084-a651-3aaa2966847a", "name": "CLIENT12", "type": "winlogbeat", "version": "7.10.2"}, "ecs": {"version": "1.5.0"}, "event": {"action": "Logon", "code": 4624, "created": "2024-12-25T12:38:04.777Z", "kind": "event", "outcome": "success", "provider": "Microsoft-Windows-Security-Auditing"}, "host": {"name": "CLIENT12.breach.local"}, "log": {"level": "information"}, "winlog": {"activity_id": "{286c3aa9-56a6-0000-0d3b-6c28a656db01}", "api": "wineventlog", "channel": "Security", "computer_name": "CLIENT12.breach.local", "event_data": {"AuthenticationPackageName": "Negotiate", "ElevatedToken": "%%1842", "ImpersonationLevel": "%%1833", "IpAddress": "-", "IpPort": "-", "KeyLength": "0", "LmPackageName": "-", "LogonGuid": "{00000000-0000-0000-0000-000000000000}", "LogonProcessName": "Advapi  ", "LogonType": "5", "ProcessId": "0x25c", "ProcessName": "C:\\Windows\\System32\\services.exe", "RestrictedAdminMode": "-", "SubjectDomainName": "BREACH", "SubjectLogonId": "0x3e7", "SubjectUserName": "CLIENT12$", "SubjectUserSid": "S-1-5-18", "TargetDomainName": "NT AUTHORITY", "TargetLinkedLogonId": "0x0", "TargetLogonId": "0x3e7", "TargetOutboundDomainName": "-", "TargetOutboundUserName": "-", "TargetUserName": "SYSTEM", "TargetUserSid": "S-1-5-18", "TransmittedServices": "-", "VirtualAccount": "%%1843", "WorkstationName": "-"}, "event_id": 4624, "keywords": ["Audit Success"], "opcode": "Info", "process": {"pid": 640, "thread": {"id": 676}}, "provider_guid": "{54849625-5478-4994-a5ba-3e3b0328c30d}", "provider_name": "Microsoft-Windows-Security-Auditing", "record_id": 24243, "task": "Logon", "version": 2}}
{"@timestamp": "2024-12-25T12:38:03.095Z", "agent": {"ephemeral_id": "40c9e4ba-4bee-432b-8cb0-d9b7a54ac8fa", "hostname": "CLIENT12", "id": "c35095e9-5f9f-4084-a651-3aaa2966847a", "name": "CLIENT12", "type": "winlogbeat", "version": "7.10.2"}, "ecs": {"version": "1.5.0"}, "event": {"action": "Special Logon", "code": 4672, "created": "2024-12-25T12:38:04.777Z", "kind": "event", "outcome": "success", "provider": "Microsoft-Windows-Security-Auditing"}, "host": {"name": "CLIENT12.breach.local"}, "log": {"level": "information"}, "winlog": {"activity_id": "{286c3aa9-56a6-0000-0d3b-6c28a656db01}", "api": "wineventlog", "channel": "Security", "computer_name": "CLIENT12.breach.local", "event_data": {"PrivilegeList": "SeAssignPrimaryTokenPrivilege\n\t\t\tSeTcbPrivilege\n\t\t\tSeSecurityPrivilege\n\t\t\tSeTakeOwnershipPrivilege\n\t\t\tSeLoadDriverPrivilege\n\t\t\tSeBackupPrivilege\n\t\t\tSeRestorePrivilege\n\t\t\tSeDebugPrivilege\n\t\t\tSeAuditPrivilege\n\t\t\tSeSystemEnvironmentPrivilege\n\t\t\tSeImpersonatePrivilege\n\t\t\tSeDelegateSessionUserImpersonatePrivilege", "SubjectDomainName": "NT AUTHORITY", "SubjectLogonId": "0x3e7", "SubjectUserName": "SYSTEM", "SubjectUserSid": "S-1-5-18"}, "event_id": 4672, "keywords": ["Audit Success"], "opcode": "Info", "process": {"pid": 640, "thread": {"id": 676}}, "provider_guid": "{54849625-5478-4994-a5ba-3e3b0328c30d}", "provider_name": "Microsoft-Windows-Security-Auditing", "record_id": 24244, "task": "Special Logon"}}
{"@timestamp": "2024-12-25T12:38:03.097Z", "agent": {"ephemeral_id": "40c9e4ba-4bee-432b-8cb0-d9b7a54ac8fa", "hostname": "CLIENT12", "id": "c35095e9-5f9f-4084-a651-3aaa2966847a", "name": "CLIENT12", "type": "winlogbeat", "version": "7.10.2"}, "ecs": {"version": "1.5.0"}, "event": {"action": "Process Create (rule: ProcessCreate)", "category": ["process"], "code": 1, "created": "2024-12-25T12:38:03.556Z", "kind": "event", "module": "sysmon", "provider": "Microsoft-Windows-Sysmon", "type": ["start", "process_start"]}, "hash": {"imphash": "f9bbd96fae53b7a31264a703cafa0666", "md5": "f586835082f632dc8d9404d83bc16316", "sha1": "010db07461e45b41c886192df6fd425ba8d42d82", "sha256": "643ec58e82e0272c97c2a59f6020970d881af19c0ad5029db9c958c13b6558c7"}, "host": {"name": "CLIENT12.breach.local"}, "log": {"level": "information"}, "process": {"args": ["C:\\Windows\\system32\\svchost.exe", "-k", "appmodel", "-p", "-s", "camsvc"], "command_line": "C:\\Windows\\system32\\svchost.exe -k appmodel -p -s camsvc", "entity_id": "{416dd0c5-fcab-676b-0003-000000000900}", "executable": "C:\\Windows\\System32\\svchost.exe", "hash": {"md5": "f586835082f632dc8d9404d83bc16316", "sha1": "010db07461e45b41c886192df6fd425ba8d42d82", "sha256": "643ec58e82e0272c97c2a59f6020970d881af19c0ad5029db9c958c13b6558c7"}, "name": "svchost.exe", "parent": {"args": ["C:\\Windows\\system32\\services.exe"], "command_line": "C:\\Windows\\system32\\services.exe", "entity_id": "{416dd0c5-c0e6-676b-0b00-000000000900}", "executable": "C:\\Windows\\System32\\services.exe", "name": "services.exe", "pid": 604}, "pe": {"imphash": "f9bbd96fae53b7a31264a703cafa0666"}, "pid": 9160, "working_directory": "C:\\Windows\\system32\\"}, "related": {"hash": ["010db07461e45b41c886192df6fd425ba8d42d82", "f586835082f632dc8d9404d83bc16316", "643ec58e82e0272c97c2a59f6020970d881af19c0ad5029db9c958c13b6558c7", "f9bbd96fae53b7a31264a703cafa0666"], "user": "SYSTEM"}, "user": {"domain": "NT AUTHORITY", "name": "SYSTEM"}, "winlog": {"api": "wineventlog", "channel": "Microsoft-Windows-Sysmon/Operational", "computer_name": "CLIENT12.breach.local", "event_data": {"Company": "Microsoft Corporation", "Description": "Host Process for Windows Services", "FileVersion": "10.0.19041.546 (WinBuild.160101.0800)", "IntegrityLevel": "System", "LogonGuid": "{416dd0c5-c0e6-676b-e703-000000000000}", "LogonId": "0x3e7", "OriginalFileName": "svchost.exe", "ParentUser": "NT AUTHORITY\\SYSTEM", "Product": "Microsoft\u00ae Windows\u00ae Operating System", "RuleName": "-", "TerminalSessionId": "0"}, "event_id": 1, "opcode": "Info", "process": {"pid": 2840, "thread": {"id": 3148}}, "provider_guid": "{5770385f-c22a-43e0-bf4c-06f5698ffbd9}", "provider_name": "Microsoft-Windows-Sysmon", "record_id": 865553, "task": "Process Create (rule: ProcessCreate)", "user": {"domain": "NT AUTHORITY", "identifier": "S-1-5-18", "name": "SYSTEM", "type": "User"}, "version": 5}}
{"@timestamp": "2024-12-25T12:38:03.366Z", "agent": {"ephemeral_id": "40c9e4ba-4bee-432b-8cb0-d9b7a54ac8fa", "hostname": "CLIENT12", "id": "c35095e9-5f9f-4084-a651-3aaa2966847a", "name": "CLIENT12", "type": "winlogbeat", "version": "7.10.2"}, "ecs": {"version": "1.5.0"}, "event": {"action": "Process Create (rule: ProcessCreate)", "category": ["process"], "code": 1, "created": "2024-12-25T12:38:04.688Z", "kind": "event", "module": "sysmon", "provider": "Microsoft-Windows-Sysmon", "type": ["start", "process_start"]}, "hash": {"imphash": "d2acf1cbc4a6db14a34c687b9362d66b", "md5": "da7063b17dbb8bbb3015351016868006", "sha1": "c6e63c7aae9c4e07e15c1717872c0c73f3d4fb09", "sha256": "20330d3ca71d58f4aeb432676cb6a3d5b97005954e45132fb083e90782efdd50"}, "host": {"name": "CLIENT12.breach.local"}, "log": {"level": "information"}, "process": {"args": ["C:\\Windows\\system32\\backgroundTaskHost.exe", "-ServerName:CortanaUI.AppX3bn25b6f886wmg6twh46972vprk9tnbf.mca"], "command_line": "\"C:\\Windows\\system32\\backgroundTaskHost.exe\" -ServerName:CortanaUI.AppX3bn25b6f886wmg6twh46972vprk9tnbf.mca", "entity_id": "{416dd0c5-fcab-676b-0103-000000000900}", "executable": "C:\\Windows\\System32\\backgroundTaskHost.exe", "hash": {"md5": "da7063b17dbb8bbb3015351016868006", "sha1": "c6e63c7aae9c4e07e15c1717872c0c73f3d4fb09", "sha256": "20330d3ca71d58f4aeb432676cb6a3d5b97005954e45132fb083e90782efdd50"}, "name": "backgroundTaskHost.exe", "parent": {"args": ["C:\\Windows\\system32\\svchost.exe", "-k", "DcomLaunch", "-p"], "command_line": "C:\\Windows\\system32\\svchost.exe -k DcomLaunch -p", "entity_id": "{416dd0c5-c0e6-676b-0f00-000000000900}", "executable": "C:\\Windows\\System32\\svchost.exe", "name": "svchost.exe", "pid": 752}, "pe": {"imphash": "d2acf1cbc4a6db14a34c687b9362d66b"}, "pid": 7668, "working_directory": "C:\\Windows\\SystemApps\\Microsoft.Windows.Search_cw5n1h2txyewy\\"}, "related": {"hash": ["c6e63c7aae9c4e07e15c1717872c0c73f3d4fb09", "da7063b17dbb8bbb3015351016868006", "20330d3ca71d58f4aeb432676cb6a3d5b97005954e45132fb083e90782efdd50", "d2acf1cbc4a6db14a34c687b9362d66b"], "user": "client12"}, "user": {"domain": "BREACH", "name": "client12"}, "winlog": {"api": "wineventlog", "channel": "Microsoft-Windows-Sysmon/Operational", "computer_name": "CLIENT12.breach.local", "event_data": {"Company": "Microsoft Corporation", "Description": "Background Task Host", "FileVersion": "10.0.19041.546 (WinBuild.160101.0800)", "IntegrityLevel": "AppContainer", "LogonGuid": "{416dd0c5-c0ee-676b-96d9-040000000000}", "LogonId": "0x4d996", "OriginalFileName": "backgroundTaskHost.exe", "ParentUser": "NT AUTHORITY\\SYSTEM", "Product": "Microsoft\u00ae Windows\u00ae Operating System", "RuleName": "-", "TerminalSessionId": "1"}, "event_id": 1, "opcode": "Info", "process": {"pid": 2840, "thread": {"id": 3148}}, "provider_guid": "{5770385f-c22a-43e0-bf4c-06f5698ffbd9}", "provider_name": "Microsoft-Windows-Sysmon", "record_id": 865595, "task": "Process Create (rule: ProcessCreate)", "user": {"domain": "NT AUTHORITY", "identifier": "S-1-5-18", "name": "SYSTEM", "type": "User"}, "version": 5}}
{"@timestamp": "2024-12-25T12:38:11.521Z", "agent": {"ephemeral_id": "40c9e4ba-4bee-432b-8cb0-d9b7a54ac8fa", "hostname": "CLIENT12", "id": "c35095e9-5f9f-4084-a651-3aaa2966847a", "name": "CLIENT12", "type": "winlogbeat", "version": "7.10.2"}, "ecs": {"version": "1.5.0"}, "event": {"action": "Process Create (rule: ProcessCreate)", "category": ["process"], "code": 1, "created": "2024-12-25T12:38:14.039Z", "kind": "event", "module": "sysmon", "provider": "Microsoft-Windows-Sysmon", "type": ["start", "process_start"]}, "hash": {"imphash": "ad7f9ff385f2ac79d492abbee0b86cd6", "md5": "36b7362f96427168eb66c692c65a1582", "sha1": "0a9e517d93a94245c765be2205ee71f079dfff76", "sha256": "05deac8d5c4add3c6aff545944965abac2ce1e4fc3dcd1cd2528c101eed1b0f5"}, "host": {"name": "CLIENT12.breach.local"}, "log": {"level": "information"}, "process": {"args": ["C:\\Program Files (x86)\\Microsoft\\Edge\\Application\\msedge.exe", "--type=utility", "--utility-sub-type=data_decoder.mojom.DataDecoderService", "--lang=en-US", "--service-sandbox-type=service", "--string-annotations=is-enterprise-managed=yes", "--field-trial-handle=7048,i,4256117975326634542,6899719076263808566,262144", "--variations-seed-version", "--mojo-platform-channel-handle=6572", "/prefetch:8"], "command_line": "\"C:\\Program Files (x86)\\Microsoft\\Edge\\Application\\msedge.exe\" --type=utility --utility-sub-type=data_decoder.mojom.DataDecoderService --lang=en-US --service-sandbox-type=service --string-annotations=is-enterprise-managed=yes --field-trial-handle=7048,i,4256117975326634542,6899719076263808566,262144 --variations-seed-version --mojo-platform-channel-handle=6572 /prefetch:8", "entity_id": "{416dd0c5-fcb3-676b-0203-000000000900}", "executable": "C:\\Program Files (x86)\\Microsoft\\Edge\\Application\\msedge.exe", "hash": {"md5": "36b7362f96427168eb66c692c65a1582", "sha1": "0a9e517d93a94245c765be2205ee71f079dfff76", "sha256": "05deac8d5c4add3c6aff545944965abac2ce1e4fc3dcd1cd2528c101eed1b0f5"}, "name": "msedge.exe", "parent": {"args": ["C:\\Program Files (x86)\\Microsoft\\Edge\\Application\\msedge.exe", "--no-startup-window", "--win-session-start"], "command_line": "\"C:\\Program Files (x86)\\Microsoft\\Edge\\Application\\msedge.exe\" --no-startup-window --win-session-start", "entity_id": "{416dd0c5-c10a-676b-8200-000000000900}", "executable": "C:\\Program Files (x86)\\Microsoft\\Edge\\Application\\msedge.exe", "name": "msedge.exe", "pid": 1692}, "pe": {"imphash": "ad7f9ff385f2ac79d492abbee0b86cd6"}, "pid": 8964, "working_directory": "C:\\Program Files (x86)\\Microsoft\\Edge\\Application\\131.0.2903.112\\"}, "related": {"hash": ["0a9e517d93a94245c765be2205ee71f079dfff76", "36b7362f96427168eb66c692c65a1582", "05deac8d5c4add3c6aff545944965abac2ce1e4fc3dcd1cd2528c101eed1b0f5", "ad7f9ff385f2ac79d492abbee0b86cd6"], "user": "client12"}, "user": {"domain": "BREACH", "name": "client12"}, "winlog": {"api": "wineventlog", "channel": "Microsoft-Windows-Sysmon/Operational", "computer_name": "CLIENT12.breach.local", "event_data": {"Company": "Microsoft Corporation", "Description": "Microsoft Edge", "FileVersion": "131.0.2903.112", "IntegrityLevel": "Low", "LogonGuid": "{416dd0c5-c0ee-676b-96d9-040000000000}", "LogonId": "0x4d996", "OriginalFileName": "msedge.exe", "ParentUser": "BREACH\\client12", "Product": "Microsoft Edge", "RuleName": "-", "TerminalSessionId": "1"}, "event_id": 1, "opcode": "Info", "process": {"pid": 2840, "thread": {"id": 3148}}, "provider_guid": "{5770385f-c22a-43e0-bf4c-06f5698ffbd9}", "provider_name": "Microsoft-Windows-Sysmon", "record_id": 865748, "task": "Process Create (rule: ProcessCreate)", "user": {"domain": "NT AUTHORITY", "identifier": "S-1-5-18", "name": "SYSTEM", "type": "User"}, "version": 5}}
{"@timestamp": "2024-12-25T12:39:29.006Z", "agent": {"ephemeral_id": "40c9e4ba-4bee-432b-8cb0-d9b7a54ac8fa", "hostname": "CLIENT12", "id": "c35095e9-5f9f-4084-a651-3aaa2966847a", "name": "CLIENT12", "type": "winlogbeat", "version": "7.10.2"}, "ecs": {"version": "1.5.0"}, "event": {"action": "Process Create (rule: ProcessCreate)", "category": ["process"], "code": 1, "created": "2024-12-25T12:39:31.066Z", "kind": "event", "module": "sysmon", "provider": "Microsoft-Windows-Sysmon", "type": ["start", "process_start"]}, "hash": {"imphash": "f9bbd96fae53b7a31264a703cafa0666", "md5": "f586835082f632dc8d9404d83bc16316", "sha1": "010db07461e45b41c886192df6fd425ba8d42d82", "sha256": "643ec58e82e0272c97c2a59f6020970d881af19c0ad5029db9c958c13b6558c7"}, "host": {"name": "CLIENT12.breach.local"}, "log": {"level": "information"}, "process": {"args": ["C:\\Windows\\system32\\svchost.exe", "-k", "netsvcs", "-p", "-s", "gpsvc"], "command_line": "C:\\Windows\\system32\\svchost.exe -k netsvcs -p -s gpsvc", "entity_id": "{416dd0c5-fd01-676b-0303-000000000900}", "executable": "C:\\Windows\\System32\\svchost.exe", "hash": {"md5": "f586835082f632dc8d9404d83bc16316", "sha1": "010db07461e45b41c886192df6fd425ba8d42d82", "sha256": "643ec58e82e0272c97c2a59f6020970d881af19c0ad5029db9c958c13b6558c7"}, "name": "svchost.exe", "parent": {"args": ["C:\\Windows\\system32\\services.exe"], "command_line": "C:\\Windows\\system32\\services.exe", "entity_id": "{416dd0c5-c0e6-676b-0b00-000000000900}", "executable": "C:\\Windows\\System32\\services.exe", "name": "services.exe", "pid": 604}, "pe": {"imphash": "f9bbd96fae53b7a31264a703cafa0666"}, "pid": 4544, "working_directory": "C:\\Windows\\system32\\"}, "related": {"hash": ["010db07461e45b41c886192df6fd425ba8d42d82", "f586835082f632dc8d9404d83bc16316", "643ec58e82e0272c97c2a59f6020970d881af19c0ad5029db9c958c13b6558c7", "f9bbd96fae53b7a31264a703cafa0666"], "user": "SYSTEM"}, "user": {"domain": "NT AUTHORITY", "name": "SYSTEM"}, "winlog": {"api": "wineventlog", "channel": "Microsoft-Windows-Sysmon/Operational", "computer_name": "CLIENT12.breach.local", "event_data": {"Company": "Microsoft Corporation", "Description": "Host Process for Windows Services", "FileVersion": "10.0.19041.546 (WinBuild.160101.0800)", "IntegrityLevel": "System", "LogonGuid": "{416dd0c5-c0e6-676b-e703-000000000000}", "LogonId": "0x3e7", "OriginalFileName": "svchost.exe", "ParentUser": "NT AUTHORITY\\SYSTEM", "Product": "Microsoft\u00ae Windows\u00ae Operating System", "RuleName": "-", "TerminalSessionId": "0"}, "event_id": 1, "opcode": "Info", "process": {"pid": 2840, "thread": {"id": 3148}}, "provider_guid": "{5770385f-c22a-43e0-bf4c-06f5698ffbd9}", "provider_name": "Microsoft-Windows-Sysmon", "record_id": 865828, "task": "Process Create (rule: ProcessCreate)", "user": {"domain": "NT AUTHORITY", "identifier": "S-1-5-18", "name": "SYSTEM", "type": "User"}, "version": 5}}
{"@timestamp": "2024-12-25T12:42:42.152Z", "agent": {"ephemeral_id": "40c9e4ba-4bee-432b-8cb0-d9b7a54ac8fa", "hostname": "CLIENT12", "id": "c35095e9-5f9f-4084-a651-3aaa2966847a", "name": "CLIENT12", "type": "winlogbeat", "version": "7.10.2"}, "ecs": {"version": "1.5.0"}, "event": {"action": "Process Create (rule: ProcessCreate)", "category": ["process"], "code": 1, "created": "2024-12-25T12:42:42.423Z", "kind": "event", "module": "sysmon", "provider": "Microsoft-Windows-Sysmon", "type": ["start", "process_start"]}, "hash": {"imphash": "8b2a73cf81704f7aed84c67134ec39ac", "md5": "d4c0c10590da99309e3c36e66f99ee60", "sha1": "5b1e67fcfd7aa697ef5e49d39050ecfce1cf18f4", "sha256": "dfe51b0739ed161f69afbb736460ebb7dd37372ff0659cbc20f4a9c850fbcc8c"}, "host": {"name": "CLIENT12.breach.local"}, "log": {"level": "information"}, "process": {"args": ["C:\\Windows\\system32\\SearchProtocolHost.exe", "Global\\UsGthrFltPipeMssGthrPipe_S-1-5-21-3820639014-3737903552-3625786605-111421_", "Global\\UsGthrCtrlFltPipeMssGthrPipe_S-1-5-21-3820639014-3737903552-3625786605-111421", "1", "-2147483646", "Software\\Microsoft\\Windows Search", "Mozilla/4.0 (compatible; MSIE 6.0; Windows NT; MS Search 4.0 Robot)", "C:\\ProgramData\\Microsoft\\Search\\Data\\Temp\\usgthrsvc", "DownLevelDaemon", "1"], "command_line": "\"C:\\Windows\\system32\\SearchProtocolHost.exe\" Global\\UsGthrFltPipeMssGthrPipe_S-1-5-21-3820639014-3737903552-3625786605-111421_ Global\\UsGthrCtrlFltPipeMssGthrPipe_S-1-5-21-3820639014-3737903552-3625786605-111421 1 -2147483646 \"Software\\Microsoft\\Windows Search\" \"Mozilla/4.0 (compatible; MSIE 6.0; Windows NT; MS Search 4.0 Robot)\" \"C:\\ProgramData\\Microsoft\\Search\\Data\\Temp\\usgthrsvc\" \"DownLevelDaemon\"  \"1\"", "entity_id": "{416dd0c5-fdc2-676b-0403-000000000900}", "executable": "C:\\Windows\\System32\\SearchProtocolHost.exe", "hash": {"md5": "d4c0c10590da99309e3c36e66f99ee60", "sha1": "5b1e67fcfd7aa697ef5e49d39050ecfce1cf18f4", "sha256": "dfe51b0739ed161f69afbb736460ebb7dd37372ff0659cbc20f4a9c850fbcc8c"}, "name": "SearchProtocolHost.exe", "parent": {"args": ["C:\\Windows\\system32\\SearchIndexer.exe", "/Embedding"], "command_line": "C:\\Windows\\system32\\SearchIndexer.exe /Embedding", "entity_id": "{416dd0c5-c0f9-676b-7000-000000000900}", "executable": "C:\\Windows\\System32\\SearchIndexer.exe", "name": "SearchIndexer.exe", "pid": 5220}, "pe": {"imphash": "8b2a73cf81704f7aed84c67134ec39ac"}, "pid": 4616, "working_directory": "C:\\Windows\\system32\\"}, "related": {"hash": ["5b1e67fcfd7aa697ef5e49d39050ecfce1cf18f4", "d4c0c10590da99309e3c36e66f99ee60", "dfe51b0739ed161f69afbb736460ebb7dd37372ff0659cbc20f4a9c850fbcc8c", "8b2a73cf81704f7aed84c67134ec39ac"], "user": "client12"}, "user": {"domain": "BREACH", "name": "client12"}, "winlog": {"api": "wineventlog", "channel": "Microsoft-Windows-Sysmon/Operational", "computer_name": "CLIENT12.breach.local", "event_data": {"Company": "Microsoft Corporation", "Description": "Microsoft Windows Search Protocol Host", "FileVersion": "7.0.19041.844 (WinBuild.160101.0800)", "IntegrityLevel": "Medium", "LogonGuid": "{416dd0c5-c0ee-676b-96d9-040000000000}", "LogonId": "0x4d996", "OriginalFileName": "SearchProtocolHost.exe", "ParentUser": "NT AUTHORITY\\SYSTEM", "Product": "Windows\u00ae Search", "RuleName": "-", "TerminalSessionId": "1"}, "event_id": 1, "opcode": "Info", "process": {"pid": 2840, "thread": {"id": 3148}}, "provider_guid": "{5770385f-c22a-43e0-bf4c-06f5698ffbd9}", "provider_name": "Microsoft-Windows-Sysmon", "record_id": 865964, "task": "Process Create (rule: ProcessCreate)", "user": {"domain": "NT AUTHORITY", "identifier": "S-1-5-18", "name": "SYSTEM", "type": "User"}, "version": 5}}
