{"@timestamp": "2024-12-25T11:30:43.571Z", "agent": {"ephemeral_id": "daad58af-b5f8-4d26-a58a-aeff9b68a92f", "hostname": "CLIENT7", "id": "c35095e9-5f9f-4084-a651-3aaa2966847a", "name": "CLIENT7", "type": "winlogbeat", "version": "7.10.2"}, "ecs": {"version": "1.5.0"}, "event": {"action": "Process Create (rule: ProcessCreate)", "category": ["process"], "code": 1, "created": "2024-12-25T11:35:57.947Z", "kind": "event", "module": "sysmon", "provider": "Microsoft-Windows-Sysmon", "type": ["start", "process_start"]}, "hash": {"imphash": "ad7f9ff385f2ac79d492abbee0b86cd6", "md5": "36b7362f96427168eb66c692c65a1582", "sha1": "0a9e517d93a94245c765be2205ee71f079dfff76", "sha256": "05deac8d5c4add3c6aff545944965abac2ce1e4fc3dcd1cd2528c101eed1b0f5"}, "host": {"name": "CLIENT7.breach.local"}, "log": {"level": "information"}, "process": {"args": ["C:\\Program Files (x86)\\Microsoft\\Edge\\Application\\msedge.exe", "--single-argument", "C:\\Users\\client7\\Documents\\attachments\\none.pdf"], "command_line": "\"C:\\Program Files (x86)\\Microsoft\\Edge\\Application\\msedge.exe\" --single-argument C:\\Users\\client7\\Documents\\attachments\\none.pdf", "entity_id": "{416dd0c5-ece3-676b-b802-000000000900}", "executable": "C:\\Program Files (x86)\\Microsoft\\Edge\\Application\\msedge.exe", "hash": {"md5": "36b7362f96427168eb66c692c65a1582", "sha1": "0a9e517d93a94245c765be2205ee71f079dfff76", "sha256": "05deac8d5c4add3c6aff545944965abac2ce1e4fc3dcd1cd2528c101eed1b0f5"}, "name": "msedge.exe", "parent": {"args": ["C:\\Windows\\system32\\cmd.exe", "/c", "start C:\\Users\\client7\\Documents\\attachments\\none.pdf"], "command_line": "C:\\Windows\\system32\\cmd.exe /c \"start C:\\Users\\client7\\Documents\\attachments\\none.pdf\"", "entity_id": "{416dd0c5-ece0-676b-b502-000000000900}", "executable": "C:\\Windows\\System32\\cmd.exe", "name": "cmd.exe", "pid": 7400}, "pe": {"imphash": "ad7f9ff385f2ac79d492abbee0b86cd6"}, "pid": 1224, "working_directory": "C:\\BREACH\\"}, "related": {"hash": ["0a9e517d93a94245c765be2205ee71f079dfff76", "36b7362f96427168eb66c692c65a1582", "05deac8d5c4add3c6aff545944965abac2ce1e4fc3dcd1cd2528c101eed1b0f5", "ad7f9ff385f2ac79d492abbee0b86cd6"], "user": "client7"}, "user": {"domain": "BREACH", "name": "client7"}, "winlog": {"api": "wineventlog", "channel": "Microsoft-Windows-Sysmon/Operational", "computer_name": "CLIENT7.breach.local", "event_data": {"Company": "Microsoft Corporation", "Description": "Microsoft Edge", "FileVersion": "131.0.2903.112", "IntegrityLevel": "Medium", "LogonGuid": "{416dd0c5-bdb2-676b-882c-040000000000}", "LogonId": "0x42c88", "OriginalFileName": "msedge.exe", "ParentUser": "BREACH\\client7", "Product": "Microsoft Edge", "RuleName": "-", "TerminalSessionId": "1"}, "event_id": 1, "opcode": "Info", "process": {"pid": 2840, "thread": {"id": 3428}}, "provider_guid": "{5770385f-c22a-43e0-bf4c-06f5698ffbd9}", "provider_name": "Microsoft-Windows-Sysmon", "record_id": 855497, "task": "Process Create (rule: ProcessCreate)", "user": {"domain": "NT AUTHORITY", "identifier": "S-1-5-18", "name": "SYSTEM", "type": "User"}, "version": 5}}
{"@timestamp": "2024-12-25T11:30:46.067Z", "agent": {"ephemeral_id": "daad58af-b5f8-4d26-a58a-aeff9b68a92f", "hostname": "CLIENT7", "id": "c35095e9-5f9f-4084-a651-3aaa2966847a", "name": "CLIENT7", "type": "winlogbeat", "version": "7.10.2"}, "ecs": {"version": "1.5.0"}, "event": {"action": "Process Create (rule: ProcessCreate)", "category": ["process"], "code": 1, "created": "2024-12-25T11:35:58.340Z", "kind": "event", "module": "sysmon", "provider": "Microsoft-Windows-Sysmon", "type": ["start", "process_start"]}, "hash": {"imphash": "ad7f9ff385f2ac79d492abbee0b86cd6", "md5": "36b7362f96427168eb66c692c65a1582", "sha1": "0a9e517d93a94245c765be2205ee71f079dfff76", "sha256": "05deac8d5c4add3c6aff545944965abac2ce1e4fc3dcd1cd2528c101eed1b0f5"}, "host": {"name": "CLIENT7.breach.local"}, "log": {"level": "information"}, "process": {"args": ["C:\\Program Files (x86)\\Microsoft\\Edge\\Application\\msedge.exe", "--type=renderer", "--string-annotations=is-enterprise-managed=yes", "--disable-gpu-compositing", "--video-capture-use-gpu-memory-buffer", "--lang=en-US", "--js-flags=--ms-user-locale=", "--device-scale-factor=1", "--num-raster-threads=1", "--renderer-client-id=27", "--field-trial-handle=5596,i,2292536923074340488,10453577207820066466,262144", "--variations-seed-version", "--mojo-platform-channel-handle=6596", "/prefetch:1"], "command_line": "\"C:\\Program Files (x86)\\Microsoft\\Edge\\Application\\msedge.exe\" --type=renderer --string-annotations=is-enterprise-managed=yes --disable-gpu-compositing --video-capture-use-gpu-memory-buffer --lang=en-US --js-flags=--ms-user-locale= --device-scale-factor=1 --num-raster-threads=1 --renderer-client-id=27 --field-trial-handle=5596,i,2292536923074340488,10453577207820066466,262144 --variations-seed-version --mojo-platform-channel-handle=6596 /prefetch:1", "entity_id": "{416dd0c5-ece6-676b-b902-000000000900}", "executable": "C:\\Program Files (x86)\\Microsoft\\Edge\\Application\\msedge.exe", "hash": {"md5": "36b7362f96427168eb66c692c65a1582", "sha1": "0a9e517d93a94245c765be2205ee71f079dfff76", "sha256": "05deac8d5c4add3c6aff545944965abac2ce1e4fc3dcd1cd2528c101eed1b0f5"}, "name": "msedge.exe", "parent": {"args": ["C:\\Program Files (x86)\\Microsoft\\Edge\\Application\\msedge.exe", "--no-startup-window", "--win-session-start"], "command_line": "\"C:\\Program Files (x86)\\Microsoft\\Edge\\Application\\msedge.exe\" --no-startup-window --win-session-start", "entity_id": "{416dd0c5-bdcb-676b-7e00-000000000900}", "executable": "C:\\Program Files (x86)\\Microsoft\\Edge\\Application\\msedge.exe", "name": "msedge.exe", "pid": 5668}, "pe": {"imphash": "ad7f9ff385f2ac79d492abbee0b86cd6"}, "pid": 6720, "working_directory": "C:\\Program Files (x86)\\Microsoft\\Edge\\Application\\131.0.2903.112\\"}, "related": {"hash": ["0a9e517d93a94245c765be2205ee71f079dfff76", "36b7362f96427168eb66c692c65a1582", "05deac8d5c4add3c6aff545944965abac2ce1e4fc3dcd1cd2528c101eed1b0f5", "ad7f9ff385f2ac79d492abbee0b86cd6"], "user": "client7"}, "user": {"domain": "BREACH", "name": "client7"}, "winlog": {"api": "wineventlog", "channel": "Microsoft-Windows-Sysmon/Operational", "computer_name": "CLIENT7.breach.local", "event_data": {"Company": "Microsoft Corporation", "Description": "Microsoft Edge", "FileVersion": "131.0.2903.112", "IntegrityLevel": "AppContainer", "LogonGuid": "{416dd0c5-bdb2-676b-882c-040000000000}", "LogonId": "0x42c88", "OriginalFileName": "msedge.exe", "ParentUser": "BREACH\\client7", "Product": "Microsoft Edge", "RuleName": "-", "TerminalSessionId": "1"}, "event_id": 1, "opcode": "Info", "process": {"pid": 2840, "thread": {"id": 3428}}, "provider_guid": "{5770385f-c22a-43e0-bf4c-06f5698ffbd9}", "provider_name": "Microsoft-Windows-Sysmon", "record_id": 855644, "task": "Process Create (rule: ProcessCreate)", "user": {"domain": "NT AUTHORITY", "identifier": "S-1-5-18", "name": "SYSTEM", "type": "User"}, "version": 5}}
{"@timestamp": "2024-12-25T11:31:13.024Z", "agent": {"ephemeral_id": "daad58af-b5f8-4d26-a58a-aeff9b68a92f", "hostname": "CLIENT7", "id": "c35095e9-5f9f-4084-a651-3aaa2966847a", "name": "CLIENT7", "type": "winlogbeat", "version": "7.10.2"}, "ecs": {"version": "1.5.0"}, "event": {"action": "Process Create (rule: ProcessCreate)", "category": ["process"], "code": 1, "created": "2024-12-25T11:36:01.637Z", "kind": "event", "module": "sysmon", "provider": "Microsoft-Windows-Sysmon", "type": ["start", "process_start"]}, "hash": {"imphash": "3a0c6863cde566af997db2defff9d924", "md5": "564e4806ab18f93b93d551cd10c1598e", "sha1": "fed4b4a753a9541389aa670c69e624be07569ccd", "sha256": "0322728dbce3a577c4a13b907ad7375d27e74880b63f7371384f67d19197a0ad"}, "host": {"name": "CLIENT7.breach.local"}, "log": {"level": "information"}, "process": {"args": ["taskhostw.exe"], "command_line": "taskhostw.exe", "entity_id": "{416dd0c5-ed01-676b-ba02-000000000900}", "executable": "C:\\Windows\\System32\\taskhostw.exe", "hash": {"md5": "564e4806ab18f93b93d551cd10c1598e", "sha1": "fed4b4a753a9541389aa670c69e624be07569ccd", "sha256": "0322728dbce3a577c4a13b907ad7375d27e74880b63f7371384f67d19197a0ad"}, "name": "taskhostw.exe", "parent": {"args": ["C:\\Windows\\system32\\svchost.exe", "-k", "netsvcs", "-p", "-s", "Schedule"], "command_line": "C:\\Windows\\system32\\svchost.exe -k netsvcs -p -s Schedule", "entity_id": "{416dd0c5-bdab-676b-1c00-000000000900}", "executable": "C:\\Windows\\System32\\svchost.exe", "name": "svchost.exe", "pid": 1236}, "pe": {"imphash": "3a0c6863cde566af997db2defff9d924"}, "pid": 6872, "working_directory": "C:\\Windows\\system32\\"}, "related": {"hash": ["fed4b4a753a9541389aa670c69e624be07569ccd", "564e4806ab18f93b93d551cd10c1598e", "0322728dbce3a577c4a13b907ad7375d27e74880b63f7371384f67d19197a0ad", "3a0c6863cde566af997db2defff9d924"], "user": "SYSTEM"}, "user": {"domain": "NT AUTHORITY", "name": "SYSTEM"}, "winlog": {"api": "wineventlog", "channel": "Microsoft-Windows-Sysmon/Operational", "computer_name": "CLIENT7.breach.local", "event_data": {"Company": "Microsoft Corporation", "Description": "Host Process for Windows Tasks", "FileVersion": "10.0.19041.906 (WinBuild.160101.0800)", "IntegrityLevel": "System", "LogonGuid": "{416dd0c5-bdaa-676b-e703-000000000000}", "LogonId": "0x3e7", "OriginalFileName": "taskhostw.exe", "ParentUser": "NT AUTHORITY\\SYSTEM", "Product": "Microsoft\u00ae Windows\u00ae Operating System", "RuleName": "-", "TerminalSessionId": "0"}, "event_id": 1, "opcode": "Info", "process": {"pid": 2840, "thread": {"id": 3428}}, "provider_guid": "{5770385f-c22a-43e0-bf4c-06f5698ffbd9}", "provider_name": "Microsoft-Windows-Sysmon", "record_id": 855916, "task": "Process Create (rule: ProcessCreate)", "user": {"domain": "NT AUTHORITY", "identifier": "S-1-5-18", "name": "SYSTEM", "type": "User"}, "version": 5}}
{"@timestamp": "2024-12-25T11:32:26.218Z", "agent": {"ephemeral_id": "daad58af-b5f8-4d26-a58a-aeff9b68a92f", "hostname": "CLIENT7", "id": "c35095e9-5f9f-4084-a651-3aaa2966847a", "name": "CLIENT7", "type": "winlogbeat", "version": "7.10.2"}, "ecs": {"version": "1.5.0"}, "event": {"action": "Process Create (rule: ProcessCreate)", "category": ["process"], "code": 1, "created": "2024-12-25T11:36:02.478Z", "kind": "event", "module": "sysmon", "provider": "Microsoft-Windows-Sysmon", "type": ["start", "process_start"]}, "hash": {"imphash": "272245e2988e1e430500b852c4fb5e18", "md5": "8a2122e8162dbef04694b9c3e0b6cdee", "sha1": "f1efb0fddc156e4c61c5f78a54700e4e7984d55d", "sha256": "b99d61d874728edc0918ca0eb10eab93d381e7367e377406e65963366c874450"}, "host": {"name": "CLIENT7.breach.local"}, "log": {"level": "information"}, "process": {"args": ["C:\\Windows\\system32\\cmd.exe", "/c", "C:\\\\Program", "Files", "(x86)\\\\LibreOffice", "4\\\\program\\\\soffice.exe --norestore C:\\Users\\client7\\Documents\\trip\\of.doc"], "command_line": "C:\\Windows\\system32\\cmd.exe /c \"\"C:\\\\Program Files (x86)\\\\LibreOffice 4\\\\program\\\\soffice.exe\" --norestore C:\\Users\\client7\\Documents\\trip\\of.doc\"", "entity_id": "{416dd0c5-ed4a-676b-bb02-000000000900}", "executable": "C:\\Windows\\System32\\cmd.exe", "hash": {"md5": "8a2122e8162dbef04694b9c3e0b6cdee", "sha1": "f1efb0fddc156e4c61c5f78a54700e4e7984d55d", "sha256": "b99d61d874728edc0918ca0eb10eab93d381e7367e377406e65963366c874450"}, "name": "cmd.exe", "parent": {"args": ["C:\\Python37\\python.exe", "-c", "from multiprocessing.spawn import spawn_main; spawn_main(parent_pid=7012, pipe_handle=1856)", "--multiprocessing-fork"], "command_line": "\"C:\\Python37\\python.exe\" \"-c\" \"from multiprocessing.spawn import spawn_main; spawn_main(parent_pid=7012, pipe_handle=1856)\" \"--multiprocessing-fork\"", "entity_id": "{416dd0c5-ec69-676b-b102-000000000900}", "executable": "C:\\Python37\\python.exe", "name": "python.exe", "pid": 7952}, "pe": {"imphash": "272245e2988e1e430500b852c4fb5e18"}, "pid": 7472, "working_directory": "C:\\BREACH\\"}, "related": {"hash": ["f1efb0fddc156e4c61c5f78a54700e4e7984d55d", "8a2122e8162dbef04694b9c3e0b6cdee", "b99d61d874728edc0918ca0eb10eab93d381e7367e377406e65963366c874450", "272245e2988e1e430500b852c4fb5e18"], "user": "client7"}, "user": {"domain": "BREACH", "name": "client7"}, "winlog": {"api": "wineventlog", "channel": "Microsoft-Windows-Sysmon/Operational", "computer_name": "CLIENT7.breach.local", "event_data": {"Company": "Microsoft Corporation", "Description": "Windows Command Processor", "FileVersion": "10.0.19041.746 (WinBuild.160101.0800)", "IntegrityLevel": "Medium", "LogonGuid": "{416dd0c5-bdb2-676b-882c-040000000000}", "LogonId": "0x42c88", "OriginalFileName": "Cmd.Exe", "ParentUser": "BREACH\\client7", "Product": "Microsoft\u00ae Windows\u00ae Operating System", "RuleName": "-", "TerminalSessionId": "1"}, "event_id": 1, "opcode": "Info", "process": {"pid": 2840, "thread": {"id": 3428}}, "provider_guid": "{5770385f-c22a-43e0-bf4c-06f5698ffbd9}", "provider_name": "Microsoft-Windows-Sysmon", "record_id": 856675, "task": "Process Create (rule: ProcessCreate)", "user": {"domain": "NT AUTHORITY", "identifier": "S-1-5-18", "name": "SYSTEM", "type": "User"}, "version": 5}}
{"@timestamp": "2024-12-25T11:32:26.925Z", "agent": {"ephemeral_id": "daad58af-b5f8-4d26-a58a-aeff9b68a92f", "hostname": "CLIENT7", "id": "c35095e9-5f9f-4084-a651-3aaa2966847a", "name": "CLIENT7", "type": "winlogbeat", "version": "7.10.2"}, "ecs": {"version": "1.5.0"}, "event": {"action": "Process Create (rule: ProcessCreate)", "category": ["process"], "code": 1, "created": "2024-12-25T11:36:02.480Z", "kind": "event", "module": "sysmon", "provider": "Microsoft-Windows-Sysmon", "type": ["start", "process_start"]}, "hash": {"imphash": "21f2b04648b4f2ec519b7967a2f890f1", "md5": "655d31a4e94a14f91cdb9e6293aef885", "sha1": "018a733478611013b013dce09cd295caf049f1e1", "sha256": "187cce75722d9bcad2f7c179f536fe2eeccd2a8d26146a0b4781503e318463da"}, "host": {"name": "CLIENT7.breach.local"}, "log": {"level": "information"}, "process": {"args": ["C:\\\\Program Files (x86)\\\\LibreOffice 4\\\\program\\\\soffice.exe", "--norestore", "C:\\Users\\client7\\Documents\\trip\\of.doc"], "command_line": "\"C:\\\\Program Files (x86)\\\\LibreOffice 4\\\\program\\\\soffice.exe\"  --norestore C:\\Users\\client7\\Documents\\trip\\of.doc", "entity_id": "{416dd0c5-ed4a-676b-bc02-000000000900}", "executable": "C:\\Program Files (x86)\\LibreOffice 4\\program\\soffice.exe", "hash": {"md5": "655d31a4e94a14f91cdb9e6293aef885", "sha1": "018a733478611013b013dce09cd295caf049f1e1", "sha256": "187cce75722d9bcad2f7c179f536fe2eeccd2a8d26146a0b4781503e318463da"}, "name": "soffice.exe", "parent": {"args": ["C:\\Windows\\system32\\cmd.exe", "/c", "C:\\\\Program", "Files", "(x86)\\\\LibreOffice", "4\\\\program\\\\soffice.exe --norestore C:\\Users\\client7\\Documents\\trip\\of.doc"], "command_line": "C:\\Windows\\system32\\cmd.exe /c \"\"C:\\\\Program Files (x86)\\\\LibreOffice 4\\\\program\\\\soffice.exe\" --norestore C:\\Users\\client7\\Documents\\trip\\of.doc\"", "entity_id": "{416dd0c5-ed4a-676b-bb02-000000000900}", "executable": "C:\\Windows\\System32\\cmd.exe", "name": "cmd.exe", "pid": 7472}, "pe": {"imphash": "21f2b04648b4f2ec519b7967a2f890f1"}, "pid": 8860, "working_directory": "C:\\BREACH\\"}, "related": {"hash": ["018a733478611013b013dce09cd295caf049f1e1", "655d31a4e94a14f91cdb9e6293aef885", "187cce75722d9bcad2f7c179f536fe2eeccd2a8d26146a0b4781503e318463da", "21f2b04648b4f2ec519b7967a2f890f1"], "user": "client7"}, "user": {"domain": "BREACH", "name": "client7"}, "winlog": {"api": "wineventlog", "channel": "Microsoft-Windows-Sysmon/Operational", "computer_name": "CLIENT7.breach.local", "event_data": {"Company": "The Document Foundation", "Description": "LibreOffice", "FileVersion": "4.2.5.2", "IntegrityLevel": "Medium", "LogonGuid": "{416dd0c5-bdb2-676b-882c-040000000000}", "LogonId": "0x42c88", "OriginalFileName": "soffice.exe", "ParentUser": "BREACH\\client7", "Product": "LibreOffice", "RuleName": "-", "TerminalSessionId": "1"}, "event_id": 1, "opcode": "Info", "process": {"pid": 2840, "thread": {"id": 3428}}, "provider_guid": "{5770385f-c22a-43e0-bf4c-06f5698ffbd9}", "provider_name": "Microsoft-Windows-Sysmon", "record_id": 856689, "task": "Process Create (rule: ProcessCreate)", "user": {"domain": "NT AUTHORITY", "identifier": "S-1-5-18", "name": "SYSTEM", "type": "User"}, "version": 5}}
{"@timestamp": "2024-12-25T11:32:27.230Z", "agent": {"ephemeral_id": "daad58af-b5f8-4d26-a58a-aeff9b68a92f", "hostname": "CLIENT7", "id": "c35095e9-5f9f-4084-a651-3aaa2966847a", "name": "CLIENT7", "type": "winlogbeat", "version": "7.10.2"}, "ecs": {"version": "1.5.0"}, "event": {"action": "Process Create (rule: ProcessCreate)", "category": ["process"], "code": 1, "created": "2024-12-25T11:36:02.619Z", "kind": "event", "module": "sysmon", "provider": "Microsoft-Windows-Sysmon", "type": ["start", "process_start"]}, "hash": {"imphash": "99697043124b69c5f4c42ad06fa1dde9", "md5": "a8d6bfcede1920faac7fd4163f02c29d", "sha1": "dc95b8d348b2aceabadbf434cd44ce1e31581bc4", "sha256": "2f9a4d7157971bc0074f5362089b8ea725a4e501a6ee2b447bd6f3bde17fbbd3"}, "host": {"name": "CLIENT7.breach.local"}, "log": {"level": "information"}, "process": {"args": ["C:\\\\Program Files (x86)\\\\LibreOffice 4\\\\program\\\\soffice.exe", "--norestore", "C:\\Users\\client7\\Documents\\trip\\of.doc", "-env:OOO_CWD=2C:\\\\BREACH"], "command_line": "\"C:\\\\Program Files (x86)\\\\LibreOffice 4\\\\program\\\\soffice.exe\" \"--norestore\" \"C:\\Users\\client7\\Documents\\trip\\of.doc\" \"-env:OOO_CWD=2C:\\\\BREACH\"", "entity_id": "{416dd0c5-ed4b-676b-bd02-000000000900}", "executable": "C:\\Program Files (x86)\\LibreOffice 4\\program\\soffice.bin", "hash": {"md5": "a8d6bfcede1920faac7fd4163f02c29d", "sha1": "dc95b8d348b2aceabadbf434cd44ce1e31581bc4", "sha256": "2f9a4d7157971bc0074f5362089b8ea725a4e501a6ee2b447bd6f3bde17fbbd3"}, "name": "soffice.bin", "parent": {"args": ["C:\\\\Program Files (x86)\\\\LibreOffice 4\\\\program\\\\soffice.exe", "--norestore", "C:\\Users\\client7\\Documents\\trip\\of.doc"], "command_line": "\"C:\\\\Program Files (x86)\\\\LibreOffice 4\\\\program\\\\soffice.exe\"  --norestore C:\\Users\\client7\\Documents\\trip\\of.doc", "entity_id": "{416dd0c5-ed4a-676b-bc02-000000000900}", "executable": "C:\\Program Files (x86)\\LibreOffice 4\\program\\soffice.exe", "name": "soffice.exe", "pid": 8860}, "pe": {"imphash": "99697043124b69c5f4c42ad06fa1dde9"}, "pid": 6840, "working_directory": "C:\\Program Files (x86)\\LibreOffice 4\\program\\"}, "related": {"hash": ["dc95b8d348b2aceabadbf434cd44ce1e31581bc4", "a8d6bfcede1920faac7fd4163f02c29d", "2f9a4d7157971bc0074f5362089b8ea725a4e501a6ee2b447bd6f3bde17fbbd3", "99697043124b69c5f4c42ad06fa1dde9"], "user": "client7"}, "user": {"domain": "BREACH", "name": "client7"}, "winlog": {"api": "wineventlog", "channel": "Microsoft-Windows-Sysmon/Operational", "computer_name": "CLIENT7.breach.local", "event_data": {"Company": "The Document Foundation", "Description": "LibreOffice", "FileVersion": "4.2.5.2", "IntegrityLevel": "Medium", "LogonGuid": "{416dd0c5-bdb2-676b-882c-040000000000}", "LogonId": "0x42c88", "OriginalFileName": "soffice.exe", "ParentUser": "BREACH\\client7", "Product": "LibreOffice", "RuleName": "-", "TerminalSessionId": "1"}, "event_id": 1, "opcode": "Info", "process": {"pid": 2840, "thread": {"id": 3428}}, "provider_guid": "{5770385f-c22a-43e0-bf4c-06f5698ffbd9}", "provider_name": "Microsoft-Windows-Sysmon", "record_id": 856718, "task": "Process Create (rule: ProcessCreate)", "user": {"domain": "NT AUTHORITY", "identifier": "S-1-5-18", "name": "SYSTEM", "type": "User"}, "version": 5}}
{"@timestamp": "2024-12-25T11:35:58.423Z", "agent": {"ephemeral_id": "daad58af-b5f8-4d26-a58a-aeff9b68a92f", "hostname": "CLIENT7", "id": "c35095e9-5f9f-4084-a651-3aaa2966847a", "name": "CLIENT7", "type": "winlogbeat", "version": "7.10.2"}, "ecs": {"version": "1.5.0"}, "event": {"action": "Process Create (rule: ProcessCreate)", "category": ["process"], "code": 1, "created": "2024-12-25T11:36:03.623Z", "kind": "event", "module": "sysmon", "provider": "Microsoft-Windows-Sysmon", "type": ["start", "process_start"]}, "hash": {"imphash": "272245e2988e1e430500b852c4fb5e18", "md5": "8a2122e8162dbef04694b9c3e0b6cdee", "sha1": "f1efb0fddc156e4c61c5f78a54700e4e7984d55d", "sha256": "b99d61d874728edc0918ca0eb10eab93d381e7367e377406e65963366c874450"}, "host": {"name": "CLIENT7.breach.local"}, "log": {"level": "information"}, "process": {"args": ["C:\\Windows\\system32\\cmd.exe", "/c", "C:\\\\Program", "Files", "(x86)\\\\LibreOffice", "4\\\\program\\\\soffice.exe --norestore C:\\Users\\client7\\Documents\\attachments\\lead.doc"], "command_line": "C:\\Windows\\system32\\cmd.exe /c \"\"C:\\\\Program Files (x86)\\\\LibreOffice 4\\\\program\\\\soffice.exe\" --norestore C:\\Users\\client7\\Documents\\attachments\\lead.doc\"", "entity_id": "{416dd0c5-ee1e-676b-be02-000000000900}", "executable": "C:\\Windows\\System32\\cmd.exe", "hash": {"md5": "8a2122e8162dbef04694b9c3e0b6cdee", "sha1": "f1efb0fddc156e4c61c5f78a54700e4e7984d55d", "sha256": "b99d61d874728edc0918ca0eb10eab93d381e7367e377406e65963366c874450"}, "name": "cmd.exe", "parent": {"args": ["C:\\Python37\\python.exe", "-c", "from multiprocessing.spawn import spawn_main; spawn_main(parent_pid=7012, pipe_handle=1856)", "--multiprocessing-fork"], "command_line": "\"C:\\Python37\\python.exe\" \"-c\" \"from multiprocessing.spawn import spawn_main; spawn_main(parent_pid=7012, pipe_handle=1856)\" \"--multiprocessing-fork\"", "entity_id": "{416dd0c5-ecad-676b-b202-000000000900}", "executable": "C:\\Python37\\python.exe", "name": "python.exe", "pid": 5132}, "pe": {"imphash": "272245e2988e1e430500b852c4fb5e18"}, "pid": 9672, "working_directory": "C:\\BREACH\\"}, "related": {"hash": ["f1efb0fddc156e4c61c5f78a54700e4e7984d55d", "8a2122e8162dbef04694b9c3e0b6cdee", "b99d61d874728edc0918ca0eb10eab93d381e7367e377406e65963366c874450", "272245e2988e1e430500b852c4fb5e18"], "user": "client7"}, "user": {"domain": "BREACH", "name": "client7"}, "winlog": {"api": "wineventlog", "channel": "Microsoft-Windows-Sysmon/Operational", "computer_name": "CLIENT7.breach.local", "event_data": {"Company": "Microsoft Corporation", "Description": "Windows Command Processor", "FileVersion": "10.0.19041.746 (WinBuild.160101.0800)", "IntegrityLevel": "Medium", "LogonGuid": "{416dd0c5-bdb2-676b-882c-040000000000}", "LogonId": "0x42c88", "OriginalFileName": "Cmd.Exe", "ParentUser": "BREACH\\client7", "Product": "Microsoft\u00ae Windows\u00ae Operating System", "RuleName": "-", "TerminalSessionId": "1"}, "event_id": 1, "opcode": "Info", "process": {"pid": 2840, "thread": {"id": 3428}}, "provider_guid": "{5770385f-c22a-43e0-bf4c-06f5698ffbd9}", "provider_name": "Microsoft-Windows-Sysmon", "record_id": 857205, "task": "Process Create (rule: ProcessCreate)", "user": {"domain": "NT AUTHORITY", "identifier": "S-1-5-18", "name": "SYSTEM", "type": "User"}, "version": 5}}
{"@timestamp": "2024-12-25T11:35:58.531Z", "agent": {"ephemeral_id": "daad58af-b5f8-4d26-a58a-aeff9b68a92f", "hostname": "CLIENT7", "id": "c35095e9-5f9f-4084-a651-3aaa2966847a", "name": "CLIENT7", "type": "winlogbeat", "version": "7.10.2"}, "ecs": {"version": "1.5.0"}, "event": {"action": "Process Create (rule: ProcessCreate)", "category": ["process"], "code": 1, "created": "2024-12-25T11:36:03.624Z", "kind": "event", "module": "sysmon", "provider": "Microsoft-Windows-Sysmon", "type": ["start", "process_start"]}, "hash": {"imphash": "21f2b04648b4f2ec519b7967a2f890f1", "md5": "655d31a4e94a14f91cdb9e6293aef885", "sha1": "018a733478611013b013dce09cd295caf049f1e1", "sha256": "187cce75722d9bcad2f7c179f536fe2eeccd2a8d26146a0b4781503e318463da"}, "host": {"name": "CLIENT7.breach.local"}, "log": {"level": "information"}, "process": {"args": ["C:\\\\Program Files (x86)\\\\LibreOffice 4\\\\program\\\\soffice.exe", "--norestore", "C:\\Users\\client7\\Documents\\attachments\\lead.doc"], "command_line": "\"C:\\\\Program Files (x86)\\\\LibreOffice 4\\\\program\\\\soffice.exe\"  --norestore C:\\Users\\client7\\Documents\\attachments\\lead.doc", "entity_id": "{416dd0c5-ee1e-676b-bf02-000000000900}", "executable": "C:\\Program Files (x86)\\LibreOffice 4\\program\\soffice.exe", "hash": {"md5": "655d31a4e94a14f91cdb9e6293aef885", "sha1": "018a733478611013b013dce09cd295caf049f1e1", "sha256": "187cce75722d9bcad2f7c179f536fe2eeccd2a8d26146a0b4781503e318463da"}, "name": "soffice.exe", "parent": {"args": ["C:\\Windows\\system32\\cmd.exe", "/c", "C:\\\\Program", "Files", "(x86)\\\\LibreOffice", "4\\\\program\\\\soffice.exe --norestore C:\\Users\\client7\\Documents\\attachments\\lead.doc"], "command_line": "C:\\Windows\\system32\\cmd.exe /c \"\"C:\\\\Program Files (x86)\\\\LibreOffice 4\\\\program\\\\soffice.exe\" --norestore C:\\Users\\client7\\Documents\\attachments\\lead.doc\"", "entity_id": "{416dd0c5-ee1e-676b-be02-000000000900}", "executable": "C:\\Windows\\System32\\cmd.exe", "name": "cmd.exe", "pid": 9672}, "pe": {"imphash": "21f2b04648b4f2ec519b7967a2f890f1"}, "pid": 6088, "working_directory": "C:\\BREACH\\"}, "related": {"hash": ["018a733478611013b013dce09cd295caf049f1e1", "655d31a4e94a14f91cdb9e6293aef885", "187cce75722d9bcad2f7c179f536fe2eeccd2a8d26146a0b4781503e318463da", "21f2b04648b4f2ec519b7967a2f890f1"], "user": "client7"}, "user": {"domain": "BREACH", "name": "client7"}, "winlog": {"api": "wineventlog", "channel": "Microsoft-Windows-Sysmon/Operational", "computer_name": "CLIENT7.breach.local", "event_data": {"Company": "The Document Foundation", "Description": "LibreOffice", "FileVersion": "4.2.5.2", "IntegrityLevel": "Medium", "LogonGuid": "{416dd0c5-bdb2-676b-882c-040000000000}", "LogonId": "0x42c88", "OriginalFileName": "soffice.exe", "ParentUser": "BREACH\\client7", "Product": "LibreOffice", "RuleName": "-", "TerminalSessionId": "1"}, "event_id": 1, "opcode": "Info", "process": {"pid": 2840, "thread": {"id": 3428}}, "provider_guid": "{5770385f-c22a-43e0-bf4c-06f5698ffbd9}", "provider_name": "Microsoft-Windows-Sysmon", "record_id": 857219, "task": "Process Create (rule: ProcessCreate)", "user": {"domain": "NT AUTHORITY", "identifier": "S-1-5-18", "name": "SYSTEM", "type": "User"}, "version": 5}}
{"@timestamp": "2024-12-25T11:35:58.618Z", "agent": {"ephemeral_id": "daad58af-b5f8-4d26-a58a-aeff9b68a92f", "hostname": "CLIENT7", "id": "c35095e9-5f9f-4084-a651-3aaa2966847a", "name": "CLIENT7", "type": "winlogbeat", "version": "7.10.2"}, "ecs": {"version": "1.5.0"}, "event": {"action": "Process Create (rule: ProcessCreate)", "category": ["process"], "code": 1, "created": "2024-12-25T11:36:03.626Z", "kind": "event", "module": "sysmon", "provider": "Microsoft-Windows-Sysmon", "type": ["start", "process_start"]}, "hash": {"imphash": "99697043124b69c5f4c42ad06fa1dde9", "md5": "a8d6bfcede1920faac7fd4163f02c29d", "sha1": "dc95b8d348b2aceabadbf434cd44ce1e31581bc4", "sha256": "2f9a4d7157971bc0074f5362089b8ea725a4e501a6ee2b447bd6f3bde17fbbd3"}, "host": {"name": "CLIENT7.breach.local"}, "log": {"level": "information"}, "process": {"args": ["C:\\\\Program Files (x86)\\\\LibreOffice 4\\\\program\\\\soffice.exe", "--norestore", "C:\\Users\\client7\\Documents\\attachments\\lead.doc", "-env:OOO_CWD=2C:\\\\BREACH"], "command_line": "\"C:\\\\Program Files (x86)\\\\LibreOffice 4\\\\program\\\\soffice.exe\" \"--norestore\" \"C:\\Users\\client7\\Documents\\attachments\\lead.doc\" \"-env:OOO_CWD=2C:\\\\BREACH\"", "entity_id": "{416dd0c5-ee1e-676b-c002-000000000900}", "executable": "C:\\Program Files (x86)\\LibreOffice 4\\program\\soffice.bin", "hash": {"md5": "a8d6bfcede1920faac7fd4163f02c29d", "sha1": "dc95b8d348b2aceabadbf434cd44ce1e31581bc4", "sha256": "2f9a4d7157971bc0074f5362089b8ea725a4e501a6ee2b447bd6f3bde17fbbd3"}, "name": "soffice.bin", "parent": {"args": ["C:\\\\Program Files (x86)\\\\LibreOffice 4\\\\program\\\\soffice.exe", "--norestore", "C:\\Users\\client7\\Documents\\attachments\\lead.doc"], "command_line": "\"C:\\\\Program Files (x86)\\\\LibreOffice 4\\\\program\\\\soffice.exe\"  --norestore C:\\Users\\client7\\Documents\\attachments\\lead.doc", "entity_id": "{416dd0c5-ee1e-676b-bf02-000000000900}", "executable": "C:\\Program Files (x86)\\LibreOffice 4\\program\\soffice.exe", "name": "soffice.exe", "pid": 6088}, "pe": {"imphash": "99697043124b69c5f4c42ad06fa1dde9"}, "pid": 6644, "working_directory": "C:\\Program Files (x86)\\LibreOffice 4\\program\\"}, "related": {"hash": ["dc95b8d348b2aceabadbf434cd44ce1e31581bc4", "a8d6bfcede1920faac7fd4163f02c29d", "2f9a4d7157971bc0074f5362089b8ea725a4e501a6ee2b447bd6f3bde17fbbd3", "99697043124b69c5f4c42ad06fa1dde9"], "user": "client7"}, "user": {"domain": "BREACH", "name": "client7"}, "winlog": {"api": "wineventlog", "channel": "Microsoft-Windows-Sysmon/Operational", "computer_name": "CLIENT7.breach.local", "event_data": {"Company": "The Document Foundation", "Description": "LibreOffice", "FileVersion": "4.2.5.2", "IntegrityLevel": "Medium", "LogonGuid": "{416dd0c5-bdb2-676b-882c-040000000000}", "LogonId": "0x42c88", "OriginalFileName": "soffice.exe", "ParentUser": "BREACH\\client7", "Product": "LibreOffice", "RuleName": "-", "TerminalSessionId": "1"}, "event_id": 1, "opcode": "Info", "process": {"pid": 2840, "thread": {"id": 3428}}, "provider_guid": "{5770385f-c22a-43e0-bf4c-06f5698ffbd9}", "provider_name": "Microsoft-Windows-Sysmon", "record_id": 857234, "task": "Process Create (rule: ProcessCreate)", "user": {"domain": "NT AUTHORITY", "identifier": "S-1-5-18", "name": "SYSTEM", "type": "User"}, "version": 5}}
{"@timestamp": "2024-12-25T11:36:04.640Z", "agent": {"ephemeral_id": "daad58af-b5f8-4d26-a58a-aeff9b68a92f", "hostname": "CLIENT7", "id": "c35095e9-5f9f-4084-a651-3aaa2966847a", "name": "CLIENT7", "type": "winlogbeat", "version": "7.10.2"}, "ecs": {"version": "1.5.0"}, "event": {"action": "Process Create (rule: ProcessCreate)", "category": ["process"], "code": 1, "created": "2024-12-25T11:36:04.925Z", "kind": "event", "module": "sysmon", "provider": "Microsoft-Windows-Sysmon", "type": ["start", "process_start"]}, "hash": {"imphash": "b71cb3ac5c352bec857c940cbc95f0f3", "md5": "60ff40cfd7fb8fe41ee4fe9ae5fe1c51", "sha1": "3ea7cc066317ac45f963c2227c4c7c50aa16eb7c", "sha256": "2198a7b58bccb758036b969ddae6cc2ece07565e2659a7c541a313a0492231a3"}, "host": {"name": "CLIENT7.breach.local"}, "log": {"level": "information"}, "process": {"args": ["C:\\Windows\\system32\\wbem\\wmiprvse.exe", "-secured", "-Embedding"], "command_line": "C:\\Windows\\system32\\wbem\\wmiprvse.exe -secured -Embedding", "entity_id": "{416dd0c5-ee24-676b-c102-000000000900}", "executable": "C:\\Windows\\System32\\wbem\\WmiPrvSE.exe", "hash": {"md5": "60ff40cfd7fb8fe41ee4fe9ae5fe1c51", "sha1": "3ea7cc066317ac45f963c2227c4c7c50aa16eb7c", "sha256": "2198a7b58bccb758036b969ddae6cc2ece07565e2659a7c541a313a0492231a3"}, "name": "WmiPrvSE.exe", "parent": {"args": ["C:\\Windows\\system32\\svchost.exe", "-k", "DcomLaunch", "-p"], "command_line": "C:\\Windows\\system32\\svchost.exe -k DcomLaunch -p", "entity_id": "{416dd0c5-bdaa-676b-0f00-000000000900}", "executable": "C:\\Windows\\System32\\svchost.exe", "name": "svchost.exe", "pid": 772}, "pe": {"imphash": "b71cb3ac5c352bec857c940cbc95f0f3"}, "pid": 5576, "working_directory": "C:\\Windows\\system32\\"}, "related": {"hash": ["3ea7cc066317ac45f963c2227c4c7c50aa16eb7c", "60ff40cfd7fb8fe41ee4fe9ae5fe1c51", "2198a7b58bccb758036b969ddae6cc2ece07565e2659a7c541a313a0492231a3", "b71cb3ac5c352bec857c940cbc95f0f3"], "user": "NETWORK SERVICE"}, "user": {"domain": "NT AUTHORITY", "name": "NETWORK SERVICE"}, "winlog": {"api": "wineventlog", "channel": "Microsoft-Windows-Sysmon/Operational", "computer_name": "CLIENT7.breach.local", "event_data": {"Company": "Microsoft Corporation", "Description": "WMI Provider Host", "FileVersion": "10.0.19041.546 (WinBuild.160101.0800)", "IntegrityLevel": "System", "LogonGuid": "{416dd0c5-bdaa-676b-e403-000000000000}", "LogonId": "0x3e4", "OriginalFileName": "Wmiprvse.exe", "ParentUser": "NT AUTHORITY\\SYSTEM", "Product": "Microsoft\u00ae Windows\u00ae Operating System", "RuleName": "-", "TerminalSessionId": "0"}, "event_id": 1, "opcode": "Info", "process": {"pid": 2840, "thread": {"id": 3428}}, "provider_guid": "{5770385f-c22a-43e0-bf4c-06f5698ffbd9}", "provider_name": "Microsoft-Windows-Sysmon", "record_id": 857433, "task": "Process Create (rule: ProcessCreate)", "user": {"domain": "NT AUTHORITY", "identifier": "S-1-5-18", "name": "SYSTEM", "type": "User"}, "version": 5}}
{"@timestamp": "2024-12-25T11:36:04.970Z", "agent": {"ephemeral_id": "daad58af-b5f8-4d26-a58a-aeff9b68a92f", "hostname": "CLIENT7", "id": "c35095e9-5f9f-4084-a651-3aaa2966847a", "name": "CLIENT7", "type": "winlogbeat", "version": "7.10.2"}, "ecs": {"version": "1.5.0"}, "event": {"action": "Logon", "code": 4624, "created": "2024-12-25T11:36:06.449Z", "kind": "event", "outcome": "success", "provider": "Microsoft-Windows-Security-Auditing"}, "host": {"name": "CLIENT7.breach.local"}, "log": {"level": "information"}, "winlog": {"activity_id": "{461cc5c8-56a4-0001-5cc6-1c46a456db01}", "api": "wineventlog", "channel": "Security", "computer_name": "CLIENT7.breach.local", "event_data": {"AuthenticationPackageName": "Negotiate", "ElevatedToken": "%%1842", "ImpersonationLevel": "%%1833", "IpAddress": "-", "IpPort": "-", "KeyLength": "0", "LmPackageName": "-", "LogonGuid": "{00000000-0000-0000-0000-000000000000}", "LogonProcessName": "Advapi  ", "LogonType": "5", "ProcessId": "0x288", "ProcessName": "C:\\Windows\\System32\\services.exe", "RestrictedAdminMode": "-", "SubjectDomainName": "BREACH", "SubjectLogonId": "0x3e7", "SubjectUserName": "CLIENT7$", "SubjectUserSid": "S-1-5-18", "TargetDomainName": "NT AUTHORITY", "TargetLinkedLogonId": "0x0", "TargetLogonId": "0x3e7", "TargetOutboundDomainName": "-", "TargetOutboundUserName": "-", "TargetUserName": "SYSTEM", "TargetUserSid": "S-1-5-18", "TransmittedServices": "-", "VirtualAccount": "%%1843", "WorkstationName": "-"}, "event_id": 4624, "keywords": ["Audit Success"], "opcode": "Info", "process": {"pid": 664, "thread": {"id": 720}}, "provider_guid": "{54849625-5478-4994-a5ba-3e3b0328c30d}", "provider_name": "Microsoft-Windows-Security-Auditing", "record_id": 22501, "task": "Logon", "version": 2}}
{"@timestamp": "2024-12-25T11:36:04.970Z", "agent": {"ephemeral_id": "daad58af-b5f8-4d26-a58a-aeff9b68a92f", "hostname": "CLIENT7", "id": "c35095e9-5f9f-4084-a651-3aaa2966847a", "name": "CLIENT7", "type": "winlogbeat", "version": "7.10.2"}, "ecs": {"version": "1.5.0"}, "event": {"action": "Special Logon", "code": 4672, "created": "2024-12-25T11:36:06.449Z", "kind": "event", "outcome": "success", "provider": "Microsoft-Windows-Security-Auditing"}, "host": {"name": "CLIENT7.breach.local"}, "log": {"level": "information"}, "winlog": {"activity_id": "{461cc5c8-56a4-0001-5cc6-1c46a456db01}", "api": "wineventlog", "channel": "Security", "computer_name": "CLIENT7.breach.local", "event_data": {"PrivilegeList": "SeAssignPrimaryTokenPrivilege\n\t\t\tSeTcbPrivilege\n\t\t\tSeSecurityPrivilege\n\t\t\tSeTakeOwnershipPrivilege\n\t\t\tSeLoadDriverPrivilege\n\t\t\tSeBackupPrivilege\n\t\t\tSeRestorePrivilege\n\t\t\tSeDebugPrivilege\n\t\t\tSeAuditPrivilege\n\t\t\tSeSystemEnvironmentPrivilege\n\t\t\tSeImpersonatePrivilege\n\t\t\tSeDelegateSessionUserImpersonatePrivilege", "SubjectDomainName": "NT AUTHORITY", "SubjectLogonId": "0x3e7", "SubjectUserName": "SYSTEM", "SubjectUserSid": "S-1-5-18"}, "event_id": 4672, "keywords": ["Audit Success"], "opcode": "Info", "process": {"pid": 664, "thread": {"id": 720}}, "provider_guid": "{54849625-5478-4994-a5ba-3e3b0328c30d}", "provider_name": "Microsoft-Windows-Security-Auditing", "record_id": 22502, "task": "Special Logon"}}
{"@timestamp": "2024-12-25T11:36:04.972Z", "agent": {"ephemeral_id": "daad58af-b5f8-4d26-a58a-aeff9b68a92f", "hostname": "CLIENT7", "id": "c35095e9-5f9f-4084-a651-3aaa2966847a", "name": "CLIENT7", "type": "winlogbeat", "version": "7.10.2"}, "ecs": {"version": "1.5.0"}, "event": {"action": "Process Create (rule: ProcessCreate)", "category": ["process"], "code": 1, "created": "2024-12-25T11:36:06.040Z", "kind": "event", "module": "sysmon", "provider": "Microsoft-Windows-Sysmon", "type": ["start", "process_start"]}, "hash": {"imphash": "1ca0a5ee71e2b495ece51259d42424d1", "md5": "00c358b55509eaae79292d8e61fc317e", "sha1": "642c216e51f8999629deba18dab857efa2b892ec", "sha256": "3759ab1b549f440d6769f9bddf38a5562b0ab938b93a1cd172befaf133963ede"}, "host": {"name": "CLIENT7.breach.local"}, "log": {"level": "information"}, "process": {"args": ["C:\\Windows\\servicing\\TrustedInstaller.exe"], "command_line": "C:\\Windows\\servicing\\TrustedInstaller.exe", "entity_id": "{416dd0c5-ee24-676b-c202-000000000900}", "executable": "C:\\Windows\\servicing\\TrustedInstaller.exe", "hash": {"md5": "00c358b55509eaae79292d8e61fc317e", "sha1": "642c216e51f8999629deba18dab857efa2b892ec", "sha256": "3759ab1b549f440d6769f9bddf38a5562b0ab938b93a1cd172befaf133963ede"}, "name": "TrustedInstaller.exe", "parent": {"args": ["C:\\Windows\\system32\\services.exe"], "command_line": "C:\\Windows\\system32\\services.exe", "entity_id": "{416dd0c5-bdaa-676b-0b00-000000000900}", "executable": "C:\\Windows\\System32\\services.exe", "name": "services.exe", "pid": 648}, "pe": {"imphash": "1ca0a5ee71e2b495ece51259d42424d1"}, "pid": 10136, "working_directory": "C:\\Windows\\system32\\"}, "related": {"hash": ["642c216e51f8999629deba18dab857efa2b892ec", "00c358b55509eaae79292d8e61fc317e", "3759ab1b549f440d6769f9bddf38a5562b0ab938b93a1cd172befaf133963ede", "1ca0a5ee71e2b495ece51259d42424d1"], "user": "SYSTEM"}, "user": {"domain": "NT AUTHORITY", "name": "SYSTEM"}, "winlog": {"api": "wineventlog", "channel": "Microsoft-Windows-Sysmon/Operational", "computer_name": "CLIENT7.breach.local", "event_data": {"Company": "Microsoft Corporation", "Description": "Windows Modules Installer", "FileVersion": "10.0.19041.789 (WinBuild.160101.0800)", "IntegrityLevel": "System", "LogonGuid": "{416dd0c5-bdaa-676b-e703-000000000000}", "LogonId": "0x3e7", "OriginalFileName": "TrustedInstaller.exe", "ParentUser": "NT AUTHORITY\\SYSTEM", "Product": "Microsoft\u00ae Windows\u00ae Operating System", "RuleName": "-", "TerminalSessionId": "0"}, "event_id": 1, "opcode": "Info", "process": {"pid": 2840, "thread": {"id": 3428}}, "provider_guid": "{5770385f-c22a-43e0-bf4c-06f5698ffbd9}", "provider_name": "Microsoft-Windows-Sysmon", "record_id": 857474, "task": "Process Create (rule: ProcessCreate)", "user": {"domain": "NT AUTHORITY", "identifier": "S-1-5-18", "name": "SYSTEM", "type": "User"}, "version": 5}}
{"@timestamp": "2024-12-25T11:36:05.042Z", "agent": {"ephemeral_id": "daad58af-b5f8-4d26-a58a-aeff9b68a92f", "hostname": "CLIENT7", "id": "c35095e9-5f9f-4084-a651-3aaa2966847a", "name": "CLIENT7", "type": "winlogbeat", "version": "7.10.2"}, "ecs": {"version": "1.5.0"}, "event": {"action": "Process Create (rule: ProcessCreate)", "category": ["process"], "code": 1, "created": "2024-12-25T11:36:06.044Z", "kind": "event", "module": "sysmon", "provider": "Microsoft-Windows-Sysmon", "type": ["start", "process_start"]}, "hash": {"imphash": "7f8a93c920350be0fb69b884a1c86d70", "md5": "cdfdf370fc90335b1a361d11ffde2f66", "sha1": "d912efb63512d656f167b2e34d5f4c2654293647", "sha256": "b1fc0b8cc5fd877d257d4bf778ca645c3a7ac0f1225e195a1d60db40d360de64"}, "host": {"name": "CLIENT7.breach.local"}, "log": {"level": "information"}, "process": {"args": ["C:\\Windows\\winsxs\\amd64_microsoft-windows-servicingstack_31bf3856ad364e35_10.0.19041.925_none_e76d4f6f260a683e\\TiWorker.exe", "-Embedding"], "command_line": "C:\\Windows\\winsxs\\amd64_microsoft-windows-servicingstack_31bf3856ad364e35_10.0.19041.925_none_e76d4f6f260a683e\\TiWorker.exe -Embedding", "entity_id": "{416dd0c5-ee25-676b-c302-000000000900}", "executable": "C:\\Windows\\WinSxS\\amd64_microsoft-windows-servicingstack_31bf3856ad364e35_10.0.19041.925_none_e76d4f6f260a683e\\TiWorker.exe", "hash": {"md5": "cdfdf370fc90335b1a361d11ffde2f66", "sha1": "d912efb63512d656f167b2e34d5f4c2654293647", "sha256": "b1fc0b8cc5fd877d257d4bf778ca645c3a7ac0f1225e195a1d60db40d360de64"}, "name": "TiWorker.exe", "parent": {"args": ["C:\\Windows\\system32\\svchost.exe", "-k", "DcomLaunch", "-p"], "command_line": "C:\\Windows\\system32\\svchost.exe -k DcomLaunch -p", "entity_id": "{416dd0c5-bdaa-676b-0f00-000000000900}", "executable": "C:\\Windows\\System32\\svchost.exe", "name": "svchost.exe", "pid": 772}, "pe": {"imphash": "7f8a93c920350be0fb69b884a1c86d70"}, "pid": 9700, "working_directory": "C:\\Windows\\system32\\"}, "related": {"hash": ["d912efb63512d656f167b2e34d5f4c2654293647", "cdfdf370fc90335b1a361d11ffde2f66", "b1fc0b8cc5fd877d257d4bf778ca645c3a7ac0f1225e195a1d60db40d360de64", "7f8a93c920350be0fb69b884a1c86d70"], "user": "SYSTEM"}, "user": {"domain": "NT AUTHORITY", "name": "SYSTEM"}, "winlog": {"api": "wineventlog", "channel": "Microsoft-Windows-Sysmon/Operational", "computer_name": "CLIENT7.breach.local", "event_data": {"Company": "Microsoft Corporation", "Description": "Windows Modules Installer Worker", "FileVersion": "10.0.19041.925 (WinBuild.160101.0800)", "IntegrityLevel": "System", "LogonGuid": "{416dd0c5-bdaa-676b-e703-000000000000}", "LogonId": "0x3e7", "OriginalFileName": "TiWorker.exe", "ParentUser": "NT AUTHORITY\\SYSTEM", "Product": "Microsoft\u00ae Windows\u00ae Operating System", "RuleName": "-", "TerminalSessionId": "0"}, "event_id": 1, "opcode": "Info", "process": {"pid": 2840, "thread": {"id": 3428}}, "provider_guid": "{5770385f-c22a-43e0-bf4c-06f5698ffbd9}", "provider_name": "Microsoft-Windows-Sysmon", "record_id": 857503, "task": "Process Create (rule: ProcessCreate)", "user": {"domain": "NT AUTHORITY", "identifier": "S-1-5-18", "name": "SYSTEM", "type": "User"}, "version": 5}}
{"@timestamp": "2024-12-25T11:36:06.393Z", "agent": {"ephemeral_id": "daad58af-b5f8-4d26-a58a-aeff9b68a92f", "hostname": "CLIENT7", "id": "c35095e9-5f9f-4084-a651-3aaa2966847a", "name": "CLIENT7", "type": "winlogbeat", "version": "7.10.2"}, "ecs": {"version": "1.5.0"}, "event": {"action": "Process Create (rule: ProcessCreate)", "category": ["process"], "code": 1, "created": "2024-12-25T11:36:08.682Z", "kind": "event", "module": "sysmon", "provider": "Microsoft-Windows-Sysmon", "type": ["start", "process_start"]}, "hash": {"imphash": "3c2fc59273192a34f1aa4a59df3b348e", "md5": "922f7003fca657359db03cc02941124d", "sha1": "27fae46e4e377467f2d5f9e37a5a8cb19b39b9ec", "sha256": "5da31132fd6a415e71e3fd40c3a23853a799b91ea2821d2bcbf1bf0e8fa01e16"}, "host": {"name": "CLIENT7.breach.local"}, "log": {"level": "information"}, "process": {"args": ["C:\\Python37\\python.exe", "-c", "from multiprocessing.spawn import spawn_main; spawn_main(parent_pid=7012, pipe_handle=1856)", "--multiprocessing-fork"], "command_line": "\"C:\\Python37\\python.exe\" \"-c\" \"from multiprocessing.spawn import spawn_main; spawn_main(parent_pid=7012, pipe_handle=1856)\" \"--multiprocessing-fork\"", "entity_id": "{416dd0c5-ee26-676b-c402-000000000900}", "executable": "C:\\Python37\\python.exe", "hash": {"md5": "922f7003fca657359db03cc02941124d", "sha1": "27fae46e4e377467f2d5f9e37a5a8cb19b39b9ec", "sha256": "5da31132fd6a415e71e3fd40c3a23853a799b91ea2821d2bcbf1bf0e8fa01e16"}, "name": "python.exe", "parent": {"args": ["C:\\Python37\\python.exe", "C:\\BREACH\\userbehavior\\main.py"], "command_line": "C:\\Python37\\python.exe \"C:\\BREACH\\userbehavior\\main.py\" ", "entity_id": "{416dd0c5-bdd1-676b-9800-000000000900}", "executable": "C:\\Python37\\python.exe", "name": "python.exe", "pid": 7012}, "pe": {"imphash": "3c2fc59273192a34f1aa4a59df3b348e"}, "pid": 9628, "working_directory": "C:\\BREACH\\"}, "related": {"hash": ["27fae46e4e377467f2d5f9e37a5a8cb19b39b9ec", "922f7003fca657359db03cc02941124d", "5da31132fd6a415e71e3fd40c3a23853a799b91ea2821d2bcbf1bf0e8fa01e16", "3c2fc59273192a34f1aa4a59df3b348e"], "user": "client7"}, "user": {"domain": "BREACH", "name": "client7"}, "winlog": {"api": "wineventlog", "channel": "Microsoft-Windows-Sysmon/Operational", "computer_name": "CLIENT7.breach.local", "event_data": {"Company": "Python Software Foundation", "Description": "Python", "FileVersion": "3.7.3", "IntegrityLevel": "Medium", "LogonGuid": "{416dd0c5-bdb2-676b-882c-040000000000}", "LogonId": "0x42c88", "OriginalFileName": "python.exe", "ParentUser": "BREACH\\client7", "Product": "Python", "RuleName": "-", "TerminalSessionId": "1"}, "event_id": 1, "opcode": "Info", "process": {"pid": 2840, "thread": {"id": 3428}}, "provider_guid": "{5770385f-c22a-43e0-bf4c-06f5698ffbd9}", "provider_name": "Microsoft-Windows-Sysmon", "record_id": 857557, "task": "Process Create (rule: ProcessCreate)", "user": {"domain": "NT AUTHORITY", "identifier": "S-1-5-18", "name": "SYSTEM", "type": "User"}, "version": 5}}
{"@timestamp": "2024-12-25T11:36:16.665Z", "agent": {"ephemeral_id": "daad58af-b5f8-4d26-a58a-aeff9b68a92f", "hostname": "CLIENT7", "id": "c35095e9-5f9f-4084-a651-3aaa2966847a", "name": "CLIENT7", "type": "winlogbeat", "version": "7.10.2"}, "ecs": {"version": "1.5.0"}, "event": {"action": "Process Create (rule: ProcessCreate)", "category": ["process"], "code": 1, "created": "2024-12-25T11:36:17.361Z", "kind": "event", "module": "sysmon", "provider": "Microsoft-Windows-Sysmon", "type": ["start", "process_start"]}, "hash": {"imphash": "b71cb3ac5c352bec857c940cbc95f0f3", "md5": "60ff40cfd7fb8fe41ee4fe9ae5fe1c51", "sha1": "3ea7cc066317ac45f963c2227c4c7c50aa16eb7c", "sha256": "2198a7b58bccb758036b969ddae6cc2ece07565e2659a7c541a313a0492231a3"}, "host": {"name": "CLIENT7.breach.local"}, "log": {"level": "information"}, "process": {"args": ["C:\\Windows\\system32\\wbem\\wmiprvse.exe", "-Embedding"], "command_line": "C:\\Windows\\system32\\wbem\\wmiprvse.exe -Embedding", "entity_id": "{416dd0c5-ee30-676b-c502-000000000900}", "executable": "C:\\Windows\\System32\\wbem\\WmiPrvSE.exe", "hash": {"md5": "60ff40cfd7fb8fe41ee4fe9ae5fe1c51", "sha1": "3ea7cc066317ac45f963c2227c4c7c50aa16eb7c", "sha256": "2198a7b58bccb758036b969ddae6cc2ece07565e2659a7c541a313a0492231a3"}, "name": "WmiPrvSE.exe", "parent": {"args": ["C:\\Windows\\system32\\svchost.exe", "-k", "DcomLaunch", "-p"], "command_line": "C:\\Windows\\system32\\svchost.exe -k DcomLaunch -p", "entity_id": "{416dd0c5-bdaa-676b-0f00-000000000900}", "executable": "C:\\Windows\\System32\\svchost.exe", "name": "svchost.exe", "pid": 772}, "pe": {"imphash": "b71cb3ac5c352bec857c940cbc95f0f3"}, "pid": 4948, "working_directory": "C:\\Windows\\system32\\"}, "related": {"hash": ["3ea7cc066317ac45f963c2227c4c7c50aa16eb7c", "60ff40cfd7fb8fe41ee4fe9ae5fe1c51", "2198a7b58bccb758036b969ddae6cc2ece07565e2659a7c541a313a0492231a3", "b71cb3ac5c352bec857c940cbc95f0f3"], "user": "SYSTEM"}, "user": {"domain": "NT AUTHORITY", "name": "SYSTEM"}, "winlog": {"api": "wineventlog", "channel": "Microsoft-Windows-Sysmon/Operational", "computer_name": "CLIENT7.breach.local", "event_data": {"Company": "Microsoft Corporation", "Description": "WMI Provider Host", "FileVersion": "10.0.19041.546 (WinBuild.160101.0800)", "IntegrityLevel": "System", "LogonGuid": "{416dd0c5-bdaa-676b-e703-000000000000}", "LogonId": "0x3e7", "OriginalFileName": "Wmiprvse.exe", "ParentUser": "NT AUTHORITY\\SYSTEM", "Product": "Microsoft\u00ae Windows\u00ae Operating System", "RuleName": "-", "TerminalSessionId": "0"}, "event_id": 1, "opcode": "Info", "process": {"pid": 2840, "thread": {"id": 3428}}, "provider_guid": "{5770385f-c22a-43e0-bf4c-06f5698ffbd9}", "provider_name": "Microsoft-Windows-Sysmon", "record_id": 857880, "task": "Process Create (rule: ProcessCreate)", "user": {"domain": "NT AUTHORITY", "identifier": "S-1-5-18", "name": "SYSTEM", "type": "User"}, "version": 5}}
{"@timestamp": "2024-12-25T11:36:16.864Z", "agent": {"ephemeral_id": "daad58af-b5f8-4d26-a58a-aeff9b68a92f", "hostname": "CLIENT7", "id": "c35095e9-5f9f-4084-a651-3aaa2966847a", "name": "CLIENT7", "type": "winlogbeat", "version": "7.10.2"}, "ecs": {"version": "1.5.0"}, "event": {"action": "Logon", "code": 4624, "created": "2024-12-25T11:36:18.589Z", "kind": "event", "outcome": "success", "provider": "Microsoft-Windows-Security-Auditing"}, "host": {"name": "CLIENT7.breach.local"}, "log": {"level": "information"}, "winlog": {"activity_id": "{461cc5c8-56a4-0001-5cc6-1c46a456db01}", "api": "wineventlog", "channel": "Security", "computer_name": "CLIENT7.breach.local", "event_data": {"AuthenticationPackageName": "Negotiate", "ElevatedToken": "%%1842", "ImpersonationLevel": "%%1833", "IpAddress": "-", "IpPort": "-", "KeyLength": "0", "LmPackageName": "-", "LogonGuid": "{00000000-0000-0000-0000-000000000000}", "LogonProcessName": "Advapi  ", "LogonType": "5", "ProcessId": "0x288", "ProcessName": "C:\\Windows\\System32\\services.exe", "RestrictedAdminMode": "-", "SubjectDomainName": "BREACH", "SubjectLogonId": "0x3e7", "SubjectUserName": "CLIENT7$", "SubjectUserSid": "S-1-5-18", "TargetDomainName": "NT AUTHORITY", "TargetLinkedLogonId": "0x0", "TargetLogonId": "0x3e7", "TargetOutboundDomainName": "-", "TargetOutboundUserName": "-", "TargetUserName": "SYSTEM", "TargetUserSid": "S-1-5-18", "TransmittedServices": "-", "VirtualAccount": "%%1843", "WorkstationName": "-"}, "event_id": 4624, "keywords": ["Audit Success"], "opcode": "Info", "process": {"pid": 664, "thread": {"id": 720}}, "provider_guid": "{54849625-5478-4994-a5ba-3e3b0328c30d}", "provider_name": "Microsoft-Windows-Security-Auditing", "record_id": 22503, "task": "Logon", "version": 2}}
