{"@timestamp": "2024-12-25T11:02:19.249Z", "agent": {"ephemeral_id": "4d435ba8-31a0-41c4-8175-5ef02120cf03", "hostname": "CLIENT9", "id": "c35095e9-5f9f-4084-a651-3aaa2966847a", "name": "CLIENT9", "type": "winlogbeat", "version": "7.10.2"}, "ecs": {"version": "1.5.0"}, "event": {"action": "Process Create (rule: ProcessCreate)", "category": ["process"], "code": 1, "created": "2024-12-25T11:08:16.129Z", "kind": "event", "module": "sysmon", "provider": "Microsoft-Windows-Sysmon", "type": ["start", "process_start"]}, "hash": {"imphash": "3c2fc59273192a34f1aa4a59df3b348e", "md5": "922f7003fca657359db03cc02941124d", "sha1": "27fae46e4e377467f2d5f9e37a5a8cb19b39b9ec", "sha256": "5da31132fd6a415e71e3fd40c3a23853a799b91ea2821d2bcbf1bf0e8fa01e16"}, "host": {"name": "CLIENT9.breach.local"}, "log": {"level": "information"}, "process": {"args": ["C:\\Python37\\python.exe", "-c", "from multiprocessing.spawn import spawn_main; spawn_main(parent_pid=7092, pipe_handle=1844)", "--multiprocessing-fork"], "command_line": "\"C:\\Python37\\python.exe\" \"-c\" \"from multiprocessing.spawn import spawn_main; spawn_main(parent_pid=7092, pipe_handle=1844)\" \"--multiprocessing-fork\"", "entity_id": "{416dd0c5-e63b-676b-1002-000000000900}", "executable": "C:\\Python37\\python.exe", "hash": {"md5": "922f7003fca657359db03cc02941124d", "sha1": "27fae46e4e377467f2d5f9e37a5a8cb19b39b9ec", "sha256": "5da31132fd6a415e71e3fd40c3a23853a799b91ea2821d2bcbf1bf0e8fa01e16"}, "name": "python.exe", "parent": {"args": ["C:\\Python37\\python.exe", "C:\\BREACH\\userbehavior\\main.py"], "command_line": "C:\\Python37\\python.exe \"C:\\BREACH\\userbehavior\\main.py\" ", "entity_id": "{416dd0c5-bc51-676b-9b00-000000000900}", "executable": "C:\\Python37\\python.exe", "name": "python.exe", "pid": 7092}, "pe": {"imphash": "3c2fc59273192a34f1aa4a59df3b348e"}, "pid": 5764, "working_directory": "C:\\BREACH\\"}, "related": {"hash": ["27fae46e4e377467f2d5f9e37a5a8cb19b39b9ec", "922f7003fca657359db03cc02941124d", "5da31132fd6a415e71e3fd40c3a23853a799b91ea2821d2bcbf1bf0e8fa01e16", "3c2fc59273192a34f1aa4a59df3b348e"], "user": "client9"}, "user": {"domain": "BREACH", "name": "client9"}, "winlog": {"api": "wineventlog", "channel": "Microsoft-Windows-Sysmon/Operational", "computer_name": "CLIENT9.breach.local", "event_data": {"Company": "Python Software Foundation", "Description": "Python", "FileVersion": "3.7.3", "IntegrityLevel": "Medium", "LogonGuid": "{416dd0c5-bc33-676b-93b3-040000000000}", "LogonId": "0x4b393", "OriginalFileName": "python.exe", "ParentUser": "BREACH\\client9", "Product": "Python", "RuleName": "-", "TerminalSessionId": "1"}, "event_id": 1, "opcode": "Info", "process": {"pid": 2824, "thread": {"id": 3260}}, "provider_guid": "{5770385f-c22a-43e0-bf4c-06f5698ffbd9}", "provider_name": "Microsoft-Windows-Sysmon", "record_id": 766909, "task": "Process Create (rule: ProcessCreate)", "user": {"domain": "NT AUTHORITY", "identifier": "S-1-5-18", "name": "SYSTEM", "type": "User"}, "version": 5}}
{"@timestamp": "2024-12-25T11:02:42.929Z", "agent": {"ephemeral_id": "4d435ba8-31a0-41c4-8175-5ef02120cf03", "hostname": "CLIENT9", "id": "c35095e9-5f9f-4084-a651-3aaa2966847a", "name": "CLIENT9", "type": "winlogbeat", "version": "7.10.2"}, "ecs": {"version": "1.5.0"}, "event": {"action": "Process Create (rule: ProcessCreate)", "category": ["process"], "code": 1, "created": "2024-12-25T11:08:29.552Z", "kind": "event", "module": "sysmon", "provider": "Microsoft-Windows-Sysmon", "type": ["start", "process_start"]}, "hash": {"imphash": "c2d1a2c9ffea6ddbc11de8e37cf589d3", "md5": "04bb6b900a1d0a5728a2e54e6d4c2463", "sha1": "f190f0fb87dd8e770e113600990f685d81afd716", "sha256": "2fd3c63bb29449132b01cd2f04a6f1053d15fd1e6c3dd34e77a7f70dc9d8e685"}, "host": {"name": "CLIENT9.breach.local"}, "log": {"level": "information"}, "process": {"args": ["C:\\Windows\\System32\\dsregcmd.exe", "$(Arg0)", "$(Arg1)", "$(Arg2)"], "command_line": "C:\\Windows\\System32\\dsregcmd.exe $(Arg0) $(Arg1) $(Arg2)", "entity_id": "{416dd0c5-e652-676b-1102-000000000900}", "executable": "C:\\Windows\\System32\\dsregcmd.exe", "hash": {"md5": "04bb6b900a1d0a5728a2e54e6d4c2463", "sha1": "f190f0fb87dd8e770e113600990f685d81afd716", "sha256": "2fd3c63bb29449132b01cd2f04a6f1053d15fd1e6c3dd34e77a7f70dc9d8e685"}, "name": "dsregcmd.exe", "parent": {"args": ["C:\\Windows\\system32\\svchost.exe", "-k", "netsvcs", "-p", "-s", "Schedule"], "command_line": "C:\\Windows\\system32\\svchost.exe -k netsvcs -p -s Schedule", "entity_id": "{416dd0c5-bc2c-676b-1d00-000000000900}", "executable": "C:\\Windows\\System32\\svchost.exe", "name": "svchost.exe", "pid": 1272}, "pe": {"imphash": "c2d1a2c9ffea6ddbc11de8e37cf589d3"}, "pid": 8548, "working_directory": "C:\\Windows\\system32\\"}, "related": {"hash": ["f190f0fb87dd8e770e113600990f685d81afd716", "04bb6b900a1d0a5728a2e54e6d4c2463", "2fd3c63bb29449132b01cd2f04a6f1053d15fd1e6c3dd34e77a7f70dc9d8e685", "c2d1a2c9ffea6ddbc11de8e37cf589d3"], "user": "SYSTEM"}, "user": {"domain": "NT AUTHORITY", "name": "SYSTEM"}, "winlog": {"api": "wineventlog", "channel": "Microsoft-Windows-Sysmon/Operational", "computer_name": "CLIENT9.breach.local", "event_data": {"Company": "Microsoft Corporation", "Description": "DSREG commandline tool", "FileVersion": "10.0.19041.906 (WinBuild.160101.0800)", "IntegrityLevel": "System", "LogonGuid": "{416dd0c5-bc2b-676b-e703-000000000000}", "LogonId": "0x3e7", "OriginalFileName": "dsregcmd.exe", "ParentUser": "NT AUTHORITY\\SYSTEM", "Product": "Microsoft\u00ae Windows\u00ae Operating System", "RuleName": "-", "TerminalSessionId": "0"}, "event_id": 1, "opcode": "Info", "process": {"pid": 2824, "thread": {"id": 3260}}, "provider_guid": "{5770385f-c22a-43e0-bf4c-06f5698ffbd9}", "provider_name": "Microsoft-Windows-Sysmon", "record_id": 767052, "task": "Process Create (rule: ProcessCreate)", "user": {"domain": "NT AUTHORITY", "identifier": "S-1-5-18", "name": "SYSTEM", "type": "User"}, "version": 5}}
{"@timestamp": "2024-12-25T11:02:43.555Z", "agent": {"ephemeral_id": "4d435ba8-31a0-41c4-8175-5ef02120cf03", "hostname": "CLIENT9", "id": "c35095e9-5f9f-4084-a651-3aaa2966847a", "name": "CLIENT9", "type": "winlogbeat", "version": "7.10.2"}, "ecs": {"version": "1.5.0"}, "event": {"action": "Logon", "code": 4624, "created": "2024-12-25T11:02:45.767Z", "kind": "event", "outcome": "success", "provider": "Microsoft-Windows-Security-Auditing"}, "host": {"name": "CLIENT9.breach.local"}, "log": {"level": "information"}, "winlog": {"activity_id": "{62700555-56a3-0001-c105-7062a356db01}", "api": "wineventlog", "channel": "Security", "computer_name": "CLIENT9.breach.local", "event_data": {"AuthenticationPackageName": "Negotiate", "ElevatedToken": "%%1842", "ImpersonationLevel": "%%1833", "IpAddress": "-", "IpPort": "-", "KeyLength": "0", "LmPackageName": "-", "LogonGuid": "{00000000-0000-0000-0000-000000000000}", "LogonProcessName": "Advapi  ", "LogonType": "5", "ProcessId": "0x258", "ProcessName": "C:\\Windows\\System32\\services.exe", "RestrictedAdminMode": "-", "SubjectDomainName": "BREACH", "SubjectLogonId": "0x3e7", "SubjectUserName": "CLIENT9$", "SubjectUserSid": "S-1-5-18", "TargetDomainName": "NT AUTHORITY", "TargetLinkedLogonId": "0x0", "TargetLogonId": "0x3e7", "TargetOutboundDomainName": "-", "TargetOutboundUserName": "-", "TargetUserName": "SYSTEM", "TargetUserSid": "S-1-5-18", "TransmittedServices": "-", "VirtualAccount": "%%1843", "WorkstationName": "-"}, "event_id": 4624, "keywords": ["Audit Success"], "opcode": "Info", "process": {"pid": 632, "thread": {"id": 688}}, "provider_guid": "{54849625-5478-4994-a5ba-3e3b0328c30d}", "provider_name": "Microsoft-Windows-Security-Auditing", "record_id": 21284, "task": "Logon", "version": 2}}
{"@timestamp": "2024-12-25T11:02:43.555Z", "agent": {"ephemeral_id": "4d435ba8-31a0-41c4-8175-5ef02120cf03", "hostname": "CLIENT9", "id": "c35095e9-5f9f-4084-a651-3aaa2966847a", "name": "CLIENT9", "type": "winlogbeat", "version": "7.10.2"}, "ecs": {"version": "1.5.0"}, "event": {"action": "Special Logon", "code": 4672, "created": "2024-12-25T11:02:45.767Z", "kind": "event", "outcome": "success", "provider": "Microsoft-Windows-Security-Auditing"}, "host": {"name": "CLIENT9.breach.local"}, "log": {"level": "information"}, "winlog": {"activity_id": "{62700555-56a3-0001-c105-7062a356db01}", "api": "wineventlog", "channel": "Security", "computer_name": "CLIENT9.breach.local", "event_data": {"PrivilegeList": "SeAssignPrimaryTokenPrivilege\n\t\t\tSeTcbPrivilege\n\t\t\tSeSecurityPrivilege\n\t\t\tSeTakeOwnershipPrivilege\n\t\t\tSeLoadDriverPrivilege\n\t\t\tSeBackupPrivilege\n\t\t\tSeRestorePrivilege\n\t\t\tSeDebugPrivilege\n\t\t\tSeAuditPrivilege\n\t\t\tSeSystemEnvironmentPrivilege\n\t\t\tSeImpersonatePrivilege\n\t\t\tSeDelegateSessionUserImpersonatePrivilege", "SubjectDomainName": "NT AUTHORITY", "SubjectLogonId": "0x3e7", "SubjectUserName": "SYSTEM", "SubjectUserSid": "S-1-5-18"}, "event_id": 4672, "keywords": ["Audit Success"], "opcode": "Info", "process": {"pid": 632, "thread": {"id": 688}}, "provider_guid": "{54849625-5478-4994-a5ba-3e3b0328c30d}", "provider_name": "Microsoft-Windows-Security-Auditing", "record_id": 21285, "task": "Special Logon"}}
{"@timestamp": "2024-12-25T11:02:43.556Z", "agent": {"ephemeral_id": "4d435ba8-31a0-41c4-8175-5ef02120cf03", "hostname": "CLIENT9", "id": "c35095e9-5f9f-4084-a651-3aaa2966847a", "name": "CLIENT9", "type": "winlogbeat", "version": "7.10.2"}, "ecs": {"version": "1.5.0"}, "event": {"action": "Process Create (rule: ProcessCreate)", "category": ["process"], "code": 1, "created": "2024-12-25T11:08:29.552Z", "kind": "event", "module": "sysmon", "provider": "Microsoft-Windows-Sysmon", "type": ["start", "process_start"]}, "hash": {"imphash": "f9bbd96fae53b7a31264a703cafa0666", "md5": "f586835082f632dc8d9404d83bc16316", "sha1": "010db07461e45b41c886192df6fd425ba8d42d82", "sha256": "643ec58e82e0272c97c2a59f6020970d881af19c0ad5029db9c958c13b6558c7"}, "host": {"name": "CLIENT9.breach.local"}, "log": {"level": "information"}, "process": {"args": ["C:\\Windows\\system32\\svchost.exe", "-k", "appmodel", "-p", "-s", "camsvc"], "command_line": "C:\\Windows\\system32\\svchost.exe -k appmodel -p -s camsvc", "entity_id": "{416dd0c5-e653-676b-1202-000000000900}", "executable": "C:\\Windows\\System32\\svchost.exe", "hash": {"md5": "f586835082f632dc8d9404d83bc16316", "sha1": "010db07461e45b41c886192df6fd425ba8d42d82", "sha256": "643ec58e82e0272c97c2a59f6020970d881af19c0ad5029db9c958c13b6558c7"}, "name": "svchost.exe", "parent": {"args": ["C:\\Windows\\system32\\services.exe"], "command_line": "C:\\Windows\\system32\\services.exe", "entity_id": "{416dd0c5-bc2b-676b-0b00-000000000900}", "executable": "C:\\Windows\\System32\\services.exe", "name": "services.exe", "pid": 600}, "pe": {"imphash": "f9bbd96fae53b7a31264a703cafa0666"}, "pid": 4396, "working_directory": "C:\\Windows\\system32\\"}, "related": {"hash": ["010db07461e45b41c886192df6fd425ba8d42d82", "f586835082f632dc8d9404d83bc16316", "643ec58e82e0272c97c2a59f6020970d881af19c0ad5029db9c958c13b6558c7", "f9bbd96fae53b7a31264a703cafa0666"], "user": "SYSTEM"}, "user": {"domain": "NT AUTHORITY", "name": "SYSTEM"}, "winlog": {"api": "wineventlog", "channel": "Microsoft-Windows-Sysmon/Operational", "computer_name": "CLIENT9.breach.local", "event_data": {"Company": "Microsoft Corporation", "Description": "Host Process for Windows Services", "FileVersion": "10.0.19041.546 (WinBuild.160101.0800)", "IntegrityLevel": "System", "LogonGuid": "{416dd0c5-bc2b-676b-e703-000000000000}", "LogonId": "0x3e7", "OriginalFileName": "svchost.exe", "ParentUser": "NT AUTHORITY\\SYSTEM", "Product": "Microsoft\u00ae Windows\u00ae Operating System", "RuleName": "-", "TerminalSessionId": "0"}, "event_id": 1, "opcode": "Info", "process": {"pid": 2824, "thread": {"id": 3260}}, "provider_guid": "{5770385f-c22a-43e0-bf4c-06f5698ffbd9}", "provider_name": "Microsoft-Windows-Sysmon", "record_id": 767058, "task": "Process Create (rule: ProcessCreate)", "user": {"domain": "NT AUTHORITY", "identifier": "S-1-5-18", "name": "SYSTEM", "type": "User"}, "version": 5}}
{"@timestamp": "2024-12-25T11:02:47.758Z", "agent": {"ephemeral_id": "4d435ba8-31a0-41c4-8175-5ef02120cf03", "hostname": "CLIENT9", "id": "c35095e9-5f9f-4084-a651-3aaa2966847a", "name": "CLIENT9", "type": "winlogbeat", "version": "7.10.2"}, "ecs": {"version": "1.5.0"}, "event": {"action": "Process Create (rule: ProcessCreate)", "category": ["process"], "code": 1, "created": "2024-12-25T11:08:42.476Z", "kind": "event", "module": "sysmon", "provider": "Microsoft-Windows-Sysmon", "type": ["start", "process_start"]}, "hash": {"imphash": "affe8c3be3bbe4f0ac2ef124256f372d", "md5": "ce1a079265e7a92863baad92de538d72", "sha1": "9d48d4b78cbbfb22c9ee9070f713b35cd2a6a6eb", "sha256": "16c7a815a4a313d2c79816b3839376cc4d732dc0b136ee246ac77ffed543a3c4"}, "host": {"name": "CLIENT9.breach.local"}, "log": {"level": "information"}, "process": {"args": ["\\??\\C:\\Windows\\system32\\conhost.exe", "0xffffffff", "-ForceV1"], "command_line": "\\??\\C:\\Windows\\system32\\conhost.exe 0xffffffff -ForceV1", "entity_id": "{416dd0c5-e657-676b-1302-000000000900}", "executable": "C:\\Windows\\System32\\conhost.exe", "hash": {"md5": "ce1a079265e7a92863baad92de538d72", "sha1": "9d48d4b78cbbfb22c9ee9070f713b35cd2a6a6eb", "sha256": "16c7a815a4a313d2c79816b3839376cc4d732dc0b136ee246ac77ffed543a3c4"}, "name": "conhost.exe", "parent": {"args": ["C:\\Windows\\System32\\dsregcmd.exe", "$(Arg0)", "$(Arg1)", "$(Arg2)"], "command_line": "C:\\Windows\\System32\\dsregcmd.exe $(Arg0) $(Arg1) $(Arg2)", "entity_id": "{416dd0c5-e652-676b-1102-000000000900}", "executable": "C:\\Windows\\System32\\dsregcmd.exe", "name": "dsregcmd.exe", "pid": 8548}, "pe": {"imphash": "affe8c3be3bbe4f0ac2ef124256f372d"}, "pid": 2952, "working_directory": "C:\\Windows"}, "related": {"hash": ["9d48d4b78cbbfb22c9ee9070f713b35cd2a6a6eb", "ce1a079265e7a92863baad92de538d72", "16c7a815a4a313d2c79816b3839376cc4d732dc0b136ee246ac77ffed543a3c4", "affe8c3be3bbe4f0ac2ef124256f372d"], "user": "SYSTEM"}, "user": {"domain": "NT AUTHORITY", "name": "SYSTEM"}, "winlog": {"api": "wineventlog", "channel": "Microsoft-Windows-Sysmon/Operational", "computer_name": "CLIENT9.breach.local", "event_data": {"Company": "Microsoft Corporation", "Description": "Console Window Host", "FileVersion": "10.0.19041.746 (WinBuild.160101.0800)", "IntegrityLevel": "System", "LogonGuid": "{416dd0c5-bc2b-676b-e703-000000000000}", "LogonId": "0x3e7", "OriginalFileName": "CONHOST.EXE", "ParentUser": "NT AUTHORITY\\SYSTEM", "Product": "Microsoft\u00ae Windows\u00ae Operating System", "RuleName": "-", "TerminalSessionId": "0"}, "event_id": 1, "opcode": "Info", "process": {"pid": 2824, "thread": {"id": 3260}}, "provider_guid": "{5770385f-c22a-43e0-bf4c-06f5698ffbd9}", "provider_name": "Microsoft-Windows-Sysmon", "record_id": 767099, "task": "Process Create (rule: ProcessCreate)", "user": {"domain": "NT AUTHORITY", "identifier": "S-1-5-18", "name": "SYSTEM", "type": "User"}, "version": 5}}
{"@timestamp": "2024-12-25T11:03:26.717Z", "agent": {"ephemeral_id": "4d435ba8-31a0-41c4-8175-5ef02120cf03", "hostname": "CLIENT9", "id": "c35095e9-5f9f-4084-a651-3aaa2966847a", "name": "CLIENT9", "type": "winlogbeat", "version": "7.10.2"}, "ecs": {"version": "1.5.0"}, "event": {"action": "Logon", "code": 4624, "created": "2024-12-25T11:03:28.433Z", "kind": "event", "outcome": "success", "provider": "Microsoft-Windows-Security-Auditing"}, "host": {"name": "CLIENT9.breach.local"}, "log": {"level": "information"}, "winlog": {"activity_id": "{62700555-56a3-0001-c105-7062a356db01}", "api": "wineventlog", "channel": "Security", "computer_name": "CLIENT9.breach.local", "event_data": {"AuthenticationPackageName": "Negotiate", "ElevatedToken": "%%1842", "ImpersonationLevel": "%%1833", "IpAddress": "-", "IpPort": "-", "KeyLength": "0", "LmPackageName": "-", "LogonGuid": "{00000000-0000-0000-0000-000000000000}", "LogonProcessName": "Advapi  ", "LogonType": "5", "ProcessId": "0x258", "ProcessName": "C:\\Windows\\System32\\services.exe", "RestrictedAdminMode": "-", "SubjectDomainName": "BREACH", "SubjectLogonId": "0x3e7", "SubjectUserName": "CLIENT9$", "SubjectUserSid": "S-1-5-18", "TargetDomainName": "NT AUTHORITY", "TargetLinkedLogonId": "0x0", "TargetLogonId": "0x3e7", "TargetOutboundDomainName": "-", "TargetOutboundUserName": "-", "TargetUserName": "SYSTEM", "TargetUserSid": "S-1-5-18", "TransmittedServices": "-", "VirtualAccount": "%%1843", "WorkstationName": "-"}, "event_id": 4624, "keywords": ["Audit Success"], "opcode": "Info", "process": {"pid": 632, "thread": {"id": 688}}, "provider_guid": "{54849625-5478-4994-a5ba-3e3b0328c30d}", "provider_name": "Microsoft-Windows-Security-Auditing", "record_id": 21286, "task": "Logon", "version": 2}}
{"@timestamp": "2024-12-25T11:03:26.718Z", "agent": {"ephemeral_id": "4d435ba8-31a0-41c4-8175-5ef02120cf03", "hostname": "CLIENT9", "id": "c35095e9-5f9f-4084-a651-3aaa2966847a", "name": "CLIENT9", "type": "winlogbeat", "version": "7.10.2"}, "ecs": {"version": "1.5.0"}, "event": {"action": "Special Logon", "code": 4672, "created": "2024-12-25T11:03:28.433Z", "kind": "event", "outcome": "success", "provider": "Microsoft-Windows-Security-Auditing"}, "host": {"name": "CLIENT9.breach.local"}, "log": {"level": "information"}, "winlog": {"activity_id": "{62700555-56a3-0001-c105-7062a356db01}", "api": "wineventlog", "channel": "Security", "computer_name": "CLIENT9.breach.local", "event_data": {"PrivilegeList": "SeAssignPrimaryTokenPrivilege\n\t\t\tSeTcbPrivilege\n\t\t\tSeSecurityPrivilege\n\t\t\tSeTakeOwnershipPrivilege\n\t\t\tSeLoadDriverPrivilege\n\t\t\tSeBackupPrivilege\n\t\t\tSeRestorePrivilege\n\t\t\tSeDebugPrivilege\n\t\t\tSeAuditPrivilege\n\t\t\tSeSystemEnvironmentPrivilege\n\t\t\tSeImpersonatePrivilege\n\t\t\tSeDelegateSessionUserImpersonatePrivilege", "SubjectDomainName": "NT AUTHORITY", "SubjectLogonId": "0x3e7", "SubjectUserName": "SYSTEM", "SubjectUserSid": "S-1-5-18"}, "event_id": 4672, "keywords": ["Audit Success"], "opcode": "Info", "process": {"pid": 632, "thread": {"id": 688}}, "provider_guid": "{54849625-5478-4994-a5ba-3e3b0328c30d}", "provider_name": "Microsoft-Windows-Security-Auditing", "record_id": 21287, "task": "Special Logon"}}
{"@timestamp": "2024-12-25T11:03:26.720Z", "agent": {"ephemeral_id": "4d435ba8-31a0-41c4-8175-5ef02120cf03", "hostname": "CLIENT9", "id": "c35095e9-5f9f-4084-a651-3aaa2966847a", "name": "CLIENT9", "type": "winlogbeat", "version": "7.10.2"}, "ecs": {"version": "1.5.0"}, "event": {"action": "Process Create (rule: ProcessCreate)", "category": ["process"], "code": 1, "created": "2024-12-25T11:09:01.390Z", "kind": "event", "module": "sysmon", "provider": "Microsoft-Windows-Sysmon", "type": ["start", "process_start"]}, "hash": {"imphash": "f9bbd96fae53b7a31264a703cafa0666", "md5": "f586835082f632dc8d9404d83bc16316", "sha1": "010db07461e45b41c886192df6fd425ba8d42d82", "sha256": "643ec58e82e0272c97c2a59f6020970d881af19c0ad5029db9c958c13b6558c7"}, "host": {"name": "CLIENT9.breach.local"}, "log": {"level": "information"}, "process": {"args": ["C:\\Windows\\system32\\svchost.exe", "-k", "wsappx", "-p", "-s", "AppXSvc"], "command_line": "C:\\Windows\\system32\\svchost.exe -k wsappx -p -s AppXSvc", "entity_id": "{416dd0c5-e67e-676b-1402-000000000900}", "executable": "C:\\Windows\\System32\\svchost.exe", "hash": {"md5": "f586835082f632dc8d9404d83bc16316", "sha1": "010db07461e45b41c886192df6fd425ba8d42d82", "sha256": "643ec58e82e0272c97c2a59f6020970d881af19c0ad5029db9c958c13b6558c7"}, "name": "svchost.exe", "parent": {"args": ["C:\\Windows\\system32\\services.exe"], "command_line": "C:\\Windows\\system32\\services.exe", "entity_id": "{416dd0c5-bc2b-676b-0b00-000000000900}", "executable": "C:\\Windows\\System32\\services.exe", "name": "services.exe", "pid": 600}, "pe": {"imphash": "f9bbd96fae53b7a31264a703cafa0666"}, "pid": 4996, "working_directory": "C:\\Windows\\system32\\"}, "related": {"hash": ["010db07461e45b41c886192df6fd425ba8d42d82", "f586835082f632dc8d9404d83bc16316", "643ec58e82e0272c97c2a59f6020970d881af19c0ad5029db9c958c13b6558c7", "f9bbd96fae53b7a31264a703cafa0666"], "user": "SYSTEM"}, "user": {"domain": "NT AUTHORITY", "name": "SYSTEM"}, "winlog": {"api": "wineventlog", "channel": "Microsoft-Windows-Sysmon/Operational", "computer_name": "CLIENT9.breach.local", "event_data": {"Company": "Microsoft Corporation", "Description": "Host Process for Windows Services", "FileVersion": "10.0.19041.546 (WinBuild.160101.0800)", "IntegrityLevel": "System", "LogonGuid": "{416dd0c5-bc2b-676b-e703-000000000000}", "LogonId": "0x3e7", "OriginalFileName": "svchost.exe", "ParentUser": "NT AUTHORITY\\SYSTEM", "Product": "Microsoft\u00ae Windows\u00ae Operating System", "RuleName": "-", "TerminalSessionId": "0"}, "event_id": 1, "opcode": "Info", "process": {"pid": 2824, "thread": {"id": 3260}}, "provider_guid": "{5770385f-c22a-43e0-bf4c-06f5698ffbd9}", "provider_name": "Microsoft-Windows-Sysmon", "record_id": 767237, "task": "Process Create (rule: ProcessCreate)", "user": {"domain": "NT AUTHORITY", "identifier": "S-1-5-18", "name": "SYSTEM", "type": "User"}, "version": 5}}
{"@timestamp": "2024-12-25T11:07:36.284Z", "agent": {"ephemeral_id": "4d435ba8-31a0-41c4-8175-5ef02120cf03", "hostname": "CLIENT9", "id": "c35095e9-5f9f-4084-a651-3aaa2966847a", "name": "CLIENT9", "type": "winlogbeat", "version": "7.10.2"}, "ecs": {"version": "1.5.0"}, "event": {"action": "Logon", "code": 4624, "created": "2024-12-25T11:07:38.867Z", "kind": "event", "outcome": "success", "provider": "Microsoft-Windows-Security-Auditing"}, "host": {"name": "CLIENT9.breach.local"}, "log": {"level": "information"}, "winlog": {"activity_id": "{62700555-56a3-0001-c105-7062a356db01}", "api": "wineventlog", "channel": "Security", "computer_name": "CLIENT9.breach.local", "event_data": {"AuthenticationPackageName": "Negotiate", "ElevatedToken": "%%1842", "ImpersonationLevel": "%%1833", "IpAddress": "-", "IpPort": "-", "KeyLength": "0", "LmPackageName": "-", "LogonGuid": "{00000000-0000-0000-0000-000000000000}", "LogonProcessName": "Advapi  ", "LogonType": "5", "ProcessId": "0x258", "ProcessName": "C:\\Windows\\System32\\services.exe", "RestrictedAdminMode": "-", "SubjectDomainName": "BREACH", "SubjectLogonId": "0x3e7", "SubjectUserName": "CLIENT9$", "SubjectUserSid": "S-1-5-18", "TargetDomainName": "NT AUTHORITY", "TargetLinkedLogonId": "0x0", "TargetLogonId": "0x3e7", "TargetOutboundDomainName": "-", "TargetOutboundUserName": "-", "TargetUserName": "SYSTEM", "TargetUserSid": "S-1-5-18", "TransmittedServices": "-", "VirtualAccount": "%%1843", "WorkstationName": "-"}, "event_id": 4624, "keywords": ["Audit Success"], "opcode": "Info", "process": {"pid": 632, "thread": {"id": 9024}}, "provider_guid": "{54849625-5478-4994-a5ba-3e3b0328c30d}", "provider_name": "Microsoft-Windows-Security-Auditing", "record_id": 21288, "task": "Logon", "version": 2}}
{"@timestamp": "2024-12-25T11:07:36.284Z", "agent": {"ephemeral_id": "4d435ba8-31a0-41c4-8175-5ef02120cf03", "hostname": "CLIENT9", "id": "c35095e9-5f9f-4084-a651-3aaa2966847a", "name": "CLIENT9", "type": "winlogbeat", "version": "7.10.2"}, "ecs": {"version": "1.5.0"}, "event": {"action": "Special Logon", "code": 4672, "created": "2024-12-25T11:07:38.867Z", "kind": "event", "outcome": "success", "provider": "Microsoft-Windows-Security-Auditing"}, "host": {"name": "CLIENT9.breach.local"}, "log": {"level": "information"}, "winlog": {"activity_id": "{62700555-56a3-0001-c105-7062a356db01}", "api": "wineventlog", "channel": "Security", "computer_name": "CLIENT9.breach.local", "event_data": {"PrivilegeList": "SeAssignPrimaryTokenPrivilege\n\t\t\tSeTcbPrivilege\n\t\t\tSeSecurityPrivilege\n\t\t\tSeTakeOwnershipPrivilege\n\t\t\tSeLoadDriverPrivilege\n\t\t\tSeBackupPrivilege\n\t\t\tSeRestorePrivilege\n\t\t\tSeDebugPrivilege\n\t\t\tSeAuditPrivilege\n\t\t\tSeSystemEnvironmentPrivilege\n\t\t\tSeImpersonatePrivilege\n\t\t\tSeDelegateSessionUserImpersonatePrivilege", "SubjectDomainName": "NT AUTHORITY", "SubjectLogonId": "0x3e7", "SubjectUserName": "SYSTEM", "SubjectUserSid": "S-1-5-18"}, "event_id": 4672, "keywords": ["Audit Success"], "opcode": "Info", "process": {"pid": 632, "thread": {"id": 9024}}, "provider_guid": "{54849625-5478-4994-a5ba-3e3b0328c30d}", "provider_name": "Microsoft-Windows-Security-Auditing", "record_id": 21289, "task": "Special Logon"}}
{"@timestamp": "2024-12-25T11:07:37.081Z", "agent": {"ephemeral_id": "4d435ba8-31a0-41c4-8175-5ef02120cf03", "hostname": "CLIENT9", "id": "c35095e9-5f9f-4084-a651-3aaa2966847a", "name": "CLIENT9", "type": "winlogbeat", "version": "7.10.2"}, "ecs": {"version": "1.5.0"}, "event": {"action": "Logon", "code": 4624, "created": "2024-12-25T11:07:38.867Z", "kind": "event", "outcome": "success", "provider": "Microsoft-Windows-Security-Auditing"}, "host": {"name": "CLIENT9.breach.local"}, "log": {"level": "information"}, "winlog": {"activity_id": "{62700555-56a3-0001-c105-7062a356db01}", "api": "wineventlog", "channel": "Security", "computer_name": "CLIENT9.breach.local", "event_data": {"AuthenticationPackageName": "Negotiate", "ElevatedToken": "%%1842", "ImpersonationLevel": "%%1833", "IpAddress": "-", "IpPort": "-", "KeyLength": "0", "LmPackageName": "-", "LogonGuid": "{00000000-0000-0000-0000-000000000000}", "LogonProcessName": "Advapi  ", "LogonType": "5", "ProcessId": "0x258", "ProcessName": "C:\\Windows\\System32\\services.exe", "RestrictedAdminMode": "-", "SubjectDomainName": "BREACH", "SubjectLogonId": "0x3e7", "SubjectUserName": "CLIENT9$", "SubjectUserSid": "S-1-5-18", "TargetDomainName": "NT AUTHORITY", "TargetLinkedLogonId": "0x0", "TargetLogonId": "0x3e7", "TargetOutboundDomainName": "-", "TargetOutboundUserName": "-", "TargetUserName": "SYSTEM", "TargetUserSid": "S-1-5-18", "TransmittedServices": "-", "VirtualAccount": "%%1843", "WorkstationName": "-"}, "event_id": 4624, "keywords": ["Audit Success"], "opcode": "Info", "process": {"pid": 632, "thread": {"id": 9024}}, "provider_guid": "{54849625-5478-4994-a5ba-3e3b0328c30d}", "provider_name": "Microsoft-Windows-Security-Auditing", "record_id": 21290, "task": "Logon", "version": 2}}
{"@timestamp": "2024-12-25T11:07:37.081Z", "agent": {"ephemeral_id": "4d435ba8-31a0-41c4-8175-5ef02120cf03", "hostname": "CLIENT9", "id": "c35095e9-5f9f-4084-a651-3aaa2966847a", "name": "CLIENT9", "type": "winlogbeat", "version": "7.10.2"}, "ecs": {"version": "1.5.0"}, "event": {"action": "Special Logon", "code": 4672, "created": "2024-12-25T11:07:38.867Z", "kind": "event", "outcome": "success", "provider": "Microsoft-Windows-Security-Auditing"}, "host": {"name": "CLIENT9.breach.local"}, "log": {"level": "information"}, "winlog": {"activity_id": "{62700555-56a3-0001-c105-7062a356db01}", "api": "wineventlog", "channel": "Security", "computer_name": "CLIENT9.breach.local", "event_data": {"PrivilegeList": "SeAssignPrimaryTokenPrivilege\n\t\t\tSeTcbPrivilege\n\t\t\tSeSecurityPrivilege\n\t\t\tSeTakeOwnershipPrivilege\n\t\t\tSeLoadDriverPrivilege\n\t\t\tSeBackupPrivilege\n\t\t\tSeRestorePrivilege\n\t\t\tSeDebugPrivilege\n\t\t\tSeAuditPrivilege\n\t\t\tSeSystemEnvironmentPrivilege\n\t\t\tSeImpersonatePrivilege\n\t\t\tSeDelegateSessionUserImpersonatePrivilege", "SubjectDomainName": "NT AUTHORITY", "SubjectLogonId": "0x3e7", "SubjectUserName": "SYSTEM", "SubjectUserSid": "S-1-5-18"}, "event_id": 4672, "keywords": ["Audit Success"], "opcode": "Info", "process": {"pid": 632, "thread": {"id": 9024}}, "provider_guid": "{54849625-5478-4994-a5ba-3e3b0328c30d}", "provider_name": "Microsoft-Windows-Security-Auditing", "record_id": 21291, "task": "Special Logon"}}
{"@timestamp": "2024-12-25T11:11:12.704Z", "agent": {"ephemeral_id": "4d435ba8-31a0-41c4-8175-5ef02120cf03", "hostname": "CLIENT9", "id": "c35095e9-5f9f-4084-a651-3aaa2966847a", "name": "CLIENT9", "type": "winlogbeat", "version": "7.10.2"}, "ecs": {"version": "1.5.0"}, "event": {"action": "Process Create (rule: ProcessCreate)", "category": ["process"], "code": 1, "created": "2024-12-25T11:12:56.147Z", "kind": "event", "module": "sysmon", "provider": "Microsoft-Windows-Sysmon", "type": ["start", "process_start"]}, "hash": {"imphash": "d2acf1cbc4a6db14a34c687b9362d66b", "md5": "da7063b17dbb8bbb3015351016868006", "sha1": "c6e63c7aae9c4e07e15c1717872c0c73f3d4fb09", "sha256": "20330d3ca71d58f4aeb432676cb6a3d5b97005954e45132fb083e90782efdd50"}, "host": {"name": "CLIENT9.breach.local"}, "log": {"level": "information"}, "process": {"args": ["C:\\Windows\\system32\\backgroundTaskHost.exe", "-ServerName:App.AppXfkd8mejksk4ancwf4vtyhmkvtzn1jcbs.mca"], "command_line": "\"C:\\Windows\\system32\\backgroundTaskHost.exe\" -ServerName:App.AppXfkd8mejksk4ancwf4vtyhmkvtzn1jcbs.mca", "entity_id": "{416dd0c5-e850-676b-3b02-000000000900}", "executable": "C:\\Windows\\System32\\backgroundTaskHost.exe", "hash": {"md5": "da7063b17dbb8bbb3015351016868006", "sha1": "c6e63c7aae9c4e07e15c1717872c0c73f3d4fb09", "sha256": "20330d3ca71d58f4aeb432676cb6a3d5b97005954e45132fb083e90782efdd50"}, "name": "backgroundTaskHost.exe", "parent": {"args": ["C:\\Windows\\system32\\svchost.exe", "-k", "DcomLaunch", "-p"], "command_line": "C:\\Windows\\system32\\svchost.exe -k DcomLaunch -p", "entity_id": "{416dd0c5-bc2b-676b-0f00-000000000900}", "executable": "C:\\Windows\\System32\\svchost.exe", "name": "svchost.exe", "pid": 752}, "pe": {"imphash": "d2acf1cbc4a6db14a34c687b9362d66b"}, "pid": 212, "working_directory": "C:\\Program Files\\WindowsApps\\Microsoft.YourPhone_1.24112.110.0_x64__8wekyb3d8bbwe\\"}, "related": {"hash": ["c6e63c7aae9c4e07e15c1717872c0c73f3d4fb09", "da7063b17dbb8bbb3015351016868006", "20330d3ca71d58f4aeb432676cb6a3d5b97005954e45132fb083e90782efdd50", "d2acf1cbc4a6db14a34c687b9362d66b"], "user": "client9"}, "user": {"domain": "BREACH", "name": "client9"}, "winlog": {"api": "wineventlog", "channel": "Microsoft-Windows-Sysmon/Operational", "computer_name": "CLIENT9.breach.local", "event_data": {"Company": "Microsoft Corporation", "Description": "Background Task Host", "FileVersion": "10.0.19041.546 (WinBuild.160101.0800)", "IntegrityLevel": "AppContainer", "LogonGuid": "{416dd0c5-bc33-676b-93b3-040000000000}", "LogonId": "0x4b393", "OriginalFileName": "backgroundTaskHost.exe", "ParentUser": "NT AUTHORITY\\SYSTEM", "Product": "Microsoft\u00ae Windows\u00ae Operating System", "RuleName": "-", "TerminalSessionId": "1"}, "event_id": 1, "opcode": "Info", "process": {"pid": 2824, "thread": {"id": 3260}}, "provider_guid": "{5770385f-c22a-43e0-bf4c-06f5698ffbd9}", "provider_name": "Microsoft-Windows-Sysmon", "record_id": 773467, "task": "Process Create (rule: ProcessCreate)", "user": {"domain": "NT AUTHORITY", "identifier": "S-1-5-18", "name": "SYSTEM", "type": "User"}, "version": 5}}
{"@timestamp": "2024-12-25T11:12:04.770Z", "agent": {"ephemeral_id": "4d435ba8-31a0-41c4-8175-5ef02120cf03", "hostname": "CLIENT9", "id": "c35095e9-5f9f-4084-a651-3aaa2966847a", "name": "CLIENT9", "type": "winlogbeat", "version": "7.10.2"}, "ecs": {"version": "1.5.0"}, "event": {"action": "Logon", "code": 4625, "created": "2024-12-25T11:13:54.073Z", "kind": "event", "outcome": "failure", "provider": "Microsoft-Windows-Security-Auditing"}, "host": {"name": "CLIENT9.breach.local"}, "log": {"level": "information"}, "winlog": {"api": "wineventlog", "channel": "Security", "computer_name": "CLIENT9.breach.local", "event_data": {"AuthenticationPackageName": "NTLM", "FailureReason": "%%2313", "IpAddress": "172.16.1.8", "IpPort": "64121", "KeyLength": "0", "LmPackageName": "-", "LogonProcessName": "NtLmSsp ", "LogonType": "3", "ProcessId": "0x0", "ProcessName": "-", "Status": "0xc000006d", "SubStatus": "0xc000006a", "SubjectDomainName": "-", "SubjectLogonId": "0x0", "SubjectUserName": "-", "SubjectUserSid": "S-1-0-0", "TargetDomainName": "BREACH", "TargetUserName": "client9", "TargetUserSid": "S-1-0-0", "TransmittedServices": "-", "WorkstationName": "CLIENT7"}, "event_id": 4625, "keywords": ["Audit Failure"], "opcode": "Info", "process": {"pid": 632, "thread": {"id": 636}}, "provider_guid": "{54849625-5478-4994-a5ba-3e3b0328c30d}", "provider_name": "Microsoft-Windows-Security-Auditing", "record_id": 22515, "task": "Logon", "version": 0}}
{"@timestamp": "2024-12-25T11:12:25.957Z", "agent": {"ephemeral_id": "4d435ba8-31a0-41c4-8175-5ef02120cf03", "hostname": "CLIENT9", "id": "c35095e9-5f9f-4084-a651-3aaa2966847a", "name": "CLIENT9", "type": "winlogbeat", "version": "7.10.2"}, "ecs": {"version": "1.5.0"}, "event": {"action": "Logon", "code": 4625, "created": "2024-12-25T11:14:15.260Z", "kind": "event", "outcome": "failure", "provider": "Microsoft-Windows-Security-Auditing"}, "host": {"name": "CLIENT9.breach.local"}, "log": {"level": "information"}, "winlog": {"api": "wineventlog", "channel": "Security", "computer_name": "CLIENT9.breach.local", "event_data": {"AuthenticationPackageName": "NTLM", "FailureReason": "%%2313", "IpAddress": "172.16.1.8", "IpPort": "52321", "KeyLength": "0", "LmPackageName": "-", "LogonProcessName": "NtLmSsp ", "LogonType": "3", "ProcessId": "0x0", "ProcessName": "-", "Status": "0xc000006d", "SubStatus": "0xc000006a", "SubjectDomainName": "-", "SubjectLogonId": "0x0", "SubjectUserName": "-", "SubjectUserSid": "S-1-0-0", "TargetDomainName": "BREACH", "TargetUserName": "client9", "TargetUserSid": "S-1-0-0", "TransmittedServices": "-", "WorkstationName": "CLIENT7"}, "event_id": 4625, "keywords": ["Audit Failure"], "opcode": "Info", "process": {"pid": 632, "thread": {"id": 636}}, "provider_guid": "{54849625-5478-4994-a5ba-3e3b0328c30d}", "provider_name": "Microsoft-Windows-Security-Auditing", "record_id": 22516, "task": "Logon", "version": 0}}
{"@timestamp": "2024-12-25T11:12:33.431Z", "agent": {"ephemeral_id": "4d435ba8-31a0-41c4-8175-5ef02120cf03", "hostname": "CLIENT9", "id": "c35095e9-5f9f-4084-a651-3aaa2966847a", "name": "CLIENT9", "type": "winlogbeat", "version": "7.10.2"}, "ecs": {"version": "1.5.0"}, "event": {"action": "Process Create (rule: ProcessCreate)", "category": ["process"], "code": 1, "created": "2024-12-25T11:12:57.517Z", "kind": "event", "module": "sysmon", "provider": "Microsoft-Windows-Sysmon", "type": ["start", "process_start"]}, "hash": {"imphash": "3c2fc59273192a34f1aa4a59df3b348e", "md5": "922f7003fca657359db03cc02941124d", "sha1": "27fae46e4e377467f2d5f9e37a5a8cb19b39b9ec", "sha256": "5da31132fd6a415e71e3fd40c3a23853a799b91ea2821d2bcbf1bf0e8fa01e16"}, "host": {"name": "CLIENT9.breach.local"}, "log": {"level": "information"}, "process": {"args": ["C:\\Python37\\python.exe", "-c", "from multiprocessing.spawn import spawn_main; spawn_main(parent_pid=7092, pipe_handle=1844)", "--multiprocessing-fork"], "command_line": "\"C:\\Python37\\python.exe\" \"-c\" \"from multiprocessing.spawn import spawn_main; spawn_main(parent_pid=7092, pipe_handle=1844)\" \"--multiprocessing-fork\"", "entity_id": "{416dd0c5-e8a1-676b-3c02-000000000900}", "executable": "C:\\Python37\\python.exe", "hash": {"md5": "922f7003fca657359db03cc02941124d", "sha1": "27fae46e4e377467f2d5f9e37a5a8cb19b39b9ec", "sha256": "5da31132fd6a415e71e3fd40c3a23853a799b91ea2821d2bcbf1bf0e8fa01e16"}, "name": "python.exe", "parent": {"args": ["C:\\Python37\\python.exe", "C:\\BREACH\\userbehavior\\main.py"], "command_line": "C:\\Python37\\python.exe \"C:\\BREACH\\userbehavior\\main.py\" ", "entity_id": "{416dd0c5-bc51-676b-9b00-000000000900}", "executable": "C:\\Python37\\python.exe", "name": "python.exe", "pid": 7092}, "pe": {"imphash": "3c2fc59273192a34f1aa4a59df3b348e"}, "pid": 8324, "working_directory": "C:\\BREACH\\"}, "related": {"hash": ["27fae46e4e377467f2d5f9e37a5a8cb19b39b9ec", "922f7003fca657359db03cc02941124d", "5da31132fd6a415e71e3fd40c3a23853a799b91ea2821d2bcbf1bf0e8fa01e16", "3c2fc59273192a34f1aa4a59df3b348e"], "user": "client9"}, "user": {"domain": "BREACH", "name": "client9"}, "winlog": {"api": "wineventlog", "channel": "Microsoft-Windows-Sysmon/Operational", "computer_name": "CLIENT9.breach.local", "event_data": {"Company": "Python Software Foundation", "Description": "Python", "FileVersion": "3.7.3", "IntegrityLevel": "Medium", "LogonGuid": "{416dd0c5-bc33-676b-93b3-040000000000}", "LogonId": "0x4b393", "OriginalFileName": "python.exe", "ParentUser": "BREACH\\client9", "Product": "Python", "RuleName": "-", "TerminalSessionId": "1"}, "event_id": 1, "opcode": "Info", "process": {"pid": 2824, "thread": {"id": 3260}}, "provider_guid": "{5770385f-c22a-43e0-bf4c-06f5698ffbd9}", "provider_name": "Microsoft-Windows-Sysmon", "record_id": 774360, "task": "Process Create (rule: ProcessCreate)", "user": {"domain": "NT AUTHORITY", "identifier": "S-1-5-18", "name": "SYSTEM", "type": "User"}, "version": 5}}
{"@timestamp": "2024-12-25T11:12:46.968Z", "agent": {"ephemeral_id": "4d435ba8-31a0-41c4-8175-5ef02120cf03", "hostname": "CLIENT9", "id": "c35095e9-5f9f-4084-a651-3aaa2966847a", "name": "CLIENT9", "type": "winlogbeat", "version": "7.10.2"}, "ecs": {"version": "1.5.0"}, "event": {"action": "Logon", "code": 4625, "created": "2024-12-25T11:14:36.271Z", "kind": "event", "outcome": "failure", "provider": "Microsoft-Windows-Security-Auditing"}, "host": {"name": "CLIENT9.breach.local"}, "log": {"level": "information"}, "winlog": {"api": "wineventlog", "channel": "Security", "computer_name": "CLIENT9.breach.local", "event_data": {"AuthenticationPackageName": "NTLM", "FailureReason": "%%2313", "IpAddress": "172.16.1.8", "IpPort": "54772", "KeyLength": "0", "LmPackageName": "-", "LogonProcessName": "NtLmSsp ", "LogonType": "3", "ProcessId": "0x0", "ProcessName": "-", "Status": "0xc000006d", "SubStatus": "0xc000006a", "SubjectDomainName": "-", "SubjectLogonId": "0x0", "SubjectUserName": "-", "SubjectUserSid": "S-1-0-0", "TargetDomainName": "BREACH", "TargetUserName": "client9", "TargetUserSid": "S-1-0-0", "TransmittedServices": "-", "WorkstationName": "CLIENT7"}, "event_id": 4625, "keywords": ["Audit Failure"], "opcode": "Info", "process": {"pid": 632, "thread": {"id": 636}}, "provider_guid": "{54849625-5478-4994-a5ba-3e3b0328c30d}", "provider_name": "Microsoft-Windows-Security-Auditing", "record_id": 22517, "task": "Logon", "version": 0}}
{"@timestamp": "2024-12-25T11:12:58.894Z", "agent": {"ephemeral_id": "4d435ba8-31a0-41c4-8175-5ef02120cf03", "hostname": "CLIENT9", "id": "c35095e9-5f9f-4084-a651-3aaa2966847a", "name": "CLIENT9", "type": "winlogbeat", "version": "7.10.2"}, "ecs": {"version": "1.5.0"}, "event": {"action": "Process Create (rule: ProcessCreate)", "category": ["process"], "code": 1, "created": "2024-12-25T11:12:59.984Z", "kind": "event", "module": "sysmon", "provider": "Microsoft-Windows-Sysmon", "type": ["start", "process_start"]}, "hash": {"imphash": "d2466cd4c38ecef8aab0ee78b79fc8b8", "md5": "118729dd62b9422d21afe5cebd564f8a", "sha1": "0638fc81ac1545d9a324460de4ca6ae234c2a005", "sha256": "b76ce2bba63bd2949fa6e36fba963379b9d682f7642cd3782d9818fcd30a3e00"}, "host": {"name": "CLIENT9.breach.local"}, "log": {"level": "information"}, "process": {"args": ["gpupdate.exe", "/target:computer"], "command_line": "gpupdate.exe /target:computer", "entity_id": "{416dd0c5-e8ba-676b-3d02-000000000900}", "executable": "C:\\Windows\\System32\\gpupdate.exe", "hash": {"md5": "118729dd62b9422d21afe5cebd564f8a", "sha1": "0638fc81ac1545d9a324460de4ca6ae234c2a005", "sha256": "b76ce2bba63bd2949fa6e36fba963379b9d682f7642cd3782d9818fcd30a3e00"}, "name": "gpupdate.exe", "parent": {"args": ["C:\\Windows\\system32\\svchost.exe", "-k", "netsvcs", "-p", "-s", "Schedule"], "command_line": "C:\\Windows\\system32\\svchost.exe -k netsvcs -p -s Schedule", "entity_id": "{416dd0c5-bc2c-676b-1d00-000000000900}", "executable": "C:\\Windows\\System32\\svchost.exe", "name": "svchost.exe", "pid": 1272}, "pe": {"imphash": "d2466cd4c38ecef8aab0ee78b79fc8b8"}, "pid": 8256, "working_directory": "C:\\Windows\\system32\\"}, "related": {"hash": ["0638fc81ac1545d9a324460de4ca6ae234c2a005", "118729dd62b9422d21afe5cebd564f8a", "b76ce2bba63bd2949fa6e36fba963379b9d682f7642cd3782d9818fcd30a3e00", "d2466cd4c38ecef8aab0ee78b79fc8b8"], "user": "NETWORK SERVICE"}, "user": {"domain": "NT AUTHORITY", "name": "NETWORK SERVICE"}, "winlog": {"api": "wineventlog", "channel": "Microsoft-Windows-Sysmon/Operational", "computer_name": "CLIENT9.breach.local", "event_data": {"Company": "Microsoft Corporation", "Description": "Microsoft\u00ae Group Policy Update Utility", "FileVersion": "10.0.19041.572 (WinBuild.160101.0800)", "IntegrityLevel": "System", "LogonGuid": "{416dd0c5-bc2c-676b-e403-000000000000}", "LogonId": "0x3e4", "OriginalFileName": "GPUpdate.exe", "ParentUser": "NT AUTHORITY\\SYSTEM", "Product": "Microsoft\u00ae Windows\u00ae Operating System", "RuleName": "-", "TerminalSessionId": "0"}, "event_id": 1, "opcode": "Info", "process": {"pid": 2824, "thread": {"id": 3260}}, "provider_guid": "{5770385f-c22a-43e0-bf4c-06f5698ffbd9}", "provider_name": "Microsoft-Windows-Sysmon", "record_id": 775362, "task": "Process Create (rule: ProcessCreate)", "user": {"domain": "NT AUTHORITY", "identifier": "S-1-5-18", "name": "SYSTEM", "type": "User"}, "version": 5}}
{"@timestamp": "2024-12-25T11:12:58.914Z", "agent": {"ephemeral_id": "4d435ba8-31a0-41c4-8175-5ef02120cf03", "hostname": "CLIENT9", "id": "c35095e9-5f9f-4084-a651-3aaa2966847a", "name": "CLIENT9", "type": "winlogbeat", "version": "7.10.2"}, "ecs": {"version": "1.5.0"}, "event": {"action": "Process Create (rule: ProcessCreate)", "category": ["process"], "code": 1, "created": "2024-12-25T11:12:59.985Z", "kind": "event", "module": "sysmon", "provider": "Microsoft-Windows-Sysmon", "type": ["start", "process_start"]}, "hash": {"imphash": "affe8c3be3bbe4f0ac2ef124256f372d", "md5": "ce1a079265e7a92863baad92de538d72", "sha1": "9d48d4b78cbbfb22c9ee9070f713b35cd2a6a6eb", "sha256": "16c7a815a4a313d2c79816b3839376cc4d732dc0b136ee246ac77ffed543a3c4"}, "host": {"name": "CLIENT9.breach.local"}, "log": {"level": "information"}, "process": {"args": ["\\??\\C:\\Windows\\system32\\conhost.exe", "0xffffffff", "-ForceV1"], "command_line": "\\??\\C:\\Windows\\system32\\conhost.exe 0xffffffff -ForceV1", "entity_id": "{416dd0c5-e8ba-676b-3e02-000000000900}", "executable": "C:\\Windows\\System32\\conhost.exe", "hash": {"md5": "ce1a079265e7a92863baad92de538d72", "sha1": "9d48d4b78cbbfb22c9ee9070f713b35cd2a6a6eb", "sha256": "16c7a815a4a313d2c79816b3839376cc4d732dc0b136ee246ac77ffed543a3c4"}, "name": "conhost.exe", "parent": {"args": ["gpupdate.exe", "/target:computer"], "command_line": "gpupdate.exe /target:computer", "entity_id": "{416dd0c5-e8ba-676b-3d02-000000000900}", "executable": "C:\\Windows\\System32\\gpupdate.exe", "name": "gpupdate.exe", "pid": 8256}, "pe": {"imphash": "affe8c3be3bbe4f0ac2ef124256f372d"}, "pid": 4912, "working_directory": "C:\\Windows"}, "related": {"hash": ["9d48d4b78cbbfb22c9ee9070f713b35cd2a6a6eb", "ce1a079265e7a92863baad92de538d72", "16c7a815a4a313d2c79816b3839376cc4d732dc0b136ee246ac77ffed543a3c4", "affe8c3be3bbe4f0ac2ef124256f372d"], "user": "NETWORK SERVICE"}, "user": {"domain": "NT AUTHORITY", "name": "NETWORK SERVICE"}, "winlog": {"api": "wineventlog", "channel": "Microsoft-Windows-Sysmon/Operational", "computer_name": "CLIENT9.breach.local", "event_data": {"Company": "Microsoft Corporation", "Description": "Console Window Host", "FileVersion": "10.0.19041.746 (WinBuild.160101.0800)", "IntegrityLevel": "System", "LogonGuid": "{416dd0c5-bc2c-676b-e403-000000000000}", "LogonId": "0x3e4", "OriginalFileName": "CONHOST.EXE", "ParentUser": "NT AUTHORITY\\NETWORK SERVICE", "Product": "Microsoft\u00ae Windows\u00ae Operating System", "RuleName": "-", "TerminalSessionId": "0"}, "event_id": 1, "opcode": "Info", "process": {"pid": 2824, "thread": {"id": 3260}}, "provider_guid": "{5770385f-c22a-43e0-bf4c-06f5698ffbd9}", "provider_name": "Microsoft-Windows-Sysmon", "record_id": 775370, "task": "Process Create (rule: ProcessCreate)", "user": {"domain": "NT AUTHORITY", "identifier": "S-1-5-18", "name": "SYSTEM", "type": "User"}, "version": 5}}
{"@timestamp": "2024-12-25T11:12:59.548Z", "agent": {"ephemeral_id": "4d435ba8-31a0-41c4-8175-5ef02120cf03", "hostname": "CLIENT9", "id": "c35095e9-5f9f-4084-a651-3aaa2966847a", "name": "CLIENT9", "type": "winlogbeat", "version": "7.10.2"}, "ecs": {"version": "1.5.0"}, "event": {"action": "Logon", "code": 4624, "created": "2024-12-25T11:13:01.785Z", "kind": "event", "outcome": "success", "provider": "Microsoft-Windows-Security-Auditing"}, "host": {"name": "CLIENT9.breach.local"}, "log": {"level": "information"}, "winlog": {"activity_id": "{62700555-56a3-0001-c105-7062a356db01}", "api": "wineventlog", "channel": "Security", "computer_name": "CLIENT9.breach.local", "event_data": {"AuthenticationPackageName": "Kerberos", "ElevatedToken": "%%1842", "ImpersonationLevel": "%%1833", "IpAddress": "::1", "IpPort": "0", "KeyLength": "0", "LmPackageName": "-", "LogonGuid": "{2f04a963-5178-ba07-0227-9989ace09008}", "LogonProcessName": "Kerberos", "LogonType": "3", "ProcessId": "0x0", "ProcessName": "-", "RestrictedAdminMode": "-", "SubjectDomainName": "-", "SubjectLogonId": "0x0", "SubjectUserName": "-", "SubjectUserSid": "S-1-0-0", "TargetDomainName": "BREACH.LOCAL", "TargetLinkedLogonId": "0x0", "TargetLogonId": "0x533ff9", "TargetOutboundDomainName": "-", "TargetOutboundUserName": "-", "TargetUserName": "CLIENT9$", "TargetUserSid": "S-1-5-18", "TransmittedServices": "-", "VirtualAccount": "%%1843", "WorkstationName": "CLIENT9         "}, "event_id": 4624, "keywords": ["Audit Success"], "opcode": "Info", "process": {"pid": 632, "thread": {"id": 3468}}, "provider_guid": "{54849625-5478-4994-a5ba-3e3b0328c30d}", "provider_name": "Microsoft-Windows-Security-Auditing", "record_id": 21293, "task": "Logon", "version": 2}}
{"@timestamp": "2024-12-25T11:12:59.548Z", "agent": {"ephemeral_id": "4d435ba8-31a0-41c4-8175-5ef02120cf03", "hostname": "CLIENT9", "id": "c35095e9-5f9f-4084-a651-3aaa2966847a", "name": "CLIENT9", "type": "winlogbeat", "version": "7.10.2"}, "ecs": {"version": "1.5.0"}, "event": {"action": "Special Logon", "code": 4672, "created": "2024-12-25T11:13:01.784Z", "kind": "event", "outcome": "success", "provider": "Microsoft-Windows-Security-Auditing"}, "host": {"name": "CLIENT9.breach.local"}, "log": {"level": "information"}, "winlog": {"activity_id": "{62700555-56a3-0001-c105-7062a356db01}", "api": "wineventlog", "channel": "Security", "computer_name": "CLIENT9.breach.local", "event_data": {"PrivilegeList": "SeSecurityPrivilege\n\t\t\tSeBackupPrivilege\n\t\t\tSeRestorePrivilege\n\t\t\tSeTakeOwnershipPrivilege\n\t\t\tSeDebugPrivilege\n\t\t\tSeSystemEnvironmentPrivilege\n\t\t\tSeLoadDriverPrivilege\n\t\t\tSeImpersonatePrivilege\n\t\t\tSeDelegateSessionUserImpersonatePrivilege", "SubjectDomainName": "BREACH", "SubjectLogonId": "0x533ff9", "SubjectUserName": "CLIENT9$", "SubjectUserSid": "S-1-5-18"}, "event_id": 4672, "keywords": ["Audit Success"], "opcode": "Info", "process": {"pid": 632, "thread": {"id": 3468}}, "provider_guid": "{54849625-5478-4994-a5ba-3e3b0328c30d}", "provider_name": "Microsoft-Windows-Security-Auditing", "record_id": 21292, "task": "Special Logon"}}
{"@timestamp": "2024-12-25T11:13:00.135Z", "agent": {"ephemeral_id": "4d435ba8-31a0-41c4-8175-5ef02120cf03", "hostname": "CLIENT9", "id": "c35095e9-5f9f-4084-a651-3aaa2966847a", "name": "CLIENT9", "type": "winlogbeat", "version": "7.10.2"}, "ecs": {"version": "1.5.0"}, "event": {"action": "Logoff", "code": 4634, "created": "2024-12-25T11:13:01.785Z", "kind": "event", "outcome": "success", "provider": "Microsoft-Windows-Security-Auditing"}, "host": {"name": "CLIENT9.breach.local"}, "log": {"level": "information"}, "winlog": {"api": "wineventlog", "channel": "Security", "computer_name": "CLIENT9.breach.local", "event_data": {"LogonType": "3", "TargetDomainName": "BREACH", "TargetLogonId": "0x533ff9", "TargetUserName": "CLIENT9$", "TargetUserSid": "S-1-5-18"}, "event_id": 4634, "keywords": ["Audit Success"], "opcode": "Info", "process": {"pid": 632, "thread": {"id": 688}}, "provider_guid": "{54849625-5478-4994-a5ba-3e3b0328c30d}", "provider_name": "Microsoft-Windows-Security-Auditing", "record_id": 21294, "task": "Logoff"}}
{"@timestamp": "2024-12-25T11:13:00.142Z", "agent": {"ephemeral_id": "4d435ba8-31a0-41c4-8175-5ef02120cf03", "hostname": "CLIENT9", "id": "c35095e9-5f9f-4084-a651-3aaa2966847a", "name": "CLIENT9", "type": "winlogbeat", "version": "7.10.2"}, "ecs": {"version": "1.5.0"}, "event": {"action": "Logoff", "code": 4634, "created": "2024-12-25T11:13:01.785Z", "kind": "event", "outcome": "success", "provider": "Microsoft-Windows-Security-Auditing"}, "host": {"name": "CLIENT9.breach.local"}, "log": {"level": "information"}, "winlog": {"api": "wineventlog", "channel": "Security", "computer_name": "CLIENT9.breach.local", "event_data": {"LogonType": "3", "TargetDomainName": "BREACH", "TargetLogonId": "0x53431f", "TargetUserName": "CLIENT9$", "TargetUserSid": "S-1-5-18"}, "event_id": 4634, "keywords": ["Audit Success"], "opcode": "Info", "process": {"pid": 632, "thread": {"id": 3468}}, "provider_guid": "{54849625-5478-4994-a5ba-3e3b0328c30d}", "provider_name": "Microsoft-Windows-Security-Auditing", "record_id": 21297, "task": "Logoff"}}
