{"@timestamp": "2024-12-25T11:43:00.675Z", "agent": {"ephemeral_id": "4d435ba8-31a0-41c4-8175-5ef02120cf03", "hostname": "CLIENT9", "id": "c35095e9-5f9f-4084-a651-3aaa2966847a", "name": "CLIENT9", "type": "winlogbeat", "version": "7.10.2"}, "ecs": {"version": "1.5.0"}, "event": {"action": "Process Create (rule: ProcessCreate)", "category": ["process"], "code": 1, "created": "2024-12-25T11:44:39.543Z", "kind": "event", "module": "sysmon", "provider": "Microsoft-Windows-Sysmon", "type": ["start", "process_start"]}, "hash": {"imphash": "c7b2d9891c8ea27ab912d8036021e33d", "md5": "a815db40487b457b44dcda2dde8c4823", "sha1": "8766609f079faa9e74ae2c770c0e5f84b458799e", "sha256": "992210816bdb77611810d3ec259b49f000e1546a8415bb94e26ce7e17f58e16c"}, "host": {"name": "CLIENT9.breach.local"}, "log": {"level": "information"}, "process": {"args": ["C:\\Python37\\geckodriver.exe", "--websocket-port", "50143", "--port", "50142"], "command_line": "C:\\Python37\\geckodriver.exe --websocket-port 50143 --port 50142", "entity_id": "{416dd0c5-efc4-676b-9602-000000000900}", "executable": "C:\\Python37\\geckodriver.exe", "hash": {"md5": "a815db40487b457b44dcda2dde8c4823", "sha1": "8766609f079faa9e74ae2c770c0e5f84b458799e", "sha256": "992210816bdb77611810d3ec259b49f000e1546a8415bb94e26ce7e17f58e16c"}, "name": "geckodriver.exe", "parent": {"args": ["C:\\Python37\\python.exe", "-c", "from multiprocessing.spawn import spawn_main; spawn_main(parent_pid=7092, pipe_handle=1844)", "--multiprocessing-fork"], "command_line": "\"C:\\Python37\\python.exe\" \"-c\" \"from multiprocessing.spawn import spawn_main; spawn_main(parent_pid=7092, pipe_handle=1844)\" \"--multiprocessing-fork\"", "entity_id": "{416dd0c5-efc1-676b-9502-000000000900}", "executable": "C:\\Python37\\python.exe", "name": "python.exe", "pid": 3912}, "pe": {"imphash": "c7b2d9891c8ea27ab912d8036021e33d"}, "pid": 3436, "working_directory": "C:\\BREACH\\"}, "related": {"hash": ["8766609f079faa9e74ae2c770c0e5f84b458799e", "a815db40487b457b44dcda2dde8c4823", "992210816bdb77611810d3ec259b49f000e1546a8415bb94e26ce7e17f58e16c", "c7b2d9891c8ea27ab912d8036021e33d"], "user": "client9"}, "user": {"domain": "BREACH", "name": "client9"}, "winlog": {"api": "wineventlog", "channel": "Microsoft-Windows-Sysmon/Operational", "computer_name": "CLIENT9.breach.local", "event_data": {"Company": "-", "Description": "-", "FileVersion": "-", "IntegrityLevel": "Medium", "LogonGuid": "{416dd0c5-bc33-676b-93b3-040000000000}", "LogonId": "0x4b393", "OriginalFileName": "-", "ParentUser": "BREACH\\client9", "Product": "-", "RuleName": "-", "TerminalSessionId": "1"}, "event_id": 1, "opcode": "Info", "process": {"pid": 2824, "thread": {"id": 3260}}, "provider_guid": "{5770385f-c22a-43e0-bf4c-06f5698ffbd9}", "provider_name": "Microsoft-Windows-Sysmon", "record_id": 793543, "task": "Process Create (rule: ProcessCreate)", "user": {"domain": "NT AUTHORITY", "identifier": "S-1-5-18", "name": "SYSTEM", "type": "User"}, "version": 5}}
{"@timestamp": "2024-12-25T11:43:04.455Z", "agent": {"ephemeral_id": "4d435ba8-31a0-41c4-8175-5ef02120cf03", "hostname": "CLIENT9", "id": "c35095e9-5f9f-4084-a651-3aaa2966847a", "name": "CLIENT9", "type": "winlogbeat", "version": "7.10.2"}, "ecs": {"version": "1.5.0"}, "event": {"action": "Process Create (rule: ProcessCreate)", "category": ["process"], "code": 1, "created": "2024-12-25T11:44:39.545Z", "kind": "event", "module": "sysmon", "provider": "Microsoft-Windows-Sysmon", "type": ["start", "process_start"]}, "hash": {"imphash": "51bef41e5cd278a02c17451af095c288", "md5": "45cfba3f1b54d79d1d6c8fbb77ba9870", "sha1": "6b95bf67ea45de4b98cc6ee89364d66ead46abfb", "sha256": "491971090692d470846169aee2343091eaf173715694449eb48b97addf62538c"}, "host": {"name": "CLIENT9.breach.local"}, "log": {"level": "information"}, "process": {"args": ["C:\\Program Files (x86)\\Mozilla Firefox\\firefox.exe", "--marionette", "--remote-debugging-port", "50143", "--remote-allow-hosts", "localhost", "-no-remote", "-profile", "C:\\Users\\client9\\AppData\\Local\\Temp\\rust_mozprofile9VFZE8"], "command_line": "\"C:\\Program Files (x86)\\Mozilla Firefox\\firefox.exe\" --marionette --remote-debugging-port 50143 --remote-allow-hosts localhost -no-remote -profile C:\\Users\\client9\\AppData\\Local\\Temp\\rust_mozprofile9VFZE8", "entity_id": "{416dd0c5-efc8-676b-9702-000000000900}", "executable": "C:\\Program Files (x86)\\Mozilla Firefox\\firefox.exe", "hash": {"md5": "45cfba3f1b54d79d1d6c8fbb77ba9870", "sha1": "6b95bf67ea45de4b98cc6ee89364d66ead46abfb", "sha256": "491971090692d470846169aee2343091eaf173715694449eb48b97addf62538c"}, "name": "firefox.exe", "parent": {"args": ["C:\\Python37\\geckodriver.exe", "--websocket-port", "50143", "--port", "50142"], "command_line": "C:\\Python37\\geckodriver.exe --websocket-port 50143 --port 50142", "entity_id": "{416dd0c5-efc4-676b-9602-000000000900}", "executable": "C:\\Python37\\geckodriver.exe", "name": "geckodriver.exe", "pid": 3436}, "pe": {"imphash": "51bef41e5cd278a02c17451af095c288"}, "pid": 8336, "working_directory": "C:\\BREACH\\"}, "related": {"hash": ["6b95bf67ea45de4b98cc6ee89364d66ead46abfb", "45cfba3f1b54d79d1d6c8fbb77ba9870", "491971090692d470846169aee2343091eaf173715694449eb48b97addf62538c", "51bef41e5cd278a02c17451af095c288"], "user": "client9"}, "user": {"domain": "BREACH", "name": "client9"}, "winlog": {"api": "wineventlog", "channel": "Microsoft-Windows-Sysmon/Operational", "computer_name": "CLIENT9.breach.local", "event_data": {"Company": "Mozilla Corporation", "Description": "Firefox", "FileVersion": "133.0.3", "IntegrityLevel": "Medium", "LogonGuid": "{416dd0c5-bc33-676b-93b3-040000000000}", "LogonId": "0x4b393", "OriginalFileName": "firefox.exe", "ParentUser": "BREACH\\client9", "Product": "Firefox", "RuleName": "-", "TerminalSessionId": "1"}, "event_id": 1, "opcode": "Info", "process": {"pid": 2824, "thread": {"id": 3260}}, "provider_guid": "{5770385f-c22a-43e0-bf4c-06f5698ffbd9}", "provider_name": "Microsoft-Windows-Sysmon", "record_id": 793601, "task": "Process Create (rule: ProcessCreate)", "user": {"domain": "NT AUTHORITY", "identifier": "S-1-5-18", "name": "SYSTEM", "type": "User"}, "version": 5}}
{"@timestamp": "2024-12-25T11:43:04.649Z", "agent": {"ephemeral_id": "4d435ba8-31a0-41c4-8175-5ef02120cf03", "hostname": "CLIENT9", "id": "c35095e9-5f9f-4084-a651-3aaa2966847a", "name": "CLIENT9", "type": "winlogbeat", "version": "7.10.2"}, "ecs": {"version": "1.5.0"}, "event": {"action": "Process Create (rule: ProcessCreate)", "category": ["process"], "code": 1, "created": "2024-12-25T11:44:51.887Z", "kind": "event", "module": "sysmon", "provider": "Microsoft-Windows-Sysmon", "type": ["start", "process_start"]}, "hash": {"imphash": "51bef41e5cd278a02c17451af095c288", "md5": "45cfba3f1b54d79d1d6c8fbb77ba9870", "sha1": "6b95bf67ea45de4b98cc6ee89364d66ead46abfb", "sha256": "491971090692d470846169aee2343091eaf173715694449eb48b97addf62538c"}, "host": {"name": "CLIENT9.breach.local"}, "log": {"level": "information"}, "process": {"args": ["C:\\Program Files (x86)\\Mozilla Firefox\\firefox.exe", "--marionette", "--remote-debugging-port", "50143", "--remote-allow-hosts", "localhost", "-no-remote", "-profile", "C:\\Users\\client9\\AppData\\Local\\Temp\\rust_mozprofile9VFZE8"], "command_line": "\"C:\\Program Files (x86)\\Mozilla Firefox\\firefox.exe\" --marionette --remote-debugging-port 50143 --remote-allow-hosts localhost -no-remote -profile C:\\Users\\client9\\AppData\\Local\\Temp\\rust_mozprofile9VFZE8", "entity_id": "{416dd0c5-efc8-676b-9802-000000000900}", "executable": "C:\\Program Files (x86)\\Mozilla Firefox\\firefox.exe", "hash": {"md5": "45cfba3f1b54d79d1d6c8fbb77ba9870", "sha1": "6b95bf67ea45de4b98cc6ee89364d66ead46abfb", "sha256": "491971090692d470846169aee2343091eaf173715694449eb48b97addf62538c"}, "name": "firefox.exe", "parent": {"args": ["C:\\Program Files (x86)\\Mozilla Firefox\\firefox.exe", "--marionette", "--remote-debugging-port", "50143", "--remote-allow-hosts", "localhost", "-no-remote", "-profile", "C:\\Users\\client9\\AppData\\Local\\Temp\\rust_mozprofile9VFZE8"], "command_line": "\"C:\\Program Files (x86)\\Mozilla Firefox\\firefox.exe\" --marionette --remote-debugging-port 50143 --remote-allow-hosts localhost -no-remote -profile C:\\Users\\client9\\AppData\\Local\\Temp\\rust_mozprofile9VFZE8", "entity_id": "{416dd0c5-efc8-676b-9702-000000000900}", "executable": "C:\\Program Files (x86)\\Mozilla Firefox\\firefox.exe", "name": "firefox.exe", "pid": 8336}, "pe": {"imphash": "51bef41e5cd278a02c17451af095c288"}, "pid": 5668, "working_directory": "C:\\BREACH\\"}, "related": {"hash": ["6b95bf67ea45de4b98cc6ee89364d66ead46abfb", "45cfba3f1b54d79d1d6c8fbb77ba9870", "491971090692d470846169aee2343091eaf173715694449eb48b97addf62538c", "51bef41e5cd278a02c17451af095c288"], "user": "client9"}, "user": {"domain": "BREACH", "name": "client9"}, "winlog": {"api": "wineventlog", "channel": "Microsoft-Windows-Sysmon/Operational", "computer_name": "CLIENT9.breach.local", "event_data": {"Company": "Mozilla Corporation", "Description": "Firefox", "FileVersion": "133.0.3", "IntegrityLevel": "Medium", "LogonGuid": "{416dd0c5-bc33-676b-93b3-040000000000}", "LogonId": "0x4b393", "OriginalFileName": "firefox.exe", "ParentUser": "BREACH\\client9", "Product": "Firefox", "RuleName": "-", "TerminalSessionId": "1"}, "event_id": 1, "opcode": "Info", "process": {"pid": 2824, "thread": {"id": 3260}}, "provider_guid": "{5770385f-c22a-43e0-bf4c-06f5698ffbd9}", "provider_name": "Microsoft-Windows-Sysmon", "record_id": 793627, "task": "Process Create (rule: ProcessCreate)", "user": {"domain": "NT AUTHORITY", "identifier": "S-1-5-18", "name": "SYSTEM", "type": "User"}, "version": 5}}
{"@timestamp": "2024-12-25T11:43:08.371Z", "agent": {"ephemeral_id": "4d435ba8-31a0-41c4-8175-5ef02120cf03", "hostname": "CLIENT9", "id": "c35095e9-5f9f-4084-a651-3aaa2966847a", "name": "CLIENT9", "type": "winlogbeat", "version": "7.10.2"}, "ecs": {"version": "1.5.0"}, "event": {"action": "Process Create (rule: ProcessCreate)", "category": ["process"], "code": 1, "created": "2024-12-25T11:45:08.020Z", "kind": "event", "module": "sysmon", "provider": "Microsoft-Windows-Sysmon", "type": ["start", "process_start"]}, "hash": {"imphash": "51bef41e5cd278a02c17451af095c288", "md5": "45cfba3f1b54d79d1d6c8fbb77ba9870", "sha1": "6b95bf67ea45de4b98cc6ee89364d66ead46abfb", "sha256": "491971090692d470846169aee2343091eaf173715694449eb48b97addf62538c"}, "host": {"name": "CLIENT9.breach.local"}, "log": {"level": "information"}, "process": {"args": ["C:\\Program Files (x86)\\Mozilla Firefox\\firefox.exe", "-contentproc", "-parentBuildID", "20241209150345", "-prefsHandle", "1920", "-prefsLen", "24634", "-prefMapHandle", "1924", "-prefMapSize", "265948", "-ipcHandle", "1992", "-initialChannelId", "{f1bceea9-d83f-47d5-8d0a-4824da1d7597}", "-parentPid", "5668", "-crashReporter", "\\\\.\\pipe\\gecko-crash-server-pipe.5668", "-appDir", "C:\\Program Files (x86)\\Mozilla Firefox\\browser", "-", "1", "gpu"], "command_line": "\"C:\\Program Files (x86)\\Mozilla Firefox\\firefox.exe\" -contentproc -parentBuildID 20241209150345 -prefsHandle 1920 -prefsLen 24634 -prefMapHandle 1924 -prefMapSize 265948 -ipcHandle 1992 -initialChannelId {f1bceea9-d83f-47d5-8d0a-4824da1d7597} -parentPid 5668 -crashReporter \"\\\\.\\pipe\\gecko-crash-server-pipe.5668\" -appDir \"C:\\Program Files (x86)\\Mozilla Firefox\\browser\" - 1 gpu", "entity_id": "{416dd0c5-efcc-676b-9902-000000000900}", "executable": "C:\\Program Files (x86)\\Mozilla Firefox\\firefox.exe", "hash": {"md5": "45cfba3f1b54d79d1d6c8fbb77ba9870", "sha1": "6b95bf67ea45de4b98cc6ee89364d66ead46abfb", "sha256": "491971090692d470846169aee2343091eaf173715694449eb48b97addf62538c"}, "name": "firefox.exe", "parent": {"args": ["C:\\Program Files (x86)\\Mozilla Firefox\\firefox.exe", "--marionette", "--remote-debugging-port", "50143", "--remote-allow-hosts", "localhost", "-no-remote", "-profile", "C:\\Users\\client9\\AppData\\Local\\Temp\\rust_mozprofile9VFZE8"], "command_line": "\"C:\\Program Files (x86)\\Mozilla Firefox\\firefox.exe\" --marionette --remote-debugging-port 50143 --remote-allow-hosts localhost -no-remote -profile C:\\Users\\client9\\AppData\\Local\\Temp\\rust_mozprofile9VFZE8", "entity_id": "{416dd0c5-efc8-676b-9802-000000000900}", "executable": "C:\\Program Files (x86)\\Mozilla Firefox\\firefox.exe", "name": "firefox.exe", "pid": 5668}, "pe": {"imphash": "51bef41e5cd278a02c17451af095c288"}, "pid": 1464, "working_directory": "C:\\BREACH\\"}, "related": {"hash": ["6b95bf67ea45de4b98cc6ee89364d66ead46abfb", "45cfba3f1b54d79d1d6c8fbb77ba9870", "491971090692d470846169aee2343091eaf173715694449eb48b97addf62538c", "51bef41e5cd278a02c17451af095c288"], "user": "client9"}, "user": {"domain": "BREACH", "name": "client9"}, "winlog": {"api": "wineventlog", "channel": "Microsoft-Windows-Sysmon/Operational", "computer_name": "CLIENT9.breach.local", "event_data": {"Company": "Mozilla Corporation", "Description": "Firefox", "FileVersion": "133.0.3", "IntegrityLevel": "Low", "LogonGuid": "{416dd0c5-bc33-676b-93b3-040000000000}", "LogonId": "0x4b393", "OriginalFileName": "firefox.exe", "ParentUser": "BREACH\\client9", "Product": "Firefox", "RuleName": "-", "TerminalSessionId": "1"}, "event_id": 1, "opcode": "Info", "process": {"pid": 2824, "thread": {"id": 3260}}, "provider_guid": "{5770385f-c22a-43e0-bf4c-06f5698ffbd9}", "provider_name": "Microsoft-Windows-Sysmon", "record_id": 793797, "task": "Process Create (rule: ProcessCreate)", "user": {"domain": "NT AUTHORITY", "identifier": "S-1-5-18", "name": "SYSTEM", "type": "User"}, "version": 5}}
{"@timestamp": "2024-12-25T11:43:09.287Z", "agent": {"ephemeral_id": "4d435ba8-31a0-41c4-8175-5ef02120cf03", "hostname": "CLIENT9", "id": "c35095e9-5f9f-4084-a651-3aaa2966847a", "name": "CLIENT9", "type": "winlogbeat", "version": "7.10.2"}, "ecs": {"version": "1.5.0"}, "event": {"action": "Process Create (rule: ProcessCreate)", "category": ["process"], "code": 1, "created": "2024-12-25T11:45:20.461Z", "kind": "event", "module": "sysmon", "provider": "Microsoft-Windows-Sysmon", "type": ["start", "process_start"]}, "hash": {"imphash": "51bef41e5cd278a02c17451af095c288", "md5": "45cfba3f1b54d79d1d6c8fbb77ba9870", "sha1": "6b95bf67ea45de4b98cc6ee89364d66ead46abfb", "sha256": "491971090692d470846169aee2343091eaf173715694449eb48b97addf62538c"}, "host": {"name": "CLIENT9.breach.local"}, "log": {"level": "information"}, "process": {"args": ["C:\\Program Files (x86)\\Mozilla Firefox\\firefox.exe", "-contentproc", "-parentBuildID", "20241209150345", "-prefsHandle", "2464", "-prefsLen", "29222", "-prefMapHandle", "2468", "-prefMapSize", "265948", "-ipcHandle", "2476", "-initialChannelId", "{92fe149f-d67f-4182-af6c-1d892c0757c9}", "-parentPid", "5668", "-crashReporter", "\\\\.\\pipe\\gecko-crash-server-pipe.5668", "-win32kLockedDown", "-appDir", "C:\\Program Files (x86)\\Mozilla Firefox\\browser", "-", "2", "socket"], "command_line": "\"C:\\Program Files (x86)\\Mozilla Firefox\\firefox.exe\" -contentproc -parentBuildID 20241209150345 -prefsHandle 2464 -prefsLen 29222 -prefMapHandle 2468 -prefMapSize 265948 -ipcHandle 2476 -initialChannelId {92fe149f-d67f-4182-af6c-1d892c0757c9} -parentPid 5668 -crashReporter \"\\\\.\\pipe\\gecko-crash-server-pipe.5668\" -win32kLockedDown -appDir \"C:\\Program Files (x86)\\Mozilla Firefox\\browser\" - 2 socket", "entity_id": "{416dd0c5-efcd-676b-9a02-000000000900}", "executable": "C:\\Program Files (x86)\\Mozilla Firefox\\firefox.exe", "hash": {"md5": "45cfba3f1b54d79d1d6c8fbb77ba9870", "sha1": "6b95bf67ea45de4b98cc6ee89364d66ead46abfb", "sha256": "491971090692d470846169aee2343091eaf173715694449eb48b97addf62538c"}, "name": "firefox.exe", "parent": {"args": ["C:\\Program Files (x86)\\Mozilla Firefox\\firefox.exe", "--marionette", "--remote-debugging-port", "50143", "--remote-allow-hosts", "localhost", "-no-remote", "-profile", "C:\\Users\\client9\\AppData\\Local\\Temp\\rust_mozprofile9VFZE8"], "command_line": "\"C:\\Program Files (x86)\\Mozilla Firefox\\firefox.exe\" --marionette --remote-debugging-port 50143 --remote-allow-hosts localhost -no-remote -profile C:\\Users\\client9\\AppData\\Local\\Temp\\rust_mozprofile9VFZE8", "entity_id": "{416dd0c5-efc8-676b-9802-000000000900}", "executable": "C:\\Program Files (x86)\\Mozilla Firefox\\firefox.exe", "name": "firefox.exe", "pid": 5668}, "pe": {"imphash": "51bef41e5cd278a02c17451af095c288"}, "pid": 5360, "working_directory": "C:\\BREACH\\"}, "related": {"hash": ["6b95bf67ea45de4b98cc6ee89364d66ead46abfb", "45cfba3f1b54d79d1d6c8fbb77ba9870", "491971090692d470846169aee2343091eaf173715694449eb48b97addf62538c", "51bef41e5cd278a02c17451af095c288"], "user": "client9"}, "user": {"domain": "BREACH", "name": "client9"}, "winlog": {"api": "wineventlog", "channel": "Microsoft-Windows-Sysmon/Operational", "computer_name": "CLIENT9.breach.local", "event_data": {"Company": "Mozilla Corporation", "Description": "Firefox", "FileVersion": "133.0.3", "IntegrityLevel": "Low", "LogonGuid": "{416dd0c5-bc33-676b-93b3-040000000000}", "LogonId": "0x4b393", "OriginalFileName": "firefox.exe", "ParentUser": "BREACH\\client9", "Product": "Firefox", "RuleName": "-", "TerminalSessionId": "1"}, "event_id": 1, "opcode": "Info", "process": {"pid": 2824, "thread": {"id": 3260}}, "provider_guid": "{5770385f-c22a-43e0-bf4c-06f5698ffbd9}", "provider_name": "Microsoft-Windows-Sysmon", "record_id": 793912, "task": "Process Create (rule: ProcessCreate)", "user": {"domain": "NT AUTHORITY", "identifier": "S-1-5-18", "name": "SYSTEM", "type": "User"}, "version": 5}}
{"@timestamp": "2024-12-25T11:43:10.386Z", "agent": {"ephemeral_id": "4d435ba8-31a0-41c4-8175-5ef02120cf03", "hostname": "CLIENT9", "id": "c35095e9-5f9f-4084-a651-3aaa2966847a", "name": "CLIENT9", "type": "winlogbeat", "version": "7.10.2"}, "ecs": {"version": "1.5.0"}, "event": {"action": "Process Create (rule: ProcessCreate)", "category": ["process"], "code": 1, "created": "2024-12-25T11:45:32.058Z", "kind": "event", "module": "sysmon", "provider": "Microsoft-Windows-Sysmon", "type": ["start", "process_start"]}, "hash": {"imphash": "51bef41e5cd278a02c17451af095c288", "md5": "45cfba3f1b54d79d1d6c8fbb77ba9870", "sha1": "6b95bf67ea45de4b98cc6ee89364d66ead46abfb", "sha256": "491971090692d470846169aee2343091eaf173715694449eb48b97addf62538c"}, "host": {"name": "CLIENT9.breach.local"}, "log": {"level": "information"}, "process": {"args": ["C:\\Program Files (x86)\\Mozilla Firefox\\firefox.exe", "-contentproc", "-isForBrowser", "-prefsHandle", "3148", "-prefsLen", "29793", "-prefMapHandle", "3152", "-prefMapSize", "265948", "-jsInitHandle", "3156", "-jsInitLen", "234660", "-parentBuildID", "20241209150345", "-ipcHandle", "3164", "-initialChannelId", "{d11b4a6d-5319-4b15-bb12-02e3a93febf9}", "-parentPid", "5668", "-crashReporter", "\\\\.\\pipe\\gecko-crash-server-pipe.5668", "-win32kLockedDown", "-appDir", "C:\\Program Files (x86)\\Mozilla Firefox\\browser", "-", "3", "tab"], "command_line": "\"C:\\Program Files (x86)\\Mozilla Firefox\\firefox.exe\" -contentproc -isForBrowser -prefsHandle 3148 -prefsLen 29793 -prefMapHandle 3152 -prefMapSize 265948 -jsInitHandle 3156 -jsInitLen 234660 -parentBuildID 20241209150345 -ipcHandle 3164 -initialChannelId {d11b4a6d-5319-4b15-bb12-02e3a93febf9} -parentPid 5668 -crashReporter \"\\\\.\\pipe\\gecko-crash-server-pipe.5668\" -win32kLockedDown -appDir \"C:\\Program Files (x86)\\Mozilla Firefox\\browser\" - 3 tab", "entity_id": "{416dd0c5-efce-676b-9b02-000000000900}", "executable": "C:\\Program Files (x86)\\Mozilla Firefox\\firefox.exe", "hash": {"md5": "45cfba3f1b54d79d1d6c8fbb77ba9870", "sha1": "6b95bf67ea45de4b98cc6ee89364d66ead46abfb", "sha256": "491971090692d470846169aee2343091eaf173715694449eb48b97addf62538c"}, "name": "firefox.exe", "parent": {"args": ["C:\\Program Files (x86)\\Mozilla Firefox\\firefox.exe", "--marionette", "--remote-debugging-port", "50143", "--remote-allow-hosts", "localhost", "-no-remote", "-profile", "C:\\Users\\client9\\AppData\\Local\\Temp\\rust_mozprofile9VFZE8"], "command_line": "\"C:\\Program Files (x86)\\Mozilla Firefox\\firefox.exe\" --marionette --remote-debugging-port 50143 --remote-allow-hosts localhost -no-remote -profile C:\\Users\\client9\\AppData\\Local\\Temp\\rust_mozprofile9VFZE8", "entity_id": "{416dd0c5-efc8-676b-9802-000000000900}", "executable": "C:\\Program Files (x86)\\Mozilla Firefox\\firefox.exe", "name": "firefox.exe", "pid": 5668}, "pe": {"imphash": "51bef41e5cd278a02c17451af095c288"}, "pid": 6872, "working_directory": "C:\\BREACH\\"}, "related": {"hash": ["6b95bf67ea45de4b98cc6ee89364d66ead46abfb", "45cfba3f1b54d79d1d6c8fbb77ba9870", "491971090692d470846169aee2343091eaf173715694449eb48b97addf62538c", "51bef41e5cd278a02c17451af095c288"], "user": "client9"}, "user": {"domain": "BREACH", "name": "client9"}, "winlog": {"api": "wineventlog", "channel": "Microsoft-Windows-Sysmon/Operational", "computer_name": "CLIENT9.breach.local", "event_data": {"Company": "Mozilla Corporation", "Description": "Firefox", "FileVersion": "133.0.3", "IntegrityLevel": "Low", "LogonGuid": "{416dd0c5-bc33-676b-93b3-040000000000}", "LogonId": "0x4b393", "OriginalFileName": "firefox.exe", "ParentUser": "BREACH\\client9", "Product": "Firefox", "RuleName": "-", "TerminalSessionId": "1"}, "event_id": 1, "opcode": "Info", "process": {"pid": 2824, "thread": {"id": 3260}}, "provider_guid": "{5770385f-c22a-43e0-bf4c-06f5698ffbd9}", "provider_name": "Microsoft-Windows-Sysmon", "record_id": 794015, "task": "Process Create (rule: ProcessCreate)", "user": {"domain": "NT AUTHORITY", "identifier": "S-1-5-18", "name": "SYSTEM", "type": "User"}, "version": 5}}
{"@timestamp": "2024-12-25T11:43:10.837Z", "agent": {"ephemeral_id": "4d435ba8-31a0-41c4-8175-5ef02120cf03", "hostname": "CLIENT9", "id": "c35095e9-5f9f-4084-a651-3aaa2966847a", "name": "CLIENT9", "type": "winlogbeat", "version": "7.10.2"}, "ecs": {"version": "1.5.0"}, "event": {"action": "Process Create (rule: ProcessCreate)", "category": ["process"], "code": 1, "created": "2024-12-25T11:45:43.901Z", "kind": "event", "module": "sysmon", "provider": "Microsoft-Windows-Sysmon", "type": ["start", "process_start"]}, "hash": {"imphash": "51bef41e5cd278a02c17451af095c288", "md5": "45cfba3f1b54d79d1d6c8fbb77ba9870", "sha1": "6b95bf67ea45de4b98cc6ee89364d66ead46abfb", "sha256": "491971090692d470846169aee2343091eaf173715694449eb48b97addf62538c"}, "host": {"name": "CLIENT9.breach.local"}, "log": {"level": "information"}, "process": {"args": ["C:\\Program Files (x86)\\Mozilla Firefox\\firefox.exe", "-contentproc", "-isForBrowser", "-prefsHandle", "3664", "-prefsLen", "29182", "-prefMapHandle", "3668", "-prefMapSize", "265948", "-jsInitHandle", "3672", "-jsInitLen", "234660", "-parentBuildID", "20241209150345", "-ipcHandle", "3696", "-initialChannelId", "{2b86e1b7-318b-47f0-bbc6-609f947696f6}", "-parentPid", "5668", "-crashReporter", "\\\\.\\pipe\\gecko-crash-server-pipe.5668", "-win32kLockedDown", "-appDir", "C:\\Program Files (x86)\\Mozilla Firefox\\browser", "-", "4", "tab"], "command_line": "\"C:\\Program Files (x86)\\Mozilla Firefox\\firefox.exe\" -contentproc -isForBrowser -prefsHandle 3664 -prefsLen 29182 -prefMapHandle 3668 -prefMapSize 265948 -jsInitHandle 3672 -jsInitLen 234660 -parentBuildID 20241209150345 -ipcHandle 3696 -initialChannelId {2b86e1b7-318b-47f0-bbc6-609f947696f6} -parentPid 5668 -crashReporter \"\\\\.\\pipe\\gecko-crash-server-pipe.5668\" -win32kLockedDown -appDir \"C:\\Program Files (x86)\\Mozilla Firefox\\browser\" - 4 tab", "entity_id": "{416dd0c5-efce-676b-9c02-000000000900}", "executable": "C:\\Program Files (x86)\\Mozilla Firefox\\firefox.exe", "hash": {"md5": "45cfba3f1b54d79d1d6c8fbb77ba9870", "sha1": "6b95bf67ea45de4b98cc6ee89364d66ead46abfb", "sha256": "491971090692d470846169aee2343091eaf173715694449eb48b97addf62538c"}, "name": "firefox.exe", "parent": {"args": ["C:\\Program Files (x86)\\Mozilla Firefox\\firefox.exe", "--marionette", "--remote-debugging-port", "50143", "--remote-allow-hosts", "localhost", "-no-remote", "-profile", "C:\\Users\\client9\\AppData\\Local\\Temp\\rust_mozprofile9VFZE8"], "command_line": "\"C:\\Program Files (x86)\\Mozilla Firefox\\firefox.exe\" --marionette --remote-debugging-port 50143 --remote-allow-hosts localhost -no-remote -profile C:\\Users\\client9\\AppData\\Local\\Temp\\rust_mozprofile9VFZE8", "entity_id": "{416dd0c5-efc8-676b-9802-000000000900}", "executable": "C:\\Program Files (x86)\\Mozilla Firefox\\firefox.exe", "name": "firefox.exe", "pid": 5668}, "pe": {"imphash": "51bef41e5cd278a02c17451af095c288"}, "pid": 2228, "working_directory": "C:\\BREACH\\"}, "related": {"hash": ["6b95bf67ea45de4b98cc6ee89364d66ead46abfb", "45cfba3f1b54d79d1d6c8fbb77ba9870", "491971090692d470846169aee2343091eaf173715694449eb48b97addf62538c", "51bef41e5cd278a02c17451af095c288"], "user": "client9"}, "user": {"domain": "BREACH", "name": "client9"}, "winlog": {"api": "wineventlog", "channel": "Microsoft-Windows-Sysmon/Operational", "computer_name": "CLIENT9.breach.local", "event_data": {"Company": "Mozilla Corporation", "Description": "Firefox", "FileVersion": "133.0.3", "IntegrityLevel": "Low", "LogonGuid": "{416dd0c5-bc33-676b-93b3-040000000000}", "LogonId": "0x4b393", "OriginalFileName": "firefox.exe", "ParentUser": "BREACH\\client9", "Product": "Firefox", "RuleName": "-", "TerminalSessionId": "1"}, "event_id": 1, "opcode": "Info", "process": {"pid": 2824, "thread": {"id": 3260}}, "provider_guid": "{5770385f-c22a-43e0-bf4c-06f5698ffbd9}", "provider_name": "Microsoft-Windows-Sysmon", "record_id": 794072, "task": "Process Create (rule: ProcessCreate)", "user": {"domain": "NT AUTHORITY", "identifier": "S-1-5-18", "name": "SYSTEM", "type": "User"}, "version": 5}}
{"@timestamp": "2024-12-25T11:43:14.269Z", "agent": {"ephemeral_id": "4d435ba8-31a0-41c4-8175-5ef02120cf03", "hostname": "CLIENT9", "id": "c35095e9-5f9f-4084-a651-3aaa2966847a", "name": "CLIENT9", "type": "winlogbeat", "version": "7.10.2"}, "ecs": {"version": "1.5.0"}, "event": {"action": "Process Create (rule: ProcessCreate)", "category": ["process"], "code": 1, "created": "2024-12-25T11:46:07.714Z", "kind": "event", "module": "sysmon", "provider": "Microsoft-Windows-Sysmon", "type": ["start", "process_start"]}, "hash": {"imphash": "51bef41e5cd278a02c17451af095c288", "md5": "45cfba3f1b54d79d1d6c8fbb77ba9870", "sha1": "6b95bf67ea45de4b98cc6ee89364d66ead46abfb", "sha256": "491971090692d470846169aee2343091eaf173715694449eb48b97addf62538c"}, "host": {"name": "CLIENT9.breach.local"}, "log": {"level": "information"}, "process": {"args": ["C:\\Program Files (x86)\\Mozilla Firefox\\firefox.exe", "-contentproc", "-parentBuildID", "20241209150345", "-sandboxingKind", "0", "-prefsHandle", "4484", "-prefsLen", "39252", "-prefMapHandle", "4492", "-prefMapSize", "265948", "-ipcHandle", "4500", "-initialChannelId", "{8e1ba0e1-84c1-4c00-8750-9d9286f7ae59}", "-parentPid", "5668", "-crashReporter", "\\\\.\\pipe\\gecko-crash-server-pipe.5668", "-win32kLockedDown", "-appDir", "C:\\Program Files (x86)\\Mozilla Firefox\\browser", "-", "5", "utility"], "command_line": "\"C:\\Program Files (x86)\\Mozilla Firefox\\firefox.exe\" -contentproc -parentBuildID 20241209150345 -sandboxingKind 0 -prefsHandle 4484 -prefsLen 39252 -prefMapHandle 4492 -prefMapSize 265948 -ipcHandle 4500 -initialChannelId {8e1ba0e1-84c1-4c00-8750-9d9286f7ae59} -parentPid 5668 -crashReporter \"\\\\.\\pipe\\gecko-crash-server-pipe.5668\" -win32kLockedDown -appDir \"C:\\Program Files (x86)\\Mozilla Firefox\\browser\" - 5 utility", "entity_id": "{416dd0c5-efd2-676b-9d02-000000000900}", "executable": "C:\\Program Files (x86)\\Mozilla Firefox\\firefox.exe", "hash": {"md5": "45cfba3f1b54d79d1d6c8fbb77ba9870", "sha1": "6b95bf67ea45de4b98cc6ee89364d66ead46abfb", "sha256": "491971090692d470846169aee2343091eaf173715694449eb48b97addf62538c"}, "name": "firefox.exe", "parent": {"args": ["C:\\Program Files (x86)\\Mozilla Firefox\\firefox.exe", "--marionette", "--remote-debugging-port", "50143", "--remote-allow-hosts", "localhost", "-no-remote", "-profile", "C:\\Users\\client9\\AppData\\Local\\Temp\\rust_mozprofile9VFZE8"], "command_line": "\"C:\\Program Files (x86)\\Mozilla Firefox\\firefox.exe\" --marionette --remote-debugging-port 50143 --remote-allow-hosts localhost -no-remote -profile C:\\Users\\client9\\AppData\\Local\\Temp\\rust_mozprofile9VFZE8", "entity_id": "{416dd0c5-efc8-676b-9802-000000000900}", "executable": "C:\\Program Files (x86)\\Mozilla Firefox\\firefox.exe", "name": "firefox.exe", "pid": 5668}, "pe": {"imphash": "51bef41e5cd278a02c17451af095c288"}, "pid": 7560, "working_directory": "C:\\BREACH\\"}, "related": {"hash": ["6b95bf67ea45de4b98cc6ee89364d66ead46abfb", "45cfba3f1b54d79d1d6c8fbb77ba9870", "491971090692d470846169aee2343091eaf173715694449eb48b97addf62538c", "51bef41e5cd278a02c17451af095c288"], "user": "client9"}, "user": {"domain": "BREACH", "name": "client9"}, "winlog": {"api": "wineventlog", "channel": "Microsoft-Windows-Sysmon/Operational", "computer_name": "CLIENT9.breach.local", "event_data": {"Company": "Mozilla Corporation", "Description": "Firefox", "FileVersion": "133.0.3", "IntegrityLevel": "Low", "LogonGuid": "{416dd0c5-bc33-676b-93b3-040000000000}", "LogonId": "0x4b393", "OriginalFileName": "firefox.exe", "ParentUser": "BREACH\\client9", "Product": "Firefox", "RuleName": "-", "TerminalSessionId": "1"}, "event_id": 1, "opcode": "Info", "process": {"pid": 2824, "thread": {"id": 3260}}, "provider_guid": "{5770385f-c22a-43e0-bf4c-06f5698ffbd9}", "provider_name": "Microsoft-Windows-Sysmon", "record_id": 794266, "task": "Process Create (rule: ProcessCreate)", "user": {"domain": "NT AUTHORITY", "identifier": "S-1-5-18", "name": "SYSTEM", "type": "User"}, "version": 5}}
{"@timestamp": "2024-12-25T11:43:14.310Z", "agent": {"ephemeral_id": "4d435ba8-31a0-41c4-8175-5ef02120cf03", "hostname": "CLIENT9", "id": "c35095e9-5f9f-4084-a651-3aaa2966847a", "name": "CLIENT9", "type": "winlogbeat", "version": "7.10.2"}, "ecs": {"version": "1.5.0"}, "event": {"action": "Process Create (rule: ProcessCreate)", "category": ["process"], "code": 1, "created": "2024-12-25T11:46:07.714Z", "kind": "event", "module": "sysmon", "provider": "Microsoft-Windows-Sysmon", "type": ["start", "process_start"]}, "hash": {"imphash": "51bef41e5cd278a02c17451af095c288", "md5": "45cfba3f1b54d79d1d6c8fbb77ba9870", "sha1": "6b95bf67ea45de4b98cc6ee89364d66ead46abfb", "sha256": "491971090692d470846169aee2343091eaf173715694449eb48b97addf62538c"}, "host": {"name": "CLIENT9.breach.local"}, "log": {"level": "information"}, "process": {"args": ["C:\\Program Files (x86)\\Mozilla Firefox\\firefox.exe", "-contentproc", "-isForBrowser", "-prefsHandle", "4620", "-prefsLen", "37291", "-prefMapHandle", "4628", "-prefMapSize", "265948", "-jsInitHandle", "4632", "-jsInitLen", "234660", "-parentBuildID", "20241209150345", "-ipcHandle", "4656", "-initialChannelId", "{837b90fa-39f7-4107-a060-9051df630f24}", "-parentPid", "5668", "-crashReporter", "\\\\.\\pipe\\gecko-crash-server-pipe.5668", "-win32kLockedDown", "-appDir", "C:\\Program Files (x86)\\Mozilla Firefox\\browser", "-", "6", "tab"], "command_line": "\"C:\\Program Files (x86)\\Mozilla Firefox\\firefox.exe\" -contentproc -isForBrowser -prefsHandle 4620 -prefsLen 37291 -prefMapHandle 4628 -prefMapSize 265948 -jsInitHandle 4632 -jsInitLen 234660 -parentBuildID 20241209150345 -ipcHandle 4656 -initialChannelId {837b90fa-39f7-4107-a060-9051df630f24} -parentPid 5668 -crashReporter \"\\\\.\\pipe\\gecko-crash-server-pipe.5668\" -win32kLockedDown -appDir \"C:\\Program Files (x86)\\Mozilla Firefox\\browser\" - 6 tab", "entity_id": "{416dd0c5-efd2-676b-9e02-000000000900}", "executable": "C:\\Program Files (x86)\\Mozilla Firefox\\firefox.exe", "hash": {"md5": "45cfba3f1b54d79d1d6c8fbb77ba9870", "sha1": "6b95bf67ea45de4b98cc6ee89364d66ead46abfb", "sha256": "491971090692d470846169aee2343091eaf173715694449eb48b97addf62538c"}, "name": "firefox.exe", "parent": {"args": ["C:\\Program Files (x86)\\Mozilla Firefox\\firefox.exe", "--marionette", "--remote-debugging-port", "50143", "--remote-allow-hosts", "localhost", "-no-remote", "-profile", "C:\\Users\\client9\\AppData\\Local\\Temp\\rust_mozprofile9VFZE8"], "command_line": "\"C:\\Program Files (x86)\\Mozilla Firefox\\firefox.exe\" --marionette --remote-debugging-port 50143 --remote-allow-hosts localhost -no-remote -profile C:\\Users\\client9\\AppData\\Local\\Temp\\rust_mozprofile9VFZE8", "entity_id": "{416dd0c5-efc8-676b-9802-000000000900}", "executable": "C:\\Program Files (x86)\\Mozilla Firefox\\firefox.exe", "name": "firefox.exe", "pid": 5668}, "pe": {"imphash": "51bef41e5cd278a02c17451af095c288"}, "pid": 6936, "working_directory": "C:\\BREACH\\"}, "related": {"hash": ["6b95bf67ea45de4b98cc6ee89364d66ead46abfb", "45cfba3f1b54d79d1d6c8fbb77ba9870", "491971090692d470846169aee2343091eaf173715694449eb48b97addf62538c", "51bef41e5cd278a02c17451af095c288"], "user": "client9"}, "user": {"domain": "BREACH", "name": "client9"}, "winlog": {"api": "wineventlog", "channel": "Microsoft-Windows-Sysmon/Operational", "computer_name": "CLIENT9.breach.local", "event_data": {"Company": "Mozilla Corporation", "Description": "Firefox", "FileVersion": "133.0.3", "IntegrityLevel": "Low", "LogonGuid": "{416dd0c5-bc33-676b-93b3-040000000000}", "LogonId": "0x4b393", "OriginalFileName": "firefox.exe", "ParentUser": "BREACH\\client9", "Product": "Firefox", "RuleName": "-", "TerminalSessionId": "1"}, "event_id": 1, "opcode": "Info", "process": {"pid": 2824, "thread": {"id": 3260}}, "provider_guid": "{5770385f-c22a-43e0-bf4c-06f5698ffbd9}", "provider_name": "Microsoft-Windows-Sysmon", "record_id": 794277, "task": "Process Create (rule: ProcessCreate)", "user": {"domain": "NT AUTHORITY", "identifier": "S-1-5-18", "name": "SYSTEM", "type": "User"}, "version": 5}}
{"@timestamp": "2024-12-25T11:43:31.701Z", "agent": {"ephemeral_id": "4d435ba8-31a0-41c4-8175-5ef02120cf03", "hostname": "CLIENT9", "id": "c35095e9-5f9f-4084-a651-3aaa2966847a", "name": "CLIENT9", "type": "winlogbeat", "version": "7.10.2"}, "ecs": {"version": "1.5.0"}, "event": {"action": "Logon", "code": 4624, "created": "2024-12-25T11:43:33.367Z", "kind": "event", "outcome": "success", "provider": "Microsoft-Windows-Security-Auditing"}, "host": {"name": "CLIENT9.breach.local"}, "log": {"level": "information"}, "winlog": {"activity_id": "{62700555-56a3-0001-c105-7062a356db01}", "api": "wineventlog", "channel": "Security", "computer_name": "CLIENT9.breach.local", "event_data": {"AuthenticationPackageName": "Negotiate", "ElevatedToken": "%%1842", "ImpersonationLevel": "%%1833", "IpAddress": "-", "IpPort": "-", "KeyLength": "0", "LmPackageName": "-", "LogonGuid": "{00000000-0000-0000-0000-000000000000}", "LogonProcessName": "Advapi  ", "LogonType": "5", "ProcessId": "0x258", "ProcessName": "C:\\Windows\\System32\\services.exe", "RestrictedAdminMode": "-", "SubjectDomainName": "BREACH", "SubjectLogonId": "0x3e7", "SubjectUserName": "CLIENT9$", "SubjectUserSid": "S-1-5-18", "TargetDomainName": "NT AUTHORITY", "TargetLinkedLogonId": "0x0", "TargetLogonId": "0x3e7", "TargetOutboundDomainName": "-", "TargetOutboundUserName": "-", "TargetUserName": "SYSTEM", "TargetUserSid": "S-1-5-18", "TransmittedServices": "-", "VirtualAccount": "%%1843", "WorkstationName": "-"}, "event_id": 4624, "keywords": ["Audit Success"], "opcode": "Info", "process": {"pid": 632, "thread": {"id": 7372}}, "provider_guid": "{54849625-5478-4994-a5ba-3e3b0328c30d}", "provider_name": "Microsoft-Windows-Security-Auditing", "record_id": 21306, "task": "Logon", "version": 2}}
{"@timestamp": "2024-12-25T11:43:31.701Z", "agent": {"ephemeral_id": "4d435ba8-31a0-41c4-8175-5ef02120cf03", "hostname": "CLIENT9", "id": "c35095e9-5f9f-4084-a651-3aaa2966847a", "name": "CLIENT9", "type": "winlogbeat", "version": "7.10.2"}, "ecs": {"version": "1.5.0"}, "event": {"action": "Special Logon", "code": 4672, "created": "2024-12-25T11:43:33.367Z", "kind": "event", "outcome": "success", "provider": "Microsoft-Windows-Security-Auditing"}, "host": {"name": "CLIENT9.breach.local"}, "log": {"level": "information"}, "winlog": {"activity_id": "{62700555-56a3-0001-c105-7062a356db01}", "api": "wineventlog", "channel": "Security", "computer_name": "CLIENT9.breach.local", "event_data": {"PrivilegeList": "SeAssignPrimaryTokenPrivilege\n\t\t\tSeTcbPrivilege\n\t\t\tSeSecurityPrivilege\n\t\t\tSeTakeOwnershipPrivilege\n\t\t\tSeLoadDriverPrivilege\n\t\t\tSeBackupPrivilege\n\t\t\tSeRestorePrivilege\n\t\t\tSeDebugPrivilege\n\t\t\tSeAuditPrivilege\n\t\t\tSeSystemEnvironmentPrivilege\n\t\t\tSeImpersonatePrivilege\n\t\t\tSeDelegateSessionUserImpersonatePrivilege", "SubjectDomainName": "NT AUTHORITY", "SubjectLogonId": "0x3e7", "SubjectUserName": "SYSTEM", "SubjectUserSid": "S-1-5-18"}, "event_id": 4672, "keywords": ["Audit Success"], "opcode": "Info", "process": {"pid": 632, "thread": {"id": 7372}}, "provider_guid": "{54849625-5478-4994-a5ba-3e3b0328c30d}", "provider_name": "Microsoft-Windows-Security-Auditing", "record_id": 21307, "task": "Special Logon"}}
{"@timestamp": "2024-12-25T11:43:31.703Z", "agent": {"ephemeral_id": "4d435ba8-31a0-41c4-8175-5ef02120cf03", "hostname": "CLIENT9", "id": "c35095e9-5f9f-4084-a651-3aaa2966847a", "name": "CLIENT9", "type": "winlogbeat", "version": "7.10.2"}, "ecs": {"version": "1.5.0"}, "event": {"action": "Process Create (rule: ProcessCreate)", "category": ["process"], "code": 1, "created": "2024-12-25T11:46:46.062Z", "kind": "event", "module": "sysmon", "provider": "Microsoft-Windows-Sysmon", "type": ["start", "process_start"]}, "hash": {"imphash": "f9bbd96fae53b7a31264a703cafa0666", "md5": "f586835082f632dc8d9404d83bc16316", "sha1": "010db07461e45b41c886192df6fd425ba8d42d82", "sha256": "643ec58e82e0272c97c2a59f6020970d881af19c0ad5029db9c958c13b6558c7"}, "host": {"name": "CLIENT9.breach.local"}, "log": {"level": "information"}, "process": {"args": ["C:\\Windows\\system32\\svchost.exe", "-k", "wsappx", "-p", "-s", "AppXSvc"], "command_line": "C:\\Windows\\system32\\svchost.exe -k wsappx -p -s AppXSvc", "entity_id": "{416dd0c5-efe3-676b-9f02-000000000900}", "executable": "C:\\Windows\\System32\\svchost.exe", "hash": {"md5": "f586835082f632dc8d9404d83bc16316", "sha1": "010db07461e45b41c886192df6fd425ba8d42d82", "sha256": "643ec58e82e0272c97c2a59f6020970d881af19c0ad5029db9c958c13b6558c7"}, "name": "svchost.exe", "parent": {"args": ["C:\\Windows\\system32\\services.exe"], "command_line": "C:\\Windows\\system32\\services.exe", "entity_id": "{416dd0c5-bc2b-676b-0b00-000000000900}", "executable": "C:\\Windows\\System32\\services.exe", "name": "services.exe", "pid": 600}, "pe": {"imphash": "f9bbd96fae53b7a31264a703cafa0666"}, "pid": 3116, "working_directory": "C:\\Windows\\system32\\"}, "related": {"hash": ["010db07461e45b41c886192df6fd425ba8d42d82", "f586835082f632dc8d9404d83bc16316", "643ec58e82e0272c97c2a59f6020970d881af19c0ad5029db9c958c13b6558c7", "f9bbd96fae53b7a31264a703cafa0666"], "user": "SYSTEM"}, "user": {"domain": "NT AUTHORITY", "name": "SYSTEM"}, "winlog": {"api": "wineventlog", "channel": "Microsoft-Windows-Sysmon/Operational", "computer_name": "CLIENT9.breach.local", "event_data": {"Company": "Microsoft Corporation", "Description": "Host Process for Windows Services", "FileVersion": "10.0.19041.546 (WinBuild.160101.0800)", "IntegrityLevel": "System", "LogonGuid": "{416dd0c5-bc2b-676b-e703-000000000000}", "LogonId": "0x3e7", "OriginalFileName": "svchost.exe", "ParentUser": "NT AUTHORITY\\SYSTEM", "Product": "Microsoft\u00ae Windows\u00ae Operating System", "RuleName": "-", "TerminalSessionId": "0"}, "event_id": 1, "opcode": "Info", "process": {"pid": 2824, "thread": {"id": 3260}}, "provider_guid": "{5770385f-c22a-43e0-bf4c-06f5698ffbd9}", "provider_name": "Microsoft-Windows-Sysmon", "record_id": 794532, "task": "Process Create (rule: ProcessCreate)", "user": {"domain": "NT AUTHORITY", "identifier": "S-1-5-18", "name": "SYSTEM", "type": "User"}, "version": 5}}
{"@timestamp": "2024-12-25T11:44:55.054Z", "agent": {"ephemeral_id": "4d435ba8-31a0-41c4-8175-5ef02120cf03", "hostname": "CLIENT9", "id": "c35095e9-5f9f-4084-a651-3aaa2966847a", "name": "CLIENT9", "type": "winlogbeat", "version": "7.10.2"}, "ecs": {"version": "1.5.0"}, "event": {"action": "Process Create (rule: ProcessCreate)", "category": ["process"], "code": 1, "created": "2024-12-25T11:48:16.789Z", "kind": "event", "module": "sysmon", "provider": "Microsoft-Windows-Sysmon", "type": ["start", "process_start"]}, "hash": {"imphash": "51bef41e5cd278a02c17451af095c288", "md5": "45cfba3f1b54d79d1d6c8fbb77ba9870", "sha1": "6b95bf67ea45de4b98cc6ee89364d66ead46abfb", "sha256": "491971090692d470846169aee2343091eaf173715694449eb48b97addf62538c"}, "host": {"name": "CLIENT9.breach.local"}, "log": {"level": "information"}, "process": {"args": ["C:\\Program Files (x86)\\Mozilla Firefox\\firefox.exe", "-contentproc", "-parentBuildID", "20241209150345", "-prefsHandle", "7604", "-prefsLen", "43121", "-prefMapHandle", "7584", "-prefMapSize", "265948", "-ipcHandle", "7592", "-initialChannelId", "{dc2ea8db-ade1-4e96-a865-1c85f53e92fd}", "-parentPid", "5668", "-crashReporter", "\\\\.\\pipe\\gecko-crash-server-pipe.5668", "-appDir", "C:\\Program Files (x86)\\Mozilla Firefox\\browser", "-", "7", "rdd"], "command_line": "\"C:\\Program Files (x86)\\Mozilla Firefox\\firefox.exe\" -contentproc -parentBuildID 20241209150345 -prefsHandle 7604 -prefsLen 43121 -prefMapHandle 7584 -prefMapSize 265948 -ipcHandle 7592 -initialChannelId {dc2ea8db-ade1-4e96-a865-1c85f53e92fd} -parentPid 5668 -crashReporter \"\\\\.\\pipe\\gecko-crash-server-pipe.5668\" -appDir \"C:\\Program Files (x86)\\Mozilla Firefox\\browser\" - 7 rdd", "entity_id": "{416dd0c5-f037-676b-a002-000000000900}", "executable": "C:\\Program Files (x86)\\Mozilla Firefox\\firefox.exe", "hash": {"md5": "45cfba3f1b54d79d1d6c8fbb77ba9870", "sha1": "6b95bf67ea45de4b98cc6ee89364d66ead46abfb", "sha256": "491971090692d470846169aee2343091eaf173715694449eb48b97addf62538c"}, "name": "firefox.exe", "parent": {"args": ["-"], "command_line": "-", "entity_id": "{00000000-0000-0000-0000-000000000000}", "executable": "-", "name": "-", "pid": 5668}, "pe": {"imphash": "51bef41e5cd278a02c17451af095c288"}, "pid": 3956, "working_directory": "C:\\BREACH\\"}, "related": {"hash": ["6b95bf67ea45de4b98cc6ee89364d66ead46abfb", "45cfba3f1b54d79d1d6c8fbb77ba9870", "491971090692d470846169aee2343091eaf173715694449eb48b97addf62538c", "51bef41e5cd278a02c17451af095c288"], "user": "client9"}, "user": {"domain": "BREACH", "name": "client9"}, "winlog": {"api": "wineventlog", "channel": "Microsoft-Windows-Sysmon/Operational", "computer_name": "CLIENT9.breach.local", "event_data": {"Company": "Mozilla Corporation", "Description": "Firefox", "FileVersion": "133.0.3", "IntegrityLevel": "Low", "LogonGuid": "{416dd0c5-bc33-676b-93b3-040000000000}", "LogonId": "0x4b393", "OriginalFileName": "firefox.exe", "ParentUser": "-", "Product": "Firefox", "RuleName": "-", "TerminalSessionId": "1"}, "event_id": 1, "opcode": "Info", "process": {"pid": 2824, "thread": {"id": 3260}}, "provider_guid": "{5770385f-c22a-43e0-bf4c-06f5698ffbd9}", "provider_name": "Microsoft-Windows-Sysmon", "record_id": 795573, "task": "Process Create (rule: ProcessCreate)", "user": {"domain": "NT AUTHORITY", "identifier": "S-1-5-18", "name": "SYSTEM", "type": "User"}, "version": 5}}
{"@timestamp": "2024-12-25T11:44:55.095Z", "agent": {"ephemeral_id": "4d435ba8-31a0-41c4-8175-5ef02120cf03", "hostname": "CLIENT9", "id": "c35095e9-5f9f-4084-a651-3aaa2966847a", "name": "CLIENT9", "type": "winlogbeat", "version": "7.10.2"}, "ecs": {"version": "1.5.0"}, "event": {"action": "Process Create (rule: ProcessCreate)", "category": ["process"], "code": 1, "created": "2024-12-25T11:48:16.790Z", "kind": "event", "module": "sysmon", "provider": "Microsoft-Windows-Sysmon", "type": ["start", "process_start"]}, "hash": {"imphash": "51bef41e5cd278a02c17451af095c288", "md5": "45cfba3f1b54d79d1d6c8fbb77ba9870", "sha1": "6b95bf67ea45de4b98cc6ee89364d66ead46abfb", "sha256": "491971090692d470846169aee2343091eaf173715694449eb48b97addf62538c"}, "host": {"name": "CLIENT9.breach.local"}, "log": {"level": "information"}, "process": {"args": ["C:\\Program Files (x86)\\Mozilla Firefox\\firefox.exe", "-contentproc", "-parentBuildID", "20241209150345", "-sandboxingKind", "1", "-prefsHandle", "7836", "-prefsLen", "43121", "-prefMapHandle", "7840", "-prefMapSize", "265948", "-ipcHandle", "7572", "-initialChannelId", "{5839c623-6d51-4402-b8e0-70580fedc637}", "-parentPid", "5668", "-crashReporter", "\\\\.\\pipe\\gecko-crash-server-pipe.5668", "-win32kLockedDown", "-appDir", "C:\\Program Files (x86)\\Mozilla Firefox\\browser", "-", "8", "utility"], "command_line": "\"C:\\Program Files (x86)\\Mozilla Firefox\\firefox.exe\" -contentproc -parentBuildID 20241209150345 -sandboxingKind 1 -prefsHandle 7836 -prefsLen 43121 -prefMapHandle 7840 -prefMapSize 265948 -ipcHandle 7572 -initialChannelId {5839c623-6d51-4402-b8e0-70580fedc637} -parentPid 5668 -crashReporter \"\\\\.\\pipe\\gecko-crash-server-pipe.5668\" -win32kLockedDown -appDir \"C:\\Program Files (x86)\\Mozilla Firefox\\browser\" - 8 utility", "entity_id": "{416dd0c5-f037-676b-a102-000000000900}", "executable": "C:\\Program Files (x86)\\Mozilla Firefox\\firefox.exe", "hash": {"md5": "45cfba3f1b54d79d1d6c8fbb77ba9870", "sha1": "6b95bf67ea45de4b98cc6ee89364d66ead46abfb", "sha256": "491971090692d470846169aee2343091eaf173715694449eb48b97addf62538c"}, "name": "firefox.exe", "parent": {"args": ["C:\\Program Files (x86)\\Mozilla Firefox\\firefox.exe", "--marionette", "--remote-debugging-port", "50143", "--remote-allow-hosts", "localhost", "-no-remote", "-profile", "C:\\Users\\client9\\AppData\\Local\\Temp\\rust_mozprofile9VFZE8"], "command_line": "\"C:\\Program Files (x86)\\Mozilla Firefox\\firefox.exe\" --marionette --remote-debugging-port 50143 --remote-allow-hosts localhost -no-remote -profile C:\\Users\\client9\\AppData\\Local\\Temp\\rust_mozprofile9VFZE8", "entity_id": "{416dd0c5-efc8-676b-9802-000000000900}", "executable": "C:\\Program Files (x86)\\Mozilla Firefox\\firefox.exe", "name": "firefox.exe", "pid": 5668}, "pe": {"imphash": "51bef41e5cd278a02c17451af095c288"}, "pid": 6612, "working_directory": "C:\\BREACH\\"}, "related": {"hash": ["6b95bf67ea45de4b98cc6ee89364d66ead46abfb", "45cfba3f1b54d79d1d6c8fbb77ba9870", "491971090692d470846169aee2343091eaf173715694449eb48b97addf62538c", "51bef41e5cd278a02c17451af095c288"], "user": "client9"}, "user": {"domain": "BREACH", "name": "client9"}, "winlog": {"api": "wineventlog", "channel": "Microsoft-Windows-Sysmon/Operational", "computer_name": "CLIENT9.breach.local", "event_data": {"Company": "Mozilla Corporation", "Description": "Firefox", "FileVersion": "133.0.3", "IntegrityLevel": "Low", "LogonGuid": "{416dd0c5-bc33-676b-93b3-040000000000}", "LogonId": "0x4b393", "OriginalFileName": "firefox.exe", "ParentUser": "BREACH\\client9", "Product": "Firefox", "RuleName": "-", "TerminalSessionId": "1"}, "event_id": 1, "opcode": "Info", "process": {"pid": 2824, "thread": {"id": 3260}}, "provider_guid": "{5770385f-c22a-43e0-bf4c-06f5698ffbd9}", "provider_name": "Microsoft-Windows-Sysmon", "record_id": 795580, "task": "Process Create (rule: ProcessCreate)", "user": {"domain": "NT AUTHORITY", "identifier": "S-1-5-18", "name": "SYSTEM", "type": "User"}, "version": 5}}
