{"@timestamp": "2024-12-25T11:15:38.272Z", "agent": {"ephemeral_id": "4d435ba8-31a0-41c4-8175-5ef02120cf03", "hostname": "CLIENT9", "id": "c35095e9-5f9f-4084-a651-3aaa2966847a", "name": "CLIENT9", "type": "winlogbeat", "version": "7.10.2"}, "ecs": {"version": "1.5.0"}, "event": {"action": "Process Create (rule: ProcessCreate)", "category": ["process"], "code": 1, "created": "2024-12-25T11:15:38.540Z", "kind": "event", "module": "sysmon", "provider": "Microsoft-Windows-Sysmon", "type": ["start", "process_start"]}, "hash": {"imphash": "51bef41e5cd278a02c17451af095c288", "md5": "45cfba3f1b54d79d1d6c8fbb77ba9870", "sha1": "6b95bf67ea45de4b98cc6ee89364d66ead46abfb", "sha256": "491971090692d470846169aee2343091eaf173715694449eb48b97addf62538c"}, "host": {"name": "CLIENT9.breach.local"}, "log": {"level": "information"}, "process": {"args": ["C:\\Program Files (x86)\\Mozilla Firefox\\firefox.exe", "-contentproc", "-isForBrowser", "-prefsHandle", "4656", "-prefsLen", "40660", "-prefMapHandle", "4736", "-prefMapSize", "265948", "-jsInitHandle", "4740", "-jsInitLen", "234660", "-parentBuildID", "20241209150345", "-ipcHandle", "4964", "-initialChannelId", "{ea559fee-f5e0-4838-8511-5a32e626bb21}", "-parentPid", "1116", "-crashReporter", "\\\\.\\pipe\\gecko-crash-server-pipe.1116", "-win32kLockedDown", "-appDir", "C:\\Program Files (x86)\\Mozilla Firefox\\browser", "-", "8", "tab"], "command_line": "\"C:\\Program Files (x86)\\Mozilla Firefox\\firefox.exe\" -contentproc -isForBrowser -prefsHandle 4656 -prefsLen 40660 -prefMapHandle 4736 -prefMapSize 265948 -jsInitHandle 4740 -jsInitLen 234660 -parentBuildID 20241209150345 -ipcHandle 4964 -initialChannelId {ea559fee-f5e0-4838-8511-5a32e626bb21} -parentPid 1116 -crashReporter \"\\\\.\\pipe\\gecko-crash-server-pipe.1116\" -win32kLockedDown -appDir \"C:\\Program Files (x86)\\Mozilla Firefox\\browser\" - 8 tab", "entity_id": "{416dd0c5-e95a-676b-4802-000000000900}", "executable": "C:\\Program Files (x86)\\Mozilla Firefox\\firefox.exe", "hash": {"md5": "45cfba3f1b54d79d1d6c8fbb77ba9870", "sha1": "6b95bf67ea45de4b98cc6ee89364d66ead46abfb", "sha256": "491971090692d470846169aee2343091eaf173715694449eb48b97addf62538c"}, "name": "firefox.exe", "parent": {"args": ["C:\\Program Files (x86)\\Mozilla Firefox\\firefox.exe", "--marionette", "--remote-debugging-port", "59625", "--remote-allow-hosts", "localhost", "-no-remote", "-profile", "C:\\Users\\client9\\AppData\\Local\\Temp\\rust_mozprofileduleWI"], "command_line": "\"C:\\Program Files (x86)\\Mozilla Firefox\\firefox.exe\" --marionette --remote-debugging-port 59625 --remote-allow-hosts localhost -no-remote -profile C:\\Users\\client9\\AppData\\Local\\Temp\\rust_mozprofileduleWI", "entity_id": "{416dd0c5-e7bb-676b-3402-000000000900}", "executable": "C:\\Program Files (x86)\\Mozilla Firefox\\firefox.exe", "name": "firefox.exe", "pid": 1116}, "pe": {"imphash": "51bef41e5cd278a02c17451af095c288"}, "pid": 6624, "working_directory": "C:\\BREACH\\"}, "related": {"hash": ["6b95bf67ea45de4b98cc6ee89364d66ead46abfb", "45cfba3f1b54d79d1d6c8fbb77ba9870", "491971090692d470846169aee2343091eaf173715694449eb48b97addf62538c", "51bef41e5cd278a02c17451af095c288"], "user": "client9"}, "user": {"domain": "BREACH", "name": "client9"}, "winlog": {"api": "wineventlog", "channel": "Microsoft-Windows-Sysmon/Operational", "computer_name": "CLIENT9.breach.local", "event_data": {"Company": "Mozilla Corporation", "Description": "Firefox", "FileVersion": "133.0.3", "IntegrityLevel": "Low", "LogonGuid": "{416dd0c5-bc33-676b-93b3-040000000000}", "LogonId": "0x4b393", "OriginalFileName": "firefox.exe", "ParentUser": "BREACH\\client9", "Product": "Firefox", "RuleName": "-", "TerminalSessionId": "1"}, "event_id": 1, "opcode": "Info", "process": {"pid": 2824, "thread": {"id": 3260}}, "provider_guid": "{5770385f-c22a-43e0-bf4c-06f5698ffbd9}", "provider_name": "Microsoft-Windows-Sysmon", "record_id": 776927, "task": "Process Create (rule: ProcessCreate)", "user": {"domain": "NT AUTHORITY", "identifier": "S-1-5-18", "name": "SYSTEM", "type": "User"}, "version": 5}}
{"@timestamp": "2024-12-25T11:15:58.093Z", "agent": {"ephemeral_id": "4d435ba8-31a0-41c4-8175-5ef02120cf03", "hostname": "CLIENT9", "id": "c35095e9-5f9f-4084-a651-3aaa2966847a", "name": "CLIENT9", "type": "winlogbeat", "version": "7.10.2"}, "ecs": {"version": "1.5.0"}, "event": {"action": "Logon", "code": 4625, "created": "2024-12-25T11:17:47.396Z", "kind": "event", "outcome": "failure", "provider": "Microsoft-Windows-Security-Auditing"}, "host": {"name": "CLIENT9.breach.local"}, "log": {"level": "information"}, "winlog": {"api": "wineventlog", "channel": "Security", "computer_name": "CLIENT9.breach.local", "event_data": {"AuthenticationPackageName": "NTLM", "FailureReason": "%%2313", "IpAddress": "172.16.1.8", "IpPort": "49955", "KeyLength": "0", "LmPackageName": "-", "LogonProcessName": "NtLmSsp ", "LogonType": "3", "ProcessId": "0x0", "ProcessName": "-", "Status": "0xc000006d", "SubStatus": "0xc000006a", "SubjectDomainName": "-", "SubjectLogonId": "0x0", "SubjectUserName": "-", "SubjectUserSid": "S-1-0-0", "TargetDomainName": "BREACH", "TargetUserName": "client9", "TargetUserSid": "S-1-0-0", "TransmittedServices": "-", "WorkstationName": "CLIENT7"}, "event_id": 4625, "keywords": ["Audit Failure"], "opcode": "Info", "process": {"pid": 632, "thread": {"id": 636}}, "provider_guid": "{54849625-5478-4994-a5ba-3e3b0328c30d}", "provider_name": "Microsoft-Windows-Security-Auditing", "record_id": 22526, "task": "Logon", "version": 0}}
{"@timestamp": "2024-12-25T11:16:09.807Z", "agent": {"ephemeral_id": "4d435ba8-31a0-41c4-8175-5ef02120cf03", "hostname": "CLIENT9", "id": "c35095e9-5f9f-4084-a651-3aaa2966847a", "name": "CLIENT9", "type": "winlogbeat", "version": "7.10.2"}, "ecs": {"version": "1.5.0"}, "event": {"action": "Process Create (rule: ProcessCreate)", "category": ["process"], "code": 1, "created": "2024-12-25T11:16:11.053Z", "kind": "event", "module": "sysmon", "provider": "Microsoft-Windows-Sysmon", "type": ["start", "process_start"]}, "hash": {"imphash": "25975932fe65b44ea2dd939dc008d453", "md5": "682d7618341e297914ba89d46c3db469", "sha1": "e5c14547d36fa7e6ce079b9cce6cf662baa35b1f", "sha256": "33051d12c4dc42c6b5dadf8016bad36570ef9029f7d5d654eafb0f1c3db616c3"}, "host": {"name": "CLIENT9.breach.local"}, "log": {"level": "information"}, "process": {"args": ["C:\\Windows\\system32\\SearchFilterHost.exe", "0", "804", "808", "816", "8192", "812", "788"], "command_line": "\"C:\\Windows\\system32\\SearchFilterHost.exe\" 0 804 808 816 8192 812 788 ", "entity_id": "{416dd0c5-e979-676b-4902-000000000900}", "executable": "C:\\Windows\\System32\\SearchFilterHost.exe", "hash": {"md5": "682d7618341e297914ba89d46c3db469", "sha1": "e5c14547d36fa7e6ce079b9cce6cf662baa35b1f", "sha256": "33051d12c4dc42c6b5dadf8016bad36570ef9029f7d5d654eafb0f1c3db616c3"}, "name": "SearchFilterHost.exe", "parent": {"args": ["C:\\Windows\\system32\\SearchIndexer.exe", "/Embedding"], "command_line": "C:\\Windows\\system32\\SearchIndexer.exe /Embedding", "entity_id": "{416dd0c5-bc3b-676b-6c00-000000000900}", "executable": "C:\\Windows\\System32\\SearchIndexer.exe", "name": "SearchIndexer.exe", "pid": 5164}, "pe": {"imphash": "25975932fe65b44ea2dd939dc008d453"}, "pid": 6572, "working_directory": "C:\\Windows\\system32\\"}, "related": {"hash": ["e5c14547d36fa7e6ce079b9cce6cf662baa35b1f", "682d7618341e297914ba89d46c3db469", "33051d12c4dc42c6b5dadf8016bad36570ef9029f7d5d654eafb0f1c3db616c3", "25975932fe65b44ea2dd939dc008d453"], "user": "SYSTEM"}, "user": {"domain": "NT AUTHORITY", "name": "SYSTEM"}, "winlog": {"api": "wineventlog", "channel": "Microsoft-Windows-Sysmon/Operational", "computer_name": "CLIENT9.breach.local", "event_data": {"Company": "Microsoft Corporation", "Description": "Microsoft Windows Search Filter Host", "FileVersion": "7.0.19041.844 (WinBuild.160101.0800)", "IntegrityLevel": "Medium", "LogonGuid": "{416dd0c5-bc2b-676b-e703-000000000000}", "LogonId": "0x3e7", "OriginalFileName": "SearchFilterHost.exe", "ParentUser": "NT AUTHORITY\\SYSTEM", "Product": "Windows\u00ae Search", "RuleName": "-", "TerminalSessionId": "0"}, "event_id": 1, "opcode": "Info", "process": {"pid": 2824, "thread": {"id": 3260}}, "provider_guid": "{5770385f-c22a-43e0-bf4c-06f5698ffbd9}", "provider_name": "Microsoft-Windows-Sysmon", "record_id": 777341, "task": "Process Create (rule: ProcessCreate)", "user": {"domain": "NT AUTHORITY", "identifier": "S-1-5-18", "name": "SYSTEM", "type": "User"}, "version": 5}}
{"@timestamp": "2024-12-25T11:16:12.559Z", "agent": {"ephemeral_id": "4d435ba8-31a0-41c4-8175-5ef02120cf03", "hostname": "CLIENT9", "id": "c35095e9-5f9f-4084-a651-3aaa2966847a", "name": "CLIENT9", "type": "winlogbeat", "version": "7.10.2"}, "ecs": {"version": "1.5.0"}, "event": {"action": "Process Create (rule: ProcessCreate)", "category": ["process"], "code": 1, "created": "2024-12-25T11:16:13.238Z", "kind": "event", "module": "sysmon", "provider": "Microsoft-Windows-Sysmon", "type": ["start", "process_start"]}, "hash": {"imphash": "8b2a73cf81704f7aed84c67134ec39ac", "md5": "d4c0c10590da99309e3c36e66f99ee60", "sha1": "5b1e67fcfd7aa697ef5e49d39050ecfce1cf18f4", "sha256": "dfe51b0739ed161f69afbb736460ebb7dd37372ff0659cbc20f4a9c850fbcc8c"}, "host": {"name": "CLIENT9.breach.local"}, "log": {"level": "information"}, "process": {"args": ["C:\\Windows\\system32\\SearchProtocolHost.exe", "Global\\UsGthrFltPipeMssGthrPipe_S-1-5-21-3820639014-3737903552-3625786605-111111_", "Global\\UsGthrCtrlFltPipeMssGthrPipe_S-1-5-21-3820639014-3737903552-3625786605-111111", "1", "-2147483646", "Software\\Microsoft\\Windows Search", "Mozilla/4.0 (compatible; MSIE 6.0; Windows NT; MS Search 4.0 Robot)", "C:\\ProgramData\\Microsoft\\Search\\Data\\Temp\\usgthrsvc", "DownLevelDaemon", "1"], "command_line": "\"C:\\Windows\\system32\\SearchProtocolHost.exe\" Global\\UsGthrFltPipeMssGthrPipe_S-1-5-21-3820639014-3737903552-3625786605-111111_ Global\\UsGthrCtrlFltPipeMssGthrPipe_S-1-5-21-3820639014-3737903552-3625786605-111111 1 -2147483646 \"Software\\Microsoft\\Windows Search\" \"Mozilla/4.0 (compatible; MSIE 6.0; Windows NT; MS Search 4.0 Robot)\" \"C:\\ProgramData\\Microsoft\\Search\\Data\\Temp\\usgthrsvc\" \"DownLevelDaemon\"  \"1\"", "entity_id": "{416dd0c5-e97c-676b-4a02-000000000900}", "executable": "C:\\Windows\\System32\\SearchProtocolHost.exe", "hash": {"md5": "d4c0c10590da99309e3c36e66f99ee60", "sha1": "5b1e67fcfd7aa697ef5e49d39050ecfce1cf18f4", "sha256": "dfe51b0739ed161f69afbb736460ebb7dd37372ff0659cbc20f4a9c850fbcc8c"}, "name": "SearchProtocolHost.exe", "parent": {"args": ["C:\\Windows\\system32\\SearchIndexer.exe", "/Embedding"], "command_line": "C:\\Windows\\system32\\SearchIndexer.exe /Embedding", "entity_id": "{416dd0c5-bc3b-676b-6c00-000000000900}", "executable": "C:\\Windows\\System32\\SearchIndexer.exe", "name": "SearchIndexer.exe", "pid": 5164}, "pe": {"imphash": "8b2a73cf81704f7aed84c67134ec39ac"}, "pid": 4872, "working_directory": "C:\\Windows\\system32\\"}, "related": {"hash": ["5b1e67fcfd7aa697ef5e49d39050ecfce1cf18f4", "d4c0c10590da99309e3c36e66f99ee60", "dfe51b0739ed161f69afbb736460ebb7dd37372ff0659cbc20f4a9c850fbcc8c", "8b2a73cf81704f7aed84c67134ec39ac"], "user": "client9"}, "user": {"domain": "BREACH", "name": "client9"}, "winlog": {"api": "wineventlog", "channel": "Microsoft-Windows-Sysmon/Operational", "computer_name": "CLIENT9.breach.local", "event_data": {"Company": "Microsoft Corporation", "Description": "Microsoft Windows Search Protocol Host", "FileVersion": "7.0.19041.844 (WinBuild.160101.0800)", "IntegrityLevel": "Medium", "LogonGuid": "{416dd0c5-bc33-676b-93b3-040000000000}", "LogonId": "0x4b393", "OriginalFileName": "SearchProtocolHost.exe", "ParentUser": "NT AUTHORITY\\SYSTEM", "Product": "Windows\u00ae Search", "RuleName": "-", "TerminalSessionId": "1"}, "event_id": 1, "opcode": "Info", "process": {"pid": 2824, "thread": {"id": 3260}}, "provider_guid": "{5770385f-c22a-43e0-bf4c-06f5698ffbd9}", "provider_name": "Microsoft-Windows-Sysmon", "record_id": 777442, "task": "Process Create (rule: ProcessCreate)", "user": {"domain": "NT AUTHORITY", "identifier": "S-1-5-18", "name": "SYSTEM", "type": "User"}, "version": 5}}
{"@timestamp": "2024-12-25T11:16:41.511Z", "agent": {"ephemeral_id": "4d435ba8-31a0-41c4-8175-5ef02120cf03", "hostname": "CLIENT9", "id": "c35095e9-5f9f-4084-a651-3aaa2966847a", "name": "CLIENT9", "type": "winlogbeat", "version": "7.10.2"}, "ecs": {"version": "1.5.0"}, "event": {"action": "Logon", "code": 4624, "created": "2024-12-25T11:18:30.814Z", "kind": "event", "outcome": "success", "provider": "Microsoft-Windows-Security-Auditing"}, "host": {"name": "CLIENT9.breach.local"}, "log": {"level": "information"}, "winlog": {"api": "wineventlog", "channel": "Security", "computer_name": "CLIENT9.breach.local", "event_data": {"AuthenticationPackageName": "NTLM", "ElevatedToken": "%%1842", "ImpersonationLevel": "%%1833", "IpAddress": "172.16.1.8", "IpPort": "51124", "KeyLength": "128", "LmPackageName": "NTLM V2", "LogonGuid": "{00000000-0000-0000-0000-000000000000}", "LogonProcessName": "NtLmSsp ", "LogonType": "3", "ProcessId": "0x0", "ProcessName": "-", "RestrictedAdminMode": "-", "SubjectDomainName": "-", "SubjectLogonId": "0x0", "SubjectUserName": "-", "SubjectUserSid": "S-1-0-0", "TargetDomainName": "BREACH", "TargetLinkedLogonId": "0x0", "TargetLogonId": "0xc5c09", "TargetOutboundDomainName": "-", "TargetOutboundUserName": "-", "TargetUserName": "client9", "TargetUserSid": "S-1-5-21-3820639014-3737903552-3625786605-1111", "TransmittedServices": "-", "VirtualAccount": "%%1843", "WorkstationName": "CLIENT7"}, "event_id": 4624, "keywords": ["Audit Success"], "opcode": "Info", "process": {"pid": 632, "thread": {"id": 636}}, "provider_guid": "{54849625-5478-4994-a5ba-3e3b0328c30d}", "provider_name": "Microsoft-Windows-Security-Auditing", "record_id": 22527, "task": "Logon", "version": 2}}
{"@timestamp": "2024-12-25T11:17:04.147Z", "agent": {"ephemeral_id": "4d435ba8-31a0-41c4-8175-5ef02120cf03", "hostname": "CLIENT9", "id": "c35095e9-5f9f-4084-a651-3aaa2966847a", "name": "CLIENT9", "type": "winlogbeat", "version": "7.10.2"}, "ecs": {"version": "1.5.0"}, "event": {"action": "Process Create (rule: ProcessCreate)", "category": ["process"], "code": 1, "created": "2024-12-25T11:17:06.096Z", "kind": "event", "module": "sysmon", "provider": "Microsoft-Windows-Sysmon", "type": ["start", "process_start"]}, "hash": {"imphash": "272245e2988e1e430500b852c4fb5e18", "md5": "8a2122e8162dbef04694b9c3e0b6cdee", "sha1": "f1efb0fddc156e4c61c5f78a54700e4e7984d55d", "sha256": "b99d61d874728edc0918ca0eb10eab93d381e7367e377406e65963366c874450"}, "host": {"name": "CLIENT9.breach.local"}, "log": {"level": "information"}, "process": {"args": ["C:\\Windows\\system32\\cmd.exe", "/c", "C:\\\\Program", "Files", "(x86)\\\\Mozilla", "Firefox\\\\firefox.exe C:\\Users\\client9\\Documents\\throughout.pdf"], "command_line": "C:\\Windows\\system32\\cmd.exe /c \"\"C:\\\\Program Files (x86)\\\\Mozilla Firefox\\\\firefox.exe\" C:\\Users\\client9\\Documents\\throughout.pdf\"", "entity_id": "{416dd0c5-e9b0-676b-4b02-000000000900}", "executable": "C:\\Windows\\System32\\cmd.exe", "hash": {"md5": "8a2122e8162dbef04694b9c3e0b6cdee", "sha1": "f1efb0fddc156e4c61c5f78a54700e4e7984d55d", "sha256": "b99d61d874728edc0918ca0eb10eab93d381e7367e377406e65963366c874450"}, "name": "cmd.exe", "parent": {"args": ["C:\\Python37\\python.exe", "-c", "from multiprocessing.spawn import spawn_main; spawn_main(parent_pid=7092, pipe_handle=1844)", "--multiprocessing-fork"], "command_line": "\"C:\\Python37\\python.exe\" \"-c\" \"from multiprocessing.spawn import spawn_main; spawn_main(parent_pid=7092, pipe_handle=1844)\" \"--multiprocessing-fork\"", "entity_id": "{416dd0c5-e923-676b-4302-000000000900}", "executable": "C:\\Python37\\python.exe", "name": "python.exe", "pid": 8088}, "pe": {"imphash": "272245e2988e1e430500b852c4fb5e18"}, "pid": 7860, "working_directory": "C:\\BREACH\\"}, "related": {"hash": ["f1efb0fddc156e4c61c5f78a54700e4e7984d55d", "8a2122e8162dbef04694b9c3e0b6cdee", "b99d61d874728edc0918ca0eb10eab93d381e7367e377406e65963366c874450", "272245e2988e1e430500b852c4fb5e18"], "user": "client9"}, "user": {"domain": "BREACH", "name": "client9"}, "winlog": {"api": "wineventlog", "channel": "Microsoft-Windows-Sysmon/Operational", "computer_name": "CLIENT9.breach.local", "event_data": {"Company": "Microsoft Corporation", "Description": "Windows Command Processor", "FileVersion": "10.0.19041.746 (WinBuild.160101.0800)", "IntegrityLevel": "Medium", "LogonGuid": "{416dd0c5-bc33-676b-93b3-040000000000}", "LogonId": "0x4b393", "OriginalFileName": "Cmd.Exe", "ParentUser": "BREACH\\client9", "Product": "Microsoft\u00ae Windows\u00ae Operating System", "RuleName": "-", "TerminalSessionId": "1"}, "event_id": 1, "opcode": "Info", "process": {"pid": 2824, "thread": {"id": 3260}}, "provider_guid": "{5770385f-c22a-43e0-bf4c-06f5698ffbd9}", "provider_name": "Microsoft-Windows-Sysmon", "record_id": 778623, "task": "Process Create (rule: ProcessCreate)", "user": {"domain": "NT AUTHORITY", "identifier": "S-1-5-18", "name": "SYSTEM", "type": "User"}, "version": 5}}
{"@timestamp": "2024-12-25T11:17:04.150Z", "agent": {"ephemeral_id": "4d435ba8-31a0-41c4-8175-5ef02120cf03", "hostname": "CLIENT9", "id": "c35095e9-5f9f-4084-a651-3aaa2966847a", "name": "CLIENT9", "type": "winlogbeat", "version": "7.10.2"}, "ecs": {"version": "1.5.0"}, "event": {"action": "Process Create (rule: ProcessCreate)", "category": ["process"], "code": 1, "created": "2024-12-25T11:17:06.096Z", "kind": "event", "module": "sysmon", "provider": "Microsoft-Windows-Sysmon", "type": ["start", "process_start"]}, "hash": {"imphash": "272245e2988e1e430500b852c4fb5e18", "md5": "8a2122e8162dbef04694b9c3e0b6cdee", "sha1": "f1efb0fddc156e4c61c5f78a54700e4e7984d55d", "sha256": "b99d61d874728edc0918ca0eb10eab93d381e7367e377406e65963366c874450"}, "host": {"name": "CLIENT9.breach.local"}, "log": {"level": "information"}, "process": {"args": ["C:\\Windows\\system32\\cmd.exe", "/c", "start C:\\Users\\client9\\Documents\\throughout.pdf"], "command_line": "C:\\Windows\\system32\\cmd.exe /c \"start C:\\Users\\client9\\Documents\\throughout.pdf\"", "entity_id": "{416dd0c5-e9b0-676b-4c02-000000000900}", "executable": "C:\\Windows\\System32\\cmd.exe", "hash": {"md5": "8a2122e8162dbef04694b9c3e0b6cdee", "sha1": "f1efb0fddc156e4c61c5f78a54700e4e7984d55d", "sha256": "b99d61d874728edc0918ca0eb10eab93d381e7367e377406e65963366c874450"}, "name": "cmd.exe", "parent": {"args": ["C:\\Python37\\python.exe", "-c", "from multiprocessing.spawn import spawn_main; spawn_main(parent_pid=7092, pipe_handle=1844)", "--multiprocessing-fork"], "command_line": "\"C:\\Python37\\python.exe\" \"-c\" \"from multiprocessing.spawn import spawn_main; spawn_main(parent_pid=7092, pipe_handle=1844)\" \"--multiprocessing-fork\"", "entity_id": "{416dd0c5-e923-676b-4302-000000000900}", "executable": "C:\\Python37\\python.exe", "name": "python.exe", "pid": 8088}, "pe": {"imphash": "272245e2988e1e430500b852c4fb5e18"}, "pid": 2392, "working_directory": "C:\\BREACH\\"}, "related": {"hash": ["f1efb0fddc156e4c61c5f78a54700e4e7984d55d", "8a2122e8162dbef04694b9c3e0b6cdee", "b99d61d874728edc0918ca0eb10eab93d381e7367e377406e65963366c874450", "272245e2988e1e430500b852c4fb5e18"], "user": "client9"}, "user": {"domain": "BREACH", "name": "client9"}, "winlog": {"api": "wineventlog", "channel": "Microsoft-Windows-Sysmon/Operational", "computer_name": "CLIENT9.breach.local", "event_data": {"Company": "Microsoft Corporation", "Description": "Windows Command Processor", "FileVersion": "10.0.19041.746 (WinBuild.160101.0800)", "IntegrityLevel": "Medium", "LogonGuid": "{416dd0c5-bc33-676b-93b3-040000000000}", "LogonId": "0x4b393", "OriginalFileName": "Cmd.Exe", "ParentUser": "BREACH\\client9", "Product": "Microsoft\u00ae Windows\u00ae Operating System", "RuleName": "-", "TerminalSessionId": "1"}, "event_id": 1, "opcode": "Info", "process": {"pid": 2824, "thread": {"id": 3260}}, "provider_guid": "{5770385f-c22a-43e0-bf4c-06f5698ffbd9}", "provider_name": "Microsoft-Windows-Sysmon", "record_id": 778626, "task": "Process Create (rule: ProcessCreate)", "user": {"domain": "NT AUTHORITY", "identifier": "S-1-5-18", "name": "SYSTEM", "type": "User"}, "version": 5}}
{"@timestamp": "2024-12-25T11:17:04.174Z", "agent": {"ephemeral_id": "4d435ba8-31a0-41c4-8175-5ef02120cf03", "hostname": "CLIENT9", "id": "c35095e9-5f9f-4084-a651-3aaa2966847a", "name": "CLIENT9", "type": "winlogbeat", "version": "7.10.2"}, "ecs": {"version": "1.5.0"}, "event": {"action": "Process Create (rule: ProcessCreate)", "category": ["process"], "code": 1, "created": "2024-12-25T11:17:06.100Z", "kind": "event", "module": "sysmon", "provider": "Microsoft-Windows-Sysmon", "type": ["start", "process_start"]}, "hash": {"imphash": "51bef41e5cd278a02c17451af095c288", "md5": "45cfba3f1b54d79d1d6c8fbb77ba9870", "sha1": "6b95bf67ea45de4b98cc6ee89364d66ead46abfb", "sha256": "491971090692d470846169aee2343091eaf173715694449eb48b97addf62538c"}, "host": {"name": "CLIENT9.breach.local"}, "log": {"level": "information"}, "process": {"args": ["C:\\\\Program Files (x86)\\\\Mozilla Firefox\\\\firefox.exe", "C:\\Users\\client9\\Documents\\throughout.pdf"], "command_line": "\"C:\\\\Program Files (x86)\\\\Mozilla Firefox\\\\firefox.exe\"  C:\\Users\\client9\\Documents\\throughout.pdf", "entity_id": "{416dd0c5-e9b0-676b-4d02-000000000900}", "executable": "C:\\Program Files (x86)\\Mozilla Firefox\\firefox.exe", "hash": {"md5": "45cfba3f1b54d79d1d6c8fbb77ba9870", "sha1": "6b95bf67ea45de4b98cc6ee89364d66ead46abfb", "sha256": "491971090692d470846169aee2343091eaf173715694449eb48b97addf62538c"}, "name": "firefox.exe", "parent": {"args": ["C:\\Windows\\system32\\cmd.exe", "/c", "C:\\\\Program", "Files", "(x86)\\\\Mozilla", "Firefox\\\\firefox.exe C:\\Users\\client9\\Documents\\throughout.pdf"], "command_line": "C:\\Windows\\system32\\cmd.exe /c \"\"C:\\\\Program Files (x86)\\\\Mozilla Firefox\\\\firefox.exe\" C:\\Users\\client9\\Documents\\throughout.pdf\"", "entity_id": "{416dd0c5-e9b0-676b-4b02-000000000900}", "executable": "C:\\Windows\\System32\\cmd.exe", "name": "cmd.exe", "pid": 7860}, "pe": {"imphash": "51bef41e5cd278a02c17451af095c288"}, "pid": 8064, "working_directory": "C:\\BREACH\\"}, "related": {"hash": ["6b95bf67ea45de4b98cc6ee89364d66ead46abfb", "45cfba3f1b54d79d1d6c8fbb77ba9870", "491971090692d470846169aee2343091eaf173715694449eb48b97addf62538c", "51bef41e5cd278a02c17451af095c288"], "user": "client9"}, "user": {"domain": "BREACH", "name": "client9"}, "winlog": {"api": "wineventlog", "channel": "Microsoft-Windows-Sysmon/Operational", "computer_name": "CLIENT9.breach.local", "event_data": {"Company": "Mozilla Corporation", "Description": "Firefox", "FileVersion": "133.0.3", "IntegrityLevel": "Medium", "LogonGuid": "{416dd0c5-bc33-676b-93b3-040000000000}", "LogonId": "0x4b393", "OriginalFileName": "firefox.exe", "ParentUser": "BREACH\\client9", "Product": "Firefox", "RuleName": "-", "TerminalSessionId": "1"}, "event_id": 1, "opcode": "Info", "process": {"pid": 2824, "thread": {"id": 3260}}, "provider_guid": "{5770385f-c22a-43e0-bf4c-06f5698ffbd9}", "provider_name": "Microsoft-Windows-Sysmon", "record_id": 778656, "task": "Process Create (rule: ProcessCreate)", "user": {"domain": "NT AUTHORITY", "identifier": "S-1-5-18", "name": "SYSTEM", "type": "User"}, "version": 5}}
{"@timestamp": "2024-12-25T11:17:04.218Z", "agent": {"ephemeral_id": "4d435ba8-31a0-41c4-8175-5ef02120cf03", "hostname": "CLIENT9", "id": "c35095e9-5f9f-4084-a651-3aaa2966847a", "name": "CLIENT9", "type": "winlogbeat", "version": "7.10.2"}, "ecs": {"version": "1.5.0"}, "event": {"action": "Process Create (rule: ProcessCreate)", "category": ["process"], "code": 1, "created": "2024-12-25T11:17:06.121Z", "kind": "event", "module": "sysmon", "provider": "Microsoft-Windows-Sysmon", "type": ["start", "process_start"]}, "hash": {"imphash": "51bef41e5cd278a02c17451af095c288", "md5": "45cfba3f1b54d79d1d6c8fbb77ba9870", "sha1": "6b95bf67ea45de4b98cc6ee89364d66ead46abfb", "sha256": "491971090692d470846169aee2343091eaf173715694449eb48b97addf62538c"}, "host": {"name": "CLIENT9.breach.local"}, "log": {"level": "information"}, "process": {"args": ["C:\\Program Files (x86)\\Mozilla Firefox\\firefox.exe", "C:\\Users\\client9\\Documents\\throughout.pdf"], "command_line": "\"C:\\Program Files (x86)\\Mozilla Firefox\\firefox.exe\" C:\\Users\\client9\\Documents\\throughout.pdf", "entity_id": "{416dd0c5-e9b0-676b-4e02-000000000900}", "executable": "C:\\Program Files (x86)\\Mozilla Firefox\\firefox.exe", "hash": {"md5": "45cfba3f1b54d79d1d6c8fbb77ba9870", "sha1": "6b95bf67ea45de4b98cc6ee89364d66ead46abfb", "sha256": "491971090692d470846169aee2343091eaf173715694449eb48b97addf62538c"}, "name": "firefox.exe", "parent": {"args": ["C:\\\\Program Files (x86)\\\\Mozilla Firefox\\\\firefox.exe", "C:\\Users\\client9\\Documents\\throughout.pdf"], "command_line": "\"C:\\\\Program Files (x86)\\\\Mozilla Firefox\\\\firefox.exe\"  C:\\Users\\client9\\Documents\\throughout.pdf", "entity_id": "{416dd0c5-e9b0-676b-4d02-000000000900}", "executable": "C:\\Program Files (x86)\\Mozilla Firefox\\firefox.exe", "name": "firefox.exe", "pid": 8064}, "pe": {"imphash": "51bef41e5cd278a02c17451af095c288"}, "pid": 1772, "working_directory": "C:\\BREACH\\"}, "related": {"hash": ["6b95bf67ea45de4b98cc6ee89364d66ead46abfb", "45cfba3f1b54d79d1d6c8fbb77ba9870", "491971090692d470846169aee2343091eaf173715694449eb48b97addf62538c", "51bef41e5cd278a02c17451af095c288"], "user": "client9"}, "user": {"domain": "BREACH", "name": "client9"}, "winlog": {"api": "wineventlog", "channel": "Microsoft-Windows-Sysmon/Operational", "computer_name": "CLIENT9.breach.local", "event_data": {"Company": "Mozilla Corporation", "Description": "Firefox", "FileVersion": "133.0.3", "IntegrityLevel": "Medium", "LogonGuid": "{416dd0c5-bc33-676b-93b3-040000000000}", "LogonId": "0x4b393", "OriginalFileName": "firefox.exe", "ParentUser": "BREACH\\client9", "Product": "Firefox", "RuleName": "-", "TerminalSessionId": "1"}, "event_id": 1, "opcode": "Info", "process": {"pid": 2824, "thread": {"id": 3260}}, "provider_guid": "{5770385f-c22a-43e0-bf4c-06f5698ffbd9}", "provider_name": "Microsoft-Windows-Sysmon", "record_id": 778684, "task": "Process Create (rule: ProcessCreate)", "user": {"domain": "NT AUTHORITY", "identifier": "S-1-5-18", "name": "SYSTEM", "type": "User"}, "version": 5}}
{"@timestamp": "2024-12-25T11:17:04.902Z", "agent": {"ephemeral_id": "4d435ba8-31a0-41c4-8175-5ef02120cf03", "hostname": "CLIENT9", "id": "c35095e9-5f9f-4084-a651-3aaa2966847a", "name": "CLIENT9", "type": "winlogbeat", "version": "7.10.2"}, "ecs": {"version": "1.5.0"}, "event": {"action": "Process Create (rule: ProcessCreate)", "category": ["process"], "code": 1, "created": "2024-12-25T11:17:06.255Z", "kind": "event", "module": "sysmon", "provider": "Microsoft-Windows-Sysmon", "type": ["start", "process_start"]}, "hash": {"imphash": "ad7f9ff385f2ac79d492abbee0b86cd6", "md5": "36b7362f96427168eb66c692c65a1582", "sha1": "0a9e517d93a94245c765be2205ee71f079dfff76", "sha256": "05deac8d5c4add3c6aff545944965abac2ce1e4fc3dcd1cd2528c101eed1b0f5"}, "host": {"name": "CLIENT9.breach.local"}, "log": {"level": "information"}, "process": {"args": ["C:\\Program Files (x86)\\Microsoft\\Edge\\Application\\msedge.exe", "--single-argument", "C:\\Users\\client9\\Documents\\throughout.pdf"], "command_line": "\"C:\\Program Files (x86)\\Microsoft\\Edge\\Application\\msedge.exe\" --single-argument C:\\Users\\client9\\Documents\\throughout.pdf", "entity_id": "{416dd0c5-e9b0-676b-4f02-000000000900}", "executable": "C:\\Program Files (x86)\\Microsoft\\Edge\\Application\\msedge.exe", "hash": {"md5": "36b7362f96427168eb66c692c65a1582", "sha1": "0a9e517d93a94245c765be2205ee71f079dfff76", "sha256": "05deac8d5c4add3c6aff545944965abac2ce1e4fc3dcd1cd2528c101eed1b0f5"}, "name": "msedge.exe", "parent": {"args": ["C:\\Windows\\system32\\cmd.exe", "/c", "start C:\\Users\\client9\\Documents\\throughout.pdf"], "command_line": "C:\\Windows\\system32\\cmd.exe /c \"start C:\\Users\\client9\\Documents\\throughout.pdf\"", "entity_id": "{416dd0c5-e9b0-676b-4c02-000000000900}", "executable": "C:\\Windows\\System32\\cmd.exe", "name": "cmd.exe", "pid": 2392}, "pe": {"imphash": "ad7f9ff385f2ac79d492abbee0b86cd6"}, "pid": 8212, "working_directory": "C:\\BREACH\\"}, "related": {"hash": ["0a9e517d93a94245c765be2205ee71f079dfff76", "36b7362f96427168eb66c692c65a1582", "05deac8d5c4add3c6aff545944965abac2ce1e4fc3dcd1cd2528c101eed1b0f5", "ad7f9ff385f2ac79d492abbee0b86cd6"], "user": "client9"}, "user": {"domain": "BREACH", "name": "client9"}, "winlog": {"api": "wineventlog", "channel": "Microsoft-Windows-Sysmon/Operational", "computer_name": "CLIENT9.breach.local", "event_data": {"Company": "Microsoft Corporation", "Description": "Microsoft Edge", "FileVersion": "131.0.2903.112", "IntegrityLevel": "Medium", "LogonGuid": "{416dd0c5-bc33-676b-93b3-040000000000}", "LogonId": "0x4b393", "OriginalFileName": "msedge.exe", "ParentUser": "BREACH\\client9", "Product": "Microsoft Edge", "RuleName": "-", "TerminalSessionId": "1"}, "event_id": 1, "opcode": "Info", "process": {"pid": 2824, "thread": {"id": 3260}}, "provider_guid": "{5770385f-c22a-43e0-bf4c-06f5698ffbd9}", "provider_name": "Microsoft-Windows-Sysmon", "record_id": 778797, "task": "Process Create (rule: ProcessCreate)", "user": {"domain": "NT AUTHORITY", "identifier": "S-1-5-18", "name": "SYSTEM", "type": "User"}, "version": 5}}
{"@timestamp": "2024-12-25T11:17:05.657Z", "agent": {"ephemeral_id": "4d435ba8-31a0-41c4-8175-5ef02120cf03", "hostname": "CLIENT9", "id": "c35095e9-5f9f-4084-a651-3aaa2966847a", "name": "CLIENT9", "type": "winlogbeat", "version": "7.10.2"}, "ecs": {"version": "1.5.0"}, "event": {"action": "Process Create (rule: ProcessCreate)", "category": ["process"], "code": 1, "created": "2024-12-25T11:17:06.339Z", "kind": "event", "module": "sysmon", "provider": "Microsoft-Windows-Sysmon", "type": ["start", "process_start"]}, "hash": {"imphash": "ad7f9ff385f2ac79d492abbee0b86cd6", "md5": "36b7362f96427168eb66c692c65a1582", "sha1": "0a9e517d93a94245c765be2205ee71f079dfff76", "sha256": "05deac8d5c4add3c6aff545944965abac2ce1e4fc3dcd1cd2528c101eed1b0f5"}, "host": {"name": "CLIENT9.breach.local"}, "log": {"level": "information"}, "process": {"args": ["C:\\Program Files (x86)\\Microsoft\\Edge\\Application\\msedge.exe", "--type=renderer", "--string-annotations=is-enterprise-managed=yes", "--disable-gpu-compositing", "--video-capture-use-gpu-memory-buffer", "--lang=en-US", "--js-flags=--ms-user-locale=", "--device-scale-factor=1", "--num-raster-threads=1", "--renderer-client-id=24", "--field-trial-handle=6384,i,1524753428115830879,1917041367576575486,262144", "--variations-seed-version", "--mojo-platform-channel-handle=2344", "/prefetch:1"], "command_line": "\"C:\\Program Files (x86)\\Microsoft\\Edge\\Application\\msedge.exe\" --type=renderer --string-annotations=is-enterprise-managed=yes --disable-gpu-compositing --video-capture-use-gpu-memory-buffer --lang=en-US --js-flags=--ms-user-locale= --device-scale-factor=1 --num-raster-threads=1 --renderer-client-id=24 --field-trial-handle=6384,i,1524753428115830879,1917041367576575486,262144 --variations-seed-version --mojo-platform-channel-handle=2344 /prefetch:1", "entity_id": "{416dd0c5-e9b1-676b-5002-000000000900}", "executable": "C:\\Program Files (x86)\\Microsoft\\Edge\\Application\\msedge.exe", "hash": {"md5": "36b7362f96427168eb66c692c65a1582", "sha1": "0a9e517d93a94245c765be2205ee71f079dfff76", "sha256": "05deac8d5c4add3c6aff545944965abac2ce1e4fc3dcd1cd2528c101eed1b0f5"}, "name": "msedge.exe", "parent": {"args": ["C:\\Program Files (x86)\\Microsoft\\Edge\\Application\\msedge.exe", "--no-startup-window", "--win-session-start"], "command_line": "\"C:\\Program Files (x86)\\Microsoft\\Edge\\Application\\msedge.exe\" --no-startup-window --win-session-start", "entity_id": "{416dd0c5-bc4a-676b-7f00-000000000900}", "executable": "C:\\Program Files (x86)\\Microsoft\\Edge\\Application\\msedge.exe", "name": "msedge.exe", "pid": 3828}, "pe": {"imphash": "ad7f9ff385f2ac79d492abbee0b86cd6"}, "pid": 7948, "working_directory": "C:\\Program Files (x86)\\Microsoft\\Edge\\Application\\131.0.2903.112\\"}, "related": {"hash": ["0a9e517d93a94245c765be2205ee71f079dfff76", "36b7362f96427168eb66c692c65a1582", "05deac8d5c4add3c6aff545944965abac2ce1e4fc3dcd1cd2528c101eed1b0f5", "ad7f9ff385f2ac79d492abbee0b86cd6"], "user": "client9"}, "user": {"domain": "BREACH", "name": "client9"}, "winlog": {"api": "wineventlog", "channel": "Microsoft-Windows-Sysmon/Operational", "computer_name": "CLIENT9.breach.local", "event_data": {"Company": "Microsoft Corporation", "Description": "Microsoft Edge", "FileVersion": "131.0.2903.112", "IntegrityLevel": "AppContainer", "LogonGuid": "{416dd0c5-bc33-676b-93b3-040000000000}", "LogonId": "0x4b393", "OriginalFileName": "msedge.exe", "ParentUser": "BREACH\\client9", "Product": "Microsoft Edge", "RuleName": "-", "TerminalSessionId": "1"}, "event_id": 1, "opcode": "Info", "process": {"pid": 2824, "thread": {"id": 3260}}, "provider_guid": "{5770385f-c22a-43e0-bf4c-06f5698ffbd9}", "provider_name": "Microsoft-Windows-Sysmon", "record_id": 778857, "task": "Process Create (rule: ProcessCreate)", "user": {"domain": "NT AUTHORITY", "identifier": "S-1-5-18", "name": "SYSTEM", "type": "User"}, "version": 5}}
{"@timestamp": "2024-12-25T11:18:13.279Z", "agent": {"ephemeral_id": "4d435ba8-31a0-41c4-8175-5ef02120cf03", "hostname": "CLIENT9", "id": "c35095e9-5f9f-4084-a651-3aaa2966847a", "name": "CLIENT9", "type": "winlogbeat", "version": "7.10.2"}, "ecs": {"version": "1.5.0"}, "event": {"action": "Process Create (rule: ProcessCreate)", "category": ["process"], "code": 1, "created": "2024-12-25T11:19:23.005Z", "kind": "event", "module": "sysmon", "provider": "Microsoft-Windows-Sysmon", "type": ["start", "process_start"]}, "hash": {"imphash": "272245e2988e1e430500b852c4fb5e18", "md5": "8a2122e8162dbef04694b9c3e0b6cdee", "sha1": "f1efb0fddc156e4c61c5f78a54700e4e7984d55d", "sha256": "b99d61d874728edc0918ca0eb10eab93d381e7367e377406e65963366c874450"}, "host": {"name": "CLIENT9.breach.local"}, "log": {"level": "information"}, "process": {"args": ["C:\\Windows\\system32\\cmd.exe", "/Q", "/c", "net group Domain", "Admins /domain & net localgroup administrators", "1>", "\\\\127.0.0.1\\ADMIN$\\__1735130400.5423", "2>&1"], "command_line": "C:\\Windows\\system32\\cmd.exe /Q /c \"net group \"Domain Admins\" /domain & net localgroup administrators\" 1> \\\\127.0.0.1\\ADMIN$\\__1735130400.5423 2>&1", "entity_id": "{416dd0c5-e9f5-676b-8c00-000000000900}", "executable": "C:\\Windows\\System32\\cmd.exe", "hash": {"md5": "8a2122e8162dbef04694b9c3e0b6cdee", "sha1": "f1efb0fddc156e4c61c5f78a54700e4e7984d55d", "sha256": "b99d61d874728edc0918ca0eb10eab93d381e7367e377406e65963366c874450"}, "name": "cmd.exe", "parent": {"args": ["C:\\Windows\\system32\\services.exe"], "command_line": "C:\\Windows\\system32\\services.exe", "entity_id": "{416dd0c5-bc2b-676b-0b00-000000000900}", "executable": "C:\\Windows\\System32\\services.exe", "name": "services.exe", "pid": 600}, "pe": {"imphash": "272245e2988e1e430500b852c4fb5e18"}, "pid": 35488, "working_directory": "C:\\Windows\\system32\\"}, "related": {"hash": ["f1efb0fddc156e4c61c5f78a54700e4e7984d55d", "8a2122e8162dbef04694b9c3e0b6cdee", "b99d61d874728edc0918ca0eb10eab93d381e7367e377406e65963366c874450", "272245e2988e1e430500b852c4fb5e18"], "user": "SYSTEM"}, "user": {"domain": "NT AUTHORITY", "name": "SYSTEM"}, "winlog": {"api": "wineventlog", "channel": "Microsoft-Windows-Sysmon/Operational", "computer_name": "CLIENT9.breach.local", "event_data": {"Company": "Microsoft Corporation", "Description": "Windows Command Processor", "FileVersion": "10.0.19041.746 (WinBuild.160101.0800)", "IntegrityLevel": "System", "LogonGuid": "{416dd0c5-bc2b-676b-e703-000000000000}", "LogonId": "0x3e7", "OriginalFileName": "Cmd.Exe", "ParentUser": "NT AUTHORITY\\SYSTEM", "Product": "Microsoft\u00ae Windows\u00ae Operating System", "RuleName": "-", "TerminalSessionId": "0"}, "event_id": 1, "opcode": "Info", "process": {"pid": 2824, "thread": {"id": 3260}}, "provider_guid": "{5770385f-c22a-43e0-bf4c-06f5698ffbd9}", "provider_name": "Microsoft-Windows-Sysmon", "record_id": 863740, "task": "Process Create (rule: ProcessCreate)", "user": {"domain": "NT AUTHORITY", "identifier": "S-1-5-18", "name": "SYSTEM", "type": "User"}, "version": 5}}
{"@timestamp": "2024-12-25T11:18:15.840Z", "agent": {"ephemeral_id": "4d435ba8-31a0-41c4-8175-5ef02120cf03", "hostname": "CLIENT9", "id": "c35095e9-5f9f-4084-a651-3aaa2966847a", "name": "CLIENT9", "type": "winlogbeat", "version": "7.10.2"}, "ecs": {"version": "1.5.0"}, "event": {"action": "Process Create (rule: ProcessCreate)", "category": ["process"], "code": 1, "created": "2024-12-25T11:19:25.566Z", "kind": "event", "module": "sysmon", "provider": "Microsoft-Windows-Sysmon", "type": ["start", "process_start"]}, "hash": {"imphash": "57f0c47ae2a1a2c06c8b987372ab0b07", "md5": "0bd94a338eea5a4e1f2830ae326e6d19", "sha1": "88b101598cc6726b7a57d02b1fa95be1b272a821", "sha256": "9f376759bcbcd705f726460fc4a7e2b07f310f52baa73caaaaa124fddbdf993e"}, "host": {"name": "CLIENT9.breach.local"}, "log": {"level": "information"}, "process": {"args": ["net", "group", "Domain Admins", "/domain"], "command_line": "net  group \"Domain Admins\" /domain", "entity_id": "{416dd0c5-e9f7-676b-8d00-000000000900}", "executable": "C:\\Windows\\System32\\net.exe", "hash": {"md5": "0bd94a338eea5a4e1f2830ae326e6d19", "sha1": "88b101598cc6726b7a57d02b1fa95be1b272a821", "sha256": "9f376759bcbcd705f726460fc4a7e2b07f310f52baa73caaaaa124fddbdf993e"}, "name": "net.exe", "parent": {"args": ["C:\\Windows\\system32\\cmd.exe", "/Q", "/c", "\"net", "group", "\"Domain", "Admins\"", "/domain", "&", "net", "localgroup", "administrators\"", "1>", "\\\\127.0.0.1\\ADMIN$\\__1735130400.5423", "2>&1"], "command_line": "C:\\Windows\\system32\\cmd.exe /Q /c \"net group \"Domain Admins\" /domain & net localgroup administrators\" 1> \\\\127.0.0.1\\ADMIN$\\__1735130400.5423 2>&1", "entity_id": "{416dd0c5-e9f5-676b-8c00-000000000900}", "executable": "C:\\Windows\\System32\\cmd.exe", "name": "cmd.exe", "pid": 35488}, "pe": {"imphash": "57f0c47ae2a1a2c06c8b987372ab0b07"}, "pid": 17552, "working_directory": "C:\\Windows\\system32\\"}, "related": {"hash": ["88b101598cc6726b7a57d02b1fa95be1b272a821", "0bd94a338eea5a4e1f2830ae326e6d19", "9f376759bcbcd705f726460fc4a7e2b07f310f52baa73caaaaa124fddbdf993e", "57f0c47ae2a1a2c06c8b987372ab0b07"], "user": "SYSTEM"}, "user": {"domain": "NT AUTHORITY", "name": "SYSTEM"}, "winlog": {"api": "wineventlog", "channel": "Microsoft-Windows-Sysmon/Operational", "computer_name": "CLIENT9.breach.local", "event_data": {"Company": "Microsoft Corporation", "Description": "Net Command", "FileVersion": "10.0.19041.1 (WinBuild.160101.0800)", "IntegrityLevel": "System", "LogonGuid": "{416dd0c5-bc2b-676b-e703-000000000000}", "LogonId": "0x3e7", "OriginalFileName": "net.exe", "ParentUser": "NT AUTHORITY\\SYSTEM", "Product": "Microsoft\u00ae Windows\u00ae Operating System", "RuleName": "-", "TerminalSessionId": "0"}, "event_id": 1, "opcode": "Info", "process": {"pid": 2824, "thread": {"id": 3260}}, "provider_guid": "{5770385f-c22a-43e0-bf4c-06f5698ffbd9}", "provider_name": "Microsoft-Windows-Sysmon", "record_id": 863741, "task": "Process Create (rule: ProcessCreate)", "user": {"domain": "NT AUTHORITY", "identifier": "S-1-5-18", "name": "SYSTEM", "type": "User"}, "version": 5}}
{"@timestamp": "2024-12-25T11:18:19.501Z", "agent": {"ephemeral_id": "4d435ba8-31a0-41c4-8175-5ef02120cf03", "hostname": "CLIENT9", "id": "c35095e9-5f9f-4084-a651-3aaa2966847a", "name": "CLIENT9", "type": "winlogbeat", "version": "7.10.2"}, "ecs": {"version": "1.5.0"}, "event": {"action": "Process Create (rule: ProcessCreate)", "category": ["process"], "code": 1, "created": "2024-12-25T11:19:29.227Z", "kind": "event", "module": "sysmon", "provider": "Microsoft-Windows-Sysmon", "type": ["start", "process_start"]}, "hash": {"imphash": "57f0c47ae2a1a2c06c8b987372ab0b07", "md5": "0bd94a338eea5a4e1f2830ae326e6d19", "sha1": "88b101598cc6726b7a57d02b1fa95be1b272a821", "sha256": "9f376759bcbcd705f726460fc4a7e2b07f310f52baa73caaaaa124fddbdf993e"}, "host": {"name": "CLIENT9.breach.local"}, "log": {"level": "information"}, "process": {"args": ["net", "localgroup", "administrators"], "command_line": "net  localgroup administrators", "entity_id": "{416dd0c5-e9fb-676b-8e00-000000000900}", "executable": "C:\\Windows\\System32\\net.exe", "hash": {"md5": "0bd94a338eea5a4e1f2830ae326e6d19", "sha1": "88b101598cc6726b7a57d02b1fa95be1b272a821", "sha256": "9f376759bcbcd705f726460fc4a7e2b07f310f52baa73caaaaa124fddbdf993e"}, "name": "net.exe", "parent": {"args": ["C:\\Windows\\system32\\cmd.exe", "/Q", "/c", "\"net", "group", "\"Domain", "Admins\"", "/domain", "&", "net", "localgroup", "administrators\"", "1>", "\\\\127.0.0.1\\ADMIN$\\__1735130400.5423", "2>&1"], "command_line": "C:\\Windows\\system32\\cmd.exe /Q /c \"net group \"Domain Admins\" /domain & net localgroup administrators\" 1> \\\\127.0.0.1\\ADMIN$\\__1735130400.5423 2>&1", "entity_id": "{416dd0c5-e9f5-676b-8c00-000000000900}", "executable": "C:\\Windows\\System32\\cmd.exe", "name": "cmd.exe", "pid": 35488}, "pe": {"imphash": "57f0c47ae2a1a2c06c8b987372ab0b07"}, "pid": 30736, "working_directory": "C:\\Windows\\system32\\"}, "related": {"hash": ["88b101598cc6726b7a57d02b1fa95be1b272a821", "0bd94a338eea5a4e1f2830ae326e6d19", "9f376759bcbcd705f726460fc4a7e2b07f310f52baa73caaaaa124fddbdf993e", "57f0c47ae2a1a2c06c8b987372ab0b07"], "user": "SYSTEM"}, "user": {"domain": "NT AUTHORITY", "name": "SYSTEM"}, "winlog": {"api": "wineventlog", "channel": "Microsoft-Windows-Sysmon/Operational", "computer_name": "CLIENT9.breach.local", "event_data": {"Company": "Microsoft Corporation", "Description": "Net Command", "FileVersion": "10.0.19041.1 (WinBuild.160101.0800)", "IntegrityLevel": "System", "LogonGuid": "{416dd0c5-bc2b-676b-e703-000000000000}", "LogonId": "0x3e7", "OriginalFileName": "net.exe", "ParentUser": "NT AUTHORITY\\SYSTEM", "Product": "Microsoft\u00ae Windows\u00ae Operating System", "RuleName": "-", "TerminalSessionId": "0"}, "event_id": 1, "opcode": "Info", "process": {"pid": 2824, "thread": {"id": 3260}}, "provider_guid": "{5770385f-c22a-43e0-bf4c-06f5698ffbd9}", "provider_name": "Microsoft-Windows-Sysmon", "record_id": 863742, "task": "Process Create (rule: ProcessCreate)", "user": {"domain": "NT AUTHORITY", "identifier": "S-1-5-18", "name": "SYSTEM", "type": "User"}, "version": 5}}
{"@timestamp": "2024-12-25T11:18:55.406Z", "agent": {"ephemeral_id": "4d435ba8-31a0-41c4-8175-5ef02120cf03", "hostname": "CLIENT9", "id": "c35095e9-5f9f-4084-a651-3aaa2966847a", "name": "CLIENT9", "type": "winlogbeat", "version": "7.10.2"}, "ecs": {"version": "1.5.0"}, "event": {"action": "Process Create (rule: ProcessCreate)", "category": ["process"], "code": 1, "created": "2024-12-25T11:18:57.196Z", "kind": "event", "module": "sysmon", "provider": "Microsoft-Windows-Sysmon", "type": ["start", "process_start"]}, "hash": {"imphash": "f9bbd96fae53b7a31264a703cafa0666", "md5": "f586835082f632dc8d9404d83bc16316", "sha1": "010db07461e45b41c886192df6fd425ba8d42d82", "sha256": "643ec58e82e0272c97c2a59f6020970d881af19c0ad5029db9c958c13b6558c7"}, "host": {"name": "CLIENT9.breach.local"}, "log": {"level": "information"}, "process": {"args": ["C:\\Windows\\system32\\svchost.exe", "-k", "netsvcs", "-p", "-s", "gpsvc"], "command_line": "C:\\Windows\\system32\\svchost.exe -k netsvcs -p -s gpsvc", "entity_id": "{416dd0c5-ea1f-676b-5102-000000000900}", "executable": "C:\\Windows\\System32\\svchost.exe", "hash": {"md5": "f586835082f632dc8d9404d83bc16316", "sha1": "010db07461e45b41c886192df6fd425ba8d42d82", "sha256": "643ec58e82e0272c97c2a59f6020970d881af19c0ad5029db9c958c13b6558c7"}, "name": "svchost.exe", "parent": {"args": ["C:\\Windows\\system32\\services.exe"], "command_line": "C:\\Windows\\system32\\services.exe", "entity_id": "{416dd0c5-bc2b-676b-0b00-000000000900}", "executable": "C:\\Windows\\System32\\services.exe", "name": "services.exe", "pid": 600}, "pe": {"imphash": "f9bbd96fae53b7a31264a703cafa0666"}, "pid": 2008, "working_directory": "C:\\Windows\\system32\\"}, "related": {"hash": ["010db07461e45b41c886192df6fd425ba8d42d82", "f586835082f632dc8d9404d83bc16316", "643ec58e82e0272c97c2a59f6020970d881af19c0ad5029db9c958c13b6558c7", "f9bbd96fae53b7a31264a703cafa0666"], "user": "SYSTEM"}, "user": {"domain": "NT AUTHORITY", "name": "SYSTEM"}, "winlog": {"api": "wineventlog", "channel": "Microsoft-Windows-Sysmon/Operational", "computer_name": "CLIENT9.breach.local", "event_data": {"Company": "Microsoft Corporation", "Description": "Host Process for Windows Services", "FileVersion": "10.0.19041.546 (WinBuild.160101.0800)", "IntegrityLevel": "System", "LogonGuid": "{416dd0c5-bc2b-676b-e703-000000000000}", "LogonId": "0x3e7", "OriginalFileName": "svchost.exe", "ParentUser": "NT AUTHORITY\\SYSTEM", "Product": "Microsoft\u00ae Windows\u00ae Operating System", "RuleName": "-", "TerminalSessionId": "0"}, "event_id": 1, "opcode": "Info", "process": {"pid": 2824, "thread": {"id": 3260}}, "provider_guid": "{5770385f-c22a-43e0-bf4c-06f5698ffbd9}", "provider_name": "Microsoft-Windows-Sysmon", "record_id": 779130, "task": "Process Create (rule: ProcessCreate)", "user": {"domain": "NT AUTHORITY", "identifier": "S-1-5-18", "name": "SYSTEM", "type": "User"}, "version": 5}}
{"@timestamp": "2024-12-25T11:21:03.465Z", "agent": {"ephemeral_id": "4d435ba8-31a0-41c4-8175-5ef02120cf03", "hostname": "CLIENT9", "id": "c35095e9-5f9f-4084-a651-3aaa2966847a", "name": "CLIENT9", "type": "winlogbeat", "version": "7.10.2"}, "ecs": {"version": "1.5.0"}, "event": {"action": "Process Create (rule: ProcessCreate)", "category": ["process"], "code": 1, "created": "2024-12-25T11:21:04.728Z", "kind": "event", "module": "sysmon", "provider": "Microsoft-Windows-Sysmon", "type": ["start", "process_start"]}, "hash": {"imphash": "272245e2988e1e430500b852c4fb5e18", "md5": "8a2122e8162dbef04694b9c3e0b6cdee", "sha1": "f1efb0fddc156e4c61c5f78a54700e4e7984d55d", "sha256": "b99d61d874728edc0918ca0eb10eab93d381e7367e377406e65963366c874450"}, "host": {"name": "CLIENT9.breach.local"}, "log": {"level": "information"}, "process": {"args": ["C:\\Windows\\system32\\cmd.exe", "/c", "start C:\\Users\\client9\\Documents\\main.txt"], "command_line": "C:\\Windows\\system32\\cmd.exe /c \"start C:\\Users\\client9\\Documents\\main.txt\"", "entity_id": "{416dd0c5-ea9f-676b-5202-000000000900}", "executable": "C:\\Windows\\System32\\cmd.exe", "hash": {"md5": "8a2122e8162dbef04694b9c3e0b6cdee", "sha1": "f1efb0fddc156e4c61c5f78a54700e4e7984d55d", "sha256": "b99d61d874728edc0918ca0eb10eab93d381e7367e377406e65963366c874450"}, "name": "cmd.exe", "parent": {"args": ["C:\\Python37\\python.exe", "-c", "from multiprocessing.spawn import spawn_main; spawn_main(parent_pid=7092, pipe_handle=1844)", "--multiprocessing-fork"], "command_line": "\"C:\\Python37\\python.exe\" \"-c\" \"from multiprocessing.spawn import spawn_main; spawn_main(parent_pid=7092, pipe_handle=1844)\" \"--multiprocessing-fork\"", "entity_id": "{416dd0c5-e923-676b-4302-000000000900}", "executable": "C:\\Python37\\python.exe", "name": "python.exe", "pid": 8088}, "pe": {"imphash": "272245e2988e1e430500b852c4fb5e18"}, "pid": 7452, "working_directory": "C:\\BREACH\\"}, "related": {"hash": ["f1efb0fddc156e4c61c5f78a54700e4e7984d55d", "8a2122e8162dbef04694b9c3e0b6cdee", "b99d61d874728edc0918ca0eb10eab93d381e7367e377406e65963366c874450", "272245e2988e1e430500b852c4fb5e18"], "user": "client9"}, "user": {"domain": "BREACH", "name": "client9"}, "winlog": {"api": "wineventlog", "channel": "Microsoft-Windows-Sysmon/Operational", "computer_name": "CLIENT9.breach.local", "event_data": {"Company": "Microsoft Corporation", "Description": "Windows Command Processor", "FileVersion": "10.0.19041.746 (WinBuild.160101.0800)", "IntegrityLevel": "Medium", "LogonGuid": "{416dd0c5-bc33-676b-93b3-040000000000}", "LogonId": "0x4b393", "OriginalFileName": "Cmd.Exe", "ParentUser": "BREACH\\client9", "Product": "Microsoft\u00ae Windows\u00ae Operating System", "RuleName": "-", "TerminalSessionId": "1"}, "event_id": 1, "opcode": "Info", "process": {"pid": 2824, "thread": {"id": 3260}}, "provider_guid": "{5770385f-c22a-43e0-bf4c-06f5698ffbd9}", "provider_name": "Microsoft-Windows-Sysmon", "record_id": 779248, "task": "Process Create (rule: ProcessCreate)", "user": {"domain": "NT AUTHORITY", "identifier": "S-1-5-18", "name": "SYSTEM", "type": "User"}, "version": 5}}
