{"@timestamp": "2025-01-09T14:29:57.099Z", "agent": {"ephemeral_id": "90351131-305f-4d48-851e-c60337a1d409", "hostname": "CLIENT12", "id": "c35095e9-5f9f-4084-a651-3aaa2966847a", "name": "CLIENT12", "type": "winlogbeat", "version": "7.10.2"}, "ecs": {"version": "1.5.0"}, "event": {"action": "Process Create (rule: ProcessCreate)", "category": ["process"], "code": 1, "created": "2025-01-09T14:30:04.972Z", "kind": "event", "module": "sysmon", "provider": "Microsoft-Windows-Sysmon", "type": ["start", "process_start"]}, "hash": {"imphash": "51bef41e5cd278a02c17451af095c288", "md5": "585d2527c7dcc8e2c69324212f9f2964", "sha1": "ace4770f386293b92d946f872d4bb280c9b587ef", "sha256": "44761759948fcf37ed691f462bbb54d3e3064f9b70d4e0e60b5338e87c785fbe"}, "host": {"name": "CLIENT12.breach.local"}, "log": {"level": "information"}, "process": {"args": ["C:\\Program Files (x86)\\Mozilla Firefox\\firefox.exe", "-contentproc", "-isForBrowser", "-prefsHandle", "3000", "-prefsLen", "30030", "-prefMapHandle", "3004", "-prefMapSize", "267494", "-jsInitHandle", "3008", "-jsInitLen", "254356", "-parentBuildID", "20241230151726", "-ipcHandle", "3016", "-initialChannelId", "{b61580c5-3e9d-44f1-946c-ac6f967073f1}", "-parentPid", "9452", "-crashReporter", "\\\\.\\pipe\\gecko-crash-server-pipe.9452", "-win32kLockedDown", "-appDir", "C:\\Program Files (x86)\\Mozilla Firefox\\browser", "-", "3", "tab"], "command_line": "\"C:\\Program Files (x86)\\Mozilla Firefox\\firefox.exe\" -contentproc -isForBrowser -prefsHandle 3000 -prefsLen 30030 -prefMapHandle 3004 -prefMapSize 267494 -jsInitHandle 3008 -jsInitLen 254356 -parentBuildID 20241230151726 -ipcHandle 3016 -initialChannelId {b61580c5-3e9d-44f1-946c-ac6f967073f1} -parentPid 9452 -crashReporter \"\\\\.\\pipe\\gecko-crash-server-pipe.9452\" -win32kLockedDown -appDir \"C:\\Program Files (x86)\\Mozilla Firefox\\browser\" - 3 tab", "entity_id": "{416dd0c5-dd65-677f-e504-000000001400}", "executable": "C:\\Program Files (x86)\\Mozilla Firefox\\firefox.exe", "hash": {"md5": "585d2527c7dcc8e2c69324212f9f2964", "sha1": "ace4770f386293b92d946f872d4bb280c9b587ef", "sha256": "44761759948fcf37ed691f462bbb54d3e3064f9b70d4e0e60b5338e87c785fbe"}, "name": "firefox.exe", "parent": {"args": ["C:\\Program Files (x86)\\Mozilla Firefox\\firefox.exe", "--marionette", "--remote-debugging-port", "59103", "--remote-allow-hosts", "localhost", "-no-remote", "-profile", "C:\\Users\\client12\\AppData\\Local\\Temp\\rust_mozprofileJ3A19E"], "command_line": "\"C:\\Program Files (x86)\\Mozilla Firefox\\firefox.exe\" --marionette --remote-debugging-port 59103 --remote-allow-hosts localhost -no-remote -profile C:\\Users\\client12\\AppData\\Local\\Temp\\rust_mozprofileJ3A19E", "entity_id": "{416dd0c5-dd63-677f-e204-000000001400}", "executable": "C:\\Program Files (x86)\\Mozilla Firefox\\firefox.exe", "name": "firefox.exe", "pid": 9452}, "pe": {"imphash": "51bef41e5cd278a02c17451af095c288"}, "pid": 872, "working_directory": "C:\\BREACH\\"}, "related": {"hash": ["ace4770f386293b92d946f872d4bb280c9b587ef", "585d2527c7dcc8e2c69324212f9f2964", "44761759948fcf37ed691f462bbb54d3e3064f9b70d4e0e60b5338e87c785fbe", "51bef41e5cd278a02c17451af095c288"], "user": "client12"}, "user": {"domain": "BREACH", "name": "client12"}, "winlog": {"api": "wineventlog", "channel": "Microsoft-Windows-Sysmon/Operational", "computer_name": "CLIENT12.breach.local", "event_data": {"Company": "Mozilla Corporation", "Description": "Firefox", "FileVersion": "134.0", "IntegrityLevel": "Low", "LogonGuid": "{416dd0c5-8372-677f-9f15-050000000000}", "LogonId": "0x5159f", "OriginalFileName": "firefox.exe", "ParentUser": "BREACH\\client12", "Product": "Firefox", "RuleName": "-", "TerminalSessionId": "1"}, "event_id": 1, "opcode": "Info", "process": {"pid": 2844, "thread": {"id": 3160}}, "provider_guid": "{5770385f-c22a-43e0-bf4c-06f5698ffbd9}", "provider_name": "Microsoft-Windows-Sysmon", "record_id": 3891932, "task": "Process Create (rule: ProcessCreate)", "user": {"domain": "NT AUTHORITY", "identifier": "S-1-5-18", "name": "SYSTEM", "type": "User"}, "version": 5}}
{"@timestamp": "2025-01-09T14:29:57.133Z", "agent": {"ephemeral_id": "90351131-305f-4d48-851e-c60337a1d409", "hostname": "CLIENT12", "id": "c35095e9-5f9f-4084-a651-3aaa2966847a", "name": "CLIENT12", "type": "winlogbeat", "version": "7.10.2"}, "ecs": {"version": "1.5.0"}, "event": {"action": "Process Create (rule: ProcessCreate)", "category": ["process"], "code": 1, "created": "2025-01-09T14:30:04.977Z", "kind": "event", "module": "sysmon", "provider": "Microsoft-Windows-Sysmon", "type": ["start", "process_start"]}, "hash": {"imphash": "51bef41e5cd278a02c17451af095c288", "md5": "585d2527c7dcc8e2c69324212f9f2964", "sha1": "ace4770f386293b92d946f872d4bb280c9b587ef", "sha256": "44761759948fcf37ed691f462bbb54d3e3064f9b70d4e0e60b5338e87c785fbe"}, "host": {"name": "CLIENT12.breach.local"}, "log": {"level": "information"}, "process": {"args": ["C:\\Program Files (x86)\\Mozilla Firefox\\firefox.exe", "-contentproc", "-parentBuildID", "20241230151726", "-prefsHandle", "3164", "-prefsLen", "30075", "-prefMapHandle", "3168", "-prefMapSize", "267494", "-ipcHandle", "3216", "-initialChannelId", "{53f9d5ec-7d6c-4d2e-8499-1a2b0bf72aa3}", "-parentPid", "9452", "-crashReporter", "\\\\.\\pipe\\gecko-crash-server-pipe.9452", "-appDir", "C:\\Program Files (x86)\\Mozilla Firefox\\browser", "-", "4", "rdd"], "command_line": "\"C:\\Program Files (x86)\\Mozilla Firefox\\firefox.exe\" -contentproc -parentBuildID 20241230151726 -prefsHandle 3164 -prefsLen 30075 -prefMapHandle 3168 -prefMapSize 267494 -ipcHandle 3216 -initialChannelId {53f9d5ec-7d6c-4d2e-8499-1a2b0bf72aa3} -parentPid 9452 -crashReporter \"\\\\.\\pipe\\gecko-crash-server-pipe.9452\" -appDir \"C:\\Program Files (x86)\\Mozilla Firefox\\browser\" - 4 rdd", "entity_id": "{416dd0c5-dd65-677f-e604-000000001400}", "executable": "C:\\Program Files (x86)\\Mozilla Firefox\\firefox.exe", "hash": {"md5": "585d2527c7dcc8e2c69324212f9f2964", "sha1": "ace4770f386293b92d946f872d4bb280c9b587ef", "sha256": "44761759948fcf37ed691f462bbb54d3e3064f9b70d4e0e60b5338e87c785fbe"}, "name": "firefox.exe", "parent": {"args": ["C:\\Program Files (x86)\\Mozilla Firefox\\firefox.exe", "--marionette", "--remote-debugging-port", "59103", "--remote-allow-hosts", "localhost", "-no-remote", "-profile", "C:\\Users\\client12\\AppData\\Local\\Temp\\rust_mozprofileJ3A19E"], "command_line": "\"C:\\Program Files (x86)\\Mozilla Firefox\\firefox.exe\" --marionette --remote-debugging-port 59103 --remote-allow-hosts localhost -no-remote -profile C:\\Users\\client12\\AppData\\Local\\Temp\\rust_mozprofileJ3A19E", "entity_id": "{416dd0c5-dd63-677f-e204-000000001400}", "executable": "C:\\Program Files (x86)\\Mozilla Firefox\\firefox.exe", "name": "firefox.exe", "pid": 9452}, "pe": {"imphash": "51bef41e5cd278a02c17451af095c288"}, "pid": 8416, "working_directory": "C:\\BREACH\\"}, "related": {"hash": ["ace4770f386293b92d946f872d4bb280c9b587ef", "585d2527c7dcc8e2c69324212f9f2964", "44761759948fcf37ed691f462bbb54d3e3064f9b70d4e0e60b5338e87c785fbe", "51bef41e5cd278a02c17451af095c288"], "user": "client12"}, "user": {"domain": "BREACH", "name": "client12"}, "winlog": {"api": "wineventlog", "channel": "Microsoft-Windows-Sysmon/Operational", "computer_name": "CLIENT12.breach.local", "event_data": {"Company": "Mozilla Corporation", "Description": "Firefox", "FileVersion": "134.0", "IntegrityLevel": "Low", "LogonGuid": "{416dd0c5-8372-677f-9f15-050000000000}", "LogonId": "0x5159f", "OriginalFileName": "firefox.exe", "ParentUser": "BREACH\\client12", "Product": "Firefox", "RuleName": "-", "TerminalSessionId": "1"}, "event_id": 1, "opcode": "Info", "process": {"pid": 2844, "thread": {"id": 3160}}, "provider_guid": "{5770385f-c22a-43e0-bf4c-06f5698ffbd9}", "provider_name": "Microsoft-Windows-Sysmon", "record_id": 3891944, "task": "Process Create (rule: ProcessCreate)", "user": {"domain": "NT AUTHORITY", "identifier": "S-1-5-18", "name": "SYSTEM", "type": "User"}, "version": 5}}
{"@timestamp": "2025-01-09T14:29:58.380Z", "agent": {"ephemeral_id": "90351131-305f-4d48-851e-c60337a1d409", "hostname": "CLIENT12", "id": "c35095e9-5f9f-4084-a651-3aaa2966847a", "name": "CLIENT12", "type": "winlogbeat", "version": "7.10.2"}, "ecs": {"version": "1.5.0"}, "event": {"action": "Process Create (rule: ProcessCreate)", "category": ["process"], "code": 1, "created": "2025-01-09T14:30:05.129Z", "kind": "event", "module": "sysmon", "provider": "Microsoft-Windows-Sysmon", "type": ["start", "process_start"]}, "hash": {"imphash": "51bef41e5cd278a02c17451af095c288", "md5": "585d2527c7dcc8e2c69324212f9f2964", "sha1": "ace4770f386293b92d946f872d4bb280c9b587ef", "sha256": "44761759948fcf37ed691f462bbb54d3e3064f9b70d4e0e60b5338e87c785fbe"}, "host": {"name": "CLIENT12.breach.local"}, "log": {"level": "information"}, "process": {"args": ["C:\\Program Files (x86)\\Mozilla Firefox\\firefox.exe", "-contentproc", "-isForBrowser", "-prefsHandle", "3728", "-prefsLen", "29360", "-prefMapHandle", "3732", "-prefMapSize", "267494", "-jsInitHandle", "3736", "-jsInitLen", "254356", "-parentBuildID", "20241230151726", "-ipcHandle", "3744", "-initialChannelId", "{4c4cc259-11cc-41df-acec-f4e3b09fc560}", "-parentPid", "9452", "-crashReporter", "\\\\.\\pipe\\gecko-crash-server-pipe.9452", "-win32kLockedDown", "-appDir", "C:\\Program Files (x86)\\Mozilla Firefox\\browser", "-", "5", "tab"], "command_line": "\"C:\\Program Files (x86)\\Mozilla Firefox\\firefox.exe\" -contentproc -isForBrowser -prefsHandle 3728 -prefsLen 29360 -prefMapHandle 3732 -prefMapSize 267494 -jsInitHandle 3736 -jsInitLen 254356 -parentBuildID 20241230151726 -ipcHandle 3744 -initialChannelId {4c4cc259-11cc-41df-acec-f4e3b09fc560} -parentPid 9452 -crashReporter \"\\\\.\\pipe\\gecko-crash-server-pipe.9452\" -win32kLockedDown -appDir \"C:\\Program Files (x86)\\Mozilla Firefox\\browser\" - 5 tab", "entity_id": "{416dd0c5-dd66-677f-e704-000000001400}", "executable": "C:\\Program Files (x86)\\Mozilla Firefox\\firefox.exe", "hash": {"md5": "585d2527c7dcc8e2c69324212f9f2964", "sha1": "ace4770f386293b92d946f872d4bb280c9b587ef", "sha256": "44761759948fcf37ed691f462bbb54d3e3064f9b70d4e0e60b5338e87c785fbe"}, "name": "firefox.exe", "parent": {"args": ["C:\\Program Files (x86)\\Mozilla Firefox\\firefox.exe", "--marionette", "--remote-debugging-port", "59103", "--remote-allow-hosts", "localhost", "-no-remote", "-profile", "C:\\Users\\client12\\AppData\\Local\\Temp\\rust_mozprofileJ3A19E"], "command_line": "\"C:\\Program Files (x86)\\Mozilla Firefox\\firefox.exe\" --marionette --remote-debugging-port 59103 --remote-allow-hosts localhost -no-remote -profile C:\\Users\\client12\\AppData\\Local\\Temp\\rust_mozprofileJ3A19E", "entity_id": "{416dd0c5-dd63-677f-e204-000000001400}", "executable": "C:\\Program Files (x86)\\Mozilla Firefox\\firefox.exe", "name": "firefox.exe", "pid": 9452}, "pe": {"imphash": "51bef41e5cd278a02c17451af095c288"}, "pid": 12076, "working_directory": "C:\\BREACH\\"}, "related": {"hash": ["ace4770f386293b92d946f872d4bb280c9b587ef", "585d2527c7dcc8e2c69324212f9f2964", "44761759948fcf37ed691f462bbb54d3e3064f9b70d4e0e60b5338e87c785fbe", "51bef41e5cd278a02c17451af095c288"], "user": "client12"}, "user": {"domain": "BREACH", "name": "client12"}, "winlog": {"api": "wineventlog", "channel": "Microsoft-Windows-Sysmon/Operational", "computer_name": "CLIENT12.breach.local", "event_data": {"Company": "Mozilla Corporation", "Description": "Firefox", "FileVersion": "134.0", "IntegrityLevel": "Low", "LogonGuid": "{416dd0c5-8372-677f-9f15-050000000000}", "LogonId": "0x5159f", "OriginalFileName": "firefox.exe", "ParentUser": "BREACH\\client12", "Product": "Firefox", "RuleName": "-", "TerminalSessionId": "1"}, "event_id": 1, "opcode": "Info", "process": {"pid": 2844, "thread": {"id": 3160}}, "provider_guid": "{5770385f-c22a-43e0-bf4c-06f5698ffbd9}", "provider_name": "Microsoft-Windows-Sysmon", "record_id": 3892060, "task": "Process Create (rule: ProcessCreate)", "user": {"domain": "NT AUTHORITY", "identifier": "S-1-5-18", "name": "SYSTEM", "type": "User"}, "version": 5}}
{"@timestamp": "2025-01-09T14:30:00.906Z", "agent": {"ephemeral_id": "90351131-305f-4d48-851e-c60337a1d409", "hostname": "CLIENT12", "id": "c35095e9-5f9f-4084-a651-3aaa2966847a", "name": "CLIENT12", "type": "winlogbeat", "version": "7.10.2"}, "ecs": {"version": "1.5.0"}, "event": {"action": "Process Create (rule: ProcessCreate)", "category": ["process"], "code": 1, "created": "2025-01-09T14:30:05.391Z", "kind": "event", "module": "sysmon", "provider": "Microsoft-Windows-Sysmon", "type": ["start", "process_start"]}, "hash": {"imphash": "51bef41e5cd278a02c17451af095c288", "md5": "585d2527c7dcc8e2c69324212f9f2964", "sha1": "ace4770f386293b92d946f872d4bb280c9b587ef", "sha256": "44761759948fcf37ed691f462bbb54d3e3064f9b70d4e0e60b5338e87c785fbe"}, "host": {"name": "CLIENT12.breach.local"}, "log": {"level": "information"}, "process": {"args": ["C:\\Program Files (x86)\\Mozilla Firefox\\firefox.exe", "-contentproc", "-isForBrowser", "-prefsHandle", "4480", "-prefsLen", "37508", "-prefMapHandle", "4484", "-prefMapSize", "267494", "-jsInitHandle", "4488", "-jsInitLen", "254356", "-parentBuildID", "20241230151726", "-ipcHandle", "4464", "-initialChannelId", "{82a852f3-f21c-4002-bd50-b6cd66da7b0e}", "-parentPid", "9452", "-crashReporter", "\\\\.\\pipe\\gecko-crash-server-pipe.9452", "-win32kLockedDown", "-appDir", "C:\\Program Files (x86)\\Mozilla Firefox\\browser", "-", "6", "tab"], "command_line": "\"C:\\Program Files (x86)\\Mozilla Firefox\\firefox.exe\" -contentproc -isForBrowser -prefsHandle 4480 -prefsLen 37508 -prefMapHandle 4484 -prefMapSize 267494 -jsInitHandle 4488 -jsInitLen 254356 -parentBuildID 20241230151726 -ipcHandle 4464 -initialChannelId {82a852f3-f21c-4002-bd50-b6cd66da7b0e} -parentPid 9452 -crashReporter \"\\\\.\\pipe\\gecko-crash-server-pipe.9452\" -win32kLockedDown -appDir \"C:\\Program Files (x86)\\Mozilla Firefox\\browser\" - 6 tab", "entity_id": "{416dd0c5-dd68-677f-e804-000000001400}", "executable": "C:\\Program Files (x86)\\Mozilla Firefox\\firefox.exe", "hash": {"md5": "585d2527c7dcc8e2c69324212f9f2964", "sha1": "ace4770f386293b92d946f872d4bb280c9b587ef", "sha256": "44761759948fcf37ed691f462bbb54d3e3064f9b70d4e0e60b5338e87c785fbe"}, "name": "firefox.exe", "parent": {"args": ["C:\\Program Files (x86)\\Mozilla Firefox\\firefox.exe", "--marionette", "--remote-debugging-port", "59103", "--remote-allow-hosts", "localhost", "-no-remote", "-profile", "C:\\Users\\client12\\AppData\\Local\\Temp\\rust_mozprofileJ3A19E"], "command_line": "\"C:\\Program Files (x86)\\Mozilla Firefox\\firefox.exe\" --marionette --remote-debugging-port 59103 --remote-allow-hosts localhost -no-remote -profile C:\\Users\\client12\\AppData\\Local\\Temp\\rust_mozprofileJ3A19E", "entity_id": "{416dd0c5-dd63-677f-e204-000000001400}", "executable": "C:\\Program Files (x86)\\Mozilla Firefox\\firefox.exe", "name": "firefox.exe", "pid": 9452}, "pe": {"imphash": "51bef41e5cd278a02c17451af095c288"}, "pid": 272, "working_directory": "C:\\BREACH\\"}, "related": {"hash": ["ace4770f386293b92d946f872d4bb280c9b587ef", "585d2527c7dcc8e2c69324212f9f2964", "44761759948fcf37ed691f462bbb54d3e3064f9b70d4e0e60b5338e87c785fbe", "51bef41e5cd278a02c17451af095c288"], "user": "client12"}, "user": {"domain": "BREACH", "name": "client12"}, "winlog": {"api": "wineventlog", "channel": "Microsoft-Windows-Sysmon/Operational", "computer_name": "CLIENT12.breach.local", "event_data": {"Company": "Mozilla Corporation", "Description": "Firefox", "FileVersion": "134.0", "IntegrityLevel": "Low", "LogonGuid": "{416dd0c5-8372-677f-9f15-050000000000}", "LogonId": "0x5159f", "OriginalFileName": "firefox.exe", "ParentUser": "BREACH\\client12", "Product": "Firefox", "RuleName": "-", "TerminalSessionId": "1"}, "event_id": 1, "opcode": "Info", "process": {"pid": 2844, "thread": {"id": 3160}}, "provider_guid": "{5770385f-c22a-43e0-bf4c-06f5698ffbd9}", "provider_name": "Microsoft-Windows-Sysmon", "record_id": 3892246, "task": "Process Create (rule: ProcessCreate)", "user": {"domain": "NT AUTHORITY", "identifier": "S-1-5-18", "name": "SYSTEM", "type": "User"}, "version": 5}}
{"@timestamp": "2025-01-09T14:30:01.894Z", "agent": {"ephemeral_id": "90351131-305f-4d48-851e-c60337a1d409", "hostname": "CLIENT12", "id": "c35095e9-5f9f-4084-a651-3aaa2966847a", "name": "CLIENT12", "type": "winlogbeat", "version": "7.10.2"}, "ecs": {"version": "1.5.0"}, "event": {"action": "Process Create (rule: ProcessCreate)", "category": ["process"], "code": 1, "created": "2025-01-09T14:30:05.529Z", "kind": "event", "module": "sysmon", "provider": "Microsoft-Windows-Sysmon", "type": ["start", "process_start"]}, "hash": {"imphash": "51bef41e5cd278a02c17451af095c288", "md5": "585d2527c7dcc8e2c69324212f9f2964", "sha1": "ace4770f386293b92d946f872d4bb280c9b587ef", "sha256": "44761759948fcf37ed691f462bbb54d3e3064f9b70d4e0e60b5338e87c785fbe"}, "host": {"name": "CLIENT12.breach.local"}, "log": {"level": "information"}, "process": {"args": ["C:\\Program Files (x86)\\Mozilla Firefox\\firefox.exe", "-contentproc", "-parentBuildID", "20241230151726", "-sandboxingKind", "0", "-prefsHandle", "4760", "-prefsLen", "39833", "-prefMapHandle", "4764", "-prefMapSize", "267494", "-ipcHandle", "4828", "-initialChannelId", "{136f93db-4aef-48e0-b76d-7fa00fa840d7}", "-parentPid", "9452", "-crashReporter", "\\\\.\\pipe\\gecko-crash-server-pipe.9452", "-win32kLockedDown", "-appDir", "C:\\Program Files (x86)\\Mozilla Firefox\\browser", "-", "7", "utility"], "command_line": "\"C:\\Program Files (x86)\\Mozilla Firefox\\firefox.exe\" -contentproc -parentBuildID 20241230151726 -sandboxingKind 0 -prefsHandle 4760 -prefsLen 39833 -prefMapHandle 4764 -prefMapSize 267494 -ipcHandle 4828 -initialChannelId {136f93db-4aef-48e0-b76d-7fa00fa840d7} -parentPid 9452 -crashReporter \"\\\\.\\pipe\\gecko-crash-server-pipe.9452\" -win32kLockedDown -appDir \"C:\\Program Files (x86)\\Mozilla Firefox\\browser\" - 7 utility", "entity_id": "{416dd0c5-dd69-677f-e904-000000001400}", "executable": "C:\\Program Files (x86)\\Mozilla Firefox\\firefox.exe", "hash": {"md5": "585d2527c7dcc8e2c69324212f9f2964", "sha1": "ace4770f386293b92d946f872d4bb280c9b587ef", "sha256": "44761759948fcf37ed691f462bbb54d3e3064f9b70d4e0e60b5338e87c785fbe"}, "name": "firefox.exe", "parent": {"args": ["C:\\Program Files (x86)\\Mozilla Firefox\\firefox.exe", "--marionette", "--remote-debugging-port", "59103", "--remote-allow-hosts", "localhost", "-no-remote", "-profile", "C:\\Users\\client12\\AppData\\Local\\Temp\\rust_mozprofileJ3A19E"], "command_line": "\"C:\\Program Files (x86)\\Mozilla Firefox\\firefox.exe\" --marionette --remote-debugging-port 59103 --remote-allow-hosts localhost -no-remote -profile C:\\Users\\client12\\AppData\\Local\\Temp\\rust_mozprofileJ3A19E", "entity_id": "{416dd0c5-dd63-677f-e204-000000001400}", "executable": "C:\\Program Files (x86)\\Mozilla Firefox\\firefox.exe", "name": "firefox.exe", "pid": 9452}, "pe": {"imphash": "51bef41e5cd278a02c17451af095c288"}, "pid": 4564, "working_directory": "C:\\BREACH\\"}, "related": {"hash": ["ace4770f386293b92d946f872d4bb280c9b587ef", "585d2527c7dcc8e2c69324212f9f2964", "44761759948fcf37ed691f462bbb54d3e3064f9b70d4e0e60b5338e87c785fbe", "51bef41e5cd278a02c17451af095c288"], "user": "client12"}, "user": {"domain": "BREACH", "name": "client12"}, "winlog": {"api": "wineventlog", "channel": "Microsoft-Windows-Sysmon/Operational", "computer_name": "CLIENT12.breach.local", "event_data": {"Company": "Mozilla Corporation", "Description": "Firefox", "FileVersion": "134.0", "IntegrityLevel": "Low", "LogonGuid": "{416dd0c5-8372-677f-9f15-050000000000}", "LogonId": "0x5159f", "OriginalFileName": "firefox.exe", "ParentUser": "BREACH\\client12", "Product": "Firefox", "RuleName": "-", "TerminalSessionId": "1"}, "event_id": 1, "opcode": "Info", "process": {"pid": 2844, "thread": {"id": 3160}}, "provider_guid": "{5770385f-c22a-43e0-bf4c-06f5698ffbd9}", "provider_name": "Microsoft-Windows-Sysmon", "record_id": 3892347, "task": "Process Create (rule: ProcessCreate)", "user": {"domain": "NT AUTHORITY", "identifier": "S-1-5-18", "name": "SYSTEM", "type": "User"}, "version": 5}}
{"@timestamp": "2025-01-09T14:32:38.414Z", "agent": {"ephemeral_id": "90351131-305f-4d48-851e-c60337a1d409", "hostname": "CLIENT12", "id": "c35095e9-5f9f-4084-a651-3aaa2966847a", "name": "CLIENT12", "type": "winlogbeat", "version": "7.10.2"}, "ecs": {"version": "1.5.0"}, "event": {"action": "Process Create (rule: ProcessCreate)", "category": ["process"], "code": 1, "created": "2025-01-09T14:32:43.643Z", "kind": "event", "module": "sysmon", "provider": "Microsoft-Windows-Sysmon", "type": ["start", "process_start"]}, "hash": {"imphash": "3c2fc59273192a34f1aa4a59df3b348e", "md5": "922f7003fca657359db03cc02941124d", "sha1": "27fae46e4e377467f2d5f9e37a5a8cb19b39b9ec", "sha256": "5da31132fd6a415e71e3fd40c3a23853a799b91ea2821d2bcbf1bf0e8fa01e16"}, "host": {"name": "CLIENT12.breach.local"}, "log": {"level": "information"}, "process": {"args": ["C:\\Python37\\python.exe", "-c", "from multiprocessing.spawn import spawn_main; spawn_main(parent_pid=7152, pipe_handle=2008)", "--multiprocessing-fork"], "command_line": "\"C:\\Python37\\python.exe\" \"-c\" \"from multiprocessing.spawn import spawn_main; spawn_main(parent_pid=7152, pipe_handle=2008)\" \"--multiprocessing-fork\"", "entity_id": "{416dd0c5-de06-677f-ea04-000000001400}", "executable": "C:\\Python37\\python.exe", "hash": {"md5": "922f7003fca657359db03cc02941124d", "sha1": "27fae46e4e377467f2d5f9e37a5a8cb19b39b9ec", "sha256": "5da31132fd6a415e71e3fd40c3a23853a799b91ea2821d2bcbf1bf0e8fa01e16"}, "name": "python.exe", "parent": {"args": ["C:\\Python37\\python.exe", "C:\\BREACH\\userbehavior\\main.py"], "command_line": "C:\\Python37\\python.exe \"C:\\BREACH\\userbehavior\\main.py\" ", "entity_id": "{416dd0c5-8390-677f-9b00-000000001400}", "executable": "C:\\Python37\\python.exe", "name": "python.exe", "pid": 7152}, "pe": {"imphash": "3c2fc59273192a34f1aa4a59df3b348e"}, "pid": 9128, "working_directory": "C:\\BREACH\\"}, "related": {"hash": ["27fae46e4e377467f2d5f9e37a5a8cb19b39b9ec", "922f7003fca657359db03cc02941124d", "5da31132fd6a415e71e3fd40c3a23853a799b91ea2821d2bcbf1bf0e8fa01e16", "3c2fc59273192a34f1aa4a59df3b348e"], "user": "client12"}, "user": {"domain": "BREACH", "name": "client12"}, "winlog": {"api": "wineventlog", "channel": "Microsoft-Windows-Sysmon/Operational", "computer_name": "CLIENT12.breach.local", "event_data": {"Company": "Python Software Foundation", "Description": "Python", "FileVersion": "3.7.3", "IntegrityLevel": "Medium", "LogonGuid": "{416dd0c5-8372-677f-9f15-050000000000}", "LogonId": "0x5159f", "OriginalFileName": "python.exe", "ParentUser": "BREACH\\client12", "Product": "Python", "RuleName": "-", "TerminalSessionId": "1"}, "event_id": 1, "opcode": "Info", "process": {"pid": 2844, "thread": {"id": 3160}}, "provider_guid": "{5770385f-c22a-43e0-bf4c-06f5698ffbd9}", "provider_name": "Microsoft-Windows-Sysmon", "record_id": 3895292, "task": "Process Create (rule: ProcessCreate)", "user": {"domain": "NT AUTHORITY", "identifier": "S-1-5-18", "name": "SYSTEM", "type": "User"}, "version": 5}}
{"@timestamp": "2025-01-09T14:32:40.718Z", "agent": {"ephemeral_id": "90351131-305f-4d48-851e-c60337a1d409", "hostname": "CLIENT12", "id": "c35095e9-5f9f-4084-a651-3aaa2966847a", "name": "CLIENT12", "type": "winlogbeat", "version": "7.10.2"}, "ecs": {"version": "1.5.0"}, "event": {"action": "Process Create (rule: ProcessCreate)", "category": ["process"], "code": 1, "created": "2025-01-09T14:32:47.412Z", "kind": "event", "module": "sysmon", "provider": "Microsoft-Windows-Sysmon", "type": ["start", "process_start"]}, "hash": {"imphash": "272245e2988e1e430500b852c4fb5e18", "md5": "8a2122e8162dbef04694b9c3e0b6cdee", "sha1": "f1efb0fddc156e4c61c5f78a54700e4e7984d55d", "sha256": "b99d61d874728edc0918ca0eb10eab93d381e7367e377406e65963366c874450"}, "host": {"name": "CLIENT12.breach.local"}, "log": {"level": "information"}, "process": {"args": ["C:\\Windows\\system32\\cmd.exe", "/c", "C:\\\\Program", "Files", "(x86)\\\\LibreOffice", "4\\\\program\\\\soffice.exe --norestore C:\\Users\\client12\\Documents\\attachments\\think.doc"], "command_line": "C:\\Windows\\system32\\cmd.exe /c \"\"C:\\\\Program Files (x86)\\\\LibreOffice 4\\\\program\\\\soffice.exe\" --norestore C:\\Users\\client12\\Documents\\attachments\\think.doc\"", "entity_id": "{416dd0c5-de08-677f-eb04-000000001400}", "executable": "C:\\Windows\\System32\\cmd.exe", "hash": {"md5": "8a2122e8162dbef04694b9c3e0b6cdee", "sha1": "f1efb0fddc156e4c61c5f78a54700e4e7984d55d", "sha256": "b99d61d874728edc0918ca0eb10eab93d381e7367e377406e65963366c874450"}, "name": "cmd.exe", "parent": {"args": ["C:\\Python37\\python.exe", "-c", "from multiprocessing.spawn import spawn_main; spawn_main(parent_pid=7152, pipe_handle=2008)", "--multiprocessing-fork"], "command_line": "\"C:\\Python37\\python.exe\" \"-c\" \"from multiprocessing.spawn import spawn_main; spawn_main(parent_pid=7152, pipe_handle=2008)\" \"--multiprocessing-fork\"", "entity_id": "{416dd0c5-de06-677f-ea04-000000001400}", "executable": "C:\\Python37\\python.exe", "name": "python.exe", "pid": 9128}, "pe": {"imphash": "272245e2988e1e430500b852c4fb5e18"}, "pid": 7420, "working_directory": "C:\\BREACH\\"}, "related": {"hash": ["f1efb0fddc156e4c61c5f78a54700e4e7984d55d", "8a2122e8162dbef04694b9c3e0b6cdee", "b99d61d874728edc0918ca0eb10eab93d381e7367e377406e65963366c874450", "272245e2988e1e430500b852c4fb5e18"], "user": "client12"}, "user": {"domain": "BREACH", "name": "client12"}, "winlog": {"api": "wineventlog", "channel": "Microsoft-Windows-Sysmon/Operational", "computer_name": "CLIENT12.breach.local", "event_data": {"Company": "Microsoft Corporation", "Description": "Windows Command Processor", "FileVersion": "10.0.19041.746 (WinBuild.160101.0800)", "IntegrityLevel": "Medium", "LogonGuid": "{416dd0c5-8372-677f-9f15-050000000000}", "LogonId": "0x5159f", "OriginalFileName": "Cmd.Exe", "ParentUser": "BREACH\\client12", "Product": "Microsoft\u00ae Windows\u00ae Operating System", "RuleName": "-", "TerminalSessionId": "1"}, "event_id": 1, "opcode": "Info", "process": {"pid": 2844, "thread": {"id": 3160}}, "provider_guid": "{5770385f-c22a-43e0-bf4c-06f5698ffbd9}", "provider_name": "Microsoft-Windows-Sysmon", "record_id": 3895417, "task": "Process Create (rule: ProcessCreate)", "user": {"domain": "NT AUTHORITY", "identifier": "S-1-5-18", "name": "SYSTEM", "type": "User"}, "version": 5}}
{"@timestamp": "2025-01-09T14:32:40.828Z", "agent": {"ephemeral_id": "90351131-305f-4d48-851e-c60337a1d409", "hostname": "CLIENT12", "id": "c35095e9-5f9f-4084-a651-3aaa2966847a", "name": "CLIENT12", "type": "winlogbeat", "version": "7.10.2"}, "ecs": {"version": "1.5.0"}, "event": {"action": "Process Create (rule: ProcessCreate)", "category": ["process"], "code": 1, "created": "2025-01-09T14:32:47.413Z", "kind": "event", "module": "sysmon", "provider": "Microsoft-Windows-Sysmon", "type": ["start", "process_start"]}, "hash": {"imphash": "21f2b04648b4f2ec519b7967a2f890f1", "md5": "655d31a4e94a14f91cdb9e6293aef885", "sha1": "018a733478611013b013dce09cd295caf049f1e1", "sha256": "187cce75722d9bcad2f7c179f536fe2eeccd2a8d26146a0b4781503e318463da"}, "host": {"name": "CLIENT12.breach.local"}, "log": {"level": "information"}, "process": {"args": ["C:\\\\Program Files (x86)\\\\LibreOffice 4\\\\program\\\\soffice.exe", "--norestore", "C:\\Users\\client12\\Documents\\attachments\\think.doc"], "command_line": "\"C:\\\\Program Files (x86)\\\\LibreOffice 4\\\\program\\\\soffice.exe\"  --norestore C:\\Users\\client12\\Documents\\attachments\\think.doc", "entity_id": "{416dd0c5-de08-677f-ec04-000000001400}", "executable": "C:\\Program Files (x86)\\LibreOffice 4\\program\\soffice.exe", "hash": {"md5": "655d31a4e94a14f91cdb9e6293aef885", "sha1": "018a733478611013b013dce09cd295caf049f1e1", "sha256": "187cce75722d9bcad2f7c179f536fe2eeccd2a8d26146a0b4781503e318463da"}, "name": "soffice.exe", "parent": {"args": ["C:\\Windows\\system32\\cmd.exe", "/c", "C:\\\\Program", "Files", "(x86)\\\\LibreOffice", "4\\\\program\\\\soffice.exe --norestore C:\\Users\\client12\\Documents\\attachments\\think.doc"], "command_line": "C:\\Windows\\system32\\cmd.exe /c \"\"C:\\\\Program Files (x86)\\\\LibreOffice 4\\\\program\\\\soffice.exe\" --norestore C:\\Users\\client12\\Documents\\attachments\\think.doc\"", "entity_id": "{416dd0c5-de08-677f-eb04-000000001400}", "executable": "C:\\Windows\\System32\\cmd.exe", "name": "cmd.exe", "pid": 7420}, "pe": {"imphash": "21f2b04648b4f2ec519b7967a2f890f1"}, "pid": 11052, "working_directory": "C:\\BREACH\\"}, "related": {"hash": ["018a733478611013b013dce09cd295caf049f1e1", "655d31a4e94a14f91cdb9e6293aef885", "187cce75722d9bcad2f7c179f536fe2eeccd2a8d26146a0b4781503e318463da", "21f2b04648b4f2ec519b7967a2f890f1"], "user": "client12"}, "user": {"domain": "BREACH", "name": "client12"}, "winlog": {"api": "wineventlog", "channel": "Microsoft-Windows-Sysmon/Operational", "computer_name": "CLIENT12.breach.local", "event_data": {"Company": "The Document Foundation", "Description": "LibreOffice", "FileVersion": "4.2.5.2", "IntegrityLevel": "Medium", "LogonGuid": "{416dd0c5-8372-677f-9f15-050000000000}", "LogonId": "0x5159f", "OriginalFileName": "soffice.exe", "ParentUser": "BREACH\\client12", "Product": "LibreOffice", "RuleName": "-", "TerminalSessionId": "1"}, "event_id": 1, "opcode": "Info", "process": {"pid": 2844, "thread": {"id": 3160}}, "provider_guid": "{5770385f-c22a-43e0-bf4c-06f5698ffbd9}", "provider_name": "Microsoft-Windows-Sysmon", "record_id": 3895432, "task": "Process Create (rule: ProcessCreate)", "user": {"domain": "NT AUTHORITY", "identifier": "S-1-5-18", "name": "SYSTEM", "type": "User"}, "version": 5}}
{"@timestamp": "2025-01-09T14:32:41.007Z", "agent": {"ephemeral_id": "90351131-305f-4d48-851e-c60337a1d409", "hostname": "CLIENT12", "id": "c35095e9-5f9f-4084-a651-3aaa2966847a", "name": "CLIENT12", "type": "winlogbeat", "version": "7.10.2"}, "ecs": {"version": "1.5.0"}, "event": {"action": "Process Create (rule: ProcessCreate)", "category": ["process"], "code": 1, "created": "2025-01-09T14:32:50.319Z", "kind": "event", "module": "sysmon", "provider": "Microsoft-Windows-Sysmon", "type": ["start", "process_start"]}, "hash": {"imphash": "99697043124b69c5f4c42ad06fa1dde9", "md5": "a8d6bfcede1920faac7fd4163f02c29d", "sha1": "dc95b8d348b2aceabadbf434cd44ce1e31581bc4", "sha256": "2f9a4d7157971bc0074f5362089b8ea725a4e501a6ee2b447bd6f3bde17fbbd3"}, "host": {"name": "CLIENT12.breach.local"}, "log": {"level": "information"}, "process": {"args": ["C:\\\\Program Files (x86)\\\\LibreOffice 4\\\\program\\\\soffice.exe", "--norestore", "C:\\Users\\client12\\Documents\\attachments\\think.doc", "-env:OOO_CWD=2C:\\\\BREACH"], "command_line": "\"C:\\\\Program Files (x86)\\\\LibreOffice 4\\\\program\\\\soffice.exe\" \"--norestore\" \"C:\\Users\\client12\\Documents\\attachments\\think.doc\" \"-env:OOO_CWD=2C:\\\\BREACH\"", "entity_id": "{416dd0c5-de09-677f-ed04-000000001400}", "executable": "C:\\Program Files (x86)\\LibreOffice 4\\program\\soffice.bin", "hash": {"md5": "a8d6bfcede1920faac7fd4163f02c29d", "sha1": "dc95b8d348b2aceabadbf434cd44ce1e31581bc4", "sha256": "2f9a4d7157971bc0074f5362089b8ea725a4e501a6ee2b447bd6f3bde17fbbd3"}, "name": "soffice.bin", "parent": {"args": ["C:\\\\Program Files (x86)\\\\LibreOffice 4\\\\program\\\\soffice.exe", "--norestore", "C:\\Users\\client12\\Documents\\attachments\\think.doc"], "command_line": "\"C:\\\\Program Files (x86)\\\\LibreOffice 4\\\\program\\\\soffice.exe\"  --norestore C:\\Users\\client12\\Documents\\attachments\\think.doc", "entity_id": "{416dd0c5-de08-677f-ec04-000000001400}", "executable": "C:\\Program Files (x86)\\LibreOffice 4\\program\\soffice.exe", "name": "soffice.exe", "pid": 11052}, "pe": {"imphash": "99697043124b69c5f4c42ad06fa1dde9"}, "pid": 6928, "working_directory": "C:\\Program Files (x86)\\LibreOffice 4\\program\\"}, "related": {"hash": ["dc95b8d348b2aceabadbf434cd44ce1e31581bc4", "a8d6bfcede1920faac7fd4163f02c29d", "2f9a4d7157971bc0074f5362089b8ea725a4e501a6ee2b447bd6f3bde17fbbd3", "99697043124b69c5f4c42ad06fa1dde9"], "user": "client12"}, "user": {"domain": "BREACH", "name": "client12"}, "winlog": {"api": "wineventlog", "channel": "Microsoft-Windows-Sysmon/Operational", "computer_name": "CLIENT12.breach.local", "event_data": {"Company": "The Document Foundation", "Description": "LibreOffice", "FileVersion": "4.2.5.2", "IntegrityLevel": "Medium", "LogonGuid": "{416dd0c5-8372-677f-9f15-050000000000}", "LogonId": "0x5159f", "OriginalFileName": "soffice.exe", "ParentUser": "BREACH\\client12", "Product": "LibreOffice", "RuleName": "-", "TerminalSessionId": "1"}, "event_id": 1, "opcode": "Info", "process": {"pid": 2844, "thread": {"id": 3160}}, "provider_guid": "{5770385f-c22a-43e0-bf4c-06f5698ffbd9}", "provider_name": "Microsoft-Windows-Sysmon", "record_id": 3895462, "task": "Process Create (rule: ProcessCreate)", "user": {"domain": "NT AUTHORITY", "identifier": "S-1-5-18", "name": "SYSTEM", "type": "User"}, "version": 5}}
{"@timestamp": "2025-01-09T14:32:45.793Z", "agent": {"ephemeral_id": "90351131-305f-4d48-851e-c60337a1d409", "hostname": "CLIENT12", "id": "c35095e9-5f9f-4084-a651-3aaa2966847a", "name": "CLIENT12", "type": "winlogbeat", "version": "7.10.2"}, "ecs": {"version": "1.5.0"}, "event": {"action": "Process Create (rule: ProcessCreate)", "category": ["process"], "code": 1, "created": "2025-01-09T14:32:50.550Z", "kind": "event", "module": "sysmon", "provider": "Microsoft-Windows-Sysmon", "type": ["start", "process_start"]}, "hash": {"imphash": "8b2a73cf81704f7aed84c67134ec39ac", "md5": "d4c0c10590da99309e3c36e66f99ee60", "sha1": "5b1e67fcfd7aa697ef5e49d39050ecfce1cf18f4", "sha256": "dfe51b0739ed161f69afbb736460ebb7dd37372ff0659cbc20f4a9c850fbcc8c"}, "host": {"name": "CLIENT12.breach.local"}, "log": {"level": "information"}, "process": {"args": ["C:\\Windows\\system32\\SearchProtocolHost.exe", "Global\\UsGthrFltPipeMssGthrPipe26_", "Global\\UsGthrCtrlFltPipeMssGthrPipe26", "1", "-2147483646", "Software\\Microsoft\\Windows Search", "Mozilla/4.0 (compatible; MSIE 6.0; Windows NT; MS Search 4.0 Robot)", "C:\\ProgramData\\Microsoft\\Search\\Data\\Temp\\usgthrsvc", "DownLevelDaemon"], "command_line": "\"C:\\Windows\\system32\\SearchProtocolHost.exe\" Global\\UsGthrFltPipeMssGthrPipe26_ Global\\UsGthrCtrlFltPipeMssGthrPipe26 1 -2147483646 \"Software\\Microsoft\\Windows Search\" \"Mozilla/4.0 (compatible; MSIE 6.0; Windows NT; MS Search 4.0 Robot)\" \"C:\\ProgramData\\Microsoft\\Search\\Data\\Temp\\usgthrsvc\" \"DownLevelDaemon\" ", "entity_id": "{416dd0c5-de0d-677f-ee04-000000001400}", "executable": "C:\\Windows\\System32\\SearchProtocolHost.exe", "hash": {"md5": "d4c0c10590da99309e3c36e66f99ee60", "sha1": "5b1e67fcfd7aa697ef5e49d39050ecfce1cf18f4", "sha256": "dfe51b0739ed161f69afbb736460ebb7dd37372ff0659cbc20f4a9c850fbcc8c"}, "name": "SearchProtocolHost.exe", "parent": {"args": ["C:\\Windows\\system32\\SearchIndexer.exe", "/Embedding"], "command_line": "C:\\Windows\\system32\\SearchIndexer.exe /Embedding", "entity_id": "{416dd0c5-837b-677f-7000-000000001400}", "executable": "C:\\Windows\\System32\\SearchIndexer.exe", "name": "SearchIndexer.exe", "pid": 5436}, "pe": {"imphash": "8b2a73cf81704f7aed84c67134ec39ac"}, "pid": 9692, "working_directory": "C:\\Windows\\system32\\"}, "related": {"hash": ["5b1e67fcfd7aa697ef5e49d39050ecfce1cf18f4", "d4c0c10590da99309e3c36e66f99ee60", "dfe51b0739ed161f69afbb736460ebb7dd37372ff0659cbc20f4a9c850fbcc8c", "8b2a73cf81704f7aed84c67134ec39ac"], "user": "SYSTEM"}, "user": {"domain": "NT AUTHORITY", "name": "SYSTEM"}, "winlog": {"api": "wineventlog", "channel": "Microsoft-Windows-Sysmon/Operational", "computer_name": "CLIENT12.breach.local", "event_data": {"Company": "Microsoft Corporation", "Description": "Microsoft Windows Search Protocol Host", "FileVersion": "7.0.19041.844 (WinBuild.160101.0800)", "IntegrityLevel": "System", "LogonGuid": "{416dd0c5-8369-677f-e703-000000000000}", "LogonId": "0x3e7", "OriginalFileName": "SearchProtocolHost.exe", "ParentUser": "NT AUTHORITY\\SYSTEM", "Product": "Windows\u00ae Search", "RuleName": "-", "TerminalSessionId": "0"}, "event_id": 1, "opcode": "Info", "process": {"pid": 2844, "thread": {"id": 3160}}, "provider_guid": "{5770385f-c22a-43e0-bf4c-06f5698ffbd9}", "provider_name": "Microsoft-Windows-Sysmon", "record_id": 3895668, "task": "Process Create (rule: ProcessCreate)", "user": {"domain": "NT AUTHORITY", "identifier": "S-1-5-18", "name": "SYSTEM", "type": "User"}, "version": 5}}
{"@timestamp": "2025-01-09T14:32:50.657Z", "agent": {"ephemeral_id": "90351131-305f-4d48-851e-c60337a1d409", "hostname": "CLIENT12", "id": "c35095e9-5f9f-4084-a651-3aaa2966847a", "name": "CLIENT12", "type": "winlogbeat", "version": "7.10.2"}, "ecs": {"version": "1.5.0"}, "event": {"action": "Process Create (rule: ProcessCreate)", "category": ["process"], "code": 1, "created": "2025-01-09T14:32:52.684Z", "kind": "event", "module": "sysmon", "provider": "Microsoft-Windows-Sysmon", "type": ["start", "process_start"]}, "hash": {"imphash": "25975932fe65b44ea2dd939dc008d453", "md5": "682d7618341e297914ba89d46c3db469", "sha1": "e5c14547d36fa7e6ce079b9cce6cf662baa35b1f", "sha256": "33051d12c4dc42c6b5dadf8016bad36570ef9029f7d5d654eafb0f1c3db616c3"}, "host": {"name": "CLIENT12.breach.local"}, "log": {"level": "information"}, "process": {"args": ["C:\\Windows\\system32\\SearchFilterHost.exe", "0", "800", "804", "812", "8192", "808", "784"], "command_line": "\"C:\\Windows\\system32\\SearchFilterHost.exe\" 0 800 804 812 8192 808 784 ", "entity_id": "{416dd0c5-de12-677f-ef04-000000001400}", "executable": "C:\\Windows\\System32\\SearchFilterHost.exe", "hash": {"md5": "682d7618341e297914ba89d46c3db469", "sha1": "e5c14547d36fa7e6ce079b9cce6cf662baa35b1f", "sha256": "33051d12c4dc42c6b5dadf8016bad36570ef9029f7d5d654eafb0f1c3db616c3"}, "name": "SearchFilterHost.exe", "parent": {"args": ["C:\\Windows\\system32\\SearchIndexer.exe", "/Embedding"], "command_line": "C:\\Windows\\system32\\SearchIndexer.exe /Embedding", "entity_id": "{416dd0c5-837b-677f-7000-000000001400}", "executable": "C:\\Windows\\System32\\SearchIndexer.exe", "name": "SearchIndexer.exe", "pid": 5436}, "pe": {"imphash": "25975932fe65b44ea2dd939dc008d453"}, "pid": 8940, "working_directory": "C:\\Windows\\system32\\"}, "related": {"hash": ["e5c14547d36fa7e6ce079b9cce6cf662baa35b1f", "682d7618341e297914ba89d46c3db469", "33051d12c4dc42c6b5dadf8016bad36570ef9029f7d5d654eafb0f1c3db616c3", "25975932fe65b44ea2dd939dc008d453"], "user": "SYSTEM"}, "user": {"domain": "NT AUTHORITY", "name": "SYSTEM"}, "winlog": {"api": "wineventlog", "channel": "Microsoft-Windows-Sysmon/Operational", "computer_name": "CLIENT12.breach.local", "event_data": {"Company": "Microsoft Corporation", "Description": "Microsoft Windows Search Filter Host", "FileVersion": "7.0.19041.844 (WinBuild.160101.0800)", "IntegrityLevel": "Medium", "LogonGuid": "{416dd0c5-8369-677f-e703-000000000000}", "LogonId": "0x3e7", "OriginalFileName": "SearchFilterHost.exe", "ParentUser": "NT AUTHORITY\\SYSTEM", "Product": "Windows\u00ae Search", "RuleName": "-", "TerminalSessionId": "0"}, "event_id": 1, "opcode": "Info", "process": {"pid": 2844, "thread": {"id": 3160}}, "provider_guid": "{5770385f-c22a-43e0-bf4c-06f5698ffbd9}", "provider_name": "Microsoft-Windows-Sysmon", "record_id": 3895739, "task": "Process Create (rule: ProcessCreate)", "user": {"domain": "NT AUTHORITY", "identifier": "S-1-5-18", "name": "SYSTEM", "type": "User"}, "version": 5}}
{"@timestamp": "2025-01-09T14:33:50.100Z", "agent": {"ephemeral_id": "90351131-305f-4d48-851e-c60337a1d409", "hostname": "CLIENT12", "id": "c35095e9-5f9f-4084-a651-3aaa2966847a", "name": "CLIENT12", "type": "winlogbeat", "version": "7.10.2"}, "ecs": {"version": "1.5.0"}, "event": {"action": "Process Create (rule: ProcessCreate)", "category": ["process"], "code": 1, "created": "2025-01-09T14:33:51.101Z", "kind": "event", "module": "sysmon", "provider": "Microsoft-Windows-Sysmon", "type": ["start", "process_start"]}, "hash": {"imphash": "8b2a73cf81704f7aed84c67134ec39ac", "md5": "d4c0c10590da99309e3c36e66f99ee60", "sha1": "5b1e67fcfd7aa697ef5e49d39050ecfce1cf18f4", "sha256": "dfe51b0739ed161f69afbb736460ebb7dd37372ff0659cbc20f4a9c850fbcc8c"}, "host": {"name": "CLIENT12.breach.local"}, "log": {"level": "information"}, "process": {"args": ["C:\\Windows\\system32\\SearchProtocolHost.exe", "Global\\UsGthrFltPipeMssGthrPipe_S-1-5-21-3820639014-3737903552-3625786605-111427_", "Global\\UsGthrCtrlFltPipeMssGthrPipe_S-1-5-21-3820639014-3737903552-3625786605-111427", "1", "-2147483646", "Software\\Microsoft\\Windows Search", "Mozilla/4.0 (compatible; MSIE 6.0; Windows NT; MS Search 4.0 Robot)", "C:\\ProgramData\\Microsoft\\Search\\Data\\Temp\\usgthrsvc", "DownLevelDaemon", "1"], "command_line": "\"C:\\Windows\\system32\\SearchProtocolHost.exe\" Global\\UsGthrFltPipeMssGthrPipe_S-1-5-21-3820639014-3737903552-3625786605-111427_ Global\\UsGthrCtrlFltPipeMssGthrPipe_S-1-5-21-3820639014-3737903552-3625786605-111427 1 -2147483646 \"Software\\Microsoft\\Windows Search\" \"Mozilla/4.0 (compatible; MSIE 6.0; Windows NT; MS Search 4.0 Robot)\" \"C:\\ProgramData\\Microsoft\\Search\\Data\\Temp\\usgthrsvc\" \"DownLevelDaemon\"  \"1\"", "entity_id": "{416dd0c5-de4e-677f-f004-000000001400}", "executable": "C:\\Windows\\System32\\SearchProtocolHost.exe", "hash": {"md5": "d4c0c10590da99309e3c36e66f99ee60", "sha1": "5b1e67fcfd7aa697ef5e49d39050ecfce1cf18f4", "sha256": "dfe51b0739ed161f69afbb736460ebb7dd37372ff0659cbc20f4a9c850fbcc8c"}, "name": "SearchProtocolHost.exe", "parent": {"args": ["C:\\Windows\\system32\\SearchIndexer.exe", "/Embedding"], "command_line": "C:\\Windows\\system32\\SearchIndexer.exe /Embedding", "entity_id": "{416dd0c5-837b-677f-7000-000000001400}", "executable": "C:\\Windows\\System32\\SearchIndexer.exe", "name": "SearchIndexer.exe", "pid": 5436}, "pe": {"imphash": "8b2a73cf81704f7aed84c67134ec39ac"}, "pid": 8960, "working_directory": "C:\\Windows\\system32\\"}, "related": {"hash": ["5b1e67fcfd7aa697ef5e49d39050ecfce1cf18f4", "d4c0c10590da99309e3c36e66f99ee60", "dfe51b0739ed161f69afbb736460ebb7dd37372ff0659cbc20f4a9c850fbcc8c", "8b2a73cf81704f7aed84c67134ec39ac"], "user": "client12"}, "user": {"domain": "BREACH", "name": "client12"}, "winlog": {"api": "wineventlog", "channel": "Microsoft-Windows-Sysmon/Operational", "computer_name": "CLIENT12.breach.local", "event_data": {"Company": "Microsoft Corporation", "Description": "Microsoft Windows Search Protocol Host", "FileVersion": "7.0.19041.844 (WinBuild.160101.0800)", "IntegrityLevel": "Medium", "LogonGuid": "{416dd0c5-8372-677f-9f15-050000000000}", "LogonId": "0x5159f", "OriginalFileName": "SearchProtocolHost.exe", "ParentUser": "NT AUTHORITY\\SYSTEM", "Product": "Windows\u00ae Search", "RuleName": "-", "TerminalSessionId": "1"}, "event_id": 1, "opcode": "Info", "process": {"pid": 2844, "thread": {"id": 3160}}, "provider_guid": "{5770385f-c22a-43e0-bf4c-06f5698ffbd9}", "provider_name": "Microsoft-Windows-Sysmon", "record_id": 3896968, "task": "Process Create (rule: ProcessCreate)", "user": {"domain": "NT AUTHORITY", "identifier": "S-1-5-18", "name": "SYSTEM", "type": "User"}, "version": 5}}
{"@timestamp": "2025-01-09T14:35:33.410Z", "agent": {"ephemeral_id": "90351131-305f-4d48-851e-c60337a1d409", "hostname": "CLIENT12", "id": "c35095e9-5f9f-4084-a651-3aaa2966847a", "name": "CLIENT12", "type": "winlogbeat", "version": "7.10.2"}, "ecs": {"version": "1.5.0"}, "event": {"action": "Process Create (rule: ProcessCreate)", "category": ["process"], "code": 1, "created": "2025-01-09T14:35:35.699Z", "kind": "event", "module": "sysmon", "provider": "Microsoft-Windows-Sysmon", "type": ["start", "process_start"]}, "hash": {"imphash": "3c2fc59273192a34f1aa4a59df3b348e", "md5": "922f7003fca657359db03cc02941124d", "sha1": "27fae46e4e377467f2d5f9e37a5a8cb19b39b9ec", "sha256": "5da31132fd6a415e71e3fd40c3a23853a799b91ea2821d2bcbf1bf0e8fa01e16"}, "host": {"name": "CLIENT12.breach.local"}, "log": {"level": "information"}, "process": {"args": ["C:\\Python37\\python.exe", "-c", "from multiprocessing.spawn import spawn_main; spawn_main(parent_pid=7152, pipe_handle=2008)", "--multiprocessing-fork"], "command_line": "\"C:\\Python37\\python.exe\" \"-c\" \"from multiprocessing.spawn import spawn_main; spawn_main(parent_pid=7152, pipe_handle=2008)\" \"--multiprocessing-fork\"", "entity_id": "{416dd0c5-deb5-677f-f104-000000001400}", "executable": "C:\\Python37\\python.exe", "hash": {"md5": "922f7003fca657359db03cc02941124d", "sha1": "27fae46e4e377467f2d5f9e37a5a8cb19b39b9ec", "sha256": "5da31132fd6a415e71e3fd40c3a23853a799b91ea2821d2bcbf1bf0e8fa01e16"}, "name": "python.exe", "parent": {"args": ["C:\\Python37\\python.exe", "C:\\BREACH\\userbehavior\\main.py"], "command_line": "C:\\Python37\\python.exe \"C:\\BREACH\\userbehavior\\main.py\" ", "entity_id": "{416dd0c5-8390-677f-9b00-000000001400}", "executable": "C:\\Python37\\python.exe", "name": "python.exe", "pid": 7152}, "pe": {"imphash": "3c2fc59273192a34f1aa4a59df3b348e"}, "pid": 8588, "working_directory": "C:\\BREACH\\"}, "related": {"hash": ["27fae46e4e377467f2d5f9e37a5a8cb19b39b9ec", "922f7003fca657359db03cc02941124d", "5da31132fd6a415e71e3fd40c3a23853a799b91ea2821d2bcbf1bf0e8fa01e16", "3c2fc59273192a34f1aa4a59df3b348e"], "user": "client12"}, "user": {"domain": "BREACH", "name": "client12"}, "winlog": {"api": "wineventlog", "channel": "Microsoft-Windows-Sysmon/Operational", "computer_name": "CLIENT12.breach.local", "event_data": {"Company": "Python Software Foundation", "Description": "Python", "FileVersion": "3.7.3", "IntegrityLevel": "Medium", "LogonGuid": "{416dd0c5-8372-677f-9f15-050000000000}", "LogonId": "0x5159f", "OriginalFileName": "python.exe", "ParentUser": "BREACH\\client12", "Product": "Python", "RuleName": "-", "TerminalSessionId": "1"}, "event_id": 1, "opcode": "Info", "process": {"pid": 2844, "thread": {"id": 3160}}, "provider_guid": "{5770385f-c22a-43e0-bf4c-06f5698ffbd9}", "provider_name": "Microsoft-Windows-Sysmon", "record_id": 3897306, "task": "Process Create (rule: ProcessCreate)", "user": {"domain": "NT AUTHORITY", "identifier": "S-1-5-18", "name": "SYSTEM", "type": "User"}, "version": 5}}
{"@timestamp": "2025-01-09T14:35:36.892Z", "agent": {"ephemeral_id": "90351131-305f-4d48-851e-c60337a1d409", "hostname": "CLIENT12", "id": "c35095e9-5f9f-4084-a651-3aaa2966847a", "name": "CLIENT12", "type": "winlogbeat", "version": "7.10.2"}, "ecs": {"version": "1.5.0"}, "event": {"action": "Process Create (rule: ProcessCreate)", "category": ["process"], "code": 1, "created": "2025-01-09T14:35:37.964Z", "kind": "event", "module": "sysmon", "provider": "Microsoft-Windows-Sysmon", "type": ["start", "process_start"]}, "hash": {"imphash": "8b2a73cf81704f7aed84c67134ec39ac", "md5": "d4c0c10590da99309e3c36e66f99ee60", "sha1": "5b1e67fcfd7aa697ef5e49d39050ecfce1cf18f4", "sha256": "dfe51b0739ed161f69afbb736460ebb7dd37372ff0659cbc20f4a9c850fbcc8c"}, "host": {"name": "CLIENT12.breach.local"}, "log": {"level": "information"}, "process": {"args": ["C:\\Windows\\system32\\SearchProtocolHost.exe", "Global\\UsGthrFltPipeMssGthrPipe28_", "Global\\UsGthrCtrlFltPipeMssGthrPipe28", "1", "-2147483646", "Software\\Microsoft\\Windows Search", "Mozilla/4.0 (compatible; MSIE 6.0; Windows NT; MS Search 4.0 Robot)", "C:\\ProgramData\\Microsoft\\Search\\Data\\Temp\\usgthrsvc", "DownLevelDaemon"], "command_line": "\"C:\\Windows\\system32\\SearchProtocolHost.exe\" Global\\UsGthrFltPipeMssGthrPipe28_ Global\\UsGthrCtrlFltPipeMssGthrPipe28 1 -2147483646 \"Software\\Microsoft\\Windows Search\" \"Mozilla/4.0 (compatible; MSIE 6.0; Windows NT; MS Search 4.0 Robot)\" \"C:\\ProgramData\\Microsoft\\Search\\Data\\Temp\\usgthrsvc\" \"DownLevelDaemon\" ", "entity_id": "{416dd0c5-deb8-677f-f204-000000001400}", "executable": "C:\\Windows\\System32\\SearchProtocolHost.exe", "hash": {"md5": "d4c0c10590da99309e3c36e66f99ee60", "sha1": "5b1e67fcfd7aa697ef5e49d39050ecfce1cf18f4", "sha256": "dfe51b0739ed161f69afbb736460ebb7dd37372ff0659cbc20f4a9c850fbcc8c"}, "name": "SearchProtocolHost.exe", "parent": {"args": ["C:\\Windows\\system32\\SearchIndexer.exe", "/Embedding"], "command_line": "C:\\Windows\\system32\\SearchIndexer.exe /Embedding", "entity_id": "{416dd0c5-837b-677f-7000-000000001400}", "executable": "C:\\Windows\\System32\\SearchIndexer.exe", "name": "SearchIndexer.exe", "pid": 5436}, "pe": {"imphash": "8b2a73cf81704f7aed84c67134ec39ac"}, "pid": 116, "working_directory": "C:\\Windows\\system32\\"}, "related": {"hash": ["5b1e67fcfd7aa697ef5e49d39050ecfce1cf18f4", "d4c0c10590da99309e3c36e66f99ee60", "dfe51b0739ed161f69afbb736460ebb7dd37372ff0659cbc20f4a9c850fbcc8c", "8b2a73cf81704f7aed84c67134ec39ac"], "user": "SYSTEM"}, "user": {"domain": "NT AUTHORITY", "name": "SYSTEM"}, "winlog": {"api": "wineventlog", "channel": "Microsoft-Windows-Sysmon/Operational", "computer_name": "CLIENT12.breach.local", "event_data": {"Company": "Microsoft Corporation", "Description": "Microsoft Windows Search Protocol Host", "FileVersion": "7.0.19041.844 (WinBuild.160101.0800)", "IntegrityLevel": "System", "LogonGuid": "{416dd0c5-8369-677f-e703-000000000000}", "LogonId": "0x3e7", "OriginalFileName": "SearchProtocolHost.exe", "ParentUser": "NT AUTHORITY\\SYSTEM", "Product": "Windows\u00ae Search", "RuleName": "-", "TerminalSessionId": "0"}, "event_id": 1, "opcode": "Info", "process": {"pid": 2844, "thread": {"id": 3160}}, "provider_guid": "{5770385f-c22a-43e0-bf4c-06f5698ffbd9}", "provider_name": "Microsoft-Windows-Sysmon", "record_id": 3897428, "task": "Process Create (rule: ProcessCreate)", "user": {"domain": "NT AUTHORITY", "identifier": "S-1-5-18", "name": "SYSTEM", "type": "User"}, "version": 5}}
