{"@timestamp": "2025-01-09T14:43:39.012Z", "agent": {"ephemeral_id": "90351131-305f-4d48-851e-c60337a1d409", "hostname": "CLIENT12", "id": "c35095e9-5f9f-4084-a651-3aaa2966847a", "name": "CLIENT12", "type": "winlogbeat", "version": "7.10.2"}, "ecs": {"version": "1.5.0"}, "event": {"action": "Process Create (rule: ProcessCreate)", "category": ["process"], "code": 1, "created": "2025-01-09T14:44:50.396Z", "kind": "event", "module": "sysmon", "provider": "Microsoft-Windows-Sysmon", "type": ["start", "process_start"]}, "hash": {"imphash": "51bef41e5cd278a02c17451af095c288", "md5": "585d2527c7dcc8e2c69324212f9f2964", "sha1": "ace4770f386293b92d946f872d4bb280c9b587ef", "sha256": "44761759948fcf37ed691f462bbb54d3e3064f9b70d4e0e60b5338e87c785fbe"}, "host": {"name": "CLIENT12.breach.local"}, "log": {"level": "information"}, "process": {"args": ["C:\\Program Files (x86)\\Mozilla Firefox\\firefox.exe", "-contentproc", "-parentBuildID", "20241230151726", "-prefsHandle", "1988", "-prefsLen", "24873", "-prefMapHandle", "1992", "-prefMapSize", "267494", "-ipcHandle", "2068", "-initialChannelId", "{0b635a5f-6e14-4a7f-98ab-b822382f1881}", "-parentPid", "3932", "-crashReporter", "\\\\.\\pipe\\gecko-crash-server-pipe.3932", "-appDir", "C:\\Program Files (x86)\\Mozilla Firefox\\browser", "-", "1", "gpu"], "command_line": "\"C:\\Program Files (x86)\\Mozilla Firefox\\firefox.exe\" -contentproc -parentBuildID 20241230151726 -prefsHandle 1988 -prefsLen 24873 -prefMapHandle 1992 -prefMapSize 267494 -ipcHandle 2068 -initialChannelId {0b635a5f-6e14-4a7f-98ab-b822382f1881} -parentPid 3932 -crashReporter \"\\\\.\\pipe\\gecko-crash-server-pipe.3932\" -appDir \"C:\\Program Files (x86)\\Mozilla Firefox\\browser\" - 1 gpu", "entity_id": "{416dd0c5-e09b-677f-0005-000000001400}", "executable": "C:\\Program Files (x86)\\Mozilla Firefox\\firefox.exe", "hash": {"md5": "585d2527c7dcc8e2c69324212f9f2964", "sha1": "ace4770f386293b92d946f872d4bb280c9b587ef", "sha256": "44761759948fcf37ed691f462bbb54d3e3064f9b70d4e0e60b5338e87c785fbe"}, "name": "firefox.exe", "parent": {"args": ["C:\\Program Files (x86)\\Mozilla Firefox\\firefox.exe", "--marionette", "--remote-debugging-port", "50518", "--remote-allow-hosts", "localhost", "-no-remote", "-profile", "C:\\Users\\client12\\AppData\\Local\\Temp\\rust_mozprofile6c02Zd"], "command_line": "\"C:\\Program Files (x86)\\Mozilla Firefox\\firefox.exe\" --marionette --remote-debugging-port 50518 --remote-allow-hosts localhost -no-remote -profile C:\\Users\\client12\\AppData\\Local\\Temp\\rust_mozprofile6c02Zd", "entity_id": "{416dd0c5-e097-677f-ff04-000000001400}", "executable": "C:\\Program Files (x86)\\Mozilla Firefox\\firefox.exe", "name": "firefox.exe", "pid": 3932}, "pe": {"imphash": "51bef41e5cd278a02c17451af095c288"}, "pid": 1848, "working_directory": "C:\\BREACH\\"}, "related": {"hash": ["ace4770f386293b92d946f872d4bb280c9b587ef", "585d2527c7dcc8e2c69324212f9f2964", "44761759948fcf37ed691f462bbb54d3e3064f9b70d4e0e60b5338e87c785fbe", "51bef41e5cd278a02c17451af095c288"], "user": "client12"}, "user": {"domain": "BREACH", "name": "client12"}, "winlog": {"api": "wineventlog", "channel": "Microsoft-Windows-Sysmon/Operational", "computer_name": "CLIENT12.breach.local", "event_data": {"Company": "Mozilla Corporation", "Description": "Firefox", "FileVersion": "134.0", "IntegrityLevel": "Low", "LogonGuid": "{416dd0c5-8372-677f-9f15-050000000000}", "LogonId": "0x5159f", "OriginalFileName": "firefox.exe", "ParentUser": "BREACH\\client12", "Product": "Firefox", "RuleName": "-", "TerminalSessionId": "1"}, "event_id": 1, "opcode": "Info", "process": {"pid": 2844, "thread": {"id": 3160}}, "provider_guid": "{5770385f-c22a-43e0-bf4c-06f5698ffbd9}", "provider_name": "Microsoft-Windows-Sysmon", "record_id": 3898873, "task": "Process Create (rule: ProcessCreate)", "user": {"domain": "NT AUTHORITY", "identifier": "S-1-5-18", "name": "SYSTEM", "type": "User"}, "version": 5}}
{"@timestamp": "2025-01-09T14:43:39.978Z", "agent": {"ephemeral_id": "90351131-305f-4d48-851e-c60337a1d409", "hostname": "CLIENT12", "id": "c35095e9-5f9f-4084-a651-3aaa2966847a", "name": "CLIENT12", "type": "winlogbeat", "version": "7.10.2"}, "ecs": {"version": "1.5.0"}, "event": {"action": "Process Create (rule: ProcessCreate)", "category": ["process"], "code": 1, "created": "2025-01-09T14:45:09.823Z", "kind": "event", "module": "sysmon", "provider": "Microsoft-Windows-Sysmon", "type": ["start", "process_start"]}, "hash": {"imphash": "51bef41e5cd278a02c17451af095c288", "md5": "585d2527c7dcc8e2c69324212f9f2964", "sha1": "ace4770f386293b92d946f872d4bb280c9b587ef", "sha256": "44761759948fcf37ed691f462bbb54d3e3064f9b70d4e0e60b5338e87c785fbe"}, "host": {"name": "CLIENT12.breach.local"}, "log": {"level": "information"}, "process": {"args": ["C:\\Program Files (x86)\\Mozilla Firefox\\firefox.exe", "-contentproc", "-parentBuildID", "20241230151726", "-prefsHandle", "2556", "-prefsLen", "29459", "-prefMapHandle", "2560", "-prefMapSize", "267494", "-ipcHandle", "2568", "-initialChannelId", "{c0559204-adfa-4da5-9d2e-a4c206ffbb81}", "-parentPid", "3932", "-crashReporter", "\\\\.\\pipe\\gecko-crash-server-pipe.3932", "-win32kLockedDown", "-appDir", "C:\\Program Files (x86)\\Mozilla Firefox\\browser", "-", "2", "socket"], "command_line": "\"C:\\Program Files (x86)\\Mozilla Firefox\\firefox.exe\" -contentproc -parentBuildID 20241230151726 -prefsHandle 2556 -prefsLen 29459 -prefMapHandle 2560 -prefMapSize 267494 -ipcHandle 2568 -initialChannelId {c0559204-adfa-4da5-9d2e-a4c206ffbb81} -parentPid 3932 -crashReporter \"\\\\.\\pipe\\gecko-crash-server-pipe.3932\" -win32kLockedDown -appDir \"C:\\Program Files (x86)\\Mozilla Firefox\\browser\" - 2 socket", "entity_id": "{416dd0c5-e09b-677f-0105-000000001400}", "executable": "C:\\Program Files (x86)\\Mozilla Firefox\\firefox.exe", "hash": {"md5": "585d2527c7dcc8e2c69324212f9f2964", "sha1": "ace4770f386293b92d946f872d4bb280c9b587ef", "sha256": "44761759948fcf37ed691f462bbb54d3e3064f9b70d4e0e60b5338e87c785fbe"}, "name": "firefox.exe", "parent": {"args": ["C:\\Program Files (x86)\\Mozilla Firefox\\firefox.exe", "--marionette", "--remote-debugging-port", "50518", "--remote-allow-hosts", "localhost", "-no-remote", "-profile", "C:\\Users\\client12\\AppData\\Local\\Temp\\rust_mozprofile6c02Zd"], "command_line": "\"C:\\Program Files (x86)\\Mozilla Firefox\\firefox.exe\" --marionette --remote-debugging-port 50518 --remote-allow-hosts localhost -no-remote -profile C:\\Users\\client12\\AppData\\Local\\Temp\\rust_mozprofile6c02Zd", "entity_id": "{416dd0c5-e097-677f-ff04-000000001400}", "executable": "C:\\Program Files (x86)\\Mozilla Firefox\\firefox.exe", "name": "firefox.exe", "pid": 3932}, "pe": {"imphash": "51bef41e5cd278a02c17451af095c288"}, "pid": 7512, "working_directory": "C:\\BREACH\\"}, "related": {"hash": ["ace4770f386293b92d946f872d4bb280c9b587ef", "585d2527c7dcc8e2c69324212f9f2964", "44761759948fcf37ed691f462bbb54d3e3064f9b70d4e0e60b5338e87c785fbe", "51bef41e5cd278a02c17451af095c288"], "user": "client12"}, "user": {"domain": "BREACH", "name": "client12"}, "winlog": {"api": "wineventlog", "channel": "Microsoft-Windows-Sysmon/Operational", "computer_name": "CLIENT12.breach.local", "event_data": {"Company": "Mozilla Corporation", "Description": "Firefox", "FileVersion": "134.0", "IntegrityLevel": "Low", "LogonGuid": "{416dd0c5-8372-677f-9f15-050000000000}", "LogonId": "0x5159f", "OriginalFileName": "firefox.exe", "ParentUser": "BREACH\\client12", "Product": "Firefox", "RuleName": "-", "TerminalSessionId": "1"}, "event_id": 1, "opcode": "Info", "process": {"pid": 2844, "thread": {"id": 3160}}, "provider_guid": "{5770385f-c22a-43e0-bf4c-06f5698ffbd9}", "provider_name": "Microsoft-Windows-Sysmon", "record_id": 3898989, "task": "Process Create (rule: ProcessCreate)", "user": {"domain": "NT AUTHORITY", "identifier": "S-1-5-18", "name": "SYSTEM", "type": "User"}, "version": 5}}
{"@timestamp": "2025-01-09T14:43:40.952Z", "agent": {"ephemeral_id": "90351131-305f-4d48-851e-c60337a1d409", "hostname": "CLIENT12", "id": "c35095e9-5f9f-4084-a651-3aaa2966847a", "name": "CLIENT12", "type": "winlogbeat", "version": "7.10.2"}, "ecs": {"version": "1.5.0"}, "event": {"action": "Process Create (rule: ProcessCreate)", "category": ["process"], "code": 1, "created": "2025-01-09T14:45:22.912Z", "kind": "event", "module": "sysmon", "provider": "Microsoft-Windows-Sysmon", "type": ["start", "process_start"]}, "hash": {"imphash": "51bef41e5cd278a02c17451af095c288", "md5": "585d2527c7dcc8e2c69324212f9f2964", "sha1": "ace4770f386293b92d946f872d4bb280c9b587ef", "sha256": "44761759948fcf37ed691f462bbb54d3e3064f9b70d4e0e60b5338e87c785fbe"}, "host": {"name": "CLIENT12.breach.local"}, "log": {"level": "information"}, "process": {"args": ["C:\\Program Files (x86)\\Mozilla Firefox\\firefox.exe", "-contentproc", "-isForBrowser", "-prefsHandle", "2920", "-prefsLen", "30030", "-prefMapHandle", "2924", "-prefMapSize", "267494", "-jsInitHandle", "2928", "-jsInitLen", "254356", "-parentBuildID", "20241230151726", "-ipcHandle", "2936", "-initialChannelId", "{52195711-54a2-4e58-9c54-4588ae1d3743}", "-parentPid", "3932", "-crashReporter", "\\\\.\\pipe\\gecko-crash-server-pipe.3932", "-win32kLockedDown", "-appDir", "C:\\Program Files (x86)\\Mozilla Firefox\\browser", "-", "3", "tab"], "command_line": "\"C:\\Program Files (x86)\\Mozilla Firefox\\firefox.exe\" -contentproc -isForBrowser -prefsHandle 2920 -prefsLen 30030 -prefMapHandle 2924 -prefMapSize 267494 -jsInitHandle 2928 -jsInitLen 254356 -parentBuildID 20241230151726 -ipcHandle 2936 -initialChannelId {52195711-54a2-4e58-9c54-4588ae1d3743} -parentPid 3932 -crashReporter \"\\\\.\\pipe\\gecko-crash-server-pipe.3932\" -win32kLockedDown -appDir \"C:\\Program Files (x86)\\Mozilla Firefox\\browser\" - 3 tab", "entity_id": "{416dd0c5-e09c-677f-0205-000000001400}", "executable": "C:\\Program Files (x86)\\Mozilla Firefox\\firefox.exe", "hash": {"md5": "585d2527c7dcc8e2c69324212f9f2964", "sha1": "ace4770f386293b92d946f872d4bb280c9b587ef", "sha256": "44761759948fcf37ed691f462bbb54d3e3064f9b70d4e0e60b5338e87c785fbe"}, "name": "firefox.exe", "parent": {"args": ["C:\\Program Files (x86)\\Mozilla Firefox\\firefox.exe", "--marionette", "--remote-debugging-port", "50518", "--remote-allow-hosts", "localhost", "-no-remote", "-profile", "C:\\Users\\client12\\AppData\\Local\\Temp\\rust_mozprofile6c02Zd"], "command_line": "\"C:\\Program Files (x86)\\Mozilla Firefox\\firefox.exe\" --marionette --remote-debugging-port 50518 --remote-allow-hosts localhost -no-remote -profile C:\\Users\\client12\\AppData\\Local\\Temp\\rust_mozprofile6c02Zd", "entity_id": "{416dd0c5-e097-677f-ff04-000000001400}", "executable": "C:\\Program Files (x86)\\Mozilla Firefox\\firefox.exe", "name": "firefox.exe", "pid": 3932}, "pe": {"imphash": "51bef41e5cd278a02c17451af095c288"}, "pid": 4196, "working_directory": "C:\\BREACH\\"}, "related": {"hash": ["ace4770f386293b92d946f872d4bb280c9b587ef", "585d2527c7dcc8e2c69324212f9f2964", "44761759948fcf37ed691f462bbb54d3e3064f9b70d4e0e60b5338e87c785fbe", "51bef41e5cd278a02c17451af095c288"], "user": "client12"}, "user": {"domain": "BREACH", "name": "client12"}, "winlog": {"api": "wineventlog", "channel": "Microsoft-Windows-Sysmon/Operational", "computer_name": "CLIENT12.breach.local", "event_data": {"Company": "Mozilla Corporation", "Description": "Firefox", "FileVersion": "134.0", "IntegrityLevel": "Low", "LogonGuid": "{416dd0c5-8372-677f-9f15-050000000000}", "LogonId": "0x5159f", "OriginalFileName": "firefox.exe", "ParentUser": "BREACH\\client12", "Product": "Firefox", "RuleName": "-", "TerminalSessionId": "1"}, "event_id": 1, "opcode": "Info", "process": {"pid": 2844, "thread": {"id": 3160}}, "provider_guid": "{5770385f-c22a-43e0-bf4c-06f5698ffbd9}", "provider_name": "Microsoft-Windows-Sysmon", "record_id": 3899090, "task": "Process Create (rule: ProcessCreate)", "user": {"domain": "NT AUTHORITY", "identifier": "S-1-5-18", "name": "SYSTEM", "type": "User"}, "version": 5}}
{"@timestamp": "2025-01-09T14:43:40.966Z", "agent": {"ephemeral_id": "90351131-305f-4d48-851e-c60337a1d409", "hostname": "CLIENT12", "id": "c35095e9-5f9f-4084-a651-3aaa2966847a", "name": "CLIENT12", "type": "winlogbeat", "version": "7.10.2"}, "ecs": {"version": "1.5.0"}, "event": {"action": "Process Create (rule: ProcessCreate)", "category": ["process"], "code": 1, "created": "2025-01-09T14:45:22.912Z", "kind": "event", "module": "sysmon", "provider": "Microsoft-Windows-Sysmon", "type": ["start", "process_start"]}, "hash": {"imphash": "51bef41e5cd278a02c17451af095c288", "md5": "585d2527c7dcc8e2c69324212f9f2964", "sha1": "ace4770f386293b92d946f872d4bb280c9b587ef", "sha256": "44761759948fcf37ed691f462bbb54d3e3064f9b70d4e0e60b5338e87c785fbe"}, "host": {"name": "CLIENT12.breach.local"}, "log": {"level": "information"}, "process": {"args": ["C:\\Program Files (x86)\\Mozilla Firefox\\firefox.exe", "-contentproc", "-parentBuildID", "20241230151726", "-prefsHandle", "3080", "-prefsLen", "30075", "-prefMapHandle", "3084", "-prefMapSize", "267494", "-ipcHandle", "3104", "-initialChannelId", "{5873e6d0-5f29-4f32-a8cc-ea7d7de621a7}", "-parentPid", "3932", "-crashReporter", "\\\\.\\pipe\\gecko-crash-server-pipe.3932", "-appDir", "C:\\Program Files (x86)\\Mozilla Firefox\\browser", "-", "4", "rdd"], "command_line": "\"C:\\Program Files (x86)\\Mozilla Firefox\\firefox.exe\" -contentproc -parentBuildID 20241230151726 -prefsHandle 3080 -prefsLen 30075 -prefMapHandle 3084 -prefMapSize 267494 -ipcHandle 3104 -initialChannelId {5873e6d0-5f29-4f32-a8cc-ea7d7de621a7} -parentPid 3932 -crashReporter \"\\\\.\\pipe\\gecko-crash-server-pipe.3932\" -appDir \"C:\\Program Files (x86)\\Mozilla Firefox\\browser\" - 4 rdd", "entity_id": "{416dd0c5-e09c-677f-0305-000000001400}", "executable": "C:\\Program Files (x86)\\Mozilla Firefox\\firefox.exe", "hash": {"md5": "585d2527c7dcc8e2c69324212f9f2964", "sha1": "ace4770f386293b92d946f872d4bb280c9b587ef", "sha256": "44761759948fcf37ed691f462bbb54d3e3064f9b70d4e0e60b5338e87c785fbe"}, "name": "firefox.exe", "parent": {"args": ["C:\\Program Files (x86)\\Mozilla Firefox\\firefox.exe", "--marionette", "--remote-debugging-port", "50518", "--remote-allow-hosts", "localhost", "-no-remote", "-profile", "C:\\Users\\client12\\AppData\\Local\\Temp\\rust_mozprofile6c02Zd"], "command_line": "\"C:\\Program Files (x86)\\Mozilla Firefox\\firefox.exe\" --marionette --remote-debugging-port 50518 --remote-allow-hosts localhost -no-remote -profile C:\\Users\\client12\\AppData\\Local\\Temp\\rust_mozprofile6c02Zd", "entity_id": "{416dd0c5-e097-677f-ff04-000000001400}", "executable": "C:\\Program Files (x86)\\Mozilla Firefox\\firefox.exe", "name": "firefox.exe", "pid": 3932}, "pe": {"imphash": "51bef41e5cd278a02c17451af095c288"}, "pid": 3632, "working_directory": "C:\\BREACH\\"}, "related": {"hash": ["ace4770f386293b92d946f872d4bb280c9b587ef", "585d2527c7dcc8e2c69324212f9f2964", "44761759948fcf37ed691f462bbb54d3e3064f9b70d4e0e60b5338e87c785fbe", "51bef41e5cd278a02c17451af095c288"], "user": "client12"}, "user": {"domain": "BREACH", "name": "client12"}, "winlog": {"api": "wineventlog", "channel": "Microsoft-Windows-Sysmon/Operational", "computer_name": "CLIENT12.breach.local", "event_data": {"Company": "Mozilla Corporation", "Description": "Firefox", "FileVersion": "134.0", "IntegrityLevel": "Low", "LogonGuid": "{416dd0c5-8372-677f-9f15-050000000000}", "LogonId": "0x5159f", "OriginalFileName": "firefox.exe", "ParentUser": "BREACH\\client12", "Product": "Firefox", "RuleName": "-", "TerminalSessionId": "1"}, "event_id": 1, "opcode": "Info", "process": {"pid": 2844, "thread": {"id": 3160}}, "provider_guid": "{5770385f-c22a-43e0-bf4c-06f5698ffbd9}", "provider_name": "Microsoft-Windows-Sysmon", "record_id": 3899098, "task": "Process Create (rule: ProcessCreate)", "user": {"domain": "NT AUTHORITY", "identifier": "S-1-5-18", "name": "SYSTEM", "type": "User"}, "version": 5}}
{"@timestamp": "2025-01-09T14:43:41.400Z", "agent": {"ephemeral_id": "90351131-305f-4d48-851e-c60337a1d409", "hostname": "CLIENT12", "id": "c35095e9-5f9f-4084-a651-3aaa2966847a", "name": "CLIENT12", "type": "winlogbeat", "version": "7.10.2"}, "ecs": {"version": "1.5.0"}, "event": {"action": "Process Create (rule: ProcessCreate)", "category": ["process"], "code": 1, "created": "2025-01-09T14:45:35.689Z", "kind": "event", "module": "sysmon", "provider": "Microsoft-Windows-Sysmon", "type": ["start", "process_start"]}, "hash": {"imphash": "51bef41e5cd278a02c17451af095c288", "md5": "585d2527c7dcc8e2c69324212f9f2964", "sha1": "ace4770f386293b92d946f872d4bb280c9b587ef", "sha256": "44761759948fcf37ed691f462bbb54d3e3064f9b70d4e0e60b5338e87c785fbe"}, "host": {"name": "CLIENT12.breach.local"}, "log": {"level": "information"}, "process": {"args": ["C:\\Program Files (x86)\\Mozilla Firefox\\firefox.exe", "-contentproc", "-isForBrowser", "-prefsHandle", "3876", "-prefsLen", "29464", "-prefMapHandle", "3880", "-prefMapSize", "267494", "-jsInitHandle", "3884", "-jsInitLen", "254356", "-parentBuildID", "20241230151726", "-ipcHandle", "3888", "-initialChannelId", "{ed87067d-755a-410c-9c0a-98f6898314d1}", "-parentPid", "3932", "-crashReporter", "\\\\.\\pipe\\gecko-crash-server-pipe.3932", "-win32kLockedDown", "-appDir", "C:\\Program Files (x86)\\Mozilla Firefox\\browser", "-", "5", "tab"], "command_line": "\"C:\\Program Files (x86)\\Mozilla Firefox\\firefox.exe\" -contentproc -isForBrowser -prefsHandle 3876 -prefsLen 29464 -prefMapHandle 3880 -prefMapSize 267494 -jsInitHandle 3884 -jsInitLen 254356 -parentBuildID 20241230151726 -ipcHandle 3888 -initialChannelId {ed87067d-755a-410c-9c0a-98f6898314d1} -parentPid 3932 -crashReporter \"\\\\.\\pipe\\gecko-crash-server-pipe.3932\" -win32kLockedDown -appDir \"C:\\Program Files (x86)\\Mozilla Firefox\\browser\" - 5 tab", "entity_id": "{416dd0c5-e09d-677f-0405-000000001400}", "executable": "C:\\Program Files (x86)\\Mozilla Firefox\\firefox.exe", "hash": {"md5": "585d2527c7dcc8e2c69324212f9f2964", "sha1": "ace4770f386293b92d946f872d4bb280c9b587ef", "sha256": "44761759948fcf37ed691f462bbb54d3e3064f9b70d4e0e60b5338e87c785fbe"}, "name": "firefox.exe", "parent": {"args": ["C:\\Program Files (x86)\\Mozilla Firefox\\firefox.exe", "--marionette", "--remote-debugging-port", "50518", "--remote-allow-hosts", "localhost", "-no-remote", "-profile", "C:\\Users\\client12\\AppData\\Local\\Temp\\rust_mozprofile6c02Zd"], "command_line": "\"C:\\Program Files (x86)\\Mozilla Firefox\\firefox.exe\" --marionette --remote-debugging-port 50518 --remote-allow-hosts localhost -no-remote -profile C:\\Users\\client12\\AppData\\Local\\Temp\\rust_mozprofile6c02Zd", "entity_id": "{416dd0c5-e097-677f-ff04-000000001400}", "executable": "C:\\Program Files (x86)\\Mozilla Firefox\\firefox.exe", "name": "firefox.exe", "pid": 3932}, "pe": {"imphash": "51bef41e5cd278a02c17451af095c288"}, "pid": 9704, "working_directory": "C:\\BREACH\\"}, "related": {"hash": ["ace4770f386293b92d946f872d4bb280c9b587ef", "585d2527c7dcc8e2c69324212f9f2964", "44761759948fcf37ed691f462bbb54d3e3064f9b70d4e0e60b5338e87c785fbe", "51bef41e5cd278a02c17451af095c288"], "user": "client12"}, "user": {"domain": "BREACH", "name": "client12"}, "winlog": {"api": "wineventlog", "channel": "Microsoft-Windows-Sysmon/Operational", "computer_name": "CLIENT12.breach.local", "event_data": {"Company": "Mozilla Corporation", "Description": "Firefox", "FileVersion": "134.0", "IntegrityLevel": "Low", "LogonGuid": "{416dd0c5-8372-677f-9f15-050000000000}", "LogonId": "0x5159f", "OriginalFileName": "firefox.exe", "ParentUser": "BREACH\\client12", "Product": "Firefox", "RuleName": "-", "TerminalSessionId": "1"}, "event_id": 1, "opcode": "Info", "process": {"pid": 2844, "thread": {"id": 3160}}, "provider_guid": "{5770385f-c22a-43e0-bf4c-06f5698ffbd9}", "provider_name": "Microsoft-Windows-Sysmon", "record_id": 3899206, "task": "Process Create (rule: ProcessCreate)", "user": {"domain": "NT AUTHORITY", "identifier": "S-1-5-18", "name": "SYSTEM", "type": "User"}, "version": 5}}
{"@timestamp": "2025-01-09T14:43:43.997Z", "agent": {"ephemeral_id": "90351131-305f-4d48-851e-c60337a1d409", "hostname": "CLIENT12", "id": "c35095e9-5f9f-4084-a651-3aaa2966847a", "name": "CLIENT12", "type": "winlogbeat", "version": "7.10.2"}, "ecs": {"version": "1.5.0"}, "event": {"action": "Process Create (rule: ProcessCreate)", "category": ["process"], "code": 1, "created": "2025-01-09T14:45:47.293Z", "kind": "event", "module": "sysmon", "provider": "Microsoft-Windows-Sysmon", "type": ["start", "process_start"]}, "hash": {"imphash": "51bef41e5cd278a02c17451af095c288", "md5": "585d2527c7dcc8e2c69324212f9f2964", "sha1": "ace4770f386293b92d946f872d4bb280c9b587ef", "sha256": "44761759948fcf37ed691f462bbb54d3e3064f9b70d4e0e60b5338e87c785fbe"}, "host": {"name": "CLIENT12.breach.local"}, "log": {"level": "information"}, "process": {"args": ["C:\\Program Files (x86)\\Mozilla Firefox\\firefox.exe", "-contentproc", "-parentBuildID", "20241230151726", "-sandboxingKind", "0", "-prefsHandle", "4736", "-prefsLen", "39755", "-prefMapHandle", "4740", "-prefMapSize", "267494", "-ipcHandle", "4720", "-initialChannelId", "{0e8ae703-3a8c-4965-9b26-0053af969296}", "-parentPid", "3932", "-crashReporter", "\\\\.\\pipe\\gecko-crash-server-pipe.3932", "-win32kLockedDown", "-appDir", "C:\\Program Files (x86)\\Mozilla Firefox\\browser", "-", "6", "utility"], "command_line": "\"C:\\Program Files (x86)\\Mozilla Firefox\\firefox.exe\" -contentproc -parentBuildID 20241230151726 -sandboxingKind 0 -prefsHandle 4736 -prefsLen 39755 -prefMapHandle 4740 -prefMapSize 267494 -ipcHandle 4720 -initialChannelId {0e8ae703-3a8c-4965-9b26-0053af969296} -parentPid 3932 -crashReporter \"\\\\.\\pipe\\gecko-crash-server-pipe.3932\" -win32kLockedDown -appDir \"C:\\Program Files (x86)\\Mozilla Firefox\\browser\" - 6 utility", "entity_id": "{416dd0c5-e09f-677f-0505-000000001400}", "executable": "C:\\Program Files (x86)\\Mozilla Firefox\\firefox.exe", "hash": {"md5": "585d2527c7dcc8e2c69324212f9f2964", "sha1": "ace4770f386293b92d946f872d4bb280c9b587ef", "sha256": "44761759948fcf37ed691f462bbb54d3e3064f9b70d4e0e60b5338e87c785fbe"}, "name": "firefox.exe", "parent": {"args": ["C:\\Program Files (x86)\\Mozilla Firefox\\firefox.exe", "--marionette", "--remote-debugging-port", "50518", "--remote-allow-hosts", "localhost", "-no-remote", "-profile", "C:\\Users\\client12\\AppData\\Local\\Temp\\rust_mozprofile6c02Zd"], "command_line": "\"C:\\Program Files (x86)\\Mozilla Firefox\\firefox.exe\" --marionette --remote-debugging-port 50518 --remote-allow-hosts localhost -no-remote -profile C:\\Users\\client12\\AppData\\Local\\Temp\\rust_mozprofile6c02Zd", "entity_id": "{416dd0c5-e097-677f-ff04-000000001400}", "executable": "C:\\Program Files (x86)\\Mozilla Firefox\\firefox.exe", "name": "firefox.exe", "pid": 3932}, "pe": {"imphash": "51bef41e5cd278a02c17451af095c288"}, "pid": 11432, "working_directory": "C:\\BREACH\\"}, "related": {"hash": ["ace4770f386293b92d946f872d4bb280c9b587ef", "585d2527c7dcc8e2c69324212f9f2964", "44761759948fcf37ed691f462bbb54d3e3064f9b70d4e0e60b5338e87c785fbe", "51bef41e5cd278a02c17451af095c288"], "user": "client12"}, "user": {"domain": "BREACH", "name": "client12"}, "winlog": {"api": "wineventlog", "channel": "Microsoft-Windows-Sysmon/Operational", "computer_name": "CLIENT12.breach.local", "event_data": {"Company": "Mozilla Corporation", "Description": "Firefox", "FileVersion": "134.0", "IntegrityLevel": "Low", "LogonGuid": "{416dd0c5-8372-677f-9f15-050000000000}", "LogonId": "0x5159f", "OriginalFileName": "firefox.exe", "ParentUser": "BREACH\\client12", "Product": "Firefox", "RuleName": "-", "TerminalSessionId": "1"}, "event_id": 1, "opcode": "Info", "process": {"pid": 2844, "thread": {"id": 3160}}, "provider_guid": "{5770385f-c22a-43e0-bf4c-06f5698ffbd9}", "provider_name": "Microsoft-Windows-Sysmon", "record_id": 3899419, "task": "Process Create (rule: ProcessCreate)", "user": {"domain": "NT AUTHORITY", "identifier": "S-1-5-18", "name": "SYSTEM", "type": "User"}, "version": 5}}
{"@timestamp": "2025-01-09T14:43:44.053Z", "agent": {"ephemeral_id": "90351131-305f-4d48-851e-c60337a1d409", "hostname": "CLIENT12", "id": "c35095e9-5f9f-4084-a651-3aaa2966847a", "name": "CLIENT12", "type": "winlogbeat", "version": "7.10.2"}, "ecs": {"version": "1.5.0"}, "event": {"action": "Process Create (rule: ProcessCreate)", "category": ["process"], "code": 1, "created": "2025-01-09T14:45:47.295Z", "kind": "event", "module": "sysmon", "provider": "Microsoft-Windows-Sysmon", "type": ["start", "process_start"]}, "hash": {"imphash": "51bef41e5cd278a02c17451af095c288", "md5": "585d2527c7dcc8e2c69324212f9f2964", "sha1": "ace4770f386293b92d946f872d4bb280c9b587ef", "sha256": "44761759948fcf37ed691f462bbb54d3e3064f9b70d4e0e60b5338e87c785fbe"}, "host": {"name": "CLIENT12.breach.local"}, "log": {"level": "information"}, "process": {"args": ["C:\\Program Files (x86)\\Mozilla Firefox\\firefox.exe", "-contentproc", "-isForBrowser", "-prefsHandle", "4880", "-prefsLen", "37761", "-prefMapHandle", "4884", "-prefMapSize", "267494", "-jsInitHandle", "4888", "-jsInitLen", "254356", "-parentBuildID", "20241230151726", "-ipcHandle", "4896", "-initialChannelId", "{b4af4d44-781a-4570-96fd-2a324bfd7836}", "-parentPid", "3932", "-crashReporter", "\\\\.\\pipe\\gecko-crash-server-pipe.3932", "-win32kLockedDown", "-appDir", "C:\\Program Files (x86)\\Mozilla Firefox\\browser", "-", "7", "tab"], "command_line": "\"C:\\Program Files (x86)\\Mozilla Firefox\\firefox.exe\" -contentproc -isForBrowser -prefsHandle 4880 -prefsLen 37761 -prefMapHandle 4884 -prefMapSize 267494 -jsInitHandle 4888 -jsInitLen 254356 -parentBuildID 20241230151726 -ipcHandle 4896 -initialChannelId {b4af4d44-781a-4570-96fd-2a324bfd7836} -parentPid 3932 -crashReporter \"\\\\.\\pipe\\gecko-crash-server-pipe.3932\" -win32kLockedDown -appDir \"C:\\Program Files (x86)\\Mozilla Firefox\\browser\" - 7 tab", "entity_id": "{416dd0c5-e0a0-677f-0605-000000001400}", "executable": "C:\\Program Files (x86)\\Mozilla Firefox\\firefox.exe", "hash": {"md5": "585d2527c7dcc8e2c69324212f9f2964", "sha1": "ace4770f386293b92d946f872d4bb280c9b587ef", "sha256": "44761759948fcf37ed691f462bbb54d3e3064f9b70d4e0e60b5338e87c785fbe"}, "name": "firefox.exe", "parent": {"args": ["C:\\Program Files (x86)\\Mozilla Firefox\\firefox.exe", "--marionette", "--remote-debugging-port", "50518", "--remote-allow-hosts", "localhost", "-no-remote", "-profile", "C:\\Users\\client12\\AppData\\Local\\Temp\\rust_mozprofile6c02Zd"], "command_line": "\"C:\\Program Files (x86)\\Mozilla Firefox\\firefox.exe\" --marionette --remote-debugging-port 50518 --remote-allow-hosts localhost -no-remote -profile C:\\Users\\client12\\AppData\\Local\\Temp\\rust_mozprofile6c02Zd", "entity_id": "{416dd0c5-e097-677f-ff04-000000001400}", "executable": "C:\\Program Files (x86)\\Mozilla Firefox\\firefox.exe", "name": "firefox.exe", "pid": 3932}, "pe": {"imphash": "51bef41e5cd278a02c17451af095c288"}, "pid": 5960, "working_directory": "C:\\BREACH\\"}, "related": {"hash": ["ace4770f386293b92d946f872d4bb280c9b587ef", "585d2527c7dcc8e2c69324212f9f2964", "44761759948fcf37ed691f462bbb54d3e3064f9b70d4e0e60b5338e87c785fbe", "51bef41e5cd278a02c17451af095c288"], "user": "client12"}, "user": {"domain": "BREACH", "name": "client12"}, "winlog": {"api": "wineventlog", "channel": "Microsoft-Windows-Sysmon/Operational", "computer_name": "CLIENT12.breach.local", "event_data": {"Company": "Mozilla Corporation", "Description": "Firefox", "FileVersion": "134.0", "IntegrityLevel": "Low", "LogonGuid": "{416dd0c5-8372-677f-9f15-050000000000}", "LogonId": "0x5159f", "OriginalFileName": "firefox.exe", "ParentUser": "BREACH\\client12", "Product": "Firefox", "RuleName": "-", "TerminalSessionId": "1"}, "event_id": 1, "opcode": "Info", "process": {"pid": 2844, "thread": {"id": 3160}}, "provider_guid": "{5770385f-c22a-43e0-bf4c-06f5698ffbd9}", "provider_name": "Microsoft-Windows-Sysmon", "record_id": 3899435, "task": "Process Create (rule: ProcessCreate)", "user": {"domain": "NT AUTHORITY", "identifier": "S-1-5-18", "name": "SYSTEM", "type": "User"}, "version": 5}}
{"@timestamp": "2025-01-09T14:44:02.465Z", "agent": {"ephemeral_id": "90351131-305f-4d48-851e-c60337a1d409", "hostname": "CLIENT12", "id": "c35095e9-5f9f-4084-a651-3aaa2966847a", "name": "CLIENT12", "type": "winlogbeat", "version": "7.10.2"}, "ecs": {"version": "1.5.0"}, "event": {"action": "Logon", "code": 4624, "created": "2025-01-09T14:44:04.937Z", "kind": "event", "outcome": "success", "provider": "Microsoft-Windows-Security-Auditing"}, "host": {"name": "CLIENT12.breach.local"}, "log": {"level": "information"}, "winlog": {"activity_id": "{4ec21f0d-626d-0000-871f-c24e6d62db01}", "api": "wineventlog", "channel": "Security", "computer_name": "CLIENT12.breach.local", "event_data": {"AuthenticationPackageName": "Negotiate", "ElevatedToken": "%%1842", "ImpersonationLevel": "%%1833", "IpAddress": "-", "IpPort": "-", "KeyLength": "0", "LmPackageName": "-", "LogonGuid": "{00000000-0000-0000-0000-000000000000}", "LogonProcessName": "Advapi  ", "LogonType": "5", "ProcessId": "0x270", "ProcessName": "C:\\Windows\\System32\\services.exe", "RestrictedAdminMode": "-", "SubjectDomainName": "BREACH", "SubjectLogonId": "0x3e7", "SubjectUserName": "CLIENT12$", "SubjectUserSid": "S-1-5-18", "TargetDomainName": "NT AUTHORITY", "TargetLinkedLogonId": "0x0", "TargetLogonId": "0x3e7", "TargetOutboundDomainName": "-", "TargetOutboundUserName": "-", "TargetUserName": "SYSTEM", "TargetUserSid": "S-1-5-18", "TransmittedServices": "-", "VirtualAccount": "%%1843", "WorkstationName": "-"}, "event_id": 4624, "keywords": ["Audit Success"], "opcode": "Info", "process": {"pid": 640, "thread": {"id": 12228}}, "provider_guid": "{54849625-5478-4994-a5ba-3e3b0328c30d}", "provider_name": "Microsoft-Windows-Security-Auditing", "record_id": 30248, "task": "Logon", "version": 2}}
{"@timestamp": "2025-01-09T14:44:02.465Z", "agent": {"ephemeral_id": "90351131-305f-4d48-851e-c60337a1d409", "hostname": "CLIENT12", "id": "c35095e9-5f9f-4084-a651-3aaa2966847a", "name": "CLIENT12", "type": "winlogbeat", "version": "7.10.2"}, "ecs": {"version": "1.5.0"}, "event": {"action": "Special Logon", "code": 4672, "created": "2025-01-09T14:44:04.937Z", "kind": "event", "outcome": "success", "provider": "Microsoft-Windows-Security-Auditing"}, "host": {"name": "CLIENT12.breach.local"}, "log": {"level": "information"}, "winlog": {"activity_id": "{4ec21f0d-626d-0000-871f-c24e6d62db01}", "api": "wineventlog", "channel": "Security", "computer_name": "CLIENT12.breach.local", "event_data": {"PrivilegeList": "SeAssignPrimaryTokenPrivilege\n\t\t\tSeTcbPrivilege\n\t\t\tSeSecurityPrivilege\n\t\t\tSeTakeOwnershipPrivilege\n\t\t\tSeLoadDriverPrivilege\n\t\t\tSeBackupPrivilege\n\t\t\tSeRestorePrivilege\n\t\t\tSeDebugPrivilege\n\t\t\tSeAuditPrivilege\n\t\t\tSeSystemEnvironmentPrivilege\n\t\t\tSeImpersonatePrivilege\n\t\t\tSeDelegateSessionUserImpersonatePrivilege", "SubjectDomainName": "NT AUTHORITY", "SubjectLogonId": "0x3e7", "SubjectUserName": "SYSTEM", "SubjectUserSid": "S-1-5-18"}, "event_id": 4672, "keywords": ["Audit Success"], "opcode": "Info", "process": {"pid": 640, "thread": {"id": 12228}}, "provider_guid": "{54849625-5478-4994-a5ba-3e3b0328c30d}", "provider_name": "Microsoft-Windows-Security-Auditing", "record_id": 30249, "task": "Special Logon"}}
{"@timestamp": "2025-01-09T14:44:02.468Z", "agent": {"ephemeral_id": "90351131-305f-4d48-851e-c60337a1d409", "hostname": "CLIENT12", "id": "c35095e9-5f9f-4084-a651-3aaa2966847a", "name": "CLIENT12", "type": "winlogbeat", "version": "7.10.2"}, "ecs": {"version": "1.5.0"}, "event": {"action": "Process Create (rule: ProcessCreate)", "category": ["process"], "code": 1, "created": "2025-01-09T14:45:47.853Z", "kind": "event", "module": "sysmon", "provider": "Microsoft-Windows-Sysmon", "type": ["start", "process_start"]}, "hash": {"imphash": "f9bbd96fae53b7a31264a703cafa0666", "md5": "f586835082f632dc8d9404d83bc16316", "sha1": "010db07461e45b41c886192df6fd425ba8d42d82", "sha256": "643ec58e82e0272c97c2a59f6020970d881af19c0ad5029db9c958c13b6558c7"}, "host": {"name": "CLIENT12.breach.local"}, "log": {"level": "information"}, "process": {"args": ["C:\\Windows\\system32\\svchost.exe", "-k", "wsappx", "-p", "-s", "AppXSvc"], "command_line": "C:\\Windows\\system32\\svchost.exe -k wsappx -p -s AppXSvc", "entity_id": "{416dd0c5-e0b2-677f-0705-000000001400}", "executable": "C:\\Windows\\System32\\svchost.exe", "hash": {"md5": "f586835082f632dc8d9404d83bc16316", "sha1": "010db07461e45b41c886192df6fd425ba8d42d82", "sha256": "643ec58e82e0272c97c2a59f6020970d881af19c0ad5029db9c958c13b6558c7"}, "name": "svchost.exe", "parent": {"args": ["C:\\Windows\\system32\\services.exe"], "command_line": "C:\\Windows\\system32\\services.exe", "entity_id": "{416dd0c5-8369-677f-0b00-000000001400}", "executable": "C:\\Windows\\System32\\services.exe", "name": "services.exe", "pid": 624}, "pe": {"imphash": "f9bbd96fae53b7a31264a703cafa0666"}, "pid": 8012, "working_directory": "C:\\Windows\\system32\\"}, "related": {"hash": ["010db07461e45b41c886192df6fd425ba8d42d82", "f586835082f632dc8d9404d83bc16316", "643ec58e82e0272c97c2a59f6020970d881af19c0ad5029db9c958c13b6558c7", "f9bbd96fae53b7a31264a703cafa0666"], "user": "SYSTEM"}, "user": {"domain": "NT AUTHORITY", "name": "SYSTEM"}, "winlog": {"api": "wineventlog", "channel": "Microsoft-Windows-Sysmon/Operational", "computer_name": "CLIENT12.breach.local", "event_data": {"Company": "Microsoft Corporation", "Description": "Host Process for Windows Services", "FileVersion": "10.0.19041.546 (WinBuild.160101.0800)", "IntegrityLevel": "System", "LogonGuid": "{416dd0c5-8369-677f-e703-000000000000}", "LogonId": "0x3e7", "OriginalFileName": "svchost.exe", "ParentUser": "NT AUTHORITY\\SYSTEM", "Product": "Microsoft\u00ae Windows\u00ae Operating System", "RuleName": "-", "TerminalSessionId": "0"}, "event_id": 1, "opcode": "Info", "process": {"pid": 2844, "thread": {"id": 3160}}, "provider_guid": "{5770385f-c22a-43e0-bf4c-06f5698ffbd9}", "provider_name": "Microsoft-Windows-Sysmon", "record_id": 3899725, "task": "Process Create (rule: ProcessCreate)", "user": {"domain": "NT AUTHORITY", "identifier": "S-1-5-18", "name": "SYSTEM", "type": "User"}, "version": 5}}
{"@timestamp": "2025-01-09T14:46:02.212Z", "agent": {"ephemeral_id": "90351131-305f-4d48-851e-c60337a1d409", "hostname": "CLIENT12", "id": "c35095e9-5f9f-4084-a651-3aaa2966847a", "name": "CLIENT12", "type": "winlogbeat", "version": "7.10.2"}, "ecs": {"version": "1.5.0"}, "event": {"action": "Process Create (rule: ProcessCreate)", "category": ["process"], "code": 1, "created": "2025-01-09T14:46:02.613Z", "kind": "event", "module": "sysmon", "provider": "Microsoft-Windows-Sysmon", "type": ["start", "process_start"]}, "hash": {"imphash": "8b2a73cf81704f7aed84c67134ec39ac", "md5": "d4c0c10590da99309e3c36e66f99ee60", "sha1": "5b1e67fcfd7aa697ef5e49d39050ecfce1cf18f4", "sha256": "dfe51b0739ed161f69afbb736460ebb7dd37372ff0659cbc20f4a9c850fbcc8c"}, "host": {"name": "CLIENT12.breach.local"}, "log": {"level": "information"}, "process": {"args": ["C:\\Windows\\system32\\SearchProtocolHost.exe", "Global\\UsGthrFltPipeMssGthrPipe29_", "Global\\UsGthrCtrlFltPipeMssGthrPipe29", "1", "-2147483646", "Software\\Microsoft\\Windows Search", "Mozilla/4.0 (compatible; MSIE 6.0; Windows NT; MS Search 4.0 Robot)", "C:\\ProgramData\\Microsoft\\Search\\Data\\Temp\\usgthrsvc", "DownLevelDaemon"], "command_line": "\"C:\\Windows\\system32\\SearchProtocolHost.exe\" Global\\UsGthrFltPipeMssGthrPipe29_ Global\\UsGthrCtrlFltPipeMssGthrPipe29 1 -2147483646 \"Software\\Microsoft\\Windows Search\" \"Mozilla/4.0 (compatible; MSIE 6.0; Windows NT; MS Search 4.0 Robot)\" \"C:\\ProgramData\\Microsoft\\Search\\Data\\Temp\\usgthrsvc\" \"DownLevelDaemon\" ", "entity_id": "{416dd0c5-e12a-677f-0805-000000001400}", "executable": "C:\\Windows\\System32\\SearchProtocolHost.exe", "hash": {"md5": "d4c0c10590da99309e3c36e66f99ee60", "sha1": "5b1e67fcfd7aa697ef5e49d39050ecfce1cf18f4", "sha256": "dfe51b0739ed161f69afbb736460ebb7dd37372ff0659cbc20f4a9c850fbcc8c"}, "name": "SearchProtocolHost.exe", "parent": {"args": ["C:\\Windows\\system32\\SearchIndexer.exe", "/Embedding"], "command_line": "C:\\Windows\\system32\\SearchIndexer.exe /Embedding", "entity_id": "{416dd0c5-837b-677f-7000-000000001400}", "executable": "C:\\Windows\\System32\\SearchIndexer.exe", "name": "SearchIndexer.exe", "pid": 5436}, "pe": {"imphash": "8b2a73cf81704f7aed84c67134ec39ac"}, "pid": 1028, "working_directory": "C:\\Windows\\system32\\"}, "related": {"hash": ["5b1e67fcfd7aa697ef5e49d39050ecfce1cf18f4", "d4c0c10590da99309e3c36e66f99ee60", "dfe51b0739ed161f69afbb736460ebb7dd37372ff0659cbc20f4a9c850fbcc8c", "8b2a73cf81704f7aed84c67134ec39ac"], "user": "SYSTEM"}, "user": {"domain": "NT AUTHORITY", "name": "SYSTEM"}, "winlog": {"api": "wineventlog", "channel": "Microsoft-Windows-Sysmon/Operational", "computer_name": "CLIENT12.breach.local", "event_data": {"Company": "Microsoft Corporation", "Description": "Microsoft Windows Search Protocol Host", "FileVersion": "7.0.19041.844 (WinBuild.160101.0800)", "IntegrityLevel": "System", "LogonGuid": "{416dd0c5-8369-677f-e703-000000000000}", "LogonId": "0x3e7", "OriginalFileName": "SearchProtocolHost.exe", "ParentUser": "NT AUTHORITY\\SYSTEM", "Product": "Windows\u00ae Search", "RuleName": "-", "TerminalSessionId": "0"}, "event_id": 1, "opcode": "Info", "process": {"pid": 2844, "thread": {"id": 3160}}, "provider_guid": "{5770385f-c22a-43e0-bf4c-06f5698ffbd9}", "provider_name": "Microsoft-Windows-Sysmon", "record_id": 3901851, "task": "Process Create (rule: ProcessCreate)", "user": {"domain": "NT AUTHORITY", "identifier": "S-1-5-18", "name": "SYSTEM", "type": "User"}, "version": 5}}
{"@timestamp": "2025-01-09T14:46:02.351Z", "agent": {"ephemeral_id": "90351131-305f-4d48-851e-c60337a1d409", "hostname": "CLIENT12", "id": "c35095e9-5f9f-4084-a651-3aaa2966847a", "name": "CLIENT12", "type": "winlogbeat", "version": "7.10.2"}, "ecs": {"version": "1.5.0"}, "event": {"action": "Process Create (rule: ProcessCreate)", "category": ["process"], "code": 1, "created": "2025-01-09T14:46:02.615Z", "kind": "event", "module": "sysmon", "provider": "Microsoft-Windows-Sysmon", "type": ["start", "process_start"]}, "hash": {"imphash": "25975932fe65b44ea2dd939dc008d453", "md5": "682d7618341e297914ba89d46c3db469", "sha1": "e5c14547d36fa7e6ce079b9cce6cf662baa35b1f", "sha256": "33051d12c4dc42c6b5dadf8016bad36570ef9029f7d5d654eafb0f1c3db616c3"}, "host": {"name": "CLIENT12.breach.local"}, "log": {"level": "information"}, "process": {"args": ["C:\\Windows\\system32\\SearchFilterHost.exe", "0", "800", "804", "812", "8192", "808", "784"], "command_line": "\"C:\\Windows\\system32\\SearchFilterHost.exe\" 0 800 804 812 8192 808 784 ", "entity_id": "{416dd0c5-e12a-677f-0905-000000001400}", "executable": "C:\\Windows\\System32\\SearchFilterHost.exe", "hash": {"md5": "682d7618341e297914ba89d46c3db469", "sha1": "e5c14547d36fa7e6ce079b9cce6cf662baa35b1f", "sha256": "33051d12c4dc42c6b5dadf8016bad36570ef9029f7d5d654eafb0f1c3db616c3"}, "name": "SearchFilterHost.exe", "parent": {"args": ["C:\\Windows\\system32\\SearchIndexer.exe", "/Embedding"], "command_line": "C:\\Windows\\system32\\SearchIndexer.exe /Embedding", "entity_id": "{416dd0c5-837b-677f-7000-000000001400}", "executable": "C:\\Windows\\System32\\SearchIndexer.exe", "name": "SearchIndexer.exe", "pid": 5436}, "pe": {"imphash": "25975932fe65b44ea2dd939dc008d453"}, "pid": 6784, "working_directory": "C:\\Windows\\system32\\"}, "related": {"hash": ["e5c14547d36fa7e6ce079b9cce6cf662baa35b1f", "682d7618341e297914ba89d46c3db469", "33051d12c4dc42c6b5dadf8016bad36570ef9029f7d5d654eafb0f1c3db616c3", "25975932fe65b44ea2dd939dc008d453"], "user": "SYSTEM"}, "user": {"domain": "NT AUTHORITY", "name": "SYSTEM"}, "winlog": {"api": "wineventlog", "channel": "Microsoft-Windows-Sysmon/Operational", "computer_name": "CLIENT12.breach.local", "event_data": {"Company": "Microsoft Corporation", "Description": "Microsoft Windows Search Filter Host", "FileVersion": "7.0.19041.844 (WinBuild.160101.0800)", "IntegrityLevel": "Medium", "LogonGuid": "{416dd0c5-8369-677f-e703-000000000000}", "LogonId": "0x3e7", "OriginalFileName": "SearchFilterHost.exe", "ParentUser": "NT AUTHORITY\\SYSTEM", "Product": "Windows\u00ae Search", "RuleName": "-", "TerminalSessionId": "0"}, "event_id": 1, "opcode": "Info", "process": {"pid": 2844, "thread": {"id": 3160}}, "provider_guid": "{5770385f-c22a-43e0-bf4c-06f5698ffbd9}", "provider_name": "Microsoft-Windows-Sysmon", "record_id": 3901881, "task": "Process Create (rule: ProcessCreate)", "user": {"domain": "NT AUTHORITY", "identifier": "S-1-5-18", "name": "SYSTEM", "type": "User"}, "version": 5}}
{"@timestamp": "2025-01-09T14:46:07.593Z", "agent": {"ephemeral_id": "90351131-305f-4d48-851e-c60337a1d409", "hostname": "CLIENT12", "id": "c35095e9-5f9f-4084-a651-3aaa2966847a", "name": "CLIENT12", "type": "winlogbeat", "version": "7.10.2"}, "ecs": {"version": "1.5.0"}, "event": {"action": "Process Create (rule: ProcessCreate)", "category": ["process"], "code": 1, "created": "2025-01-09T14:46:08.787Z", "kind": "event", "module": "sysmon", "provider": "Microsoft-Windows-Sysmon", "type": ["start", "process_start"]}, "hash": {"imphash": "d2466cd4c38ecef8aab0ee78b79fc8b8", "md5": "118729dd62b9422d21afe5cebd564f8a", "sha1": "0638fc81ac1545d9a324460de4ca6ae234c2a005", "sha256": "b76ce2bba63bd2949fa6e36fba963379b9d682f7642cd3782d9818fcd30a3e00"}, "host": {"name": "CLIENT12.breach.local"}, "log": {"level": "information"}, "process": {"args": ["gpupdate.exe", "/target:computer"], "command_line": "gpupdate.exe /target:computer", "entity_id": "{416dd0c5-e12f-677f-0a05-000000001400}", "executable": "C:\\Windows\\System32\\gpupdate.exe", "hash": {"md5": "118729dd62b9422d21afe5cebd564f8a", "sha1": "0638fc81ac1545d9a324460de4ca6ae234c2a005", "sha256": "b76ce2bba63bd2949fa6e36fba963379b9d682f7642cd3782d9818fcd30a3e00"}, "name": "gpupdate.exe", "parent": {"args": ["C:\\Windows\\system32\\svchost.exe", "-k", "netsvcs", "-p", "-s", "Schedule"], "command_line": "C:\\Windows\\system32\\svchost.exe -k netsvcs -p -s Schedule", "entity_id": "{416dd0c5-836a-677f-1c00-000000001400}", "executable": "C:\\Windows\\System32\\svchost.exe", "name": "svchost.exe", "pid": 1168}, "pe": {"imphash": "d2466cd4c38ecef8aab0ee78b79fc8b8"}, "pid": 12140, "working_directory": "C:\\Windows\\system32\\"}, "related": {"hash": ["0638fc81ac1545d9a324460de4ca6ae234c2a005", "118729dd62b9422d21afe5cebd564f8a", "b76ce2bba63bd2949fa6e36fba963379b9d682f7642cd3782d9818fcd30a3e00", "d2466cd4c38ecef8aab0ee78b79fc8b8"], "user": "NETWORK SERVICE"}, "user": {"domain": "NT AUTHORITY", "name": "NETWORK SERVICE"}, "winlog": {"api": "wineventlog", "channel": "Microsoft-Windows-Sysmon/Operational", "computer_name": "CLIENT12.breach.local", "event_data": {"Company": "Microsoft Corporation", "Description": "Microsoft\u00ae Group Policy Update Utility", "FileVersion": "10.0.19041.572 (WinBuild.160101.0800)", "IntegrityLevel": "System", "LogonGuid": "{416dd0c5-836a-677f-e403-000000000000}", "LogonId": "0x3e4", "OriginalFileName": "GPUpdate.exe", "ParentUser": "NT AUTHORITY\\SYSTEM", "Product": "Microsoft\u00ae Windows\u00ae Operating System", "RuleName": "-", "TerminalSessionId": "0"}, "event_id": 1, "opcode": "Info", "process": {"pid": 2844, "thread": {"id": 3160}}, "provider_guid": "{5770385f-c22a-43e0-bf4c-06f5698ffbd9}", "provider_name": "Microsoft-Windows-Sysmon", "record_id": 3901929, "task": "Process Create (rule: ProcessCreate)", "user": {"domain": "NT AUTHORITY", "identifier": "S-1-5-18", "name": "SYSTEM", "type": "User"}, "version": 5}}
{"@timestamp": "2025-01-09T14:46:07.617Z", "agent": {"ephemeral_id": "90351131-305f-4d48-851e-c60337a1d409", "hostname": "CLIENT12", "id": "c35095e9-5f9f-4084-a651-3aaa2966847a", "name": "CLIENT12", "type": "winlogbeat", "version": "7.10.2"}, "ecs": {"version": "1.5.0"}, "event": {"action": "Process Create (rule: ProcessCreate)", "category": ["process"], "code": 1, "created": "2025-01-09T14:46:08.788Z", "kind": "event", "module": "sysmon", "provider": "Microsoft-Windows-Sysmon", "type": ["start", "process_start"]}, "hash": {"imphash": "affe8c3be3bbe4f0ac2ef124256f372d", "md5": "ce1a079265e7a92863baad92de538d72", "sha1": "9d48d4b78cbbfb22c9ee9070f713b35cd2a6a6eb", "sha256": "16c7a815a4a313d2c79816b3839376cc4d732dc0b136ee246ac77ffed543a3c4"}, "host": {"name": "CLIENT12.breach.local"}, "log": {"level": "information"}, "process": {"args": ["\\??\\C:\\Windows\\system32\\conhost.exe", "0xffffffff", "-ForceV1"], "command_line": "\\??\\C:\\Windows\\system32\\conhost.exe 0xffffffff -ForceV1", "entity_id": "{416dd0c5-e12f-677f-0b05-000000001400}", "executable": "C:\\Windows\\System32\\conhost.exe", "hash": {"md5": "ce1a079265e7a92863baad92de538d72", "sha1": "9d48d4b78cbbfb22c9ee9070f713b35cd2a6a6eb", "sha256": "16c7a815a4a313d2c79816b3839376cc4d732dc0b136ee246ac77ffed543a3c4"}, "name": "conhost.exe", "parent": {"args": ["gpupdate.exe", "/target:computer"], "command_line": "gpupdate.exe /target:computer", "entity_id": "{416dd0c5-e12f-677f-0a05-000000001400}", "executable": "C:\\Windows\\System32\\gpupdate.exe", "name": "gpupdate.exe", "pid": 12140}, "pe": {"imphash": "affe8c3be3bbe4f0ac2ef124256f372d"}, "pid": 9660, "working_directory": "C:\\Windows"}, "related": {"hash": ["9d48d4b78cbbfb22c9ee9070f713b35cd2a6a6eb", "ce1a079265e7a92863baad92de538d72", "16c7a815a4a313d2c79816b3839376cc4d732dc0b136ee246ac77ffed543a3c4", "affe8c3be3bbe4f0ac2ef124256f372d"], "user": "NETWORK SERVICE"}, "user": {"domain": "NT AUTHORITY", "name": "NETWORK SERVICE"}, "winlog": {"api": "wineventlog", "channel": "Microsoft-Windows-Sysmon/Operational", "computer_name": "CLIENT12.breach.local", "event_data": {"Company": "Microsoft Corporation", "Description": "Console Window Host", "FileVersion": "10.0.19041.746 (WinBuild.160101.0800)", "IntegrityLevel": "System", "LogonGuid": "{416dd0c5-836a-677f-e403-000000000000}", "LogonId": "0x3e4", "OriginalFileName": "CONHOST.EXE", "ParentUser": "NT AUTHORITY\\NETWORK SERVICE", "Product": "Microsoft\u00ae Windows\u00ae Operating System", "RuleName": "-", "TerminalSessionId": "0"}, "event_id": 1, "opcode": "Info", "process": {"pid": 2844, "thread": {"id": 3160}}, "provider_guid": "{5770385f-c22a-43e0-bf4c-06f5698ffbd9}", "provider_name": "Microsoft-Windows-Sysmon", "record_id": 3901937, "task": "Process Create (rule: ProcessCreate)", "user": {"domain": "NT AUTHORITY", "identifier": "S-1-5-18", "name": "SYSTEM", "type": "User"}, "version": 5}}
{"@timestamp": "2025-01-09T14:46:08.338Z", "agent": {"ephemeral_id": "90351131-305f-4d48-851e-c60337a1d409", "hostname": "CLIENT12", "id": "c35095e9-5f9f-4084-a651-3aaa2966847a", "name": "CLIENT12", "type": "winlogbeat", "version": "7.10.2"}, "ecs": {"version": "1.5.0"}, "event": {"action": "Special Logon", "code": 4672, "created": "2025-01-09T14:46:09.914Z", "kind": "event", "outcome": "success", "provider": "Microsoft-Windows-Security-Auditing"}, "host": {"name": "CLIENT12.breach.local"}, "log": {"level": "information"}, "winlog": {"activity_id": "{4ec21f0d-626d-0000-871f-c24e6d62db01}", "api": "wineventlog", "channel": "Security", "computer_name": "CLIENT12.breach.local", "event_data": {"PrivilegeList": "SeSecurityPrivilege\n\t\t\tSeBackupPrivilege\n\t\t\tSeRestorePrivilege\n\t\t\tSeTakeOwnershipPrivilege\n\t\t\tSeDebugPrivilege\n\t\t\tSeSystemEnvironmentPrivilege\n\t\t\tSeLoadDriverPrivilege\n\t\t\tSeImpersonatePrivilege\n\t\t\tSeDelegateSessionUserImpersonatePrivilege", "SubjectDomainName": "BREACH", "SubjectLogonId": "0xd78879", "SubjectUserName": "CLIENT12$", "SubjectUserSid": "S-1-5-18"}, "event_id": 4672, "keywords": ["Audit Success"], "opcode": "Info", "process": {"pid": 640, "thread": {"id": 672}}, "provider_guid": "{54849625-5478-4994-a5ba-3e3b0328c30d}", "provider_name": "Microsoft-Windows-Security-Auditing", "record_id": 30250, "task": "Special Logon"}}
{"@timestamp": "2025-01-09T14:46:08.339Z", "agent": {"ephemeral_id": "90351131-305f-4d48-851e-c60337a1d409", "hostname": "CLIENT12", "id": "c35095e9-5f9f-4084-a651-3aaa2966847a", "name": "CLIENT12", "type": "winlogbeat", "version": "7.10.2"}, "ecs": {"version": "1.5.0"}, "event": {"action": "Logon", "code": 4624, "created": "2025-01-09T14:46:09.914Z", "kind": "event", "outcome": "success", "provider": "Microsoft-Windows-Security-Auditing"}, "host": {"name": "CLIENT12.breach.local"}, "log": {"level": "information"}, "winlog": {"activity_id": "{4ec21f0d-626d-0000-871f-c24e6d62db01}", "api": "wineventlog", "channel": "Security", "computer_name": "CLIENT12.breach.local", "event_data": {"AuthenticationPackageName": "Kerberos", "ElevatedToken": "%%1842", "ImpersonationLevel": "%%1833", "IpAddress": "::1", "IpPort": "0", "KeyLength": "0", "LmPackageName": "-", "LogonGuid": "{7318baf4-511b-cf3c-3b79-755a2ecb186a}", "LogonProcessName": "Kerberos", "LogonType": "3", "ProcessId": "0x0", "ProcessName": "-", "RestrictedAdminMode": "-", "SubjectDomainName": "-", "SubjectLogonId": "0x0", "SubjectUserName": "-", "SubjectUserSid": "S-1-0-0", "TargetDomainName": "BREACH.LOCAL", "TargetLinkedLogonId": "0x0", "TargetLogonId": "0xd78879", "TargetOutboundDomainName": "-", "TargetOutboundUserName": "-", "TargetUserName": "CLIENT12$", "TargetUserSid": "S-1-5-18", "TransmittedServices": "-", "VirtualAccount": "%%1843", "WorkstationName": "CLIENT12        "}, "event_id": 4624, "keywords": ["Audit Success"], "opcode": "Info", "process": {"pid": 640, "thread": {"id": 672}}, "provider_guid": "{54849625-5478-4994-a5ba-3e3b0328c30d}", "provider_name": "Microsoft-Windows-Security-Auditing", "record_id": 30251, "task": "Logon", "version": 2}}
