{"@timestamp": "2024-12-25T08:03:10.738Z", "agent": {"ephemeral_id": "4d435ba8-31a0-41c4-8175-5ef02120cf03", "hostname": "CLIENT9", "id": "c35095e9-5f9f-4084-a651-3aaa2966847a", "name": "CLIENT9", "type": "winlogbeat", "version": "7.10.2"}, "ecs": {"version": "1.5.0"}, "event": {"action": "Process Create (rule: ProcessCreate)", "category": ["process"], "code": 1, "created": "2024-12-25T08:05:04.017Z", "kind": "event", "module": "sysmon", "provider": "Microsoft-Windows-Sysmon", "type": ["start", "process_start"]}, "hash": {"imphash": "f9bbd96fae53b7a31264a703cafa0666", "md5": "f586835082f632dc8d9404d83bc16316", "sha1": "010db07461e45b41c886192df6fd425ba8d42d82", "sha256": "643ec58e82e0272c97c2a59f6020970d881af19c0ad5029db9c958c13b6558c7"}, "host": {"name": "CLIENT9.breach.local"}, "log": {"level": "information"}, "process": {"args": ["C:\\Windows\\system32\\svchost.exe", "-k", "netsvcs", "-p", "-s", "wuauserv"], "command_line": "C:\\Windows\\system32\\svchost.exe -k netsvcs -p -s wuauserv", "entity_id": "{416dd0c5-bc3e-676b-7300-000000000900}", "executable": "C:\\Windows\\System32\\svchost.exe", "hash": {"md5": "f586835082f632dc8d9404d83bc16316", "sha1": "010db07461e45b41c886192df6fd425ba8d42d82", "sha256": "643ec58e82e0272c97c2a59f6020970d881af19c0ad5029db9c958c13b6558c7"}, "name": "svchost.exe", "parent": {"args": ["C:\\Windows\\system32\\services.exe"], "command_line": "C:\\Windows\\system32\\services.exe", "entity_id": "{416dd0c5-bc2b-676b-0b00-000000000900}", "executable": "C:\\Windows\\System32\\services.exe", "name": "services.exe", "pid": 600}, "pe": {"imphash": "f9bbd96fae53b7a31264a703cafa0666"}, "pid": 5812, "working_directory": "C:\\Windows\\system32\\"}, "related": {"hash": ["010db07461e45b41c886192df6fd425ba8d42d82", "f586835082f632dc8d9404d83bc16316", "643ec58e82e0272c97c2a59f6020970d881af19c0ad5029db9c958c13b6558c7", "f9bbd96fae53b7a31264a703cafa0666"], "user": "SYSTEM"}, "user": {"domain": "NT AUTHORITY", "name": "SYSTEM"}, "winlog": {"api": "wineventlog", "channel": "Microsoft-Windows-Sysmon/Operational", "computer_name": "CLIENT9.breach.local", "event_data": {"Company": "Microsoft Corporation", "Description": "Host Process for Windows Services", "FileVersion": "10.0.19041.546 (WinBuild.160101.0800)", "IntegrityLevel": "System", "LogonGuid": "{416dd0c5-bc2b-676b-e703-000000000000}", "LogonId": "0x3e7", "OriginalFileName": "svchost.exe", "ParentUser": "NT AUTHORITY\\SYSTEM", "Product": "Microsoft\u00ae Windows\u00ae Operating System", "RuleName": "-", "TerminalSessionId": "0"}, "event_id": 1, "opcode": "Info", "process": {"pid": 2824, "thread": {"id": 3260}}, "provider_guid": "{5770385f-c22a-43e0-bf4c-06f5698ffbd9}", "provider_name": "Microsoft-Windows-Sysmon", "record_id": 704106, "task": "Process Create (rule: ProcessCreate)", "user": {"domain": "NT AUTHORITY", "identifier": "S-1-5-18", "name": "SYSTEM", "type": "User"}, "version": 5}}
{"@timestamp": "2024-12-25T08:03:10.919Z", "agent": {"ephemeral_id": "4d435ba8-31a0-41c4-8175-5ef02120cf03", "hostname": "CLIENT9", "id": "c35095e9-5f9f-4084-a651-3aaa2966847a", "name": "CLIENT9", "type": "winlogbeat", "version": "7.10.2"}, "ecs": {"version": "1.5.0"}, "event": {"action": "Process Create (rule: ProcessCreate)", "category": ["process"], "code": 1, "created": "2024-12-25T08:05:04.127Z", "kind": "event", "module": "sysmon", "provider": "Microsoft-Windows-Sysmon", "type": ["start", "process_start"]}, "hash": {"imphash": "b71cb3ac5c352bec857c940cbc95f0f3", "md5": "60ff40cfd7fb8fe41ee4fe9ae5fe1c51", "sha1": "3ea7cc066317ac45f963c2227c4c7c50aa16eb7c", "sha256": "2198a7b58bccb758036b969ddae6cc2ece07565e2659a7c541a313a0492231a3"}, "host": {"name": "CLIENT9.breach.local"}, "log": {"level": "information"}, "process": {"args": ["C:\\Windows\\system32\\wbem\\wmiprvse.exe", "-secured", "-Embedding"], "command_line": "C:\\Windows\\system32\\wbem\\wmiprvse.exe -secured -Embedding", "entity_id": "{416dd0c5-bc3e-676b-7400-000000000900}", "executable": "C:\\Windows\\System32\\wbem\\WmiPrvSE.exe", "hash": {"md5": "60ff40cfd7fb8fe41ee4fe9ae5fe1c51", "sha1": "3ea7cc066317ac45f963c2227c4c7c50aa16eb7c", "sha256": "2198a7b58bccb758036b969ddae6cc2ece07565e2659a7c541a313a0492231a3"}, "name": "WmiPrvSE.exe", "parent": {"args": ["C:\\Windows\\system32\\svchost.exe", "-k", "DcomLaunch", "-p"], "command_line": "C:\\Windows\\system32\\svchost.exe -k DcomLaunch -p", "entity_id": "{416dd0c5-bc2b-676b-0f00-000000000900}", "executable": "C:\\Windows\\System32\\svchost.exe", "name": "svchost.exe", "pid": 752}, "pe": {"imphash": "b71cb3ac5c352bec857c940cbc95f0f3"}, "pid": 5864, "working_directory": "C:\\Windows\\system32\\"}, "related": {"hash": ["3ea7cc066317ac45f963c2227c4c7c50aa16eb7c", "60ff40cfd7fb8fe41ee4fe9ae5fe1c51", "2198a7b58bccb758036b969ddae6cc2ece07565e2659a7c541a313a0492231a3", "b71cb3ac5c352bec857c940cbc95f0f3"], "user": "NETWORK SERVICE"}, "user": {"domain": "NT AUTHORITY", "name": "NETWORK SERVICE"}, "winlog": {"api": "wineventlog", "channel": "Microsoft-Windows-Sysmon/Operational", "computer_name": "CLIENT9.breach.local", "event_data": {"Company": "Microsoft Corporation", "Description": "WMI Provider Host", "FileVersion": "10.0.19041.546 (WinBuild.160101.0800)", "IntegrityLevel": "System", "LogonGuid": "{416dd0c5-bc2c-676b-e403-000000000000}", "LogonId": "0x3e4", "OriginalFileName": "Wmiprvse.exe", "ParentUser": "NT AUTHORITY\\SYSTEM", "Product": "Microsoft\u00ae Windows\u00ae Operating System", "RuleName": "-", "TerminalSessionId": "0"}, "event_id": 1, "opcode": "Info", "process": {"pid": 2824, "thread": {"id": 3260}}, "provider_guid": "{5770385f-c22a-43e0-bf4c-06f5698ffbd9}", "provider_name": "Microsoft-Windows-Sysmon", "record_id": 704167, "task": "Process Create (rule: ProcessCreate)", "user": {"domain": "NT AUTHORITY", "identifier": "S-1-5-18", "name": "SYSTEM", "type": "User"}, "version": 5}}
{"@timestamp": "2024-12-25T08:03:11.815Z", "agent": {"ephemeral_id": "4d435ba8-31a0-41c4-8175-5ef02120cf03", "hostname": "CLIENT9", "id": "c35095e9-5f9f-4084-a651-3aaa2966847a", "name": "CLIENT9", "type": "winlogbeat", "version": "7.10.2"}, "ecs": {"version": "1.5.0"}, "event": {"action": "Process Create (rule: ProcessCreate)", "category": ["process"], "code": 1, "created": "2024-12-25T08:05:04.466Z", "kind": "event", "module": "sysmon", "provider": "Microsoft-Windows-Sysmon", "type": ["start", "process_start"]}, "hash": {"imphash": "f2014f5555eefec494a169deeba0fee5", "md5": "eb725ea35a13dc18eac46aa81e7f2841", "sha1": "c0b3304c970324952e18c4a51073e3bdec73440b", "sha256": "25e7624d469a592934ab8c509d12c153c2799e604c2a4b8a83650a7268577dff"}, "host": {"name": "CLIENT9.breach.local"}, "log": {"level": "information"}, "process": {"args": ["C:\\Windows\\System32\\SLUI.exe", "RuleId=3482d82e-ca2c-4e1f-8864-da0267b484b2;Action=AutoActivate;AppId=55c92734-d682-4d71-983e-d6ec3f16059f;SkuId=4de7cb65-cdf1-4de9-8ae8-e3cce27b9f2c;NotificationInterval=1440;Trigger=NetworkAvailable"], "command_line": "\"C:\\Windows\\System32\\SLUI.exe\" RuleId=3482d82e-ca2c-4e1f-8864-da0267b484b2;Action=AutoActivate;AppId=55c92734-d682-4d71-983e-d6ec3f16059f;SkuId=4de7cb65-cdf1-4de9-8ae8-e3cce27b9f2c;NotificationInterval=1440;Trigger=NetworkAvailable", "entity_id": "{416dd0c5-bc3f-676b-7500-000000000900}", "executable": "C:\\Windows\\System32\\slui.exe", "hash": {"md5": "eb725ea35a13dc18eac46aa81e7f2841", "sha1": "c0b3304c970324952e18c4a51073e3bdec73440b", "sha256": "25e7624d469a592934ab8c509d12c153c2799e604c2a4b8a83650a7268577dff"}, "name": "slui.exe", "parent": {"args": ["C:\\Windows\\system32\\SppExtComObj.exe", "-Embedding"], "command_line": "C:\\Windows\\system32\\SppExtComObj.exe -Embedding", "entity_id": "{416dd0c5-bc3a-676b-6700-000000000900}", "executable": "C:\\Windows\\System32\\SppExtComObj.Exe", "name": "SppExtComObj.Exe", "pid": 4992}, "pe": {"imphash": "f2014f5555eefec494a169deeba0fee5"}, "pid": 6024, "working_directory": "C:\\Windows\\system32\\"}, "related": {"hash": ["c0b3304c970324952e18c4a51073e3bdec73440b", "eb725ea35a13dc18eac46aa81e7f2841", "25e7624d469a592934ab8c509d12c153c2799e604c2a4b8a83650a7268577dff", "f2014f5555eefec494a169deeba0fee5"], "user": "NETWORK SERVICE"}, "user": {"domain": "NT AUTHORITY", "name": "NETWORK SERVICE"}, "winlog": {"api": "wineventlog", "channel": "Microsoft-Windows-Sysmon/Operational", "computer_name": "CLIENT9.breach.local", "event_data": {"Company": "Microsoft Corporation", "Description": "Windows Activation Client", "FileVersion": "10.0.19041.488 (WinBuild.160101.0800)", "IntegrityLevel": "System", "LogonGuid": "{416dd0c5-bc2c-676b-e403-000000000000}", "LogonId": "0x3e4", "OriginalFileName": "slui.exe", "ParentUser": "NT AUTHORITY\\NETWORK SERVICE", "Product": "Microsoft\u00ae Windows\u00ae Operating System", "RuleName": "-", "TerminalSessionId": "0"}, "event_id": 1, "opcode": "Info", "process": {"pid": 2824, "thread": {"id": 3260}}, "provider_guid": "{5770385f-c22a-43e0-bf4c-06f5698ffbd9}", "provider_name": "Microsoft-Windows-Sysmon", "record_id": 704471, "task": "Process Create (rule: ProcessCreate)", "user": {"domain": "NT AUTHORITY", "identifier": "S-1-5-18", "name": "SYSTEM", "type": "User"}, "version": 5}}
{"@timestamp": "2024-12-25T08:03:12.033Z", "agent": {"ephemeral_id": "4d435ba8-31a0-41c4-8175-5ef02120cf03", "hostname": "CLIENT9", "id": "c35095e9-5f9f-4084-a651-3aaa2966847a", "name": "CLIENT9", "type": "winlogbeat", "version": "7.10.2"}, "ecs": {"version": "1.5.0"}, "event": {"action": "Logon", "code": 4648, "created": "2024-12-25T08:04:57.096Z", "kind": "event", "outcome": "success", "provider": "Microsoft-Windows-Security-Auditing"}, "host": {"name": "CLIENT9.breach.local"}, "log": {"level": "information"}, "winlog": {"activity_id": "{62700555-56a3-0001-c105-7062a356db01}", "api": "wineventlog", "channel": "Security", "computer_name": "CLIENT9.breach.local", "event_data": {"IpAddress": "-", "IpPort": "-", "LogonGuid": "{00000000-0000-0000-0000-000000000000}", "ProcessId": "0x700", "ProcessName": "C:\\Windows\\System32\\taskhostw.exe", "SubjectDomainName": "BREACH", "SubjectLogonId": "0x3e7", "SubjectUserName": "CLIENT9$", "SubjectUserSid": "S-1-5-18", "TargetDomainName": "BREACH.LOCAL", "TargetInfo": "client9$", "TargetLogonGuid": "{4b1d4334-9d99-c1e4-a44e-cac31451468c}", "TargetServerName": "client9$", "TargetUserName": "CLIENT9$"}, "event_id": 4648, "keywords": ["Audit Success"], "opcode": "Info", "process": {"pid": 632, "thread": {"id": 2684}}, "provider_guid": "{54849625-5478-4994-a5ba-3e3b0328c30d}", "provider_name": "Microsoft-Windows-Security-Auditing", "record_id": 21150, "task": "Logon"}}
{"@timestamp": "2024-12-25T08:03:12.034Z", "agent": {"ephemeral_id": "4d435ba8-31a0-41c4-8175-5ef02120cf03", "hostname": "CLIENT9", "id": "c35095e9-5f9f-4084-a651-3aaa2966847a", "name": "CLIENT9", "type": "winlogbeat", "version": "7.10.2"}, "ecs": {"version": "1.5.0"}, "event": {"action": "Logon", "code": 4624, "created": "2024-12-25T08:04:57.096Z", "kind": "event", "outcome": "success", "provider": "Microsoft-Windows-Security-Auditing"}, "host": {"name": "CLIENT9.breach.local"}, "log": {"level": "information"}, "winlog": {"activity_id": "{62700555-56a3-0001-c105-7062a356db01}", "api": "wineventlog", "channel": "Security", "computer_name": "CLIENT9.breach.local", "event_data": {"AuthenticationPackageName": "Kerberos", "ElevatedToken": "%%1842", "ImpersonationLevel": "%%1833", "IpAddress": "-", "IpPort": "-", "KeyLength": "0", "LmPackageName": "-", "LogonGuid": "{4b1d4334-9d99-c1e4-a44e-cac31451468c}", "LogonProcessName": "Kerberos", "LogonType": "3", "ProcessId": "0x0", "ProcessName": "-", "RestrictedAdminMode": "-", "SubjectDomainName": "-", "SubjectLogonId": "0x0", "SubjectUserName": "-", "SubjectUserSid": "S-1-0-0", "TargetDomainName": "BREACH.LOCAL", "TargetLinkedLogonId": "0x0", "TargetLogonId": "0xcbb0e", "TargetOutboundDomainName": "-", "TargetOutboundUserName": "-", "TargetUserName": "CLIENT9$", "TargetUserSid": "S-1-5-18", "TransmittedServices": "-", "VirtualAccount": "%%1843", "WorkstationName": "CLIENT9         "}, "event_id": 4624, "keywords": ["Audit Success"], "opcode": "Info", "process": {"pid": 632, "thread": {"id": 2684}}, "provider_guid": "{54849625-5478-4994-a5ba-3e3b0328c30d}", "provider_name": "Microsoft-Windows-Security-Auditing", "record_id": 21152, "task": "Logon", "version": 2}}
{"@timestamp": "2024-12-25T08:03:12.034Z", "agent": {"ephemeral_id": "4d435ba8-31a0-41c4-8175-5ef02120cf03", "hostname": "CLIENT9", "id": "c35095e9-5f9f-4084-a651-3aaa2966847a", "name": "CLIENT9", "type": "winlogbeat", "version": "7.10.2"}, "ecs": {"version": "1.5.0"}, "event": {"action": "Special Logon", "code": 4672, "created": "2024-12-25T08:04:57.096Z", "kind": "event", "outcome": "success", "provider": "Microsoft-Windows-Security-Auditing"}, "host": {"name": "CLIENT9.breach.local"}, "log": {"level": "information"}, "winlog": {"activity_id": "{62700555-56a3-0001-c105-7062a356db01}", "api": "wineventlog", "channel": "Security", "computer_name": "CLIENT9.breach.local", "event_data": {"PrivilegeList": "SeSecurityPrivilege\n\t\t\tSeBackupPrivilege\n\t\t\tSeRestorePrivilege\n\t\t\tSeTakeOwnershipPrivilege\n\t\t\tSeDebugPrivilege\n\t\t\tSeSystemEnvironmentPrivilege\n\t\t\tSeLoadDriverPrivilege\n\t\t\tSeImpersonatePrivilege\n\t\t\tSeDelegateSessionUserImpersonatePrivilege", "SubjectDomainName": "BREACH", "SubjectLogonId": "0xcbb0e", "SubjectUserName": "CLIENT9$", "SubjectUserSid": "S-1-5-18"}, "event_id": 4672, "keywords": ["Audit Success"], "opcode": "Info", "process": {"pid": 632, "thread": {"id": 2684}}, "provider_guid": "{54849625-5478-4994-a5ba-3e3b0328c30d}", "provider_name": "Microsoft-Windows-Security-Auditing", "record_id": 21151, "task": "Special Logon"}}
{"@timestamp": "2024-12-25T08:03:12.035Z", "agent": {"ephemeral_id": "4d435ba8-31a0-41c4-8175-5ef02120cf03", "hostname": "CLIENT9", "id": "c35095e9-5f9f-4084-a651-3aaa2966847a", "name": "CLIENT9", "type": "winlogbeat", "version": "7.10.2"}, "ecs": {"version": "1.5.0"}, "event": {"action": "Logoff", "code": 4634, "created": "2024-12-25T08:04:57.096Z", "kind": "event", "outcome": "success", "provider": "Microsoft-Windows-Security-Auditing"}, "host": {"name": "CLIENT9.breach.local"}, "log": {"level": "information"}, "winlog": {"api": "wineventlog", "channel": "Security", "computer_name": "CLIENT9.breach.local", "event_data": {"LogonType": "3", "TargetDomainName": "BREACH", "TargetLogonId": "0xcbb0e", "TargetUserName": "CLIENT9$", "TargetUserSid": "S-1-5-18"}, "event_id": 4634, "keywords": ["Audit Success"], "opcode": "Info", "process": {"pid": 632, "thread": {"id": 2684}}, "provider_guid": "{54849625-5478-4994-a5ba-3e3b0328c30d}", "provider_name": "Microsoft-Windows-Security-Auditing", "record_id": 21153, "task": "Logoff"}}
{"@timestamp": "2024-12-25T08:03:12.328Z", "agent": {"ephemeral_id": "4d435ba8-31a0-41c4-8175-5ef02120cf03", "hostname": "CLIENT9", "id": "c35095e9-5f9f-4084-a651-3aaa2966847a", "name": "CLIENT9", "type": "winlogbeat", "version": "7.10.2"}, "ecs": {"version": "1.5.0"}, "event": {"action": "Process Create (rule: ProcessCreate)", "category": ["process"], "code": 1, "created": "2024-12-25T08:05:04.610Z", "kind": "event", "module": "sysmon", "provider": "Microsoft-Windows-Sysmon", "type": ["start", "process_start"]}, "hash": {"imphash": "f2014f5555eefec494a169deeba0fee5", "md5": "eb725ea35a13dc18eac46aa81e7f2841", "sha1": "c0b3304c970324952e18c4a51073e3bdec73440b", "sha256": "25e7624d469a592934ab8c509d12c153c2799e604c2a4b8a83650a7268577dff"}, "host": {"name": "CLIENT9.breach.local"}, "log": {"level": "information"}, "process": {"args": ["C:\\Windows\\System32\\slui.exe", "-Embedding"], "command_line": "C:\\Windows\\System32\\slui.exe -Embedding", "entity_id": "{416dd0c5-bc40-676b-7600-000000000900}", "executable": "C:\\Windows\\System32\\slui.exe", "hash": {"md5": "eb725ea35a13dc18eac46aa81e7f2841", "sha1": "c0b3304c970324952e18c4a51073e3bdec73440b", "sha256": "25e7624d469a592934ab8c509d12c153c2799e604c2a4b8a83650a7268577dff"}, "name": "slui.exe", "parent": {"args": ["C:\\Windows\\system32\\svchost.exe", "-k", "DcomLaunch", "-p"], "command_line": "C:\\Windows\\system32\\svchost.exe -k DcomLaunch -p", "entity_id": "{416dd0c5-bc2b-676b-0f00-000000000900}", "executable": "C:\\Windows\\System32\\svchost.exe", "name": "svchost.exe", "pid": 752}, "pe": {"imphash": "f2014f5555eefec494a169deeba0fee5"}, "pid": 6112, "working_directory": "C:\\Windows\\system32\\"}, "related": {"hash": ["c0b3304c970324952e18c4a51073e3bdec73440b", "eb725ea35a13dc18eac46aa81e7f2841", "25e7624d469a592934ab8c509d12c153c2799e604c2a4b8a83650a7268577dff", "f2014f5555eefec494a169deeba0fee5"], "user": "client9"}, "user": {"domain": "BREACH", "name": "client9"}, "winlog": {"api": "wineventlog", "channel": "Microsoft-Windows-Sysmon/Operational", "computer_name": "CLIENT9.breach.local", "event_data": {"Company": "Microsoft Corporation", "Description": "Windows Activation Client", "FileVersion": "10.0.19041.488 (WinBuild.160101.0800)", "IntegrityLevel": "Medium", "LogonGuid": "{416dd0c5-bc33-676b-93b3-040000000000}", "LogonId": "0x4b393", "OriginalFileName": "slui.exe", "ParentUser": "NT AUTHORITY\\SYSTEM", "Product": "Microsoft\u00ae Windows\u00ae Operating System", "RuleName": "-", "TerminalSessionId": "1"}, "event_id": 1, "opcode": "Info", "process": {"pid": 2824, "thread": {"id": 3260}}, "provider_guid": "{5770385f-c22a-43e0-bf4c-06f5698ffbd9}", "provider_name": "Microsoft-Windows-Sysmon", "record_id": 704619, "task": "Process Create (rule: ProcessCreate)", "user": {"domain": "NT AUTHORITY", "identifier": "S-1-5-18", "name": "SYSTEM", "type": "User"}, "version": 5}}
{"@timestamp": "2024-12-25T08:03:12.524Z", "agent": {"ephemeral_id": "4d435ba8-31a0-41c4-8175-5ef02120cf03", "hostname": "CLIENT9", "id": "c35095e9-5f9f-4084-a651-3aaa2966847a", "name": "CLIENT9", "type": "winlogbeat", "version": "7.10.2"}, "ecs": {"version": "1.5.0"}, "event": {"action": "Process Create (rule: ProcessCreate)", "category": ["process"], "code": 1, "created": "2024-12-25T08:05:04.721Z", "kind": "event", "module": "sysmon", "provider": "Microsoft-Windows-Sysmon", "type": ["start", "process_start"]}, "hash": {"imphash": "f247d587e13b170d2246bd033539dbfb", "md5": "5990b373978022822c91c1b997b859aa", "sha1": "e65d0219e0e0c7b564d7cc71a11f145a1ee7e358", "sha256": "6e83030a6a3e447acb1d38cc07035c1fd5bd2c9e136a57ce99f3ac1be45a7d3d"}, "host": {"name": "CLIENT9.breach.local"}, "log": {"level": "information"}, "process": {"args": ["C:\\Windows\\System32\\mobsync.exe", "-Embedding"], "command_line": "C:\\Windows\\System32\\mobsync.exe -Embedding", "entity_id": "{416dd0c5-bc40-676b-7700-000000000900}", "executable": "C:\\Windows\\System32\\mobsync.exe", "hash": {"md5": "5990b373978022822c91c1b997b859aa", "sha1": "e65d0219e0e0c7b564d7cc71a11f145a1ee7e358", "sha256": "6e83030a6a3e447acb1d38cc07035c1fd5bd2c9e136a57ce99f3ac1be45a7d3d"}, "name": "mobsync.exe", "parent": {"args": ["C:\\Windows\\system32\\svchost.exe", "-k", "DcomLaunch", "-p"], "command_line": "C:\\Windows\\system32\\svchost.exe -k DcomLaunch -p", "entity_id": "{416dd0c5-bc2b-676b-0f00-000000000900}", "executable": "C:\\Windows\\System32\\svchost.exe", "name": "svchost.exe", "pid": 752}, "pe": {"imphash": "f247d587e13b170d2246bd033539dbfb"}, "pid": 5140, "working_directory": "C:\\Windows\\system32\\"}, "related": {"hash": ["e65d0219e0e0c7b564d7cc71a11f145a1ee7e358", "5990b373978022822c91c1b997b859aa", "6e83030a6a3e447acb1d38cc07035c1fd5bd2c9e136a57ce99f3ac1be45a7d3d", "f247d587e13b170d2246bd033539dbfb"], "user": "client9"}, "user": {"domain": "BREACH", "name": "client9"}, "winlog": {"api": "wineventlog", "channel": "Microsoft-Windows-Sysmon/Operational", "computer_name": "CLIENT9.breach.local", "event_data": {"Company": "Microsoft Corporation", "Description": "Microsoft Sync Center", "FileVersion": "10.0.19041.1 (WinBuild.160101.0800)", "IntegrityLevel": "Medium", "LogonGuid": "{416dd0c5-bc33-676b-93b3-040000000000}", "LogonId": "0x4b393", "OriginalFileName": "mobsync.exe", "ParentUser": "NT AUTHORITY\\SYSTEM", "Product": "Microsoft\u00ae Windows\u00ae Operating System", "RuleName": "-", "TerminalSessionId": "1"}, "event_id": 1, "opcode": "Info", "process": {"pid": 2824, "thread": {"id": 3260}}, "provider_guid": "{5770385f-c22a-43e0-bf4c-06f5698ffbd9}", "provider_name": "Microsoft-Windows-Sysmon", "record_id": 704676, "task": "Process Create (rule: ProcessCreate)", "user": {"domain": "NT AUTHORITY", "identifier": "S-1-5-18", "name": "SYSTEM", "type": "User"}, "version": 5}}
{"@timestamp": "2024-12-25T08:03:14.481Z", "agent": {"ephemeral_id": "4d435ba8-31a0-41c4-8175-5ef02120cf03", "hostname": "CLIENT9", "id": "c35095e9-5f9f-4084-a651-3aaa2966847a", "name": "CLIENT9", "type": "winlogbeat", "version": "7.10.2"}, "ecs": {"version": "1.5.0"}, "event": {"action": "Process Create (rule: ProcessCreate)", "category": ["process"], "code": 1, "created": "2024-12-25T08:05:04.820Z", "kind": "event", "module": "sysmon", "provider": "Microsoft-Windows-Sysmon", "type": ["start", "process_start"]}, "hash": {"imphash": "16ea232736a39f84e9f62be00fdddbb6", "md5": "341b37c6b7be60f86ed039be18146a8c", "sha1": "39b157eae32d30b195a438dd3bf15fce11f99e71", "sha256": "498a3773f65d98b0077bc5c30445e9529c7bb3cc5d216be10b9874d42683e2e8"}, "host": {"name": "CLIENT9.breach.local"}, "log": {"level": "information"}, "process": {"args": ["C:\\Program Files\\WindowsApps\\Microsoft.YourPhone_1.24112.110.0_x64__8wekyb3d8bbwe\\PhoneExperienceHost.exe", "-ComServer:Background", "-Embedding"], "command_line": "\"C:\\Program Files\\WindowsApps\\Microsoft.YourPhone_1.24112.110.0_x64__8wekyb3d8bbwe\\PhoneExperienceHost.exe\" -ComServer:Background -Embedding", "entity_id": "{416dd0c5-bc42-676b-7800-000000000900}", "executable": "C:\\Program Files\\WindowsApps\\Microsoft.YourPhone_1.24112.110.0_x64__8wekyb3d8bbwe\\PhoneExperienceHost.exe", "hash": {"md5": "341b37c6b7be60f86ed039be18146a8c", "sha1": "39b157eae32d30b195a438dd3bf15fce11f99e71", "sha256": "498a3773f65d98b0077bc5c30445e9529c7bb3cc5d216be10b9874d42683e2e8"}, "name": "PhoneExperienceHost.exe", "parent": {"args": ["C:\\Windows\\system32\\svchost.exe", "-k", "DcomLaunch", "-p"], "command_line": "C:\\Windows\\system32\\svchost.exe -k DcomLaunch -p", "entity_id": "{416dd0c5-bc2b-676b-0f00-000000000900}", "executable": "C:\\Windows\\System32\\svchost.exe", "name": "svchost.exe", "pid": 752}, "pe": {"imphash": "16ea232736a39f84e9f62be00fdddbb6"}, "pid": 3084, "working_directory": "C:\\Windows\\system32\\"}, "related": {"hash": ["39b157eae32d30b195a438dd3bf15fce11f99e71", "341b37c6b7be60f86ed039be18146a8c", "498a3773f65d98b0077bc5c30445e9529c7bb3cc5d216be10b9874d42683e2e8", "16ea232736a39f84e9f62be00fdddbb6"], "user": "client9"}, "user": {"domain": "BREACH", "name": "client9"}, "winlog": {"api": "wineventlog", "channel": "Microsoft-Windows-Sysmon/Operational", "computer_name": "CLIENT9.breach.local", "event_data": {"Company": "Microsoft Corporation", "Description": "Microsoft Phone Link", "FileVersion": "1.24112.110.0", "IntegrityLevel": "Medium", "LogonGuid": "{416dd0c5-bc33-676b-93b3-040000000000}", "LogonId": "0x4b393", "OriginalFileName": "PhoneExperienceHost.dll", "ParentUser": "NT AUTHORITY\\SYSTEM", "Product": "Microsoft Phone Link", "RuleName": "-", "TerminalSessionId": "1"}, "event_id": 1, "opcode": "Info", "process": {"pid": 2824, "thread": {"id": 3260}}, "provider_guid": "{5770385f-c22a-43e0-bf4c-06f5698ffbd9}", "provider_name": "Microsoft-Windows-Sysmon", "record_id": 704780, "task": "Process Create (rule: ProcessCreate)", "user": {"domain": "NT AUTHORITY", "identifier": "S-1-5-18", "name": "SYSTEM", "type": "User"}, "version": 5}}
{"@timestamp": "2024-12-25T08:03:19.139Z", "agent": {"ephemeral_id": "4d435ba8-31a0-41c4-8175-5ef02120cf03", "hostname": "CLIENT9", "id": "c35095e9-5f9f-4084-a651-3aaa2966847a", "name": "CLIENT9", "type": "winlogbeat", "version": "7.10.2"}, "ecs": {"version": "1.5.0"}, "event": {"action": "Process Create (rule: ProcessCreate)", "category": ["process"], "code": 1, "created": "2024-12-25T08:05:05.320Z", "kind": "event", "module": "sysmon", "provider": "Microsoft-Windows-Sysmon", "type": ["start", "process_start"]}, "hash": {"imphash": "6dfbf12753af176e3c203c407493a5b9", "md5": "6ba094a754412b5deeb3951085a59dc2", "sha1": "cede0852922b98c824842b8ab132c53dd41ab3d8", "sha256": "f63ebbb6c6893ee5910623bd4b17b6c9180f42225f3e901b725e72f6825cbb6d"}, "host": {"name": "CLIENT9.breach.local"}, "log": {"level": "information"}, "process": {"args": ["C:\\Windows\\System32\\smartscreen.exe", "-Embedding"], "command_line": "C:\\Windows\\System32\\smartscreen.exe -Embedding", "entity_id": "{416dd0c5-bc47-676b-7900-000000000900}", "executable": "C:\\Windows\\System32\\smartscreen.exe", "hash": {"md5": "6ba094a754412b5deeb3951085a59dc2", "sha1": "cede0852922b98c824842b8ab132c53dd41ab3d8", "sha256": "f63ebbb6c6893ee5910623bd4b17b6c9180f42225f3e901b725e72f6825cbb6d"}, "name": "smartscreen.exe", "parent": {"args": ["C:\\Windows\\system32\\svchost.exe", "-k", "DcomLaunch", "-p"], "command_line": "C:\\Windows\\system32\\svchost.exe -k DcomLaunch -p", "entity_id": "{416dd0c5-bc2b-676b-0f00-000000000900}", "executable": "C:\\Windows\\System32\\svchost.exe", "name": "svchost.exe", "pid": 752}, "pe": {"imphash": "6dfbf12753af176e3c203c407493a5b9"}, "pid": 4800, "working_directory": "C:\\Windows\\system32\\"}, "related": {"hash": ["cede0852922b98c824842b8ab132c53dd41ab3d8", "6ba094a754412b5deeb3951085a59dc2", "f63ebbb6c6893ee5910623bd4b17b6c9180f42225f3e901b725e72f6825cbb6d", "6dfbf12753af176e3c203c407493a5b9"], "user": "client9"}, "user": {"domain": "BREACH", "name": "client9"}, "winlog": {"api": "wineventlog", "channel": "Microsoft-Windows-Sysmon/Operational", "computer_name": "CLIENT9.breach.local", "event_data": {"Company": "Microsoft Corporation", "Description": "Windows Defender SmartScreen", "FileVersion": "10.0.19041.844 (WinBuild.160101.0800)", "IntegrityLevel": "Medium", "LogonGuid": "{416dd0c5-bc33-676b-93b3-040000000000}", "LogonId": "0x4b393", "OriginalFileName": "smartscreen.exe", "ParentUser": "NT AUTHORITY\\SYSTEM", "Product": "Microsoft\u00ae Windows\u00ae Operating System", "RuleName": "-", "TerminalSessionId": "1"}, "event_id": 1, "opcode": "Info", "process": {"pid": 2824, "thread": {"id": 3260}}, "provider_guid": "{5770385f-c22a-43e0-bf4c-06f5698ffbd9}", "provider_name": "Microsoft-Windows-Sysmon", "record_id": 705185, "task": "Process Create (rule: ProcessCreate)", "user": {"domain": "NT AUTHORITY", "identifier": "S-1-5-18", "name": "SYSTEM", "type": "User"}, "version": 5}}
{"@timestamp": "2024-12-25T08:03:19.443Z", "agent": {"ephemeral_id": "4d435ba8-31a0-41c4-8175-5ef02120cf03", "hostname": "CLIENT9", "id": "c35095e9-5f9f-4084-a651-3aaa2966847a", "name": "CLIENT9", "type": "winlogbeat", "version": "7.10.2"}, "ecs": {"version": "1.5.0"}, "event": {"action": "Process Create (rule: ProcessCreate)", "category": ["process"], "code": 1, "created": "2024-12-25T08:05:05.418Z", "kind": "event", "module": "sysmon", "provider": "Microsoft-Windows-Sysmon", "type": ["start", "process_start"]}, "hash": {"imphash": "e6b44b525767f585eb30f35172497cb0", "md5": "783c99afd4c2ae6950fa5694389d2cfa", "sha1": "d79d21f4d6741f83fb98fdcf8d06fe8c5d78a799", "sha256": "570b37a7a3ffdafcceccc33cbc1968feb857b73ca3cb4dffedc2e67e9abd0878"}, "host": {"name": "CLIENT9.breach.local"}, "log": {"level": "information"}, "process": {"args": ["C:\\Windows\\System32\\SecurityHealthSystray.exe"], "command_line": "\"C:\\Windows\\System32\\SecurityHealthSystray.exe\" ", "entity_id": "{416dd0c5-bc47-676b-7a00-000000000900}", "executable": "C:\\Windows\\System32\\SecurityHealthSystray.exe", "hash": {"md5": "783c99afd4c2ae6950fa5694389d2cfa", "sha1": "d79d21f4d6741f83fb98fdcf8d06fe8c5d78a799", "sha256": "570b37a7a3ffdafcceccc33cbc1968feb857b73ca3cb4dffedc2e67e9abd0878"}, "name": "SecurityHealthSystray.exe", "parent": {"args": ["C:\\Windows\\Explorer.EXE"], "command_line": "C:\\Windows\\Explorer.EXE", "entity_id": "{416dd0c5-bc37-676b-6300-000000000900}", "executable": "C:\\Windows\\explorer.exe", "name": "explorer.exe", "pid": 4516}, "pe": {"imphash": "e6b44b525767f585eb30f35172497cb0"}, "pid": 5628, "working_directory": "C:\\Windows\\system32\\"}, "related": {"hash": ["d79d21f4d6741f83fb98fdcf8d06fe8c5d78a799", "783c99afd4c2ae6950fa5694389d2cfa", "570b37a7a3ffdafcceccc33cbc1968feb857b73ca3cb4dffedc2e67e9abd0878", "e6b44b525767f585eb30f35172497cb0"], "user": "client9"}, "user": {"domain": "BREACH", "name": "client9"}, "winlog": {"api": "wineventlog", "channel": "Microsoft-Windows-Sysmon/Operational", "computer_name": "CLIENT9.breach.local", "event_data": {"Company": "Microsoft Corporation", "Description": "Windows Security notification icon", "FileVersion": "10.0.19041.1 (WinBuild.160101.0800)", "IntegrityLevel": "Medium", "LogonGuid": "{416dd0c5-bc33-676b-93b3-040000000000}", "LogonId": "0x4b393", "OriginalFileName": "SecurityHealthSystray.exe", "ParentUser": "BREACH\\client9", "Product": "Microsoft\u00ae Windows\u00ae Operating System", "RuleName": "-", "TerminalSessionId": "1"}, "event_id": 1, "opcode": "Info", "process": {"pid": 2824, "thread": {"id": 3260}}, "provider_guid": "{5770385f-c22a-43e0-bf4c-06f5698ffbd9}", "provider_name": "Microsoft-Windows-Sysmon", "record_id": 705245, "task": "Process Create (rule: ProcessCreate)", "user": {"domain": "NT AUTHORITY", "identifier": "S-1-5-18", "name": "SYSTEM", "type": "User"}, "version": 5}}
{"@timestamp": "2024-12-25T08:03:19.594Z", "agent": {"ephemeral_id": "4d435ba8-31a0-41c4-8175-5ef02120cf03", "hostname": "CLIENT9", "id": "c35095e9-5f9f-4084-a651-3aaa2966847a", "name": "CLIENT9", "type": "winlogbeat", "version": "7.10.2"}, "ecs": {"version": "1.5.0"}, "event": {"action": "Logon", "code": 4624, "created": "2024-12-25T08:04:57.096Z", "kind": "event", "outcome": "success", "provider": "Microsoft-Windows-Security-Auditing"}, "host": {"name": "CLIENT9.breach.local"}, "log": {"level": "information"}, "winlog": {"activity_id": "{62700555-56a3-0001-c105-7062a356db01}", "api": "wineventlog", "channel": "Security", "computer_name": "CLIENT9.breach.local", "event_data": {"AuthenticationPackageName": "Negotiate", "ElevatedToken": "%%1842", "ImpersonationLevel": "%%1833", "IpAddress": "-", "IpPort": "-", "KeyLength": "0", "LmPackageName": "-", "LogonGuid": "{00000000-0000-0000-0000-000000000000}", "LogonProcessName": "Advapi  ", "LogonType": "5", "ProcessId": "0x258", "ProcessName": "C:\\Windows\\System32\\services.exe", "RestrictedAdminMode": "-", "SubjectDomainName": "BREACH", "SubjectLogonId": "0x3e7", "SubjectUserName": "CLIENT9$", "SubjectUserSid": "S-1-5-18", "TargetDomainName": "NT AUTHORITY", "TargetLinkedLogonId": "0x0", "TargetLogonId": "0x3e7", "TargetOutboundDomainName": "-", "TargetOutboundUserName": "-", "TargetUserName": "SYSTEM", "TargetUserSid": "S-1-5-18", "TransmittedServices": "-", "VirtualAccount": "%%1843", "WorkstationName": "-"}, "event_id": 4624, "keywords": ["Audit Success"], "opcode": "Info", "process": {"pid": 632, "thread": {"id": 716}}, "provider_guid": "{54849625-5478-4994-a5ba-3e3b0328c30d}", "provider_name": "Microsoft-Windows-Security-Auditing", "record_id": 21154, "task": "Logon", "version": 2}}
{"@timestamp": "2024-12-25T08:03:19.594Z", "agent": {"ephemeral_id": "4d435ba8-31a0-41c4-8175-5ef02120cf03", "hostname": "CLIENT9", "id": "c35095e9-5f9f-4084-a651-3aaa2966847a", "name": "CLIENT9", "type": "winlogbeat", "version": "7.10.2"}, "ecs": {"version": "1.5.0"}, "event": {"action": "Special Logon", "code": 4672, "created": "2024-12-25T08:04:57.097Z", "kind": "event", "outcome": "success", "provider": "Microsoft-Windows-Security-Auditing"}, "host": {"name": "CLIENT9.breach.local"}, "log": {"level": "information"}, "winlog": {"activity_id": "{62700555-56a3-0001-c105-7062a356db01}", "api": "wineventlog", "channel": "Security", "computer_name": "CLIENT9.breach.local", "event_data": {"PrivilegeList": "SeAssignPrimaryTokenPrivilege\n\t\t\tSeTcbPrivilege\n\t\t\tSeSecurityPrivilege\n\t\t\tSeTakeOwnershipPrivilege\n\t\t\tSeLoadDriverPrivilege\n\t\t\tSeBackupPrivilege\n\t\t\tSeRestorePrivilege\n\t\t\tSeDebugPrivilege\n\t\t\tSeAuditPrivilege\n\t\t\tSeSystemEnvironmentPrivilege\n\t\t\tSeImpersonatePrivilege\n\t\t\tSeDelegateSessionUserImpersonatePrivilege", "SubjectDomainName": "NT AUTHORITY", "SubjectLogonId": "0x3e7", "SubjectUserName": "SYSTEM", "SubjectUserSid": "S-1-5-18"}, "event_id": 4672, "keywords": ["Audit Success"], "opcode": "Info", "process": {"pid": 632, "thread": {"id": 716}}, "provider_guid": "{54849625-5478-4994-a5ba-3e3b0328c30d}", "provider_name": "Microsoft-Windows-Security-Auditing", "record_id": 21155, "task": "Special Logon"}}
{"@timestamp": "2024-12-25T08:03:19.597Z", "agent": {"ephemeral_id": "4d435ba8-31a0-41c4-8175-5ef02120cf03", "hostname": "CLIENT9", "id": "c35095e9-5f9f-4084-a651-3aaa2966847a", "name": "CLIENT9", "type": "winlogbeat", "version": "7.10.2"}, "ecs": {"version": "1.5.0"}, "event": {"action": "Process Create (rule: ProcessCreate)", "category": ["process"], "code": 1, "created": "2024-12-25T08:05:05.431Z", "kind": "event", "module": "sysmon", "provider": "Microsoft-Windows-Sysmon", "type": ["start", "process_start"]}, "hash": {"imphash": "2601842f772c1f9aba3aad89180d20e0", "md5": "1f0029582377be4e72a4e188360d9391", "sha1": "27a816aff0b830b3a952bdf0bc92c927237741b8", "sha256": "0385aa4aeacb37e4cfc3b615f1b72a98533cb70e1d2b096145ee6d0983fa47ea"}, "host": {"name": "CLIENT9.breach.local"}, "log": {"level": "information"}, "process": {"args": ["C:\\Windows\\system32\\SecurityHealthService.exe"], "command_line": "C:\\Windows\\system32\\SecurityHealthService.exe", "entity_id": "{416dd0c5-bc47-676b-7b00-000000000900}", "executable": "C:\\Windows\\System32\\SecurityHealthService.exe", "hash": {"md5": "1f0029582377be4e72a4e188360d9391", "sha1": "27a816aff0b830b3a952bdf0bc92c927237741b8", "sha256": "0385aa4aeacb37e4cfc3b615f1b72a98533cb70e1d2b096145ee6d0983fa47ea"}, "name": "SecurityHealthService.exe", "parent": {"args": ["C:\\Windows\\system32\\services.exe"], "command_line": "C:\\Windows\\system32\\services.exe", "entity_id": "{416dd0c5-bc2b-676b-0b00-000000000900}", "executable": "C:\\Windows\\System32\\services.exe", "name": "services.exe", "pid": 600}, "pe": {"imphash": "2601842f772c1f9aba3aad89180d20e0"}, "pid": 5612, "working_directory": "C:\\Windows\\system32\\"}, "related": {"hash": ["27a816aff0b830b3a952bdf0bc92c927237741b8", "1f0029582377be4e72a4e188360d9391", "0385aa4aeacb37e4cfc3b615f1b72a98533cb70e1d2b096145ee6d0983fa47ea", "2601842f772c1f9aba3aad89180d20e0"], "user": "SYSTEM"}, "user": {"domain": "NT AUTHORITY", "name": "SYSTEM"}, "winlog": {"api": "wineventlog", "channel": "Microsoft-Windows-Sysmon/Operational", "computer_name": "CLIENT9.breach.local", "event_data": {"Company": "Microsoft Corporation", "Description": "Windows Security Health Service", "FileVersion": "4.18.1907.16384 (WinBuild.160101.0800)", "IntegrityLevel": "System", "LogonGuid": "{416dd0c5-bc2b-676b-e703-000000000000}", "LogonId": "0x3e7", "OriginalFileName": "SecurityHealthService.exe", "ParentUser": "NT AUTHORITY\\SYSTEM", "Product": "Microsoft\u00ae Windows\u00ae Operating System", "RuleName": "-", "TerminalSessionId": "0"}, "event_id": 1, "opcode": "Info", "process": {"pid": 2824, "thread": {"id": 3260}}, "provider_guid": "{5770385f-c22a-43e0-bf4c-06f5698ffbd9}", "provider_name": "Microsoft-Windows-Sysmon", "record_id": 705305, "task": "Process Create (rule: ProcessCreate)", "user": {"domain": "NT AUTHORITY", "identifier": "S-1-5-18", "name": "SYSTEM", "type": "User"}, "version": 5}}
{"@timestamp": "2024-12-25T08:03:19.907Z", "agent": {"ephemeral_id": "4d435ba8-31a0-41c4-8175-5ef02120cf03", "hostname": "CLIENT9", "id": "c35095e9-5f9f-4084-a651-3aaa2966847a", "name": "CLIENT9", "type": "winlogbeat", "version": "7.10.2"}, "ecs": {"version": "1.5.0"}, "event": {"action": "Process Create (rule: ProcessCreate)", "category": ["process"], "code": 1, "created": "2024-12-25T08:05:05.547Z", "kind": "event", "module": "sysmon", "provider": "Microsoft-Windows-Sysmon", "type": ["start", "process_start"]}, "hash": {"imphash": "a2ea0370b3d8a85f2420b45b27834f26", "md5": "9d9aee4439369c69a359f020bc1e6b11", "sha1": "d4b4462e7729632b02aabe2ce26634356434e50c", "sha256": "9d61e99b64b6c322236618aa21b4e9e645c06cd2132c53154d0d65327fade545"}, "host": {"name": "CLIENT9.breach.local"}, "log": {"level": "information"}, "process": {"args": ["C:\\Users\\client9\\AppData\\Local\\Microsoft\\OneDrive\\OneDrive.exe", "/background"], "command_line": "\"C:\\Users\\client9\\AppData\\Local\\Microsoft\\OneDrive\\OneDrive.exe\" /background", "entity_id": "{416dd0c5-bc47-676b-7c00-000000000900}", "executable": "C:\\Users\\client9\\AppData\\Local\\Microsoft\\OneDrive\\OneDrive.exe", "hash": {"md5": "9d9aee4439369c69a359f020bc1e6b11", "sha1": "d4b4462e7729632b02aabe2ce26634356434e50c", "sha256": "9d61e99b64b6c322236618aa21b4e9e645c06cd2132c53154d0d65327fade545"}, "name": "OneDrive.exe", "parent": {"args": ["C:\\Windows\\Explorer.EXE"], "command_line": "C:\\Windows\\Explorer.EXE", "entity_id": "{416dd0c5-bc37-676b-6300-000000000900}", "executable": "C:\\Windows\\explorer.exe", "name": "explorer.exe", "pid": 4516}, "pe": {"imphash": "a2ea0370b3d8a85f2420b45b27834f26"}, "pid": 5756, "working_directory": "C:\\Windows\\system32\\"}, "related": {"hash": ["d4b4462e7729632b02aabe2ce26634356434e50c", "9d9aee4439369c69a359f020bc1e6b11", "9d61e99b64b6c322236618aa21b4e9e645c06cd2132c53154d0d65327fade545", "a2ea0370b3d8a85f2420b45b27834f26"], "user": "client9"}, "user": {"domain": "BREACH", "name": "client9"}, "winlog": {"api": "wineventlog", "channel": "Microsoft-Windows-Sysmon/Operational", "computer_name": "CLIENT9.breach.local", "event_data": {"Company": "Microsoft Corporation", "Description": "Microsoft OneDrive", "FileVersion": "24.226.1110.0004", "IntegrityLevel": "Medium", "LogonGuid": "{416dd0c5-bc33-676b-93b3-040000000000}", "LogonId": "0x4b393", "OriginalFileName": "OneDrive.exe", "ParentUser": "BREACH\\client9", "Product": "Microsoft OneDrive", "RuleName": "-", "TerminalSessionId": "1"}, "event_id": 1, "opcode": "Info", "process": {"pid": 2824, "thread": {"id": 3260}}, "provider_guid": "{5770385f-c22a-43e0-bf4c-06f5698ffbd9}", "provider_name": "Microsoft-Windows-Sysmon", "record_id": 705382, "task": "Process Create (rule: ProcessCreate)", "user": {"domain": "NT AUTHORITY", "identifier": "S-1-5-18", "name": "SYSTEM", "type": "User"}, "version": 5}}
{"@timestamp": "2024-12-25T08:03:21.085Z", "agent": {"ephemeral_id": "4d435ba8-31a0-41c4-8175-5ef02120cf03", "hostname": "CLIENT9", "id": "c35095e9-5f9f-4084-a651-3aaa2966847a", "name": "CLIENT9", "type": "winlogbeat", "version": "7.10.2"}, "ecs": {"version": "1.5.0"}, "event": {"action": "Process Create (rule: ProcessCreate)", "category": ["process"], "code": 1, "created": "2024-12-25T08:05:05.550Z", "kind": "event", "module": "sysmon", "provider": "Microsoft-Windows-Sysmon", "type": ["start", "process_start"]}, "hash": {"imphash": "e760f31395e6cb76299e1e7509628c6f", "md5": "6b7a2ddfaf19120270b23d4a83d65ab8", "sha1": "8fe3afd43027b1d3b0e5c1269ee7474a10b2fc95", "sha256": "13d9f5beb09bc1ffcfffb336db16e624cb01180aea483a2fc2babddd91575476"}, "host": {"name": "CLIENT9.breach.local"}, "log": {"level": "information"}, "process": {"args": ["C:\\Users\\client9\\AppData\\Local\\Microsoft\\OneDrive\\24.226.1110.0004\\FileCoAuth.exe", "-Embedding"], "command_line": "\"C:\\Users\\client9\\AppData\\Local\\Microsoft\\OneDrive\\24.226.1110.0004\\FileCoAuth.exe\" -Embedding", "entity_id": "{416dd0c5-bc49-676b-7d00-000000000900}", "executable": "C:\\Users\\client9\\AppData\\Local\\Microsoft\\OneDrive\\24.226.1110.0004\\FileCoAuth.exe", "hash": {"md5": "6b7a2ddfaf19120270b23d4a83d65ab8", "sha1": "8fe3afd43027b1d3b0e5c1269ee7474a10b2fc95", "sha256": "13d9f5beb09bc1ffcfffb336db16e624cb01180aea483a2fc2babddd91575476"}, "name": "FileCoAuth.exe", "parent": {"args": ["C:\\Windows\\system32\\svchost.exe", "-k", "DcomLaunch", "-p"], "command_line": "C:\\Windows\\system32\\svchost.exe -k DcomLaunch -p", "entity_id": "{416dd0c5-bc2b-676b-0f00-000000000900}", "executable": "C:\\Windows\\System32\\svchost.exe", "name": "svchost.exe", "pid": 752}, "pe": {"imphash": "e760f31395e6cb76299e1e7509628c6f"}, "pid": 3444, "working_directory": "C:\\Windows\\system32\\"}, "related": {"hash": ["8fe3afd43027b1d3b0e5c1269ee7474a10b2fc95", "6b7a2ddfaf19120270b23d4a83d65ab8", "13d9f5beb09bc1ffcfffb336db16e624cb01180aea483a2fc2babddd91575476", "e760f31395e6cb76299e1e7509628c6f"], "user": "client9"}, "user": {"domain": "BREACH", "name": "client9"}, "winlog": {"api": "wineventlog", "channel": "Microsoft-Windows-Sysmon/Operational", "computer_name": "CLIENT9.breach.local", "event_data": {"Company": "Microsoft Corporation", "Description": "Microsoft OneDriveFile Co-Authoring Executable", "FileVersion": "24.226.1110.0004", "IntegrityLevel": "Medium", "LogonGuid": "{416dd0c5-bc33-676b-93b3-040000000000}", "LogonId": "0x4b393", "OriginalFileName": "FileCoAuth.exe", "ParentUser": "NT AUTHORITY\\SYSTEM", "Product": "Microsoft OneDrive", "RuleName": "-", "TerminalSessionId": "1"}, "event_id": 1, "opcode": "Info", "process": {"pid": 2824, "thread": {"id": 3260}}, "provider_guid": "{5770385f-c22a-43e0-bf4c-06f5698ffbd9}", "provider_name": "Microsoft-Windows-Sysmon", "record_id": 705402, "task": "Process Create (rule: ProcessCreate)", "user": {"domain": "NT AUTHORITY", "identifier": "S-1-5-18", "name": "SYSTEM", "type": "User"}, "version": 5}}
{"@timestamp": "2024-12-25T08:03:21.465Z", "agent": {"ephemeral_id": "4d435ba8-31a0-41c4-8175-5ef02120cf03", "hostname": "CLIENT9", "id": "c35095e9-5f9f-4084-a651-3aaa2966847a", "name": "CLIENT9", "type": "winlogbeat", "version": "7.10.2"}, "ecs": {"version": "1.5.0"}, "event": {"action": "Process Create (rule: ProcessCreate)", "category": ["process"], "code": 1, "created": "2024-12-25T08:05:05.652Z", "kind": "event", "module": "sysmon", "provider": "Microsoft-Windows-Sysmon", "type": ["start", "process_start"]}, "hash": {"imphash": "d2acf1cbc4a6db14a34c687b9362d66b", "md5": "da7063b17dbb8bbb3015351016868006", "sha1": "c6e63c7aae9c4e07e15c1717872c0c73f3d4fb09", "sha256": "20330d3ca71d58f4aeb432676cb6a3d5b97005954e45132fb083e90782efdd50"}, "host": {"name": "CLIENT9.breach.local"}, "log": {"level": "information"}, "process": {"args": ["C:\\Windows\\system32\\BackgroundTaskHost.exe", "-ServerName:BackgroundTaskHost.WebAccountProvider"], "command_line": "\"C:\\Windows\\system32\\BackgroundTaskHost.exe\" -ServerName:BackgroundTaskHost.WebAccountProvider", "entity_id": "{416dd0c5-bc49-676b-7e00-000000000900}", "executable": "C:\\Windows\\System32\\backgroundTaskHost.exe", "hash": {"md5": "da7063b17dbb8bbb3015351016868006", "sha1": "c6e63c7aae9c4e07e15c1717872c0c73f3d4fb09", "sha256": "20330d3ca71d58f4aeb432676cb6a3d5b97005954e45132fb083e90782efdd50"}, "name": "backgroundTaskHost.exe", "parent": {"args": ["C:\\Windows\\system32\\svchost.exe", "-k", "DcomLaunch", "-p"], "command_line": "C:\\Windows\\system32\\svchost.exe -k DcomLaunch -p", "entity_id": "{416dd0c5-bc2b-676b-0f00-000000000900}", "executable": "C:\\Windows\\System32\\svchost.exe", "name": "svchost.exe", "pid": 752}, "pe": {"imphash": "d2acf1cbc4a6db14a34c687b9362d66b"}, "pid": 5084, "working_directory": "C:\\Windows\\SystemApps\\Microsoft.AAD.BrokerPlugin_cw5n1h2txyewy\\"}, "related": {"hash": ["c6e63c7aae9c4e07e15c1717872c0c73f3d4fb09", "da7063b17dbb8bbb3015351016868006", "20330d3ca71d58f4aeb432676cb6a3d5b97005954e45132fb083e90782efdd50", "d2acf1cbc4a6db14a34c687b9362d66b"], "user": "client9"}, "user": {"domain": "BREACH", "name": "client9"}, "winlog": {"api": "wineventlog", "channel": "Microsoft-Windows-Sysmon/Operational", "computer_name": "CLIENT9.breach.local", "event_data": {"Company": "Microsoft Corporation", "Description": "Background Task Host", "FileVersion": "10.0.19041.546 (WinBuild.160101.0800)", "IntegrityLevel": "AppContainer", "LogonGuid": "{416dd0c5-bc33-676b-93b3-040000000000}", "LogonId": "0x4b393", "OriginalFileName": "backgroundTaskHost.exe", "ParentUser": "NT AUTHORITY\\SYSTEM", "Product": "Microsoft\u00ae Windows\u00ae Operating System", "RuleName": "-", "TerminalSessionId": "1"}, "event_id": 1, "opcode": "Info", "process": {"pid": 2824, "thread": {"id": 3260}}, "provider_guid": "{5770385f-c22a-43e0-bf4c-06f5698ffbd9}", "provider_name": "Microsoft-Windows-Sysmon", "record_id": 705493, "task": "Process Create (rule: ProcessCreate)", "user": {"domain": "NT AUTHORITY", "identifier": "S-1-5-18", "name": "SYSTEM", "type": "User"}, "version": 5}}
{"@timestamp": "2024-12-25T08:03:22.761Z", "agent": {"ephemeral_id": "4d435ba8-31a0-41c4-8175-5ef02120cf03", "hostname": "CLIENT9", "id": "c35095e9-5f9f-4084-a651-3aaa2966847a", "name": "CLIENT9", "type": "winlogbeat", "version": "7.10.2"}, "ecs": {"version": "1.5.0"}, "event": {"action": "Process Create (rule: ProcessCreate)", "category": ["process"], "code": 1, "created": "2024-12-25T08:05:05.855Z", "kind": "event", "module": "sysmon", "provider": "Microsoft-Windows-Sysmon", "type": ["start", "process_start"]}, "hash": {"imphash": "ad7f9ff385f2ac79d492abbee0b86cd6", "md5": "36b7362f96427168eb66c692c65a1582", "sha1": "0a9e517d93a94245c765be2205ee71f079dfff76", "sha256": "05deac8d5c4add3c6aff545944965abac2ce1e4fc3dcd1cd2528c101eed1b0f5"}, "host": {"name": "CLIENT9.breach.local"}, "log": {"level": "information"}, "process": {"args": ["C:\\Program Files (x86)\\Microsoft\\Edge\\Application\\msedge.exe", "--no-startup-window", "--win-session-start"], "command_line": "\"C:\\Program Files (x86)\\Microsoft\\Edge\\Application\\msedge.exe\" --no-startup-window --win-session-start", "entity_id": "{416dd0c5-bc4a-676b-7f00-000000000900}", "executable": "C:\\Program Files (x86)\\Microsoft\\Edge\\Application\\msedge.exe", "hash": {"md5": "36b7362f96427168eb66c692c65a1582", "sha1": "0a9e517d93a94245c765be2205ee71f079dfff76", "sha256": "05deac8d5c4add3c6aff545944965abac2ce1e4fc3dcd1cd2528c101eed1b0f5"}, "name": "msedge.exe", "parent": {"args": ["C:\\Windows\\Explorer.EXE"], "command_line": "C:\\Windows\\Explorer.EXE", "entity_id": "{416dd0c5-bc37-676b-6300-000000000900}", "executable": "C:\\Windows\\explorer.exe", "name": "explorer.exe", "pid": 4516}, "pe": {"imphash": "ad7f9ff385f2ac79d492abbee0b86cd6"}, "pid": 3828, "working_directory": "C:\\Windows\\system32\\"}, "related": {"hash": ["0a9e517d93a94245c765be2205ee71f079dfff76", "36b7362f96427168eb66c692c65a1582", "05deac8d5c4add3c6aff545944965abac2ce1e4fc3dcd1cd2528c101eed1b0f5", "ad7f9ff385f2ac79d492abbee0b86cd6"], "user": "client9"}, "user": {"domain": "BREACH", "name": "client9"}, "winlog": {"api": "wineventlog", "channel": "Microsoft-Windows-Sysmon/Operational", "computer_name": "CLIENT9.breach.local", "event_data": {"Company": "Microsoft Corporation", "Description": "Microsoft Edge", "FileVersion": "131.0.2903.112", "IntegrityLevel": "Medium", "LogonGuid": "{416dd0c5-bc33-676b-93b3-040000000000}", "LogonId": "0x4b393", "OriginalFileName": "msedge.exe", "ParentUser": "BREACH\\client9", "Product": "Microsoft Edge", "RuleName": "-", "TerminalSessionId": "1"}, "event_id": 1, "opcode": "Info", "process": {"pid": 2824, "thread": {"id": 3260}}, "provider_guid": "{5770385f-c22a-43e0-bf4c-06f5698ffbd9}", "provider_name": "Microsoft-Windows-Sysmon", "record_id": 705624, "task": "Process Create (rule: ProcessCreate)", "user": {"domain": "NT AUTHORITY", "identifier": "S-1-5-18", "name": "SYSTEM", "type": "User"}, "version": 5}}
