{"@timestamp": "2024-12-25T08:54:10.725Z", "agent": {"ephemeral_id": "4d435ba8-31a0-41c4-8175-5ef02120cf03", "hostname": "CLIENT9", "id": "c35095e9-5f9f-4084-a651-3aaa2966847a", "name": "CLIENT9", "type": "winlogbeat", "version": "7.10.2"}, "ecs": {"version": "1.5.0"}, "event": {"action": "Process Create (rule: ProcessCreate)", "category": ["process"], "code": 1, "created": "2024-12-25T08:55:20.451Z", "kind": "event", "module": "sysmon", "provider": "Microsoft-Windows-Sysmon", "type": ["start", "process_start"]}, "hash": {"imphash": "272245e2988e1e430500b852c4fb5e18", "md5": "8a2122e8162dbef04694b9c3e0b6cdee", "sha1": "f1efb0fddc156e4c61c5f78a54700e4e7984d55d", "sha256": "b99d61d874728edc0918ca0eb10eab93d381e7367e377406e65963366c874450"}, "host": {"name": "CLIENT9.breach.local"}, "log": {"level": "information"}, "process": {"args": ["C:\\Windows\\system32\\cmd.exe", "/Q", "/c", "net stop spooler & net start spooler", "1>", "\\\\127.0.0.1\\ADMIN$\\__1735130400.5423", "2>&1"], "command_line": "C:\\Windows\\system32\\cmd.exe /Q /c \"net stop spooler & net start spooler\" 1> \\\\127.0.0.1\\ADMIN$\\__1735130400.5423 2>&1", "entity_id": "{416dd0c5-c832-676b-8c00-000000000900}", "executable": "C:\\Windows\\System32\\cmd.exe", "hash": {"md5": "8a2122e8162dbef04694b9c3e0b6cdee", "sha1": "f1efb0fddc156e4c61c5f78a54700e4e7984d55d", "sha256": "b99d61d874728edc0918ca0eb10eab93d381e7367e377406e65963366c874450"}, "name": "cmd.exe", "parent": {"args": ["C:\\Windows\\system32\\services.exe"], "command_line": "C:\\Windows\\system32\\services.exe", "entity_id": "{416dd0c5-bc2b-676b-0b00-000000000900}", "executable": "C:\\Windows\\System32\\services.exe", "name": "services.exe", "pid": 600}, "pe": {"imphash": "272245e2988e1e430500b852c4fb5e18"}, "pid": 25568, "working_directory": "C:\\Windows\\system32\\"}, "related": {"hash": ["f1efb0fddc156e4c61c5f78a54700e4e7984d55d", "8a2122e8162dbef04694b9c3e0b6cdee", "b99d61d874728edc0918ca0eb10eab93d381e7367e377406e65963366c874450", "272245e2988e1e430500b852c4fb5e18"], "user": "SYSTEM"}, "user": {"domain": "NT AUTHORITY", "name": "SYSTEM"}, "winlog": {"api": "wineventlog", "channel": "Microsoft-Windows-Sysmon/Operational", "computer_name": "CLIENT9.breach.local", "event_data": {"Company": "Microsoft Corporation", "Description": "Windows Command Processor", "FileVersion": "10.0.19041.746 (WinBuild.160101.0800)", "IntegrityLevel": "System", "LogonGuid": "{416dd0c5-bc2b-676b-e703-000000000000}", "LogonId": "0x3e7", "OriginalFileName": "Cmd.Exe", "ParentUser": "NT AUTHORITY\\SYSTEM", "Product": "Microsoft\u00ae Windows\u00ae Operating System", "RuleName": "-", "TerminalSessionId": "0"}, "event_id": 1, "opcode": "Info", "process": {"pid": 2824, "thread": {"id": 3260}}, "provider_guid": "{5770385f-c22a-43e0-bf4c-06f5698ffbd9}", "provider_name": "Microsoft-Windows-Sysmon", "record_id": 815633, "task": "Process Create (rule: ProcessCreate)", "user": {"domain": "NT AUTHORITY", "identifier": "S-1-5-18", "name": "SYSTEM", "type": "User"}, "version": 5}}
{"@timestamp": "2024-12-25T08:54:13.529Z", "agent": {"ephemeral_id": "4d435ba8-31a0-41c4-8175-5ef02120cf03", "hostname": "CLIENT9", "id": "c35095e9-5f9f-4084-a651-3aaa2966847a", "name": "CLIENT9", "type": "winlogbeat", "version": "7.10.2"}, "ecs": {"version": "1.5.0"}, "event": {"action": "Process Create (rule: ProcessCreate)", "category": ["process"], "code": 1, "created": "2024-12-25T08:55:23.255Z", "kind": "event", "module": "sysmon", "provider": "Microsoft-Windows-Sysmon", "type": ["start", "process_start"]}, "hash": {"imphash": "57f0c47ae2a1a2c06c8b987372ab0b07", "md5": "0bd94a338eea5a4e1f2830ae326e6d19", "sha1": "88b101598cc6726b7a57d02b1fa95be1b272a821", "sha256": "9f376759bcbcd705f726460fc4a7e2b07f310f52baa73caaaaa124fddbdf993e"}, "host": {"name": "CLIENT9.breach.local"}, "log": {"level": "information"}, "process": {"args": ["net", "stop", "spooler"], "command_line": "net  stop spooler", "entity_id": "{416dd0c5-c835-676b-8d00-000000000900}", "executable": "C:\\Windows\\System32\\net.exe", "hash": {"md5": "0bd94a338eea5a4e1f2830ae326e6d19", "sha1": "88b101598cc6726b7a57d02b1fa95be1b272a821", "sha256": "9f376759bcbcd705f726460fc4a7e2b07f310f52baa73caaaaa124fddbdf993e"}, "name": "net.exe", "parent": {"args": ["C:\\Windows\\system32\\cmd.exe", "/Q", "/c", "\"net", "stop", "spooler", "&", "net", "start", "spooler\"", "1>", "\\\\127.0.0.1\\ADMIN$\\__1735130400.5423", "2>&1"], "command_line": "C:\\Windows\\system32\\cmd.exe /Q /c \"net stop spooler & net start spooler\" 1> \\\\127.0.0.1\\ADMIN$\\__1735130400.5423 2>&1", "entity_id": "{416dd0c5-c832-676b-8c00-000000000900}", "executable": "C:\\Windows\\System32\\cmd.exe", "name": "cmd.exe", "pid": 25568}, "pe": {"imphash": "57f0c47ae2a1a2c06c8b987372ab0b07"}, "pid": 21300, "working_directory": "C:\\Windows\\system32\\"}, "related": {"hash": ["88b101598cc6726b7a57d02b1fa95be1b272a821", "0bd94a338eea5a4e1f2830ae326e6d19", "9f376759bcbcd705f726460fc4a7e2b07f310f52baa73caaaaa124fddbdf993e", "57f0c47ae2a1a2c06c8b987372ab0b07"], "user": "SYSTEM"}, "user": {"domain": "NT AUTHORITY", "name": "SYSTEM"}, "winlog": {"api": "wineventlog", "channel": "Microsoft-Windows-Sysmon/Operational", "computer_name": "CLIENT9.breach.local", "event_data": {"Company": "Microsoft Corporation", "Description": "Net Command", "FileVersion": "10.0.19041.1 (WinBuild.160101.0800)", "IntegrityLevel": "System", "LogonGuid": "{416dd0c5-bc2b-676b-e703-000000000000}", "LogonId": "0x3e7", "OriginalFileName": "net.exe", "ParentUser": "NT AUTHORITY\\SYSTEM", "Product": "Microsoft\u00ae Windows\u00ae Operating System", "RuleName": "-", "TerminalSessionId": "0"}, "event_id": 1, "opcode": "Info", "process": {"pid": 2824, "thread": {"id": 3260}}, "provider_guid": "{5770385f-c22a-43e0-bf4c-06f5698ffbd9}", "provider_name": "Microsoft-Windows-Sysmon", "record_id": 815634, "task": "Process Create (rule: ProcessCreate)", "user": {"domain": "NT AUTHORITY", "identifier": "S-1-5-18", "name": "SYSTEM", "type": "User"}, "version": 5}}
{"@timestamp": "2024-12-25T08:54:23.318Z", "agent": {"ephemeral_id": "4d435ba8-31a0-41c4-8175-5ef02120cf03", "hostname": "CLIENT9", "id": "c35095e9-5f9f-4084-a651-3aaa2966847a", "name": "CLIENT9", "type": "winlogbeat", "version": "7.10.2"}, "ecs": {"version": "1.5.0"}, "event": {"action": "Process Create (rule: ProcessCreate)", "category": ["process"], "code": 1, "created": "2024-12-25T08:55:33.044Z", "kind": "event", "module": "sysmon", "provider": "Microsoft-Windows-Sysmon", "type": ["start", "process_start"]}, "hash": {"imphash": "57f0c47ae2a1a2c06c8b987372ab0b07", "md5": "0bd94a338eea5a4e1f2830ae326e6d19", "sha1": "88b101598cc6726b7a57d02b1fa95be1b272a821", "sha256": "9f376759bcbcd705f726460fc4a7e2b07f310f52baa73caaaaa124fddbdf993e"}, "host": {"name": "CLIENT9.breach.local"}, "log": {"level": "information"}, "process": {"args": ["net", "start", "spooler"], "command_line": "net  start spooler", "entity_id": "{416dd0c5-c83f-676b-8e00-000000000900}", "executable": "C:\\Windows\\System32\\net.exe", "hash": {"md5": "0bd94a338eea5a4e1f2830ae326e6d19", "sha1": "88b101598cc6726b7a57d02b1fa95be1b272a821", "sha256": "9f376759bcbcd705f726460fc4a7e2b07f310f52baa73caaaaa124fddbdf993e"}, "name": "net.exe", "parent": {"args": ["C:\\Windows\\system32\\cmd.exe", "/Q", "/c", "\"net", "stop", "spooler", "&", "net", "start", "spooler\"", "1>", "\\\\127.0.0.1\\ADMIN$\\__1735130400.5423", "2>&1"], "command_line": "C:\\Windows\\system32\\cmd.exe /Q /c \"net stop spooler & net start spooler\" 1> \\\\127.0.0.1\\ADMIN$\\__1735130400.5423 2>&1", "entity_id": "{416dd0c5-c832-676b-8c00-000000000900}", "executable": "C:\\Windows\\System32\\cmd.exe", "name": "cmd.exe", "pid": 25568}, "pe": {"imphash": "57f0c47ae2a1a2c06c8b987372ab0b07"}, "pid": 5900, "working_directory": "C:\\Windows\\system32\\"}, "related": {"hash": ["88b101598cc6726b7a57d02b1fa95be1b272a821", "0bd94a338eea5a4e1f2830ae326e6d19", "9f376759bcbcd705f726460fc4a7e2b07f310f52baa73caaaaa124fddbdf993e", "57f0c47ae2a1a2c06c8b987372ab0b07"], "user": "SYSTEM"}, "user": {"domain": "NT AUTHORITY", "name": "SYSTEM"}, "winlog": {"api": "wineventlog", "channel": "Microsoft-Windows-Sysmon/Operational", "computer_name": "CLIENT9.breach.local", "event_data": {"Company": "Microsoft Corporation", "Description": "Net Command", "FileVersion": "10.0.19041.1 (WinBuild.160101.0800)", "IntegrityLevel": "System", "LogonGuid": "{416dd0c5-bc2b-676b-e703-000000000000}", "LogonId": "0x3e7", "OriginalFileName": "net.exe", "ParentUser": "NT AUTHORITY\\SYSTEM", "Product": "Microsoft\u00ae Windows\u00ae Operating System", "RuleName": "-", "TerminalSessionId": "0"}, "event_id": 1, "opcode": "Info", "process": {"pid": 2824, "thread": {"id": 3260}}, "provider_guid": "{5770385f-c22a-43e0-bf4c-06f5698ffbd9}", "provider_name": "Microsoft-Windows-Sysmon", "record_id": 815635, "task": "Process Create (rule: ProcessCreate)", "user": {"domain": "NT AUTHORITY", "identifier": "S-1-5-18", "name": "SYSTEM", "type": "User"}, "version": 5}}
