{"@timestamp": "2024-12-25T09:37:04.826Z", "agent": {"ephemeral_id": "daad58af-b5f8-4d26-a58a-aeff9b68a92f", "hostname": "CLIENT7", "id": "c35095e9-5f9f-4084-a651-3aaa2966847a", "name": "CLIENT7", "type": "winlogbeat", "version": "7.10.2"}, "ecs": {"version": "1.5.0"}, "event": {"action": "Process Create (rule: ProcessCreate)", "category": ["process"], "code": 1, "created": "2024-12-25T09:42:47.521Z", "kind": "event", "module": "sysmon", "provider": "Microsoft-Windows-Sysmon", "type": ["start", "process_start"]}, "hash": {"imphash": "51bef41e5cd278a02c17451af095c288", "md5": "45cfba3f1b54d79d1d6c8fbb77ba9870", "sha1": "6b95bf67ea45de4b98cc6ee89364d66ead46abfb", "sha256": "491971090692d470846169aee2343091eaf173715694449eb48b97addf62538c"}, "host": {"name": "CLIENT7.breach.local"}, "log": {"level": "information"}, "process": {"args": ["C:\\Program Files (x86)\\Mozilla Firefox\\firefox.exe", "--marionette", "--remote-debugging-port", "51338", "--remote-allow-hosts", "localhost", "-no-remote", "-profile", "C:\\Users\\client7\\AppData\\Local\\Temp\\rust_mozprofileRPNXxu"], "command_line": "\"C:\\Program Files (x86)\\Mozilla Firefox\\firefox.exe\" --marionette --remote-debugging-port 51338 --remote-allow-hosts localhost -no-remote -profile C:\\Users\\client7\\AppData\\Local\\Temp\\rust_mozprofileRPNXxu", "entity_id": "{416dd0c5-d240-676b-7b01-000000000900}", "executable": "C:\\Program Files (x86)\\Mozilla Firefox\\firefox.exe", "hash": {"md5": "45cfba3f1b54d79d1d6c8fbb77ba9870", "sha1": "6b95bf67ea45de4b98cc6ee89364d66ead46abfb", "sha256": "491971090692d470846169aee2343091eaf173715694449eb48b97addf62538c"}, "name": "firefox.exe", "parent": {"args": ["C:\\Python37\\geckodriver.exe", "--websocket-port", "51338", "--port", "51337"], "command_line": "C:\\Python37\\geckodriver.exe --websocket-port 51338 --port 51337", "entity_id": "{416dd0c5-d23d-676b-7a01-000000000900}", "executable": "C:\\Python37\\geckodriver.exe", "name": "geckodriver.exe", "pid": 5784}, "pe": {"imphash": "51bef41e5cd278a02c17451af095c288"}, "pid": 3120, "working_directory": "C:\\BREACH\\"}, "related": {"hash": ["6b95bf67ea45de4b98cc6ee89364d66ead46abfb", "45cfba3f1b54d79d1d6c8fbb77ba9870", "491971090692d470846169aee2343091eaf173715694449eb48b97addf62538c", "51bef41e5cd278a02c17451af095c288"], "user": "client7"}, "user": {"domain": "BREACH", "name": "client7"}, "winlog": {"api": "wineventlog", "channel": "Microsoft-Windows-Sysmon/Operational", "computer_name": "CLIENT7.breach.local", "event_data": {"Company": "Mozilla Corporation", "Description": "Firefox", "FileVersion": "133.0.3", "IntegrityLevel": "Medium", "LogonGuid": "{416dd0c5-bdb2-676b-882c-040000000000}", "LogonId": "0x42c88", "OriginalFileName": "firefox.exe", "ParentUser": "BREACH\\client7", "Product": "Firefox", "RuleName": "-", "TerminalSessionId": "1"}, "event_id": 1, "opcode": "Info", "process": {"pid": 2840, "thread": {"id": 3428}}, "provider_guid": "{5770385f-c22a-43e0-bf4c-06f5698ffbd9}", "provider_name": "Microsoft-Windows-Sysmon", "record_id": 788490, "task": "Process Create (rule: ProcessCreate)", "user": {"domain": "NT AUTHORITY", "identifier": "S-1-5-18", "name": "SYSTEM", "type": "User"}, "version": 5}}
{"@timestamp": "2024-12-25T09:37:04.916Z", "agent": {"ephemeral_id": "daad58af-b5f8-4d26-a58a-aeff9b68a92f", "hostname": "CLIENT7", "id": "c35095e9-5f9f-4084-a651-3aaa2966847a", "name": "CLIENT7", "type": "winlogbeat", "version": "7.10.2"}, "ecs": {"version": "1.5.0"}, "event": {"action": "Process Create (rule: ProcessCreate)", "category": ["process"], "code": 1, "created": "2024-12-25T09:42:47.658Z", "kind": "event", "module": "sysmon", "provider": "Microsoft-Windows-Sysmon", "type": ["start", "process_start"]}, "hash": {"imphash": "51bef41e5cd278a02c17451af095c288", "md5": "45cfba3f1b54d79d1d6c8fbb77ba9870", "sha1": "6b95bf67ea45de4b98cc6ee89364d66ead46abfb", "sha256": "491971090692d470846169aee2343091eaf173715694449eb48b97addf62538c"}, "host": {"name": "CLIENT7.breach.local"}, "log": {"level": "information"}, "process": {"args": ["C:\\Program Files (x86)\\Mozilla Firefox\\firefox.exe", "--marionette", "--remote-debugging-port", "51338", "--remote-allow-hosts", "localhost", "-no-remote", "-profile", "C:\\Users\\client7\\AppData\\Local\\Temp\\rust_mozprofileRPNXxu"], "command_line": "\"C:\\Program Files (x86)\\Mozilla Firefox\\firefox.exe\" --marionette --remote-debugging-port 51338 --remote-allow-hosts localhost -no-remote -profile C:\\Users\\client7\\AppData\\Local\\Temp\\rust_mozprofileRPNXxu", "entity_id": "{416dd0c5-d240-676b-7c01-000000000900}", "executable": "C:\\Program Files (x86)\\Mozilla Firefox\\firefox.exe", "hash": {"md5": "45cfba3f1b54d79d1d6c8fbb77ba9870", "sha1": "6b95bf67ea45de4b98cc6ee89364d66ead46abfb", "sha256": "491971090692d470846169aee2343091eaf173715694449eb48b97addf62538c"}, "name": "firefox.exe", "parent": {"args": ["C:\\Program Files (x86)\\Mozilla Firefox\\firefox.exe", "--marionette", "--remote-debugging-port", "51338", "--remote-allow-hosts", "localhost", "-no-remote", "-profile", "C:\\Users\\client7\\AppData\\Local\\Temp\\rust_mozprofileRPNXxu"], "command_line": "\"C:\\Program Files (x86)\\Mozilla Firefox\\firefox.exe\" --marionette --remote-debugging-port 51338 --remote-allow-hosts localhost -no-remote -profile C:\\Users\\client7\\AppData\\Local\\Temp\\rust_mozprofileRPNXxu", "entity_id": "{416dd0c5-d240-676b-7b01-000000000900}", "executable": "C:\\Program Files (x86)\\Mozilla Firefox\\firefox.exe", "name": "firefox.exe", "pid": 3120}, "pe": {"imphash": "51bef41e5cd278a02c17451af095c288"}, "pid": 4304, "working_directory": "C:\\BREACH\\"}, "related": {"hash": ["6b95bf67ea45de4b98cc6ee89364d66ead46abfb", "45cfba3f1b54d79d1d6c8fbb77ba9870", "491971090692d470846169aee2343091eaf173715694449eb48b97addf62538c", "51bef41e5cd278a02c17451af095c288"], "user": "client7"}, "user": {"domain": "BREACH", "name": "client7"}, "winlog": {"api": "wineventlog", "channel": "Microsoft-Windows-Sysmon/Operational", "computer_name": "CLIENT7.breach.local", "event_data": {"Company": "Mozilla Corporation", "Description": "Firefox", "FileVersion": "133.0.3", "IntegrityLevel": "Medium", "LogonGuid": "{416dd0c5-bdb2-676b-882c-040000000000}", "LogonId": "0x42c88", "OriginalFileName": "firefox.exe", "ParentUser": "BREACH\\client7", "Product": "Firefox", "RuleName": "-", "TerminalSessionId": "1"}, "event_id": 1, "opcode": "Info", "process": {"pid": 2840, "thread": {"id": 3428}}, "provider_guid": "{5770385f-c22a-43e0-bf4c-06f5698ffbd9}", "provider_name": "Microsoft-Windows-Sysmon", "record_id": 788515, "task": "Process Create (rule: ProcessCreate)", "user": {"domain": "NT AUTHORITY", "identifier": "S-1-5-18", "name": "SYSTEM", "type": "User"}, "version": 5}}
{"@timestamp": "2024-12-25T09:37:07.297Z", "agent": {"ephemeral_id": "daad58af-b5f8-4d26-a58a-aeff9b68a92f", "hostname": "CLIENT7", "id": "c35095e9-5f9f-4084-a651-3aaa2966847a", "name": "CLIENT7", "type": "winlogbeat", "version": "7.10.2"}, "ecs": {"version": "1.5.0"}, "event": {"action": "Process Create (rule: ProcessCreate)", "category": ["process"], "code": 1, "created": "2024-12-25T09:43:40.525Z", "kind": "event", "module": "sysmon", "provider": "Microsoft-Windows-Sysmon", "type": ["start", "process_start"]}, "hash": {"imphash": "51bef41e5cd278a02c17451af095c288", "md5": "45cfba3f1b54d79d1d6c8fbb77ba9870", "sha1": "6b95bf67ea45de4b98cc6ee89364d66ead46abfb", "sha256": "491971090692d470846169aee2343091eaf173715694449eb48b97addf62538c"}, "host": {"name": "CLIENT7.breach.local"}, "log": {"level": "information"}, "process": {"args": ["C:\\Program Files (x86)\\Mozilla Firefox\\firefox.exe", "-contentproc", "-parentBuildID", "20241209150345", "-prefsHandle", "2100", "-prefsLen", "24634", "-prefMapHandle", "2104", "-prefMapSize", "265948", "-ipcHandle", "2180", "-initialChannelId", "{3b565fac-1dd8-44f6-bf27-269065b25b47}", "-parentPid", "4304", "-crashReporter", "\\\\.\\pipe\\gecko-crash-server-pipe.4304", "-appDir", "C:\\Program Files (x86)\\Mozilla Firefox\\browser", "-", "1", "gpu"], "command_line": "\"C:\\Program Files (x86)\\Mozilla Firefox\\firefox.exe\" -contentproc -parentBuildID 20241209150345 -prefsHandle 2100 -prefsLen 24634 -prefMapHandle 2104 -prefMapSize 265948 -ipcHandle 2180 -initialChannelId {3b565fac-1dd8-44f6-bf27-269065b25b47} -parentPid 4304 -crashReporter \"\\\\.\\pipe\\gecko-crash-server-pipe.4304\" -appDir \"C:\\Program Files (x86)\\Mozilla Firefox\\browser\" - 1 gpu", "entity_id": "{416dd0c5-d243-676b-7d01-000000000900}", "executable": "C:\\Program Files (x86)\\Mozilla Firefox\\firefox.exe", "hash": {"md5": "45cfba3f1b54d79d1d6c8fbb77ba9870", "sha1": "6b95bf67ea45de4b98cc6ee89364d66ead46abfb", "sha256": "491971090692d470846169aee2343091eaf173715694449eb48b97addf62538c"}, "name": "firefox.exe", "parent": {"args": ["C:\\Program Files (x86)\\Mozilla Firefox\\firefox.exe", "--marionette", "--remote-debugging-port", "51338", "--remote-allow-hosts", "localhost", "-no-remote", "-profile", "C:\\Users\\client7\\AppData\\Local\\Temp\\rust_mozprofileRPNXxu"], "command_line": "\"C:\\Program Files (x86)\\Mozilla Firefox\\firefox.exe\" --marionette --remote-debugging-port 51338 --remote-allow-hosts localhost -no-remote -profile C:\\Users\\client7\\AppData\\Local\\Temp\\rust_mozprofileRPNXxu", "entity_id": "{416dd0c5-d240-676b-7c01-000000000900}", "executable": "C:\\Program Files (x86)\\Mozilla Firefox\\firefox.exe", "name": "firefox.exe", "pid": 4304}, "pe": {"imphash": "51bef41e5cd278a02c17451af095c288"}, "pid": 5148, "working_directory": "C:\\BREACH\\"}, "related": {"hash": ["6b95bf67ea45de4b98cc6ee89364d66ead46abfb", "45cfba3f1b54d79d1d6c8fbb77ba9870", "491971090692d470846169aee2343091eaf173715694449eb48b97addf62538c", "51bef41e5cd278a02c17451af095c288"], "user": "client7"}, "user": {"domain": "BREACH", "name": "client7"}, "winlog": {"api": "wineventlog", "channel": "Microsoft-Windows-Sysmon/Operational", "computer_name": "CLIENT7.breach.local", "event_data": {"Company": "Mozilla Corporation", "Description": "Firefox", "FileVersion": "133.0.3", "IntegrityLevel": "Low", "LogonGuid": "{416dd0c5-bdb2-676b-882c-040000000000}", "LogonId": "0x42c88", "OriginalFileName": "firefox.exe", "ParentUser": "BREACH\\client7", "Product": "Firefox", "RuleName": "-", "TerminalSessionId": "1"}, "event_id": 1, "opcode": "Info", "process": {"pid": 2840, "thread": {"id": 3428}}, "provider_guid": "{5770385f-c22a-43e0-bf4c-06f5698ffbd9}", "provider_name": "Microsoft-Windows-Sysmon", "record_id": 788670, "task": "Process Create (rule: ProcessCreate)", "user": {"domain": "NT AUTHORITY", "identifier": "S-1-5-18", "name": "SYSTEM", "type": "User"}, "version": 5}}
{"@timestamp": "2024-12-25T09:37:08.219Z", "agent": {"ephemeral_id": "daad58af-b5f8-4d26-a58a-aeff9b68a92f", "hostname": "CLIENT7", "id": "c35095e9-5f9f-4084-a651-3aaa2966847a", "name": "CLIENT7", "type": "winlogbeat", "version": "7.10.2"}, "ecs": {"version": "1.5.0"}, "event": {"action": "Process Create (rule: ProcessCreate)", "category": ["process"], "code": 1, "created": "2024-12-25T09:44:00.358Z", "kind": "event", "module": "sysmon", "provider": "Microsoft-Windows-Sysmon", "type": ["start", "process_start"]}, "hash": {"imphash": "51bef41e5cd278a02c17451af095c288", "md5": "45cfba3f1b54d79d1d6c8fbb77ba9870", "sha1": "6b95bf67ea45de4b98cc6ee89364d66ead46abfb", "sha256": "491971090692d470846169aee2343091eaf173715694449eb48b97addf62538c"}, "host": {"name": "CLIENT7.breach.local"}, "log": {"level": "information"}, "process": {"args": ["C:\\Program Files (x86)\\Mozilla Firefox\\firefox.exe", "-contentproc", "-parentBuildID", "20241209150345", "-prefsHandle", "2660", "-prefsLen", "29222", "-prefMapHandle", "2664", "-prefMapSize", "265948", "-ipcHandle", "2672", "-initialChannelId", "{544e8181-044a-481b-902e-ed1947434bea}", "-parentPid", "4304", "-crashReporter", "\\\\.\\pipe\\gecko-crash-server-pipe.4304", "-win32kLockedDown", "-appDir", "C:\\Program Files (x86)\\Mozilla Firefox\\browser", "-", "2", "socket"], "command_line": "\"C:\\Program Files (x86)\\Mozilla Firefox\\firefox.exe\" -contentproc -parentBuildID 20241209150345 -prefsHandle 2660 -prefsLen 29222 -prefMapHandle 2664 -prefMapSize 265948 -ipcHandle 2672 -initialChannelId {544e8181-044a-481b-902e-ed1947434bea} -parentPid 4304 -crashReporter \"\\\\.\\pipe\\gecko-crash-server-pipe.4304\" -win32kLockedDown -appDir \"C:\\Program Files (x86)\\Mozilla Firefox\\browser\" - 2 socket", "entity_id": "{416dd0c5-d244-676b-7e01-000000000900}", "executable": "C:\\Program Files (x86)\\Mozilla Firefox\\firefox.exe", "hash": {"md5": "45cfba3f1b54d79d1d6c8fbb77ba9870", "sha1": "6b95bf67ea45de4b98cc6ee89364d66ead46abfb", "sha256": "491971090692d470846169aee2343091eaf173715694449eb48b97addf62538c"}, "name": "firefox.exe", "parent": {"args": ["C:\\Program Files (x86)\\Mozilla Firefox\\firefox.exe", "--marionette", "--remote-debugging-port", "51338", "--remote-allow-hosts", "localhost", "-no-remote", "-profile", "C:\\Users\\client7\\AppData\\Local\\Temp\\rust_mozprofileRPNXxu"], "command_line": "\"C:\\Program Files (x86)\\Mozilla Firefox\\firefox.exe\" --marionette --remote-debugging-port 51338 --remote-allow-hosts localhost -no-remote -profile C:\\Users\\client7\\AppData\\Local\\Temp\\rust_mozprofileRPNXxu", "entity_id": "{416dd0c5-d240-676b-7c01-000000000900}", "executable": "C:\\Program Files (x86)\\Mozilla Firefox\\firefox.exe", "name": "firefox.exe", "pid": 4304}, "pe": {"imphash": "51bef41e5cd278a02c17451af095c288"}, "pid": 8184, "working_directory": "C:\\BREACH\\"}, "related": {"hash": ["6b95bf67ea45de4b98cc6ee89364d66ead46abfb", "45cfba3f1b54d79d1d6c8fbb77ba9870", "491971090692d470846169aee2343091eaf173715694449eb48b97addf62538c", "51bef41e5cd278a02c17451af095c288"], "user": "client7"}, "user": {"domain": "BREACH", "name": "client7"}, "winlog": {"api": "wineventlog", "channel": "Microsoft-Windows-Sysmon/Operational", "computer_name": "CLIENT7.breach.local", "event_data": {"Company": "Mozilla Corporation", "Description": "Firefox", "FileVersion": "133.0.3", "IntegrityLevel": "Low", "LogonGuid": "{416dd0c5-bdb2-676b-882c-040000000000}", "LogonId": "0x42c88", "OriginalFileName": "firefox.exe", "ParentUser": "BREACH\\client7", "Product": "Firefox", "RuleName": "-", "TerminalSessionId": "1"}, "event_id": 1, "opcode": "Info", "process": {"pid": 2840, "thread": {"id": 3428}}, "provider_guid": "{5770385f-c22a-43e0-bf4c-06f5698ffbd9}", "provider_name": "Microsoft-Windows-Sysmon", "record_id": 788785, "task": "Process Create (rule: ProcessCreate)", "user": {"domain": "NT AUTHORITY", "identifier": "S-1-5-18", "name": "SYSTEM", "type": "User"}, "version": 5}}
{"@timestamp": "2024-12-25T09:37:09.196Z", "agent": {"ephemeral_id": "daad58af-b5f8-4d26-a58a-aeff9b68a92f", "hostname": "CLIENT7", "id": "c35095e9-5f9f-4084-a651-3aaa2966847a", "name": "CLIENT7", "type": "winlogbeat", "version": "7.10.2"}, "ecs": {"version": "1.5.0"}, "event": {"action": "Process Create (rule: ProcessCreate)", "category": ["process"], "code": 1, "created": "2024-12-25T09:44:22.510Z", "kind": "event", "module": "sysmon", "provider": "Microsoft-Windows-Sysmon", "type": ["start", "process_start"]}, "hash": {"imphash": "51bef41e5cd278a02c17451af095c288", "md5": "45cfba3f1b54d79d1d6c8fbb77ba9870", "sha1": "6b95bf67ea45de4b98cc6ee89364d66ead46abfb", "sha256": "491971090692d470846169aee2343091eaf173715694449eb48b97addf62538c"}, "host": {"name": "CLIENT7.breach.local"}, "log": {"level": "information"}, "process": {"args": ["C:\\Program Files (x86)\\Mozilla Firefox\\firefox.exe", "-contentproc", "-isForBrowser", "-prefsHandle", "2972", "-prefsLen", "29793", "-prefMapHandle", "2976", "-prefMapSize", "265948", "-jsInitHandle", "2980", "-jsInitLen", "234660", "-parentBuildID", "20241209150345", "-ipcHandle", "2988", "-initialChannelId", "{53cfb959-2071-4cb6-bade-bc1b2ce92a2d}", "-parentPid", "4304", "-crashReporter", "\\\\.\\pipe\\gecko-crash-server-pipe.4304", "-win32kLockedDown", "-appDir", "C:\\Program Files (x86)\\Mozilla Firefox\\browser", "-", "3", "tab"], "command_line": "\"C:\\Program Files (x86)\\Mozilla Firefox\\firefox.exe\" -contentproc -isForBrowser -prefsHandle 2972 -prefsLen 29793 -prefMapHandle 2976 -prefMapSize 265948 -jsInitHandle 2980 -jsInitLen 234660 -parentBuildID 20241209150345 -ipcHandle 2988 -initialChannelId {53cfb959-2071-4cb6-bade-bc1b2ce92a2d} -parentPid 4304 -crashReporter \"\\\\.\\pipe\\gecko-crash-server-pipe.4304\" -win32kLockedDown -appDir \"C:\\Program Files (x86)\\Mozilla Firefox\\browser\" - 3 tab", "entity_id": "{416dd0c5-d245-676b-7f01-000000000900}", "executable": "C:\\Program Files (x86)\\Mozilla Firefox\\firefox.exe", "hash": {"md5": "45cfba3f1b54d79d1d6c8fbb77ba9870", "sha1": "6b95bf67ea45de4b98cc6ee89364d66ead46abfb", "sha256": "491971090692d470846169aee2343091eaf173715694449eb48b97addf62538c"}, "name": "firefox.exe", "parent": {"args": ["C:\\Program Files (x86)\\Mozilla Firefox\\firefox.exe", "--marionette", "--remote-debugging-port", "51338", "--remote-allow-hosts", "localhost", "-no-remote", "-profile", "C:\\Users\\client7\\AppData\\Local\\Temp\\rust_mozprofileRPNXxu"], "command_line": "\"C:\\Program Files (x86)\\Mozilla Firefox\\firefox.exe\" --marionette --remote-debugging-port 51338 --remote-allow-hosts localhost -no-remote -profile C:\\Users\\client7\\AppData\\Local\\Temp\\rust_mozprofileRPNXxu", "entity_id": "{416dd0c5-d240-676b-7c01-000000000900}", "executable": "C:\\Program Files (x86)\\Mozilla Firefox\\firefox.exe", "name": "firefox.exe", "pid": 4304}, "pe": {"imphash": "51bef41e5cd278a02c17451af095c288"}, "pid": 4416, "working_directory": "C:\\BREACH\\"}, "related": {"hash": ["6b95bf67ea45de4b98cc6ee89364d66ead46abfb", "45cfba3f1b54d79d1d6c8fbb77ba9870", "491971090692d470846169aee2343091eaf173715694449eb48b97addf62538c", "51bef41e5cd278a02c17451af095c288"], "user": "client7"}, "user": {"domain": "BREACH", "name": "client7"}, "winlog": {"api": "wineventlog", "channel": "Microsoft-Windows-Sysmon/Operational", "computer_name": "CLIENT7.breach.local", "event_data": {"Company": "Mozilla Corporation", "Description": "Firefox", "FileVersion": "133.0.3", "IntegrityLevel": "Low", "LogonGuid": "{416dd0c5-bdb2-676b-882c-040000000000}", "LogonId": "0x42c88", "OriginalFileName": "firefox.exe", "ParentUser": "BREACH\\client7", "Product": "Firefox", "RuleName": "-", "TerminalSessionId": "1"}, "event_id": 1, "opcode": "Info", "process": {"pid": 2840, "thread": {"id": 3428}}, "provider_guid": "{5770385f-c22a-43e0-bf4c-06f5698ffbd9}", "provider_name": "Microsoft-Windows-Sysmon", "record_id": 788889, "task": "Process Create (rule: ProcessCreate)", "user": {"domain": "NT AUTHORITY", "identifier": "S-1-5-18", "name": "SYSTEM", "type": "User"}, "version": 5}}
{"@timestamp": "2024-12-25T09:37:09.747Z", "agent": {"ephemeral_id": "daad58af-b5f8-4d26-a58a-aeff9b68a92f", "hostname": "CLIENT7", "id": "c35095e9-5f9f-4084-a651-3aaa2966847a", "name": "CLIENT7", "type": "winlogbeat", "version": "7.10.2"}, "ecs": {"version": "1.5.0"}, "event": {"action": "Process Create (rule: ProcessCreate)", "category": ["process"], "code": 1, "created": "2024-12-25T09:44:22.541Z", "kind": "event", "module": "sysmon", "provider": "Microsoft-Windows-Sysmon", "type": ["start", "process_start"]}, "hash": {"imphash": "51bef41e5cd278a02c17451af095c288", "md5": "45cfba3f1b54d79d1d6c8fbb77ba9870", "sha1": "6b95bf67ea45de4b98cc6ee89364d66ead46abfb", "sha256": "491971090692d470846169aee2343091eaf173715694449eb48b97addf62538c"}, "host": {"name": "CLIENT7.breach.local"}, "log": {"level": "information"}, "process": {"args": ["C:\\Program Files (x86)\\Mozilla Firefox\\firefox.exe", "-contentproc", "-isForBrowser", "-prefsHandle", "3788", "-prefsLen", "29117", "-prefMapHandle", "3792", "-prefMapSize", "265948", "-jsInitHandle", "3796", "-jsInitLen", "234660", "-parentBuildID", "20241209150345", "-ipcHandle", "3720", "-initialChannelId", "{e5f99a07-db47-489d-a7bc-636d987e7619}", "-parentPid", "4304", "-crashReporter", "\\\\.\\pipe\\gecko-crash-server-pipe.4304", "-win32kLockedDown", "-appDir", "C:\\Program Files (x86)\\Mozilla Firefox\\browser", "-", "4", "tab"], "command_line": "\"C:\\Program Files (x86)\\Mozilla Firefox\\firefox.exe\" -contentproc -isForBrowser -prefsHandle 3788 -prefsLen 29117 -prefMapHandle 3792 -prefMapSize 265948 -jsInitHandle 3796 -jsInitLen 234660 -parentBuildID 20241209150345 -ipcHandle 3720 -initialChannelId {e5f99a07-db47-489d-a7bc-636d987e7619} -parentPid 4304 -crashReporter \"\\\\.\\pipe\\gecko-crash-server-pipe.4304\" -win32kLockedDown -appDir \"C:\\Program Files (x86)\\Mozilla Firefox\\browser\" - 4 tab", "entity_id": "{416dd0c5-d245-676b-8001-000000000900}", "executable": "C:\\Program Files (x86)\\Mozilla Firefox\\firefox.exe", "hash": {"md5": "45cfba3f1b54d79d1d6c8fbb77ba9870", "sha1": "6b95bf67ea45de4b98cc6ee89364d66ead46abfb", "sha256": "491971090692d470846169aee2343091eaf173715694449eb48b97addf62538c"}, "name": "firefox.exe", "parent": {"args": ["C:\\Program Files (x86)\\Mozilla Firefox\\firefox.exe", "--marionette", "--remote-debugging-port", "51338", "--remote-allow-hosts", "localhost", "-no-remote", "-profile", "C:\\Users\\client7\\AppData\\Local\\Temp\\rust_mozprofileRPNXxu"], "command_line": "\"C:\\Program Files (x86)\\Mozilla Firefox\\firefox.exe\" --marionette --remote-debugging-port 51338 --remote-allow-hosts localhost -no-remote -profile C:\\Users\\client7\\AppData\\Local\\Temp\\rust_mozprofileRPNXxu", "entity_id": "{416dd0c5-d240-676b-7c01-000000000900}", "executable": "C:\\Program Files (x86)\\Mozilla Firefox\\firefox.exe", "name": "firefox.exe", "pid": 4304}, "pe": {"imphash": "51bef41e5cd278a02c17451af095c288"}, "pid": 8176, "working_directory": "C:\\BREACH\\"}, "related": {"hash": ["6b95bf67ea45de4b98cc6ee89364d66ead46abfb", "45cfba3f1b54d79d1d6c8fbb77ba9870", "491971090692d470846169aee2343091eaf173715694449eb48b97addf62538c", "51bef41e5cd278a02c17451af095c288"], "user": "client7"}, "user": {"domain": "BREACH", "name": "client7"}, "winlog": {"api": "wineventlog", "channel": "Microsoft-Windows-Sysmon/Operational", "computer_name": "CLIENT7.breach.local", "event_data": {"Company": "Mozilla Corporation", "Description": "Firefox", "FileVersion": "133.0.3", "IntegrityLevel": "Low", "LogonGuid": "{416dd0c5-bdb2-676b-882c-040000000000}", "LogonId": "0x42c88", "OriginalFileName": "firefox.exe", "ParentUser": "BREACH\\client7", "Product": "Firefox", "RuleName": "-", "TerminalSessionId": "1"}, "event_id": 1, "opcode": "Info", "process": {"pid": 2840, "thread": {"id": 3428}}, "provider_guid": "{5770385f-c22a-43e0-bf4c-06f5698ffbd9}", "provider_name": "Microsoft-Windows-Sysmon", "record_id": 788961, "task": "Process Create (rule: ProcessCreate)", "user": {"domain": "NT AUTHORITY", "identifier": "S-1-5-18", "name": "SYSTEM", "type": "User"}, "version": 5}}
{"@timestamp": "2024-12-25T09:37:11.999Z", "agent": {"ephemeral_id": "daad58af-b5f8-4d26-a58a-aeff9b68a92f", "hostname": "CLIENT7", "id": "c35095e9-5f9f-4084-a651-3aaa2966847a", "name": "CLIENT7", "type": "winlogbeat", "version": "7.10.2"}, "ecs": {"version": "1.5.0"}, "event": {"action": "Process Create (rule: ProcessCreate)", "category": ["process"], "code": 1, "created": "2024-12-25T09:44:52.998Z", "kind": "event", "module": "sysmon", "provider": "Microsoft-Windows-Sysmon", "type": ["start", "process_start"]}, "hash": {"imphash": "51bef41e5cd278a02c17451af095c288", "md5": "45cfba3f1b54d79d1d6c8fbb77ba9870", "sha1": "6b95bf67ea45de4b98cc6ee89364d66ead46abfb", "sha256": "491971090692d470846169aee2343091eaf173715694449eb48b97addf62538c"}, "host": {"name": "CLIENT7.breach.local"}, "log": {"level": "information"}, "process": {"args": ["C:\\Program Files (x86)\\Mozilla Firefox\\firefox.exe", "-contentproc", "-isForBrowser", "-prefsHandle", "3140", "-prefsLen", "36930", "-prefMapHandle", "3136", "-prefMapSize", "265948", "-jsInitHandle", "4452", "-jsInitLen", "234660", "-parentBuildID", "20241209150345", "-ipcHandle", "4460", "-initialChannelId", "{87c2c12a-54c5-4ca0-881c-b4b3e79bb29f}", "-parentPid", "4304", "-crashReporter", "\\\\.\\pipe\\gecko-crash-server-pipe.4304", "-win32kLockedDown", "-appDir", "C:\\Program Files (x86)\\Mozilla Firefox\\browser", "-", "5", "tab"], "command_line": "\"C:\\Program Files (x86)\\Mozilla Firefox\\firefox.exe\" -contentproc -isForBrowser -prefsHandle 3140 -prefsLen 36930 -prefMapHandle 3136 -prefMapSize 265948 -jsInitHandle 4452 -jsInitLen 234660 -parentBuildID 20241209150345 -ipcHandle 4460 -initialChannelId {87c2c12a-54c5-4ca0-881c-b4b3e79bb29f} -parentPid 4304 -crashReporter \"\\\\.\\pipe\\gecko-crash-server-pipe.4304\" -win32kLockedDown -appDir \"C:\\Program Files (x86)\\Mozilla Firefox\\browser\" - 5 tab", "entity_id": "{416dd0c5-d247-676b-8101-000000000900}", "executable": "C:\\Program Files (x86)\\Mozilla Firefox\\firefox.exe", "hash": {"md5": "45cfba3f1b54d79d1d6c8fbb77ba9870", "sha1": "6b95bf67ea45de4b98cc6ee89364d66ead46abfb", "sha256": "491971090692d470846169aee2343091eaf173715694449eb48b97addf62538c"}, "name": "firefox.exe", "parent": {"args": ["C:\\Program Files (x86)\\Mozilla Firefox\\firefox.exe", "--marionette", "--remote-debugging-port", "51338", "--remote-allow-hosts", "localhost", "-no-remote", "-profile", "C:\\Users\\client7\\AppData\\Local\\Temp\\rust_mozprofileRPNXxu"], "command_line": "\"C:\\Program Files (x86)\\Mozilla Firefox\\firefox.exe\" --marionette --remote-debugging-port 51338 --remote-allow-hosts localhost -no-remote -profile C:\\Users\\client7\\AppData\\Local\\Temp\\rust_mozprofileRPNXxu", "entity_id": "{416dd0c5-d240-676b-7c01-000000000900}", "executable": "C:\\Program Files (x86)\\Mozilla Firefox\\firefox.exe", "name": "firefox.exe", "pid": 4304}, "pe": {"imphash": "51bef41e5cd278a02c17451af095c288"}, "pid": 5872, "working_directory": "C:\\BREACH\\"}, "related": {"hash": ["6b95bf67ea45de4b98cc6ee89364d66ead46abfb", "45cfba3f1b54d79d1d6c8fbb77ba9870", "491971090692d470846169aee2343091eaf173715694449eb48b97addf62538c", "51bef41e5cd278a02c17451af095c288"], "user": "client7"}, "user": {"domain": "BREACH", "name": "client7"}, "winlog": {"api": "wineventlog", "channel": "Microsoft-Windows-Sysmon/Operational", "computer_name": "CLIENT7.breach.local", "event_data": {"Company": "Mozilla Corporation", "Description": "Firefox", "FileVersion": "133.0.3", "IntegrityLevel": "Low", "LogonGuid": "{416dd0c5-bdb2-676b-882c-040000000000}", "LogonId": "0x42c88", "OriginalFileName": "firefox.exe", "ParentUser": "BREACH\\client7", "Product": "Firefox", "RuleName": "-", "TerminalSessionId": "1"}, "event_id": 1, "opcode": "Info", "process": {"pid": 2840, "thread": {"id": 3428}}, "provider_guid": "{5770385f-c22a-43e0-bf4c-06f5698ffbd9}", "provider_name": "Microsoft-Windows-Sysmon", "record_id": 789118, "task": "Process Create (rule: ProcessCreate)", "user": {"domain": "NT AUTHORITY", "identifier": "S-1-5-18", "name": "SYSTEM", "type": "User"}, "version": 5}}
{"@timestamp": "2024-12-25T09:37:12.397Z", "agent": {"ephemeral_id": "daad58af-b5f8-4d26-a58a-aeff9b68a92f", "hostname": "CLIENT7", "id": "c35095e9-5f9f-4084-a651-3aaa2966847a", "name": "CLIENT7", "type": "winlogbeat", "version": "7.10.2"}, "ecs": {"version": "1.5.0"}, "event": {"action": "Process Create (rule: ProcessCreate)", "category": ["process"], "code": 1, "created": "2024-12-25T09:45:07.232Z", "kind": "event", "module": "sysmon", "provider": "Microsoft-Windows-Sysmon", "type": ["start", "process_start"]}, "hash": {"imphash": "51bef41e5cd278a02c17451af095c288", "md5": "45cfba3f1b54d79d1d6c8fbb77ba9870", "sha1": "6b95bf67ea45de4b98cc6ee89364d66ead46abfb", "sha256": "491971090692d470846169aee2343091eaf173715694449eb48b97addf62538c"}, "host": {"name": "CLIENT7.breach.local"}, "log": {"level": "information"}, "process": {"args": ["C:\\Program Files (x86)\\Mozilla Firefox\\firefox.exe", "-contentproc", "-parentBuildID", "20241209150345", "-sandboxingKind", "0", "-prefsHandle", "4876", "-prefsLen", "39218", "-prefMapHandle", "4880", "-prefMapSize", "265948", "-ipcHandle", "4888", "-initialChannelId", "{b7875121-3f52-47f2-b4f9-8279f4b1b13d}", "-parentPid", "4304", "-crashReporter", "\\\\.\\pipe\\gecko-crash-server-pipe.4304", "-win32kLockedDown", "-appDir", "C:\\Program Files (x86)\\Mozilla Firefox\\browser", "-", "6", "utility"], "command_line": "\"C:\\Program Files (x86)\\Mozilla Firefox\\firefox.exe\" -contentproc -parentBuildID 20241209150345 -sandboxingKind 0 -prefsHandle 4876 -prefsLen 39218 -prefMapHandle 4880 -prefMapSize 265948 -ipcHandle 4888 -initialChannelId {b7875121-3f52-47f2-b4f9-8279f4b1b13d} -parentPid 4304 -crashReporter \"\\\\.\\pipe\\gecko-crash-server-pipe.4304\" -win32kLockedDown -appDir \"C:\\Program Files (x86)\\Mozilla Firefox\\browser\" - 6 utility", "entity_id": "{416dd0c5-d248-676b-8201-000000000900}", "executable": "C:\\Program Files (x86)\\Mozilla Firefox\\firefox.exe", "hash": {"md5": "45cfba3f1b54d79d1d6c8fbb77ba9870", "sha1": "6b95bf67ea45de4b98cc6ee89364d66ead46abfb", "sha256": "491971090692d470846169aee2343091eaf173715694449eb48b97addf62538c"}, "name": "firefox.exe", "parent": {"args": ["C:\\Program Files (x86)\\Mozilla Firefox\\firefox.exe", "--marionette", "--remote-debugging-port", "51338", "--remote-allow-hosts", "localhost", "-no-remote", "-profile", "C:\\Users\\client7\\AppData\\Local\\Temp\\rust_mozprofileRPNXxu"], "command_line": "\"C:\\Program Files (x86)\\Mozilla Firefox\\firefox.exe\" --marionette --remote-debugging-port 51338 --remote-allow-hosts localhost -no-remote -profile C:\\Users\\client7\\AppData\\Local\\Temp\\rust_mozprofileRPNXxu", "entity_id": "{416dd0c5-d240-676b-7c01-000000000900}", "executable": "C:\\Program Files (x86)\\Mozilla Firefox\\firefox.exe", "name": "firefox.exe", "pid": 4304}, "pe": {"imphash": "51bef41e5cd278a02c17451af095c288"}, "pid": 4792, "working_directory": "C:\\BREACH\\"}, "related": {"hash": ["6b95bf67ea45de4b98cc6ee89364d66ead46abfb", "45cfba3f1b54d79d1d6c8fbb77ba9870", "491971090692d470846169aee2343091eaf173715694449eb48b97addf62538c", "51bef41e5cd278a02c17451af095c288"], "user": "client7"}, "user": {"domain": "BREACH", "name": "client7"}, "winlog": {"api": "wineventlog", "channel": "Microsoft-Windows-Sysmon/Operational", "computer_name": "CLIENT7.breach.local", "event_data": {"Company": "Mozilla Corporation", "Description": "Firefox", "FileVersion": "133.0.3", "IntegrityLevel": "Low", "LogonGuid": "{416dd0c5-bdb2-676b-882c-040000000000}", "LogonId": "0x42c88", "OriginalFileName": "firefox.exe", "ParentUser": "BREACH\\client7", "Product": "Firefox", "RuleName": "-", "TerminalSessionId": "1"}, "event_id": 1, "opcode": "Info", "process": {"pid": 2840, "thread": {"id": 3428}}, "provider_guid": "{5770385f-c22a-43e0-bf4c-06f5698ffbd9}", "provider_name": "Microsoft-Windows-Sysmon", "record_id": 789185, "task": "Process Create (rule: ProcessCreate)", "user": {"domain": "NT AUTHORITY", "identifier": "S-1-5-18", "name": "SYSTEM", "type": "User"}, "version": 5}}
{"@timestamp": "2024-12-25T09:37:16.263Z", "agent": {"ephemeral_id": "daad58af-b5f8-4d26-a58a-aeff9b68a92f", "hostname": "CLIENT7", "id": "c35095e9-5f9f-4084-a651-3aaa2966847a", "name": "CLIENT7", "type": "winlogbeat", "version": "7.10.2"}, "ecs": {"version": "1.5.0"}, "event": {"action": "Logon", "code": 4624, "created": "2024-12-25T09:37:18.733Z", "kind": "event", "outcome": "success", "provider": "Microsoft-Windows-Security-Auditing"}, "host": {"name": "CLIENT7.breach.local"}, "log": {"level": "information"}, "winlog": {"activity_id": "{461cc5c8-56a4-0001-5cc6-1c46a456db01}", "api": "wineventlog", "channel": "Security", "computer_name": "CLIENT7.breach.local", "event_data": {"AuthenticationPackageName": "Negotiate", "ElevatedToken": "%%1842", "ImpersonationLevel": "%%1833", "IpAddress": "-", "IpPort": "-", "KeyLength": "0", "LmPackageName": "-", "LogonGuid": "{00000000-0000-0000-0000-000000000000}", "LogonProcessName": "Advapi  ", "LogonType": "5", "ProcessId": "0x288", "ProcessName": "C:\\Windows\\System32\\services.exe", "RestrictedAdminMode": "-", "SubjectDomainName": "BREACH", "SubjectLogonId": "0x3e7", "SubjectUserName": "CLIENT7$", "SubjectUserSid": "S-1-5-18", "TargetDomainName": "NT AUTHORITY", "TargetLinkedLogonId": "0x0", "TargetLogonId": "0x3e7", "TargetOutboundDomainName": "-", "TargetOutboundUserName": "-", "TargetUserName": "SYSTEM", "TargetUserSid": "S-1-5-18", "TransmittedServices": "-", "VirtualAccount": "%%1843", "WorkstationName": "-"}, "event_id": 4624, "keywords": ["Audit Success"], "opcode": "Info", "process": {"pid": 664, "thread": {"id": 1700}}, "provider_guid": "{54849625-5478-4994-a5ba-3e3b0328c30d}", "provider_name": "Microsoft-Windows-Security-Auditing", "record_id": 22424, "task": "Logon", "version": 2}}
{"@timestamp": "2024-12-25T09:37:16.263Z", "agent": {"ephemeral_id": "daad58af-b5f8-4d26-a58a-aeff9b68a92f", "hostname": "CLIENT7", "id": "c35095e9-5f9f-4084-a651-3aaa2966847a", "name": "CLIENT7", "type": "winlogbeat", "version": "7.10.2"}, "ecs": {"version": "1.5.0"}, "event": {"action": "Special Logon", "code": 4672, "created": "2024-12-25T09:37:18.733Z", "kind": "event", "outcome": "success", "provider": "Microsoft-Windows-Security-Auditing"}, "host": {"name": "CLIENT7.breach.local"}, "log": {"level": "information"}, "winlog": {"activity_id": "{461cc5c8-56a4-0001-5cc6-1c46a456db01}", "api": "wineventlog", "channel": "Security", "computer_name": "CLIENT7.breach.local", "event_data": {"PrivilegeList": "SeAssignPrimaryTokenPrivilege\n\t\t\tSeTcbPrivilege\n\t\t\tSeSecurityPrivilege\n\t\t\tSeTakeOwnershipPrivilege\n\t\t\tSeLoadDriverPrivilege\n\t\t\tSeBackupPrivilege\n\t\t\tSeRestorePrivilege\n\t\t\tSeDebugPrivilege\n\t\t\tSeAuditPrivilege\n\t\t\tSeSystemEnvironmentPrivilege\n\t\t\tSeImpersonatePrivilege\n\t\t\tSeDelegateSessionUserImpersonatePrivilege", "SubjectDomainName": "NT AUTHORITY", "SubjectLogonId": "0x3e7", "SubjectUserName": "SYSTEM", "SubjectUserSid": "S-1-5-18"}, "event_id": 4672, "keywords": ["Audit Success"], "opcode": "Info", "process": {"pid": 664, "thread": {"id": 1700}}, "provider_guid": "{54849625-5478-4994-a5ba-3e3b0328c30d}", "provider_name": "Microsoft-Windows-Security-Auditing", "record_id": 22425, "task": "Special Logon"}}
{"@timestamp": "2024-12-25T09:37:30.936Z", "agent": {"ephemeral_id": "daad58af-b5f8-4d26-a58a-aeff9b68a92f", "hostname": "CLIENT7", "id": "c35095e9-5f9f-4084-a651-3aaa2966847a", "name": "CLIENT7", "type": "winlogbeat", "version": "7.10.2"}, "ecs": {"version": "1.5.0"}, "event": {"action": "Logon", "code": 4624, "created": "2024-12-25T09:37:33.436Z", "kind": "event", "outcome": "success", "provider": "Microsoft-Windows-Security-Auditing"}, "host": {"name": "CLIENT7.breach.local"}, "log": {"level": "information"}, "winlog": {"activity_id": "{461cc5c8-56a4-0001-5cc6-1c46a456db01}", "api": "wineventlog", "channel": "Security", "computer_name": "CLIENT7.breach.local", "event_data": {"AuthenticationPackageName": "Negotiate", "ElevatedToken": "%%1842", "ImpersonationLevel": "%%1833", "IpAddress": "-", "IpPort": "-", "KeyLength": "0", "LmPackageName": "-", "LogonGuid": "{00000000-0000-0000-0000-000000000000}", "LogonProcessName": "Advapi  ", "LogonType": "5", "ProcessId": "0x288", "ProcessName": "C:\\Windows\\System32\\services.exe", "RestrictedAdminMode": "-", "SubjectDomainName": "BREACH", "SubjectLogonId": "0x3e7", "SubjectUserName": "CLIENT7$", "SubjectUserSid": "S-1-5-18", "TargetDomainName": "NT AUTHORITY", "TargetLinkedLogonId": "0x0", "TargetLogonId": "0x3e7", "TargetOutboundDomainName": "-", "TargetOutboundUserName": "-", "TargetUserName": "SYSTEM", "TargetUserSid": "S-1-5-18", "TransmittedServices": "-", "VirtualAccount": "%%1843", "WorkstationName": "-"}, "event_id": 4624, "keywords": ["Audit Success"], "opcode": "Info", "process": {"pid": 664, "thread": {"id": 1700}}, "provider_guid": "{54849625-5478-4994-a5ba-3e3b0328c30d}", "provider_name": "Microsoft-Windows-Security-Auditing", "record_id": 22426, "task": "Logon", "version": 2}}
{"@timestamp": "2024-12-25T09:37:30.936Z", "agent": {"ephemeral_id": "daad58af-b5f8-4d26-a58a-aeff9b68a92f", "hostname": "CLIENT7", "id": "c35095e9-5f9f-4084-a651-3aaa2966847a", "name": "CLIENT7", "type": "winlogbeat", "version": "7.10.2"}, "ecs": {"version": "1.5.0"}, "event": {"action": "Special Logon", "code": 4672, "created": "2024-12-25T09:37:33.436Z", "kind": "event", "outcome": "success", "provider": "Microsoft-Windows-Security-Auditing"}, "host": {"name": "CLIENT7.breach.local"}, "log": {"level": "information"}, "winlog": {"activity_id": "{461cc5c8-56a4-0001-5cc6-1c46a456db01}", "api": "wineventlog", "channel": "Security", "computer_name": "CLIENT7.breach.local", "event_data": {"PrivilegeList": "SeAssignPrimaryTokenPrivilege\n\t\t\tSeTcbPrivilege\n\t\t\tSeSecurityPrivilege\n\t\t\tSeTakeOwnershipPrivilege\n\t\t\tSeLoadDriverPrivilege\n\t\t\tSeBackupPrivilege\n\t\t\tSeRestorePrivilege\n\t\t\tSeDebugPrivilege\n\t\t\tSeAuditPrivilege\n\t\t\tSeSystemEnvironmentPrivilege\n\t\t\tSeImpersonatePrivilege\n\t\t\tSeDelegateSessionUserImpersonatePrivilege", "SubjectDomainName": "NT AUTHORITY", "SubjectLogonId": "0x3e7", "SubjectUserName": "SYSTEM", "SubjectUserSid": "S-1-5-18"}, "event_id": 4672, "keywords": ["Audit Success"], "opcode": "Info", "process": {"pid": 664, "thread": {"id": 1700}}, "provider_guid": "{54849625-5478-4994-a5ba-3e3b0328c30d}", "provider_name": "Microsoft-Windows-Security-Auditing", "record_id": 22427, "task": "Special Logon"}}
{"@timestamp": "2024-12-25T09:39:16.154Z", "agent": {"ephemeral_id": "daad58af-b5f8-4d26-a58a-aeff9b68a92f", "hostname": "CLIENT7", "id": "c35095e9-5f9f-4084-a651-3aaa2966847a", "name": "CLIENT7", "type": "winlogbeat", "version": "7.10.2"}, "ecs": {"version": "1.5.0"}, "event": {"action": "Logon", "code": 4624, "created": "2024-12-25T09:39:21.709Z", "kind": "event", "outcome": "success", "provider": "Microsoft-Windows-Security-Auditing"}, "host": {"name": "CLIENT7.breach.local"}, "log": {"level": "information"}, "winlog": {"activity_id": "{461cc5c8-56a4-0001-5cc6-1c46a456db01}", "api": "wineventlog", "channel": "Security", "computer_name": "CLIENT7.breach.local", "event_data": {"AuthenticationPackageName": "Negotiate", "ElevatedToken": "%%1842", "ImpersonationLevel": "%%1833", "IpAddress": "-", "IpPort": "-", "KeyLength": "0", "LmPackageName": "-", "LogonGuid": "{00000000-0000-0000-0000-000000000000}", "LogonProcessName": "Advapi  ", "LogonType": "5", "ProcessId": "0x288", "ProcessName": "C:\\Windows\\System32\\services.exe", "RestrictedAdminMode": "-", "SubjectDomainName": "BREACH", "SubjectLogonId": "0x3e7", "SubjectUserName": "CLIENT7$", "SubjectUserSid": "S-1-5-18", "TargetDomainName": "NT AUTHORITY", "TargetLinkedLogonId": "0x0", "TargetLogonId": "0x3e7", "TargetOutboundDomainName": "-", "TargetOutboundUserName": "-", "TargetUserName": "SYSTEM", "TargetUserSid": "S-1-5-18", "TransmittedServices": "-", "VirtualAccount": "%%1843", "WorkstationName": "-"}, "event_id": 4624, "keywords": ["Audit Success"], "opcode": "Info", "process": {"pid": 664, "thread": {"id": 720}}, "provider_guid": "{54849625-5478-4994-a5ba-3e3b0328c30d}", "provider_name": "Microsoft-Windows-Security-Auditing", "record_id": 22428, "task": "Logon", "version": 2}}
{"@timestamp": "2024-12-25T09:39:16.154Z", "agent": {"ephemeral_id": "daad58af-b5f8-4d26-a58a-aeff9b68a92f", "hostname": "CLIENT7", "id": "c35095e9-5f9f-4084-a651-3aaa2966847a", "name": "CLIENT7", "type": "winlogbeat", "version": "7.10.2"}, "ecs": {"version": "1.5.0"}, "event": {"action": "Special Logon", "code": 4672, "created": "2024-12-25T09:39:21.709Z", "kind": "event", "outcome": "success", "provider": "Microsoft-Windows-Security-Auditing"}, "host": {"name": "CLIENT7.breach.local"}, "log": {"level": "information"}, "winlog": {"activity_id": "{461cc5c8-56a4-0001-5cc6-1c46a456db01}", "api": "wineventlog", "channel": "Security", "computer_name": "CLIENT7.breach.local", "event_data": {"PrivilegeList": "SeAssignPrimaryTokenPrivilege\n\t\t\tSeTcbPrivilege\n\t\t\tSeSecurityPrivilege\n\t\t\tSeTakeOwnershipPrivilege\n\t\t\tSeLoadDriverPrivilege\n\t\t\tSeBackupPrivilege\n\t\t\tSeRestorePrivilege\n\t\t\tSeDebugPrivilege\n\t\t\tSeAuditPrivilege\n\t\t\tSeSystemEnvironmentPrivilege\n\t\t\tSeImpersonatePrivilege\n\t\t\tSeDelegateSessionUserImpersonatePrivilege", "SubjectDomainName": "NT AUTHORITY", "SubjectLogonId": "0x3e7", "SubjectUserName": "SYSTEM", "SubjectUserSid": "S-1-5-18"}, "event_id": 4672, "keywords": ["Audit Success"], "opcode": "Info", "process": {"pid": 664, "thread": {"id": 720}}, "provider_guid": "{54849625-5478-4994-a5ba-3e3b0328c30d}", "provider_name": "Microsoft-Windows-Security-Auditing", "record_id": 22429, "task": "Special Logon"}}
{"@timestamp": "2024-12-25T09:39:59.241Z", "agent": {"ephemeral_id": "daad58af-b5f8-4d26-a58a-aeff9b68a92f", "hostname": "CLIENT7", "id": "c35095e9-5f9f-4084-a651-3aaa2966847a", "name": "CLIENT7", "type": "winlogbeat", "version": "7.10.2"}, "ecs": {"version": "1.5.0"}, "event": {"action": "Logon", "code": 4624, "created": "2024-12-25T09:40:02.374Z", "kind": "event", "outcome": "success", "provider": "Microsoft-Windows-Security-Auditing"}, "host": {"name": "CLIENT7.breach.local"}, "log": {"level": "information"}, "winlog": {"activity_id": "{461cc5c8-56a4-0001-5cc6-1c46a456db01}", "api": "wineventlog", "channel": "Security", "computer_name": "CLIENT7.breach.local", "event_data": {"AuthenticationPackageName": "Negotiate", "ElevatedToken": "%%1842", "ImpersonationLevel": "%%1833", "IpAddress": "-", "IpPort": "-", "KeyLength": "0", "LmPackageName": "-", "LogonGuid": "{00000000-0000-0000-0000-000000000000}", "LogonProcessName": "Advapi  ", "LogonType": "5", "ProcessId": "0x288", "ProcessName": "C:\\Windows\\System32\\services.exe", "RestrictedAdminMode": "-", "SubjectDomainName": "BREACH", "SubjectLogonId": "0x3e7", "SubjectUserName": "CLIENT7$", "SubjectUserSid": "S-1-5-18", "TargetDomainName": "NT AUTHORITY", "TargetLinkedLogonId": "0x0", "TargetLogonId": "0x3e7", "TargetOutboundDomainName": "-", "TargetOutboundUserName": "-", "TargetUserName": "SYSTEM", "TargetUserSid": "S-1-5-18", "TransmittedServices": "-", "VirtualAccount": "%%1843", "WorkstationName": "-"}, "event_id": 4624, "keywords": ["Audit Success"], "opcode": "Info", "process": {"pid": 664, "thread": {"id": 1700}}, "provider_guid": "{54849625-5478-4994-a5ba-3e3b0328c30d}", "provider_name": "Microsoft-Windows-Security-Auditing", "record_id": 22430, "task": "Logon", "version": 2}}
{"@timestamp": "2024-12-25T09:39:59.241Z", "agent": {"ephemeral_id": "daad58af-b5f8-4d26-a58a-aeff9b68a92f", "hostname": "CLIENT7", "id": "c35095e9-5f9f-4084-a651-3aaa2966847a", "name": "CLIENT7", "type": "winlogbeat", "version": "7.10.2"}, "ecs": {"version": "1.5.0"}, "event": {"action": "Special Logon", "code": 4672, "created": "2024-12-25T09:40:02.374Z", "kind": "event", "outcome": "success", "provider": "Microsoft-Windows-Security-Auditing"}, "host": {"name": "CLIENT7.breach.local"}, "log": {"level": "information"}, "winlog": {"activity_id": "{461cc5c8-56a4-0001-5cc6-1c46a456db01}", "api": "wineventlog", "channel": "Security", "computer_name": "CLIENT7.breach.local", "event_data": {"PrivilegeList": "SeAssignPrimaryTokenPrivilege\n\t\t\tSeTcbPrivilege\n\t\t\tSeSecurityPrivilege\n\t\t\tSeTakeOwnershipPrivilege\n\t\t\tSeLoadDriverPrivilege\n\t\t\tSeBackupPrivilege\n\t\t\tSeRestorePrivilege\n\t\t\tSeDebugPrivilege\n\t\t\tSeAuditPrivilege\n\t\t\tSeSystemEnvironmentPrivilege\n\t\t\tSeImpersonatePrivilege\n\t\t\tSeDelegateSessionUserImpersonatePrivilege", "SubjectDomainName": "NT AUTHORITY", "SubjectLogonId": "0x3e7", "SubjectUserName": "SYSTEM", "SubjectUserSid": "S-1-5-18"}, "event_id": 4672, "keywords": ["Audit Success"], "opcode": "Info", "process": {"pid": 664, "thread": {"id": 1700}}, "provider_guid": "{54849625-5478-4994-a5ba-3e3b0328c30d}", "provider_name": "Microsoft-Windows-Security-Auditing", "record_id": 22431, "task": "Special Logon"}}
{"@timestamp": "2024-12-25T09:45:27.670Z", "agent": {"ephemeral_id": "daad58af-b5f8-4d26-a58a-aeff9b68a92f", "hostname": "CLIENT7", "id": "c35095e9-5f9f-4084-a651-3aaa2966847a", "name": "CLIENT7", "type": "winlogbeat", "version": "7.10.2"}, "ecs": {"version": "1.5.0"}, "event": {"action": "Logon", "code": 4624, "created": "2024-12-25T09:45:30.518Z", "kind": "event", "outcome": "success", "provider": "Microsoft-Windows-Security-Auditing"}, "host": {"name": "CLIENT7.breach.local"}, "log": {"level": "information"}, "winlog": {"activity_id": "{461cc5c8-56a4-0001-5cc6-1c46a456db01}", "api": "wineventlog", "channel": "Security", "computer_name": "CLIENT7.breach.local", "event_data": {"AuthenticationPackageName": "Negotiate", "ElevatedToken": "%%1842", "ImpersonationLevel": "%%1833", "IpAddress": "-", "IpPort": "-", "KeyLength": "0", "LmPackageName": "-", "LogonGuid": "{00000000-0000-0000-0000-000000000000}", "LogonProcessName": "Advapi  ", "LogonType": "5", "ProcessId": "0x288", "ProcessName": "C:\\Windows\\System32\\services.exe", "RestrictedAdminMode": "-", "SubjectDomainName": "BREACH", "SubjectLogonId": "0x3e7", "SubjectUserName": "CLIENT7$", "SubjectUserSid": "S-1-5-18", "TargetDomainName": "NT AUTHORITY", "TargetLinkedLogonId": "0x0", "TargetLogonId": "0x3e7", "TargetOutboundDomainName": "-", "TargetOutboundUserName": "-", "TargetUserName": "SYSTEM", "TargetUserSid": "S-1-5-18", "TransmittedServices": "-", "VirtualAccount": "%%1843", "WorkstationName": "-"}, "event_id": 4624, "keywords": ["Audit Success"], "opcode": "Info", "process": {"pid": 664, "thread": {"id": 720}}, "provider_guid": "{54849625-5478-4994-a5ba-3e3b0328c30d}", "provider_name": "Microsoft-Windows-Security-Auditing", "record_id": 22432, "task": "Logon", "version": 2}}
{"@timestamp": "2024-12-25T09:45:27.670Z", "agent": {"ephemeral_id": "daad58af-b5f8-4d26-a58a-aeff9b68a92f", "hostname": "CLIENT7", "id": "c35095e9-5f9f-4084-a651-3aaa2966847a", "name": "CLIENT7", "type": "winlogbeat", "version": "7.10.2"}, "ecs": {"version": "1.5.0"}, "event": {"action": "Special Logon", "code": 4672, "created": "2024-12-25T09:45:30.518Z", "kind": "event", "outcome": "success", "provider": "Microsoft-Windows-Security-Auditing"}, "host": {"name": "CLIENT7.breach.local"}, "log": {"level": "information"}, "winlog": {"activity_id": "{461cc5c8-56a4-0001-5cc6-1c46a456db01}", "api": "wineventlog", "channel": "Security", "computer_name": "CLIENT7.breach.local", "event_data": {"PrivilegeList": "SeAssignPrimaryTokenPrivilege\n\t\t\tSeTcbPrivilege\n\t\t\tSeSecurityPrivilege\n\t\t\tSeTakeOwnershipPrivilege\n\t\t\tSeLoadDriverPrivilege\n\t\t\tSeBackupPrivilege\n\t\t\tSeRestorePrivilege\n\t\t\tSeDebugPrivilege\n\t\t\tSeAuditPrivilege\n\t\t\tSeSystemEnvironmentPrivilege\n\t\t\tSeImpersonatePrivilege\n\t\t\tSeDelegateSessionUserImpersonatePrivilege", "SubjectDomainName": "NT AUTHORITY", "SubjectLogonId": "0x3e7", "SubjectUserName": "SYSTEM", "SubjectUserSid": "S-1-5-18"}, "event_id": 4672, "keywords": ["Audit Success"], "opcode": "Info", "process": {"pid": 664, "thread": {"id": 720}}, "provider_guid": "{54849625-5478-4994-a5ba-3e3b0328c30d}", "provider_name": "Microsoft-Windows-Security-Auditing", "record_id": 22433, "task": "Special Logon"}}
