{"@timestamp": "2024-12-25T08:02:49.259Z", "agent": {"ephemeral_id": "4d435ba8-31a0-41c4-8175-5ef02120cf03", "hostname": "CLIENT9", "id": "c35095e9-5f9f-4084-a651-3aaa2966847a", "name": "CLIENT9", "type": "winlogbeat", "version": "7.10.2"}, "ecs": {"version": "1.5.0"}, "event": {"action": "Process Create (rule: ProcessCreate)", "category": ["process"], "code": 1, "created": "2024-12-25T08:04:57.152Z", "kind": "event", "module": "sysmon", "provider": "Microsoft-Windows-Sysmon", "type": ["start", "process_start"]}, "hash": {"imphash": "9514316f92e1910ddbce2ea3735d33a5", "md5": "793c887d404f3ee2f9b490c21c38dd80", "sha1": "c438640e94cdc3a0037d47b8228a6da9ea293af4", "sha256": "e11ae324ba8c7ad66869bc34d16594f053c9447f0b11bf8d147da259ad19dc92"}, "host": {"name": "CLIENT9.breach.local"}, "log": {"level": "information"}, "process": {"args": ["\\SystemRoot\\System32\\smss.exe"], "command_line": "\\SystemRoot\\System32\\smss.exe", "entity_id": "{416dd0c5-bc29-676b-0300-000000000900}", "executable": "C:\\Windows\\System32\\smss.exe", "hash": {"md5": "793c887d404f3ee2f9b490c21c38dd80", "sha1": "c438640e94cdc3a0037d47b8228a6da9ea293af4", "sha256": "e11ae324ba8c7ad66869bc34d16594f053c9447f0b11bf8d147da259ad19dc92"}, "name": "smss.exe", "parent": {"args": ["-"], "command_line": "-", "entity_id": "{416dd0c5-bc29-676b-eb03-000000000000}", "executable": "System", "name": "System", "pid": 4}, "pe": {"imphash": "9514316f92e1910ddbce2ea3735d33a5"}, "pid": 304, "working_directory": "C:\\Windows"}, "related": {"hash": ["c438640e94cdc3a0037d47b8228a6da9ea293af4", "793c887d404f3ee2f9b490c21c38dd80", "e11ae324ba8c7ad66869bc34d16594f053c9447f0b11bf8d147da259ad19dc92", "9514316f92e1910ddbce2ea3735d33a5"], "user": "SYSTEM"}, "user": {"domain": "NT AUTHORITY", "name": "SYSTEM"}, "winlog": {"api": "wineventlog", "channel": "Microsoft-Windows-Sysmon/Operational", "computer_name": "CLIENT9.breach.local", "event_data": {"Company": "Microsoft Corporation", "Description": "Windows Session Manager", "FileVersion": "10.0.19041.546 (WinBuild.160101.0800)", "IntegrityLevel": "System", "LogonGuid": "{416dd0c5-bc2b-676b-e703-000000000000}", "LogonId": "0x3e7", "OriginalFileName": "smss.exe", "ParentUser": "NT AUTHORITY\\SYSTEM", "Product": "Microsoft\u00ae Windows\u00ae Operating System", "RuleName": "-", "TerminalSessionId": "0"}, "event_id": 1, "opcode": "Info", "process": {"pid": 2824, "thread": {"id": 3260}}, "provider_guid": "{5770385f-c22a-43e0-bf4c-06f5698ffbd9}", "provider_name": "Microsoft-Windows-Sysmon", "record_id": 698473, "task": "Process Create (rule: ProcessCreate)", "user": {"domain": "NT AUTHORITY", "identifier": "S-1-5-18", "name": "SYSTEM", "type": "User"}, "version": 5}}
{"@timestamp": "2024-12-25T08:02:50.692Z", "agent": {"ephemeral_id": "4d435ba8-31a0-41c4-8175-5ef02120cf03", "hostname": "CLIENT9", "id": "c35095e9-5f9f-4084-a651-3aaa2966847a", "name": "CLIENT9", "type": "winlogbeat", "version": "7.10.2"}, "ecs": {"version": "1.5.0"}, "event": {"action": "Process Create (rule: ProcessCreate)", "category": ["process"], "code": 1, "created": "2024-12-25T08:04:57.152Z", "kind": "event", "module": "sysmon", "provider": "Microsoft-Windows-Sysmon", "type": ["start", "process_start"]}, "hash": {"imphash": "6f131342c7a3a9d197c81c3dbdaa7885", "md5": "0301386e8e024d70a50f8a774c01d26c", "sha1": "66e63857a1cf83c0cbcf3e0a8d058a89d7012b0b", "sha256": "262daf8bcb1b6cddbfe8dbfab9664a542cdcdfa8f94df681a6d050ddce18e840"}, "host": {"name": "CLIENT9.breach.local"}, "log": {"level": "information"}, "process": {"args": ["\\??\\C:\\Windows\\system32\\autochk.exe", "*"], "command_line": "\\??\\C:\\Windows\\system32\\autochk.exe *", "entity_id": "{416dd0c5-bc2a-676b-0400-000000000900}", "executable": "C:\\Windows\\System32\\autochk.exe", "hash": {"md5": "0301386e8e024d70a50f8a774c01d26c", "sha1": "66e63857a1cf83c0cbcf3e0a8d058a89d7012b0b", "sha256": "262daf8bcb1b6cddbfe8dbfab9664a542cdcdfa8f94df681a6d050ddce18e840"}, "name": "autochk.exe", "parent": {"args": ["\\SystemRoot\\System32\\smss.exe"], "command_line": "\\SystemRoot\\System32\\smss.exe", "entity_id": "{416dd0c5-bc29-676b-0300-000000000900}", "executable": "C:\\Windows\\System32\\smss.exe", "name": "smss.exe", "pid": 304}, "pe": {"imphash": "6f131342c7a3a9d197c81c3dbdaa7885"}, "pid": 328, "working_directory": "C:\\Windows\\system32\\"}, "related": {"hash": ["66e63857a1cf83c0cbcf3e0a8d058a89d7012b0b", "0301386e8e024d70a50f8a774c01d26c", "262daf8bcb1b6cddbfe8dbfab9664a542cdcdfa8f94df681a6d050ddce18e840", "6f131342c7a3a9d197c81c3dbdaa7885"], "user": "SYSTEM"}, "user": {"domain": "NT AUTHORITY", "name": "SYSTEM"}, "winlog": {"api": "wineventlog", "channel": "Microsoft-Windows-Sysmon/Operational", "computer_name": "CLIENT9.breach.local", "event_data": {"Company": "Microsoft Corporation", "Description": "Auto Check Utility", "FileVersion": "10.0.19041.804 (WinBuild.160101.0800)", "IntegrityLevel": "System", "LogonGuid": "{416dd0c5-bc2b-676b-e703-000000000000}", "LogonId": "0x3e7", "OriginalFileName": "AutoChk.Exe", "ParentUser": "NT AUTHORITY\\SYSTEM", "Product": "Microsoft\u00ae Windows\u00ae Operating System", "RuleName": "-", "TerminalSessionId": "0"}, "event_id": 1, "opcode": "Info", "process": {"pid": 2824, "thread": {"id": 3260}}, "provider_guid": "{5770385f-c22a-43e0-bf4c-06f5698ffbd9}", "provider_name": "Microsoft-Windows-Sysmon", "record_id": 698476, "task": "Process Create (rule: ProcessCreate)", "user": {"domain": "NT AUTHORITY", "identifier": "S-1-5-18", "name": "SYSTEM", "type": "User"}, "version": 5}}
{"@timestamp": "2024-12-25T08:02:51.324Z", "agent": {"ephemeral_id": "4d435ba8-31a0-41c4-8175-5ef02120cf03", "hostname": "CLIENT9", "id": "c35095e9-5f9f-4084-a651-3aaa2966847a", "name": "CLIENT9", "type": "winlogbeat", "version": "7.10.2"}, "ecs": {"version": "1.5.0"}, "event": {"action": "Process Create (rule: ProcessCreate)", "category": ["process"], "code": 1, "created": "2024-12-25T08:04:57.155Z", "kind": "event", "module": "sysmon", "provider": "Microsoft-Windows-Sysmon", "type": ["start", "process_start"]}, "hash": {"imphash": "9514316f92e1910ddbce2ea3735d33a5", "md5": "793c887d404f3ee2f9b490c21c38dd80", "sha1": "c438640e94cdc3a0037d47b8228a6da9ea293af4", "sha256": "e11ae324ba8c7ad66869bc34d16594f053c9447f0b11bf8d147da259ad19dc92"}, "host": {"name": "CLIENT9.breach.local"}, "log": {"level": "information"}, "process": {"args": ["\\SystemRoot\\System32\\smss.exe", "000000c4", "00000084"], "command_line": "\\SystemRoot\\System32\\smss.exe 000000c4 00000084 ", "entity_id": "{416dd0c5-bc2b-676b-0500-000000000900}", "executable": "C:\\Windows\\System32\\smss.exe", "hash": {"md5": "793c887d404f3ee2f9b490c21c38dd80", "sha1": "c438640e94cdc3a0037d47b8228a6da9ea293af4", "sha256": "e11ae324ba8c7ad66869bc34d16594f053c9447f0b11bf8d147da259ad19dc92"}, "name": "smss.exe", "parent": {"args": ["\\SystemRoot\\System32\\smss.exe"], "command_line": "\\SystemRoot\\System32\\smss.exe", "entity_id": "{416dd0c5-bc29-676b-0300-000000000900}", "executable": "C:\\Windows\\System32\\smss.exe", "name": "smss.exe", "pid": 304}, "pe": {"imphash": "9514316f92e1910ddbce2ea3735d33a5"}, "pid": 412, "working_directory": "C:\\Windows\\"}, "related": {"hash": ["c438640e94cdc3a0037d47b8228a6da9ea293af4", "793c887d404f3ee2f9b490c21c38dd80", "e11ae324ba8c7ad66869bc34d16594f053c9447f0b11bf8d147da259ad19dc92", "9514316f92e1910ddbce2ea3735d33a5"], "user": "SYSTEM"}, "user": {"domain": "NT AUTHORITY", "name": "SYSTEM"}, "winlog": {"api": "wineventlog", "channel": "Microsoft-Windows-Sysmon/Operational", "computer_name": "CLIENT9.breach.local", "event_data": {"Company": "Microsoft Corporation", "Description": "Windows Session Manager", "FileVersion": "10.0.19041.546 (WinBuild.160101.0800)", "IntegrityLevel": "System", "LogonGuid": "{416dd0c5-bc2b-676b-e703-000000000000}", "LogonId": "0x3e7", "OriginalFileName": "smss.exe", "ParentUser": "NT AUTHORITY\\SYSTEM", "Product": "Microsoft\u00ae Windows\u00ae Operating System", "RuleName": "-", "TerminalSessionId": "0"}, "event_id": 1, "opcode": "Info", "process": {"pid": 2824, "thread": {"id": 3260}}, "provider_guid": "{5770385f-c22a-43e0-bf4c-06f5698ffbd9}", "provider_name": "Microsoft-Windows-Sysmon", "record_id": 698515, "task": "Process Create (rule: ProcessCreate)", "user": {"domain": "NT AUTHORITY", "identifier": "S-1-5-18", "name": "SYSTEM", "type": "User"}, "version": 5}}
{"@timestamp": "2024-12-25T08:02:51.433Z", "agent": {"ephemeral_id": "4d435ba8-31a0-41c4-8175-5ef02120cf03", "hostname": "CLIENT9", "id": "c35095e9-5f9f-4084-a651-3aaa2966847a", "name": "CLIENT9", "type": "winlogbeat", "version": "7.10.2"}, "ecs": {"version": "1.5.0"}, "event": {"action": "Process Create (rule: ProcessCreate)", "category": ["process"], "code": 1, "created": "2024-12-25T08:04:57.156Z", "kind": "event", "module": "sysmon", "provider": "Microsoft-Windows-Sysmon", "type": ["start", "process_start"]}, "hash": {"imphash": "a96fa9912e09e361274ad77f1a4b252c", "md5": "72565e7a0145e0657e586f6cf7696dc7", "sha1": "11eba7b1e26cc7d492a2c161ac48370811d0b01e", "sha256": "6f1c9b4c187669bc0371260d121caf48d65f829a9104c483befbd8fc0bed24f5"}, "host": {"name": "CLIENT9.breach.local"}, "log": {"level": "information"}, "process": {"args": ["%%SystemRoot%%\\system32\\csrss.exe", "ObjectDirectory=\\Windows", "SharedSection=1024,20480,768", "Windows=On", "SubSystemType=Windows", "ServerDll=basesrv,1", "ServerDll=winsrv:UserServerDllInitialization,3", "ServerDll=sxssrv,4", "ProfileControl=Off", "MaxRequestThreads=16"], "command_line": "%%SystemRoot%%\\system32\\csrss.exe ObjectDirectory=\\Windows SharedSection=1024,20480,768 Windows=On SubSystemType=Windows ServerDll=basesrv,1 ServerDll=winsrv:UserServerDllInitialization,3 ServerDll=sxssrv,4 ProfileControl=Off MaxRequestThreads=16", "entity_id": "{416dd0c5-bc2b-676b-0600-000000000900}", "executable": "C:\\Windows\\System32\\csrss.exe", "hash": {"md5": "72565e7a0145e0657e586f6cf7696dc7", "sha1": "11eba7b1e26cc7d492a2c161ac48370811d0b01e", "sha256": "6f1c9b4c187669bc0371260d121caf48d65f829a9104c483befbd8fc0bed24f5"}, "name": "csrss.exe", "parent": {"args": ["\\SystemRoot\\System32\\smss.exe", "000000c4", "00000084"], "command_line": "\\SystemRoot\\System32\\smss.exe 000000c4 00000084 ", "entity_id": "{416dd0c5-bc2b-676b-0500-000000000900}", "executable": "C:\\Windows\\System32\\smss.exe", "name": "smss.exe", "pid": 412}, "pe": {"imphash": "a96fa9912e09e361274ad77f1a4b252c"}, "pid": 420, "working_directory": "C:\\Windows\\system32\\"}, "related": {"hash": ["11eba7b1e26cc7d492a2c161ac48370811d0b01e", "72565e7a0145e0657e586f6cf7696dc7", "6f1c9b4c187669bc0371260d121caf48d65f829a9104c483befbd8fc0bed24f5", "a96fa9912e09e361274ad77f1a4b252c"], "user": "SYSTEM"}, "user": {"domain": "NT AUTHORITY", "name": "SYSTEM"}, "winlog": {"api": "wineventlog", "channel": "Microsoft-Windows-Sysmon/Operational", "computer_name": "CLIENT9.breach.local", "event_data": {"Company": "Microsoft Corporation", "Description": "Client Server Runtime Process", "FileVersion": "10.0.19041.546 (WinBuild.160101.0800)", "IntegrityLevel": "System", "LogonGuid": "{416dd0c5-bc2b-676b-e703-000000000000}", "LogonId": "0x3e7", "OriginalFileName": "CSRSS.Exe", "ParentUser": "NT AUTHORITY\\SYSTEM", "Product": "Microsoft\u00ae Windows\u00ae Operating System", "RuleName": "-", "TerminalSessionId": "0"}, "event_id": 1, "opcode": "Info", "process": {"pid": 2824, "thread": {"id": 3260}}, "provider_guid": "{5770385f-c22a-43e0-bf4c-06f5698ffbd9}", "provider_name": "Microsoft-Windows-Sysmon", "record_id": 698518, "task": "Process Create (rule: ProcessCreate)", "user": {"domain": "NT AUTHORITY", "identifier": "S-1-5-18", "name": "SYSTEM", "type": "User"}, "version": 5}}
{"@timestamp": "2024-12-25T08:02:51.519Z", "agent": {"ephemeral_id": "4d435ba8-31a0-41c4-8175-5ef02120cf03", "hostname": "CLIENT9", "id": "c35095e9-5f9f-4084-a651-3aaa2966847a", "name": "CLIENT9", "type": "winlogbeat", "version": "7.10.2"}, "ecs": {"version": "1.5.0"}, "event": {"action": "Process Create (rule: ProcessCreate)", "category": ["process"], "code": 1, "created": "2024-12-25T08:04:57.156Z", "kind": "event", "module": "sysmon", "provider": "Microsoft-Windows-Sysmon", "type": ["start", "process_start"]}, "hash": {"imphash": "9514316f92e1910ddbce2ea3735d33a5", "md5": "793c887d404f3ee2f9b490c21c38dd80", "sha1": "c438640e94cdc3a0037d47b8228a6da9ea293af4", "sha256": "e11ae324ba8c7ad66869bc34d16594f053c9447f0b11bf8d147da259ad19dc92"}, "host": {"name": "CLIENT9.breach.local"}, "log": {"level": "information"}, "process": {"args": ["\\SystemRoot\\System32\\smss.exe", "000000d8", "00000084"], "command_line": "\\SystemRoot\\System32\\smss.exe 000000d8 00000084 ", "entity_id": "{416dd0c5-bc2b-676b-0700-000000000900}", "executable": "C:\\Windows\\System32\\smss.exe", "hash": {"md5": "793c887d404f3ee2f9b490c21c38dd80", "sha1": "c438640e94cdc3a0037d47b8228a6da9ea293af4", "sha256": "e11ae324ba8c7ad66869bc34d16594f053c9447f0b11bf8d147da259ad19dc92"}, "name": "smss.exe", "parent": {"args": ["\\SystemRoot\\System32\\smss.exe"], "command_line": "\\SystemRoot\\System32\\smss.exe", "entity_id": "{416dd0c5-bc29-676b-0300-000000000900}", "executable": "C:\\Windows\\System32\\smss.exe", "name": "smss.exe", "pid": 304}, "pe": {"imphash": "9514316f92e1910ddbce2ea3735d33a5"}, "pid": 484, "working_directory": "C:\\Windows\\"}, "related": {"hash": ["c438640e94cdc3a0037d47b8228a6da9ea293af4", "793c887d404f3ee2f9b490c21c38dd80", "e11ae324ba8c7ad66869bc34d16594f053c9447f0b11bf8d147da259ad19dc92", "9514316f92e1910ddbce2ea3735d33a5"], "user": "SYSTEM"}, "user": {"domain": "NT AUTHORITY", "name": "SYSTEM"}, "winlog": {"api": "wineventlog", "channel": "Microsoft-Windows-Sysmon/Operational", "computer_name": "CLIENT9.breach.local", "event_data": {"Company": "Microsoft Corporation", "Description": "Windows Session Manager", "FileVersion": "10.0.19041.546 (WinBuild.160101.0800)", "IntegrityLevel": "System", "LogonGuid": "{416dd0c5-bc2b-676b-e703-000000000000}", "LogonId": "0x3e7", "OriginalFileName": "smss.exe", "ParentUser": "NT AUTHORITY\\SYSTEM", "Product": "Microsoft\u00ae Windows\u00ae Operating System", "RuleName": "-", "TerminalSessionId": "1"}, "event_id": 1, "opcode": "Info", "process": {"pid": 2824, "thread": {"id": 3260}}, "provider_guid": "{5770385f-c22a-43e0-bf4c-06f5698ffbd9}", "provider_name": "Microsoft-Windows-Sysmon", "record_id": 698521, "task": "Process Create (rule: ProcessCreate)", "user": {"domain": "NT AUTHORITY", "identifier": "S-1-5-18", "name": "SYSTEM", "type": "User"}, "version": 5}}
{"@timestamp": "2024-12-25T08:02:51.521Z", "agent": {"ephemeral_id": "4d435ba8-31a0-41c4-8175-5ef02120cf03", "hostname": "CLIENT9", "id": "c35095e9-5f9f-4084-a651-3aaa2966847a", "name": "CLIENT9", "type": "winlogbeat", "version": "7.10.2"}, "ecs": {"version": "1.5.0"}, "event": {"action": "Process Create (rule: ProcessCreate)", "category": ["process"], "code": 1, "created": "2024-12-25T08:04:57.156Z", "kind": "event", "module": "sysmon", "provider": "Microsoft-Windows-Sysmon", "type": ["start", "process_start"]}, "hash": {"imphash": "5dd14afab46b0c83ea7a6093d7355fa9", "md5": "9ef51c8ad595c5e2a123c06ad39fccd7", "sha1": "915ea28bdaa9a2230ce52080693d7f7e27620ed5", "sha256": "268ca325c8f12e68b6728ff24d6536030aab6e05603d0179033b1e51d8476d86"}, "host": {"name": "CLIENT9.breach.local"}, "log": {"level": "information"}, "process": {"args": ["wininit.exe"], "command_line": "wininit.exe", "entity_id": "{416dd0c5-bc2b-676b-0800-000000000900}", "executable": "C:\\Windows\\System32\\wininit.exe", "hash": {"md5": "9ef51c8ad595c5e2a123c06ad39fccd7", "sha1": "915ea28bdaa9a2230ce52080693d7f7e27620ed5", "sha256": "268ca325c8f12e68b6728ff24d6536030aab6e05603d0179033b1e51d8476d86"}, "name": "wininit.exe", "parent": {"args": ["\\SystemRoot\\System32\\smss.exe", "000000c4", "00000084"], "command_line": "\\SystemRoot\\System32\\smss.exe 000000c4 00000084 ", "entity_id": "{416dd0c5-bc2b-676b-0500-000000000900}", "executable": "C:\\Windows\\System32\\smss.exe", "name": "smss.exe", "pid": 412}, "pe": {"imphash": "5dd14afab46b0c83ea7a6093d7355fa9"}, "pid": 492, "working_directory": "C:\\Windows\\system32\\"}, "related": {"hash": ["915ea28bdaa9a2230ce52080693d7f7e27620ed5", "9ef51c8ad595c5e2a123c06ad39fccd7", "268ca325c8f12e68b6728ff24d6536030aab6e05603d0179033b1e51d8476d86", "5dd14afab46b0c83ea7a6093d7355fa9"], "user": "SYSTEM"}, "user": {"domain": "NT AUTHORITY", "name": "SYSTEM"}, "winlog": {"api": "wineventlog", "channel": "Microsoft-Windows-Sysmon/Operational", "computer_name": "CLIENT9.breach.local", "event_data": {"Company": "Microsoft Corporation", "Description": "Windows Start-Up Application", "FileVersion": "10.0.19041.662 (WinBuild.160101.0800)", "IntegrityLevel": "System", "LogonGuid": "{416dd0c5-bc2b-676b-e703-000000000000}", "LogonId": "0x3e7", "OriginalFileName": "WinInit.exe", "ParentUser": "NT AUTHORITY\\SYSTEM", "Product": "Microsoft\u00ae Windows\u00ae Operating System", "RuleName": "-", "TerminalSessionId": "0"}, "event_id": 1, "opcode": "Info", "process": {"pid": 2824, "thread": {"id": 3260}}, "provider_guid": "{5770385f-c22a-43e0-bf4c-06f5698ffbd9}", "provider_name": "Microsoft-Windows-Sysmon", "record_id": 698523, "task": "Process Create (rule: ProcessCreate)", "user": {"domain": "NT AUTHORITY", "identifier": "S-1-5-18", "name": "SYSTEM", "type": "User"}, "version": 5}}
{"@timestamp": "2024-12-25T08:02:51.534Z", "agent": {"ephemeral_id": "4d435ba8-31a0-41c4-8175-5ef02120cf03", "hostname": "CLIENT9", "id": "c35095e9-5f9f-4084-a651-3aaa2966847a", "name": "CLIENT9", "type": "winlogbeat", "version": "7.10.2"}, "ecs": {"version": "1.5.0"}, "event": {"action": "Process Create (rule: ProcessCreate)", "category": ["process"], "code": 1, "created": "2024-12-25T08:04:57.284Z", "kind": "event", "module": "sysmon", "provider": "Microsoft-Windows-Sysmon", "type": ["start", "process_start"]}, "hash": {"imphash": "a96fa9912e09e361274ad77f1a4b252c", "md5": "72565e7a0145e0657e586f6cf7696dc7", "sha1": "11eba7b1e26cc7d492a2c161ac48370811d0b01e", "sha256": "6f1c9b4c187669bc0371260d121caf48d65f829a9104c483befbd8fc0bed24f5"}, "host": {"name": "CLIENT9.breach.local"}, "log": {"level": "information"}, "process": {"args": ["%%SystemRoot%%\\system32\\csrss.exe", "ObjectDirectory=\\Windows", "SharedSection=1024,20480,768", "Windows=On", "SubSystemType=Windows", "ServerDll=basesrv,1", "ServerDll=winsrv:UserServerDllInitialization,3", "ServerDll=sxssrv,4", "ProfileControl=Off", "MaxRequestThreads=16"], "command_line": "%%SystemRoot%%\\system32\\csrss.exe ObjectDirectory=\\Windows SharedSection=1024,20480,768 Windows=On SubSystemType=Windows ServerDll=basesrv,1 ServerDll=winsrv:UserServerDllInitialization,3 ServerDll=sxssrv,4 ProfileControl=Off MaxRequestThreads=16", "entity_id": "{416dd0c5-bc2b-676b-0900-000000000900}", "executable": "C:\\Windows\\System32\\csrss.exe", "hash": {"md5": "72565e7a0145e0657e586f6cf7696dc7", "sha1": "11eba7b1e26cc7d492a2c161ac48370811d0b01e", "sha256": "6f1c9b4c187669bc0371260d121caf48d65f829a9104c483befbd8fc0bed24f5"}, "name": "csrss.exe", "parent": {"args": ["\\SystemRoot\\System32\\smss.exe", "000000d8", "00000084"], "command_line": "\\SystemRoot\\System32\\smss.exe 000000d8 00000084 ", "entity_id": "{416dd0c5-bc2b-676b-0700-000000000900}", "executable": "C:\\Windows\\System32\\smss.exe", "name": "smss.exe", "pid": 484}, "pe": {"imphash": "a96fa9912e09e361274ad77f1a4b252c"}, "pid": 504, "working_directory": "C:\\Windows\\system32\\"}, "related": {"hash": ["11eba7b1e26cc7d492a2c161ac48370811d0b01e", "72565e7a0145e0657e586f6cf7696dc7", "6f1c9b4c187669bc0371260d121caf48d65f829a9104c483befbd8fc0bed24f5", "a96fa9912e09e361274ad77f1a4b252c"], "user": "SYSTEM"}, "user": {"domain": "NT AUTHORITY", "name": "SYSTEM"}, "winlog": {"api": "wineventlog", "channel": "Microsoft-Windows-Sysmon/Operational", "computer_name": "CLIENT9.breach.local", "event_data": {"Company": "Microsoft Corporation", "Description": "Client Server Runtime Process", "FileVersion": "10.0.19041.546 (WinBuild.160101.0800)", "IntegrityLevel": "System", "LogonGuid": "{416dd0c5-bc2b-676b-e703-000000000000}", "LogonId": "0x3e7", "OriginalFileName": "CSRSS.Exe", "ParentUser": "NT AUTHORITY\\SYSTEM", "Product": "Microsoft\u00ae Windows\u00ae Operating System", "RuleName": "-", "TerminalSessionId": "1"}, "event_id": 1, "opcode": "Info", "process": {"pid": 2824, "thread": {"id": 3260}}, "provider_guid": "{5770385f-c22a-43e0-bf4c-06f5698ffbd9}", "provider_name": "Microsoft-Windows-Sysmon", "record_id": 698527, "task": "Process Create (rule: ProcessCreate)", "user": {"domain": "NT AUTHORITY", "identifier": "S-1-5-18", "name": "SYSTEM", "type": "User"}, "version": 5}}
{"@timestamp": "2024-12-25T08:02:51.588Z", "agent": {"ephemeral_id": "4d435ba8-31a0-41c4-8175-5ef02120cf03", "hostname": "CLIENT9", "id": "c35095e9-5f9f-4084-a651-3aaa2966847a", "name": "CLIENT9", "type": "winlogbeat", "version": "7.10.2"}, "ecs": {"version": "1.5.0"}, "event": {"action": "Process Create (rule: ProcessCreate)", "category": ["process"], "code": 1, "created": "2024-12-25T08:04:57.284Z", "kind": "event", "module": "sysmon", "provider": "Microsoft-Windows-Sysmon", "type": ["start", "process_start"]}, "hash": {"imphash": "c399754881779489cbd0f5d180c41465", "md5": "ee86712ddf0c59e6921d548b5548ff9c", "sha1": "5389629acd37fd08c8485b1f30555d441becf06a", "sha256": "6bcb35ba7cdfe08e2c3a2e77cac9facc8152a97df411a4eec1985d0b09cf6e8c"}, "host": {"name": "CLIENT9.breach.local"}, "log": {"level": "information"}, "process": {"args": ["winlogon.exe"], "command_line": "winlogon.exe", "entity_id": "{416dd0c5-bc2b-676b-0a00-000000000900}", "executable": "C:\\Windows\\System32\\winlogon.exe", "hash": {"md5": "ee86712ddf0c59e6921d548b5548ff9c", "sha1": "5389629acd37fd08c8485b1f30555d441becf06a", "sha256": "6bcb35ba7cdfe08e2c3a2e77cac9facc8152a97df411a4eec1985d0b09cf6e8c"}, "name": "winlogon.exe", "parent": {"args": ["\\SystemRoot\\System32\\smss.exe", "000000d8", "00000084"], "command_line": "\\SystemRoot\\System32\\smss.exe 000000d8 00000084 ", "entity_id": "{416dd0c5-bc2b-676b-0700-000000000900}", "executable": "C:\\Windows\\System32\\smss.exe", "name": "smss.exe", "pid": 484}, "pe": {"imphash": "c399754881779489cbd0f5d180c41465"}, "pid": 584, "working_directory": "C:\\Windows\\system32\\"}, "related": {"hash": ["5389629acd37fd08c8485b1f30555d441becf06a", "ee86712ddf0c59e6921d548b5548ff9c", "6bcb35ba7cdfe08e2c3a2e77cac9facc8152a97df411a4eec1985d0b09cf6e8c", "c399754881779489cbd0f5d180c41465"], "user": "SYSTEM"}, "user": {"domain": "NT AUTHORITY", "name": "SYSTEM"}, "winlog": {"api": "wineventlog", "channel": "Microsoft-Windows-Sysmon/Operational", "computer_name": "CLIENT9.breach.local", "event_data": {"Company": "Microsoft Corporation", "Description": "Windows Logon Application", "FileVersion": "10.0.19041.906 (WinBuild.160101.0800)", "IntegrityLevel": "System", "LogonGuid": "{416dd0c5-bc2b-676b-e703-000000000000}", "LogonId": "0x3e7", "OriginalFileName": "WINLOGON.EXE", "ParentUser": "NT AUTHORITY\\SYSTEM", "Product": "Microsoft\u00ae Windows\u00ae Operating System", "RuleName": "-", "TerminalSessionId": "1"}, "event_id": 1, "opcode": "Info", "process": {"pid": 2824, "thread": {"id": 3260}}, "provider_guid": "{5770385f-c22a-43e0-bf4c-06f5698ffbd9}", "provider_name": "Microsoft-Windows-Sysmon", "record_id": 698530, "task": "Process Create (rule: ProcessCreate)", "user": {"domain": "NT AUTHORITY", "identifier": "S-1-5-18", "name": "SYSTEM", "type": "User"}, "version": 5}}
{"@timestamp": "2024-12-25T08:02:51.616Z", "agent": {"ephemeral_id": "4d435ba8-31a0-41c4-8175-5ef02120cf03", "hostname": "CLIENT9", "id": "c35095e9-5f9f-4084-a651-3aaa2966847a", "name": "CLIENT9", "type": "winlogbeat", "version": "7.10.2"}, "ecs": {"version": "1.5.0"}, "event": {"action": "Process Create (rule: ProcessCreate)", "category": ["process"], "code": 1, "created": "2024-12-25T08:04:57.284Z", "kind": "event", "module": "sysmon", "provider": "Microsoft-Windows-Sysmon", "type": ["start", "process_start"]}, "hash": {"imphash": "d1098e3a37f227b6ff6bd36c1801edfa", "md5": "d8e577bf078c45954f4531885478d5a9", "sha1": "d7a213f3cfee2a8a191769eb33847953be51de54", "sha256": "dfbea9e8c316d9bc118b454b0c722cd674c30d0a256340200e2c3a7480cba674"}, "host": {"name": "CLIENT9.breach.local"}, "log": {"level": "information"}, "process": {"args": ["C:\\Windows\\system32\\services.exe"], "command_line": "C:\\Windows\\system32\\services.exe", "entity_id": "{416dd0c5-bc2b-676b-0b00-000000000900}", "executable": "C:\\Windows\\System32\\services.exe", "hash": {"md5": "d8e577bf078c45954f4531885478d5a9", "sha1": "d7a213f3cfee2a8a191769eb33847953be51de54", "sha256": "dfbea9e8c316d9bc118b454b0c722cd674c30d0a256340200e2c3a7480cba674"}, "name": "services.exe", "parent": {"args": ["wininit.exe"], "command_line": "wininit.exe", "entity_id": "{416dd0c5-bc2b-676b-0800-000000000900}", "executable": "C:\\Windows\\System32\\wininit.exe", "name": "wininit.exe", "pid": 492}, "pe": {"imphash": "d1098e3a37f227b6ff6bd36c1801edfa"}, "pid": 600, "working_directory": "C:\\Windows\\system32\\"}, "related": {"hash": ["d7a213f3cfee2a8a191769eb33847953be51de54", "d8e577bf078c45954f4531885478d5a9", "dfbea9e8c316d9bc118b454b0c722cd674c30d0a256340200e2c3a7480cba674", "d1098e3a37f227b6ff6bd36c1801edfa"], "user": "SYSTEM"}, "user": {"domain": "NT AUTHORITY", "name": "SYSTEM"}, "winlog": {"api": "wineventlog", "channel": "Microsoft-Windows-Sysmon/Operational", "computer_name": "CLIENT9.breach.local", "event_data": {"Company": "Microsoft Corporation", "Description": "Services and Controller app", "FileVersion": "10.0.19041.928 (WinBuild.160101.0800)", "IntegrityLevel": "System", "LogonGuid": "{416dd0c5-bc2b-676b-e703-000000000000}", "LogonId": "0x3e7", "OriginalFileName": "services.exe", "ParentUser": "NT AUTHORITY\\SYSTEM", "Product": "Microsoft\u00ae Windows\u00ae Operating System", "RuleName": "-", "TerminalSessionId": "0"}, "event_id": 1, "opcode": "Info", "process": {"pid": 2824, "thread": {"id": 3260}}, "provider_guid": "{5770385f-c22a-43e0-bf4c-06f5698ffbd9}", "provider_name": "Microsoft-Windows-Sysmon", "record_id": 698534, "task": "Process Create (rule: ProcessCreate)", "user": {"domain": "NT AUTHORITY", "identifier": "S-1-5-18", "name": "SYSTEM", "type": "User"}, "version": 5}}
{"@timestamp": "2024-12-25T08:02:51.652Z", "agent": {"ephemeral_id": "4d435ba8-31a0-41c4-8175-5ef02120cf03", "hostname": "CLIENT9", "id": "c35095e9-5f9f-4084-a651-3aaa2966847a", "name": "CLIENT9", "type": "winlogbeat", "version": "7.10.2"}, "ecs": {"version": "1.5.0"}, "event": {"action": "Process Create (rule: ProcessCreate)", "category": ["process"], "code": 1, "created": "2024-12-25T08:04:57.285Z", "kind": "event", "module": "sysmon", "provider": "Microsoft-Windows-Sysmon", "type": ["start", "process_start"]}, "hash": {"imphash": "09fde88c65e2bc5f1f90e96b673c52b1", "md5": "15a556def233f112d127025ab51ac2d3", "sha1": "28f7fb54c7bcd9d6e71669ea5bddf72ea65311ce", "sha256": "362ab9743ff5d0f95831306a780fc3e418990f535013c80212dd85cb88ef7427"}, "host": {"name": "CLIENT9.breach.local"}, "log": {"level": "information"}, "process": {"args": ["C:\\Windows\\system32\\lsass.exe"], "command_line": "C:\\Windows\\system32\\lsass.exe", "entity_id": "{416dd0c5-bc2b-676b-0c00-000000000900}", "executable": "C:\\Windows\\System32\\lsass.exe", "hash": {"md5": "15a556def233f112d127025ab51ac2d3", "sha1": "28f7fb54c7bcd9d6e71669ea5bddf72ea65311ce", "sha256": "362ab9743ff5d0f95831306a780fc3e418990f535013c80212dd85cb88ef7427"}, "name": "lsass.exe", "parent": {"args": ["wininit.exe"], "command_line": "wininit.exe", "entity_id": "{416dd0c5-bc2b-676b-0800-000000000900}", "executable": "C:\\Windows\\System32\\wininit.exe", "name": "wininit.exe", "pid": 492}, "pe": {"imphash": "09fde88c65e2bc5f1f90e96b673c52b1"}, "pid": 632, "working_directory": "C:\\Windows\\system32\\"}, "related": {"hash": ["28f7fb54c7bcd9d6e71669ea5bddf72ea65311ce", "15a556def233f112d127025ab51ac2d3", "362ab9743ff5d0f95831306a780fc3e418990f535013c80212dd85cb88ef7427", "09fde88c65e2bc5f1f90e96b673c52b1"], "user": "SYSTEM"}, "user": {"domain": "NT AUTHORITY", "name": "SYSTEM"}, "winlog": {"api": "wineventlog", "channel": "Microsoft-Windows-Sysmon/Operational", "computer_name": "CLIENT9.breach.local", "event_data": {"Company": "Microsoft Corporation", "Description": "Local Security Authority Process", "FileVersion": "10.0.19041.906 (WinBuild.160101.0800)", "IntegrityLevel": "System", "LogonGuid": "{416dd0c5-bc2b-676b-e703-000000000000}", "LogonId": "0x3e7", "OriginalFileName": "lsass.exe", "ParentUser": "NT AUTHORITY\\SYSTEM", "Product": "Microsoft\u00ae Windows\u00ae Operating System", "RuleName": "-", "TerminalSessionId": "0"}, "event_id": 1, "opcode": "Info", "process": {"pid": 2824, "thread": {"id": 3260}}, "provider_guid": "{5770385f-c22a-43e0-bf4c-06f5698ffbd9}", "provider_name": "Microsoft-Windows-Sysmon", "record_id": 698539, "task": "Process Create (rule: ProcessCreate)", "user": {"domain": "NT AUTHORITY", "identifier": "S-1-5-18", "name": "SYSTEM", "type": "User"}, "version": 5}}
{"@timestamp": "2024-12-25T08:02:51.727Z", "agent": {"ephemeral_id": "4d435ba8-31a0-41c4-8175-5ef02120cf03", "hostname": "CLIENT9", "id": "c35095e9-5f9f-4084-a651-3aaa2966847a", "name": "CLIENT9", "type": "winlogbeat", "version": "7.10.2"}, "ecs": {"version": "1.5.0"}, "event": {"action": "Logon", "code": 4624, "created": "2024-12-25T08:04:57.023Z", "kind": "event", "outcome": "success", "provider": "Microsoft-Windows-Security-Auditing"}, "host": {"name": "CLIENT9.breach.local"}, "log": {"level": "information"}, "winlog": {"api": "wineventlog", "channel": "Security", "computer_name": "CLIENT9.breach.local", "event_data": {"AuthenticationPackageName": "-", "ElevatedToken": "%%1842", "ImpersonationLevel": "-", "IpAddress": "-", "IpPort": "-", "KeyLength": "0", "LmPackageName": "-", "LogonGuid": "{00000000-0000-0000-0000-000000000000}", "LogonProcessName": "-", "LogonType": "0", "ProcessId": "0x4", "RestrictedAdminMode": "-", "SubjectDomainName": "-", "SubjectLogonId": "0x0", "SubjectUserName": "-", "SubjectUserSid": "S-1-0-0", "TargetDomainName": "NT AUTHORITY", "TargetLinkedLogonId": "0x0", "TargetLogonId": "0x3e7", "TargetOutboundDomainName": "-", "TargetOutboundUserName": "-", "TargetUserName": "SYSTEM", "TargetUserSid": "S-1-5-18", "TransmittedServices": "-", "VirtualAccount": "%%1843", "WorkstationName": "-"}, "event_id": 4624, "keywords": ["Audit Success"], "opcode": "Info", "process": {"pid": 632, "thread": {"id": 636}}, "provider_guid": "{54849625-5478-4994-a5ba-3e3b0328c30d}", "provider_name": "Microsoft-Windows-Security-Auditing", "record_id": 21059, "task": "Logon", "version": 2}}
{"@timestamp": "2024-12-25T08:02:51.938Z", "agent": {"ephemeral_id": "4d435ba8-31a0-41c4-8175-5ef02120cf03", "hostname": "CLIENT9", "id": "c35095e9-5f9f-4084-a651-3aaa2966847a", "name": "CLIENT9", "type": "winlogbeat", "version": "7.10.2"}, "ecs": {"version": "1.5.0"}, "event": {"action": "Logon", "code": 4624, "created": "2024-12-25T08:04:57.023Z", "kind": "event", "outcome": "success", "provider": "Microsoft-Windows-Security-Auditing"}, "host": {"name": "CLIENT9.breach.local"}, "log": {"level": "information"}, "winlog": {"activity_id": "{62700555-56a3-0001-c105-7062a356db01}", "api": "wineventlog", "channel": "Security", "computer_name": "CLIENT9.breach.local", "event_data": {"AuthenticationPackageName": "Negotiate", "ElevatedToken": "%%1843", "ImpersonationLevel": "%%1833", "IpAddress": "-", "IpPort": "-", "KeyLength": "0", "LmPackageName": "-", "LogonGuid": "{00000000-0000-0000-0000-000000000000}", "LogonProcessName": "Advapi  ", "LogonType": "2", "ProcessId": "0x1ec", "ProcessName": "C:\\Windows\\System32\\wininit.exe", "RestrictedAdminMode": "-", "SubjectDomainName": "BREACH", "SubjectLogonId": "0x3e7", "SubjectUserName": "CLIENT9$", "SubjectUserSid": "S-1-5-18", "TargetDomainName": "Font Driver Host", "TargetLinkedLogonId": "0x0", "TargetLogonId": "0x7c8e", "TargetOutboundDomainName": "-", "TargetOutboundUserName": "-", "TargetUserName": "UMFD-0", "TargetUserSid": "S-1-5-96-0-0", "TransmittedServices": "-", "VirtualAccount": "%%1842", "WorkstationName": "-"}, "event_id": 4624, "keywords": ["Audit Success"], "opcode": "Info", "process": {"pid": 632, "thread": {"id": 676}}, "provider_guid": "{54849625-5478-4994-a5ba-3e3b0328c30d}", "provider_name": "Microsoft-Windows-Security-Auditing", "record_id": 21062, "task": "Logon", "version": 2}}
{"@timestamp": "2024-12-25T08:02:51.938Z", "agent": {"ephemeral_id": "4d435ba8-31a0-41c4-8175-5ef02120cf03", "hostname": "CLIENT9", "id": "c35095e9-5f9f-4084-a651-3aaa2966847a", "name": "CLIENT9", "type": "winlogbeat", "version": "7.10.2"}, "ecs": {"version": "1.5.0"}, "event": {"action": "Logon", "code": 4648, "created": "2024-12-25T08:04:57.023Z", "kind": "event", "outcome": "success", "provider": "Microsoft-Windows-Security-Auditing"}, "host": {"name": "CLIENT9.breach.local"}, "log": {"level": "information"}, "winlog": {"activity_id": "{62700555-56a3-0001-c105-7062a356db01}", "api": "wineventlog", "channel": "Security", "computer_name": "CLIENT9.breach.local", "event_data": {"IpAddress": "-", "IpPort": "-", "LogonGuid": "{00000000-0000-0000-0000-000000000000}", "ProcessId": "0x1ec", "ProcessName": "C:\\Windows\\System32\\wininit.exe", "SubjectDomainName": "BREACH", "SubjectLogonId": "0x3e7", "SubjectUserName": "CLIENT9$", "SubjectUserSid": "S-1-5-18", "TargetDomainName": "Font Driver Host", "TargetInfo": "localhost", "TargetLogonGuid": "{00000000-0000-0000-0000-000000000000}", "TargetServerName": "localhost", "TargetUserName": "UMFD-0"}, "event_id": 4648, "keywords": ["Audit Success"], "opcode": "Info", "process": {"pid": 632, "thread": {"id": 676}}, "provider_guid": "{54849625-5478-4994-a5ba-3e3b0328c30d}", "provider_name": "Microsoft-Windows-Security-Auditing", "record_id": 21061, "task": "Logon"}}
{"@timestamp": "2024-12-25T08:02:51.939Z", "agent": {"ephemeral_id": "4d435ba8-31a0-41c4-8175-5ef02120cf03", "hostname": "CLIENT9", "id": "c35095e9-5f9f-4084-a651-3aaa2966847a", "name": "CLIENT9", "type": "winlogbeat", "version": "7.10.2"}, "ecs": {"version": "1.5.0"}, "event": {"action": "Logon", "code": 4624, "created": "2024-12-25T08:04:57.023Z", "kind": "event", "outcome": "success", "provider": "Microsoft-Windows-Security-Auditing"}, "host": {"name": "CLIENT9.breach.local"}, "log": {"level": "information"}, "winlog": {"activity_id": "{62700555-56a3-0001-c105-7062a356db01}", "api": "wineventlog", "channel": "Security", "computer_name": "CLIENT9.breach.local", "event_data": {"AuthenticationPackageName": "Negotiate", "ElevatedToken": "%%1843", "ImpersonationLevel": "%%1833", "IpAddress": "-", "IpPort": "-", "KeyLength": "0", "LmPackageName": "-", "LogonGuid": "{00000000-0000-0000-0000-000000000000}", "LogonProcessName": "Advapi  ", "LogonType": "2", "ProcessId": "0x248", "ProcessName": "C:\\Windows\\System32\\winlogon.exe", "RestrictedAdminMode": "-", "SubjectDomainName": "BREACH", "SubjectLogonId": "0x3e7", "SubjectUserName": "CLIENT9$", "SubjectUserSid": "S-1-5-18", "TargetDomainName": "Font Driver Host", "TargetLinkedLogonId": "0x0", "TargetLogonId": "0x7cf7", "TargetOutboundDomainName": "-", "TargetOutboundUserName": "-", "TargetUserName": "UMFD-1", "TargetUserSid": "S-1-5-96-0-1", "TransmittedServices": "-", "VirtualAccount": "%%1842", "WorkstationName": "-"}, "event_id": 4624, "keywords": ["Audit Success"], "opcode": "Info", "process": {"pid": 632, "thread": {"id": 684}}, "provider_guid": "{54849625-5478-4994-a5ba-3e3b0328c30d}", "provider_name": "Microsoft-Windows-Security-Auditing", "record_id": 21064, "task": "Logon", "version": 2}}
{"@timestamp": "2024-12-25T08:02:51.939Z", "agent": {"ephemeral_id": "4d435ba8-31a0-41c4-8175-5ef02120cf03", "hostname": "CLIENT9", "id": "c35095e9-5f9f-4084-a651-3aaa2966847a", "name": "CLIENT9", "type": "winlogbeat", "version": "7.10.2"}, "ecs": {"version": "1.5.0"}, "event": {"action": "Logon", "code": 4648, "created": "2024-12-25T08:04:57.023Z", "kind": "event", "outcome": "success", "provider": "Microsoft-Windows-Security-Auditing"}, "host": {"name": "CLIENT9.breach.local"}, "log": {"level": "information"}, "winlog": {"activity_id": "{62700555-56a3-0001-c105-7062a356db01}", "api": "wineventlog", "channel": "Security", "computer_name": "CLIENT9.breach.local", "event_data": {"IpAddress": "-", "IpPort": "-", "LogonGuid": "{00000000-0000-0000-0000-000000000000}", "ProcessId": "0x248", "ProcessName": "C:\\Windows\\System32\\winlogon.exe", "SubjectDomainName": "BREACH", "SubjectLogonId": "0x3e7", "SubjectUserName": "CLIENT9$", "SubjectUserSid": "S-1-5-18", "TargetDomainName": "Font Driver Host", "TargetInfo": "localhost", "TargetLogonGuid": "{00000000-0000-0000-0000-000000000000}", "TargetServerName": "localhost", "TargetUserName": "UMFD-1"}, "event_id": 4648, "keywords": ["Audit Success"], "opcode": "Info", "process": {"pid": 632, "thread": {"id": 684}}, "provider_guid": "{54849625-5478-4994-a5ba-3e3b0328c30d}", "provider_name": "Microsoft-Windows-Security-Auditing", "record_id": 21063, "task": "Logon"}}
{"@timestamp": "2024-12-25T08:02:51.964Z", "agent": {"ephemeral_id": "4d435ba8-31a0-41c4-8175-5ef02120cf03", "hostname": "CLIENT9", "id": "c35095e9-5f9f-4084-a651-3aaa2966847a", "name": "CLIENT9", "type": "winlogbeat", "version": "7.10.2"}, "ecs": {"version": "1.5.0"}, "event": {"action": "Process Create (rule: ProcessCreate)", "category": ["process"], "code": 1, "created": "2024-12-25T08:04:57.285Z", "kind": "event", "module": "sysmon", "provider": "Microsoft-Windows-Sysmon", "type": ["start", "process_start"]}, "hash": {"imphash": "63d92de7493486079808c072d6146f10", "md5": "2cde36034913cb3869c8cfcdd5a616ff", "sha1": "30d135dcc5406e84b08a2cd676190b4d8d919ef4", "sha256": "ad6731a03531b1214e9fbd8afdf925ebf8adb490e79127729f0312316add3207"}, "host": {"name": "CLIENT9.breach.local"}, "log": {"level": "information"}, "process": {"args": ["fontdrvhost.exe"], "command_line": "\"fontdrvhost.exe\"", "entity_id": "{416dd0c5-bc2b-676b-0e00-000000000900}", "executable": "C:\\Windows\\System32\\fontdrvhost.exe", "hash": {"md5": "2cde36034913cb3869c8cfcdd5a616ff", "sha1": "30d135dcc5406e84b08a2cd676190b4d8d919ef4", "sha256": "ad6731a03531b1214e9fbd8afdf925ebf8adb490e79127729f0312316add3207"}, "name": "fontdrvhost.exe", "parent": {"args": ["wininit.exe"], "command_line": "wininit.exe", "entity_id": "{416dd0c5-bc2b-676b-0800-000000000900}", "executable": "C:\\Windows\\System32\\wininit.exe", "name": "wininit.exe", "pid": 492}, "pe": {"imphash": "63d92de7493486079808c072d6146f10"}, "pid": 736, "working_directory": "C:\\Windows\\system32\\"}, "related": {"hash": ["30d135dcc5406e84b08a2cd676190b4d8d919ef4", "2cde36034913cb3869c8cfcdd5a616ff", "ad6731a03531b1214e9fbd8afdf925ebf8adb490e79127729f0312316add3207", "63d92de7493486079808c072d6146f10"], "user": "UMFD-0"}, "user": {"domain": "Font Driver Host", "name": "UMFD-0"}, "winlog": {"api": "wineventlog", "channel": "Microsoft-Windows-Sysmon/Operational", "computer_name": "CLIENT9.breach.local", "event_data": {"Company": "Microsoft Corporation", "Description": "Usermode Font Driver Host", "FileVersion": "10.0.19041.906 (WinBuild.160101.0800)", "IntegrityLevel": "AppContainer", "LogonGuid": "{416dd0c5-bc2b-676b-8e7c-000000000000}", "LogonId": "0x7c8e", "OriginalFileName": "fontdrvhost.exe", "ParentUser": "NT AUTHORITY\\SYSTEM", "Product": "Microsoft\u00ae Windows\u00ae Operating System", "RuleName": "-", "TerminalSessionId": "0"}, "event_id": 1, "opcode": "Info", "process": {"pid": 2824, "thread": {"id": 3260}}, "provider_guid": "{5770385f-c22a-43e0-bf4c-06f5698ffbd9}", "provider_name": "Microsoft-Windows-Sysmon", "record_id": 698557, "task": "Process Create (rule: ProcessCreate)", "user": {"domain": "NT AUTHORITY", "identifier": "S-1-5-18", "name": "SYSTEM", "type": "User"}, "version": 5}}
{"@timestamp": "2024-12-25T08:02:51.964Z", "agent": {"ephemeral_id": "4d435ba8-31a0-41c4-8175-5ef02120cf03", "hostname": "CLIENT9", "id": "c35095e9-5f9f-4084-a651-3aaa2966847a", "name": "CLIENT9", "type": "winlogbeat", "version": "7.10.2"}, "ecs": {"version": "1.5.0"}, "event": {"action": "Process Create (rule: ProcessCreate)", "category": ["process"], "code": 1, "created": "2024-12-25T08:04:57.286Z", "kind": "event", "module": "sysmon", "provider": "Microsoft-Windows-Sysmon", "type": ["start", "process_start"]}, "hash": {"imphash": "63d92de7493486079808c072d6146f10", "md5": "2cde36034913cb3869c8cfcdd5a616ff", "sha1": "30d135dcc5406e84b08a2cd676190b4d8d919ef4", "sha256": "ad6731a03531b1214e9fbd8afdf925ebf8adb490e79127729f0312316add3207"}, "host": {"name": "CLIENT9.breach.local"}, "log": {"level": "information"}, "process": {"args": ["fontdrvhost.exe"], "command_line": "\"fontdrvhost.exe\"", "entity_id": "{416dd0c5-bc2b-676b-0d00-000000000900}", "executable": "C:\\Windows\\System32\\fontdrvhost.exe", "hash": {"md5": "2cde36034913cb3869c8cfcdd5a616ff", "sha1": "30d135dcc5406e84b08a2cd676190b4d8d919ef4", "sha256": "ad6731a03531b1214e9fbd8afdf925ebf8adb490e79127729f0312316add3207"}, "name": "fontdrvhost.exe", "parent": {"args": ["winlogon.exe"], "command_line": "winlogon.exe", "entity_id": "{416dd0c5-bc2b-676b-0a00-000000000900}", "executable": "C:\\Windows\\System32\\winlogon.exe", "name": "winlogon.exe", "pid": 584}, "pe": {"imphash": "63d92de7493486079808c072d6146f10"}, "pid": 732, "working_directory": "C:\\Windows\\system32\\"}, "related": {"hash": ["30d135dcc5406e84b08a2cd676190b4d8d919ef4", "2cde36034913cb3869c8cfcdd5a616ff", "ad6731a03531b1214e9fbd8afdf925ebf8adb490e79127729f0312316add3207", "63d92de7493486079808c072d6146f10"], "user": "UMFD-1"}, "user": {"domain": "Font Driver Host", "name": "UMFD-1"}, "winlog": {"api": "wineventlog", "channel": "Microsoft-Windows-Sysmon/Operational", "computer_name": "CLIENT9.breach.local", "event_data": {"Company": "Microsoft Corporation", "Description": "Usermode Font Driver Host", "FileVersion": "10.0.19041.906 (WinBuild.160101.0800)", "IntegrityLevel": "AppContainer", "LogonGuid": "{416dd0c5-bc2b-676b-f77c-000000000000}", "LogonId": "0x7cf7", "OriginalFileName": "fontdrvhost.exe", "ParentUser": "NT AUTHORITY\\SYSTEM", "Product": "Microsoft\u00ae Windows\u00ae Operating System", "RuleName": "-", "TerminalSessionId": "1"}, "event_id": 1, "opcode": "Info", "process": {"pid": 2824, "thread": {"id": 3260}}, "provider_guid": "{5770385f-c22a-43e0-bf4c-06f5698ffbd9}", "provider_name": "Microsoft-Windows-Sysmon", "record_id": 698560, "task": "Process Create (rule: ProcessCreate)", "user": {"domain": "NT AUTHORITY", "identifier": "S-1-5-18", "name": "SYSTEM", "type": "User"}, "version": 5}}
{"@timestamp": "2024-12-25T08:02:51.967Z", "agent": {"ephemeral_id": "4d435ba8-31a0-41c4-8175-5ef02120cf03", "hostname": "CLIENT9", "id": "c35095e9-5f9f-4084-a651-3aaa2966847a", "name": "CLIENT9", "type": "winlogbeat", "version": "7.10.2"}, "ecs": {"version": "1.5.0"}, "event": {"action": "Logon", "code": 4624, "created": "2024-12-25T08:04:57.023Z", "kind": "event", "outcome": "success", "provider": "Microsoft-Windows-Security-Auditing"}, "host": {"name": "CLIENT9.breach.local"}, "log": {"level": "information"}, "winlog": {"activity_id": "{62700555-56a3-0001-c105-7062a356db01}", "api": "wineventlog", "channel": "Security", "computer_name": "CLIENT9.breach.local", "event_data": {"AuthenticationPackageName": "Negotiate", "ElevatedToken": "%%1842", "ImpersonationLevel": "%%1833", "IpAddress": "-", "IpPort": "-", "KeyLength": "0", "LmPackageName": "-", "LogonGuid": "{00000000-0000-0000-0000-000000000000}", "LogonProcessName": "Advapi  ", "LogonType": "5", "ProcessId": "0x258", "ProcessName": "C:\\Windows\\System32\\services.exe", "RestrictedAdminMode": "-", "SubjectDomainName": "BREACH", "SubjectLogonId": "0x3e7", "SubjectUserName": "CLIENT9$", "SubjectUserSid": "S-1-5-18", "TargetDomainName": "NT AUTHORITY", "TargetLinkedLogonId": "0x0", "TargetLogonId": "0x3e7", "TargetOutboundDomainName": "-", "TargetOutboundUserName": "-", "TargetUserName": "SYSTEM", "TargetUserSid": "S-1-5-18", "TransmittedServices": "-", "VirtualAccount": "%%1843", "WorkstationName": "-"}, "event_id": 4624, "keywords": ["Audit Success"], "opcode": "Info", "process": {"pid": 632, "thread": {"id": 684}}, "provider_guid": "{54849625-5478-4994-a5ba-3e3b0328c30d}", "provider_name": "Microsoft-Windows-Security-Auditing", "record_id": 21065, "task": "Logon", "version": 2}}
{"@timestamp": "2024-12-25T08:02:51.967Z", "agent": {"ephemeral_id": "4d435ba8-31a0-41c4-8175-5ef02120cf03", "hostname": "CLIENT9", "id": "c35095e9-5f9f-4084-a651-3aaa2966847a", "name": "CLIENT9", "type": "winlogbeat", "version": "7.10.2"}, "ecs": {"version": "1.5.0"}, "event": {"action": "Special Logon", "code": 4672, "created": "2024-12-25T08:04:57.023Z", "kind": "event", "outcome": "success", "provider": "Microsoft-Windows-Security-Auditing"}, "host": {"name": "CLIENT9.breach.local"}, "log": {"level": "information"}, "winlog": {"activity_id": "{62700555-56a3-0001-c105-7062a356db01}", "api": "wineventlog", "channel": "Security", "computer_name": "CLIENT9.breach.local", "event_data": {"PrivilegeList": "SeAssignPrimaryTokenPrivilege\n\t\t\tSeTcbPrivilege\n\t\t\tSeSecurityPrivilege\n\t\t\tSeTakeOwnershipPrivilege\n\t\t\tSeLoadDriverPrivilege\n\t\t\tSeBackupPrivilege\n\t\t\tSeRestorePrivilege\n\t\t\tSeDebugPrivilege\n\t\t\tSeAuditPrivilege\n\t\t\tSeSystemEnvironmentPrivilege\n\t\t\tSeImpersonatePrivilege\n\t\t\tSeDelegateSessionUserImpersonatePrivilege", "SubjectDomainName": "NT AUTHORITY", "SubjectLogonId": "0x3e7", "SubjectUserName": "SYSTEM", "SubjectUserSid": "S-1-5-18"}, "event_id": 4672, "keywords": ["Audit Success"], "opcode": "Info", "process": {"pid": 632, "thread": {"id": 684}}, "provider_guid": "{54849625-5478-4994-a5ba-3e3b0328c30d}", "provider_name": "Microsoft-Windows-Security-Auditing", "record_id": 21066, "task": "Special Logon"}}
{"@timestamp": "2024-12-25T08:02:51.973Z", "agent": {"ephemeral_id": "4d435ba8-31a0-41c4-8175-5ef02120cf03", "hostname": "CLIENT9", "id": "c35095e9-5f9f-4084-a651-3aaa2966847a", "name": "CLIENT9", "type": "winlogbeat", "version": "7.10.2"}, "ecs": {"version": "1.5.0"}, "event": {"action": "Process Create (rule: ProcessCreate)", "category": ["process"], "code": 1, "created": "2024-12-25T08:04:57.286Z", "kind": "event", "module": "sysmon", "provider": "Microsoft-Windows-Sysmon", "type": ["start", "process_start"]}, "hash": {"imphash": "f9bbd96fae53b7a31264a703cafa0666", "md5": "f586835082f632dc8d9404d83bc16316", "sha1": "010db07461e45b41c886192df6fd425ba8d42d82", "sha256": "643ec58e82e0272c97c2a59f6020970d881af19c0ad5029db9c958c13b6558c7"}, "host": {"name": "CLIENT9.breach.local"}, "log": {"level": "information"}, "process": {"args": ["C:\\Windows\\system32\\svchost.exe", "-k", "DcomLaunch", "-p"], "command_line": "C:\\Windows\\system32\\svchost.exe -k DcomLaunch -p", "entity_id": "{416dd0c5-bc2b-676b-0f00-000000000900}", "executable": "C:\\Windows\\System32\\svchost.exe", "hash": {"md5": "f586835082f632dc8d9404d83bc16316", "sha1": "010db07461e45b41c886192df6fd425ba8d42d82", "sha256": "643ec58e82e0272c97c2a59f6020970d881af19c0ad5029db9c958c13b6558c7"}, "name": "svchost.exe", "parent": {"args": ["C:\\Windows\\system32\\services.exe"], "command_line": "C:\\Windows\\system32\\services.exe", "entity_id": "{416dd0c5-bc2b-676b-0b00-000000000900}", "executable": "C:\\Windows\\System32\\services.exe", "name": "services.exe", "pid": 600}, "pe": {"imphash": "f9bbd96fae53b7a31264a703cafa0666"}, "pid": 752, "working_directory": "C:\\Windows\\system32\\"}, "related": {"hash": ["010db07461e45b41c886192df6fd425ba8d42d82", "f586835082f632dc8d9404d83bc16316", "643ec58e82e0272c97c2a59f6020970d881af19c0ad5029db9c958c13b6558c7", "f9bbd96fae53b7a31264a703cafa0666"], "user": "SYSTEM"}, "user": {"domain": "NT AUTHORITY", "name": "SYSTEM"}, "winlog": {"api": "wineventlog", "channel": "Microsoft-Windows-Sysmon/Operational", "computer_name": "CLIENT9.breach.local", "event_data": {"Company": "Microsoft Corporation", "Description": "Host Process for Windows Services", "FileVersion": "10.0.19041.546 (WinBuild.160101.0800)", "IntegrityLevel": "System", "LogonGuid": "{416dd0c5-bc2b-676b-e703-000000000000}", "LogonId": "0x3e7", "OriginalFileName": "svchost.exe", "ParentUser": "NT AUTHORITY\\SYSTEM", "Product": "Microsoft\u00ae Windows\u00ae Operating System", "RuleName": "-", "TerminalSessionId": "0"}, "event_id": 1, "opcode": "Info", "process": {"pid": 2824, "thread": {"id": 3260}}, "provider_guid": "{5770385f-c22a-43e0-bf4c-06f5698ffbd9}", "provider_name": "Microsoft-Windows-Sysmon", "record_id": 698563, "task": "Process Create (rule: ProcessCreate)", "user": {"domain": "NT AUTHORITY", "identifier": "S-1-5-18", "name": "SYSTEM", "type": "User"}, "version": 5}}
