{"@timestamp": "2024-12-25T09:31:04.802Z", "agent": {"ephemeral_id": "daad58af-b5f8-4d26-a58a-aeff9b68a92f", "hostname": "CLIENT7", "id": "c35095e9-5f9f-4084-a651-3aaa2966847a", "name": "CLIENT7", "type": "winlogbeat", "version": "7.10.2"}, "ecs": {"version": "1.5.0"}, "event": {"action": "Process Create (rule: ProcessCreate)", "category": ["process"], "code": 1, "created": "2024-12-25T09:31:05.416Z", "kind": "event", "module": "sysmon", "provider": "Microsoft-Windows-Sysmon", "type": ["start", "process_start"]}, "hash": {"imphash": "8b2a73cf81704f7aed84c67134ec39ac", "md5": "d4c0c10590da99309e3c36e66f99ee60", "sha1": "5b1e67fcfd7aa697ef5e49d39050ecfce1cf18f4", "sha256": "dfe51b0739ed161f69afbb736460ebb7dd37372ff0659cbc20f4a9c850fbcc8c"}, "host": {"name": "CLIENT7.breach.local"}, "log": {"level": "information"}, "process": {"args": ["C:\\Windows\\system32\\SearchProtocolHost.exe", "Global\\UsGthrFltPipeMssGthrPipe5_", "Global\\UsGthrCtrlFltPipeMssGthrPipe5", "1", "-2147483646", "Software\\Microsoft\\Windows Search", "Mozilla/4.0 (compatible; MSIE 6.0; Windows NT; MS Search 4.0 Robot)", "C:\\ProgramData\\Microsoft\\Search\\Data\\Temp\\usgthrsvc", "DownLevelDaemon"], "command_line": "\"C:\\Windows\\system32\\SearchProtocolHost.exe\" Global\\UsGthrFltPipeMssGthrPipe5_ Global\\UsGthrCtrlFltPipeMssGthrPipe5 1 -2147483646 \"Software\\Microsoft\\Windows Search\" \"Mozilla/4.0 (compatible; MSIE 6.0; Windows NT; MS Search 4.0 Robot)\" \"C:\\ProgramData\\Microsoft\\Search\\Data\\Temp\\usgthrsvc\" \"DownLevelDaemon\" ", "entity_id": "{416dd0c5-d0d8-676b-6d01-000000000900}", "executable": "C:\\Windows\\System32\\SearchProtocolHost.exe", "hash": {"md5": "d4c0c10590da99309e3c36e66f99ee60", "sha1": "5b1e67fcfd7aa697ef5e49d39050ecfce1cf18f4", "sha256": "dfe51b0739ed161f69afbb736460ebb7dd37372ff0659cbc20f4a9c850fbcc8c"}, "name": "SearchProtocolHost.exe", "parent": {"args": ["C:\\Windows\\system32\\SearchIndexer.exe", "/Embedding"], "command_line": "C:\\Windows\\system32\\SearchIndexer.exe /Embedding", "entity_id": "{416dd0c5-bdbb-676b-6c00-000000000900}", "executable": "C:\\Windows\\System32\\SearchIndexer.exe", "name": "SearchIndexer.exe", "pid": 5324}, "pe": {"imphash": "8b2a73cf81704f7aed84c67134ec39ac"}, "pid": 7904, "working_directory": "C:\\Windows\\system32\\"}, "related": {"hash": ["5b1e67fcfd7aa697ef5e49d39050ecfce1cf18f4", "d4c0c10590da99309e3c36e66f99ee60", "dfe51b0739ed161f69afbb736460ebb7dd37372ff0659cbc20f4a9c850fbcc8c", "8b2a73cf81704f7aed84c67134ec39ac"], "user": "SYSTEM"}, "user": {"domain": "NT AUTHORITY", "name": "SYSTEM"}, "winlog": {"api": "wineventlog", "channel": "Microsoft-Windows-Sysmon/Operational", "computer_name": "CLIENT7.breach.local", "event_data": {"Company": "Microsoft Corporation", "Description": "Microsoft Windows Search Protocol Host", "FileVersion": "7.0.19041.844 (WinBuild.160101.0800)", "IntegrityLevel": "System", "LogonGuid": "{416dd0c5-bdaa-676b-e703-000000000000}", "LogonId": "0x3e7", "OriginalFileName": "SearchProtocolHost.exe", "ParentUser": "NT AUTHORITY\\SYSTEM", "Product": "Windows\u00ae Search", "RuleName": "-", "TerminalSessionId": "0"}, "event_id": 1, "opcode": "Info", "process": {"pid": 2840, "thread": {"id": 3428}}, "provider_guid": "{5770385f-c22a-43e0-bf4c-06f5698ffbd9}", "provider_name": "Microsoft-Windows-Sysmon", "record_id": 785610, "task": "Process Create (rule: ProcessCreate)", "user": {"domain": "NT AUTHORITY", "identifier": "S-1-5-18", "name": "SYSTEM", "type": "User"}, "version": 5}}
{"@timestamp": "2024-12-25T09:31:04.905Z", "agent": {"ephemeral_id": "daad58af-b5f8-4d26-a58a-aeff9b68a92f", "hostname": "CLIENT7", "id": "c35095e9-5f9f-4084-a651-3aaa2966847a", "name": "CLIENT7", "type": "winlogbeat", "version": "7.10.2"}, "ecs": {"version": "1.5.0"}, "event": {"action": "Process Create (rule: ProcessCreate)", "category": ["process"], "code": 1, "created": "2024-12-25T09:31:05.420Z", "kind": "event", "module": "sysmon", "provider": "Microsoft-Windows-Sysmon", "type": ["start", "process_start"]}, "hash": {"imphash": "25975932fe65b44ea2dd939dc008d453", "md5": "682d7618341e297914ba89d46c3db469", "sha1": "e5c14547d36fa7e6ce079b9cce6cf662baa35b1f", "sha256": "33051d12c4dc42c6b5dadf8016bad36570ef9029f7d5d654eafb0f1c3db616c3"}, "host": {"name": "CLIENT7.breach.local"}, "log": {"level": "information"}, "process": {"args": ["C:\\Windows\\system32\\SearchFilterHost.exe", "0", "804", "808", "816", "8192", "812", "788"], "command_line": "\"C:\\Windows\\system32\\SearchFilterHost.exe\" 0 804 808 816 8192 812 788 ", "entity_id": "{416dd0c5-d0d8-676b-6e01-000000000900}", "executable": "C:\\Windows\\System32\\SearchFilterHost.exe", "hash": {"md5": "682d7618341e297914ba89d46c3db469", "sha1": "e5c14547d36fa7e6ce079b9cce6cf662baa35b1f", "sha256": "33051d12c4dc42c6b5dadf8016bad36570ef9029f7d5d654eafb0f1c3db616c3"}, "name": "SearchFilterHost.exe", "parent": {"args": ["C:\\Windows\\system32\\SearchIndexer.exe", "/Embedding"], "command_line": "C:\\Windows\\system32\\SearchIndexer.exe /Embedding", "entity_id": "{416dd0c5-bdbb-676b-6c00-000000000900}", "executable": "C:\\Windows\\System32\\SearchIndexer.exe", "name": "SearchIndexer.exe", "pid": 5324}, "pe": {"imphash": "25975932fe65b44ea2dd939dc008d453"}, "pid": 4780, "working_directory": "C:\\Windows\\system32\\"}, "related": {"hash": ["e5c14547d36fa7e6ce079b9cce6cf662baa35b1f", "682d7618341e297914ba89d46c3db469", "33051d12c4dc42c6b5dadf8016bad36570ef9029f7d5d654eafb0f1c3db616c3", "25975932fe65b44ea2dd939dc008d453"], "user": "SYSTEM"}, "user": {"domain": "NT AUTHORITY", "name": "SYSTEM"}, "winlog": {"api": "wineventlog", "channel": "Microsoft-Windows-Sysmon/Operational", "computer_name": "CLIENT7.breach.local", "event_data": {"Company": "Microsoft Corporation", "Description": "Microsoft Windows Search Filter Host", "FileVersion": "7.0.19041.844 (WinBuild.160101.0800)", "IntegrityLevel": "Medium", "LogonGuid": "{416dd0c5-bdaa-676b-e703-000000000000}", "LogonId": "0x3e7", "OriginalFileName": "SearchFilterHost.exe", "ParentUser": "NT AUTHORITY\\SYSTEM", "Product": "Windows\u00ae Search", "RuleName": "-", "TerminalSessionId": "0"}, "event_id": 1, "opcode": "Info", "process": {"pid": 2840, "thread": {"id": 3428}}, "provider_guid": "{5770385f-c22a-43e0-bf4c-06f5698ffbd9}", "provider_name": "Microsoft-Windows-Sysmon", "record_id": 785640, "task": "Process Create (rule: ProcessCreate)", "user": {"domain": "NT AUTHORITY", "identifier": "S-1-5-18", "name": "SYSTEM", "type": "User"}, "version": 5}}
{"@timestamp": "2024-12-25T09:33:33.253Z", "agent": {"ephemeral_id": "daad58af-b5f8-4d26-a58a-aeff9b68a92f", "hostname": "CLIENT7", "id": "c35095e9-5f9f-4084-a651-3aaa2966847a", "name": "CLIENT7", "type": "winlogbeat", "version": "7.10.2"}, "ecs": {"version": "1.5.0"}, "event": {"action": "Process Create (rule: ProcessCreate)", "category": ["process"], "code": 1, "created": "2024-12-25T09:33:35.081Z", "kind": "event", "module": "sysmon", "provider": "Microsoft-Windows-Sysmon", "type": ["start", "process_start"]}, "hash": {"imphash": "3c2fc59273192a34f1aa4a59df3b348e", "md5": "922f7003fca657359db03cc02941124d", "sha1": "27fae46e4e377467f2d5f9e37a5a8cb19b39b9ec", "sha256": "5da31132fd6a415e71e3fd40c3a23853a799b91ea2821d2bcbf1bf0e8fa01e16"}, "host": {"name": "CLIENT7.breach.local"}, "log": {"level": "information"}, "process": {"args": ["C:\\Python37\\python.exe", "-c", "from multiprocessing.spawn import spawn_main; spawn_main(parent_pid=7012, pipe_handle=1660)", "--multiprocessing-fork"], "command_line": "\"C:\\Python37\\python.exe\" \"-c\" \"from multiprocessing.spawn import spawn_main; spawn_main(parent_pid=7012, pipe_handle=1660)\" \"--multiprocessing-fork\"", "entity_id": "{416dd0c5-d16d-676b-6f01-000000000900}", "executable": "C:\\Python37\\python.exe", "hash": {"md5": "922f7003fca657359db03cc02941124d", "sha1": "27fae46e4e377467f2d5f9e37a5a8cb19b39b9ec", "sha256": "5da31132fd6a415e71e3fd40c3a23853a799b91ea2821d2bcbf1bf0e8fa01e16"}, "name": "python.exe", "parent": {"args": ["C:\\Python37\\python.exe", "C:\\BREACH\\userbehavior\\main.py"], "command_line": "C:\\Python37\\python.exe \"C:\\BREACH\\userbehavior\\main.py\" ", "entity_id": "{416dd0c5-bdd1-676b-9800-000000000900}", "executable": "C:\\Python37\\python.exe", "name": "python.exe", "pid": 7012}, "pe": {"imphash": "3c2fc59273192a34f1aa4a59df3b348e"}, "pid": 6916, "working_directory": "C:\\BREACH\\"}, "related": {"hash": ["27fae46e4e377467f2d5f9e37a5a8cb19b39b9ec", "922f7003fca657359db03cc02941124d", "5da31132fd6a415e71e3fd40c3a23853a799b91ea2821d2bcbf1bf0e8fa01e16", "3c2fc59273192a34f1aa4a59df3b348e"], "user": "client7"}, "user": {"domain": "BREACH", "name": "client7"}, "winlog": {"api": "wineventlog", "channel": "Microsoft-Windows-Sysmon/Operational", "computer_name": "CLIENT7.breach.local", "event_data": {"Company": "Python Software Foundation", "Description": "Python", "FileVersion": "3.7.3", "IntegrityLevel": "Medium", "LogonGuid": "{416dd0c5-bdb2-676b-882c-040000000000}", "LogonId": "0x42c88", "OriginalFileName": "python.exe", "ParentUser": "BREACH\\client7", "Product": "Python", "RuleName": "-", "TerminalSessionId": "1"}, "event_id": 1, "opcode": "Info", "process": {"pid": 2840, "thread": {"id": 3428}}, "provider_guid": "{5770385f-c22a-43e0-bf4c-06f5698ffbd9}", "provider_name": "Microsoft-Windows-Sysmon", "record_id": 787146, "task": "Process Create (rule: ProcessCreate)", "user": {"domain": "NT AUTHORITY", "identifier": "S-1-5-18", "name": "SYSTEM", "type": "User"}, "version": 5}}
{"@timestamp": "2024-12-25T09:36:44.395Z", "agent": {"ephemeral_id": "daad58af-b5f8-4d26-a58a-aeff9b68a92f", "hostname": "CLIENT7", "id": "c35095e9-5f9f-4084-a651-3aaa2966847a", "name": "CLIENT7", "type": "winlogbeat", "version": "7.10.2"}, "ecs": {"version": "1.5.0"}, "event": {"action": "Process Create (rule: ProcessCreate)", "category": ["process"], "code": 1, "created": "2024-12-25T09:37:00.461Z", "kind": "event", "module": "sysmon", "provider": "Microsoft-Windows-Sysmon", "type": ["start", "process_start"]}, "hash": {"imphash": "3c2fc59273192a34f1aa4a59df3b348e", "md5": "922f7003fca657359db03cc02941124d", "sha1": "27fae46e4e377467f2d5f9e37a5a8cb19b39b9ec", "sha256": "5da31132fd6a415e71e3fd40c3a23853a799b91ea2821d2bcbf1bf0e8fa01e16"}, "host": {"name": "CLIENT7.breach.local"}, "log": {"level": "information"}, "process": {"args": ["C:\\Python37\\python.exe", "-c", "from multiprocessing.spawn import spawn_main; spawn_main(parent_pid=7012, pipe_handle=1660)", "--multiprocessing-fork"], "command_line": "\"C:\\Python37\\python.exe\" \"-c\" \"from multiprocessing.spawn import spawn_main; spawn_main(parent_pid=7012, pipe_handle=1660)\" \"--multiprocessing-fork\"", "entity_id": "{416dd0c5-d22c-676b-7001-000000000900}", "executable": "C:\\Python37\\python.exe", "hash": {"md5": "922f7003fca657359db03cc02941124d", "sha1": "27fae46e4e377467f2d5f9e37a5a8cb19b39b9ec", "sha256": "5da31132fd6a415e71e3fd40c3a23853a799b91ea2821d2bcbf1bf0e8fa01e16"}, "name": "python.exe", "parent": {"args": ["C:\\Python37\\python.exe", "C:\\BREACH\\userbehavior\\main.py"], "command_line": "C:\\Python37\\python.exe \"C:\\BREACH\\userbehavior\\main.py\" ", "entity_id": "{416dd0c5-bdd1-676b-9800-000000000900}", "executable": "C:\\Python37\\python.exe", "name": "python.exe", "pid": 7012}, "pe": {"imphash": "3c2fc59273192a34f1aa4a59df3b348e"}, "pid": 7624, "working_directory": "C:\\BREACH\\"}, "related": {"hash": ["27fae46e4e377467f2d5f9e37a5a8cb19b39b9ec", "922f7003fca657359db03cc02941124d", "5da31132fd6a415e71e3fd40c3a23853a799b91ea2821d2bcbf1bf0e8fa01e16", "3c2fc59273192a34f1aa4a59df3b348e"], "user": "client7"}, "user": {"domain": "BREACH", "name": "client7"}, "winlog": {"api": "wineventlog", "channel": "Microsoft-Windows-Sysmon/Operational", "computer_name": "CLIENT7.breach.local", "event_data": {"Company": "Python Software Foundation", "Description": "Python", "FileVersion": "3.7.3", "IntegrityLevel": "Medium", "LogonGuid": "{416dd0c5-bdb2-676b-882c-040000000000}", "LogonId": "0x42c88", "OriginalFileName": "python.exe", "ParentUser": "BREACH\\client7", "Product": "Python", "RuleName": "-", "TerminalSessionId": "1"}, "event_id": 1, "opcode": "Info", "process": {"pid": 2840, "thread": {"id": 3428}}, "provider_guid": "{5770385f-c22a-43e0-bf4c-06f5698ffbd9}", "provider_name": "Microsoft-Windows-Sysmon", "record_id": 787286, "task": "Process Create (rule: ProcessCreate)", "user": {"domain": "NT AUTHORITY", "identifier": "S-1-5-18", "name": "SYSTEM", "type": "User"}, "version": 5}}
{"@timestamp": "2024-12-25T09:36:47.346Z", "agent": {"ephemeral_id": "daad58af-b5f8-4d26-a58a-aeff9b68a92f", "hostname": "CLIENT7", "id": "c35095e9-5f9f-4084-a651-3aaa2966847a", "name": "CLIENT7", "type": "winlogbeat", "version": "7.10.2"}, "ecs": {"version": "1.5.0"}, "event": {"action": "Process Create (rule: ProcessCreate)", "category": ["process"], "code": 1, "created": "2024-12-25T09:37:51.152Z", "kind": "event", "module": "sysmon", "provider": "Microsoft-Windows-Sysmon", "type": ["start", "process_start"]}, "hash": {"imphash": "c7b2d9891c8ea27ab912d8036021e33d", "md5": "a815db40487b457b44dcda2dde8c4823", "sha1": "8766609f079faa9e74ae2c770c0e5f84b458799e", "sha256": "992210816bdb77611810d3ec259b49f000e1546a8415bb94e26ce7e17f58e16c"}, "host": {"name": "CLIENT7.breach.local"}, "log": {"level": "information"}, "process": {"args": ["C:\\Python37\\geckodriver.exe", "--websocket-port", "51318", "--port", "51317"], "command_line": "C:\\Python37\\geckodriver.exe --websocket-port 51318 --port 51317", "entity_id": "{416dd0c5-d22f-676b-7101-000000000900}", "executable": "C:\\Python37\\geckodriver.exe", "hash": {"md5": "a815db40487b457b44dcda2dde8c4823", "sha1": "8766609f079faa9e74ae2c770c0e5f84b458799e", "sha256": "992210816bdb77611810d3ec259b49f000e1546a8415bb94e26ce7e17f58e16c"}, "name": "geckodriver.exe", "parent": {"args": ["C:\\Python37\\python.exe", "-c", "from multiprocessing.spawn import spawn_main; spawn_main(parent_pid=7012, pipe_handle=1660)", "--multiprocessing-fork"], "command_line": "\"C:\\Python37\\python.exe\" \"-c\" \"from multiprocessing.spawn import spawn_main; spawn_main(parent_pid=7012, pipe_handle=1660)\" \"--multiprocessing-fork\"", "entity_id": "{416dd0c5-d22c-676b-7001-000000000900}", "executable": "C:\\Python37\\python.exe", "name": "python.exe", "pid": 7624}, "pe": {"imphash": "c7b2d9891c8ea27ab912d8036021e33d"}, "pid": 7228, "working_directory": "C:\\BREACH\\"}, "related": {"hash": ["8766609f079faa9e74ae2c770c0e5f84b458799e", "a815db40487b457b44dcda2dde8c4823", "992210816bdb77611810d3ec259b49f000e1546a8415bb94e26ce7e17f58e16c", "c7b2d9891c8ea27ab912d8036021e33d"], "user": "client7"}, "user": {"domain": "BREACH", "name": "client7"}, "winlog": {"api": "wineventlog", "channel": "Microsoft-Windows-Sysmon/Operational", "computer_name": "CLIENT7.breach.local", "event_data": {"Company": "-", "Description": "-", "FileVersion": "-", "IntegrityLevel": "Medium", "LogonGuid": "{416dd0c5-bdb2-676b-882c-040000000000}", "LogonId": "0x42c88", "OriginalFileName": "-", "ParentUser": "BREACH\\client7", "Product": "-", "RuleName": "-", "TerminalSessionId": "1"}, "event_id": 1, "opcode": "Info", "process": {"pid": 2840, "thread": {"id": 3428}}, "provider_guid": "{5770385f-c22a-43e0-bf4c-06f5698ffbd9}", "provider_name": "Microsoft-Windows-Sysmon", "record_id": 787463, "task": "Process Create (rule: ProcessCreate)", "user": {"domain": "NT AUTHORITY", "identifier": "S-1-5-18", "name": "SYSTEM", "type": "User"}, "version": 5}}
{"@timestamp": "2024-12-25T09:36:51.020Z", "agent": {"ephemeral_id": "daad58af-b5f8-4d26-a58a-aeff9b68a92f", "hostname": "CLIENT7", "id": "c35095e9-5f9f-4084-a651-3aaa2966847a", "name": "CLIENT7", "type": "winlogbeat", "version": "7.10.2"}, "ecs": {"version": "1.5.0"}, "event": {"action": "Process Create (rule: ProcessCreate)", "category": ["process"], "code": 1, "created": "2024-12-25T09:37:51.156Z", "kind": "event", "module": "sysmon", "provider": "Microsoft-Windows-Sysmon", "type": ["start", "process_start"]}, "hash": {"imphash": "51bef41e5cd278a02c17451af095c288", "md5": "45cfba3f1b54d79d1d6c8fbb77ba9870", "sha1": "6b95bf67ea45de4b98cc6ee89364d66ead46abfb", "sha256": "491971090692d470846169aee2343091eaf173715694449eb48b97addf62538c"}, "host": {"name": "CLIENT7.breach.local"}, "log": {"level": "information"}, "process": {"args": ["C:\\Program Files (x86)\\Mozilla Firefox\\firefox.exe", "--marionette", "--remote-debugging-port", "51318", "--remote-allow-hosts", "localhost", "-no-remote", "-profile", "C:\\Users\\client7\\AppData\\Local\\Temp\\rust_mozprofilej4ZnnY"], "command_line": "\"C:\\Program Files (x86)\\Mozilla Firefox\\firefox.exe\" --marionette --remote-debugging-port 51318 --remote-allow-hosts localhost -no-remote -profile C:\\Users\\client7\\AppData\\Local\\Temp\\rust_mozprofilej4ZnnY", "entity_id": "{416dd0c5-d233-676b-7201-000000000900}", "executable": "C:\\Program Files (x86)\\Mozilla Firefox\\firefox.exe", "hash": {"md5": "45cfba3f1b54d79d1d6c8fbb77ba9870", "sha1": "6b95bf67ea45de4b98cc6ee89364d66ead46abfb", "sha256": "491971090692d470846169aee2343091eaf173715694449eb48b97addf62538c"}, "name": "firefox.exe", "parent": {"args": ["C:\\Python37\\geckodriver.exe", "--websocket-port", "51318", "--port", "51317"], "command_line": "C:\\Python37\\geckodriver.exe --websocket-port 51318 --port 51317", "entity_id": "{416dd0c5-d22f-676b-7101-000000000900}", "executable": "C:\\Python37\\geckodriver.exe", "name": "geckodriver.exe", "pid": 7228}, "pe": {"imphash": "51bef41e5cd278a02c17451af095c288"}, "pid": 6648, "working_directory": "C:\\BREACH\\"}, "related": {"hash": ["6b95bf67ea45de4b98cc6ee89364d66ead46abfb", "45cfba3f1b54d79d1d6c8fbb77ba9870", "491971090692d470846169aee2343091eaf173715694449eb48b97addf62538c", "51bef41e5cd278a02c17451af095c288"], "user": "client7"}, "user": {"domain": "BREACH", "name": "client7"}, "winlog": {"api": "wineventlog", "channel": "Microsoft-Windows-Sysmon/Operational", "computer_name": "CLIENT7.breach.local", "event_data": {"Company": "Mozilla Corporation", "Description": "Firefox", "FileVersion": "133.0.3", "IntegrityLevel": "Medium", "LogonGuid": "{416dd0c5-bdb2-676b-882c-040000000000}", "LogonId": "0x42c88", "OriginalFileName": "firefox.exe", "ParentUser": "BREACH\\client7", "Product": "Firefox", "RuleName": "-", "TerminalSessionId": "1"}, "event_id": 1, "opcode": "Info", "process": {"pid": 2840, "thread": {"id": 3428}}, "provider_guid": "{5770385f-c22a-43e0-bf4c-06f5698ffbd9}", "provider_name": "Microsoft-Windows-Sysmon", "record_id": 787520, "task": "Process Create (rule: ProcessCreate)", "user": {"domain": "NT AUTHORITY", "identifier": "S-1-5-18", "name": "SYSTEM", "type": "User"}, "version": 5}}
{"@timestamp": "2024-12-25T09:36:51.128Z", "agent": {"ephemeral_id": "daad58af-b5f8-4d26-a58a-aeff9b68a92f", "hostname": "CLIENT7", "id": "c35095e9-5f9f-4084-a651-3aaa2966847a", "name": "CLIENT7", "type": "winlogbeat", "version": "7.10.2"}, "ecs": {"version": "1.5.0"}, "event": {"action": "Process Create (rule: ProcessCreate)", "category": ["process"], "code": 1, "created": "2024-12-25T09:37:51.203Z", "kind": "event", "module": "sysmon", "provider": "Microsoft-Windows-Sysmon", "type": ["start", "process_start"]}, "hash": {"imphash": "51bef41e5cd278a02c17451af095c288", "md5": "45cfba3f1b54d79d1d6c8fbb77ba9870", "sha1": "6b95bf67ea45de4b98cc6ee89364d66ead46abfb", "sha256": "491971090692d470846169aee2343091eaf173715694449eb48b97addf62538c"}, "host": {"name": "CLIENT7.breach.local"}, "log": {"level": "information"}, "process": {"args": ["C:\\Program Files (x86)\\Mozilla Firefox\\firefox.exe", "--marionette", "--remote-debugging-port", "51318", "--remote-allow-hosts", "localhost", "-no-remote", "-profile", "C:\\Users\\client7\\AppData\\Local\\Temp\\rust_mozprofilej4ZnnY"], "command_line": "\"C:\\Program Files (x86)\\Mozilla Firefox\\firefox.exe\" --marionette --remote-debugging-port 51318 --remote-allow-hosts localhost -no-remote -profile C:\\Users\\client7\\AppData\\Local\\Temp\\rust_mozprofilej4ZnnY", "entity_id": "{416dd0c5-d233-676b-7301-000000000900}", "executable": "C:\\Program Files (x86)\\Mozilla Firefox\\firefox.exe", "hash": {"md5": "45cfba3f1b54d79d1d6c8fbb77ba9870", "sha1": "6b95bf67ea45de4b98cc6ee89364d66ead46abfb", "sha256": "491971090692d470846169aee2343091eaf173715694449eb48b97addf62538c"}, "name": "firefox.exe", "parent": {"args": ["C:\\Program Files (x86)\\Mozilla Firefox\\firefox.exe", "--marionette", "--remote-debugging-port", "51318", "--remote-allow-hosts", "localhost", "-no-remote", "-profile", "C:\\Users\\client7\\AppData\\Local\\Temp\\rust_mozprofilej4ZnnY"], "command_line": "\"C:\\Program Files (x86)\\Mozilla Firefox\\firefox.exe\" --marionette --remote-debugging-port 51318 --remote-allow-hosts localhost -no-remote -profile C:\\Users\\client7\\AppData\\Local\\Temp\\rust_mozprofilej4ZnnY", "entity_id": "{416dd0c5-d233-676b-7201-000000000900}", "executable": "C:\\Program Files (x86)\\Mozilla Firefox\\firefox.exe", "name": "firefox.exe", "pid": 6648}, "pe": {"imphash": "51bef41e5cd278a02c17451af095c288"}, "pid": 7548, "working_directory": "C:\\BREACH\\"}, "related": {"hash": ["6b95bf67ea45de4b98cc6ee89364d66ead46abfb", "45cfba3f1b54d79d1d6c8fbb77ba9870", "491971090692d470846169aee2343091eaf173715694449eb48b97addf62538c", "51bef41e5cd278a02c17451af095c288"], "user": "client7"}, "user": {"domain": "BREACH", "name": "client7"}, "winlog": {"api": "wineventlog", "channel": "Microsoft-Windows-Sysmon/Operational", "computer_name": "CLIENT7.breach.local", "event_data": {"Company": "Mozilla Corporation", "Description": "Firefox", "FileVersion": "133.0.3", "IntegrityLevel": "Medium", "LogonGuid": "{416dd0c5-bdb2-676b-882c-040000000000}", "LogonId": "0x42c88", "OriginalFileName": "firefox.exe", "ParentUser": "BREACH\\client7", "Product": "Firefox", "RuleName": "-", "TerminalSessionId": "1"}, "event_id": 1, "opcode": "Info", "process": {"pid": 2840, "thread": {"id": 3428}}, "provider_guid": "{5770385f-c22a-43e0-bf4c-06f5698ffbd9}", "provider_name": "Microsoft-Windows-Sysmon", "record_id": 787545, "task": "Process Create (rule: ProcessCreate)", "user": {"domain": "NT AUTHORITY", "identifier": "S-1-5-18", "name": "SYSTEM", "type": "User"}, "version": 5}}
{"@timestamp": "2024-12-25T09:36:54.342Z", "agent": {"ephemeral_id": "daad58af-b5f8-4d26-a58a-aeff9b68a92f", "hostname": "CLIENT7", "id": "c35095e9-5f9f-4084-a651-3aaa2966847a", "name": "CLIENT7", "type": "winlogbeat", "version": "7.10.2"}, "ecs": {"version": "1.5.0"}, "event": {"action": "Process Create (rule: ProcessCreate)", "category": ["process"], "code": 1, "created": "2024-12-25T09:38:15.371Z", "kind": "event", "module": "sysmon", "provider": "Microsoft-Windows-Sysmon", "type": ["start", "process_start"]}, "hash": {"imphash": "51bef41e5cd278a02c17451af095c288", "md5": "45cfba3f1b54d79d1d6c8fbb77ba9870", "sha1": "6b95bf67ea45de4b98cc6ee89364d66ead46abfb", "sha256": "491971090692d470846169aee2343091eaf173715694449eb48b97addf62538c"}, "host": {"name": "CLIENT7.breach.local"}, "log": {"level": "information"}, "process": {"args": ["C:\\Program Files (x86)\\Mozilla Firefox\\firefox.exe", "-contentproc", "-parentBuildID", "20241209150345", "-prefsHandle", "2144", "-prefsLen", "24634", "-prefMapHandle", "2148", "-prefMapSize", "265948", "-ipcHandle", "2220", "-initialChannelId", "{fe4406bc-d99e-4076-8d37-b673f651a5e8}", "-parentPid", "7548", "-crashReporter", "\\\\.\\pipe\\gecko-crash-server-pipe.7548", "-appDir", "C:\\Program Files (x86)\\Mozilla Firefox\\browser", "-", "1", "gpu"], "command_line": "\"C:\\Program Files (x86)\\Mozilla Firefox\\firefox.exe\" -contentproc -parentBuildID 20241209150345 -prefsHandle 2144 -prefsLen 24634 -prefMapHandle 2148 -prefMapSize 265948 -ipcHandle 2220 -initialChannelId {fe4406bc-d99e-4076-8d37-b673f651a5e8} -parentPid 7548 -crashReporter \"\\\\.\\pipe\\gecko-crash-server-pipe.7548\" -appDir \"C:\\Program Files (x86)\\Mozilla Firefox\\browser\" - 1 gpu", "entity_id": "{416dd0c5-d236-676b-7401-000000000900}", "executable": "C:\\Program Files (x86)\\Mozilla Firefox\\firefox.exe", "hash": {"md5": "45cfba3f1b54d79d1d6c8fbb77ba9870", "sha1": "6b95bf67ea45de4b98cc6ee89364d66ead46abfb", "sha256": "491971090692d470846169aee2343091eaf173715694449eb48b97addf62538c"}, "name": "firefox.exe", "parent": {"args": ["C:\\Program Files (x86)\\Mozilla Firefox\\firefox.exe", "--marionette", "--remote-debugging-port", "51318", "--remote-allow-hosts", "localhost", "-no-remote", "-profile", "C:\\Users\\client7\\AppData\\Local\\Temp\\rust_mozprofilej4ZnnY"], "command_line": "\"C:\\Program Files (x86)\\Mozilla Firefox\\firefox.exe\" --marionette --remote-debugging-port 51318 --remote-allow-hosts localhost -no-remote -profile C:\\Users\\client7\\AppData\\Local\\Temp\\rust_mozprofilej4ZnnY", "entity_id": "{416dd0c5-d233-676b-7301-000000000900}", "executable": "C:\\Program Files (x86)\\Mozilla Firefox\\firefox.exe", "name": "firefox.exe", "pid": 7548}, "pe": {"imphash": "51bef41e5cd278a02c17451af095c288"}, "pid": 7720, "working_directory": "C:\\BREACH\\"}, "related": {"hash": ["6b95bf67ea45de4b98cc6ee89364d66ead46abfb", "45cfba3f1b54d79d1d6c8fbb77ba9870", "491971090692d470846169aee2343091eaf173715694449eb48b97addf62538c", "51bef41e5cd278a02c17451af095c288"], "user": "client7"}, "user": {"domain": "BREACH", "name": "client7"}, "winlog": {"api": "wineventlog", "channel": "Microsoft-Windows-Sysmon/Operational", "computer_name": "CLIENT7.breach.local", "event_data": {"Company": "Mozilla Corporation", "Description": "Firefox", "FileVersion": "133.0.3", "IntegrityLevel": "Low", "LogonGuid": "{416dd0c5-bdb2-676b-882c-040000000000}", "LogonId": "0x42c88", "OriginalFileName": "firefox.exe", "ParentUser": "BREACH\\client7", "Product": "Firefox", "RuleName": "-", "TerminalSessionId": "1"}, "event_id": 1, "opcode": "Info", "process": {"pid": 2840, "thread": {"id": 3428}}, "provider_guid": "{5770385f-c22a-43e0-bf4c-06f5698ffbd9}", "provider_name": "Microsoft-Windows-Sysmon", "record_id": 787704, "task": "Process Create (rule: ProcessCreate)", "user": {"domain": "NT AUTHORITY", "identifier": "S-1-5-18", "name": "SYSTEM", "type": "User"}, "version": 5}}
{"@timestamp": "2024-12-25T09:36:55.119Z", "agent": {"ephemeral_id": "daad58af-b5f8-4d26-a58a-aeff9b68a92f", "hostname": "CLIENT7", "id": "c35095e9-5f9f-4084-a651-3aaa2966847a", "name": "CLIENT7", "type": "winlogbeat", "version": "7.10.2"}, "ecs": {"version": "1.5.0"}, "event": {"action": "Process Create (rule: ProcessCreate)", "category": ["process"], "code": 1, "created": "2024-12-25T09:38:29.807Z", "kind": "event", "module": "sysmon", "provider": "Microsoft-Windows-Sysmon", "type": ["start", "process_start"]}, "hash": {"imphash": "51bef41e5cd278a02c17451af095c288", "md5": "45cfba3f1b54d79d1d6c8fbb77ba9870", "sha1": "6b95bf67ea45de4b98cc6ee89364d66ead46abfb", "sha256": "491971090692d470846169aee2343091eaf173715694449eb48b97addf62538c"}, "host": {"name": "CLIENT7.breach.local"}, "log": {"level": "information"}, "process": {"args": ["C:\\Program Files (x86)\\Mozilla Firefox\\firefox.exe", "-contentproc", "-parentBuildID", "20241209150345", "-prefsHandle", "2688", "-prefsLen", "29222", "-prefMapHandle", "2692", "-prefMapSize", "265948", "-ipcHandle", "2700", "-initialChannelId", "{3e1df58c-46d0-4ba1-90cb-2cf1067c81a3}", "-parentPid", "7548", "-crashReporter", "\\\\.\\pipe\\gecko-crash-server-pipe.7548", "-win32kLockedDown", "-appDir", "C:\\Program Files (x86)\\Mozilla Firefox\\browser", "-", "2", "socket"], "command_line": "\"C:\\Program Files (x86)\\Mozilla Firefox\\firefox.exe\" -contentproc -parentBuildID 20241209150345 -prefsHandle 2688 -prefsLen 29222 -prefMapHandle 2692 -prefMapSize 265948 -ipcHandle 2700 -initialChannelId {3e1df58c-46d0-4ba1-90cb-2cf1067c81a3} -parentPid 7548 -crashReporter \"\\\\.\\pipe\\gecko-crash-server-pipe.7548\" -win32kLockedDown -appDir \"C:\\Program Files (x86)\\Mozilla Firefox\\browser\" - 2 socket", "entity_id": "{416dd0c5-d237-676b-7501-000000000900}", "executable": "C:\\Program Files (x86)\\Mozilla Firefox\\firefox.exe", "hash": {"md5": "45cfba3f1b54d79d1d6c8fbb77ba9870", "sha1": "6b95bf67ea45de4b98cc6ee89364d66ead46abfb", "sha256": "491971090692d470846169aee2343091eaf173715694449eb48b97addf62538c"}, "name": "firefox.exe", "parent": {"args": ["C:\\Program Files (x86)\\Mozilla Firefox\\firefox.exe", "--marionette", "--remote-debugging-port", "51318", "--remote-allow-hosts", "localhost", "-no-remote", "-profile", "C:\\Users\\client7\\AppData\\Local\\Temp\\rust_mozprofilej4ZnnY"], "command_line": "\"C:\\Program Files (x86)\\Mozilla Firefox\\firefox.exe\" --marionette --remote-debugging-port 51318 --remote-allow-hosts localhost -no-remote -profile C:\\Users\\client7\\AppData\\Local\\Temp\\rust_mozprofilej4ZnnY", "entity_id": "{416dd0c5-d233-676b-7301-000000000900}", "executable": "C:\\Program Files (x86)\\Mozilla Firefox\\firefox.exe", "name": "firefox.exe", "pid": 7548}, "pe": {"imphash": "51bef41e5cd278a02c17451af095c288"}, "pid": 6624, "working_directory": "C:\\BREACH\\"}, "related": {"hash": ["6b95bf67ea45de4b98cc6ee89364d66ead46abfb", "45cfba3f1b54d79d1d6c8fbb77ba9870", "491971090692d470846169aee2343091eaf173715694449eb48b97addf62538c", "51bef41e5cd278a02c17451af095c288"], "user": "client7"}, "user": {"domain": "BREACH", "name": "client7"}, "winlog": {"api": "wineventlog", "channel": "Microsoft-Windows-Sysmon/Operational", "computer_name": "CLIENT7.breach.local", "event_data": {"Company": "Mozilla Corporation", "Description": "Firefox", "FileVersion": "133.0.3", "IntegrityLevel": "Low", "LogonGuid": "{416dd0c5-bdb2-676b-882c-040000000000}", "LogonId": "0x42c88", "OriginalFileName": "firefox.exe", "ParentUser": "BREACH\\client7", "Product": "Firefox", "RuleName": "-", "TerminalSessionId": "1"}, "event_id": 1, "opcode": "Info", "process": {"pid": 2840, "thread": {"id": 3428}}, "provider_guid": "{5770385f-c22a-43e0-bf4c-06f5698ffbd9}", "provider_name": "Microsoft-Windows-Sysmon", "record_id": 787823, "task": "Process Create (rule: ProcessCreate)", "user": {"domain": "NT AUTHORITY", "identifier": "S-1-5-18", "name": "SYSTEM", "type": "User"}, "version": 5}}
{"@timestamp": "2024-12-25T09:36:56.118Z", "agent": {"ephemeral_id": "daad58af-b5f8-4d26-a58a-aeff9b68a92f", "hostname": "CLIENT7", "id": "c35095e9-5f9f-4084-a651-3aaa2966847a", "name": "CLIENT7", "type": "winlogbeat", "version": "7.10.2"}, "ecs": {"version": "1.5.0"}, "event": {"action": "Process Create (rule: ProcessCreate)", "category": ["process"], "code": 1, "created": "2024-12-25T09:38:42.209Z", "kind": "event", "module": "sysmon", "provider": "Microsoft-Windows-Sysmon", "type": ["start", "process_start"]}, "hash": {"imphash": "51bef41e5cd278a02c17451af095c288", "md5": "45cfba3f1b54d79d1d6c8fbb77ba9870", "sha1": "6b95bf67ea45de4b98cc6ee89364d66ead46abfb", "sha256": "491971090692d470846169aee2343091eaf173715694449eb48b97addf62538c"}, "host": {"name": "CLIENT7.breach.local"}, "log": {"level": "information"}, "process": {"args": ["C:\\Program Files (x86)\\Mozilla Firefox\\firefox.exe", "-contentproc", "-isForBrowser", "-prefsHandle", "1632", "-prefsLen", "29793", "-prefMapHandle", "1748", "-prefMapSize", "265948", "-jsInitHandle", "1784", "-jsInitLen", "234660", "-parentBuildID", "20241209150345", "-ipcHandle", "2928", "-initialChannelId", "{cc17bb3a-d787-4543-909a-48cf013faa38}", "-parentPid", "7548", "-crashReporter", "\\\\.\\pipe\\gecko-crash-server-pipe.7548", "-win32kLockedDown", "-appDir", "C:\\Program Files (x86)\\Mozilla Firefox\\browser", "-", "3", "tab"], "command_line": "\"C:\\Program Files (x86)\\Mozilla Firefox\\firefox.exe\" -contentproc -isForBrowser -prefsHandle 1632 -prefsLen 29793 -prefMapHandle 1748 -prefMapSize 265948 -jsInitHandle 1784 -jsInitLen 234660 -parentBuildID 20241209150345 -ipcHandle 2928 -initialChannelId {cc17bb3a-d787-4543-909a-48cf013faa38} -parentPid 7548 -crashReporter \"\\\\.\\pipe\\gecko-crash-server-pipe.7548\" -win32kLockedDown -appDir \"C:\\Program Files (x86)\\Mozilla Firefox\\browser\" - 3 tab", "entity_id": "{416dd0c5-d238-676b-7601-000000000900}", "executable": "C:\\Program Files (x86)\\Mozilla Firefox\\firefox.exe", "hash": {"md5": "45cfba3f1b54d79d1d6c8fbb77ba9870", "sha1": "6b95bf67ea45de4b98cc6ee89364d66ead46abfb", "sha256": "491971090692d470846169aee2343091eaf173715694449eb48b97addf62538c"}, "name": "firefox.exe", "parent": {"args": ["C:\\Program Files (x86)\\Mozilla Firefox\\firefox.exe", "--marionette", "--remote-debugging-port", "51318", "--remote-allow-hosts", "localhost", "-no-remote", "-profile", "C:\\Users\\client7\\AppData\\Local\\Temp\\rust_mozprofilej4ZnnY"], "command_line": "\"C:\\Program Files (x86)\\Mozilla Firefox\\firefox.exe\" --marionette --remote-debugging-port 51318 --remote-allow-hosts localhost -no-remote -profile C:\\Users\\client7\\AppData\\Local\\Temp\\rust_mozprofilej4ZnnY", "entity_id": "{416dd0c5-d233-676b-7301-000000000900}", "executable": "C:\\Program Files (x86)\\Mozilla Firefox\\firefox.exe", "name": "firefox.exe", "pid": 7548}, "pe": {"imphash": "51bef41e5cd278a02c17451af095c288"}, "pid": 3964, "working_directory": "C:\\BREACH\\"}, "related": {"hash": ["6b95bf67ea45de4b98cc6ee89364d66ead46abfb", "45cfba3f1b54d79d1d6c8fbb77ba9870", "491971090692d470846169aee2343091eaf173715694449eb48b97addf62538c", "51bef41e5cd278a02c17451af095c288"], "user": "client7"}, "user": {"domain": "BREACH", "name": "client7"}, "winlog": {"api": "wineventlog", "channel": "Microsoft-Windows-Sysmon/Operational", "computer_name": "CLIENT7.breach.local", "event_data": {"Company": "Mozilla Corporation", "Description": "Firefox", "FileVersion": "133.0.3", "IntegrityLevel": "Low", "LogonGuid": "{416dd0c5-bdb2-676b-882c-040000000000}", "LogonId": "0x42c88", "OriginalFileName": "firefox.exe", "ParentUser": "BREACH\\client7", "Product": "Firefox", "RuleName": "-", "TerminalSessionId": "1"}, "event_id": 1, "opcode": "Info", "process": {"pid": 2840, "thread": {"id": 3428}}, "provider_guid": "{5770385f-c22a-43e0-bf4c-06f5698ffbd9}", "provider_name": "Microsoft-Windows-Sysmon", "record_id": 787924, "task": "Process Create (rule: ProcessCreate)", "user": {"domain": "NT AUTHORITY", "identifier": "S-1-5-18", "name": "SYSTEM", "type": "User"}, "version": 5}}
{"@timestamp": "2024-12-25T09:36:56.659Z", "agent": {"ephemeral_id": "daad58af-b5f8-4d26-a58a-aeff9b68a92f", "hostname": "CLIENT7", "id": "c35095e9-5f9f-4084-a651-3aaa2966847a", "name": "CLIENT7", "type": "winlogbeat", "version": "7.10.2"}, "ecs": {"version": "1.5.0"}, "event": {"action": "Process Create (rule: ProcessCreate)", "category": ["process"], "code": 1, "created": "2024-12-25T09:39:07.307Z", "kind": "event", "module": "sysmon", "provider": "Microsoft-Windows-Sysmon", "type": ["start", "process_start"]}, "hash": {"imphash": "51bef41e5cd278a02c17451af095c288", "md5": "45cfba3f1b54d79d1d6c8fbb77ba9870", "sha1": "6b95bf67ea45de4b98cc6ee89364d66ead46abfb", "sha256": "491971090692d470846169aee2343091eaf173715694449eb48b97addf62538c"}, "host": {"name": "CLIENT7.breach.local"}, "log": {"level": "information"}, "process": {"args": ["C:\\Program Files (x86)\\Mozilla Firefox\\firefox.exe", "-contentproc", "-isForBrowser", "-prefsHandle", "3792", "-prefsLen", "29117", "-prefMapHandle", "3796", "-prefMapSize", "265948", "-jsInitHandle", "3800", "-jsInitLen", "234660", "-parentBuildID", "20241209150345", "-ipcHandle", "3764", "-initialChannelId", "{d5182d5e-8431-4d3f-85db-e7a57215a174}", "-parentPid", "7548", "-crashReporter", "\\\\.\\pipe\\gecko-crash-server-pipe.7548", "-win32kLockedDown", "-appDir", "C:\\Program Files (x86)\\Mozilla Firefox\\browser", "-", "4", "tab"], "command_line": "\"C:\\Program Files (x86)\\Mozilla Firefox\\firefox.exe\" -contentproc -isForBrowser -prefsHandle 3792 -prefsLen 29117 -prefMapHandle 3796 -prefMapSize 265948 -jsInitHandle 3800 -jsInitLen 234660 -parentBuildID 20241209150345 -ipcHandle 3764 -initialChannelId {d5182d5e-8431-4d3f-85db-e7a57215a174} -parentPid 7548 -crashReporter \"\\\\.\\pipe\\gecko-crash-server-pipe.7548\" -win32kLockedDown -appDir \"C:\\Program Files (x86)\\Mozilla Firefox\\browser\" - 4 tab", "entity_id": "{416dd0c5-d238-676b-7701-000000000900}", "executable": "C:\\Program Files (x86)\\Mozilla Firefox\\firefox.exe", "hash": {"md5": "45cfba3f1b54d79d1d6c8fbb77ba9870", "sha1": "6b95bf67ea45de4b98cc6ee89364d66ead46abfb", "sha256": "491971090692d470846169aee2343091eaf173715694449eb48b97addf62538c"}, "name": "firefox.exe", "parent": {"args": ["C:\\Program Files (x86)\\Mozilla Firefox\\firefox.exe", "--marionette", "--remote-debugging-port", "51318", "--remote-allow-hosts", "localhost", "-no-remote", "-profile", "C:\\Users\\client7\\AppData\\Local\\Temp\\rust_mozprofilej4ZnnY"], "command_line": "\"C:\\Program Files (x86)\\Mozilla Firefox\\firefox.exe\" --marionette --remote-debugging-port 51318 --remote-allow-hosts localhost -no-remote -profile C:\\Users\\client7\\AppData\\Local\\Temp\\rust_mozprofilej4ZnnY", "entity_id": "{416dd0c5-d233-676b-7301-000000000900}", "executable": "C:\\Program Files (x86)\\Mozilla Firefox\\firefox.exe", "name": "firefox.exe", "pid": 7548}, "pe": {"imphash": "51bef41e5cd278a02c17451af095c288"}, "pid": 5088, "working_directory": "C:\\BREACH\\"}, "related": {"hash": ["6b95bf67ea45de4b98cc6ee89364d66ead46abfb", "45cfba3f1b54d79d1d6c8fbb77ba9870", "491971090692d470846169aee2343091eaf173715694449eb48b97addf62538c", "51bef41e5cd278a02c17451af095c288"], "user": "client7"}, "user": {"domain": "BREACH", "name": "client7"}, "winlog": {"api": "wineventlog", "channel": "Microsoft-Windows-Sysmon/Operational", "computer_name": "CLIENT7.breach.local", "event_data": {"Company": "Mozilla Corporation", "Description": "Firefox", "FileVersion": "133.0.3", "IntegrityLevel": "Low", "LogonGuid": "{416dd0c5-bdb2-676b-882c-040000000000}", "LogonId": "0x42c88", "OriginalFileName": "firefox.exe", "ParentUser": "BREACH\\client7", "Product": "Firefox", "RuleName": "-", "TerminalSessionId": "1"}, "event_id": 1, "opcode": "Info", "process": {"pid": 2840, "thread": {"id": 3428}}, "provider_guid": "{5770385f-c22a-43e0-bf4c-06f5698ffbd9}", "provider_name": "Microsoft-Windows-Sysmon", "record_id": 787991, "task": "Process Create (rule: ProcessCreate)", "user": {"domain": "NT AUTHORITY", "identifier": "S-1-5-18", "name": "SYSTEM", "type": "User"}, "version": 5}}
{"@timestamp": "2024-12-25T09:36:58.514Z", "agent": {"ephemeral_id": "daad58af-b5f8-4d26-a58a-aeff9b68a92f", "hostname": "CLIENT7", "id": "c35095e9-5f9f-4084-a651-3aaa2966847a", "name": "CLIENT7", "type": "winlogbeat", "version": "7.10.2"}, "ecs": {"version": "1.5.0"}, "event": {"action": "Process Create (rule: ProcessCreate)", "category": ["process"], "code": 1, "created": "2024-12-25T09:40:42.761Z", "kind": "event", "module": "sysmon", "provider": "Microsoft-Windows-Sysmon", "type": ["start", "process_start"]}, "hash": {"imphash": "51bef41e5cd278a02c17451af095c288", "md5": "45cfba3f1b54d79d1d6c8fbb77ba9870", "sha1": "6b95bf67ea45de4b98cc6ee89364d66ead46abfb", "sha256": "491971090692d470846169aee2343091eaf173715694449eb48b97addf62538c"}, "host": {"name": "CLIENT7.breach.local"}, "log": {"level": "information"}, "process": {"args": ["C:\\Program Files (x86)\\Mozilla Firefox\\firefox.exe", "-contentproc", "-parentBuildID", "20241209150345", "-sandboxingKind", "0", "-prefsHandle", "1772", "-prefsLen", "38650", "-prefMapHandle", "2860", "-prefMapSize", "265948", "-ipcHandle", "2924", "-initialChannelId", "{7bc79ba9-c9d5-4bf7-91bf-b8a226865f4e}", "-parentPid", "7548", "-crashReporter", "\\\\.\\pipe\\gecko-crash-server-pipe.7548", "-win32kLockedDown", "-appDir", "C:\\Program Files (x86)\\Mozilla Firefox\\browser", "-", "5", "utility"], "command_line": "\"C:\\Program Files (x86)\\Mozilla Firefox\\firefox.exe\" -contentproc -parentBuildID 20241209150345 -sandboxingKind 0 -prefsHandle 1772 -prefsLen 38650 -prefMapHandle 2860 -prefMapSize 265948 -ipcHandle 2924 -initialChannelId {7bc79ba9-c9d5-4bf7-91bf-b8a226865f4e} -parentPid 7548 -crashReporter \"\\\\.\\pipe\\gecko-crash-server-pipe.7548\" -win32kLockedDown -appDir \"C:\\Program Files (x86)\\Mozilla Firefox\\browser\" - 5 utility", "entity_id": "{416dd0c5-d23a-676b-7801-000000000900}", "executable": "C:\\Program Files (x86)\\Mozilla Firefox\\firefox.exe", "hash": {"md5": "45cfba3f1b54d79d1d6c8fbb77ba9870", "sha1": "6b95bf67ea45de4b98cc6ee89364d66ead46abfb", "sha256": "491971090692d470846169aee2343091eaf173715694449eb48b97addf62538c"}, "name": "firefox.exe", "parent": {"args": ["C:\\Program Files (x86)\\Mozilla Firefox\\firefox.exe", "--marionette", "--remote-debugging-port", "51318", "--remote-allow-hosts", "localhost", "-no-remote", "-profile", "C:\\Users\\client7\\AppData\\Local\\Temp\\rust_mozprofilej4ZnnY"], "command_line": "\"C:\\Program Files (x86)\\Mozilla Firefox\\firefox.exe\" --marionette --remote-debugging-port 51318 --remote-allow-hosts localhost -no-remote -profile C:\\Users\\client7\\AppData\\Local\\Temp\\rust_mozprofilej4ZnnY", "entity_id": "{416dd0c5-d233-676b-7301-000000000900}", "executable": "C:\\Program Files (x86)\\Mozilla Firefox\\firefox.exe", "name": "firefox.exe", "pid": 7548}, "pe": {"imphash": "51bef41e5cd278a02c17451af095c288"}, "pid": 7276, "working_directory": "C:\\BREACH\\"}, "related": {"hash": ["6b95bf67ea45de4b98cc6ee89364d66ead46abfb", "45cfba3f1b54d79d1d6c8fbb77ba9870", "491971090692d470846169aee2343091eaf173715694449eb48b97addf62538c", "51bef41e5cd278a02c17451af095c288"], "user": "client7"}, "user": {"domain": "BREACH", "name": "client7"}, "winlog": {"api": "wineventlog", "channel": "Microsoft-Windows-Sysmon/Operational", "computer_name": "CLIENT7.breach.local", "event_data": {"Company": "Mozilla Corporation", "Description": "Firefox", "FileVersion": "133.0.3", "IntegrityLevel": "Low", "LogonGuid": "{416dd0c5-bdb2-676b-882c-040000000000}", "LogonId": "0x42c88", "OriginalFileName": "firefox.exe", "ParentUser": "BREACH\\client7", "Product": "Firefox", "RuleName": "-", "TerminalSessionId": "1"}, "event_id": 1, "opcode": "Info", "process": {"pid": 2840, "thread": {"id": 3428}}, "provider_guid": "{5770385f-c22a-43e0-bf4c-06f5698ffbd9}", "provider_name": "Microsoft-Windows-Sysmon", "record_id": 788166, "task": "Process Create (rule: ProcessCreate)", "user": {"domain": "NT AUTHORITY", "identifier": "S-1-5-18", "name": "SYSTEM", "type": "User"}, "version": 5}}
{"@timestamp": "2024-12-25T09:36:58.577Z", "agent": {"ephemeral_id": "daad58af-b5f8-4d26-a58a-aeff9b68a92f", "hostname": "CLIENT7", "id": "c35095e9-5f9f-4084-a651-3aaa2966847a", "name": "CLIENT7", "type": "winlogbeat", "version": "7.10.2"}, "ecs": {"version": "1.5.0"}, "event": {"action": "Process Create (rule: ProcessCreate)", "category": ["process"], "code": 1, "created": "2024-12-25T09:40:42.761Z", "kind": "event", "module": "sysmon", "provider": "Microsoft-Windows-Sysmon", "type": ["start", "process_start"]}, "hash": {"imphash": "51bef41e5cd278a02c17451af095c288", "md5": "45cfba3f1b54d79d1d6c8fbb77ba9870", "sha1": "6b95bf67ea45de4b98cc6ee89364d66ead46abfb", "sha256": "491971090692d470846169aee2343091eaf173715694449eb48b97addf62538c"}, "host": {"name": "CLIENT7.breach.local"}, "log": {"level": "information"}, "process": {"args": ["C:\\Program Files (x86)\\Mozilla Firefox\\firefox.exe", "-contentproc", "-isForBrowser", "-prefsHandle", "4768", "-prefsLen", "36816", "-prefMapHandle", "4772", "-prefMapSize", "265948", "-jsInitHandle", "4776", "-jsInitLen", "234660", "-parentBuildID", "20241209150345", "-ipcHandle", "4784", "-initialChannelId", "{fc9b5be5-b5ca-4aeb-8620-09ffa291722f}", "-parentPid", "7548", "-crashReporter", "\\\\.\\pipe\\gecko-crash-server-pipe.7548", "-win32kLockedDown", "-appDir", "C:\\Program Files (x86)\\Mozilla Firefox\\browser", "-", "6", "tab"], "command_line": "\"C:\\Program Files (x86)\\Mozilla Firefox\\firefox.exe\" -contentproc -isForBrowser -prefsHandle 4768 -prefsLen 36816 -prefMapHandle 4772 -prefMapSize 265948 -jsInitHandle 4776 -jsInitLen 234660 -parentBuildID 20241209150345 -ipcHandle 4784 -initialChannelId {fc9b5be5-b5ca-4aeb-8620-09ffa291722f} -parentPid 7548 -crashReporter \"\\\\.\\pipe\\gecko-crash-server-pipe.7548\" -win32kLockedDown -appDir \"C:\\Program Files (x86)\\Mozilla Firefox\\browser\" - 6 tab", "entity_id": "{416dd0c5-d23a-676b-7901-000000000900}", "executable": "C:\\Program Files (x86)\\Mozilla Firefox\\firefox.exe", "hash": {"md5": "45cfba3f1b54d79d1d6c8fbb77ba9870", "sha1": "6b95bf67ea45de4b98cc6ee89364d66ead46abfb", "sha256": "491971090692d470846169aee2343091eaf173715694449eb48b97addf62538c"}, "name": "firefox.exe", "parent": {"args": ["C:\\Program Files (x86)\\Mozilla Firefox\\firefox.exe", "--marionette", "--remote-debugging-port", "51318", "--remote-allow-hosts", "localhost", "-no-remote", "-profile", "C:\\Users\\client7\\AppData\\Local\\Temp\\rust_mozprofilej4ZnnY"], "command_line": "\"C:\\Program Files (x86)\\Mozilla Firefox\\firefox.exe\" --marionette --remote-debugging-port 51318 --remote-allow-hosts localhost -no-remote -profile C:\\Users\\client7\\AppData\\Local\\Temp\\rust_mozprofilej4ZnnY", "entity_id": "{416dd0c5-d233-676b-7301-000000000900}", "executable": "C:\\Program Files (x86)\\Mozilla Firefox\\firefox.exe", "name": "firefox.exe", "pid": 7548}, "pe": {"imphash": "51bef41e5cd278a02c17451af095c288"}, "pid": 3920, "working_directory": "C:\\BREACH\\"}, "related": {"hash": ["6b95bf67ea45de4b98cc6ee89364d66ead46abfb", "45cfba3f1b54d79d1d6c8fbb77ba9870", "491971090692d470846169aee2343091eaf173715694449eb48b97addf62538c", "51bef41e5cd278a02c17451af095c288"], "user": "client7"}, "user": {"domain": "BREACH", "name": "client7"}, "winlog": {"api": "wineventlog", "channel": "Microsoft-Windows-Sysmon/Operational", "computer_name": "CLIENT7.breach.local", "event_data": {"Company": "Mozilla Corporation", "Description": "Firefox", "FileVersion": "133.0.3", "IntegrityLevel": "Low", "LogonGuid": "{416dd0c5-bdb2-676b-882c-040000000000}", "LogonId": "0x42c88", "OriginalFileName": "firefox.exe", "ParentUser": "BREACH\\client7", "Product": "Firefox", "RuleName": "-", "TerminalSessionId": "1"}, "event_id": 1, "opcode": "Info", "process": {"pid": 2840, "thread": {"id": 3428}}, "provider_guid": "{5770385f-c22a-43e0-bf4c-06f5698ffbd9}", "provider_name": "Microsoft-Windows-Sysmon", "record_id": 788178, "task": "Process Create (rule: ProcessCreate)", "user": {"domain": "NT AUTHORITY", "identifier": "S-1-5-18", "name": "SYSTEM", "type": "User"}, "version": 5}}
{"@timestamp": "2024-12-25T09:37:01.068Z", "agent": {"ephemeral_id": "daad58af-b5f8-4d26-a58a-aeff9b68a92f", "hostname": "CLIENT7", "id": "c35095e9-5f9f-4084-a651-3aaa2966847a", "name": "CLIENT7", "type": "winlogbeat", "version": "7.10.2"}, "ecs": {"version": "1.5.0"}, "event": {"action": "Process Create (rule: ProcessCreate)", "category": ["process"], "code": 1, "created": "2024-12-25T09:42:17.706Z", "kind": "event", "module": "sysmon", "provider": "Microsoft-Windows-Sysmon", "type": ["start", "process_start"]}, "hash": {"imphash": "c7b2d9891c8ea27ab912d8036021e33d", "md5": "a815db40487b457b44dcda2dde8c4823", "sha1": "8766609f079faa9e74ae2c770c0e5f84b458799e", "sha256": "992210816bdb77611810d3ec259b49f000e1546a8415bb94e26ce7e17f58e16c"}, "host": {"name": "CLIENT7.breach.local"}, "log": {"level": "information"}, "process": {"args": ["C:\\Python37\\geckodriver.exe", "--websocket-port", "51338", "--port", "51337"], "command_line": "C:\\Python37\\geckodriver.exe --websocket-port 51338 --port 51337", "entity_id": "{416dd0c5-d23d-676b-7a01-000000000900}", "executable": "C:\\Python37\\geckodriver.exe", "hash": {"md5": "a815db40487b457b44dcda2dde8c4823", "sha1": "8766609f079faa9e74ae2c770c0e5f84b458799e", "sha256": "992210816bdb77611810d3ec259b49f000e1546a8415bb94e26ce7e17f58e16c"}, "name": "geckodriver.exe", "parent": {"args": ["C:\\Python37\\python.exe", "-c", "from multiprocessing.spawn import spawn_main; spawn_main(parent_pid=7012, pipe_handle=1660)", "--multiprocessing-fork"], "command_line": "\"C:\\Python37\\python.exe\" \"-c\" \"from multiprocessing.spawn import spawn_main; spawn_main(parent_pid=7012, pipe_handle=1660)\" \"--multiprocessing-fork\"", "entity_id": "{416dd0c5-d22c-676b-7001-000000000900}", "executable": "C:\\Python37\\python.exe", "name": "python.exe", "pid": 7624}, "pe": {"imphash": "c7b2d9891c8ea27ab912d8036021e33d"}, "pid": 5784, "working_directory": "C:\\BREACH\\"}, "related": {"hash": ["8766609f079faa9e74ae2c770c0e5f84b458799e", "a815db40487b457b44dcda2dde8c4823", "992210816bdb77611810d3ec259b49f000e1546a8415bb94e26ce7e17f58e16c", "c7b2d9891c8ea27ab912d8036021e33d"], "user": "client7"}, "user": {"domain": "BREACH", "name": "client7"}, "winlog": {"api": "wineventlog", "channel": "Microsoft-Windows-Sysmon/Operational", "computer_name": "CLIENT7.breach.local", "event_data": {"Company": "-", "Description": "-", "FileVersion": "-", "IntegrityLevel": "Medium", "LogonGuid": "{416dd0c5-bdb2-676b-882c-040000000000}", "LogonId": "0x42c88", "OriginalFileName": "-", "ParentUser": "BREACH\\client7", "Product": "-", "RuleName": "-", "TerminalSessionId": "1"}, "event_id": 1, "opcode": "Info", "process": {"pid": 2840, "thread": {"id": 3428}}, "provider_guid": "{5770385f-c22a-43e0-bf4c-06f5698ffbd9}", "provider_name": "Microsoft-Windows-Sysmon", "record_id": 788388, "task": "Process Create (rule: ProcessCreate)", "user": {"domain": "NT AUTHORITY", "identifier": "S-1-5-18", "name": "SYSTEM", "type": "User"}, "version": 5}}
