{"@timestamp": "2024-12-25T08:10:23.629Z", "agent": {"ephemeral_id": "4d435ba8-31a0-41c4-8175-5ef02120cf03", "hostname": "CLIENT9", "id": "c35095e9-5f9f-4084-a651-3aaa2966847a", "name": "CLIENT9", "type": "winlogbeat", "version": "7.10.2"}, "ecs": {"version": "1.5.0"}, "event": {"action": "Executing Pipeline", "category": ["process"], "code": 4103, "created": "2024-12-25T08:10:24.260Z", "kind": "event", "module": "powershell", "provider": "Microsoft-Windows-PowerShell", "sequence": 364, "type": ["info"]}, "host": {"name": "CLIENT9.breach.local"}, "log": {"level": "information"}, "powershell": {"command": {"invocation_details": [{"related_command": "Get-Content", "type": "CommandInvocation", "value": "\"Get-Content\""}, {"name": "\"Path\"", "related_command": "Get-Content", "type": "ParameterBinding", "value": "\"C:\\Windows\\inf\\hdaudss.inf\""}], "name": "Get-Content", "type": "Cmdlet"}, "engine": {"version": "5.1.19041.906"}, "id": "Microsoft.PowerShell", "pipeline_id": "1", "process": {"executable_version": "5.1.19041.906"}, "runspace_id": "b536e438-c811-4696-b1d0-fa4d610a0e75"}, "process": {"args": ["powershell.exe", "-ExecutionPolicy", "Restricted", "-Command", "$Res", "=", "0;", "$Infs", "=", "Get-Item", "-Path", "($env:WinDir", "+", "'\\inf\\*.inf');", "foreach", "($Inf", "in", "$Infs)", "{", "$Data", "=", "Get-Content", "$Inf.FullName;", "if", "($Data", "-match", "'\\[defaultinstall.nt(amd64|arm|arm64|x86)\\]')", "{", "$Res", "=", "1;", "break;", "}", "}", "Write-Host", "'Final", "result:',", "$Res;"], "args_count": 38, "command_line": "powershell.exe -ExecutionPolicy Restricted -Command $Res = 0; $Infs = Get-Item -Path ($env:WinDir + '\\inf\\*.inf'); foreach ($Inf in $Infs) { $Data = Get-Content $Inf.FullName; if ($Data -match '\\[defaultinstall.nt(amd64|arm|arm64|x86)\\]') { $Res = 1; break; } } Write-Host 'Final result:', $Res;", "entity_id": "b4d58132-3320-4f79-bc6c-b253b5b41c5f", "title": "ConsoleHost"}, "related": {"user": "SYSTEM"}, "user": {"domain": "BREACH", "name": "SYSTEM"}, "winlog": {"activity_id": "{62700555-56a3-0000-8b48-7062a356db01}", "api": "wineventlog", "channel": "Microsoft-Windows-PowerShell/Operational", "computer_name": "CLIENT9.breach.local", "event_id": 4103, "opcode": "To be used when operation is just executing a method", "process": {"pid": 6564, "thread": {"id": 5280}}, "provider_guid": "{a0c1853b-5c40-4b15-8766-3cf1c58f985a}", "provider_name": "Microsoft-Windows-PowerShell", "record_id": 10844, "task": "Executing Pipeline", "user": {"domain": "NT AUTHORITY", "identifier": "S-1-5-18", "name": "SYSTEM", "type": "User"}, "version": 1}}
{"@timestamp": "2024-12-25T08:10:23.632Z", "agent": {"ephemeral_id": "4d435ba8-31a0-41c4-8175-5ef02120cf03", "hostname": "CLIENT9", "id": "c35095e9-5f9f-4084-a651-3aaa2966847a", "name": "CLIENT9", "type": "winlogbeat", "version": "7.10.2"}, "ecs": {"version": "1.5.0"}, "event": {"action": "Executing Pipeline", "category": ["process"], "code": 4103, "created": "2024-12-25T08:10:24.260Z", "kind": "event", "module": "powershell", "provider": "Microsoft-Windows-PowerShell", "sequence": 366, "type": ["info"]}, "host": {"name": "CLIENT9.breach.local"}, "log": {"level": "information"}, "powershell": {"command": {"invocation_details": [{"related_command": "Get-Content", "type": "CommandInvocation", "value": "\"Get-Content\""}, {"name": "\"Path\"", "related_command": "Get-Content", "type": "ParameterBinding", "value": "\"C:\\Windows\\inf\\heat.inf\""}], "name": "Get-Content", "type": "Cmdlet"}, "engine": {"version": "5.1.19041.906"}, "id": "Microsoft.PowerShell", "pipeline_id": "1", "process": {"executable_version": "5.1.19041.906"}, "runspace_id": "b536e438-c811-4696-b1d0-fa4d610a0e75"}, "process": {"args": ["powershell.exe", "-ExecutionPolicy", "Restricted", "-Command", "$Res", "=", "0;", "$Infs", "=", "Get-Item", "-Path", "($env:WinDir", "+", "'\\inf\\*.inf');", "foreach", "($Inf", "in", "$Infs)", "{", "$Data", "=", "Get-Content", "$Inf.FullName;", "if", "($Data", "-match", "'\\[defaultinstall.nt(amd64|arm|arm64|x86)\\]')", "{", "$Res", "=", "1;", "break;", "}", "}", "Write-Host", "'Final", "result:',", "$Res;"], "args_count": 38, "command_line": "powershell.exe -ExecutionPolicy Restricted -Command $Res = 0; $Infs = Get-Item -Path ($env:WinDir + '\\inf\\*.inf'); foreach ($Inf in $Infs) { $Data = Get-Content $Inf.FullName; if ($Data -match '\\[defaultinstall.nt(amd64|arm|arm64|x86)\\]') { $Res = 1; break; } } Write-Host 'Final result:', $Res;", "entity_id": "b4d58132-3320-4f79-bc6c-b253b5b41c5f", "title": "ConsoleHost"}, "related": {"user": "SYSTEM"}, "user": {"domain": "BREACH", "name": "SYSTEM"}, "winlog": {"activity_id": "{62700555-56a3-0000-8c48-7062a356db01}", "api": "wineventlog", "channel": "Microsoft-Windows-PowerShell/Operational", "computer_name": "CLIENT9.breach.local", "event_id": 4103, "opcode": "To be used when operation is just executing a method", "process": {"pid": 6564, "thread": {"id": 5280}}, "provider_guid": "{a0c1853b-5c40-4b15-8766-3cf1c58f985a}", "provider_name": "Microsoft-Windows-PowerShell", "record_id": 10845, "task": "Executing Pipeline", "user": {"domain": "NT AUTHORITY", "identifier": "S-1-5-18", "name": "SYSTEM", "type": "User"}, "version": 1}}
{"@timestamp": "2024-12-25T08:10:23.633Z", "agent": {"ephemeral_id": "4d435ba8-31a0-41c4-8175-5ef02120cf03", "hostname": "CLIENT9", "id": "c35095e9-5f9f-4084-a651-3aaa2966847a", "name": "CLIENT9", "type": "winlogbeat", "version": "7.10.2"}, "ecs": {"version": "1.5.0"}, "event": {"action": "Executing Pipeline", "category": ["process"], "code": 4103, "created": "2024-12-25T08:10:24.260Z", "kind": "event", "module": "powershell", "provider": "Microsoft-Windows-PowerShell", "sequence": 368, "type": ["info"]}, "host": {"name": "CLIENT9.breach.local"}, "log": {"level": "information"}, "powershell": {"command": {"invocation_details": [{"related_command": "Get-Content", "type": "CommandInvocation", "value": "\"Get-Content\""}, {"name": "\"Path\"", "related_command": "Get-Content", "type": "ParameterBinding", "value": "\"C:\\Windows\\inf\\hidbatt.inf\""}], "name": "Get-Content", "type": "Cmdlet"}, "engine": {"version": "5.1.19041.906"}, "id": "Microsoft.PowerShell", "pipeline_id": "1", "process": {"executable_version": "5.1.19041.906"}, "runspace_id": "b536e438-c811-4696-b1d0-fa4d610a0e75"}, "process": {"args": ["powershell.exe", "-ExecutionPolicy", "Restricted", "-Command", "$Res", "=", "0;", "$Infs", "=", "Get-Item", "-Path", "($env:WinDir", "+", "'\\inf\\*.inf');", "foreach", "($Inf", "in", "$Infs)", "{", "$Data", "=", "Get-Content", "$Inf.FullName;", "if", "($Data", "-match", "'\\[defaultinstall.nt(amd64|arm|arm64|x86)\\]')", "{", "$Res", "=", "1;", "break;", "}", "}", "Write-Host", "'Final", "result:',", "$Res;"], "args_count": 38, "command_line": "powershell.exe -ExecutionPolicy Restricted -Command $Res = 0; $Infs = Get-Item -Path ($env:WinDir + '\\inf\\*.inf'); foreach ($Inf in $Infs) { $Data = Get-Content $Inf.FullName; if ($Data -match '\\[defaultinstall.nt(amd64|arm|arm64|x86)\\]') { $Res = 1; break; } } Write-Host 'Final result:', $Res;", "entity_id": "b4d58132-3320-4f79-bc6c-b253b5b41c5f", "title": "ConsoleHost"}, "related": {"user": "SYSTEM"}, "user": {"domain": "BREACH", "name": "SYSTEM"}, "winlog": {"activity_id": "{62700555-56a3-0000-8d48-7062a356db01}", "api": "wineventlog", "channel": "Microsoft-Windows-PowerShell/Operational", "computer_name": "CLIENT9.breach.local", "event_id": 4103, "opcode": "To be used when operation is just executing a method", "process": {"pid": 6564, "thread": {"id": 5280}}, "provider_guid": "{a0c1853b-5c40-4b15-8766-3cf1c58f985a}", "provider_name": "Microsoft-Windows-PowerShell", "record_id": 10846, "task": "Executing Pipeline", "user": {"domain": "NT AUTHORITY", "identifier": "S-1-5-18", "name": "SYSTEM", "type": "User"}, "version": 1}}
{"@timestamp": "2024-12-25T08:10:23.679Z", "agent": {"ephemeral_id": "4d435ba8-31a0-41c4-8175-5ef02120cf03", "hostname": "CLIENT9", "id": "c35095e9-5f9f-4084-a651-3aaa2966847a", "name": "CLIENT9", "type": "winlogbeat", "version": "7.10.2"}, "ecs": {"version": "1.5.0"}, "event": {"action": "Executing Pipeline", "category": ["process"], "code": 4103, "created": "2024-12-25T08:10:24.261Z", "kind": "event", "module": "powershell", "provider": "Microsoft-Windows-PowerShell", "sequence": 370, "type": ["info"]}, "host": {"name": "CLIENT9.breach.local"}, "log": {"level": "information"}, "powershell": {"command": {"invocation_details": [{"related_command": "Get-Content", "type": "CommandInvocation", "value": "\"Get-Content\""}, {"name": "\"Path\"", "related_command": "Get-Content", "type": "ParameterBinding", "value": "\"C:\\Windows\\inf\\hidbth.inf\""}], "name": "Get-Content", "type": "Cmdlet"}, "engine": {"version": "5.1.19041.906"}, "id": "Microsoft.PowerShell", "pipeline_id": "1", "process": {"executable_version": "5.1.19041.906"}, "runspace_id": "b536e438-c811-4696-b1d0-fa4d610a0e75"}, "process": {"args": ["powershell.exe", "-ExecutionPolicy", "Restricted", "-Command", "$Res", "=", "0;", "$Infs", "=", "Get-Item", "-Path", "($env:WinDir", "+", "'\\inf\\*.inf');", "foreach", "($Inf", "in", "$Infs)", "{", "$Data", "=", "Get-Content", "$Inf.FullName;", "if", "($Data", "-match", "'\\[defaultinstall.nt(amd64|arm|arm64|x86)\\]')", "{", "$Res", "=", "1;", "break;", "}", "}", "Write-Host", "'Final", "result:',", "$Res;"], "args_count": 38, "command_line": "powershell.exe -ExecutionPolicy Restricted -Command $Res = 0; $Infs = Get-Item -Path ($env:WinDir + '\\inf\\*.inf'); foreach ($Inf in $Infs) { $Data = Get-Content $Inf.FullName; if ($Data -match '\\[defaultinstall.nt(amd64|arm|arm64|x86)\\]') { $Res = 1; break; } } Write-Host 'Final result:', $Res;", "entity_id": "b4d58132-3320-4f79-bc6c-b253b5b41c5f", "title": "ConsoleHost"}, "related": {"user": "SYSTEM"}, "user": {"domain": "BREACH", "name": "SYSTEM"}, "winlog": {"activity_id": "{62700555-56a3-0000-8e48-7062a356db01}", "api": "wineventlog", "channel": "Microsoft-Windows-PowerShell/Operational", "computer_name": "CLIENT9.breach.local", "event_id": 4103, "opcode": "To be used when operation is just executing a method", "process": {"pid": 6564, "thread": {"id": 5280}}, "provider_guid": "{a0c1853b-5c40-4b15-8766-3cf1c58f985a}", "provider_name": "Microsoft-Windows-PowerShell", "record_id": 10847, "task": "Executing Pipeline", "user": {"domain": "NT AUTHORITY", "identifier": "S-1-5-18", "name": "SYSTEM", "type": "User"}, "version": 1}}
{"@timestamp": "2024-12-25T08:10:23.681Z", "agent": {"ephemeral_id": "4d435ba8-31a0-41c4-8175-5ef02120cf03", "hostname": "CLIENT9", "id": "c35095e9-5f9f-4084-a651-3aaa2966847a", "name": "CLIENT9", "type": "winlogbeat", "version": "7.10.2"}, "ecs": {"version": "1.5.0"}, "event": {"action": "Executing Pipeline", "category": ["process"], "code": 4103, "created": "2024-12-25T08:10:24.261Z", "kind": "event", "module": "powershell", "provider": "Microsoft-Windows-PowerShell", "sequence": 372, "type": ["info"]}, "host": {"name": "CLIENT9.breach.local"}, "log": {"level": "information"}, "powershell": {"command": {"invocation_details": [{"related_command": "Get-Content", "type": "CommandInvocation", "value": "\"Get-Content\""}, {"name": "\"Path\"", "related_command": "Get-Content", "type": "ParameterBinding", "value": "\"C:\\Windows\\inf\\hidbthle.inf\""}], "name": "Get-Content", "type": "Cmdlet"}, "engine": {"version": "5.1.19041.906"}, "id": "Microsoft.PowerShell", "pipeline_id": "1", "process": {"executable_version": "5.1.19041.906"}, "runspace_id": "b536e438-c811-4696-b1d0-fa4d610a0e75"}, "process": {"args": ["powershell.exe", "-ExecutionPolicy", "Restricted", "-Command", "$Res", "=", "0;", "$Infs", "=", "Get-Item", "-Path", "($env:WinDir", "+", "'\\inf\\*.inf');", "foreach", "($Inf", "in", "$Infs)", "{", "$Data", "=", "Get-Content", "$Inf.FullName;", "if", "($Data", "-match", "'\\[defaultinstall.nt(amd64|arm|arm64|x86)\\]')", "{", "$Res", "=", "1;", "break;", "}", "}", "Write-Host", "'Final", "result:',", "$Res;"], "args_count": 38, "command_line": "powershell.exe -ExecutionPolicy Restricted -Command $Res = 0; $Infs = Get-Item -Path ($env:WinDir + '\\inf\\*.inf'); foreach ($Inf in $Infs) { $Data = Get-Content $Inf.FullName; if ($Data -match '\\[defaultinstall.nt(amd64|arm|arm64|x86)\\]') { $Res = 1; break; } } Write-Host 'Final result:', $Res;", "entity_id": "b4d58132-3320-4f79-bc6c-b253b5b41c5f", "title": "ConsoleHost"}, "related": {"user": "SYSTEM"}, "user": {"domain": "BREACH", "name": "SYSTEM"}, "winlog": {"activity_id": "{62700555-56a3-0000-8f48-7062a356db01}", "api": "wineventlog", "channel": "Microsoft-Windows-PowerShell/Operational", "computer_name": "CLIENT9.breach.local", "event_id": 4103, "opcode": "To be used when operation is just executing a method", "process": {"pid": 6564, "thread": {"id": 5280}}, "provider_guid": "{a0c1853b-5c40-4b15-8766-3cf1c58f985a}", "provider_name": "Microsoft-Windows-PowerShell", "record_id": 10848, "task": "Executing Pipeline", "user": {"domain": "NT AUTHORITY", "identifier": "S-1-5-18", "name": "SYSTEM", "type": "User"}, "version": 1}}
{"@timestamp": "2024-12-25T08:10:23.683Z", "agent": {"ephemeral_id": "4d435ba8-31a0-41c4-8175-5ef02120cf03", "hostname": "CLIENT9", "id": "c35095e9-5f9f-4084-a651-3aaa2966847a", "name": "CLIENT9", "type": "winlogbeat", "version": "7.10.2"}, "ecs": {"version": "1.5.0"}, "event": {"action": "Executing Pipeline", "category": ["process"], "code": 4103, "created": "2024-12-25T08:10:24.261Z", "kind": "event", "module": "powershell", "provider": "Microsoft-Windows-PowerShell", "sequence": 374, "type": ["info"]}, "host": {"name": "CLIENT9.breach.local"}, "log": {"level": "information"}, "powershell": {"command": {"invocation_details": [{"related_command": "Get-Content", "type": "CommandInvocation", "value": "\"Get-Content\""}, {"name": "\"Path\"", "related_command": "Get-Content", "type": "ParameterBinding", "value": "\"C:\\Windows\\inf\\hidcfu.inf\""}], "name": "Get-Content", "type": "Cmdlet"}, "engine": {"version": "5.1.19041.906"}, "id": "Microsoft.PowerShell", "pipeline_id": "1", "process": {"executable_version": "5.1.19041.906"}, "runspace_id": "b536e438-c811-4696-b1d0-fa4d610a0e75"}, "process": {"args": ["powershell.exe", "-ExecutionPolicy", "Restricted", "-Command", "$Res", "=", "0;", "$Infs", "=", "Get-Item", "-Path", "($env:WinDir", "+", "'\\inf\\*.inf');", "foreach", "($Inf", "in", "$Infs)", "{", "$Data", "=", "Get-Content", "$Inf.FullName;", "if", "($Data", "-match", "'\\[defaultinstall.nt(amd64|arm|arm64|x86)\\]')", "{", "$Res", "=", "1;", "break;", "}", "}", "Write-Host", "'Final", "result:',", "$Res;"], "args_count": 38, "command_line": "powershell.exe -ExecutionPolicy Restricted -Command $Res = 0; $Infs = Get-Item -Path ($env:WinDir + '\\inf\\*.inf'); foreach ($Inf in $Infs) { $Data = Get-Content $Inf.FullName; if ($Data -match '\\[defaultinstall.nt(amd64|arm|arm64|x86)\\]') { $Res = 1; break; } } Write-Host 'Final result:', $Res;", "entity_id": "b4d58132-3320-4f79-bc6c-b253b5b41c5f", "title": "ConsoleHost"}, "related": {"user": "SYSTEM"}, "user": {"domain": "BREACH", "name": "SYSTEM"}, "winlog": {"activity_id": "{62700555-56a3-0001-7f4d-7062a356db01}", "api": "wineventlog", "channel": "Microsoft-Windows-PowerShell/Operational", "computer_name": "CLIENT9.breach.local", "event_id": 4103, "opcode": "To be used when operation is just executing a method", "process": {"pid": 6564, "thread": {"id": 5280}}, "provider_guid": "{a0c1853b-5c40-4b15-8766-3cf1c58f985a}", "provider_name": "Microsoft-Windows-PowerShell", "record_id": 10849, "task": "Executing Pipeline", "user": {"domain": "NT AUTHORITY", "identifier": "S-1-5-18", "name": "SYSTEM", "type": "User"}, "version": 1}}
{"@timestamp": "2024-12-25T08:10:23.685Z", "agent": {"ephemeral_id": "4d435ba8-31a0-41c4-8175-5ef02120cf03", "hostname": "CLIENT9", "id": "c35095e9-5f9f-4084-a651-3aaa2966847a", "name": "CLIENT9", "type": "winlogbeat", "version": "7.10.2"}, "ecs": {"version": "1.5.0"}, "event": {"action": "Executing Pipeline", "category": ["process"], "code": 4103, "created": "2024-12-25T08:10:24.261Z", "kind": "event", "module": "powershell", "provider": "Microsoft-Windows-PowerShell", "sequence": 376, "type": ["info"]}, "host": {"name": "CLIENT9.breach.local"}, "log": {"level": "information"}, "powershell": {"command": {"invocation_details": [{"related_command": "Get-Content", "type": "CommandInvocation", "value": "\"Get-Content\""}, {"name": "\"Path\"", "related_command": "Get-Content", "type": "ParameterBinding", "value": "\"C:\\Windows\\inf\\hiddigi.inf\""}], "name": "Get-Content", "type": "Cmdlet"}, "engine": {"version": "5.1.19041.906"}, "id": "Microsoft.PowerShell", "pipeline_id": "1", "process": {"executable_version": "5.1.19041.906"}, "runspace_id": "b536e438-c811-4696-b1d0-fa4d610a0e75"}, "process": {"args": ["powershell.exe", "-ExecutionPolicy", "Restricted", "-Command", "$Res", "=", "0;", "$Infs", "=", "Get-Item", "-Path", "($env:WinDir", "+", "'\\inf\\*.inf');", "foreach", "($Inf", "in", "$Infs)", "{", "$Data", "=", "Get-Content", "$Inf.FullName;", "if", "($Data", "-match", "'\\[defaultinstall.nt(amd64|arm|arm64|x86)\\]')", "{", "$Res", "=", "1;", "break;", "}", "}", "Write-Host", "'Final", "result:',", "$Res;"], "args_count": 38, "command_line": "powershell.exe -ExecutionPolicy Restricted -Command $Res = 0; $Infs = Get-Item -Path ($env:WinDir + '\\inf\\*.inf'); foreach ($Inf in $Infs) { $Data = Get-Content $Inf.FullName; if ($Data -match '\\[defaultinstall.nt(amd64|arm|arm64|x86)\\]') { $Res = 1; break; } } Write-Host 'Final result:', $Res;", "entity_id": "b4d58132-3320-4f79-bc6c-b253b5b41c5f", "title": "ConsoleHost"}, "related": {"user": "SYSTEM"}, "user": {"domain": "BREACH", "name": "SYSTEM"}, "winlog": {"activity_id": "{62700555-56a3-0001-804d-7062a356db01}", "api": "wineventlog", "channel": "Microsoft-Windows-PowerShell/Operational", "computer_name": "CLIENT9.breach.local", "event_id": 4103, "opcode": "To be used when operation is just executing a method", "process": {"pid": 6564, "thread": {"id": 5280}}, "provider_guid": "{a0c1853b-5c40-4b15-8766-3cf1c58f985a}", "provider_name": "Microsoft-Windows-PowerShell", "record_id": 10850, "task": "Executing Pipeline", "user": {"domain": "NT AUTHORITY", "identifier": "S-1-5-18", "name": "SYSTEM", "type": "User"}, "version": 1}}
{"@timestamp": "2024-12-25T08:10:23.686Z", "agent": {"ephemeral_id": "4d435ba8-31a0-41c4-8175-5ef02120cf03", "hostname": "CLIENT9", "id": "c35095e9-5f9f-4084-a651-3aaa2966847a", "name": "CLIENT9", "type": "winlogbeat", "version": "7.10.2"}, "ecs": {"version": "1.5.0"}, "event": {"action": "Executing Pipeline", "category": ["process"], "code": 4103, "created": "2024-12-25T08:10:24.262Z", "kind": "event", "module": "powershell", "provider": "Microsoft-Windows-PowerShell", "sequence": 378, "type": ["info"]}, "host": {"name": "CLIENT9.breach.local"}, "log": {"level": "information"}, "powershell": {"command": {"invocation_details": [{"related_command": "Get-Content", "type": "CommandInvocation", "value": "\"Get-Content\""}, {"name": "\"Path\"", "related_command": "Get-Content", "type": "ParameterBinding", "value": "\"C:\\Windows\\inf\\hidi2c.inf\""}], "name": "Get-Content", "type": "Cmdlet"}, "engine": {"version": "5.1.19041.906"}, "id": "Microsoft.PowerShell", "pipeline_id": "1", "process": {"executable_version": "5.1.19041.906"}, "runspace_id": "b536e438-c811-4696-b1d0-fa4d610a0e75"}, "process": {"args": ["powershell.exe", "-ExecutionPolicy", "Restricted", "-Command", "$Res", "=", "0;", "$Infs", "=", "Get-Item", "-Path", "($env:WinDir", "+", "'\\inf\\*.inf');", "foreach", "($Inf", "in", "$Infs)", "{", "$Data", "=", "Get-Content", "$Inf.FullName;", "if", "($Data", "-match", "'\\[defaultinstall.nt(amd64|arm|arm64|x86)\\]')", "{", "$Res", "=", "1;", "break;", "}", "}", "Write-Host", "'Final", "result:',", "$Res;"], "args_count": 38, "command_line": "powershell.exe -ExecutionPolicy Restricted -Command $Res = 0; $Infs = Get-Item -Path ($env:WinDir + '\\inf\\*.inf'); foreach ($Inf in $Infs) { $Data = Get-Content $Inf.FullName; if ($Data -match '\\[defaultinstall.nt(amd64|arm|arm64|x86)\\]') { $Res = 1; break; } } Write-Host 'Final result:', $Res;", "entity_id": "b4d58132-3320-4f79-bc6c-b253b5b41c5f", "title": "ConsoleHost"}, "related": {"user": "SYSTEM"}, "user": {"domain": "BREACH", "name": "SYSTEM"}, "winlog": {"activity_id": "{62700555-56a3-0001-814d-7062a356db01}", "api": "wineventlog", "channel": "Microsoft-Windows-PowerShell/Operational", "computer_name": "CLIENT9.breach.local", "event_id": 4103, "opcode": "To be used when operation is just executing a method", "process": {"pid": 6564, "thread": {"id": 5280}}, "provider_guid": "{a0c1853b-5c40-4b15-8766-3cf1c58f985a}", "provider_name": "Microsoft-Windows-PowerShell", "record_id": 10851, "task": "Executing Pipeline", "user": {"domain": "NT AUTHORITY", "identifier": "S-1-5-18", "name": "SYSTEM", "type": "User"}, "version": 1}}
{"@timestamp": "2024-12-25T08:10:23.687Z", "agent": {"ephemeral_id": "4d435ba8-31a0-41c4-8175-5ef02120cf03", "hostname": "CLIENT9", "id": "c35095e9-5f9f-4084-a651-3aaa2966847a", "name": "CLIENT9", "type": "winlogbeat", "version": "7.10.2"}, "ecs": {"version": "1.5.0"}, "event": {"action": "Executing Pipeline", "category": ["process"], "code": 4103, "created": "2024-12-25T08:10:24.262Z", "kind": "event", "module": "powershell", "provider": "Microsoft-Windows-PowerShell", "sequence": 380, "type": ["info"]}, "host": {"name": "CLIENT9.breach.local"}, "log": {"level": "information"}, "powershell": {"command": {"invocation_details": [{"related_command": "Get-Content", "type": "CommandInvocation", "value": "\"Get-Content\""}, {"name": "\"Path\"", "related_command": "Get-Content", "type": "ParameterBinding", "value": "\"C:\\Windows\\inf\\hidinterrupt.inf\""}], "name": "Get-Content", "type": "Cmdlet"}, "engine": {"version": "5.1.19041.906"}, "id": "Microsoft.PowerShell", "pipeline_id": "1", "process": {"executable_version": "5.1.19041.906"}, "runspace_id": "b536e438-c811-4696-b1d0-fa4d610a0e75"}, "process": {"args": ["powershell.exe", "-ExecutionPolicy", "Restricted", "-Command", "$Res", "=", "0;", "$Infs", "=", "Get-Item", "-Path", "($env:WinDir", "+", "'\\inf\\*.inf');", "foreach", "($Inf", "in", "$Infs)", "{", "$Data", "=", "Get-Content", "$Inf.FullName;", "if", "($Data", "-match", "'\\[defaultinstall.nt(amd64|arm|arm64|x86)\\]')", "{", "$Res", "=", "1;", "break;", "}", "}", "Write-Host", "'Final", "result:',", "$Res;"], "args_count": 38, "command_line": "powershell.exe -ExecutionPolicy Restricted -Command $Res = 0; $Infs = Get-Item -Path ($env:WinDir + '\\inf\\*.inf'); foreach ($Inf in $Infs) { $Data = Get-Content $Inf.FullName; if ($Data -match '\\[defaultinstall.nt(amd64|arm|arm64|x86)\\]') { $Res = 1; break; } } Write-Host 'Final result:', $Res;", "entity_id": "b4d58132-3320-4f79-bc6c-b253b5b41c5f", "title": "ConsoleHost"}, "related": {"user": "SYSTEM"}, "user": {"domain": "BREACH", "name": "SYSTEM"}, "winlog": {"activity_id": "{62700555-56a3-0001-824d-7062a356db01}", "api": "wineventlog", "channel": "Microsoft-Windows-PowerShell/Operational", "computer_name": "CLIENT9.breach.local", "event_id": 4103, "opcode": "To be used when operation is just executing a method", "process": {"pid": 6564, "thread": {"id": 5280}}, "provider_guid": "{a0c1853b-5c40-4b15-8766-3cf1c58f985a}", "provider_name": "Microsoft-Windows-PowerShell", "record_id": 10852, "task": "Executing Pipeline", "user": {"domain": "NT AUTHORITY", "identifier": "S-1-5-18", "name": "SYSTEM", "type": "User"}, "version": 1}}
{"@timestamp": "2024-12-25T08:10:23.693Z", "agent": {"ephemeral_id": "4d435ba8-31a0-41c4-8175-5ef02120cf03", "hostname": "CLIENT9", "id": "c35095e9-5f9f-4084-a651-3aaa2966847a", "name": "CLIENT9", "type": "winlogbeat", "version": "7.10.2"}, "ecs": {"version": "1.5.0"}, "event": {"action": "Executing Pipeline", "category": ["process"], "code": 4103, "created": "2024-12-25T08:10:24.262Z", "kind": "event", "module": "powershell", "provider": "Microsoft-Windows-PowerShell", "sequence": 382, "type": ["info"]}, "host": {"name": "CLIENT9.breach.local"}, "log": {"level": "information"}, "powershell": {"command": {"invocation_details": [{"related_command": "Get-Content", "type": "CommandInvocation", "value": "\"Get-Content\""}, {"name": "\"Path\"", "related_command": "Get-Content", "type": "ParameterBinding", "value": "\"C:\\Windows\\inf\\hidir.inf\""}], "name": "Get-Content", "type": "Cmdlet"}, "engine": {"version": "5.1.19041.906"}, "id": "Microsoft.PowerShell", "pipeline_id": "1", "process": {"executable_version": "5.1.19041.906"}, "runspace_id": "b536e438-c811-4696-b1d0-fa4d610a0e75"}, "process": {"args": ["powershell.exe", "-ExecutionPolicy", "Restricted", "-Command", "$Res", "=", "0;", "$Infs", "=", "Get-Item", "-Path", "($env:WinDir", "+", "'\\inf\\*.inf');", "foreach", "($Inf", "in", "$Infs)", "{", "$Data", "=", "Get-Content", "$Inf.FullName;", "if", "($Data", "-match", "'\\[defaultinstall.nt(amd64|arm|arm64|x86)\\]')", "{", "$Res", "=", "1;", "break;", "}", "}", "Write-Host", "'Final", "result:',", "$Res;"], "args_count": 38, "command_line": "powershell.exe -ExecutionPolicy Restricted -Command $Res = 0; $Infs = Get-Item -Path ($env:WinDir + '\\inf\\*.inf'); foreach ($Inf in $Infs) { $Data = Get-Content $Inf.FullName; if ($Data -match '\\[defaultinstall.nt(amd64|arm|arm64|x86)\\]') { $Res = 1; break; } } Write-Host 'Final result:', $Res;", "entity_id": "b4d58132-3320-4f79-bc6c-b253b5b41c5f", "title": "ConsoleHost"}, "related": {"user": "SYSTEM"}, "user": {"domain": "BREACH", "name": "SYSTEM"}, "winlog": {"activity_id": "{62700555-56a3-0001-834d-7062a356db01}", "api": "wineventlog", "channel": "Microsoft-Windows-PowerShell/Operational", "computer_name": "CLIENT9.breach.local", "event_id": 4103, "opcode": "To be used when operation is just executing a method", "process": {"pid": 6564, "thread": {"id": 5280}}, "provider_guid": "{a0c1853b-5c40-4b15-8766-3cf1c58f985a}", "provider_name": "Microsoft-Windows-PowerShell", "record_id": 10853, "task": "Executing Pipeline", "user": {"domain": "NT AUTHORITY", "identifier": "S-1-5-18", "name": "SYSTEM", "type": "User"}, "version": 1}}
{"@timestamp": "2024-12-25T08:10:23.695Z", "agent": {"ephemeral_id": "4d435ba8-31a0-41c4-8175-5ef02120cf03", "hostname": "CLIENT9", "id": "c35095e9-5f9f-4084-a651-3aaa2966847a", "name": "CLIENT9", "type": "winlogbeat", "version": "7.10.2"}, "ecs": {"version": "1.5.0"}, "event": {"action": "Executing Pipeline", "category": ["process"], "code": 4103, "created": "2024-12-25T08:10:24.263Z", "kind": "event", "module": "powershell", "provider": "Microsoft-Windows-PowerShell", "sequence": 384, "type": ["info"]}, "host": {"name": "CLIENT9.breach.local"}, "log": {"level": "information"}, "powershell": {"command": {"invocation_details": [{"related_command": "Get-Content", "type": "CommandInvocation", "value": "\"Get-Content\""}, {"name": "\"Path\"", "related_command": "Get-Content", "type": "ParameterBinding", "value": "\"C:\\Windows\\inf\\hidirkbd.inf\""}], "name": "Get-Content", "type": "Cmdlet"}, "engine": {"version": "5.1.19041.906"}, "id": "Microsoft.PowerShell", "pipeline_id": "1", "process": {"executable_version": "5.1.19041.906"}, "runspace_id": "b536e438-c811-4696-b1d0-fa4d610a0e75"}, "process": {"args": ["powershell.exe", "-ExecutionPolicy", "Restricted", "-Command", "$Res", "=", "0;", "$Infs", "=", "Get-Item", "-Path", "($env:WinDir", "+", "'\\inf\\*.inf');", "foreach", "($Inf", "in", "$Infs)", "{", "$Data", "=", "Get-Content", "$Inf.FullName;", "if", "($Data", "-match", "'\\[defaultinstall.nt(amd64|arm|arm64|x86)\\]')", "{", "$Res", "=", "1;", "break;", "}", "}", "Write-Host", "'Final", "result:',", "$Res;"], "args_count": 38, "command_line": "powershell.exe -ExecutionPolicy Restricted -Command $Res = 0; $Infs = Get-Item -Path ($env:WinDir + '\\inf\\*.inf'); foreach ($Inf in $Infs) { $Data = Get-Content $Inf.FullName; if ($Data -match '\\[defaultinstall.nt(amd64|arm|arm64|x86)\\]') { $Res = 1; break; } } Write-Host 'Final result:', $Res;", "entity_id": "b4d58132-3320-4f79-bc6c-b253b5b41c5f", "title": "ConsoleHost"}, "related": {"user": "SYSTEM"}, "user": {"domain": "BREACH", "name": "SYSTEM"}, "winlog": {"activity_id": "{62700555-56a3-0001-844d-7062a356db01}", "api": "wineventlog", "channel": "Microsoft-Windows-PowerShell/Operational", "computer_name": "CLIENT9.breach.local", "event_id": 4103, "opcode": "To be used when operation is just executing a method", "process": {"pid": 6564, "thread": {"id": 5280}}, "provider_guid": "{a0c1853b-5c40-4b15-8766-3cf1c58f985a}", "provider_name": "Microsoft-Windows-PowerShell", "record_id": 10854, "task": "Executing Pipeline", "user": {"domain": "NT AUTHORITY", "identifier": "S-1-5-18", "name": "SYSTEM", "type": "User"}, "version": 1}}
{"@timestamp": "2024-12-25T08:10:23.696Z", "agent": {"ephemeral_id": "4d435ba8-31a0-41c4-8175-5ef02120cf03", "hostname": "CLIENT9", "id": "c35095e9-5f9f-4084-a651-3aaa2966847a", "name": "CLIENT9", "type": "winlogbeat", "version": "7.10.2"}, "ecs": {"version": "1.5.0"}, "event": {"action": "Executing Pipeline", "category": ["process"], "code": 4103, "created": "2024-12-25T08:10:24.263Z", "kind": "event", "module": "powershell", "provider": "Microsoft-Windows-PowerShell", "sequence": 386, "type": ["info"]}, "host": {"name": "CLIENT9.breach.local"}, "log": {"level": "information"}, "powershell": {"command": {"invocation_details": [{"related_command": "Get-Content", "type": "CommandInvocation", "value": "\"Get-Content\""}, {"name": "\"Path\"", "related_command": "Get-Content", "type": "ParameterBinding", "value": "\"C:\\Windows\\inf\\hidscanner.inf\""}], "name": "Get-Content", "type": "Cmdlet"}, "engine": {"version": "5.1.19041.906"}, "id": "Microsoft.PowerShell", "pipeline_id": "1", "process": {"executable_version": "5.1.19041.906"}, "runspace_id": "b536e438-c811-4696-b1d0-fa4d610a0e75"}, "process": {"args": ["powershell.exe", "-ExecutionPolicy", "Restricted", "-Command", "$Res", "=", "0;", "$Infs", "=", "Get-Item", "-Path", "($env:WinDir", "+", "'\\inf\\*.inf');", "foreach", "($Inf", "in", "$Infs)", "{", "$Data", "=", "Get-Content", "$Inf.FullName;", "if", "($Data", "-match", "'\\[defaultinstall.nt(amd64|arm|arm64|x86)\\]')", "{", "$Res", "=", "1;", "break;", "}", "}", "Write-Host", "'Final", "result:',", "$Res;"], "args_count": 38, "command_line": "powershell.exe -ExecutionPolicy Restricted -Command $Res = 0; $Infs = Get-Item -Path ($env:WinDir + '\\inf\\*.inf'); foreach ($Inf in $Infs) { $Data = Get-Content $Inf.FullName; if ($Data -match '\\[defaultinstall.nt(amd64|arm|arm64|x86)\\]') { $Res = 1; break; } } Write-Host 'Final result:', $Res;", "entity_id": "b4d58132-3320-4f79-bc6c-b253b5b41c5f", "title": "ConsoleHost"}, "related": {"user": "SYSTEM"}, "user": {"domain": "BREACH", "name": "SYSTEM"}, "winlog": {"activity_id": "{62700555-56a3-0001-854d-7062a356db01}", "api": "wineventlog", "channel": "Microsoft-Windows-PowerShell/Operational", "computer_name": "CLIENT9.breach.local", "event_id": 4103, "opcode": "To be used when operation is just executing a method", "process": {"pid": 6564, "thread": {"id": 5280}}, "provider_guid": "{a0c1853b-5c40-4b15-8766-3cf1c58f985a}", "provider_name": "Microsoft-Windows-PowerShell", "record_id": 10855, "task": "Executing Pipeline", "user": {"domain": "NT AUTHORITY", "identifier": "S-1-5-18", "name": "SYSTEM", "type": "User"}, "version": 1}}
{"@timestamp": "2024-12-25T08:10:23.698Z", "agent": {"ephemeral_id": "4d435ba8-31a0-41c4-8175-5ef02120cf03", "hostname": "CLIENT9", "id": "c35095e9-5f9f-4084-a651-3aaa2966847a", "name": "CLIENT9", "type": "winlogbeat", "version": "7.10.2"}, "ecs": {"version": "1.5.0"}, "event": {"action": "Executing Pipeline", "category": ["process"], "code": 4103, "created": "2024-12-25T08:10:24.264Z", "kind": "event", "module": "powershell", "provider": "Microsoft-Windows-PowerShell", "sequence": 388, "type": ["info"]}, "host": {"name": "CLIENT9.breach.local"}, "log": {"level": "information"}, "powershell": {"command": {"invocation_details": [{"related_command": "Get-Content", "type": "CommandInvocation", "value": "\"Get-Content\""}, {"name": "\"Path\"", "related_command": "Get-Content", "type": "ParameterBinding", "value": "\"C:\\Windows\\inf\\hidserv.inf\""}], "name": "Get-Content", "type": "Cmdlet"}, "engine": {"version": "5.1.19041.906"}, "id": "Microsoft.PowerShell", "pipeline_id": "1", "process": {"executable_version": "5.1.19041.906"}, "runspace_id": "b536e438-c811-4696-b1d0-fa4d610a0e75"}, "process": {"args": ["powershell.exe", "-ExecutionPolicy", "Restricted", "-Command", "$Res", "=", "0;", "$Infs", "=", "Get-Item", "-Path", "($env:WinDir", "+", "'\\inf\\*.inf');", "foreach", "($Inf", "in", "$Infs)", "{", "$Data", "=", "Get-Content", "$Inf.FullName;", "if", "($Data", "-match", "'\\[defaultinstall.nt(amd64|arm|arm64|x86)\\]')", "{", "$Res", "=", "1;", "break;", "}", "}", "Write-Host", "'Final", "result:',", "$Res;"], "args_count": 38, "command_line": "powershell.exe -ExecutionPolicy Restricted -Command $Res = 0; $Infs = Get-Item -Path ($env:WinDir + '\\inf\\*.inf'); foreach ($Inf in $Infs) { $Data = Get-Content $Inf.FullName; if ($Data -match '\\[defaultinstall.nt(amd64|arm|arm64|x86)\\]') { $Res = 1; break; } } Write-Host 'Final result:', $Res;", "entity_id": "b4d58132-3320-4f79-bc6c-b253b5b41c5f", "title": "ConsoleHost"}, "related": {"user": "SYSTEM"}, "user": {"domain": "BREACH", "name": "SYSTEM"}, "winlog": {"activity_id": "{62700555-56a3-0001-864d-7062a356db01}", "api": "wineventlog", "channel": "Microsoft-Windows-PowerShell/Operational", "computer_name": "CLIENT9.breach.local", "event_id": 4103, "opcode": "To be used when operation is just executing a method", "process": {"pid": 6564, "thread": {"id": 5280}}, "provider_guid": "{a0c1853b-5c40-4b15-8766-3cf1c58f985a}", "provider_name": "Microsoft-Windows-PowerShell", "record_id": 10856, "task": "Executing Pipeline", "user": {"domain": "NT AUTHORITY", "identifier": "S-1-5-18", "name": "SYSTEM", "type": "User"}, "version": 1}}
{"@timestamp": "2024-12-25T08:10:23.699Z", "agent": {"ephemeral_id": "4d435ba8-31a0-41c4-8175-5ef02120cf03", "hostname": "CLIENT9", "id": "c35095e9-5f9f-4084-a651-3aaa2966847a", "name": "CLIENT9", "type": "winlogbeat", "version": "7.10.2"}, "ecs": {"version": "1.5.0"}, "event": {"action": "Executing Pipeline", "category": ["process"], "code": 4103, "created": "2024-12-25T08:10:24.264Z", "kind": "event", "module": "powershell", "provider": "Microsoft-Windows-PowerShell", "sequence": 390, "type": ["info"]}, "host": {"name": "CLIENT9.breach.local"}, "log": {"level": "information"}, "powershell": {"command": {"invocation_details": [{"related_command": "Get-Content", "type": "CommandInvocation", "value": "\"Get-Content\""}, {"name": "\"Path\"", "related_command": "Get-Content", "type": "ParameterBinding", "value": "\"C:\\Windows\\inf\\hidspi_km.inf\""}], "name": "Get-Content", "type": "Cmdlet"}, "engine": {"version": "5.1.19041.906"}, "id": "Microsoft.PowerShell", "pipeline_id": "1", "process": {"executable_version": "5.1.19041.906"}, "runspace_id": "b536e438-c811-4696-b1d0-fa4d610a0e75"}, "process": {"args": ["powershell.exe", "-ExecutionPolicy", "Restricted", "-Command", "$Res", "=", "0;", "$Infs", "=", "Get-Item", "-Path", "($env:WinDir", "+", "'\\inf\\*.inf');", "foreach", "($Inf", "in", "$Infs)", "{", "$Data", "=", "Get-Content", "$Inf.FullName;", "if", "($Data", "-match", "'\\[defaultinstall.nt(amd64|arm|arm64|x86)\\]')", "{", "$Res", "=", "1;", "break;", "}", "}", "Write-Host", "'Final", "result:',", "$Res;"], "args_count": 38, "command_line": "powershell.exe -ExecutionPolicy Restricted -Command $Res = 0; $Infs = Get-Item -Path ($env:WinDir + '\\inf\\*.inf'); foreach ($Inf in $Infs) { $Data = Get-Content $Inf.FullName; if ($Data -match '\\[defaultinstall.nt(amd64|arm|arm64|x86)\\]') { $Res = 1; break; } } Write-Host 'Final result:', $Res;", "entity_id": "b4d58132-3320-4f79-bc6c-b253b5b41c5f", "title": "ConsoleHost"}, "related": {"user": "SYSTEM"}, "user": {"domain": "BREACH", "name": "SYSTEM"}, "winlog": {"activity_id": "{62700555-56a3-0001-874d-7062a356db01}", "api": "wineventlog", "channel": "Microsoft-Windows-PowerShell/Operational", "computer_name": "CLIENT9.breach.local", "event_id": 4103, "opcode": "To be used when operation is just executing a method", "process": {"pid": 6564, "thread": {"id": 5280}}, "provider_guid": "{a0c1853b-5c40-4b15-8766-3cf1c58f985a}", "provider_name": "Microsoft-Windows-PowerShell", "record_id": 10857, "task": "Executing Pipeline", "user": {"domain": "NT AUTHORITY", "identifier": "S-1-5-18", "name": "SYSTEM", "type": "User"}, "version": 1}}
{"@timestamp": "2024-12-25T08:10:23.700Z", "agent": {"ephemeral_id": "4d435ba8-31a0-41c4-8175-5ef02120cf03", "hostname": "CLIENT9", "id": "c35095e9-5f9f-4084-a651-3aaa2966847a", "name": "CLIENT9", "type": "winlogbeat", "version": "7.10.2"}, "ecs": {"version": "1.5.0"}, "event": {"action": "Executing Pipeline", "category": ["process"], "code": 4103, "created": "2024-12-25T08:10:24.264Z", "kind": "event", "module": "powershell", "provider": "Microsoft-Windows-PowerShell", "sequence": 392, "type": ["info"]}, "host": {"name": "CLIENT9.breach.local"}, "log": {"level": "information"}, "powershell": {"command": {"invocation_details": [{"related_command": "Get-Content", "type": "CommandInvocation", "value": "\"Get-Content\""}, {"name": "\"Path\"", "related_command": "Get-Content", "type": "ParameterBinding", "value": "\"C:\\Windows\\inf\\HidTelephonyDriver.inf\""}], "name": "Get-Content", "type": "Cmdlet"}, "engine": {"version": "5.1.19041.906"}, "id": "Microsoft.PowerShell", "pipeline_id": "1", "process": {"executable_version": "5.1.19041.906"}, "runspace_id": "b536e438-c811-4696-b1d0-fa4d610a0e75"}, "process": {"args": ["powershell.exe", "-ExecutionPolicy", "Restricted", "-Command", "$Res", "=", "0;", "$Infs", "=", "Get-Item", "-Path", "($env:WinDir", "+", "'\\inf\\*.inf');", "foreach", "($Inf", "in", "$Infs)", "{", "$Data", "=", "Get-Content", "$Inf.FullName;", "if", "($Data", "-match", "'\\[defaultinstall.nt(amd64|arm|arm64|x86)\\]')", "{", "$Res", "=", "1;", "break;", "}", "}", "Write-Host", "'Final", "result:',", "$Res;"], "args_count": 38, "command_line": "powershell.exe -ExecutionPolicy Restricted -Command $Res = 0; $Infs = Get-Item -Path ($env:WinDir + '\\inf\\*.inf'); foreach ($Inf in $Infs) { $Data = Get-Content $Inf.FullName; if ($Data -match '\\[defaultinstall.nt(amd64|arm|arm64|x86)\\]') { $Res = 1; break; } } Write-Host 'Final result:', $Res;", "entity_id": "b4d58132-3320-4f79-bc6c-b253b5b41c5f", "title": "ConsoleHost"}, "related": {"user": "SYSTEM"}, "user": {"domain": "BREACH", "name": "SYSTEM"}, "winlog": {"activity_id": "{62700555-56a3-0001-884d-7062a356db01}", "api": "wineventlog", "channel": "Microsoft-Windows-PowerShell/Operational", "computer_name": "CLIENT9.breach.local", "event_id": 4103, "opcode": "To be used when operation is just executing a method", "process": {"pid": 6564, "thread": {"id": 5280}}, "provider_guid": "{a0c1853b-5c40-4b15-8766-3cf1c58f985a}", "provider_name": "Microsoft-Windows-PowerShell", "record_id": 10858, "task": "Executing Pipeline", "user": {"domain": "NT AUTHORITY", "identifier": "S-1-5-18", "name": "SYSTEM", "type": "User"}, "version": 1}}
{"@timestamp": "2024-12-25T08:10:23.702Z", "agent": {"ephemeral_id": "4d435ba8-31a0-41c4-8175-5ef02120cf03", "hostname": "CLIENT9", "id": "c35095e9-5f9f-4084-a651-3aaa2966847a", "name": "CLIENT9", "type": "winlogbeat", "version": "7.10.2"}, "ecs": {"version": "1.5.0"}, "event": {"action": "Executing Pipeline", "category": ["process"], "code": 4103, "created": "2024-12-25T08:10:24.265Z", "kind": "event", "module": "powershell", "provider": "Microsoft-Windows-PowerShell", "sequence": 394, "type": ["info"]}, "host": {"name": "CLIENT9.breach.local"}, "log": {"level": "information"}, "powershell": {"command": {"invocation_details": [{"related_command": "Get-Content", "type": "CommandInvocation", "value": "\"Get-Content\""}, {"name": "\"Path\"", "related_command": "Get-Content", "type": "ParameterBinding", "value": "\"C:\\Windows\\inf\\hidvhf.inf\""}], "name": "Get-Content", "type": "Cmdlet"}, "engine": {"version": "5.1.19041.906"}, "id": "Microsoft.PowerShell", "pipeline_id": "1", "process": {"executable_version": "5.1.19041.906"}, "runspace_id": "b536e438-c811-4696-b1d0-fa4d610a0e75"}, "process": {"args": ["powershell.exe", "-ExecutionPolicy", "Restricted", "-Command", "$Res", "=", "0;", "$Infs", "=", "Get-Item", "-Path", "($env:WinDir", "+", "'\\inf\\*.inf');", "foreach", "($Inf", "in", "$Infs)", "{", "$Data", "=", "Get-Content", "$Inf.FullName;", "if", "($Data", "-match", "'\\[defaultinstall.nt(amd64|arm|arm64|x86)\\]')", "{", "$Res", "=", "1;", "break;", "}", "}", "Write-Host", "'Final", "result:',", "$Res;"], "args_count": 38, "command_line": "powershell.exe -ExecutionPolicy Restricted -Command $Res = 0; $Infs = Get-Item -Path ($env:WinDir + '\\inf\\*.inf'); foreach ($Inf in $Infs) { $Data = Get-Content $Inf.FullName; if ($Data -match '\\[defaultinstall.nt(amd64|arm|arm64|x86)\\]') { $Res = 1; break; } } Write-Host 'Final result:', $Res;", "entity_id": "b4d58132-3320-4f79-bc6c-b253b5b41c5f", "title": "ConsoleHost"}, "related": {"user": "SYSTEM"}, "user": {"domain": "BREACH", "name": "SYSTEM"}, "winlog": {"activity_id": "{62700555-56a3-0001-894d-7062a356db01}", "api": "wineventlog", "channel": "Microsoft-Windows-PowerShell/Operational", "computer_name": "CLIENT9.breach.local", "event_id": 4103, "opcode": "To be used when operation is just executing a method", "process": {"pid": 6564, "thread": {"id": 5280}}, "provider_guid": "{a0c1853b-5c40-4b15-8766-3cf1c58f985a}", "provider_name": "Microsoft-Windows-PowerShell", "record_id": 10859, "task": "Executing Pipeline", "user": {"domain": "NT AUTHORITY", "identifier": "S-1-5-18", "name": "SYSTEM", "type": "User"}, "version": 1}}
{"@timestamp": "2024-12-25T08:10:23.704Z", "agent": {"ephemeral_id": "4d435ba8-31a0-41c4-8175-5ef02120cf03", "hostname": "CLIENT9", "id": "c35095e9-5f9f-4084-a651-3aaa2966847a", "name": "CLIENT9", "type": "winlogbeat", "version": "7.10.2"}, "ecs": {"version": "1.5.0"}, "event": {"action": "Executing Pipeline", "category": ["process"], "code": 4103, "created": "2024-12-25T08:10:24.265Z", "kind": "event", "module": "powershell", "provider": "Microsoft-Windows-PowerShell", "sequence": 396, "type": ["info"]}, "host": {"name": "CLIENT9.breach.local"}, "log": {"level": "information"}, "powershell": {"command": {"invocation_details": [{"related_command": "Get-Content", "type": "CommandInvocation", "value": "\"Get-Content\""}, {"name": "\"Path\"", "related_command": "Get-Content", "type": "ParameterBinding", "value": "\"C:\\Windows\\inf\\hpsamd.inf\""}], "name": "Get-Content", "type": "Cmdlet"}, "engine": {"version": "5.1.19041.906"}, "id": "Microsoft.PowerShell", "pipeline_id": "1", "process": {"executable_version": "5.1.19041.906"}, "runspace_id": "b536e438-c811-4696-b1d0-fa4d610a0e75"}, "process": {"args": ["powershell.exe", "-ExecutionPolicy", "Restricted", "-Command", "$Res", "=", "0;", "$Infs", "=", "Get-Item", "-Path", "($env:WinDir", "+", "'\\inf\\*.inf');", "foreach", "($Inf", "in", "$Infs)", "{", "$Data", "=", "Get-Content", "$Inf.FullName;", "if", "($Data", "-match", "'\\[defaultinstall.nt(amd64|arm|arm64|x86)\\]')", "{", "$Res", "=", "1;", "break;", "}", "}", "Write-Host", "'Final", "result:',", "$Res;"], "args_count": 38, "command_line": "powershell.exe -ExecutionPolicy Restricted -Command $Res = 0; $Infs = Get-Item -Path ($env:WinDir + '\\inf\\*.inf'); foreach ($Inf in $Infs) { $Data = Get-Content $Inf.FullName; if ($Data -match '\\[defaultinstall.nt(amd64|arm|arm64|x86)\\]') { $Res = 1; break; } } Write-Host 'Final result:', $Res;", "entity_id": "b4d58132-3320-4f79-bc6c-b253b5b41c5f", "title": "ConsoleHost"}, "related": {"user": "SYSTEM"}, "user": {"domain": "BREACH", "name": "SYSTEM"}, "winlog": {"activity_id": "{62700555-56a3-0001-8a4d-7062a356db01}", "api": "wineventlog", "channel": "Microsoft-Windows-PowerShell/Operational", "computer_name": "CLIENT9.breach.local", "event_id": 4103, "opcode": "To be used when operation is just executing a method", "process": {"pid": 6564, "thread": {"id": 5280}}, "provider_guid": "{a0c1853b-5c40-4b15-8766-3cf1c58f985a}", "provider_name": "Microsoft-Windows-PowerShell", "record_id": 10860, "task": "Executing Pipeline", "user": {"domain": "NT AUTHORITY", "identifier": "S-1-5-18", "name": "SYSTEM", "type": "User"}, "version": 1}}
{"@timestamp": "2024-12-25T08:10:23.705Z", "agent": {"ephemeral_id": "4d435ba8-31a0-41c4-8175-5ef02120cf03", "hostname": "CLIENT9", "id": "c35095e9-5f9f-4084-a651-3aaa2966847a", "name": "CLIENT9", "type": "winlogbeat", "version": "7.10.2"}, "ecs": {"version": "1.5.0"}, "event": {"action": "Executing Pipeline", "category": ["process"], "code": 4103, "created": "2024-12-25T08:10:24.265Z", "kind": "event", "module": "powershell", "provider": "Microsoft-Windows-PowerShell", "sequence": 398, "type": ["info"]}, "host": {"name": "CLIENT9.breach.local"}, "log": {"level": "information"}, "powershell": {"command": {"invocation_details": [{"related_command": "Get-Content", "type": "CommandInvocation", "value": "\"Get-Content\""}, {"name": "\"Path\"", "related_command": "Get-Content", "type": "ParameterBinding", "value": "\"C:\\Windows\\inf\\iagpio.inf\""}], "name": "Get-Content", "type": "Cmdlet"}, "engine": {"version": "5.1.19041.906"}, "id": "Microsoft.PowerShell", "pipeline_id": "1", "process": {"executable_version": "5.1.19041.906"}, "runspace_id": "b536e438-c811-4696-b1d0-fa4d610a0e75"}, "process": {"args": ["powershell.exe", "-ExecutionPolicy", "Restricted", "-Command", "$Res", "=", "0;", "$Infs", "=", "Get-Item", "-Path", "($env:WinDir", "+", "'\\inf\\*.inf');", "foreach", "($Inf", "in", "$Infs)", "{", "$Data", "=", "Get-Content", "$Inf.FullName;", "if", "($Data", "-match", "'\\[defaultinstall.nt(amd64|arm|arm64|x86)\\]')", "{", "$Res", "=", "1;", "break;", "}", "}", "Write-Host", "'Final", "result:',", "$Res;"], "args_count": 38, "command_line": "powershell.exe -ExecutionPolicy Restricted -Command $Res = 0; $Infs = Get-Item -Path ($env:WinDir + '\\inf\\*.inf'); foreach ($Inf in $Infs) { $Data = Get-Content $Inf.FullName; if ($Data -match '\\[defaultinstall.nt(amd64|arm|arm64|x86)\\]') { $Res = 1; break; } } Write-Host 'Final result:', $Res;", "entity_id": "b4d58132-3320-4f79-bc6c-b253b5b41c5f", "title": "ConsoleHost"}, "related": {"user": "SYSTEM"}, "user": {"domain": "BREACH", "name": "SYSTEM"}, "winlog": {"activity_id": "{62700555-56a3-0001-8b4d-7062a356db01}", "api": "wineventlog", "channel": "Microsoft-Windows-PowerShell/Operational", "computer_name": "CLIENT9.breach.local", "event_id": 4103, "opcode": "To be used when operation is just executing a method", "process": {"pid": 6564, "thread": {"id": 5280}}, "provider_guid": "{a0c1853b-5c40-4b15-8766-3cf1c58f985a}", "provider_name": "Microsoft-Windows-PowerShell", "record_id": 10861, "task": "Executing Pipeline", "user": {"domain": "NT AUTHORITY", "identifier": "S-1-5-18", "name": "SYSTEM", "type": "User"}, "version": 1}}
{"@timestamp": "2024-12-25T08:10:23.706Z", "agent": {"ephemeral_id": "4d435ba8-31a0-41c4-8175-5ef02120cf03", "hostname": "CLIENT9", "id": "c35095e9-5f9f-4084-a651-3aaa2966847a", "name": "CLIENT9", "type": "winlogbeat", "version": "7.10.2"}, "ecs": {"version": "1.5.0"}, "event": {"action": "Executing Pipeline", "category": ["process"], "code": 4103, "created": "2024-12-25T08:10:24.265Z", "kind": "event", "module": "powershell", "provider": "Microsoft-Windows-PowerShell", "sequence": 400, "type": ["info"]}, "host": {"name": "CLIENT9.breach.local"}, "log": {"level": "information"}, "powershell": {"command": {"invocation_details": [{"related_command": "Get-Content", "type": "CommandInvocation", "value": "\"Get-Content\""}, {"name": "\"Path\"", "related_command": "Get-Content", "type": "ParameterBinding", "value": "\"C:\\Windows\\inf\\iai2c.inf\""}], "name": "Get-Content", "type": "Cmdlet"}, "engine": {"version": "5.1.19041.906"}, "id": "Microsoft.PowerShell", "pipeline_id": "1", "process": {"executable_version": "5.1.19041.906"}, "runspace_id": "b536e438-c811-4696-b1d0-fa4d610a0e75"}, "process": {"args": ["powershell.exe", "-ExecutionPolicy", "Restricted", "-Command", "$Res", "=", "0;", "$Infs", "=", "Get-Item", "-Path", "($env:WinDir", "+", "'\\inf\\*.inf');", "foreach", "($Inf", "in", "$Infs)", "{", "$Data", "=", "Get-Content", "$Inf.FullName;", "if", "($Data", "-match", "'\\[defaultinstall.nt(amd64|arm|arm64|x86)\\]')", "{", "$Res", "=", "1;", "break;", "}", "}", "Write-Host", "'Final", "result:',", "$Res;"], "args_count": 38, "command_line": "powershell.exe -ExecutionPolicy Restricted -Command $Res = 0; $Infs = Get-Item -Path ($env:WinDir + '\\inf\\*.inf'); foreach ($Inf in $Infs) { $Data = Get-Content $Inf.FullName; if ($Data -match '\\[defaultinstall.nt(amd64|arm|arm64|x86)\\]') { $Res = 1; break; } } Write-Host 'Final result:', $Res;", "entity_id": "b4d58132-3320-4f79-bc6c-b253b5b41c5f", "title": "ConsoleHost"}, "related": {"user": "SYSTEM"}, "user": {"domain": "BREACH", "name": "SYSTEM"}, "winlog": {"activity_id": "{62700555-56a3-0001-8c4d-7062a356db01}", "api": "wineventlog", "channel": "Microsoft-Windows-PowerShell/Operational", "computer_name": "CLIENT9.breach.local", "event_id": 4103, "opcode": "To be used when operation is just executing a method", "process": {"pid": 6564, "thread": {"id": 5280}}, "provider_guid": "{a0c1853b-5c40-4b15-8766-3cf1c58f985a}", "provider_name": "Microsoft-Windows-PowerShell", "record_id": 10862, "task": "Executing Pipeline", "user": {"domain": "NT AUTHORITY", "identifier": "S-1-5-18", "name": "SYSTEM", "type": "User"}, "version": 1}}
