{"@timestamp": "2025-01-09T16:45:08.703Z", "agent": {"ephemeral_id": "79158253-5264-43d2-be20-4e132dda22ad", "hostname": "CLIENT28", "id": "c35095e9-5f9f-4084-a651-3aaa2966847a", "name": "CLIENT28", "type": "winlogbeat", "version": "7.10.2"}, "ecs": {"version": "1.5.0"}, "event": {"action": "Process Create (rule: ProcessCreate)", "category": ["process"], "code": 1, "created": "2025-01-09T16:45:56.247Z", "kind": "event", "module": "sysmon", "provider": "Microsoft-Windows-Sysmon", "type": ["start", "process_start"]}, "hash": {"imphash": "865c812e4e3e6e8c398a0757574c8da3", "md5": "336e10fe532eb2dd8ade24c6347d2bf8", "sha1": "1f86d7d4f6186c4db7be47ed039da8e87bdcad23", "sha256": "cc584e1de3229e4f45d9cc37b007acf04f1fa43b99afcc0f2a946ff1d92450fc"}, "host": {"name": "CLIENT28.breach.local"}, "log": {"level": "information"}, "process": {"args": ["C:\\Windows\\system32\\sppsvc.exe"], "command_line": "C:\\Windows\\system32\\sppsvc.exe", "entity_id": "{416dd0c5-fd14-677f-0a05-000000001400}", "executable": "C:\\Windows\\System32\\sppsvc.exe", "hash": {"md5": "336e10fe532eb2dd8ade24c6347d2bf8", "sha1": "1f86d7d4f6186c4db7be47ed039da8e87bdcad23", "sha256": "cc584e1de3229e4f45d9cc37b007acf04f1fa43b99afcc0f2a946ff1d92450fc"}, "name": "sppsvc.exe", "parent": {"args": ["C:\\Windows\\system32\\services.exe"], "command_line": "C:\\Windows\\system32\\services.exe", "entity_id": "{416dd0c5-83ab-677f-0b00-000000001400}", "executable": "C:\\Windows\\System32\\services.exe", "name": "services.exe", "pid": 588}, "pe": {"imphash": "865c812e4e3e6e8c398a0757574c8da3"}, "pid": 10968, "working_directory": "C:\\Windows"}, "related": {"hash": ["1f86d7d4f6186c4db7be47ed039da8e87bdcad23", "336e10fe532eb2dd8ade24c6347d2bf8", "cc584e1de3229e4f45d9cc37b007acf04f1fa43b99afcc0f2a946ff1d92450fc", "865c812e4e3e6e8c398a0757574c8da3"], "user": "NETWORK SERVICE"}, "user": {"domain": "NT AUTHORITY", "name": "NETWORK SERVICE"}, "winlog": {"api": "wineventlog", "channel": "Microsoft-Windows-Sysmon/Operational", "computer_name": "CLIENT28.breach.local", "event_data": {"Company": "Microsoft Corporation", "Description": "Microsoft Software Protection Platform Service", "FileVersion": "10.0.19041.867 (WinBuild.160101.0800)", "IntegrityLevel": "System", "LogonGuid": "{416dd0c5-83ac-677f-e403-000000000000}", "LogonId": "0x3e4", "OriginalFileName": "sppsvc.exe", "ParentUser": "NT AUTHORITY\\SYSTEM", "Product": "Microsoft\u00ae Windows\u00ae Operating System", "RuleName": "-", "TerminalSessionId": "0"}, "event_id": 1, "opcode": "Info", "process": {"pid": 2892, "thread": {"id": 3552}}, "provider_guid": "{5770385f-c22a-43e0-bf4c-06f5698ffbd9}", "provider_name": "Microsoft-Windows-Sysmon", "record_id": 3703706, "task": "Process Create (rule: ProcessCreate)", "user": {"domain": "NT AUTHORITY", "identifier": "S-1-5-18", "name": "SYSTEM", "type": "User"}, "version": 5}}
{"@timestamp": "2025-01-09T16:45:17.925Z", "agent": {"ephemeral_id": "79158253-5264-43d2-be20-4e132dda22ad", "hostname": "CLIENT28", "id": "c35095e9-5f9f-4084-a651-3aaa2966847a", "name": "CLIENT28", "type": "winlogbeat", "version": "7.10.2"}, "ecs": {"version": "1.5.0"}, "event": {"action": "Logon", "code": 4624, "created": "2025-01-09T16:45:20.856Z", "kind": "event", "outcome": "success", "provider": "Microsoft-Windows-Security-Auditing"}, "host": {"name": "CLIENT28.breach.local"}, "log": {"level": "information"}, "winlog": {"activity_id": "{769e23a0-626d-0000-4524-9e766d62db01}", "api": "wineventlog", "channel": "Security", "computer_name": "CLIENT28.breach.local", "event_data": {"AuthenticationPackageName": "Negotiate", "ElevatedToken": "%%1842", "ImpersonationLevel": "%%1833", "IpAddress": "-", "IpPort": "-", "KeyLength": "0", "LmPackageName": "-", "LogonGuid": "{00000000-0000-0000-0000-000000000000}", "LogonProcessName": "Advapi  ", "LogonType": "5", "ProcessId": "0x24c", "ProcessName": "C:\\Windows\\System32\\services.exe", "RestrictedAdminMode": "-", "SubjectDomainName": "BREACH", "SubjectLogonId": "0x3e7", "SubjectUserName": "CLIENT28$", "SubjectUserSid": "S-1-5-18", "TargetDomainName": "NT AUTHORITY", "TargetLinkedLogonId": "0x0", "TargetLogonId": "0x3e7", "TargetOutboundDomainName": "-", "TargetOutboundUserName": "-", "TargetUserName": "SYSTEM", "TargetUserSid": "S-1-5-18", "TransmittedServices": "-", "VirtualAccount": "%%1843", "WorkstationName": "-"}, "event_id": 4624, "keywords": ["Audit Success"], "opcode": "Info", "process": {"pid": 632, "thread": {"id": 360}}, "provider_guid": "{54849625-5478-4994-a5ba-3e3b0328c30d}", "provider_name": "Microsoft-Windows-Security-Auditing", "record_id": 29951, "task": "Logon", "version": 2}}
{"@timestamp": "2025-01-09T16:45:17.926Z", "agent": {"ephemeral_id": "79158253-5264-43d2-be20-4e132dda22ad", "hostname": "CLIENT28", "id": "c35095e9-5f9f-4084-a651-3aaa2966847a", "name": "CLIENT28", "type": "winlogbeat", "version": "7.10.2"}, "ecs": {"version": "1.5.0"}, "event": {"action": "Special Logon", "code": 4672, "created": "2025-01-09T16:45:20.856Z", "kind": "event", "outcome": "success", "provider": "Microsoft-Windows-Security-Auditing"}, "host": {"name": "CLIENT28.breach.local"}, "log": {"level": "information"}, "winlog": {"activity_id": "{769e23a0-626d-0000-4524-9e766d62db01}", "api": "wineventlog", "channel": "Security", "computer_name": "CLIENT28.breach.local", "event_data": {"PrivilegeList": "SeAssignPrimaryTokenPrivilege\n\t\t\tSeTcbPrivilege\n\t\t\tSeSecurityPrivilege\n\t\t\tSeTakeOwnershipPrivilege\n\t\t\tSeLoadDriverPrivilege\n\t\t\tSeBackupPrivilege\n\t\t\tSeRestorePrivilege\n\t\t\tSeDebugPrivilege\n\t\t\tSeAuditPrivilege\n\t\t\tSeSystemEnvironmentPrivilege\n\t\t\tSeImpersonatePrivilege\n\t\t\tSeDelegateSessionUserImpersonatePrivilege", "SubjectDomainName": "NT AUTHORITY", "SubjectLogonId": "0x3e7", "SubjectUserName": "SYSTEM", "SubjectUserSid": "S-1-5-18"}, "event_id": 4672, "keywords": ["Audit Success"], "opcode": "Info", "process": {"pid": 632, "thread": {"id": 360}}, "provider_guid": "{54849625-5478-4994-a5ba-3e3b0328c30d}", "provider_name": "Microsoft-Windows-Security-Auditing", "record_id": 29952, "task": "Special Logon"}}
{"@timestamp": "2025-01-09T16:45:17.929Z", "agent": {"ephemeral_id": "79158253-5264-43d2-be20-4e132dda22ad", "hostname": "CLIENT28", "id": "c35095e9-5f9f-4084-a651-3aaa2966847a", "name": "CLIENT28", "type": "winlogbeat", "version": "7.10.2"}, "ecs": {"version": "1.5.0"}, "event": {"action": "Process Create (rule: ProcessCreate)", "category": ["process"], "code": 1, "created": "2025-01-09T16:45:56.452Z", "kind": "event", "module": "sysmon", "provider": "Microsoft-Windows-Sysmon", "type": ["start", "process_start"]}, "hash": {"imphash": "f9bbd96fae53b7a31264a703cafa0666", "md5": "f586835082f632dc8d9404d83bc16316", "sha1": "010db07461e45b41c886192df6fd425ba8d42d82", "sha256": "643ec58e82e0272c97c2a59f6020970d881af19c0ad5029db9c958c13b6558c7"}, "host": {"name": "CLIENT28.breach.local"}, "log": {"level": "information"}, "process": {"args": ["C:\\Windows\\system32\\svchost.exe", "-k", "wusvcs", "-p", "-s", "WaaSMedicSvc"], "command_line": "C:\\Windows\\system32\\svchost.exe -k wusvcs -p -s WaaSMedicSvc", "entity_id": "{416dd0c5-fd1d-677f-0b05-000000001400}", "executable": "C:\\Windows\\System32\\svchost.exe", "hash": {"md5": "f586835082f632dc8d9404d83bc16316", "sha1": "010db07461e45b41c886192df6fd425ba8d42d82", "sha256": "643ec58e82e0272c97c2a59f6020970d881af19c0ad5029db9c958c13b6558c7"}, "name": "svchost.exe", "parent": {"args": ["C:\\Windows\\system32\\services.exe"], "command_line": "C:\\Windows\\system32\\services.exe", "entity_id": "{416dd0c5-83ab-677f-0b00-000000001400}", "executable": "C:\\Windows\\System32\\services.exe", "name": "services.exe", "pid": 588}, "pe": {"imphash": "f9bbd96fae53b7a31264a703cafa0666"}, "pid": 2332, "working_directory": "C:\\Windows\\system32\\"}, "related": {"hash": ["010db07461e45b41c886192df6fd425ba8d42d82", "f586835082f632dc8d9404d83bc16316", "643ec58e82e0272c97c2a59f6020970d881af19c0ad5029db9c958c13b6558c7", "f9bbd96fae53b7a31264a703cafa0666"], "user": "SYSTEM"}, "user": {"domain": "NT AUTHORITY", "name": "SYSTEM"}, "winlog": {"api": "wineventlog", "channel": "Microsoft-Windows-Sysmon/Operational", "computer_name": "CLIENT28.breach.local", "event_data": {"Company": "Microsoft Corporation", "Description": "Host Process for Windows Services", "FileVersion": "10.0.19041.546 (WinBuild.160101.0800)", "IntegrityLevel": "System", "LogonGuid": "{416dd0c5-83ab-677f-e703-000000000000}", "LogonId": "0x3e7", "OriginalFileName": "svchost.exe", "ParentUser": "NT AUTHORITY\\SYSTEM", "Product": "Microsoft\u00ae Windows\u00ae Operating System", "RuleName": "-", "TerminalSessionId": "0"}, "event_id": 1, "opcode": "Info", "process": {"pid": 2892, "thread": {"id": 3552}}, "provider_guid": "{5770385f-c22a-43e0-bf4c-06f5698ffbd9}", "provider_name": "Microsoft-Windows-Sysmon", "record_id": 3703778, "task": "Process Create (rule: ProcessCreate)", "user": {"domain": "NT AUTHORITY", "identifier": "S-1-5-18", "name": "SYSTEM", "type": "User"}, "version": 5}}
{"@timestamp": "2025-01-09T16:46:42.005Z", "agent": {"ephemeral_id": "79158253-5264-43d2-be20-4e132dda22ad", "hostname": "CLIENT28", "id": "c35095e9-5f9f-4084-a651-3aaa2966847a", "name": "CLIENT28", "type": "winlogbeat", "version": "7.10.2"}, "ecs": {"version": "1.5.0"}, "event": {"action": "Process Create (rule: ProcessCreate)", "category": ["process"], "code": 1, "created": "2025-01-09T16:46:55.947Z", "kind": "event", "module": "sysmon", "provider": "Microsoft-Windows-Sysmon", "type": ["start", "process_start"]}, "hash": {"imphash": "3c2fc59273192a34f1aa4a59df3b348e", "md5": "922f7003fca657359db03cc02941124d", "sha1": "27fae46e4e377467f2d5f9e37a5a8cb19b39b9ec", "sha256": "5da31132fd6a415e71e3fd40c3a23853a799b91ea2821d2bcbf1bf0e8fa01e16"}, "host": {"name": "CLIENT28.breach.local"}, "log": {"level": "information"}, "process": {"args": ["C:\\Python37\\python.exe", "-c", "from multiprocessing.spawn import spawn_main; spawn_main(parent_pid=7468, pipe_handle=2084)", "--multiprocessing-fork"], "command_line": "\"C:\\Python37\\python.exe\" \"-c\" \"from multiprocessing.spawn import spawn_main; spawn_main(parent_pid=7468, pipe_handle=2084)\" \"--multiprocessing-fork\"", "entity_id": "{416dd0c5-fd72-677f-0c05-000000001400}", "executable": "C:\\Python37\\python.exe", "hash": {"md5": "922f7003fca657359db03cc02941124d", "sha1": "27fae46e4e377467f2d5f9e37a5a8cb19b39b9ec", "sha256": "5da31132fd6a415e71e3fd40c3a23853a799b91ea2821d2bcbf1bf0e8fa01e16"}, "name": "python.exe", "parent": {"args": ["C:\\Python37\\python.exe", "C:\\BREACH\\userbehavior\\main.py"], "command_line": "C:\\Python37\\python.exe \"C:\\BREACH\\userbehavior\\main.py\" ", "entity_id": "{416dd0c5-83d2-677f-a400-000000001400}", "executable": "C:\\Python37\\python.exe", "name": "python.exe", "pid": 7468}, "pe": {"imphash": "3c2fc59273192a34f1aa4a59df3b348e"}, "pid": 5060, "working_directory": "C:\\BREACH\\"}, "related": {"hash": ["27fae46e4e377467f2d5f9e37a5a8cb19b39b9ec", "922f7003fca657359db03cc02941124d", "5da31132fd6a415e71e3fd40c3a23853a799b91ea2821d2bcbf1bf0e8fa01e16", "3c2fc59273192a34f1aa4a59df3b348e"], "user": "client28"}, "user": {"domain": "BREACH", "name": "client28"}, "winlog": {"api": "wineventlog", "channel": "Microsoft-Windows-Sysmon/Operational", "computer_name": "CLIENT28.breach.local", "event_data": {"Company": "Python Software Foundation", "Description": "Python", "FileVersion": "3.7.3", "IntegrityLevel": "Medium", "LogonGuid": "{416dd0c5-83b2-677f-4a28-040000000000}", "LogonId": "0x4284a", "OriginalFileName": "python.exe", "ParentUser": "BREACH\\client28", "Product": "Python", "RuleName": "-", "TerminalSessionId": "1"}, "event_id": 1, "opcode": "Info", "process": {"pid": 2892, "thread": {"id": 3552}}, "provider_guid": "{5770385f-c22a-43e0-bf4c-06f5698ffbd9}", "provider_name": "Microsoft-Windows-Sysmon", "record_id": 3703850, "task": "Process Create (rule: ProcessCreate)", "user": {"domain": "NT AUTHORITY", "identifier": "S-1-5-18", "name": "SYSTEM", "type": "User"}, "version": 5}}
{"@timestamp": "2025-01-09T16:46:49.573Z", "agent": {"ephemeral_id": "79158253-5264-43d2-be20-4e132dda22ad", "hostname": "CLIENT28", "id": "c35095e9-5f9f-4084-a651-3aaa2966847a", "name": "CLIENT28", "type": "winlogbeat", "version": "7.10.2"}, "ecs": {"version": "1.5.0"}, "event": {"action": "Process Create (rule: ProcessCreate)", "category": ["process"], "code": 1, "created": "2025-01-09T16:48:44.241Z", "kind": "event", "module": "sysmon", "provider": "Microsoft-Windows-Sysmon", "type": ["start", "process_start"]}, "hash": {"imphash": "c7b2d9891c8ea27ab912d8036021e33d", "md5": "a815db40487b457b44dcda2dde8c4823", "sha1": "8766609f079faa9e74ae2c770c0e5f84b458799e", "sha256": "992210816bdb77611810d3ec259b49f000e1546a8415bb94e26ce7e17f58e16c"}, "host": {"name": "CLIENT28.breach.local"}, "log": {"level": "information"}, "process": {"args": ["C:\\Python37\\geckodriver.exe", "--websocket-port", "53273", "--port", "53272"], "command_line": "C:\\Python37\\geckodriver.exe --websocket-port 53273 --port 53272", "entity_id": "{416dd0c5-fd79-677f-0d05-000000001400}", "executable": "C:\\Python37\\geckodriver.exe", "hash": {"md5": "a815db40487b457b44dcda2dde8c4823", "sha1": "8766609f079faa9e74ae2c770c0e5f84b458799e", "sha256": "992210816bdb77611810d3ec259b49f000e1546a8415bb94e26ce7e17f58e16c"}, "name": "geckodriver.exe", "parent": {"args": ["C:\\Python37\\python.exe", "-c", "from multiprocessing.spawn import spawn_main; spawn_main(parent_pid=7468, pipe_handle=2084)", "--multiprocessing-fork"], "command_line": "\"C:\\Python37\\python.exe\" \"-c\" \"from multiprocessing.spawn import spawn_main; spawn_main(parent_pid=7468, pipe_handle=2084)\" \"--multiprocessing-fork\"", "entity_id": "{416dd0c5-fd72-677f-0c05-000000001400}", "executable": "C:\\Python37\\python.exe", "name": "python.exe", "pid": 5060}, "pe": {"imphash": "c7b2d9891c8ea27ab912d8036021e33d"}, "pid": 8212, "working_directory": "C:\\BREACH\\"}, "related": {"hash": ["8766609f079faa9e74ae2c770c0e5f84b458799e", "a815db40487b457b44dcda2dde8c4823", "992210816bdb77611810d3ec259b49f000e1546a8415bb94e26ce7e17f58e16c", "c7b2d9891c8ea27ab912d8036021e33d"], "user": "client28"}, "user": {"domain": "BREACH", "name": "client28"}, "winlog": {"api": "wineventlog", "channel": "Microsoft-Windows-Sysmon/Operational", "computer_name": "CLIENT28.breach.local", "event_data": {"Company": "-", "Description": "-", "FileVersion": "-", "IntegrityLevel": "Medium", "LogonGuid": "{416dd0c5-83b2-677f-4a28-040000000000}", "LogonId": "0x4284a", "OriginalFileName": "-", "ParentUser": "BREACH\\client28", "Product": "-", "RuleName": "-", "TerminalSessionId": "1"}, "event_id": 1, "opcode": "Info", "process": {"pid": 2892, "thread": {"id": 3552}}, "provider_guid": "{5770385f-c22a-43e0-bf4c-06f5698ffbd9}", "provider_name": "Microsoft-Windows-Sysmon", "record_id": 3704034, "task": "Process Create (rule: ProcessCreate)", "user": {"domain": "NT AUTHORITY", "identifier": "S-1-5-18", "name": "SYSTEM", "type": "User"}, "version": 5}}
{"@timestamp": "2025-01-09T16:46:53.826Z", "agent": {"ephemeral_id": "79158253-5264-43d2-be20-4e132dda22ad", "hostname": "CLIENT28", "id": "c35095e9-5f9f-4084-a651-3aaa2966847a", "name": "CLIENT28", "type": "winlogbeat", "version": "7.10.2"}, "ecs": {"version": "1.5.0"}, "event": {"action": "Process Create (rule: ProcessCreate)", "category": ["process"], "code": 1, "created": "2025-01-09T16:49:35.789Z", "kind": "event", "module": "sysmon", "provider": "Microsoft-Windows-Sysmon", "type": ["start", "process_start"]}, "hash": {"imphash": "51bef41e5cd278a02c17451af095c288", "md5": "585d2527c7dcc8e2c69324212f9f2964", "sha1": "ace4770f386293b92d946f872d4bb280c9b587ef", "sha256": "44761759948fcf37ed691f462bbb54d3e3064f9b70d4e0e60b5338e87c785fbe"}, "host": {"name": "CLIENT28.breach.local"}, "log": {"level": "information"}, "process": {"args": ["C:\\Program Files (x86)\\Mozilla Firefox\\firefox.exe", "--marionette", "--remote-debugging-port", "53273", "--remote-allow-hosts", "localhost", "-no-remote", "-profile", "C:\\Users\\client28\\AppData\\Local\\Temp\\rust_mozprofilery590z"], "command_line": "\"C:\\Program Files (x86)\\Mozilla Firefox\\firefox.exe\" --marionette --remote-debugging-port 53273 --remote-allow-hosts localhost -no-remote -profile C:\\Users\\client28\\AppData\\Local\\Temp\\rust_mozprofilery590z", "entity_id": "{416dd0c5-fd7d-677f-0e05-000000001400}", "executable": "C:\\Program Files (x86)\\Mozilla Firefox\\firefox.exe", "hash": {"md5": "585d2527c7dcc8e2c69324212f9f2964", "sha1": "ace4770f386293b92d946f872d4bb280c9b587ef", "sha256": "44761759948fcf37ed691f462bbb54d3e3064f9b70d4e0e60b5338e87c785fbe"}, "name": "firefox.exe", "parent": {"args": ["C:\\Python37\\geckodriver.exe", "--websocket-port", "53273", "--port", "53272"], "command_line": "C:\\Python37\\geckodriver.exe --websocket-port 53273 --port 53272", "entity_id": "{416dd0c5-fd79-677f-0d05-000000001400}", "executable": "C:\\Python37\\geckodriver.exe", "name": "geckodriver.exe", "pid": 8212}, "pe": {"imphash": "51bef41e5cd278a02c17451af095c288"}, "pid": 10508, "working_directory": "C:\\BREACH\\"}, "related": {"hash": ["ace4770f386293b92d946f872d4bb280c9b587ef", "585d2527c7dcc8e2c69324212f9f2964", "44761759948fcf37ed691f462bbb54d3e3064f9b70d4e0e60b5338e87c785fbe", "51bef41e5cd278a02c17451af095c288"], "user": "client28"}, "user": {"domain": "BREACH", "name": "client28"}, "winlog": {"api": "wineventlog", "channel": "Microsoft-Windows-Sysmon/Operational", "computer_name": "CLIENT28.breach.local", "event_data": {"Company": "Mozilla Corporation", "Description": "Firefox", "FileVersion": "134.0", "IntegrityLevel": "Medium", "LogonGuid": "{416dd0c5-83b2-677f-4a28-040000000000}", "LogonId": "0x4284a", "OriginalFileName": "firefox.exe", "ParentUser": "BREACH\\client28", "Product": "Firefox", "RuleName": "-", "TerminalSessionId": "1"}, "event_id": 1, "opcode": "Info", "process": {"pid": 2892, "thread": {"id": 3552}}, "provider_guid": "{5770385f-c22a-43e0-bf4c-06f5698ffbd9}", "provider_name": "Microsoft-Windows-Sysmon", "record_id": 3704092, "task": "Process Create (rule: ProcessCreate)", "user": {"domain": "NT AUTHORITY", "identifier": "S-1-5-18", "name": "SYSTEM", "type": "User"}, "version": 5}}
{"@timestamp": "2025-01-09T16:46:54.605Z", "agent": {"ephemeral_id": "79158253-5264-43d2-be20-4e132dda22ad", "hostname": "CLIENT28", "id": "c35095e9-5f9f-4084-a651-3aaa2966847a", "name": "CLIENT28", "type": "winlogbeat", "version": "7.10.2"}, "ecs": {"version": "1.5.0"}, "event": {"action": "Process Create (rule: ProcessCreate)", "category": ["process"], "code": 1, "created": "2025-01-09T16:49:35.792Z", "kind": "event", "module": "sysmon", "provider": "Microsoft-Windows-Sysmon", "type": ["start", "process_start"]}, "hash": {"imphash": "51bef41e5cd278a02c17451af095c288", "md5": "585d2527c7dcc8e2c69324212f9f2964", "sha1": "ace4770f386293b92d946f872d4bb280c9b587ef", "sha256": "44761759948fcf37ed691f462bbb54d3e3064f9b70d4e0e60b5338e87c785fbe"}, "host": {"name": "CLIENT28.breach.local"}, "log": {"level": "information"}, "process": {"args": ["C:\\Program Files (x86)\\Mozilla Firefox\\firefox.exe", "--marionette", "--remote-debugging-port", "53273", "--remote-allow-hosts", "localhost", "-no-remote", "-profile", "C:\\Users\\client28\\AppData\\Local\\Temp\\rust_mozprofilery590z"], "command_line": "\"C:\\Program Files (x86)\\Mozilla Firefox\\firefox.exe\" --marionette --remote-debugging-port 53273 --remote-allow-hosts localhost -no-remote -profile C:\\Users\\client28\\AppData\\Local\\Temp\\rust_mozprofilery590z", "entity_id": "{416dd0c5-fd7e-677f-0f05-000000001400}", "executable": "C:\\Program Files (x86)\\Mozilla Firefox\\firefox.exe", "hash": {"md5": "585d2527c7dcc8e2c69324212f9f2964", "sha1": "ace4770f386293b92d946f872d4bb280c9b587ef", "sha256": "44761759948fcf37ed691f462bbb54d3e3064f9b70d4e0e60b5338e87c785fbe"}, "name": "firefox.exe", "parent": {"args": ["C:\\Program Files (x86)\\Mozilla Firefox\\firefox.exe", "--marionette", "--remote-debugging-port", "53273", "--remote-allow-hosts", "localhost", "-no-remote", "-profile", "C:\\Users\\client28\\AppData\\Local\\Temp\\rust_mozprofilery590z"], "command_line": "\"C:\\Program Files (x86)\\Mozilla Firefox\\firefox.exe\" --marionette --remote-debugging-port 53273 --remote-allow-hosts localhost -no-remote -profile C:\\Users\\client28\\AppData\\Local\\Temp\\rust_mozprofilery590z", "entity_id": "{416dd0c5-fd7d-677f-0e05-000000001400}", "executable": "C:\\Program Files (x86)\\Mozilla Firefox\\firefox.exe", "name": "firefox.exe", "pid": 10508}, "pe": {"imphash": "51bef41e5cd278a02c17451af095c288"}, "pid": 10848, "working_directory": "C:\\BREACH\\"}, "related": {"hash": ["ace4770f386293b92d946f872d4bb280c9b587ef", "585d2527c7dcc8e2c69324212f9f2964", "44761759948fcf37ed691f462bbb54d3e3064f9b70d4e0e60b5338e87c785fbe", "51bef41e5cd278a02c17451af095c288"], "user": "client28"}, "user": {"domain": "BREACH", "name": "client28"}, "winlog": {"api": "wineventlog", "channel": "Microsoft-Windows-Sysmon/Operational", "computer_name": "CLIENT28.breach.local", "event_data": {"Company": "Mozilla Corporation", "Description": "Firefox", "FileVersion": "134.0", "IntegrityLevel": "Medium", "LogonGuid": "{416dd0c5-83b2-677f-4a28-040000000000}", "LogonId": "0x4284a", "OriginalFileName": "firefox.exe", "ParentUser": "BREACH\\client28", "Product": "Firefox", "RuleName": "-", "TerminalSessionId": "1"}, "event_id": 1, "opcode": "Info", "process": {"pid": 2892, "thread": {"id": 3552}}, "provider_guid": "{5770385f-c22a-43e0-bf4c-06f5698ffbd9}", "provider_name": "Microsoft-Windows-Sysmon", "record_id": 3704117, "task": "Process Create (rule: ProcessCreate)", "user": {"domain": "NT AUTHORITY", "identifier": "S-1-5-18", "name": "SYSTEM", "type": "User"}, "version": 5}}
{"@timestamp": "2025-01-09T16:47:02.358Z", "agent": {"ephemeral_id": "79158253-5264-43d2-be20-4e132dda22ad", "hostname": "CLIENT28", "id": "c35095e9-5f9f-4084-a651-3aaa2966847a", "name": "CLIENT28", "type": "winlogbeat", "version": "7.10.2"}, "ecs": {"version": "1.5.0"}, "event": {"action": "Process Create (rule: ProcessCreate)", "category": ["process"], "code": 1, "created": "2025-01-09T16:50:11.749Z", "kind": "event", "module": "sysmon", "provider": "Microsoft-Windows-Sysmon", "type": ["start", "process_start"]}, "hash": {"imphash": "51bef41e5cd278a02c17451af095c288", "md5": "585d2527c7dcc8e2c69324212f9f2964", "sha1": "ace4770f386293b92d946f872d4bb280c9b587ef", "sha256": "44761759948fcf37ed691f462bbb54d3e3064f9b70d4e0e60b5338e87c785fbe"}, "host": {"name": "CLIENT28.breach.local"}, "log": {"level": "information"}, "process": {"args": ["C:\\Program Files (x86)\\Mozilla Firefox\\firefox.exe", "-contentproc", "-parentBuildID", "20241230151726", "-prefsHandle", "1956", "-prefsLen", "24873", "-prefMapHandle", "1964", "-prefMapSize", "267494", "-ipcHandle", "2060", "-initialChannelId", "{02b4f651-87aa-4f9b-8fc5-351fc7ed21d6}", "-parentPid", "10848", "-crashReporter", "\\\\.\\pipe\\gecko-crash-server-pipe.10848", "-appDir", "C:\\Program Files (x86)\\Mozilla Firefox\\browser", "-", "1", "gpu"], "command_line": "\"C:\\Program Files (x86)\\Mozilla Firefox\\firefox.exe\" -contentproc -parentBuildID 20241230151726 -prefsHandle 1956 -prefsLen 24873 -prefMapHandle 1964 -prefMapSize 267494 -ipcHandle 2060 -initialChannelId {02b4f651-87aa-4f9b-8fc5-351fc7ed21d6} -parentPid 10848 -crashReporter \"\\\\.\\pipe\\gecko-crash-server-pipe.10848\" -appDir \"C:\\Program Files (x86)\\Mozilla Firefox\\browser\" - 1 gpu", "entity_id": "{416dd0c5-fd86-677f-1005-000000001400}", "executable": "C:\\Program Files (x86)\\Mozilla Firefox\\firefox.exe", "hash": {"md5": "585d2527c7dcc8e2c69324212f9f2964", "sha1": "ace4770f386293b92d946f872d4bb280c9b587ef", "sha256": "44761759948fcf37ed691f462bbb54d3e3064f9b70d4e0e60b5338e87c785fbe"}, "name": "firefox.exe", "parent": {"args": ["C:\\Program Files (x86)\\Mozilla Firefox\\firefox.exe", "--marionette", "--remote-debugging-port", "53273", "--remote-allow-hosts", "localhost", "-no-remote", "-profile", "C:\\Users\\client28\\AppData\\Local\\Temp\\rust_mozprofilery590z"], "command_line": "\"C:\\Program Files (x86)\\Mozilla Firefox\\firefox.exe\" --marionette --remote-debugging-port 53273 --remote-allow-hosts localhost -no-remote -profile C:\\Users\\client28\\AppData\\Local\\Temp\\rust_mozprofilery590z", "entity_id": "{416dd0c5-fd7e-677f-0f05-000000001400}", "executable": "C:\\Program Files (x86)\\Mozilla Firefox\\firefox.exe", "name": "firefox.exe", "pid": 10848}, "pe": {"imphash": "51bef41e5cd278a02c17451af095c288"}, "pid": 8832, "working_directory": "C:\\BREACH\\"}, "related": {"hash": ["ace4770f386293b92d946f872d4bb280c9b587ef", "585d2527c7dcc8e2c69324212f9f2964", "44761759948fcf37ed691f462bbb54d3e3064f9b70d4e0e60b5338e87c785fbe", "51bef41e5cd278a02c17451af095c288"], "user": "client28"}, "user": {"domain": "BREACH", "name": "client28"}, "winlog": {"api": "wineventlog", "channel": "Microsoft-Windows-Sysmon/Operational", "computer_name": "CLIENT28.breach.local", "event_data": {"Company": "Mozilla Corporation", "Description": "Firefox", "FileVersion": "134.0", "IntegrityLevel": "Low", "LogonGuid": "{416dd0c5-83b2-677f-4a28-040000000000}", "LogonId": "0x4284a", "OriginalFileName": "firefox.exe", "ParentUser": "BREACH\\client28", "Product": "Firefox", "RuleName": "-", "TerminalSessionId": "1"}, "event_id": 1, "opcode": "Info", "process": {"pid": 2892, "thread": {"id": 3552}}, "provider_guid": "{5770385f-c22a-43e0-bf4c-06f5698ffbd9}", "provider_name": "Microsoft-Windows-Sysmon", "record_id": 3704275, "task": "Process Create (rule: ProcessCreate)", "user": {"domain": "NT AUTHORITY", "identifier": "S-1-5-18", "name": "SYSTEM", "type": "User"}, "version": 5}}
{"@timestamp": "2025-01-09T16:47:04.070Z", "agent": {"ephemeral_id": "79158253-5264-43d2-be20-4e132dda22ad", "hostname": "CLIENT28", "id": "c35095e9-5f9f-4084-a651-3aaa2966847a", "name": "CLIENT28", "type": "winlogbeat", "version": "7.10.2"}, "ecs": {"version": "1.5.0"}, "event": {"action": "Process Create (rule: ProcessCreate)", "category": ["process"], "code": 1, "created": "2025-01-09T16:51:16.223Z", "kind": "event", "module": "sysmon", "provider": "Microsoft-Windows-Sysmon", "type": ["start", "process_start"]}, "hash": {"imphash": "51bef41e5cd278a02c17451af095c288", "md5": "585d2527c7dcc8e2c69324212f9f2964", "sha1": "ace4770f386293b92d946f872d4bb280c9b587ef", "sha256": "44761759948fcf37ed691f462bbb54d3e3064f9b70d4e0e60b5338e87c785fbe"}, "host": {"name": "CLIENT28.breach.local"}, "log": {"level": "information"}, "process": {"args": ["C:\\Program Files (x86)\\Mozilla Firefox\\firefox.exe", "-contentproc", "-parentBuildID", "20241230151726", "-prefsHandle", "2548", "-prefsLen", "29459", "-prefMapHandle", "2552", "-prefMapSize", "267494", "-ipcHandle", "2560", "-initialChannelId", "{214ef44b-cb98-4247-8799-c472fe5e4bd5}", "-parentPid", "10848", "-crashReporter", "\\\\.\\pipe\\gecko-crash-server-pipe.10848", "-win32kLockedDown", "-appDir", "C:\\Program Files (x86)\\Mozilla Firefox\\browser", "-", "2", "socket"], "command_line": "\"C:\\Program Files (x86)\\Mozilla Firefox\\firefox.exe\" -contentproc -parentBuildID 20241230151726 -prefsHandle 2548 -prefsLen 29459 -prefMapHandle 2552 -prefMapSize 267494 -ipcHandle 2560 -initialChannelId {214ef44b-cb98-4247-8799-c472fe5e4bd5} -parentPid 10848 -crashReporter \"\\\\.\\pipe\\gecko-crash-server-pipe.10848\" -win32kLockedDown -appDir \"C:\\Program Files (x86)\\Mozilla Firefox\\browser\" - 2 socket", "entity_id": "{416dd0c5-fd88-677f-1105-000000001400}", "executable": "C:\\Program Files (x86)\\Mozilla Firefox\\firefox.exe", "hash": {"md5": "585d2527c7dcc8e2c69324212f9f2964", "sha1": "ace4770f386293b92d946f872d4bb280c9b587ef", "sha256": "44761759948fcf37ed691f462bbb54d3e3064f9b70d4e0e60b5338e87c785fbe"}, "name": "firefox.exe", "parent": {"args": ["C:\\Program Files (x86)\\Mozilla Firefox\\firefox.exe", "--marionette", "--remote-debugging-port", "53273", "--remote-allow-hosts", "localhost", "-no-remote", "-profile", "C:\\Users\\client28\\AppData\\Local\\Temp\\rust_mozprofilery590z"], "command_line": "\"C:\\Program Files (x86)\\Mozilla Firefox\\firefox.exe\" --marionette --remote-debugging-port 53273 --remote-allow-hosts localhost -no-remote -profile C:\\Users\\client28\\AppData\\Local\\Temp\\rust_mozprofilery590z", "entity_id": "{416dd0c5-fd7e-677f-0f05-000000001400}", "executable": "C:\\Program Files (x86)\\Mozilla Firefox\\firefox.exe", "name": "firefox.exe", "pid": 10848}, "pe": {"imphash": "51bef41e5cd278a02c17451af095c288"}, "pid": 11176, "working_directory": "C:\\BREACH\\"}, "related": {"hash": ["ace4770f386293b92d946f872d4bb280c9b587ef", "585d2527c7dcc8e2c69324212f9f2964", "44761759948fcf37ed691f462bbb54d3e3064f9b70d4e0e60b5338e87c785fbe", "51bef41e5cd278a02c17451af095c288"], "user": "client28"}, "user": {"domain": "BREACH", "name": "client28"}, "winlog": {"api": "wineventlog", "channel": "Microsoft-Windows-Sysmon/Operational", "computer_name": "CLIENT28.breach.local", "event_data": {"Company": "Mozilla Corporation", "Description": "Firefox", "FileVersion": "134.0", "IntegrityLevel": "Low", "LogonGuid": "{416dd0c5-83b2-677f-4a28-040000000000}", "LogonId": "0x4284a", "OriginalFileName": "firefox.exe", "ParentUser": "BREACH\\client28", "Product": "Firefox", "RuleName": "-", "TerminalSessionId": "1"}, "event_id": 1, "opcode": "Info", "process": {"pid": 2892, "thread": {"id": 3552}}, "provider_guid": "{5770385f-c22a-43e0-bf4c-06f5698ffbd9}", "provider_name": "Microsoft-Windows-Sysmon", "record_id": 3704388, "task": "Process Create (rule: ProcessCreate)", "user": {"domain": "NT AUTHORITY", "identifier": "S-1-5-18", "name": "SYSTEM", "type": "User"}, "version": 5}}
{"@timestamp": "2025-01-09T16:47:05.925Z", "agent": {"ephemeral_id": "79158253-5264-43d2-be20-4e132dda22ad", "hostname": "CLIENT28", "id": "c35095e9-5f9f-4084-a651-3aaa2966847a", "name": "CLIENT28", "type": "winlogbeat", "version": "7.10.2"}, "ecs": {"version": "1.5.0"}, "event": {"action": "Process Create (rule: ProcessCreate)", "category": ["process"], "code": 1, "created": "2025-01-09T16:51:54.104Z", "kind": "event", "module": "sysmon", "provider": "Microsoft-Windows-Sysmon", "type": ["start", "process_start"]}, "hash": {"imphash": "51bef41e5cd278a02c17451af095c288", "md5": "585d2527c7dcc8e2c69324212f9f2964", "sha1": "ace4770f386293b92d946f872d4bb280c9b587ef", "sha256": "44761759948fcf37ed691f462bbb54d3e3064f9b70d4e0e60b5338e87c785fbe"}, "host": {"name": "CLIENT28.breach.local"}, "log": {"level": "information"}, "process": {"args": ["C:\\Program Files (x86)\\Mozilla Firefox\\firefox.exe", "-contentproc", "-isForBrowser", "-prefsHandle", "2868", "-prefsLen", "30030", "-prefMapHandle", "2872", "-prefMapSize", "267494", "-jsInitHandle", "2876", "-jsInitLen", "254356", "-parentBuildID", "20241230151726", "-ipcHandle", "2884", "-initialChannelId", "{3d79976d-2d7d-4ce6-b179-208ba766def3}", "-parentPid", "10848", "-crashReporter", "\\\\.\\pipe\\gecko-crash-server-pipe.10848", "-win32kLockedDown", "-appDir", "C:\\Program Files (x86)\\Mozilla Firefox\\browser", "-", "3", "tab"], "command_line": "\"C:\\Program Files (x86)\\Mozilla Firefox\\firefox.exe\" -contentproc -isForBrowser -prefsHandle 2868 -prefsLen 30030 -prefMapHandle 2872 -prefMapSize 267494 -jsInitHandle 2876 -jsInitLen 254356 -parentBuildID 20241230151726 -ipcHandle 2884 -initialChannelId {3d79976d-2d7d-4ce6-b179-208ba766def3} -parentPid 10848 -crashReporter \"\\\\.\\pipe\\gecko-crash-server-pipe.10848\" -win32kLockedDown -appDir \"C:\\Program Files (x86)\\Mozilla Firefox\\browser\" - 3 tab", "entity_id": "{416dd0c5-fd89-677f-1205-000000001400}", "executable": "C:\\Program Files (x86)\\Mozilla Firefox\\firefox.exe", "hash": {"md5": "585d2527c7dcc8e2c69324212f9f2964", "sha1": "ace4770f386293b92d946f872d4bb280c9b587ef", "sha256": "44761759948fcf37ed691f462bbb54d3e3064f9b70d4e0e60b5338e87c785fbe"}, "name": "firefox.exe", "parent": {"args": ["C:\\Program Files (x86)\\Mozilla Firefox\\firefox.exe", "--marionette", "--remote-debugging-port", "53273", "--remote-allow-hosts", "localhost", "-no-remote", "-profile", "C:\\Users\\client28\\AppData\\Local\\Temp\\rust_mozprofilery590z"], "command_line": "\"C:\\Program Files (x86)\\Mozilla Firefox\\firefox.exe\" --marionette --remote-debugging-port 53273 --remote-allow-hosts localhost -no-remote -profile C:\\Users\\client28\\AppData\\Local\\Temp\\rust_mozprofilery590z", "entity_id": "{416dd0c5-fd7e-677f-0f05-000000001400}", "executable": "C:\\Program Files (x86)\\Mozilla Firefox\\firefox.exe", "name": "firefox.exe", "pid": 10848}, "pe": {"imphash": "51bef41e5cd278a02c17451af095c288"}, "pid": 2620, "working_directory": "C:\\BREACH\\"}, "related": {"hash": ["ace4770f386293b92d946f872d4bb280c9b587ef", "585d2527c7dcc8e2c69324212f9f2964", "44761759948fcf37ed691f462bbb54d3e3064f9b70d4e0e60b5338e87c785fbe", "51bef41e5cd278a02c17451af095c288"], "user": "client28"}, "user": {"domain": "BREACH", "name": "client28"}, "winlog": {"api": "wineventlog", "channel": "Microsoft-Windows-Sysmon/Operational", "computer_name": "CLIENT28.breach.local", "event_data": {"Company": "Mozilla Corporation", "Description": "Firefox", "FileVersion": "134.0", "IntegrityLevel": "Low", "LogonGuid": "{416dd0c5-83b2-677f-4a28-040000000000}", "LogonId": "0x4284a", "OriginalFileName": "firefox.exe", "ParentUser": "BREACH\\client28", "Product": "Firefox", "RuleName": "-", "TerminalSessionId": "1"}, "event_id": 1, "opcode": "Info", "process": {"pid": 2892, "thread": {"id": 3552}}, "provider_guid": "{5770385f-c22a-43e0-bf4c-06f5698ffbd9}", "provider_name": "Microsoft-Windows-Sysmon", "record_id": 3704575, "task": "Process Create (rule: ProcessCreate)", "user": {"domain": "NT AUTHORITY", "identifier": "S-1-5-18", "name": "SYSTEM", "type": "User"}, "version": 5}}
{"@timestamp": "2025-01-09T16:47:05.944Z", "agent": {"ephemeral_id": "79158253-5264-43d2-be20-4e132dda22ad", "hostname": "CLIENT28", "id": "c35095e9-5f9f-4084-a651-3aaa2966847a", "name": "CLIENT28", "type": "winlogbeat", "version": "7.10.2"}, "ecs": {"version": "1.5.0"}, "event": {"action": "Process Create (rule: ProcessCreate)", "category": ["process"], "code": 1, "created": "2025-01-09T16:52:28.453Z", "kind": "event", "module": "sysmon", "provider": "Microsoft-Windows-Sysmon", "type": ["start", "process_start"]}, "hash": {"imphash": "51bef41e5cd278a02c17451af095c288", "md5": "585d2527c7dcc8e2c69324212f9f2964", "sha1": "ace4770f386293b92d946f872d4bb280c9b587ef", "sha256": "44761759948fcf37ed691f462bbb54d3e3064f9b70d4e0e60b5338e87c785fbe"}, "host": {"name": "CLIENT28.breach.local"}, "log": {"level": "information"}, "process": {"args": ["C:\\Program Files (x86)\\Mozilla Firefox\\firefox.exe", "-contentproc", "-parentBuildID", "20241230151726", "-prefsHandle", "3020", "-prefsLen", "30075", "-prefMapHandle", "3024", "-prefMapSize", "267494", "-ipcHandle", "3044", "-initialChannelId", "{34d81318-78af-423d-bf37-05dde369487d}", "-parentPid", "10848", "-crashReporter", "\\\\.\\pipe\\gecko-crash-server-pipe.10848", "-appDir", "C:\\Program Files (x86)\\Mozilla Firefox\\browser", "-", "4", "rdd"], "command_line": "\"C:\\Program Files (x86)\\Mozilla Firefox\\firefox.exe\" -contentproc -parentBuildID 20241230151726 -prefsHandle 3020 -prefsLen 30075 -prefMapHandle 3024 -prefMapSize 267494 -ipcHandle 3044 -initialChannelId {34d81318-78af-423d-bf37-05dde369487d} -parentPid 10848 -crashReporter \"\\\\.\\pipe\\gecko-crash-server-pipe.10848\" -appDir \"C:\\Program Files (x86)\\Mozilla Firefox\\browser\" - 4 rdd", "entity_id": "{416dd0c5-fd89-677f-1305-000000001400}", "executable": "C:\\Program Files (x86)\\Mozilla Firefox\\firefox.exe", "hash": {"md5": "585d2527c7dcc8e2c69324212f9f2964", "sha1": "ace4770f386293b92d946f872d4bb280c9b587ef", "sha256": "44761759948fcf37ed691f462bbb54d3e3064f9b70d4e0e60b5338e87c785fbe"}, "name": "firefox.exe", "parent": {"args": ["C:\\Program Files (x86)\\Mozilla Firefox\\firefox.exe", "--marionette", "--remote-debugging-port", "53273", "--remote-allow-hosts", "localhost", "-no-remote", "-profile", "C:\\Users\\client28\\AppData\\Local\\Temp\\rust_mozprofilery590z"], "command_line": "\"C:\\Program Files (x86)\\Mozilla Firefox\\firefox.exe\" --marionette --remote-debugging-port 53273 --remote-allow-hosts localhost -no-remote -profile C:\\Users\\client28\\AppData\\Local\\Temp\\rust_mozprofilery590z", "entity_id": "{416dd0c5-fd7e-677f-0f05-000000001400}", "executable": "C:\\Program Files (x86)\\Mozilla Firefox\\firefox.exe", "name": "firefox.exe", "pid": 10848}, "pe": {"imphash": "51bef41e5cd278a02c17451af095c288"}, "pid": 10284, "working_directory": "C:\\BREACH\\"}, "related": {"hash": ["ace4770f386293b92d946f872d4bb280c9b587ef", "585d2527c7dcc8e2c69324212f9f2964", "44761759948fcf37ed691f462bbb54d3e3064f9b70d4e0e60b5338e87c785fbe", "51bef41e5cd278a02c17451af095c288"], "user": "client28"}, "user": {"domain": "BREACH", "name": "client28"}, "winlog": {"api": "wineventlog", "channel": "Microsoft-Windows-Sysmon/Operational", "computer_name": "CLIENT28.breach.local", "event_data": {"Company": "Mozilla Corporation", "Description": "Firefox", "FileVersion": "134.0", "IntegrityLevel": "Low", "LogonGuid": "{416dd0c5-83b2-677f-4a28-040000000000}", "LogonId": "0x4284a", "OriginalFileName": "firefox.exe", "ParentUser": "BREACH\\client28", "Product": "Firefox", "RuleName": "-", "TerminalSessionId": "1"}, "event_id": 1, "opcode": "Info", "process": {"pid": 2892, "thread": {"id": 3552}}, "provider_guid": "{5770385f-c22a-43e0-bf4c-06f5698ffbd9}", "provider_name": "Microsoft-Windows-Sysmon", "record_id": 3704583, "task": "Process Create (rule: ProcessCreate)", "user": {"domain": "NT AUTHORITY", "identifier": "S-1-5-18", "name": "SYSTEM", "type": "User"}, "version": 5}}
{"@timestamp": "2025-01-09T16:47:06.715Z", "agent": {"ephemeral_id": "79158253-5264-43d2-be20-4e132dda22ad", "hostname": "CLIENT28", "id": "c35095e9-5f9f-4084-a651-3aaa2966847a", "name": "CLIENT28", "type": "winlogbeat", "version": "7.10.2"}, "ecs": {"version": "1.5.0"}, "event": {"action": "Process Create (rule: ProcessCreate)", "category": ["process"], "code": 1, "created": "2025-01-09T16:53:06.619Z", "kind": "event", "module": "sysmon", "provider": "Microsoft-Windows-Sysmon", "type": ["start", "process_start"]}, "hash": {"imphash": "51bef41e5cd278a02c17451af095c288", "md5": "585d2527c7dcc8e2c69324212f9f2964", "sha1": "ace4770f386293b92d946f872d4bb280c9b587ef", "sha256": "44761759948fcf37ed691f462bbb54d3e3064f9b70d4e0e60b5338e87c785fbe"}, "host": {"name": "CLIENT28.breach.local"}, "log": {"level": "information"}, "process": {"args": ["C:\\Program Files (x86)\\Mozilla Firefox\\firefox.exe", "-contentproc", "-isForBrowser", "-prefsHandle", "3824", "-prefsLen", "29360", "-prefMapHandle", "3828", "-prefMapSize", "267494", "-jsInitHandle", "3832", "-jsInitLen", "254356", "-parentBuildID", "20241230151726", "-ipcHandle", "3840", "-initialChannelId", "{6ae6892a-92bc-42cd-a61e-e107c4381700}", "-parentPid", "10848", "-crashReporter", "\\\\.\\pipe\\gecko-crash-server-pipe.10848", "-win32kLockedDown", "-appDir", "C:\\Program Files (x86)\\Mozilla Firefox\\browser", "-", "5", "tab"], "command_line": "\"C:\\Program Files (x86)\\Mozilla Firefox\\firefox.exe\" -contentproc -isForBrowser -prefsHandle 3824 -prefsLen 29360 -prefMapHandle 3828 -prefMapSize 267494 -jsInitHandle 3832 -jsInitLen 254356 -parentBuildID 20241230151726 -ipcHandle 3840 -initialChannelId {6ae6892a-92bc-42cd-a61e-e107c4381700} -parentPid 10848 -crashReporter \"\\\\.\\pipe\\gecko-crash-server-pipe.10848\" -win32kLockedDown -appDir \"C:\\Program Files (x86)\\Mozilla Firefox\\browser\" - 5 tab", "entity_id": "{416dd0c5-fd8a-677f-1405-000000001400}", "executable": "C:\\Program Files (x86)\\Mozilla Firefox\\firefox.exe", "hash": {"md5": "585d2527c7dcc8e2c69324212f9f2964", "sha1": "ace4770f386293b92d946f872d4bb280c9b587ef", "sha256": "44761759948fcf37ed691f462bbb54d3e3064f9b70d4e0e60b5338e87c785fbe"}, "name": "firefox.exe", "parent": {"args": ["C:\\Program Files (x86)\\Mozilla Firefox\\firefox.exe", "--marionette", "--remote-debugging-port", "53273", "--remote-allow-hosts", "localhost", "-no-remote", "-profile", "C:\\Users\\client28\\AppData\\Local\\Temp\\rust_mozprofilery590z"], "command_line": "\"C:\\Program Files (x86)\\Mozilla Firefox\\firefox.exe\" --marionette --remote-debugging-port 53273 --remote-allow-hosts localhost -no-remote -profile C:\\Users\\client28\\AppData\\Local\\Temp\\rust_mozprofilery590z", "entity_id": "{416dd0c5-fd7e-677f-0f05-000000001400}", "executable": "C:\\Program Files (x86)\\Mozilla Firefox\\firefox.exe", "name": "firefox.exe", "pid": 10848}, "pe": {"imphash": "51bef41e5cd278a02c17451af095c288"}, "pid": 1304, "working_directory": "C:\\BREACH\\"}, "related": {"hash": ["ace4770f386293b92d946f872d4bb280c9b587ef", "585d2527c7dcc8e2c69324212f9f2964", "44761759948fcf37ed691f462bbb54d3e3064f9b70d4e0e60b5338e87c785fbe", "51bef41e5cd278a02c17451af095c288"], "user": "client28"}, "user": {"domain": "BREACH", "name": "client28"}, "winlog": {"api": "wineventlog", "channel": "Microsoft-Windows-Sysmon/Operational", "computer_name": "CLIENT28.breach.local", "event_data": {"Company": "Mozilla Corporation", "Description": "Firefox", "FileVersion": "134.0", "IntegrityLevel": "Low", "LogonGuid": "{416dd0c5-83b2-677f-4a28-040000000000}", "LogonId": "0x4284a", "OriginalFileName": "firefox.exe", "ParentUser": "BREACH\\client28", "Product": "Firefox", "RuleName": "-", "TerminalSessionId": "1"}, "event_id": 1, "opcode": "Info", "process": {"pid": 2892, "thread": {"id": 3552}}, "provider_guid": "{5770385f-c22a-43e0-bf4c-06f5698ffbd9}", "provider_name": "Microsoft-Windows-Sysmon", "record_id": 3704715, "task": "Process Create (rule: ProcessCreate)", "user": {"domain": "NT AUTHORITY", "identifier": "S-1-5-18", "name": "SYSTEM", "type": "User"}, "version": 5}}
{"@timestamp": "2025-01-09T16:47:09.456Z", "agent": {"ephemeral_id": "79158253-5264-43d2-be20-4e132dda22ad", "hostname": "CLIENT28", "id": "c35095e9-5f9f-4084-a651-3aaa2966847a", "name": "CLIENT28", "type": "winlogbeat", "version": "7.10.2"}, "ecs": {"version": "1.5.0"}, "event": {"action": "Process Create (rule: ProcessCreate)", "category": ["process"], "code": 1, "created": "2025-01-09T16:53:27.947Z", "kind": "event", "module": "sysmon", "provider": "Microsoft-Windows-Sysmon", "type": ["start", "process_start"]}, "hash": {"imphash": "51bef41e5cd278a02c17451af095c288", "md5": "585d2527c7dcc8e2c69324212f9f2964", "sha1": "ace4770f386293b92d946f872d4bb280c9b587ef", "sha256": "44761759948fcf37ed691f462bbb54d3e3064f9b70d4e0e60b5338e87c785fbe"}, "host": {"name": "CLIENT28.breach.local"}, "log": {"level": "information"}, "process": {"args": ["C:\\Program Files (x86)\\Mozilla Firefox\\firefox.exe", "-contentproc", "-isForBrowser", "-prefsHandle", "3372", "-prefsLen", "37244", "-prefMapHandle", "4388", "-prefMapSize", "267494", "-jsInitHandle", "4432", "-jsInitLen", "254356", "-parentBuildID", "20241230151726", "-ipcHandle", "1512", "-initialChannelId", "{269cf7b3-0f38-4abe-bd53-a238039cd967}", "-parentPid", "10848", "-crashReporter", "\\\\.\\pipe\\gecko-crash-server-pipe.10848", "-win32kLockedDown", "-appDir", "C:\\Program Files (x86)\\Mozilla Firefox\\browser", "-", "6", "tab"], "command_line": "\"C:\\Program Files (x86)\\Mozilla Firefox\\firefox.exe\" -contentproc -isForBrowser -prefsHandle 3372 -prefsLen 37244 -prefMapHandle 4388 -prefMapSize 267494 -jsInitHandle 4432 -jsInitLen 254356 -parentBuildID 20241230151726 -ipcHandle 1512 -initialChannelId {269cf7b3-0f38-4abe-bd53-a238039cd967} -parentPid 10848 -crashReporter \"\\\\.\\pipe\\gecko-crash-server-pipe.10848\" -win32kLockedDown -appDir \"C:\\Program Files (x86)\\Mozilla Firefox\\browser\" - 6 tab", "entity_id": "{416dd0c5-fd8d-677f-1505-000000001400}", "executable": "C:\\Program Files (x86)\\Mozilla Firefox\\firefox.exe", "hash": {"md5": "585d2527c7dcc8e2c69324212f9f2964", "sha1": "ace4770f386293b92d946f872d4bb280c9b587ef", "sha256": "44761759948fcf37ed691f462bbb54d3e3064f9b70d4e0e60b5338e87c785fbe"}, "name": "firefox.exe", "parent": {"args": ["C:\\Program Files (x86)\\Mozilla Firefox\\firefox.exe", "--marionette", "--remote-debugging-port", "53273", "--remote-allow-hosts", "localhost", "-no-remote", "-profile", "C:\\Users\\client28\\AppData\\Local\\Temp\\rust_mozprofilery590z"], "command_line": "\"C:\\Program Files (x86)\\Mozilla Firefox\\firefox.exe\" --marionette --remote-debugging-port 53273 --remote-allow-hosts localhost -no-remote -profile C:\\Users\\client28\\AppData\\Local\\Temp\\rust_mozprofilery590z", "entity_id": "{416dd0c5-fd7e-677f-0f05-000000001400}", "executable": "C:\\Program Files (x86)\\Mozilla Firefox\\firefox.exe", "name": "firefox.exe", "pid": 10848}, "pe": {"imphash": "51bef41e5cd278a02c17451af095c288"}, "pid": 9624, "working_directory": "C:\\BREACH\\"}, "related": {"hash": ["ace4770f386293b92d946f872d4bb280c9b587ef", "585d2527c7dcc8e2c69324212f9f2964", "44761759948fcf37ed691f462bbb54d3e3064f9b70d4e0e60b5338e87c785fbe", "51bef41e5cd278a02c17451af095c288"], "user": "client28"}, "user": {"domain": "BREACH", "name": "client28"}, "winlog": {"api": "wineventlog", "channel": "Microsoft-Windows-Sysmon/Operational", "computer_name": "CLIENT28.breach.local", "event_data": {"Company": "Mozilla Corporation", "Description": "Firefox", "FileVersion": "134.0", "IntegrityLevel": "Low", "LogonGuid": "{416dd0c5-83b2-677f-4a28-040000000000}", "LogonId": "0x4284a", "OriginalFileName": "firefox.exe", "ParentUser": "BREACH\\client28", "Product": "Firefox", "RuleName": "-", "TerminalSessionId": "1"}, "event_id": 1, "opcode": "Info", "process": {"pid": 2892, "thread": {"id": 3552}}, "provider_guid": "{5770385f-c22a-43e0-bf4c-06f5698ffbd9}", "provider_name": "Microsoft-Windows-Sysmon", "record_id": 3704870, "task": "Process Create (rule: ProcessCreate)", "user": {"domain": "NT AUTHORITY", "identifier": "S-1-5-18", "name": "SYSTEM", "type": "User"}, "version": 5}}
{"@timestamp": "2025-01-09T16:47:09.721Z", "agent": {"ephemeral_id": "79158253-5264-43d2-be20-4e132dda22ad", "hostname": "CLIENT28", "id": "c35095e9-5f9f-4084-a651-3aaa2966847a", "name": "CLIENT28", "type": "winlogbeat", "version": "7.10.2"}, "ecs": {"version": "1.5.0"}, "event": {"action": "Process Create (rule: ProcessCreate)", "category": ["process"], "code": 1, "created": "2025-01-09T16:53:48.820Z", "kind": "event", "module": "sysmon", "provider": "Microsoft-Windows-Sysmon", "type": ["start", "process_start"]}, "hash": {"imphash": "51bef41e5cd278a02c17451af095c288", "md5": "585d2527c7dcc8e2c69324212f9f2964", "sha1": "ace4770f386293b92d946f872d4bb280c9b587ef", "sha256": "44761759948fcf37ed691f462bbb54d3e3064f9b70d4e0e60b5338e87c785fbe"}, "host": {"name": "CLIENT28.breach.local"}, "log": {"level": "information"}, "process": {"args": ["C:\\Program Files (x86)\\Mozilla Firefox\\firefox.exe", "-contentproc", "-parentBuildID", "20241230151726", "-sandboxingKind", "0", "-prefsHandle", "4868", "-prefsLen", "39707", "-prefMapHandle", "4872", "-prefMapSize", "267494", "-ipcHandle", "3356", "-initialChannelId", "{ebe1685b-5d6a-4199-9e6a-9f3f3278ead4}", "-parentPid", "10848", "-crashReporter", "\\\\.\\pipe\\gecko-crash-server-pipe.10848", "-win32kLockedDown", "-appDir", "C:\\Program Files (x86)\\Mozilla Firefox\\browser", "-", "7", "utility"], "command_line": "\"C:\\Program Files (x86)\\Mozilla Firefox\\firefox.exe\" -contentproc -parentBuildID 20241230151726 -sandboxingKind 0 -prefsHandle 4868 -prefsLen 39707 -prefMapHandle 4872 -prefMapSize 267494 -ipcHandle 3356 -initialChannelId {ebe1685b-5d6a-4199-9e6a-9f3f3278ead4} -parentPid 10848 -crashReporter \"\\\\.\\pipe\\gecko-crash-server-pipe.10848\" -win32kLockedDown -appDir \"C:\\Program Files (x86)\\Mozilla Firefox\\browser\" - 7 utility", "entity_id": "{416dd0c5-fd8d-677f-1605-000000001400}", "executable": "C:\\Program Files (x86)\\Mozilla Firefox\\firefox.exe", "hash": {"md5": "585d2527c7dcc8e2c69324212f9f2964", "sha1": "ace4770f386293b92d946f872d4bb280c9b587ef", "sha256": "44761759948fcf37ed691f462bbb54d3e3064f9b70d4e0e60b5338e87c785fbe"}, "name": "firefox.exe", "parent": {"args": ["C:\\Program Files (x86)\\Mozilla Firefox\\firefox.exe", "--marionette", "--remote-debugging-port", "53273", "--remote-allow-hosts", "localhost", "-no-remote", "-profile", "C:\\Users\\client28\\AppData\\Local\\Temp\\rust_mozprofilery590z"], "command_line": "\"C:\\Program Files (x86)\\Mozilla Firefox\\firefox.exe\" --marionette --remote-debugging-port 53273 --remote-allow-hosts localhost -no-remote -profile C:\\Users\\client28\\AppData\\Local\\Temp\\rust_mozprofilery590z", "entity_id": "{416dd0c5-fd7e-677f-0f05-000000001400}", "executable": "C:\\Program Files (x86)\\Mozilla Firefox\\firefox.exe", "name": "firefox.exe", "pid": 10848}, "pe": {"imphash": "51bef41e5cd278a02c17451af095c288"}, "pid": 9500, "working_directory": "C:\\BREACH\\"}, "related": {"hash": ["ace4770f386293b92d946f872d4bb280c9b587ef", "585d2527c7dcc8e2c69324212f9f2964", "44761759948fcf37ed691f462bbb54d3e3064f9b70d4e0e60b5338e87c785fbe", "51bef41e5cd278a02c17451af095c288"], "user": "client28"}, "user": {"domain": "BREACH", "name": "client28"}, "winlog": {"api": "wineventlog", "channel": "Microsoft-Windows-Sysmon/Operational", "computer_name": "CLIENT28.breach.local", "event_data": {"Company": "Mozilla Corporation", "Description": "Firefox", "FileVersion": "134.0", "IntegrityLevel": "Low", "LogonGuid": "{416dd0c5-83b2-677f-4a28-040000000000}", "LogonId": "0x4284a", "OriginalFileName": "firefox.exe", "ParentUser": "BREACH\\client28", "Product": "Firefox", "RuleName": "-", "TerminalSessionId": "1"}, "event_id": 1, "opcode": "Info", "process": {"pid": 2892, "thread": {"id": 3552}}, "provider_guid": "{5770385f-c22a-43e0-bf4c-06f5698ffbd9}", "provider_name": "Microsoft-Windows-Sysmon", "record_id": 3704904, "task": "Process Create (rule: ProcessCreate)", "user": {"domain": "NT AUTHORITY", "identifier": "S-1-5-18", "name": "SYSTEM", "type": "User"}, "version": 5}}
