{"@timestamp": "2025-01-09T16:35:14.579Z", "agent": {"ephemeral_id": "79158253-5264-43d2-be20-4e132dda22ad", "hostname": "CLIENT28", "id": "c35095e9-5f9f-4084-a651-3aaa2966847a", "name": "CLIENT28", "type": "winlogbeat", "version": "7.10.2"}, "ecs": {"version": "1.5.0"}, "event": {"action": "Process Create (rule: ProcessCreate)", "category": ["process"], "code": 1, "created": "2025-01-09T16:39:43.993Z", "kind": "event", "module": "sysmon", "provider": "Microsoft-Windows-Sysmon", "type": ["start", "process_start"]}, "hash": {"imphash": "51bef41e5cd278a02c17451af095c288", "md5": "585d2527c7dcc8e2c69324212f9f2964", "sha1": "ace4770f386293b92d946f872d4bb280c9b587ef", "sha256": "44761759948fcf37ed691f462bbb54d3e3064f9b70d4e0e60b5338e87c785fbe"}, "host": {"name": "CLIENT28.breach.local"}, "log": {"level": "information"}, "process": {"args": ["C:\\Program Files (x86)\\Mozilla Firefox\\firefox.exe", "-contentproc", "-parentBuildID", "20241230151726", "-prefsHandle", "3196", "-prefsLen", "30075", "-prefMapHandle", "3200", "-prefMapSize", "267494", "-ipcHandle", "3236", "-initialChannelId", "{b70e1f09-8a89-4f0b-a976-2e0be54a684b}", "-parentPid", "5808", "-crashReporter", "\\\\.\\pipe\\gecko-crash-server-pipe.5808", "-appDir", "C:\\Program Files (x86)\\Mozilla Firefox\\browser", "-", "4", "rdd"], "command_line": "\"C:\\Program Files (x86)\\Mozilla Firefox\\firefox.exe\" -contentproc -parentBuildID 20241230151726 -prefsHandle 3196 -prefsLen 30075 -prefMapHandle 3200 -prefMapSize 267494 -ipcHandle 3236 -initialChannelId {b70e1f09-8a89-4f0b-a976-2e0be54a684b} -parentPid 5808 -crashReporter \"\\\\.\\pipe\\gecko-crash-server-pipe.5808\" -appDir \"C:\\Program Files (x86)\\Mozilla Firefox\\browser\" - 4 rdd", "entity_id": "{416dd0c5-fac2-677f-f004-000000001400}", "executable": "C:\\Program Files (x86)\\Mozilla Firefox\\firefox.exe", "hash": {"md5": "585d2527c7dcc8e2c69324212f9f2964", "sha1": "ace4770f386293b92d946f872d4bb280c9b587ef", "sha256": "44761759948fcf37ed691f462bbb54d3e3064f9b70d4e0e60b5338e87c785fbe"}, "name": "firefox.exe", "parent": {"args": ["C:\\Program Files (x86)\\Mozilla Firefox\\firefox.exe", "--marionette", "--remote-debugging-port", "52858", "--remote-allow-hosts", "localhost", "-no-remote", "-profile", "C:\\Users\\client28\\AppData\\Local\\Temp\\rust_mozprofileuIVaqM"], "command_line": "\"C:\\Program Files (x86)\\Mozilla Firefox\\firefox.exe\" --marionette --remote-debugging-port 52858 --remote-allow-hosts localhost -no-remote -profile C:\\Users\\client28\\AppData\\Local\\Temp\\rust_mozprofileuIVaqM", "entity_id": "{416dd0c5-fabb-677f-ec04-000000001400}", "executable": "C:\\Program Files (x86)\\Mozilla Firefox\\firefox.exe", "name": "firefox.exe", "pid": 5808}, "pe": {"imphash": "51bef41e5cd278a02c17451af095c288"}, "pid": 10572, "working_directory": "C:\\BREACH\\"}, "related": {"hash": ["ace4770f386293b92d946f872d4bb280c9b587ef", "585d2527c7dcc8e2c69324212f9f2964", "44761759948fcf37ed691f462bbb54d3e3064f9b70d4e0e60b5338e87c785fbe", "51bef41e5cd278a02c17451af095c288"], "user": "client28"}, "user": {"domain": "BREACH", "name": "client28"}, "winlog": {"api": "wineventlog", "channel": "Microsoft-Windows-Sysmon/Operational", "computer_name": "CLIENT28.breach.local", "event_data": {"Company": "Mozilla Corporation", "Description": "Firefox", "FileVersion": "134.0", "IntegrityLevel": "Low", "LogonGuid": "{416dd0c5-83b2-677f-4a28-040000000000}", "LogonId": "0x4284a", "OriginalFileName": "firefox.exe", "ParentUser": "BREACH\\client28", "Product": "Firefox", "RuleName": "-", "TerminalSessionId": "1"}, "event_id": 1, "opcode": "Info", "process": {"pid": 2892, "thread": {"id": 3552}}, "provider_guid": "{5770385f-c22a-43e0-bf4c-06f5698ffbd9}", "provider_name": "Microsoft-Windows-Sysmon", "record_id": 3694799, "task": "Process Create (rule: ProcessCreate)", "user": {"domain": "NT AUTHORITY", "identifier": "S-1-5-18", "name": "SYSTEM", "type": "User"}, "version": 5}}
{"@timestamp": "2025-01-09T16:35:15.134Z", "agent": {"ephemeral_id": "79158253-5264-43d2-be20-4e132dda22ad", "hostname": "CLIENT28", "id": "c35095e9-5f9f-4084-a651-3aaa2966847a", "name": "CLIENT28", "type": "winlogbeat", "version": "7.10.2"}, "ecs": {"version": "1.5.0"}, "event": {"action": "Process Create (rule: ProcessCreate)", "category": ["process"], "code": 1, "created": "2025-01-09T16:39:44.132Z", "kind": "event", "module": "sysmon", "provider": "Microsoft-Windows-Sysmon", "type": ["start", "process_start"]}, "hash": {"imphash": "51bef41e5cd278a02c17451af095c288", "md5": "585d2527c7dcc8e2c69324212f9f2964", "sha1": "ace4770f386293b92d946f872d4bb280c9b587ef", "sha256": "44761759948fcf37ed691f462bbb54d3e3064f9b70d4e0e60b5338e87c785fbe"}, "host": {"name": "CLIENT28.breach.local"}, "log": {"level": "information"}, "process": {"args": ["C:\\Program Files (x86)\\Mozilla Firefox\\firefox.exe", "-contentproc", "-isForBrowser", "-prefsHandle", "3888", "-prefsLen", "29360", "-prefMapHandle", "3892", "-prefMapSize", "267494", "-jsInitHandle", "3896", "-jsInitLen", "254356", "-parentBuildID", "20241230151726", "-ipcHandle", "3904", "-initialChannelId", "{4859018c-3a47-472b-aa13-56226d69fc1f}", "-parentPid", "5808", "-crashReporter", "\\\\.\\pipe\\gecko-crash-server-pipe.5808", "-win32kLockedDown", "-appDir", "C:\\Program Files (x86)\\Mozilla Firefox\\browser", "-", "5", "tab"], "command_line": "\"C:\\Program Files (x86)\\Mozilla Firefox\\firefox.exe\" -contentproc -isForBrowser -prefsHandle 3888 -prefsLen 29360 -prefMapHandle 3892 -prefMapSize 267494 -jsInitHandle 3896 -jsInitLen 254356 -parentBuildID 20241230151726 -ipcHandle 3904 -initialChannelId {4859018c-3a47-472b-aa13-56226d69fc1f} -parentPid 5808 -crashReporter \"\\\\.\\pipe\\gecko-crash-server-pipe.5808\" -win32kLockedDown -appDir \"C:\\Program Files (x86)\\Mozilla Firefox\\browser\" - 5 tab", "entity_id": "{416dd0c5-fac3-677f-f104-000000001400}", "executable": "C:\\Program Files (x86)\\Mozilla Firefox\\firefox.exe", "hash": {"md5": "585d2527c7dcc8e2c69324212f9f2964", "sha1": "ace4770f386293b92d946f872d4bb280c9b587ef", "sha256": "44761759948fcf37ed691f462bbb54d3e3064f9b70d4e0e60b5338e87c785fbe"}, "name": "firefox.exe", "parent": {"args": ["C:\\Program Files (x86)\\Mozilla Firefox\\firefox.exe", "--marionette", "--remote-debugging-port", "52858", "--remote-allow-hosts", "localhost", "-no-remote", "-profile", "C:\\Users\\client28\\AppData\\Local\\Temp\\rust_mozprofileuIVaqM"], "command_line": "\"C:\\Program Files (x86)\\Mozilla Firefox\\firefox.exe\" --marionette --remote-debugging-port 52858 --remote-allow-hosts localhost -no-remote -profile C:\\Users\\client28\\AppData\\Local\\Temp\\rust_mozprofileuIVaqM", "entity_id": "{416dd0c5-fabb-677f-ec04-000000001400}", "executable": "C:\\Program Files (x86)\\Mozilla Firefox\\firefox.exe", "name": "firefox.exe", "pid": 5808}, "pe": {"imphash": "51bef41e5cd278a02c17451af095c288"}, "pid": 1436, "working_directory": "C:\\BREACH\\"}, "related": {"hash": ["ace4770f386293b92d946f872d4bb280c9b587ef", "585d2527c7dcc8e2c69324212f9f2964", "44761759948fcf37ed691f462bbb54d3e3064f9b70d4e0e60b5338e87c785fbe", "51bef41e5cd278a02c17451af095c288"], "user": "client28"}, "user": {"domain": "BREACH", "name": "client28"}, "winlog": {"api": "wineventlog", "channel": "Microsoft-Windows-Sysmon/Operational", "computer_name": "CLIENT28.breach.local", "event_data": {"Company": "Mozilla Corporation", "Description": "Firefox", "FileVersion": "134.0", "IntegrityLevel": "Low", "LogonGuid": "{416dd0c5-83b2-677f-4a28-040000000000}", "LogonId": "0x4284a", "OriginalFileName": "firefox.exe", "ParentUser": "BREACH\\client28", "Product": "Firefox", "RuleName": "-", "TerminalSessionId": "1"}, "event_id": 1, "opcode": "Info", "process": {"pid": 2892, "thread": {"id": 3552}}, "provider_guid": "{5770385f-c22a-43e0-bf4c-06f5698ffbd9}", "provider_name": "Microsoft-Windows-Sysmon", "record_id": 3694899, "task": "Process Create (rule: ProcessCreate)", "user": {"domain": "NT AUTHORITY", "identifier": "S-1-5-18", "name": "SYSTEM", "type": "User"}, "version": 5}}
{"@timestamp": "2025-01-09T16:35:18.561Z", "agent": {"ephemeral_id": "79158253-5264-43d2-be20-4e132dda22ad", "hostname": "CLIENT28", "id": "c35095e9-5f9f-4084-a651-3aaa2966847a", "name": "CLIENT28", "type": "winlogbeat", "version": "7.10.2"}, "ecs": {"version": "1.5.0"}, "event": {"action": "Process Create (rule: ProcessCreate)", "category": ["process"], "code": 1, "created": "2025-01-09T16:39:44.293Z", "kind": "event", "module": "sysmon", "provider": "Microsoft-Windows-Sysmon", "type": ["start", "process_start"]}, "hash": {"imphash": "51bef41e5cd278a02c17451af095c288", "md5": "585d2527c7dcc8e2c69324212f9f2964", "sha1": "ace4770f386293b92d946f872d4bb280c9b587ef", "sha256": "44761759948fcf37ed691f462bbb54d3e3064f9b70d4e0e60b5338e87c785fbe"}, "host": {"name": "CLIENT28.breach.local"}, "log": {"level": "information"}, "process": {"args": ["C:\\Program Files (x86)\\Mozilla Firefox\\firefox.exe", "-contentproc", "-isForBrowser", "-prefsHandle", "4404", "-prefsLen", "37430", "-prefMapHandle", "4376", "-prefMapSize", "267494", "-jsInitHandle", "3524", "-jsInitLen", "254356", "-parentBuildID", "20241230151726", "-ipcHandle", "4428", "-initialChannelId", "{db6b23c4-f573-4595-ab97-12b013fa443f}", "-parentPid", "5808", "-crashReporter", "\\\\.\\pipe\\gecko-crash-server-pipe.5808", "-win32kLockedDown", "-appDir", "C:\\Program Files (x86)\\Mozilla Firefox\\browser", "-", "6", "tab"], "command_line": "\"C:\\Program Files (x86)\\Mozilla Firefox\\firefox.exe\" -contentproc -isForBrowser -prefsHandle 4404 -prefsLen 37430 -prefMapHandle 4376 -prefMapSize 267494 -jsInitHandle 3524 -jsInitLen 254356 -parentBuildID 20241230151726 -ipcHandle 4428 -initialChannelId {db6b23c4-f573-4595-ab97-12b013fa443f} -parentPid 5808 -crashReporter \"\\\\.\\pipe\\gecko-crash-server-pipe.5808\" -win32kLockedDown -appDir \"C:\\Program Files (x86)\\Mozilla Firefox\\browser\" - 6 tab", "entity_id": "{416dd0c5-fac6-677f-f204-000000001400}", "executable": "C:\\Program Files (x86)\\Mozilla Firefox\\firefox.exe", "hash": {"md5": "585d2527c7dcc8e2c69324212f9f2964", "sha1": "ace4770f386293b92d946f872d4bb280c9b587ef", "sha256": "44761759948fcf37ed691f462bbb54d3e3064f9b70d4e0e60b5338e87c785fbe"}, "name": "firefox.exe", "parent": {"args": ["C:\\Program Files (x86)\\Mozilla Firefox\\firefox.exe", "--marionette", "--remote-debugging-port", "52858", "--remote-allow-hosts", "localhost", "-no-remote", "-profile", "C:\\Users\\client28\\AppData\\Local\\Temp\\rust_mozprofileuIVaqM"], "command_line": "\"C:\\Program Files (x86)\\Mozilla Firefox\\firefox.exe\" --marionette --remote-debugging-port 52858 --remote-allow-hosts localhost -no-remote -profile C:\\Users\\client28\\AppData\\Local\\Temp\\rust_mozprofileuIVaqM", "entity_id": "{416dd0c5-fabb-677f-ec04-000000001400}", "executable": "C:\\Program Files (x86)\\Mozilla Firefox\\firefox.exe", "name": "firefox.exe", "pid": 5808}, "pe": {"imphash": "51bef41e5cd278a02c17451af095c288"}, "pid": 9500, "working_directory": "C:\\BREACH\\"}, "related": {"hash": ["ace4770f386293b92d946f872d4bb280c9b587ef", "585d2527c7dcc8e2c69324212f9f2964", "44761759948fcf37ed691f462bbb54d3e3064f9b70d4e0e60b5338e87c785fbe", "51bef41e5cd278a02c17451af095c288"], "user": "client28"}, "user": {"domain": "BREACH", "name": "client28"}, "winlog": {"api": "wineventlog", "channel": "Microsoft-Windows-Sysmon/Operational", "computer_name": "CLIENT28.breach.local", "event_data": {"Company": "Mozilla Corporation", "Description": "Firefox", "FileVersion": "134.0", "IntegrityLevel": "Low", "LogonGuid": "{416dd0c5-83b2-677f-4a28-040000000000}", "LogonId": "0x4284a", "OriginalFileName": "firefox.exe", "ParentUser": "BREACH\\client28", "Product": "Firefox", "RuleName": "-", "TerminalSessionId": "1"}, "event_id": 1, "opcode": "Info", "process": {"pid": 2892, "thread": {"id": 3552}}, "provider_guid": "{5770385f-c22a-43e0-bf4c-06f5698ffbd9}", "provider_name": "Microsoft-Windows-Sysmon", "record_id": 3695071, "task": "Process Create (rule: ProcessCreate)", "user": {"domain": "NT AUTHORITY", "identifier": "S-1-5-18", "name": "SYSTEM", "type": "User"}, "version": 5}}
{"@timestamp": "2025-01-09T16:35:19.705Z", "agent": {"ephemeral_id": "79158253-5264-43d2-be20-4e132dda22ad", "hostname": "CLIENT28", "id": "c35095e9-5f9f-4084-a651-3aaa2966847a", "name": "CLIENT28", "type": "winlogbeat", "version": "7.10.2"}, "ecs": {"version": "1.5.0"}, "event": {"action": "Process Create (rule: ProcessCreate)", "category": ["process"], "code": 1, "created": "2025-01-09T16:39:44.418Z", "kind": "event", "module": "sysmon", "provider": "Microsoft-Windows-Sysmon", "type": ["start", "process_start"]}, "hash": {"imphash": "51bef41e5cd278a02c17451af095c288", "md5": "585d2527c7dcc8e2c69324212f9f2964", "sha1": "ace4770f386293b92d946f872d4bb280c9b587ef", "sha256": "44761759948fcf37ed691f462bbb54d3e3064f9b70d4e0e60b5338e87c785fbe"}, "host": {"name": "CLIENT28.breach.local"}, "log": {"level": "information"}, "process": {"args": ["C:\\Program Files (x86)\\Mozilla Firefox\\firefox.exe", "-contentproc", "-parentBuildID", "20241230151726", "-sandboxingKind", "0", "-prefsHandle", "4396", "-prefsLen", "39833", "-prefMapHandle", "1812", "-prefMapSize", "267494", "-ipcHandle", "4916", "-initialChannelId", "{fa5be76c-b8b4-4219-82a1-816f2dacb8f3}", "-parentPid", "5808", "-crashReporter", "\\\\.\\pipe\\gecko-crash-server-pipe.5808", "-win32kLockedDown", "-appDir", "C:\\Program Files (x86)\\Mozilla Firefox\\browser", "-", "7", "utility"], "command_line": "\"C:\\Program Files (x86)\\Mozilla Firefox\\firefox.exe\" -contentproc -parentBuildID 20241230151726 -sandboxingKind 0 -prefsHandle 4396 -prefsLen 39833 -prefMapHandle 1812 -prefMapSize 267494 -ipcHandle 4916 -initialChannelId {fa5be76c-b8b4-4219-82a1-816f2dacb8f3} -parentPid 5808 -crashReporter \"\\\\.\\pipe\\gecko-crash-server-pipe.5808\" -win32kLockedDown -appDir \"C:\\Program Files (x86)\\Mozilla Firefox\\browser\" - 7 utility", "entity_id": "{416dd0c5-fac7-677f-f304-000000001400}", "executable": "C:\\Program Files (x86)\\Mozilla Firefox\\firefox.exe", "hash": {"md5": "585d2527c7dcc8e2c69324212f9f2964", "sha1": "ace4770f386293b92d946f872d4bb280c9b587ef", "sha256": "44761759948fcf37ed691f462bbb54d3e3064f9b70d4e0e60b5338e87c785fbe"}, "name": "firefox.exe", "parent": {"args": ["C:\\Program Files (x86)\\Mozilla Firefox\\firefox.exe", "--marionette", "--remote-debugging-port", "52858", "--remote-allow-hosts", "localhost", "-no-remote", "-profile", "C:\\Users\\client28\\AppData\\Local\\Temp\\rust_mozprofileuIVaqM"], "command_line": "\"C:\\Program Files (x86)\\Mozilla Firefox\\firefox.exe\" --marionette --remote-debugging-port 52858 --remote-allow-hosts localhost -no-remote -profile C:\\Users\\client28\\AppData\\Local\\Temp\\rust_mozprofileuIVaqM", "entity_id": "{416dd0c5-fabb-677f-ec04-000000001400}", "executable": "C:\\Program Files (x86)\\Mozilla Firefox\\firefox.exe", "name": "firefox.exe", "pid": 5808}, "pe": {"imphash": "51bef41e5cd278a02c17451af095c288"}, "pid": 2436, "working_directory": "C:\\BREACH\\"}, "related": {"hash": ["ace4770f386293b92d946f872d4bb280c9b587ef", "585d2527c7dcc8e2c69324212f9f2964", "44761759948fcf37ed691f462bbb54d3e3064f9b70d4e0e60b5338e87c785fbe", "51bef41e5cd278a02c17451af095c288"], "user": "client28"}, "user": {"domain": "BREACH", "name": "client28"}, "winlog": {"api": "wineventlog", "channel": "Microsoft-Windows-Sysmon/Operational", "computer_name": "CLIENT28.breach.local", "event_data": {"Company": "Mozilla Corporation", "Description": "Firefox", "FileVersion": "134.0", "IntegrityLevel": "Low", "LogonGuid": "{416dd0c5-83b2-677f-4a28-040000000000}", "LogonId": "0x4284a", "OriginalFileName": "firefox.exe", "ParentUser": "BREACH\\client28", "Product": "Firefox", "RuleName": "-", "TerminalSessionId": "1"}, "event_id": 1, "opcode": "Info", "process": {"pid": 2892, "thread": {"id": 3552}}, "provider_guid": "{5770385f-c22a-43e0-bf4c-06f5698ffbd9}", "provider_name": "Microsoft-Windows-Sysmon", "record_id": 3695169, "task": "Process Create (rule: ProcessCreate)", "user": {"domain": "NT AUTHORITY", "identifier": "S-1-5-18", "name": "SYSTEM", "type": "User"}, "version": 5}}
{"@timestamp": "2025-01-09T16:35:22.298Z", "agent": {"ephemeral_id": "79158253-5264-43d2-be20-4e132dda22ad", "hostname": "CLIENT28", "id": "c35095e9-5f9f-4084-a651-3aaa2966847a", "name": "CLIENT28", "type": "winlogbeat", "version": "7.10.2"}, "ecs": {"version": "1.5.0"}, "event": {"action": "Process Create (rule: ProcessCreate)", "category": ["process"], "code": 1, "created": "2025-01-09T16:39:44.695Z", "kind": "event", "module": "sysmon", "provider": "Microsoft-Windows-Sysmon", "type": ["start", "process_start"]}, "hash": {"imphash": "3c2fc59273192a34f1aa4a59df3b348e", "md5": "922f7003fca657359db03cc02941124d", "sha1": "27fae46e4e377467f2d5f9e37a5a8cb19b39b9ec", "sha256": "5da31132fd6a415e71e3fd40c3a23853a799b91ea2821d2bcbf1bf0e8fa01e16"}, "host": {"name": "CLIENT28.breach.local"}, "log": {"level": "information"}, "process": {"args": ["C:\\Python37\\python.exe", "-c", "from multiprocessing.spawn import spawn_main; spawn_main(parent_pid=7468, pipe_handle=2072)", "--multiprocessing-fork"], "command_line": "\"C:\\Python37\\python.exe\" \"-c\" \"from multiprocessing.spawn import spawn_main; spawn_main(parent_pid=7468, pipe_handle=2072)\" \"--multiprocessing-fork\"", "entity_id": "{416dd0c5-faca-677f-f404-000000001400}", "executable": "C:\\Python37\\python.exe", "hash": {"md5": "922f7003fca657359db03cc02941124d", "sha1": "27fae46e4e377467f2d5f9e37a5a8cb19b39b9ec", "sha256": "5da31132fd6a415e71e3fd40c3a23853a799b91ea2821d2bcbf1bf0e8fa01e16"}, "name": "python.exe", "parent": {"args": ["C:\\Python37\\python.exe", "C:\\BREACH\\userbehavior\\main.py"], "command_line": "C:\\Python37\\python.exe \"C:\\BREACH\\userbehavior\\main.py\" ", "entity_id": "{416dd0c5-83d2-677f-a400-000000001400}", "executable": "C:\\Python37\\python.exe", "name": "python.exe", "pid": 7468}, "pe": {"imphash": "3c2fc59273192a34f1aa4a59df3b348e"}, "pid": 5820, "working_directory": "C:\\BREACH\\"}, "related": {"hash": ["27fae46e4e377467f2d5f9e37a5a8cb19b39b9ec", "922f7003fca657359db03cc02941124d", "5da31132fd6a415e71e3fd40c3a23853a799b91ea2821d2bcbf1bf0e8fa01e16", "3c2fc59273192a34f1aa4a59df3b348e"], "user": "client28"}, "user": {"domain": "BREACH", "name": "client28"}, "winlog": {"api": "wineventlog", "channel": "Microsoft-Windows-Sysmon/Operational", "computer_name": "CLIENT28.breach.local", "event_data": {"Company": "Python Software Foundation", "Description": "Python", "FileVersion": "3.7.3", "IntegrityLevel": "Medium", "LogonGuid": "{416dd0c5-83b2-677f-4a28-040000000000}", "LogonId": "0x4284a", "OriginalFileName": "python.exe", "ParentUser": "BREACH\\client28", "Product": "Python", "RuleName": "-", "TerminalSessionId": "1"}, "event_id": 1, "opcode": "Info", "process": {"pid": 2892, "thread": {"id": 3552}}, "provider_guid": "{5770385f-c22a-43e0-bf4c-06f5698ffbd9}", "provider_name": "Microsoft-Windows-Sysmon", "record_id": 3695309, "task": "Process Create (rule: ProcessCreate)", "user": {"domain": "NT AUTHORITY", "identifier": "S-1-5-18", "name": "SYSTEM", "type": "User"}, "version": 5}}
{"@timestamp": "2025-01-09T16:35:29.050Z", "agent": {"ephemeral_id": "79158253-5264-43d2-be20-4e132dda22ad", "hostname": "CLIENT28", "id": "c35095e9-5f9f-4084-a651-3aaa2966847a", "name": "CLIENT28", "type": "winlogbeat", "version": "7.10.2"}, "ecs": {"version": "1.5.0"}, "event": {"action": "Process Create (rule: ProcessCreate)", "category": ["process"], "code": 1, "created": "2025-01-09T16:39:44.967Z", "kind": "event", "module": "sysmon", "provider": "Microsoft-Windows-Sysmon", "type": ["start", "process_start"]}, "hash": {"imphash": "c7b2d9891c8ea27ab912d8036021e33d", "md5": "a815db40487b457b44dcda2dde8c4823", "sha1": "8766609f079faa9e74ae2c770c0e5f84b458799e", "sha256": "992210816bdb77611810d3ec259b49f000e1546a8415bb94e26ce7e17f58e16c"}, "host": {"name": "CLIENT28.breach.local"}, "log": {"level": "information"}, "process": {"args": ["C:\\Python37\\geckodriver.exe", "--websocket-port", "52883", "--port", "52882"], "command_line": "C:\\Python37\\geckodriver.exe --websocket-port 52883 --port 52882", "entity_id": "{416dd0c5-fad1-677f-f504-000000001400}", "executable": "C:\\Python37\\geckodriver.exe", "hash": {"md5": "a815db40487b457b44dcda2dde8c4823", "sha1": "8766609f079faa9e74ae2c770c0e5f84b458799e", "sha256": "992210816bdb77611810d3ec259b49f000e1546a8415bb94e26ce7e17f58e16c"}, "name": "geckodriver.exe", "parent": {"args": ["C:\\Python37\\python.exe", "-c", "from multiprocessing.spawn import spawn_main; spawn_main(parent_pid=7468, pipe_handle=2072)", "--multiprocessing-fork"], "command_line": "\"C:\\Python37\\python.exe\" \"-c\" \"from multiprocessing.spawn import spawn_main; spawn_main(parent_pid=7468, pipe_handle=2072)\" \"--multiprocessing-fork\"", "entity_id": "{416dd0c5-faca-677f-f404-000000001400}", "executable": "C:\\Python37\\python.exe", "name": "python.exe", "pid": 5820}, "pe": {"imphash": "c7b2d9891c8ea27ab912d8036021e33d"}, "pid": 10804, "working_directory": "C:\\BREACH\\"}, "related": {"hash": ["8766609f079faa9e74ae2c770c0e5f84b458799e", "a815db40487b457b44dcda2dde8c4823", "992210816bdb77611810d3ec259b49f000e1546a8415bb94e26ce7e17f58e16c", "c7b2d9891c8ea27ab912d8036021e33d"], "user": "client28"}, "user": {"domain": "BREACH", "name": "client28"}, "winlog": {"api": "wineventlog", "channel": "Microsoft-Windows-Sysmon/Operational", "computer_name": "CLIENT28.breach.local", "event_data": {"Company": "-", "Description": "-", "FileVersion": "-", "IntegrityLevel": "Medium", "LogonGuid": "{416dd0c5-83b2-677f-4a28-040000000000}", "LogonId": "0x4284a", "OriginalFileName": "-", "ParentUser": "BREACH\\client28", "Product": "-", "RuleName": "-", "TerminalSessionId": "1"}, "event_id": 1, "opcode": "Info", "process": {"pid": 2892, "thread": {"id": 3552}}, "provider_guid": "{5770385f-c22a-43e0-bf4c-06f5698ffbd9}", "provider_name": "Microsoft-Windows-Sysmon", "record_id": 3695536, "task": "Process Create (rule: ProcessCreate)", "user": {"domain": "NT AUTHORITY", "identifier": "S-1-5-18", "name": "SYSTEM", "type": "User"}, "version": 5}}
{"@timestamp": "2025-01-09T16:35:32.795Z", "agent": {"ephemeral_id": "79158253-5264-43d2-be20-4e132dda22ad", "hostname": "CLIENT28", "id": "c35095e9-5f9f-4084-a651-3aaa2966847a", "name": "CLIENT28", "type": "winlogbeat", "version": "7.10.2"}, "ecs": {"version": "1.5.0"}, "event": {"action": "Process Create (rule: ProcessCreate)", "category": ["process"], "code": 1, "created": "2025-01-09T16:39:45.119Z", "kind": "event", "module": "sysmon", "provider": "Microsoft-Windows-Sysmon", "type": ["start", "process_start"]}, "hash": {"imphash": "51bef41e5cd278a02c17451af095c288", "md5": "585d2527c7dcc8e2c69324212f9f2964", "sha1": "ace4770f386293b92d946f872d4bb280c9b587ef", "sha256": "44761759948fcf37ed691f462bbb54d3e3064f9b70d4e0e60b5338e87c785fbe"}, "host": {"name": "CLIENT28.breach.local"}, "log": {"level": "information"}, "process": {"args": ["C:\\Program Files (x86)\\Mozilla Firefox\\firefox.exe", "--marionette", "--remote-debugging-port", "52883", "--remote-allow-hosts", "localhost", "-no-remote", "-profile", "C:\\Users\\client28\\AppData\\Local\\Temp\\rust_mozprofilegTMTL7"], "command_line": "\"C:\\Program Files (x86)\\Mozilla Firefox\\firefox.exe\" --marionette --remote-debugging-port 52883 --remote-allow-hosts localhost -no-remote -profile C:\\Users\\client28\\AppData\\Local\\Temp\\rust_mozprofilegTMTL7", "entity_id": "{416dd0c5-fad4-677f-f604-000000001400}", "executable": "C:\\Program Files (x86)\\Mozilla Firefox\\firefox.exe", "hash": {"md5": "585d2527c7dcc8e2c69324212f9f2964", "sha1": "ace4770f386293b92d946f872d4bb280c9b587ef", "sha256": "44761759948fcf37ed691f462bbb54d3e3064f9b70d4e0e60b5338e87c785fbe"}, "name": "firefox.exe", "parent": {"args": ["C:\\Python37\\geckodriver.exe", "--websocket-port", "52883", "--port", "52882"], "command_line": "C:\\Python37\\geckodriver.exe --websocket-port 52883 --port 52882", "entity_id": "{416dd0c5-fad1-677f-f504-000000001400}", "executable": "C:\\Python37\\geckodriver.exe", "name": "geckodriver.exe", "pid": 10804}, "pe": {"imphash": "51bef41e5cd278a02c17451af095c288"}, "pid": 3664, "working_directory": "C:\\BREACH\\"}, "related": {"hash": ["ace4770f386293b92d946f872d4bb280c9b587ef", "585d2527c7dcc8e2c69324212f9f2964", "44761759948fcf37ed691f462bbb54d3e3064f9b70d4e0e60b5338e87c785fbe", "51bef41e5cd278a02c17451af095c288"], "user": "client28"}, "user": {"domain": "BREACH", "name": "client28"}, "winlog": {"api": "wineventlog", "channel": "Microsoft-Windows-Sysmon/Operational", "computer_name": "CLIENT28.breach.local", "event_data": {"Company": "Mozilla Corporation", "Description": "Firefox", "FileVersion": "134.0", "IntegrityLevel": "Medium", "LogonGuid": "{416dd0c5-83b2-677f-4a28-040000000000}", "LogonId": "0x4284a", "OriginalFileName": "firefox.exe", "ParentUser": "BREACH\\client28", "Product": "Firefox", "RuleName": "-", "TerminalSessionId": "1"}, "event_id": 1, "opcode": "Info", "process": {"pid": 2892, "thread": {"id": 3552}}, "provider_guid": "{5770385f-c22a-43e0-bf4c-06f5698ffbd9}", "provider_name": "Microsoft-Windows-Sysmon", "record_id": 3695606, "task": "Process Create (rule: ProcessCreate)", "user": {"domain": "NT AUTHORITY", "identifier": "S-1-5-18", "name": "SYSTEM", "type": "User"}, "version": 5}}
{"@timestamp": "2025-01-09T16:35:33.096Z", "agent": {"ephemeral_id": "79158253-5264-43d2-be20-4e132dda22ad", "hostname": "CLIENT28", "id": "c35095e9-5f9f-4084-a651-3aaa2966847a", "name": "CLIENT28", "type": "winlogbeat", "version": "7.10.2"}, "ecs": {"version": "1.5.0"}, "event": {"action": "Process Create (rule: ProcessCreate)", "category": ["process"], "code": 1, "created": "2025-01-09T16:39:45.122Z", "kind": "event", "module": "sysmon", "provider": "Microsoft-Windows-Sysmon", "type": ["start", "process_start"]}, "hash": {"imphash": "51bef41e5cd278a02c17451af095c288", "md5": "585d2527c7dcc8e2c69324212f9f2964", "sha1": "ace4770f386293b92d946f872d4bb280c9b587ef", "sha256": "44761759948fcf37ed691f462bbb54d3e3064f9b70d4e0e60b5338e87c785fbe"}, "host": {"name": "CLIENT28.breach.local"}, "log": {"level": "information"}, "process": {"args": ["C:\\Program Files (x86)\\Mozilla Firefox\\firefox.exe", "--marionette", "--remote-debugging-port", "52883", "--remote-allow-hosts", "localhost", "-no-remote", "-profile", "C:\\Users\\client28\\AppData\\Local\\Temp\\rust_mozprofilegTMTL7"], "command_line": "\"C:\\Program Files (x86)\\Mozilla Firefox\\firefox.exe\" --marionette --remote-debugging-port 52883 --remote-allow-hosts localhost -no-remote -profile C:\\Users\\client28\\AppData\\Local\\Temp\\rust_mozprofilegTMTL7", "entity_id": "{416dd0c5-fad5-677f-f704-000000001400}", "executable": "C:\\Program Files (x86)\\Mozilla Firefox\\firefox.exe", "hash": {"md5": "585d2527c7dcc8e2c69324212f9f2964", "sha1": "ace4770f386293b92d946f872d4bb280c9b587ef", "sha256": "44761759948fcf37ed691f462bbb54d3e3064f9b70d4e0e60b5338e87c785fbe"}, "name": "firefox.exe", "parent": {"args": ["C:\\Program Files (x86)\\Mozilla Firefox\\firefox.exe", "--marionette", "--remote-debugging-port", "52883", "--remote-allow-hosts", "localhost", "-no-remote", "-profile", "C:\\Users\\client28\\AppData\\Local\\Temp\\rust_mozprofilegTMTL7"], "command_line": "\"C:\\Program Files (x86)\\Mozilla Firefox\\firefox.exe\" --marionette --remote-debugging-port 52883 --remote-allow-hosts localhost -no-remote -profile C:\\Users\\client28\\AppData\\Local\\Temp\\rust_mozprofilegTMTL7", "entity_id": "{416dd0c5-fad4-677f-f604-000000001400}", "executable": "C:\\Program Files (x86)\\Mozilla Firefox\\firefox.exe", "name": "firefox.exe", "pid": 3664}, "pe": {"imphash": "51bef41e5cd278a02c17451af095c288"}, "pid": 8992, "working_directory": "C:\\BREACH\\"}, "related": {"hash": ["ace4770f386293b92d946f872d4bb280c9b587ef", "585d2527c7dcc8e2c69324212f9f2964", "44761759948fcf37ed691f462bbb54d3e3064f9b70d4e0e60b5338e87c785fbe", "51bef41e5cd278a02c17451af095c288"], "user": "client28"}, "user": {"domain": "BREACH", "name": "client28"}, "winlog": {"api": "wineventlog", "channel": "Microsoft-Windows-Sysmon/Operational", "computer_name": "CLIENT28.breach.local", "event_data": {"Company": "Mozilla Corporation", "Description": "Firefox", "FileVersion": "134.0", "IntegrityLevel": "Medium", "LogonGuid": "{416dd0c5-83b2-677f-4a28-040000000000}", "LogonId": "0x4284a", "OriginalFileName": "firefox.exe", "ParentUser": "BREACH\\client28", "Product": "Firefox", "RuleName": "-", "TerminalSessionId": "1"}, "event_id": 1, "opcode": "Info", "process": {"pid": 2892, "thread": {"id": 3552}}, "provider_guid": "{5770385f-c22a-43e0-bf4c-06f5698ffbd9}", "provider_name": "Microsoft-Windows-Sysmon", "record_id": 3695632, "task": "Process Create (rule: ProcessCreate)", "user": {"domain": "NT AUTHORITY", "identifier": "S-1-5-18", "name": "SYSTEM", "type": "User"}, "version": 5}}
{"@timestamp": "2025-01-09T16:35:36.307Z", "agent": {"ephemeral_id": "79158253-5264-43d2-be20-4e132dda22ad", "hostname": "CLIENT28", "id": "c35095e9-5f9f-4084-a651-3aaa2966847a", "name": "CLIENT28", "type": "winlogbeat", "version": "7.10.2"}, "ecs": {"version": "1.5.0"}, "event": {"action": "Process Create (rule: ProcessCreate)", "category": ["process"], "code": 1, "created": "2025-01-09T16:39:45.370Z", "kind": "event", "module": "sysmon", "provider": "Microsoft-Windows-Sysmon", "type": ["start", "process_start"]}, "hash": {"imphash": "51bef41e5cd278a02c17451af095c288", "md5": "585d2527c7dcc8e2c69324212f9f2964", "sha1": "ace4770f386293b92d946f872d4bb280c9b587ef", "sha256": "44761759948fcf37ed691f462bbb54d3e3064f9b70d4e0e60b5338e87c785fbe"}, "host": {"name": "CLIENT28.breach.local"}, "log": {"level": "information"}, "process": {"args": ["C:\\Program Files (x86)\\Mozilla Firefox\\firefox.exe", "-contentproc", "-parentBuildID", "20241230151726", "-prefsHandle", "2324", "-prefsLen", "24873", "-prefMapHandle", "2328", "-prefMapSize", "267494", "-ipcHandle", "2412", "-initialChannelId", "{ba2cd4d7-d8bf-4ad9-af95-58ee2d1eca01}", "-parentPid", "8992", "-crashReporter", "\\\\.\\pipe\\gecko-crash-server-pipe.8992", "-appDir", "C:\\Program Files (x86)\\Mozilla Firefox\\browser", "-", "1", "gpu"], "command_line": "\"C:\\Program Files (x86)\\Mozilla Firefox\\firefox.exe\" -contentproc -parentBuildID 20241230151726 -prefsHandle 2324 -prefsLen 24873 -prefMapHandle 2328 -prefMapSize 267494 -ipcHandle 2412 -initialChannelId {ba2cd4d7-d8bf-4ad9-af95-58ee2d1eca01} -parentPid 8992 -crashReporter \"\\\\.\\pipe\\gecko-crash-server-pipe.8992\" -appDir \"C:\\Program Files (x86)\\Mozilla Firefox\\browser\" - 1 gpu", "entity_id": "{416dd0c5-fad8-677f-f804-000000001400}", "executable": "C:\\Program Files (x86)\\Mozilla Firefox\\firefox.exe", "hash": {"md5": "585d2527c7dcc8e2c69324212f9f2964", "sha1": "ace4770f386293b92d946f872d4bb280c9b587ef", "sha256": "44761759948fcf37ed691f462bbb54d3e3064f9b70d4e0e60b5338e87c785fbe"}, "name": "firefox.exe", "parent": {"args": ["C:\\Program Files (x86)\\Mozilla Firefox\\firefox.exe", "--marionette", "--remote-debugging-port", "52883", "--remote-allow-hosts", "localhost", "-no-remote", "-profile", "C:\\Users\\client28\\AppData\\Local\\Temp\\rust_mozprofilegTMTL7"], "command_line": "\"C:\\Program Files (x86)\\Mozilla Firefox\\firefox.exe\" --marionette --remote-debugging-port 52883 --remote-allow-hosts localhost -no-remote -profile C:\\Users\\client28\\AppData\\Local\\Temp\\rust_mozprofilegTMTL7", "entity_id": "{416dd0c5-fad5-677f-f704-000000001400}", "executable": "C:\\Program Files (x86)\\Mozilla Firefox\\firefox.exe", "name": "firefox.exe", "pid": 8992}, "pe": {"imphash": "51bef41e5cd278a02c17451af095c288"}, "pid": 2584, "working_directory": "C:\\BREACH\\"}, "related": {"hash": ["ace4770f386293b92d946f872d4bb280c9b587ef", "585d2527c7dcc8e2c69324212f9f2964", "44761759948fcf37ed691f462bbb54d3e3064f9b70d4e0e60b5338e87c785fbe", "51bef41e5cd278a02c17451af095c288"], "user": "client28"}, "user": {"domain": "BREACH", "name": "client28"}, "winlog": {"api": "wineventlog", "channel": "Microsoft-Windows-Sysmon/Operational", "computer_name": "CLIENT28.breach.local", "event_data": {"Company": "Mozilla Corporation", "Description": "Firefox", "FileVersion": "134.0", "IntegrityLevel": "Low", "LogonGuid": "{416dd0c5-83b2-677f-4a28-040000000000}", "LogonId": "0x4284a", "OriginalFileName": "firefox.exe", "ParentUser": "BREACH\\client28", "Product": "Firefox", "RuleName": "-", "TerminalSessionId": "1"}, "event_id": 1, "opcode": "Info", "process": {"pid": 2892, "thread": {"id": 3552}}, "provider_guid": "{5770385f-c22a-43e0-bf4c-06f5698ffbd9}", "provider_name": "Microsoft-Windows-Sysmon", "record_id": 3695794, "task": "Process Create (rule: ProcessCreate)", "user": {"domain": "NT AUTHORITY", "identifier": "S-1-5-18", "name": "SYSTEM", "type": "User"}, "version": 5}}
{"@timestamp": "2025-01-09T16:35:37.476Z", "agent": {"ephemeral_id": "79158253-5264-43d2-be20-4e132dda22ad", "hostname": "CLIENT28", "id": "c35095e9-5f9f-4084-a651-3aaa2966847a", "name": "CLIENT28", "type": "winlogbeat", "version": "7.10.2"}, "ecs": {"version": "1.5.0"}, "event": {"action": "Process Create (rule: ProcessCreate)", "category": ["process"], "code": 1, "created": "2025-01-09T16:39:45.538Z", "kind": "event", "module": "sysmon", "provider": "Microsoft-Windows-Sysmon", "type": ["start", "process_start"]}, "hash": {"imphash": "51bef41e5cd278a02c17451af095c288", "md5": "585d2527c7dcc8e2c69324212f9f2964", "sha1": "ace4770f386293b92d946f872d4bb280c9b587ef", "sha256": "44761759948fcf37ed691f462bbb54d3e3064f9b70d4e0e60b5338e87c785fbe"}, "host": {"name": "CLIENT28.breach.local"}, "log": {"level": "information"}, "process": {"args": ["C:\\Program Files (x86)\\Mozilla Firefox\\firefox.exe", "-contentproc", "-parentBuildID", "20241230151726", "-prefsHandle", "2896", "-prefsLen", "29459", "-prefMapHandle", "2900", "-prefMapSize", "267494", "-ipcHandle", "2908", "-initialChannelId", "{8c50fdba-fc7f-4c06-9673-6f99cd31798d}", "-parentPid", "8992", "-crashReporter", "\\\\.\\pipe\\gecko-crash-server-pipe.8992", "-win32kLockedDown", "-appDir", "C:\\Program Files (x86)\\Mozilla Firefox\\browser", "-", "2", "socket"], "command_line": "\"C:\\Program Files (x86)\\Mozilla Firefox\\firefox.exe\" -contentproc -parentBuildID 20241230151726 -prefsHandle 2896 -prefsLen 29459 -prefMapHandle 2900 -prefMapSize 267494 -ipcHandle 2908 -initialChannelId {8c50fdba-fc7f-4c06-9673-6f99cd31798d} -parentPid 8992 -crashReporter \"\\\\.\\pipe\\gecko-crash-server-pipe.8992\" -win32kLockedDown -appDir \"C:\\Program Files (x86)\\Mozilla Firefox\\browser\" - 2 socket", "entity_id": "{416dd0c5-fad9-677f-f904-000000001400}", "executable": "C:\\Program Files (x86)\\Mozilla Firefox\\firefox.exe", "hash": {"md5": "585d2527c7dcc8e2c69324212f9f2964", "sha1": "ace4770f386293b92d946f872d4bb280c9b587ef", "sha256": "44761759948fcf37ed691f462bbb54d3e3064f9b70d4e0e60b5338e87c785fbe"}, "name": "firefox.exe", "parent": {"args": ["C:\\Program Files (x86)\\Mozilla Firefox\\firefox.exe", "--marionette", "--remote-debugging-port", "52883", "--remote-allow-hosts", "localhost", "-no-remote", "-profile", "C:\\Users\\client28\\AppData\\Local\\Temp\\rust_mozprofilegTMTL7"], "command_line": "\"C:\\Program Files (x86)\\Mozilla Firefox\\firefox.exe\" --marionette --remote-debugging-port 52883 --remote-allow-hosts localhost -no-remote -profile C:\\Users\\client28\\AppData\\Local\\Temp\\rust_mozprofilegTMTL7", "entity_id": "{416dd0c5-fad5-677f-f704-000000001400}", "executable": "C:\\Program Files (x86)\\Mozilla Firefox\\firefox.exe", "name": "firefox.exe", "pid": 8992}, "pe": {"imphash": "51bef41e5cd278a02c17451af095c288"}, "pid": 100, "working_directory": "C:\\BREACH\\"}, "related": {"hash": ["ace4770f386293b92d946f872d4bb280c9b587ef", "585d2527c7dcc8e2c69324212f9f2964", "44761759948fcf37ed691f462bbb54d3e3064f9b70d4e0e60b5338e87c785fbe", "51bef41e5cd278a02c17451af095c288"], "user": "client28"}, "user": {"domain": "BREACH", "name": "client28"}, "winlog": {"api": "wineventlog", "channel": "Microsoft-Windows-Sysmon/Operational", "computer_name": "CLIENT28.breach.local", "event_data": {"Company": "Mozilla Corporation", "Description": "Firefox", "FileVersion": "134.0", "IntegrityLevel": "Low", "LogonGuid": "{416dd0c5-83b2-677f-4a28-040000000000}", "LogonId": "0x4284a", "OriginalFileName": "firefox.exe", "ParentUser": "BREACH\\client28", "Product": "Firefox", "RuleName": "-", "TerminalSessionId": "1"}, "event_id": 1, "opcode": "Info", "process": {"pid": 2892, "thread": {"id": 3552}}, "provider_guid": "{5770385f-c22a-43e0-bf4c-06f5698ffbd9}", "provider_name": "Microsoft-Windows-Sysmon", "record_id": 3695924, "task": "Process Create (rule: ProcessCreate)", "user": {"domain": "NT AUTHORITY", "identifier": "S-1-5-18", "name": "SYSTEM", "type": "User"}, "version": 5}}
{"@timestamp": "2025-01-09T16:35:38.569Z", "agent": {"ephemeral_id": "79158253-5264-43d2-be20-4e132dda22ad", "hostname": "CLIENT28", "id": "c35095e9-5f9f-4084-a651-3aaa2966847a", "name": "CLIENT28", "type": "winlogbeat", "version": "7.10.2"}, "ecs": {"version": "1.5.0"}, "event": {"action": "Process Create (rule: ProcessCreate)", "category": ["process"], "code": 1, "created": "2025-01-09T16:39:45.672Z", "kind": "event", "module": "sysmon", "provider": "Microsoft-Windows-Sysmon", "type": ["start", "process_start"]}, "hash": {"imphash": "51bef41e5cd278a02c17451af095c288", "md5": "585d2527c7dcc8e2c69324212f9f2964", "sha1": "ace4770f386293b92d946f872d4bb280c9b587ef", "sha256": "44761759948fcf37ed691f462bbb54d3e3064f9b70d4e0e60b5338e87c785fbe"}, "host": {"name": "CLIENT28.breach.local"}, "log": {"level": "information"}, "process": {"args": ["C:\\Program Files (x86)\\Mozilla Firefox\\firefox.exe", "-contentproc", "-isForBrowser", "-prefsHandle", "3140", "-prefsLen", "30086", "-prefMapHandle", "3144", "-prefMapSize", "267494", "-jsInitHandle", "3148", "-jsInitLen", "254356", "-parentBuildID", "20241230151726", "-ipcHandle", "3156", "-initialChannelId", "{e411e2c1-ce3c-44f9-b327-cd85b50c242b}", "-parentPid", "8992", "-crashReporter", "\\\\.\\pipe\\gecko-crash-server-pipe.8992", "-win32kLockedDown", "-appDir", "C:\\Program Files (x86)\\Mozilla Firefox\\browser", "-", "3", "tab"], "command_line": "\"C:\\Program Files (x86)\\Mozilla Firefox\\firefox.exe\" -contentproc -isForBrowser -prefsHandle 3140 -prefsLen 30086 -prefMapHandle 3144 -prefMapSize 267494 -jsInitHandle 3148 -jsInitLen 254356 -parentBuildID 20241230151726 -ipcHandle 3156 -initialChannelId {e411e2c1-ce3c-44f9-b327-cd85b50c242b} -parentPid 8992 -crashReporter \"\\\\.\\pipe\\gecko-crash-server-pipe.8992\" -win32kLockedDown -appDir \"C:\\Program Files (x86)\\Mozilla Firefox\\browser\" - 3 tab", "entity_id": "{416dd0c5-fada-677f-fa04-000000001400}", "executable": "C:\\Program Files (x86)\\Mozilla Firefox\\firefox.exe", "hash": {"md5": "585d2527c7dcc8e2c69324212f9f2964", "sha1": "ace4770f386293b92d946f872d4bb280c9b587ef", "sha256": "44761759948fcf37ed691f462bbb54d3e3064f9b70d4e0e60b5338e87c785fbe"}, "name": "firefox.exe", "parent": {"args": ["C:\\Program Files (x86)\\Mozilla Firefox\\firefox.exe", "--marionette", "--remote-debugging-port", "52883", "--remote-allow-hosts", "localhost", "-no-remote", "-profile", "C:\\Users\\client28\\AppData\\Local\\Temp\\rust_mozprofilegTMTL7"], "command_line": "\"C:\\Program Files (x86)\\Mozilla Firefox\\firefox.exe\" --marionette --remote-debugging-port 52883 --remote-allow-hosts localhost -no-remote -profile C:\\Users\\client28\\AppData\\Local\\Temp\\rust_mozprofilegTMTL7", "entity_id": "{416dd0c5-fad5-677f-f704-000000001400}", "executable": "C:\\Program Files (x86)\\Mozilla Firefox\\firefox.exe", "name": "firefox.exe", "pid": 8992}, "pe": {"imphash": "51bef41e5cd278a02c17451af095c288"}, "pid": 8212, "working_directory": "C:\\BREACH\\"}, "related": {"hash": ["ace4770f386293b92d946f872d4bb280c9b587ef", "585d2527c7dcc8e2c69324212f9f2964", "44761759948fcf37ed691f462bbb54d3e3064f9b70d4e0e60b5338e87c785fbe", "51bef41e5cd278a02c17451af095c288"], "user": "client28"}, "user": {"domain": "BREACH", "name": "client28"}, "winlog": {"api": "wineventlog", "channel": "Microsoft-Windows-Sysmon/Operational", "computer_name": "CLIENT28.breach.local", "event_data": {"Company": "Mozilla Corporation", "Description": "Firefox", "FileVersion": "134.0", "IntegrityLevel": "Low", "LogonGuid": "{416dd0c5-83b2-677f-4a28-040000000000}", "LogonId": "0x4284a", "OriginalFileName": "firefox.exe", "ParentUser": "BREACH\\client28", "Product": "Firefox", "RuleName": "-", "TerminalSessionId": "1"}, "event_id": 1, "opcode": "Info", "process": {"pid": 2892, "thread": {"id": 3552}}, "provider_guid": "{5770385f-c22a-43e0-bf4c-06f5698ffbd9}", "provider_name": "Microsoft-Windows-Sysmon", "record_id": 3696033, "task": "Process Create (rule: ProcessCreate)", "user": {"domain": "NT AUTHORITY", "identifier": "S-1-5-18", "name": "SYSTEM", "type": "User"}, "version": 5}}
{"@timestamp": "2025-01-09T16:35:38.623Z", "agent": {"ephemeral_id": "79158253-5264-43d2-be20-4e132dda22ad", "hostname": "CLIENT28", "id": "c35095e9-5f9f-4084-a651-3aaa2966847a", "name": "CLIENT28", "type": "winlogbeat", "version": "7.10.2"}, "ecs": {"version": "1.5.0"}, "event": {"action": "Process Create (rule: ProcessCreate)", "category": ["process"], "code": 1, "created": "2025-01-09T16:39:45.673Z", "kind": "event", "module": "sysmon", "provider": "Microsoft-Windows-Sysmon", "type": ["start", "process_start"]}, "hash": {"imphash": "51bef41e5cd278a02c17451af095c288", "md5": "585d2527c7dcc8e2c69324212f9f2964", "sha1": "ace4770f386293b92d946f872d4bb280c9b587ef", "sha256": "44761759948fcf37ed691f462bbb54d3e3064f9b70d4e0e60b5338e87c785fbe"}, "host": {"name": "CLIENT28.breach.local"}, "log": {"level": "information"}, "process": {"args": ["C:\\Program Files (x86)\\Mozilla Firefox\\firefox.exe", "-contentproc", "-parentBuildID", "20241230151726", "-prefsHandle", "3340", "-prefsLen", "30131", "-prefMapHandle", "3344", "-prefMapSize", "267494", "-ipcHandle", "3388", "-initialChannelId", "{970588da-f554-4a39-b457-4bcec8d007fc}", "-parentPid", "8992", "-crashReporter", "\\\\.\\pipe\\gecko-crash-server-pipe.8992", "-appDir", "C:\\Program Files (x86)\\Mozilla Firefox\\browser", "-", "4", "rdd"], "command_line": "\"C:\\Program Files (x86)\\Mozilla Firefox\\firefox.exe\" -contentproc -parentBuildID 20241230151726 -prefsHandle 3340 -prefsLen 30131 -prefMapHandle 3344 -prefMapSize 267494 -ipcHandle 3388 -initialChannelId {970588da-f554-4a39-b457-4bcec8d007fc} -parentPid 8992 -crashReporter \"\\\\.\\pipe\\gecko-crash-server-pipe.8992\" -appDir \"C:\\Program Files (x86)\\Mozilla Firefox\\browser\" - 4 rdd", "entity_id": "{416dd0c5-fada-677f-fb04-000000001400}", "executable": "C:\\Program Files (x86)\\Mozilla Firefox\\firefox.exe", "hash": {"md5": "585d2527c7dcc8e2c69324212f9f2964", "sha1": "ace4770f386293b92d946f872d4bb280c9b587ef", "sha256": "44761759948fcf37ed691f462bbb54d3e3064f9b70d4e0e60b5338e87c785fbe"}, "name": "firefox.exe", "parent": {"args": ["C:\\Program Files (x86)\\Mozilla Firefox\\firefox.exe", "--marionette", "--remote-debugging-port", "52883", "--remote-allow-hosts", "localhost", "-no-remote", "-profile", "C:\\Users\\client28\\AppData\\Local\\Temp\\rust_mozprofilegTMTL7"], "command_line": "\"C:\\Program Files (x86)\\Mozilla Firefox\\firefox.exe\" --marionette --remote-debugging-port 52883 --remote-allow-hosts localhost -no-remote -profile C:\\Users\\client28\\AppData\\Local\\Temp\\rust_mozprofilegTMTL7", "entity_id": "{416dd0c5-fad5-677f-f704-000000001400}", "executable": "C:\\Program Files (x86)\\Mozilla Firefox\\firefox.exe", "name": "firefox.exe", "pid": 8992}, "pe": {"imphash": "51bef41e5cd278a02c17451af095c288"}, "pid": 5952, "working_directory": "C:\\BREACH\\"}, "related": {"hash": ["ace4770f386293b92d946f872d4bb280c9b587ef", "585d2527c7dcc8e2c69324212f9f2964", "44761759948fcf37ed691f462bbb54d3e3064f9b70d4e0e60b5338e87c785fbe", "51bef41e5cd278a02c17451af095c288"], "user": "client28"}, "user": {"domain": "BREACH", "name": "client28"}, "winlog": {"api": "wineventlog", "channel": "Microsoft-Windows-Sysmon/Operational", "computer_name": "CLIENT28.breach.local", "event_data": {"Company": "Mozilla Corporation", "Description": "Firefox", "FileVersion": "134.0", "IntegrityLevel": "Low", "LogonGuid": "{416dd0c5-83b2-677f-4a28-040000000000}", "LogonId": "0x4284a", "OriginalFileName": "firefox.exe", "ParentUser": "BREACH\\client28", "Product": "Firefox", "RuleName": "-", "TerminalSessionId": "1"}, "event_id": 1, "opcode": "Info", "process": {"pid": 2892, "thread": {"id": 3552}}, "provider_guid": "{5770385f-c22a-43e0-bf4c-06f5698ffbd9}", "provider_name": "Microsoft-Windows-Sysmon", "record_id": 3696045, "task": "Process Create (rule: ProcessCreate)", "user": {"domain": "NT AUTHORITY", "identifier": "S-1-5-18", "name": "SYSTEM", "type": "User"}, "version": 5}}
{"@timestamp": "2025-01-09T16:35:38.946Z", "agent": {"ephemeral_id": "79158253-5264-43d2-be20-4e132dda22ad", "hostname": "CLIENT28", "id": "c35095e9-5f9f-4084-a651-3aaa2966847a", "name": "CLIENT28", "type": "winlogbeat", "version": "7.10.2"}, "ecs": {"version": "1.5.0"}, "event": {"action": "Process Create (rule: ProcessCreate)", "category": ["process"], "code": 1, "created": "2025-01-09T16:39:45.801Z", "kind": "event", "module": "sysmon", "provider": "Microsoft-Windows-Sysmon", "type": ["start", "process_start"]}, "hash": {"imphash": "51bef41e5cd278a02c17451af095c288", "md5": "585d2527c7dcc8e2c69324212f9f2964", "sha1": "ace4770f386293b92d946f872d4bb280c9b587ef", "sha256": "44761759948fcf37ed691f462bbb54d3e3064f9b70d4e0e60b5338e87c785fbe"}, "host": {"name": "CLIENT28.breach.local"}, "log": {"level": "information"}, "process": {"args": ["C:\\Program Files (x86)\\Mozilla Firefox\\firefox.exe", "-contentproc", "-isForBrowser", "-prefsHandle", "3800", "-prefsLen", "29415", "-prefMapHandle", "3804", "-prefMapSize", "267494", "-jsInitHandle", "3808", "-jsInitLen", "254356", "-parentBuildID", "20241230151726", "-ipcHandle", "3816", "-initialChannelId", "{c2d7266d-f42c-4826-98ed-621743da3ed2}", "-parentPid", "8992", "-crashReporter", "\\\\.\\pipe\\gecko-crash-server-pipe.8992", "-win32kLockedDown", "-appDir", "C:\\Program Files (x86)\\Mozilla Firefox\\browser", "-", "5", "tab"], "command_line": "\"C:\\Program Files (x86)\\Mozilla Firefox\\firefox.exe\" -contentproc -isForBrowser -prefsHandle 3800 -prefsLen 29415 -prefMapHandle 3804 -prefMapSize 267494 -jsInitHandle 3808 -jsInitLen 254356 -parentBuildID 20241230151726 -ipcHandle 3816 -initialChannelId {c2d7266d-f42c-4826-98ed-621743da3ed2} -parentPid 8992 -crashReporter \"\\\\.\\pipe\\gecko-crash-server-pipe.8992\" -win32kLockedDown -appDir \"C:\\Program Files (x86)\\Mozilla Firefox\\browser\" - 5 tab", "entity_id": "{416dd0c5-fada-677f-fc04-000000001400}", "executable": "C:\\Program Files (x86)\\Mozilla Firefox\\firefox.exe", "hash": {"md5": "585d2527c7dcc8e2c69324212f9f2964", "sha1": "ace4770f386293b92d946f872d4bb280c9b587ef", "sha256": "44761759948fcf37ed691f462bbb54d3e3064f9b70d4e0e60b5338e87c785fbe"}, "name": "firefox.exe", "parent": {"args": ["C:\\Program Files (x86)\\Mozilla Firefox\\firefox.exe", "--marionette", "--remote-debugging-port", "52883", "--remote-allow-hosts", "localhost", "-no-remote", "-profile", "C:\\Users\\client28\\AppData\\Local\\Temp\\rust_mozprofilegTMTL7"], "command_line": "\"C:\\Program Files (x86)\\Mozilla Firefox\\firefox.exe\" --marionette --remote-debugging-port 52883 --remote-allow-hosts localhost -no-remote -profile C:\\Users\\client28\\AppData\\Local\\Temp\\rust_mozprofilegTMTL7", "entity_id": "{416dd0c5-fad5-677f-f704-000000001400}", "executable": "C:\\Program Files (x86)\\Mozilla Firefox\\firefox.exe", "name": "firefox.exe", "pid": 8992}, "pe": {"imphash": "51bef41e5cd278a02c17451af095c288"}, "pid": 280, "working_directory": "C:\\BREACH\\"}, "related": {"hash": ["ace4770f386293b92d946f872d4bb280c9b587ef", "585d2527c7dcc8e2c69324212f9f2964", "44761759948fcf37ed691f462bbb54d3e3064f9b70d4e0e60b5338e87c785fbe", "51bef41e5cd278a02c17451af095c288"], "user": "client28"}, "user": {"domain": "BREACH", "name": "client28"}, "winlog": {"api": "wineventlog", "channel": "Microsoft-Windows-Sysmon/Operational", "computer_name": "CLIENT28.breach.local", "event_data": {"Company": "Mozilla Corporation", "Description": "Firefox", "FileVersion": "134.0", "IntegrityLevel": "Low", "LogonGuid": "{416dd0c5-83b2-677f-4a28-040000000000}", "LogonId": "0x4284a", "OriginalFileName": "firefox.exe", "ParentUser": "BREACH\\client28", "Product": "Firefox", "RuleName": "-", "TerminalSessionId": "1"}, "event_id": 1, "opcode": "Info", "process": {"pid": 2892, "thread": {"id": 3552}}, "provider_guid": "{5770385f-c22a-43e0-bf4c-06f5698ffbd9}", "provider_name": "Microsoft-Windows-Sysmon", "record_id": 3696117, "task": "Process Create (rule: ProcessCreate)", "user": {"domain": "NT AUTHORITY", "identifier": "S-1-5-18", "name": "SYSTEM", "type": "User"}, "version": 5}}
