{"@timestamp": "2025-01-09T16:17:04.544Z", "agent": {"ephemeral_id": "7e6e4a94-de5f-4621-9550-fe95d1e13e9b", "hostname": "CLIENT26", "id": "c35095e9-5f9f-4084-a651-3aaa2966847a", "name": "CLIENT26", "type": "winlogbeat", "version": "7.10.2"}, "ecs": {"version": "1.5.0"}, "event": {"action": "Process Create (rule: ProcessCreate)", "category": ["process"], "code": 1, "created": "2025-01-09T16:17:06.817Z", "kind": "event", "module": "sysmon", "provider": "Microsoft-Windows-Sysmon", "type": ["start", "process_start"]}, "hash": {"imphash": "3c2fc59273192a34f1aa4a59df3b348e", "md5": "922f7003fca657359db03cc02941124d", "sha1": "27fae46e4e377467f2d5f9e37a5a8cb19b39b9ec", "sha256": "5da31132fd6a415e71e3fd40c3a23853a799b91ea2821d2bcbf1bf0e8fa01e16"}, "host": {"name": "CLIENT26.breach.local"}, "log": {"level": "information"}, "process": {"args": ["C:\\Python37\\python.exe", "-c", "from multiprocessing.spawn import spawn_main; spawn_main(parent_pid=7496, pipe_handle=2056)", "--multiprocessing-fork"], "command_line": "\"C:\\Python37\\python.exe\" \"-c\" \"from multiprocessing.spawn import spawn_main; spawn_main(parent_pid=7496, pipe_handle=2056)\" \"--multiprocessing-fork\"", "entity_id": "{416dd0c5-f680-677f-2205-000000001400}", "executable": "C:\\Python37\\python.exe", "hash": {"md5": "922f7003fca657359db03cc02941124d", "sha1": "27fae46e4e377467f2d5f9e37a5a8cb19b39b9ec", "sha256": "5da31132fd6a415e71e3fd40c3a23853a799b91ea2821d2bcbf1bf0e8fa01e16"}, "name": "python.exe", "parent": {"args": ["C:\\Python37\\python.exe", "C:\\BREACH\\userbehavior\\main.py"], "command_line": "C:\\Python37\\python.exe \"C:\\BREACH\\userbehavior\\main.py\" ", "entity_id": "{416dd0c5-8885-677f-a900-000000001400}", "executable": "C:\\Python37\\python.exe", "name": "python.exe", "pid": 7496}, "pe": {"imphash": "3c2fc59273192a34f1aa4a59df3b348e"}, "pid": 11636, "working_directory": "C:\\BREACH\\"}, "related": {"hash": ["27fae46e4e377467f2d5f9e37a5a8cb19b39b9ec", "922f7003fca657359db03cc02941124d", "5da31132fd6a415e71e3fd40c3a23853a799b91ea2821d2bcbf1bf0e8fa01e16", "3c2fc59273192a34f1aa4a59df3b348e"], "user": "client26"}, "user": {"domain": "BREACH", "name": "client26"}, "winlog": {"api": "wineventlog", "channel": "Microsoft-Windows-Sysmon/Operational", "computer_name": "CLIENT26.breach.local", "event_data": {"Company": "Python Software Foundation", "Description": "Python", "FileVersion": "3.7.3", "IntegrityLevel": "Medium", "LogonGuid": "{416dd0c5-885e-677f-fe57-040000000000}", "LogonId": "0x457fe", "OriginalFileName": "python.exe", "ParentUser": "BREACH\\client26", "Product": "Python", "RuleName": "-", "TerminalSessionId": "1"}, "event_id": 1, "opcode": "Info", "process": {"pid": 2936, "thread": {"id": 3444}}, "provider_guid": "{5770385f-c22a-43e0-bf4c-06f5698ffbd9}", "provider_name": "Microsoft-Windows-Sysmon", "record_id": 5748921, "task": "Process Create (rule: ProcessCreate)", "user": {"domain": "NT AUTHORITY", "identifier": "S-1-5-18", "name": "SYSTEM", "type": "User"}, "version": 5}}
{"@timestamp": "2025-01-09T16:17:06.956Z", "agent": {"ephemeral_id": "7e6e4a94-de5f-4621-9550-fe95d1e13e9b", "hostname": "CLIENT26", "id": "c35095e9-5f9f-4084-a651-3aaa2966847a", "name": "CLIENT26", "type": "winlogbeat", "version": "7.10.2"}, "ecs": {"version": "1.5.0"}, "event": {"action": "Process Create (rule: ProcessCreate)", "category": ["process"], "code": 1, "created": "2025-01-09T16:17:07.723Z", "kind": "event", "module": "sysmon", "provider": "Microsoft-Windows-Sysmon", "type": ["start", "process_start"]}, "hash": {"imphash": "c7b2d9891c8ea27ab912d8036021e33d", "md5": "a815db40487b457b44dcda2dde8c4823", "sha1": "8766609f079faa9e74ae2c770c0e5f84b458799e", "sha256": "992210816bdb77611810d3ec259b49f000e1546a8415bb94e26ce7e17f58e16c"}, "host": {"name": "CLIENT26.breach.local"}, "log": {"level": "information"}, "process": {"args": ["C:\\Python37\\geckodriver.exe", "--websocket-port", "54302", "--port", "54301"], "command_line": "C:\\Python37\\geckodriver.exe --websocket-port 54302 --port 54301", "entity_id": "{416dd0c5-f682-677f-2305-000000001400}", "executable": "C:\\Python37\\geckodriver.exe", "hash": {"md5": "a815db40487b457b44dcda2dde8c4823", "sha1": "8766609f079faa9e74ae2c770c0e5f84b458799e", "sha256": "992210816bdb77611810d3ec259b49f000e1546a8415bb94e26ce7e17f58e16c"}, "name": "geckodriver.exe", "parent": {"args": ["C:\\Python37\\python.exe", "-c", "from multiprocessing.spawn import spawn_main; spawn_main(parent_pid=7496, pipe_handle=2056)", "--multiprocessing-fork"], "command_line": "\"C:\\Python37\\python.exe\" \"-c\" \"from multiprocessing.spawn import spawn_main; spawn_main(parent_pid=7496, pipe_handle=2056)\" \"--multiprocessing-fork\"", "entity_id": "{416dd0c5-f680-677f-2205-000000001400}", "executable": "C:\\Python37\\python.exe", "name": "python.exe", "pid": 11636}, "pe": {"imphash": "c7b2d9891c8ea27ab912d8036021e33d"}, "pid": 8636, "working_directory": "C:\\BREACH\\"}, "related": {"hash": ["8766609f079faa9e74ae2c770c0e5f84b458799e", "a815db40487b457b44dcda2dde8c4823", "992210816bdb77611810d3ec259b49f000e1546a8415bb94e26ce7e17f58e16c", "c7b2d9891c8ea27ab912d8036021e33d"], "user": "client26"}, "user": {"domain": "BREACH", "name": "client26"}, "winlog": {"api": "wineventlog", "channel": "Microsoft-Windows-Sysmon/Operational", "computer_name": "CLIENT26.breach.local", "event_data": {"Company": "-", "Description": "-", "FileVersion": "-", "IntegrityLevel": "Medium", "LogonGuid": "{416dd0c5-885e-677f-fe57-040000000000}", "LogonId": "0x457fe", "OriginalFileName": "-", "ParentUser": "BREACH\\client26", "Product": "-", "RuleName": "-", "TerminalSessionId": "1"}, "event_id": 1, "opcode": "Info", "process": {"pid": 2936, "thread": {"id": 3444}}, "provider_guid": "{5770385f-c22a-43e0-bf4c-06f5698ffbd9}", "provider_name": "Microsoft-Windows-Sysmon", "record_id": 5749094, "task": "Process Create (rule: ProcessCreate)", "user": {"domain": "NT AUTHORITY", "identifier": "S-1-5-18", "name": "SYSTEM", "type": "User"}, "version": 5}}
{"@timestamp": "2025-01-09T16:17:10.226Z", "agent": {"ephemeral_id": "7e6e4a94-de5f-4621-9550-fe95d1e13e9b", "hostname": "CLIENT26", "id": "c35095e9-5f9f-4084-a651-3aaa2966847a", "name": "CLIENT26", "type": "winlogbeat", "version": "7.10.2"}, "ecs": {"version": "1.5.0"}, "event": {"action": "Process Create (rule: ProcessCreate)", "category": ["process"], "code": 1, "created": "2025-01-09T16:17:16.152Z", "kind": "event", "module": "sysmon", "provider": "Microsoft-Windows-Sysmon", "type": ["start", "process_start"]}, "hash": {"imphash": "0bc2115c454c6afbb369c14e7d59379d", "md5": "91a2ef577822fa0206983b8d97c2d383", "sha1": "e85ac533034790f5a41657fcdbc215304a13356e", "sha256": "35492a1f96bd065b6e5f3938a0564f4e0e55f7ebbd666d92fbb9d80034f394a8"}, "host": {"name": "CLIENT26.breach.local"}, "log": {"level": "information"}, "process": {"args": ["C:\\Program Files (x86)\\Mozilla Firefox\\firefox.exe", "--marionette", "--remote-debugging-port", "54302", "--remote-allow-hosts", "localhost", "-no-remote", "-profile", "C:\\Users\\client26\\AppData\\Local\\Temp\\rust_mozprofileNnWqk1"], "command_line": "\"C:\\Program Files (x86)\\Mozilla Firefox\\firefox.exe\" --marionette --remote-debugging-port 54302 --remote-allow-hosts localhost -no-remote -profile C:\\Users\\client26\\AppData\\Local\\Temp\\rust_mozprofileNnWqk1", "entity_id": "{416dd0c5-f686-677f-2405-000000001400}", "executable": "C:\\Program Files (x86)\\Mozilla Firefox\\firefox.exe", "hash": {"md5": "91a2ef577822fa0206983b8d97c2d383", "sha1": "e85ac533034790f5a41657fcdbc215304a13356e", "sha256": "35492a1f96bd065b6e5f3938a0564f4e0e55f7ebbd666d92fbb9d80034f394a8"}, "name": "firefox.exe", "parent": {"args": ["C:\\Python37\\geckodriver.exe", "--websocket-port", "54302", "--port", "54301"], "command_line": "C:\\Python37\\geckodriver.exe --websocket-port 54302 --port 54301", "entity_id": "{416dd0c5-f682-677f-2305-000000001400}", "executable": "C:\\Python37\\geckodriver.exe", "name": "geckodriver.exe", "pid": 8636}, "pe": {"imphash": "0bc2115c454c6afbb369c14e7d59379d"}, "pid": 8208, "working_directory": "C:\\BREACH\\"}, "related": {"hash": ["e85ac533034790f5a41657fcdbc215304a13356e", "91a2ef577822fa0206983b8d97c2d383", "35492a1f96bd065b6e5f3938a0564f4e0e55f7ebbd666d92fbb9d80034f394a8", "0bc2115c454c6afbb369c14e7d59379d"], "user": "client26"}, "user": {"domain": "BREACH", "name": "client26"}, "winlog": {"api": "wineventlog", "channel": "Microsoft-Windows-Sysmon/Operational", "computer_name": "CLIENT26.breach.local", "event_data": {"Company": "Mozilla Corporation", "Description": "Firefox", "FileVersion": "102.0.1", "IntegrityLevel": "Medium", "LogonGuid": "{416dd0c5-885e-677f-fe57-040000000000}", "LogonId": "0x457fe", "OriginalFileName": "firefox.exe", "ParentUser": "BREACH\\client26", "Product": "Firefox", "RuleName": "-", "TerminalSessionId": "1"}, "event_id": 1, "opcode": "Info", "process": {"pid": 2936, "thread": {"id": 3444}}, "provider_guid": "{5770385f-c22a-43e0-bf4c-06f5698ffbd9}", "provider_name": "Microsoft-Windows-Sysmon", "record_id": 5749173, "task": "Process Create (rule: ProcessCreate)", "user": {"domain": "NT AUTHORITY", "identifier": "S-1-5-18", "name": "SYSTEM", "type": "User"}, "version": 5}}
{"@timestamp": "2025-01-09T16:17:10.275Z", "agent": {"ephemeral_id": "7e6e4a94-de5f-4621-9550-fe95d1e13e9b", "hostname": "CLIENT26", "id": "c35095e9-5f9f-4084-a651-3aaa2966847a", "name": "CLIENT26", "type": "winlogbeat", "version": "7.10.2"}, "ecs": {"version": "1.5.0"}, "event": {"action": "Process Create (rule: ProcessCreate)", "category": ["process"], "code": 1, "created": "2025-01-09T16:17:16.156Z", "kind": "event", "module": "sysmon", "provider": "Microsoft-Windows-Sysmon", "type": ["start", "process_start"]}, "hash": {"imphash": "0bc2115c454c6afbb369c14e7d59379d", "md5": "91a2ef577822fa0206983b8d97c2d383", "sha1": "e85ac533034790f5a41657fcdbc215304a13356e", "sha256": "35492a1f96bd065b6e5f3938a0564f4e0e55f7ebbd666d92fbb9d80034f394a8"}, "host": {"name": "CLIENT26.breach.local"}, "log": {"level": "information"}, "process": {"args": ["C:\\Program Files (x86)\\Mozilla Firefox\\firefox.exe", "--marionette", "--remote-debugging-port", "54302", "--remote-allow-hosts", "localhost", "-no-remote", "-profile", "C:\\Users\\client26\\AppData\\Local\\Temp\\rust_mozprofileNnWqk1"], "command_line": "\"C:\\Program Files (x86)\\Mozilla Firefox\\firefox.exe\" --marionette --remote-debugging-port 54302 --remote-allow-hosts localhost -no-remote -profile C:\\Users\\client26\\AppData\\Local\\Temp\\rust_mozprofileNnWqk1", "entity_id": "{416dd0c5-f686-677f-2505-000000001400}", "executable": "C:\\Program Files (x86)\\Mozilla Firefox\\firefox.exe", "hash": {"md5": "91a2ef577822fa0206983b8d97c2d383", "sha1": "e85ac533034790f5a41657fcdbc215304a13356e", "sha256": "35492a1f96bd065b6e5f3938a0564f4e0e55f7ebbd666d92fbb9d80034f394a8"}, "name": "firefox.exe", "parent": {"args": ["C:\\Program Files (x86)\\Mozilla Firefox\\firefox.exe", "--marionette", "--remote-debugging-port", "54302", "--remote-allow-hosts", "localhost", "-no-remote", "-profile", "C:\\Users\\client26\\AppData\\Local\\Temp\\rust_mozprofileNnWqk1"], "command_line": "\"C:\\Program Files (x86)\\Mozilla Firefox\\firefox.exe\" --marionette --remote-debugging-port 54302 --remote-allow-hosts localhost -no-remote -profile C:\\Users\\client26\\AppData\\Local\\Temp\\rust_mozprofileNnWqk1", "entity_id": "{416dd0c5-f686-677f-2405-000000001400}", "executable": "C:\\Program Files (x86)\\Mozilla Firefox\\firefox.exe", "name": "firefox.exe", "pid": 8208}, "pe": {"imphash": "0bc2115c454c6afbb369c14e7d59379d"}, "pid": 10424, "working_directory": "C:\\BREACH\\"}, "related": {"hash": ["e85ac533034790f5a41657fcdbc215304a13356e", "91a2ef577822fa0206983b8d97c2d383", "35492a1f96bd065b6e5f3938a0564f4e0e55f7ebbd666d92fbb9d80034f394a8", "0bc2115c454c6afbb369c14e7d59379d"], "user": "client26"}, "user": {"domain": "BREACH", "name": "client26"}, "winlog": {"api": "wineventlog", "channel": "Microsoft-Windows-Sysmon/Operational", "computer_name": "CLIENT26.breach.local", "event_data": {"Company": "Mozilla Corporation", "Description": "Firefox", "FileVersion": "102.0.1", "IntegrityLevel": "Medium", "LogonGuid": "{416dd0c5-885e-677f-fe57-040000000000}", "LogonId": "0x457fe", "OriginalFileName": "firefox.exe", "ParentUser": "BREACH\\client26", "Product": "Firefox", "RuleName": "-", "TerminalSessionId": "1"}, "event_id": 1, "opcode": "Info", "process": {"pid": 2936, "thread": {"id": 3444}}, "provider_guid": "{5770385f-c22a-43e0-bf4c-06f5698ffbd9}", "provider_name": "Microsoft-Windows-Sysmon", "record_id": 5749198, "task": "Process Create (rule: ProcessCreate)", "user": {"domain": "NT AUTHORITY", "identifier": "S-1-5-18", "name": "SYSTEM", "type": "User"}, "version": 5}}
{"@timestamp": "2025-01-09T16:17:10.869Z", "agent": {"ephemeral_id": "7e6e4a94-de5f-4621-9550-fe95d1e13e9b", "hostname": "CLIENT26", "id": "c35095e9-5f9f-4084-a651-3aaa2966847a", "name": "CLIENT26", "type": "winlogbeat", "version": "7.10.2"}, "ecs": {"version": "1.5.0"}, "event": {"action": "Process Create (rule: ProcessCreate)", "category": ["process"], "code": 1, "created": "2025-01-09T16:17:16.479Z", "kind": "event", "module": "sysmon", "provider": "Microsoft-Windows-Sysmon", "type": ["start", "process_start"]}, "hash": {"imphash": "0bc2115c454c6afbb369c14e7d59379d", "md5": "91a2ef577822fa0206983b8d97c2d383", "sha1": "e85ac533034790f5a41657fcdbc215304a13356e", "sha256": "35492a1f96bd065b6e5f3938a0564f4e0e55f7ebbd666d92fbb9d80034f394a8"}, "host": {"name": "CLIENT26.breach.local"}, "log": {"level": "information"}, "process": {"args": ["C:\\Program Files (x86)\\Mozilla Firefox\\firefox.exe", "-contentproc", "--channel=10424.0.1537511864\\667612923", "-parentBuildID", "20220705093820", "-prefsHandle", "1572", "-prefMapHandle", "1576", "-prefsLen", "23880", "-prefMapSize", "223336", "-win32kLockedDown", "-appDir", "C:\\Program Files (x86)\\Mozilla Firefox\\browser", "-", "10424", "\\\\.\\pipe\\gecko-crash-server-pipe.10424", "1704", "539b750", "socket"], "command_line": "\"C:\\Program Files (x86)\\Mozilla Firefox\\firefox.exe\" -contentproc --channel=\"10424.0.1537511864\\667612923\" -parentBuildID 20220705093820 -prefsHandle 1572 -prefMapHandle 1576 -prefsLen 23880 -prefMapSize 223336 -win32kLockedDown -appDir \"C:\\Program Files (x86)\\Mozilla Firefox\\browser\" - 10424 \"\\\\.\\pipe\\gecko-crash-server-pipe.10424\" 1704 539b750 socket", "entity_id": "{416dd0c5-f686-677f-2605-000000001400}", "executable": "C:\\Program Files (x86)\\Mozilla Firefox\\firefox.exe", "hash": {"md5": "91a2ef577822fa0206983b8d97c2d383", "sha1": "e85ac533034790f5a41657fcdbc215304a13356e", "sha256": "35492a1f96bd065b6e5f3938a0564f4e0e55f7ebbd666d92fbb9d80034f394a8"}, "name": "firefox.exe", "parent": {"args": ["C:\\Program Files (x86)\\Mozilla Firefox\\firefox.exe", "--marionette", "--remote-debugging-port", "54302", "--remote-allow-hosts", "localhost", "-no-remote", "-profile", "C:\\Users\\client26\\AppData\\Local\\Temp\\rust_mozprofileNnWqk1"], "command_line": "\"C:\\Program Files (x86)\\Mozilla Firefox\\firefox.exe\" --marionette --remote-debugging-port 54302 --remote-allow-hosts localhost -no-remote -profile C:\\Users\\client26\\AppData\\Local\\Temp\\rust_mozprofileNnWqk1", "entity_id": "{416dd0c5-f686-677f-2505-000000001400}", "executable": "C:\\Program Files (x86)\\Mozilla Firefox\\firefox.exe", "name": "firefox.exe", "pid": 10424}, "pe": {"imphash": "0bc2115c454c6afbb369c14e7d59379d"}, "pid": 9704, "working_directory": "C:\\BREACH\\"}, "related": {"hash": ["e85ac533034790f5a41657fcdbc215304a13356e", "91a2ef577822fa0206983b8d97c2d383", "35492a1f96bd065b6e5f3938a0564f4e0e55f7ebbd666d92fbb9d80034f394a8", "0bc2115c454c6afbb369c14e7d59379d"], "user": "client26"}, "user": {"domain": "BREACH", "name": "client26"}, "winlog": {"api": "wineventlog", "channel": "Microsoft-Windows-Sysmon/Operational", "computer_name": "CLIENT26.breach.local", "event_data": {"Company": "Mozilla Corporation", "Description": "Firefox", "FileVersion": "102.0.1", "IntegrityLevel": "Low", "LogonGuid": "{416dd0c5-885e-677f-fe57-040000000000}", "LogonId": "0x457fe", "OriginalFileName": "firefox.exe", "ParentUser": "BREACH\\client26", "Product": "Firefox", "RuleName": "-", "TerminalSessionId": "1"}, "event_id": 1, "opcode": "Info", "process": {"pid": 2936, "thread": {"id": 3444}}, "provider_guid": "{5770385f-c22a-43e0-bf4c-06f5698ffbd9}", "provider_name": "Microsoft-Windows-Sysmon", "record_id": 5749318, "task": "Process Create (rule: ProcessCreate)", "user": {"domain": "NT AUTHORITY", "identifier": "S-1-5-18", "name": "SYSTEM", "type": "User"}, "version": 5}}
{"@timestamp": "2025-01-09T16:17:11.057Z", "agent": {"ephemeral_id": "7e6e4a94-de5f-4621-9550-fe95d1e13e9b", "hostname": "CLIENT26", "id": "c35095e9-5f9f-4084-a651-3aaa2966847a", "name": "CLIENT26", "type": "winlogbeat", "version": "7.10.2"}, "ecs": {"version": "1.5.0"}, "event": {"action": "Process Create (rule: ProcessCreate)", "category": ["process"], "code": 1, "created": "2025-01-09T16:17:16.654Z", "kind": "event", "module": "sysmon", "provider": "Microsoft-Windows-Sysmon", "type": ["start", "process_start"]}, "hash": {"imphash": "0bc2115c454c6afbb369c14e7d59379d", "md5": "91a2ef577822fa0206983b8d97c2d383", "sha1": "e85ac533034790f5a41657fcdbc215304a13356e", "sha256": "35492a1f96bd065b6e5f3938a0564f4e0e55f7ebbd666d92fbb9d80034f394a8"}, "host": {"name": "CLIENT26.breach.local"}, "log": {"level": "information"}, "process": {"args": ["C:\\Program Files (x86)\\Mozilla Firefox\\firefox.exe", "-contentproc", "--channel=10424.1.265931420\\448731725", "-parentBuildID", "20220705093820", "-prefsHandle", "1988", "-prefMapHandle", "1984", "-prefsLen", "24182", "-prefMapSize", "223336", "-appDir", "C:\\Program Files (x86)\\Mozilla Firefox\\browser", "-", "10424", "\\\\.\\pipe\\gecko-crash-server-pipe.10424", "2000", "13076530", "gpu"], "command_line": "\"C:\\Program Files (x86)\\Mozilla Firefox\\firefox.exe\" -contentproc --channel=\"10424.1.265931420\\448731725\" -parentBuildID 20220705093820 -prefsHandle 1988 -prefMapHandle 1984 -prefsLen 24182 -prefMapSize 223336 -appDir \"C:\\Program Files (x86)\\Mozilla Firefox\\browser\" - 10424 \"\\\\.\\pipe\\gecko-crash-server-pipe.10424\" 2000 13076530 gpu", "entity_id": "{416dd0c5-f687-677f-2705-000000001400}", "executable": "C:\\Program Files (x86)\\Mozilla Firefox\\firefox.exe", "hash": {"md5": "91a2ef577822fa0206983b8d97c2d383", "sha1": "e85ac533034790f5a41657fcdbc215304a13356e", "sha256": "35492a1f96bd065b6e5f3938a0564f4e0e55f7ebbd666d92fbb9d80034f394a8"}, "name": "firefox.exe", "parent": {"args": ["C:\\Program Files (x86)\\Mozilla Firefox\\firefox.exe", "--marionette", "--remote-debugging-port", "54302", "--remote-allow-hosts", "localhost", "-no-remote", "-profile", "C:\\Users\\client26\\AppData\\Local\\Temp\\rust_mozprofileNnWqk1"], "command_line": "\"C:\\Program Files (x86)\\Mozilla Firefox\\firefox.exe\" --marionette --remote-debugging-port 54302 --remote-allow-hosts localhost -no-remote -profile C:\\Users\\client26\\AppData\\Local\\Temp\\rust_mozprofileNnWqk1", "entity_id": "{416dd0c5-f686-677f-2505-000000001400}", "executable": "C:\\Program Files (x86)\\Mozilla Firefox\\firefox.exe", "name": "firefox.exe", "pid": 10424}, "pe": {"imphash": "0bc2115c454c6afbb369c14e7d59379d"}, "pid": 9668, "working_directory": "C:\\BREACH\\"}, "related": {"hash": ["e85ac533034790f5a41657fcdbc215304a13356e", "91a2ef577822fa0206983b8d97c2d383", "35492a1f96bd065b6e5f3938a0564f4e0e55f7ebbd666d92fbb9d80034f394a8", "0bc2115c454c6afbb369c14e7d59379d"], "user": "client26"}, "user": {"domain": "BREACH", "name": "client26"}, "winlog": {"api": "wineventlog", "channel": "Microsoft-Windows-Sysmon/Operational", "computer_name": "CLIENT26.breach.local", "event_data": {"Company": "Mozilla Corporation", "Description": "Firefox", "FileVersion": "102.0.1", "IntegrityLevel": "Medium", "LogonGuid": "{416dd0c5-885e-677f-fe57-040000000000}", "LogonId": "0x457fe", "OriginalFileName": "firefox.exe", "ParentUser": "BREACH\\client26", "Product": "Firefox", "RuleName": "-", "TerminalSessionId": "1"}, "event_id": 1, "opcode": "Info", "process": {"pid": 2936, "thread": {"id": 3444}}, "provider_guid": "{5770385f-c22a-43e0-bf4c-06f5698ffbd9}", "provider_name": "Microsoft-Windows-Sysmon", "record_id": 5749388, "task": "Process Create (rule: ProcessCreate)", "user": {"domain": "NT AUTHORITY", "identifier": "S-1-5-18", "name": "SYSTEM", "type": "User"}, "version": 5}}
{"@timestamp": "2025-01-09T16:17:12.009Z", "agent": {"ephemeral_id": "7e6e4a94-de5f-4621-9550-fe95d1e13e9b", "hostname": "CLIENT26", "id": "c35095e9-5f9f-4084-a651-3aaa2966847a", "name": "CLIENT26", "type": "winlogbeat", "version": "7.10.2"}, "ecs": {"version": "1.5.0"}, "event": {"action": "Process Create (rule: ProcessCreate)", "category": ["process"], "code": 1, "created": "2025-01-09T16:17:17.185Z", "kind": "event", "module": "sysmon", "provider": "Microsoft-Windows-Sysmon", "type": ["start", "process_start"]}, "hash": {"imphash": "0bc2115c454c6afbb369c14e7d59379d", "md5": "91a2ef577822fa0206983b8d97c2d383", "sha1": "e85ac533034790f5a41657fcdbc215304a13356e", "sha256": "35492a1f96bd065b6e5f3938a0564f4e0e55f7ebbd666d92fbb9d80034f394a8"}, "host": {"name": "CLIENT26.breach.local"}, "log": {"level": "information"}, "process": {"args": ["C:\\Program Files (x86)\\Mozilla Firefox\\firefox.exe", "-contentproc", "--channel=10424.2.1164281797\\2144736194", "-childID", "1", "-isForBrowser", "-prefsHandle", "3140", "-prefMapHandle", "3136", "-prefsLen", "26448", "-prefMapSize", "223336", "-jsInitHandle", "1272", "-jsInitLen", "277276", "-a11yResourceId", "64", "-parentBuildID", "20220705093820", "-win32kLockedDown", "-appDir", "C:\\Program Files (x86)\\Mozilla Firefox\\browser", "-", "10424", "\\\\.\\pipe\\gecko-crash-server-pipe.10424", "3192", "1f3bfcb0", "tab"], "command_line": "\"C:\\Program Files (x86)\\Mozilla Firefox\\firefox.exe\" -contentproc --channel=\"10424.2.1164281797\\2144736194\" -childID 1 -isForBrowser -prefsHandle 3140 -prefMapHandle 3136 -prefsLen 26448 -prefMapSize 223336 -jsInitHandle 1272 -jsInitLen 277276 -a11yResourceId 64 -parentBuildID 20220705093820 -win32kLockedDown -appDir \"C:\\Program Files (x86)\\Mozilla Firefox\\browser\" - 10424 \"\\\\.\\pipe\\gecko-crash-server-pipe.10424\" 3192 1f3bfcb0 tab", "entity_id": "{416dd0c5-f688-677f-2805-000000001400}", "executable": "C:\\Program Files (x86)\\Mozilla Firefox\\firefox.exe", "hash": {"md5": "91a2ef577822fa0206983b8d97c2d383", "sha1": "e85ac533034790f5a41657fcdbc215304a13356e", "sha256": "35492a1f96bd065b6e5f3938a0564f4e0e55f7ebbd666d92fbb9d80034f394a8"}, "name": "firefox.exe", "parent": {"args": ["C:\\Program Files (x86)\\Mozilla Firefox\\firefox.exe", "--marionette", "--remote-debugging-port", "54302", "--remote-allow-hosts", "localhost", "-no-remote", "-profile", "C:\\Users\\client26\\AppData\\Local\\Temp\\rust_mozprofileNnWqk1"], "command_line": "\"C:\\Program Files (x86)\\Mozilla Firefox\\firefox.exe\" --marionette --remote-debugging-port 54302 --remote-allow-hosts localhost -no-remote -profile C:\\Users\\client26\\AppData\\Local\\Temp\\rust_mozprofileNnWqk1", "entity_id": "{416dd0c5-f686-677f-2505-000000001400}", "executable": "C:\\Program Files (x86)\\Mozilla Firefox\\firefox.exe", "name": "firefox.exe", "pid": 10424}, "pe": {"imphash": "0bc2115c454c6afbb369c14e7d59379d"}, "pid": 12100, "working_directory": "C:\\BREACH\\"}, "related": {"hash": ["e85ac533034790f5a41657fcdbc215304a13356e", "91a2ef577822fa0206983b8d97c2d383", "35492a1f96bd065b6e5f3938a0564f4e0e55f7ebbd666d92fbb9d80034f394a8", "0bc2115c454c6afbb369c14e7d59379d"], "user": "client26"}, "user": {"domain": "BREACH", "name": "client26"}, "winlog": {"api": "wineventlog", "channel": "Microsoft-Windows-Sysmon/Operational", "computer_name": "CLIENT26.breach.local", "event_data": {"Company": "Mozilla Corporation", "Description": "Firefox", "FileVersion": "102.0.1", "IntegrityLevel": "Low", "LogonGuid": "{416dd0c5-885e-677f-fe57-040000000000}", "LogonId": "0x457fe", "OriginalFileName": "firefox.exe", "ParentUser": "BREACH\\client26", "Product": "Firefox", "RuleName": "-", "TerminalSessionId": "1"}, "event_id": 1, "opcode": "Info", "process": {"pid": 2936, "thread": {"id": 3444}}, "provider_guid": "{5770385f-c22a-43e0-bf4c-06f5698ffbd9}", "provider_name": "Microsoft-Windows-Sysmon", "record_id": 5749558, "task": "Process Create (rule: ProcessCreate)", "user": {"domain": "NT AUTHORITY", "identifier": "S-1-5-18", "name": "SYSTEM", "type": "User"}, "version": 5}}
{"@timestamp": "2025-01-09T16:17:12.234Z", "agent": {"ephemeral_id": "7e6e4a94-de5f-4621-9550-fe95d1e13e9b", "hostname": "CLIENT26", "id": "c35095e9-5f9f-4084-a651-3aaa2966847a", "name": "CLIENT26", "type": "winlogbeat", "version": "7.10.2"}, "ecs": {"version": "1.5.0"}, "event": {"action": "Process Create (rule: ProcessCreate)", "category": ["process"], "code": 1, "created": "2025-01-09T16:17:17.210Z", "kind": "event", "module": "sysmon", "provider": "Microsoft-Windows-Sysmon", "type": ["start", "process_start"]}, "hash": {"imphash": "0bc2115c454c6afbb369c14e7d59379d", "md5": "91a2ef577822fa0206983b8d97c2d383", "sha1": "e85ac533034790f5a41657fcdbc215304a13356e", "sha256": "35492a1f96bd065b6e5f3938a0564f4e0e55f7ebbd666d92fbb9d80034f394a8"}, "host": {"name": "CLIENT26.breach.local"}, "log": {"level": "information"}, "process": {"args": ["C:\\Program Files (x86)\\Mozilla Firefox\\firefox.exe", "-contentproc", "--channel=10424.3.1172738269\\396142963", "-childID", "2", "-isForBrowser", "-prefsHandle", "3472", "-prefMapHandle", "3468", "-prefsLen", "26570", "-prefMapSize", "223336", "-jsInitHandle", "1272", "-jsInitLen", "277276", "-a11yResourceId", "64", "-parentBuildID", "20220705093820", "-win32kLockedDown", "-appDir", "C:\\Program Files (x86)\\Mozilla Firefox\\browser", "-", "10424", "\\\\.\\pipe\\gecko-crash-server-pipe.10424", "3480", "1f3bf1b0", "tab"], "command_line": "\"C:\\Program Files (x86)\\Mozilla Firefox\\firefox.exe\" -contentproc --channel=\"10424.3.1172738269\\396142963\" -childID 2 -isForBrowser -prefsHandle 3472 -prefMapHandle 3468 -prefsLen 26570 -prefMapSize 223336 -jsInitHandle 1272 -jsInitLen 277276 -a11yResourceId 64 -parentBuildID 20220705093820 -win32kLockedDown -appDir \"C:\\Program Files (x86)\\Mozilla Firefox\\browser\" - 10424 \"\\\\.\\pipe\\gecko-crash-server-pipe.10424\" 3480 1f3bf1b0 tab", "entity_id": "{416dd0c5-f688-677f-2905-000000001400}", "executable": "C:\\Program Files (x86)\\Mozilla Firefox\\firefox.exe", "hash": {"md5": "91a2ef577822fa0206983b8d97c2d383", "sha1": "e85ac533034790f5a41657fcdbc215304a13356e", "sha256": "35492a1f96bd065b6e5f3938a0564f4e0e55f7ebbd666d92fbb9d80034f394a8"}, "name": "firefox.exe", "parent": {"args": ["C:\\Program Files (x86)\\Mozilla Firefox\\firefox.exe", "--marionette", "--remote-debugging-port", "54302", "--remote-allow-hosts", "localhost", "-no-remote", "-profile", "C:\\Users\\client26\\AppData\\Local\\Temp\\rust_mozprofileNnWqk1"], "command_line": "\"C:\\Program Files (x86)\\Mozilla Firefox\\firefox.exe\" --marionette --remote-debugging-port 54302 --remote-allow-hosts localhost -no-remote -profile C:\\Users\\client26\\AppData\\Local\\Temp\\rust_mozprofileNnWqk1", "entity_id": "{416dd0c5-f686-677f-2505-000000001400}", "executable": "C:\\Program Files (x86)\\Mozilla Firefox\\firefox.exe", "name": "firefox.exe", "pid": 10424}, "pe": {"imphash": "0bc2115c454c6afbb369c14e7d59379d"}, "pid": 5044, "working_directory": "C:\\BREACH\\"}, "related": {"hash": ["e85ac533034790f5a41657fcdbc215304a13356e", "91a2ef577822fa0206983b8d97c2d383", "35492a1f96bd065b6e5f3938a0564f4e0e55f7ebbd666d92fbb9d80034f394a8", "0bc2115c454c6afbb369c14e7d59379d"], "user": "client26"}, "user": {"domain": "BREACH", "name": "client26"}, "winlog": {"api": "wineventlog", "channel": "Microsoft-Windows-Sysmon/Operational", "computer_name": "CLIENT26.breach.local", "event_data": {"Company": "Mozilla Corporation", "Description": "Firefox", "FileVersion": "102.0.1", "IntegrityLevel": "Low", "LogonGuid": "{416dd0c5-885e-677f-fe57-040000000000}", "LogonId": "0x457fe", "OriginalFileName": "firefox.exe", "ParentUser": "BREACH\\client26", "Product": "Firefox", "RuleName": "-", "TerminalSessionId": "1"}, "event_id": 1, "opcode": "Info", "process": {"pid": 2936, "thread": {"id": 3444}}, "provider_guid": "{5770385f-c22a-43e0-bf4c-06f5698ffbd9}", "provider_name": "Microsoft-Windows-Sysmon", "record_id": 5749622, "task": "Process Create (rule: ProcessCreate)", "user": {"domain": "NT AUTHORITY", "identifier": "S-1-5-18", "name": "SYSTEM", "type": "User"}, "version": 5}}
{"@timestamp": "2025-01-09T16:17:14.093Z", "agent": {"ephemeral_id": "7e6e4a94-de5f-4621-9550-fe95d1e13e9b", "hostname": "CLIENT26", "id": "c35095e9-5f9f-4084-a651-3aaa2966847a", "name": "CLIENT26", "type": "winlogbeat", "version": "7.10.2"}, "ecs": {"version": "1.5.0"}, "event": {"action": "Process Create (rule: ProcessCreate)", "category": ["process"], "code": 1, "created": "2025-01-09T16:17:17.643Z", "kind": "event", "module": "sysmon", "provider": "Microsoft-Windows-Sysmon", "type": ["start", "process_start"]}, "hash": {"imphash": "0bc2115c454c6afbb369c14e7d59379d", "md5": "91a2ef577822fa0206983b8d97c2d383", "sha1": "e85ac533034790f5a41657fcdbc215304a13356e", "sha256": "35492a1f96bd065b6e5f3938a0564f4e0e55f7ebbd666d92fbb9d80034f394a8"}, "host": {"name": "CLIENT26.breach.local"}, "log": {"level": "information"}, "process": {"args": ["C:\\Program Files (x86)\\Mozilla Firefox\\firefox.exe", "-contentproc", "--channel=10424.4.956333235\\1774775617", "-childID", "3", "-isForBrowser", "-prefsHandle", "4308", "-prefMapHandle", "4304", "-prefsLen", "33730", "-prefMapSize", "223336", "-jsInitHandle", "1272", "-jsInitLen", "277276", "-a11yResourceId", "64", "-parentBuildID", "20220705093820", "-win32kLockedDown", "-appDir", "C:\\Program Files (x86)\\Mozilla Firefox\\browser", "-", "10424", "\\\\.\\pipe\\gecko-crash-server-pipe.10424", "4332", "1f3bf9f0", "tab"], "command_line": "\"C:\\Program Files (x86)\\Mozilla Firefox\\firefox.exe\" -contentproc --channel=\"10424.4.956333235\\1774775617\" -childID 3 -isForBrowser -prefsHandle 4308 -prefMapHandle 4304 -prefsLen 33730 -prefMapSize 223336 -jsInitHandle 1272 -jsInitLen 277276 -a11yResourceId 64 -parentBuildID 20220705093820 -win32kLockedDown -appDir \"C:\\Program Files (x86)\\Mozilla Firefox\\browser\" - 10424 \"\\\\.\\pipe\\gecko-crash-server-pipe.10424\" 4332 1f3bf9f0 tab", "entity_id": "{416dd0c5-f68a-677f-2a05-000000001400}", "executable": "C:\\Program Files (x86)\\Mozilla Firefox\\firefox.exe", "hash": {"md5": "91a2ef577822fa0206983b8d97c2d383", "sha1": "e85ac533034790f5a41657fcdbc215304a13356e", "sha256": "35492a1f96bd065b6e5f3938a0564f4e0e55f7ebbd666d92fbb9d80034f394a8"}, "name": "firefox.exe", "parent": {"args": ["C:\\Program Files (x86)\\Mozilla Firefox\\firefox.exe", "--marionette", "--remote-debugging-port", "54302", "--remote-allow-hosts", "localhost", "-no-remote", "-profile", "C:\\Users\\client26\\AppData\\Local\\Temp\\rust_mozprofileNnWqk1"], "command_line": "\"C:\\Program Files (x86)\\Mozilla Firefox\\firefox.exe\" --marionette --remote-debugging-port 54302 --remote-allow-hosts localhost -no-remote -profile C:\\Users\\client26\\AppData\\Local\\Temp\\rust_mozprofileNnWqk1", "entity_id": "{416dd0c5-f686-677f-2505-000000001400}", "executable": "C:\\Program Files (x86)\\Mozilla Firefox\\firefox.exe", "name": "firefox.exe", "pid": 10424}, "pe": {"imphash": "0bc2115c454c6afbb369c14e7d59379d"}, "pid": 10280, "working_directory": "C:\\BREACH\\"}, "related": {"hash": ["e85ac533034790f5a41657fcdbc215304a13356e", "91a2ef577822fa0206983b8d97c2d383", "35492a1f96bd065b6e5f3938a0564f4e0e55f7ebbd666d92fbb9d80034f394a8", "0bc2115c454c6afbb369c14e7d59379d"], "user": "client26"}, "user": {"domain": "BREACH", "name": "client26"}, "winlog": {"api": "wineventlog", "channel": "Microsoft-Windows-Sysmon/Operational", "computer_name": "CLIENT26.breach.local", "event_data": {"Company": "Mozilla Corporation", "Description": "Firefox", "FileVersion": "102.0.1", "IntegrityLevel": "Low", "LogonGuid": "{416dd0c5-885e-677f-fe57-040000000000}", "LogonId": "0x457fe", "OriginalFileName": "firefox.exe", "ParentUser": "BREACH\\client26", "Product": "Firefox", "RuleName": "-", "TerminalSessionId": "1"}, "event_id": 1, "opcode": "Info", "process": {"pid": 2936, "thread": {"id": 3444}}, "provider_guid": "{5770385f-c22a-43e0-bf4c-06f5698ffbd9}", "provider_name": "Microsoft-Windows-Sysmon", "record_id": 5749844, "task": "Process Create (rule: ProcessCreate)", "user": {"domain": "NT AUTHORITY", "identifier": "S-1-5-18", "name": "SYSTEM", "type": "User"}, "version": 5}}
{"@timestamp": "2025-01-09T16:17:15.157Z", "agent": {"ephemeral_id": "7e6e4a94-de5f-4621-9550-fe95d1e13e9b", "hostname": "CLIENT26", "id": "c35095e9-5f9f-4084-a651-3aaa2966847a", "name": "CLIENT26", "type": "winlogbeat", "version": "7.10.2"}, "ecs": {"version": "1.5.0"}, "event": {"action": "Process Create (rule: ProcessCreate)", "category": ["process"], "code": 1, "created": "2025-01-09T16:17:17.829Z", "kind": "event", "module": "sysmon", "provider": "Microsoft-Windows-Sysmon", "type": ["start", "process_start"]}, "hash": {"imphash": "c7b2d9891c8ea27ab912d8036021e33d", "md5": "a815db40487b457b44dcda2dde8c4823", "sha1": "8766609f079faa9e74ae2c770c0e5f84b458799e", "sha256": "992210816bdb77611810d3ec259b49f000e1546a8415bb94e26ce7e17f58e16c"}, "host": {"name": "CLIENT26.breach.local"}, "log": {"level": "information"}, "process": {"args": ["C:\\Python37\\geckodriver.exe", "--websocket-port", "54332", "--port", "54331"], "command_line": "C:\\Python37\\geckodriver.exe --websocket-port 54332 --port 54331", "entity_id": "{416dd0c5-f68b-677f-2b05-000000001400}", "executable": "C:\\Python37\\geckodriver.exe", "hash": {"md5": "a815db40487b457b44dcda2dde8c4823", "sha1": "8766609f079faa9e74ae2c770c0e5f84b458799e", "sha256": "992210816bdb77611810d3ec259b49f000e1546a8415bb94e26ce7e17f58e16c"}, "name": "geckodriver.exe", "parent": {"args": ["C:\\Python37\\python.exe", "-c", "from multiprocessing.spawn import spawn_main; spawn_main(parent_pid=7496, pipe_handle=2056)", "--multiprocessing-fork"], "command_line": "\"C:\\Python37\\python.exe\" \"-c\" \"from multiprocessing.spawn import spawn_main; spawn_main(parent_pid=7496, pipe_handle=2056)\" \"--multiprocessing-fork\"", "entity_id": "{416dd0c5-f680-677f-2205-000000001400}", "executable": "C:\\Python37\\python.exe", "name": "python.exe", "pid": 11636}, "pe": {"imphash": "c7b2d9891c8ea27ab912d8036021e33d"}, "pid": 11312, "working_directory": "C:\\BREACH\\"}, "related": {"hash": ["8766609f079faa9e74ae2c770c0e5f84b458799e", "a815db40487b457b44dcda2dde8c4823", "992210816bdb77611810d3ec259b49f000e1546a8415bb94e26ce7e17f58e16c", "c7b2d9891c8ea27ab912d8036021e33d"], "user": "client26"}, "user": {"domain": "BREACH", "name": "client26"}, "winlog": {"api": "wineventlog", "channel": "Microsoft-Windows-Sysmon/Operational", "computer_name": "CLIENT26.breach.local", "event_data": {"Company": "-", "Description": "-", "FileVersion": "-", "IntegrityLevel": "Medium", "LogonGuid": "{416dd0c5-885e-677f-fe57-040000000000}", "LogonId": "0x457fe", "OriginalFileName": "-", "ParentUser": "BREACH\\client26", "Product": "-", "RuleName": "-", "TerminalSessionId": "1"}, "event_id": 1, "opcode": "Info", "process": {"pid": 2936, "thread": {"id": 3444}}, "provider_guid": "{5770385f-c22a-43e0-bf4c-06f5698ffbd9}", "provider_name": "Microsoft-Windows-Sysmon", "record_id": 5750035, "task": "Process Create (rule: ProcessCreate)", "user": {"domain": "NT AUTHORITY", "identifier": "S-1-5-18", "name": "SYSTEM", "type": "User"}, "version": 5}}
{"@timestamp": "2025-01-09T16:17:18.699Z", "agent": {"ephemeral_id": "7e6e4a94-de5f-4621-9550-fe95d1e13e9b", "hostname": "CLIENT26", "id": "c35095e9-5f9f-4084-a651-3aaa2966847a", "name": "CLIENT26", "type": "winlogbeat", "version": "7.10.2"}, "ecs": {"version": "1.5.0"}, "event": {"action": "Process Create (rule: ProcessCreate)", "category": ["process"], "code": 1, "created": "2025-01-09T16:17:31.325Z", "kind": "event", "module": "sysmon", "provider": "Microsoft-Windows-Sysmon", "type": ["start", "process_start"]}, "hash": {"imphash": "0bc2115c454c6afbb369c14e7d59379d", "md5": "91a2ef577822fa0206983b8d97c2d383", "sha1": "e85ac533034790f5a41657fcdbc215304a13356e", "sha256": "35492a1f96bd065b6e5f3938a0564f4e0e55f7ebbd666d92fbb9d80034f394a8"}, "host": {"name": "CLIENT26.breach.local"}, "log": {"level": "information"}, "process": {"args": ["C:\\Program Files (x86)\\Mozilla Firefox\\firefox.exe", "--marionette", "--remote-debugging-port", "54332", "--remote-allow-hosts", "localhost", "-no-remote", "-profile", "C:\\Users\\client26\\AppData\\Local\\Temp\\rust_mozprofiletsnmht"], "command_line": "\"C:\\Program Files (x86)\\Mozilla Firefox\\firefox.exe\" --marionette --remote-debugging-port 54332 --remote-allow-hosts localhost -no-remote -profile C:\\Users\\client26\\AppData\\Local\\Temp\\rust_mozprofiletsnmht", "entity_id": "{416dd0c5-f68e-677f-2c05-000000001400}", "executable": "C:\\Program Files (x86)\\Mozilla Firefox\\firefox.exe", "hash": {"md5": "91a2ef577822fa0206983b8d97c2d383", "sha1": "e85ac533034790f5a41657fcdbc215304a13356e", "sha256": "35492a1f96bd065b6e5f3938a0564f4e0e55f7ebbd666d92fbb9d80034f394a8"}, "name": "firefox.exe", "parent": {"args": ["C:\\Python37\\geckodriver.exe", "--websocket-port", "54332", "--port", "54331"], "command_line": "C:\\Python37\\geckodriver.exe --websocket-port 54332 --port 54331", "entity_id": "{416dd0c5-f68b-677f-2b05-000000001400}", "executable": "C:\\Python37\\geckodriver.exe", "name": "geckodriver.exe", "pid": 11312}, "pe": {"imphash": "0bc2115c454c6afbb369c14e7d59379d"}, "pid": 7648, "working_directory": "C:\\BREACH\\"}, "related": {"hash": ["e85ac533034790f5a41657fcdbc215304a13356e", "91a2ef577822fa0206983b8d97c2d383", "35492a1f96bd065b6e5f3938a0564f4e0e55f7ebbd666d92fbb9d80034f394a8", "0bc2115c454c6afbb369c14e7d59379d"], "user": "client26"}, "user": {"domain": "BREACH", "name": "client26"}, "winlog": {"api": "wineventlog", "channel": "Microsoft-Windows-Sysmon/Operational", "computer_name": "CLIENT26.breach.local", "event_data": {"Company": "Mozilla Corporation", "Description": "Firefox", "FileVersion": "102.0.1", "IntegrityLevel": "Medium", "LogonGuid": "{416dd0c5-885e-677f-fe57-040000000000}", "LogonId": "0x457fe", "OriginalFileName": "firefox.exe", "ParentUser": "BREACH\\client26", "Product": "Firefox", "RuleName": "-", "TerminalSessionId": "1"}, "event_id": 1, "opcode": "Info", "process": {"pid": 2936, "thread": {"id": 3444}}, "provider_guid": "{5770385f-c22a-43e0-bf4c-06f5698ffbd9}", "provider_name": "Microsoft-Windows-Sysmon", "record_id": 5750213, "task": "Process Create (rule: ProcessCreate)", "user": {"domain": "NT AUTHORITY", "identifier": "S-1-5-18", "name": "SYSTEM", "type": "User"}, "version": 5}}
{"@timestamp": "2025-01-09T16:17:18.728Z", "agent": {"ephemeral_id": "7e6e4a94-de5f-4621-9550-fe95d1e13e9b", "hostname": "CLIENT26", "id": "c35095e9-5f9f-4084-a651-3aaa2966847a", "name": "CLIENT26", "type": "winlogbeat", "version": "7.10.2"}, "ecs": {"version": "1.5.0"}, "event": {"action": "Process Create (rule: ProcessCreate)", "category": ["process"], "code": 1, "created": "2025-01-09T16:17:31.327Z", "kind": "event", "module": "sysmon", "provider": "Microsoft-Windows-Sysmon", "type": ["start", "process_start"]}, "hash": {"imphash": "0bc2115c454c6afbb369c14e7d59379d", "md5": "91a2ef577822fa0206983b8d97c2d383", "sha1": "e85ac533034790f5a41657fcdbc215304a13356e", "sha256": "35492a1f96bd065b6e5f3938a0564f4e0e55f7ebbd666d92fbb9d80034f394a8"}, "host": {"name": "CLIENT26.breach.local"}, "log": {"level": "information"}, "process": {"args": ["C:\\Program Files (x86)\\Mozilla Firefox\\firefox.exe", "--marionette", "--remote-debugging-port", "54332", "--remote-allow-hosts", "localhost", "-no-remote", "-profile", "C:\\Users\\client26\\AppData\\Local\\Temp\\rust_mozprofiletsnmht"], "command_line": "\"C:\\Program Files (x86)\\Mozilla Firefox\\firefox.exe\" --marionette --remote-debugging-port 54332 --remote-allow-hosts localhost -no-remote -profile C:\\Users\\client26\\AppData\\Local\\Temp\\rust_mozprofiletsnmht", "entity_id": "{416dd0c5-f68e-677f-2d05-000000001400}", "executable": "C:\\Program Files (x86)\\Mozilla Firefox\\firefox.exe", "hash": {"md5": "91a2ef577822fa0206983b8d97c2d383", "sha1": "e85ac533034790f5a41657fcdbc215304a13356e", "sha256": "35492a1f96bd065b6e5f3938a0564f4e0e55f7ebbd666d92fbb9d80034f394a8"}, "name": "firefox.exe", "parent": {"args": ["C:\\Program Files (x86)\\Mozilla Firefox\\firefox.exe", "--marionette", "--remote-debugging-port", "54332", "--remote-allow-hosts", "localhost", "-no-remote", "-profile", "C:\\Users\\client26\\AppData\\Local\\Temp\\rust_mozprofiletsnmht"], "command_line": "\"C:\\Program Files (x86)\\Mozilla Firefox\\firefox.exe\" --marionette --remote-debugging-port 54332 --remote-allow-hosts localhost -no-remote -profile C:\\Users\\client26\\AppData\\Local\\Temp\\rust_mozprofiletsnmht", "entity_id": "{416dd0c5-f68e-677f-2c05-000000001400}", "executable": "C:\\Program Files (x86)\\Mozilla Firefox\\firefox.exe", "name": "firefox.exe", "pid": 7648}, "pe": {"imphash": "0bc2115c454c6afbb369c14e7d59379d"}, "pid": 12268, "working_directory": "C:\\BREACH\\"}, "related": {"hash": ["e85ac533034790f5a41657fcdbc215304a13356e", "91a2ef577822fa0206983b8d97c2d383", "35492a1f96bd065b6e5f3938a0564f4e0e55f7ebbd666d92fbb9d80034f394a8", "0bc2115c454c6afbb369c14e7d59379d"], "user": "client26"}, "user": {"domain": "BREACH", "name": "client26"}, "winlog": {"api": "wineventlog", "channel": "Microsoft-Windows-Sysmon/Operational", "computer_name": "CLIENT26.breach.local", "event_data": {"Company": "Mozilla Corporation", "Description": "Firefox", "FileVersion": "102.0.1", "IntegrityLevel": "Medium", "LogonGuid": "{416dd0c5-885e-677f-fe57-040000000000}", "LogonId": "0x457fe", "OriginalFileName": "firefox.exe", "ParentUser": "BREACH\\client26", "Product": "Firefox", "RuleName": "-", "TerminalSessionId": "1"}, "event_id": 1, "opcode": "Info", "process": {"pid": 2936, "thread": {"id": 3444}}, "provider_guid": "{5770385f-c22a-43e0-bf4c-06f5698ffbd9}", "provider_name": "Microsoft-Windows-Sysmon", "record_id": 5750237, "task": "Process Create (rule: ProcessCreate)", "user": {"domain": "NT AUTHORITY", "identifier": "S-1-5-18", "name": "SYSTEM", "type": "User"}, "version": 5}}
{"@timestamp": "2025-01-09T16:17:19.318Z", "agent": {"ephemeral_id": "7e6e4a94-de5f-4621-9550-fe95d1e13e9b", "hostname": "CLIENT26", "id": "c35095e9-5f9f-4084-a651-3aaa2966847a", "name": "CLIENT26", "type": "winlogbeat", "version": "7.10.2"}, "ecs": {"version": "1.5.0"}, "event": {"action": "Process Create (rule: ProcessCreate)", "category": ["process"], "code": 1, "created": "2025-01-09T16:17:31.678Z", "kind": "event", "module": "sysmon", "provider": "Microsoft-Windows-Sysmon", "type": ["start", "process_start"]}, "hash": {"imphash": "0bc2115c454c6afbb369c14e7d59379d", "md5": "91a2ef577822fa0206983b8d97c2d383", "sha1": "e85ac533034790f5a41657fcdbc215304a13356e", "sha256": "35492a1f96bd065b6e5f3938a0564f4e0e55f7ebbd666d92fbb9d80034f394a8"}, "host": {"name": "CLIENT26.breach.local"}, "log": {"level": "information"}, "process": {"args": ["C:\\Program Files (x86)\\Mozilla Firefox\\firefox.exe", "-contentproc", "--channel=12268.0.412425472\\1019115182", "-parentBuildID", "20220705093820", "-prefsHandle", "1664", "-prefMapHandle", "1964", "-prefsLen", "23880", "-prefMapSize", "223336", "-win32kLockedDown", "-appDir", "C:\\Program Files (x86)\\Mozilla Firefox\\browser", "-", "12268", "\\\\.\\pipe\\gecko-crash-server-pipe.12268", "1820", "589cf50", "socket"], "command_line": "\"C:\\Program Files (x86)\\Mozilla Firefox\\firefox.exe\" -contentproc --channel=\"12268.0.412425472\\1019115182\" -parentBuildID 20220705093820 -prefsHandle 1664 -prefMapHandle 1964 -prefsLen 23880 -prefMapSize 223336 -win32kLockedDown -appDir \"C:\\Program Files (x86)\\Mozilla Firefox\\browser\" - 12268 \"\\\\.\\pipe\\gecko-crash-server-pipe.12268\" 1820 589cf50 socket", "entity_id": "{416dd0c5-f68f-677f-2e05-000000001400}", "executable": "C:\\Program Files (x86)\\Mozilla Firefox\\firefox.exe", "hash": {"md5": "91a2ef577822fa0206983b8d97c2d383", "sha1": "e85ac533034790f5a41657fcdbc215304a13356e", "sha256": "35492a1f96bd065b6e5f3938a0564f4e0e55f7ebbd666d92fbb9d80034f394a8"}, "name": "firefox.exe", "parent": {"args": ["C:\\Program Files (x86)\\Mozilla Firefox\\firefox.exe", "--marionette", "--remote-debugging-port", "54332", "--remote-allow-hosts", "localhost", "-no-remote", "-profile", "C:\\Users\\client26\\AppData\\Local\\Temp\\rust_mozprofiletsnmht"], "command_line": "\"C:\\Program Files (x86)\\Mozilla Firefox\\firefox.exe\" --marionette --remote-debugging-port 54332 --remote-allow-hosts localhost -no-remote -profile C:\\Users\\client26\\AppData\\Local\\Temp\\rust_mozprofiletsnmht", "entity_id": "{416dd0c5-f68e-677f-2d05-000000001400}", "executable": "C:\\Program Files (x86)\\Mozilla Firefox\\firefox.exe", "name": "firefox.exe", "pid": 12268}, "pe": {"imphash": "0bc2115c454c6afbb369c14e7d59379d"}, "pid": 11156, "working_directory": "C:\\BREACH\\"}, "related": {"hash": ["e85ac533034790f5a41657fcdbc215304a13356e", "91a2ef577822fa0206983b8d97c2d383", "35492a1f96bd065b6e5f3938a0564f4e0e55f7ebbd666d92fbb9d80034f394a8", "0bc2115c454c6afbb369c14e7d59379d"], "user": "client26"}, "user": {"domain": "BREACH", "name": "client26"}, "winlog": {"api": "wineventlog", "channel": "Microsoft-Windows-Sysmon/Operational", "computer_name": "CLIENT26.breach.local", "event_data": {"Company": "Mozilla Corporation", "Description": "Firefox", "FileVersion": "102.0.1", "IntegrityLevel": "Low", "LogonGuid": "{416dd0c5-885e-677f-fe57-040000000000}", "LogonId": "0x457fe", "OriginalFileName": "firefox.exe", "ParentUser": "BREACH\\client26", "Product": "Firefox", "RuleName": "-", "TerminalSessionId": "1"}, "event_id": 1, "opcode": "Info", "process": {"pid": 2936, "thread": {"id": 3444}}, "provider_guid": "{5770385f-c22a-43e0-bf4c-06f5698ffbd9}", "provider_name": "Microsoft-Windows-Sysmon", "record_id": 5750357, "task": "Process Create (rule: ProcessCreate)", "user": {"domain": "NT AUTHORITY", "identifier": "S-1-5-18", "name": "SYSTEM", "type": "User"}, "version": 5}}
