{"@timestamp": "2025-01-09T16:05:07.905Z", "agent": {"ephemeral_id": "79158253-5264-43d2-be20-4e132dda22ad", "hostname": "CLIENT28", "id": "c35095e9-5f9f-4084-a651-3aaa2966847a", "name": "CLIENT28", "type": "winlogbeat", "version": "7.10.2"}, "ecs": {"version": "1.5.0"}, "event": {"action": "Process Create (rule: ProcessCreate)", "category": ["process"], "code": 1, "created": "2025-01-09T16:08:10.007Z", "kind": "event", "module": "sysmon", "provider": "Microsoft-Windows-Sysmon", "type": ["start", "process_start"]}, "hash": {"imphash": "51bef41e5cd278a02c17451af095c288", "md5": "585d2527c7dcc8e2c69324212f9f2964", "sha1": "ace4770f386293b92d946f872d4bb280c9b587ef", "sha256": "44761759948fcf37ed691f462bbb54d3e3064f9b70d4e0e60b5338e87c785fbe"}, "host": {"name": "CLIENT28.breach.local"}, "log": {"level": "information"}, "process": {"args": ["C:\\Program Files (x86)\\Mozilla Firefox\\firefox.exe", "--marionette", "--remote-debugging-port", "50136", "--remote-allow-hosts", "localhost", "-no-remote", "-profile", "C:\\Users\\client28\\AppData\\Local\\Temp\\rust_mozprofilehZtnQn"], "command_line": "\"C:\\Program Files (x86)\\Mozilla Firefox\\firefox.exe\" --marionette --remote-debugging-port 50136 --remote-allow-hosts localhost -no-remote -profile C:\\Users\\client28\\AppData\\Local\\Temp\\rust_mozprofilehZtnQn", "entity_id": "{416dd0c5-f3b3-677f-7d04-000000001400}", "executable": "C:\\Program Files (x86)\\Mozilla Firefox\\firefox.exe", "hash": {"md5": "585d2527c7dcc8e2c69324212f9f2964", "sha1": "ace4770f386293b92d946f872d4bb280c9b587ef", "sha256": "44761759948fcf37ed691f462bbb54d3e3064f9b70d4e0e60b5338e87c785fbe"}, "name": "firefox.exe", "parent": {"args": ["C:\\Python37\\geckodriver.exe", "--websocket-port", "50136", "--port", "50135"], "command_line": "C:\\Python37\\geckodriver.exe --websocket-port 50136 --port 50135", "entity_id": "{416dd0c5-f3af-677f-7c04-000000001400}", "executable": "C:\\Python37\\geckodriver.exe", "name": "geckodriver.exe", "pid": 5232}, "pe": {"imphash": "51bef41e5cd278a02c17451af095c288"}, "pid": 2200, "working_directory": "C:\\BREACH\\"}, "related": {"hash": ["ace4770f386293b92d946f872d4bb280c9b587ef", "585d2527c7dcc8e2c69324212f9f2964", "44761759948fcf37ed691f462bbb54d3e3064f9b70d4e0e60b5338e87c785fbe", "51bef41e5cd278a02c17451af095c288"], "user": "client28"}, "user": {"domain": "BREACH", "name": "client28"}, "winlog": {"api": "wineventlog", "channel": "Microsoft-Windows-Sysmon/Operational", "computer_name": "CLIENT28.breach.local", "event_data": {"Company": "Mozilla Corporation", "Description": "Firefox", "FileVersion": "134.0", "IntegrityLevel": "Medium", "LogonGuid": "{416dd0c5-83b2-677f-4a28-040000000000}", "LogonId": "0x4284a", "OriginalFileName": "firefox.exe", "ParentUser": "BREACH\\client28", "Product": "Firefox", "RuleName": "-", "TerminalSessionId": "1"}, "event_id": 1, "opcode": "Info", "process": {"pid": 2892, "thread": {"id": 3552}}, "provider_guid": "{5770385f-c22a-43e0-bf4c-06f5698ffbd9}", "provider_name": "Microsoft-Windows-Sysmon", "record_id": 3671524, "task": "Process Create (rule: ProcessCreate)", "user": {"domain": "NT AUTHORITY", "identifier": "S-1-5-18", "name": "SYSTEM", "type": "User"}, "version": 5}}
{"@timestamp": "2025-01-09T16:05:08.190Z", "agent": {"ephemeral_id": "79158253-5264-43d2-be20-4e132dda22ad", "hostname": "CLIENT28", "id": "c35095e9-5f9f-4084-a651-3aaa2966847a", "name": "CLIENT28", "type": "winlogbeat", "version": "7.10.2"}, "ecs": {"version": "1.5.0"}, "event": {"action": "Process Create (rule: ProcessCreate)", "category": ["process"], "code": 1, "created": "2025-01-09T16:08:10.074Z", "kind": "event", "module": "sysmon", "provider": "Microsoft-Windows-Sysmon", "type": ["start", "process_start"]}, "hash": {"imphash": "51bef41e5cd278a02c17451af095c288", "md5": "585d2527c7dcc8e2c69324212f9f2964", "sha1": "ace4770f386293b92d946f872d4bb280c9b587ef", "sha256": "44761759948fcf37ed691f462bbb54d3e3064f9b70d4e0e60b5338e87c785fbe"}, "host": {"name": "CLIENT28.breach.local"}, "log": {"level": "information"}, "process": {"args": ["C:\\Program Files (x86)\\Mozilla Firefox\\firefox.exe", "--marionette", "--remote-debugging-port", "50136", "--remote-allow-hosts", "localhost", "-no-remote", "-profile", "C:\\Users\\client28\\AppData\\Local\\Temp\\rust_mozprofilehZtnQn"], "command_line": "\"C:\\Program Files (x86)\\Mozilla Firefox\\firefox.exe\" --marionette --remote-debugging-port 50136 --remote-allow-hosts localhost -no-remote -profile C:\\Users\\client28\\AppData\\Local\\Temp\\rust_mozprofilehZtnQn", "entity_id": "{416dd0c5-f3b4-677f-7e04-000000001400}", "executable": "C:\\Program Files (x86)\\Mozilla Firefox\\firefox.exe", "hash": {"md5": "585d2527c7dcc8e2c69324212f9f2964", "sha1": "ace4770f386293b92d946f872d4bb280c9b587ef", "sha256": "44761759948fcf37ed691f462bbb54d3e3064f9b70d4e0e60b5338e87c785fbe"}, "name": "firefox.exe", "parent": {"args": ["C:\\Program Files (x86)\\Mozilla Firefox\\firefox.exe", "--marionette", "--remote-debugging-port", "50136", "--remote-allow-hosts", "localhost", "-no-remote", "-profile", "C:\\Users\\client28\\AppData\\Local\\Temp\\rust_mozprofilehZtnQn"], "command_line": "\"C:\\Program Files (x86)\\Mozilla Firefox\\firefox.exe\" --marionette --remote-debugging-port 50136 --remote-allow-hosts localhost -no-remote -profile C:\\Users\\client28\\AppData\\Local\\Temp\\rust_mozprofilehZtnQn", "entity_id": "{416dd0c5-f3b3-677f-7d04-000000001400}", "executable": "C:\\Program Files (x86)\\Mozilla Firefox\\firefox.exe", "name": "firefox.exe", "pid": 2200}, "pe": {"imphash": "51bef41e5cd278a02c17451af095c288"}, "pid": 10892, "working_directory": "C:\\BREACH\\"}, "related": {"hash": ["ace4770f386293b92d946f872d4bb280c9b587ef", "585d2527c7dcc8e2c69324212f9f2964", "44761759948fcf37ed691f462bbb54d3e3064f9b70d4e0e60b5338e87c785fbe", "51bef41e5cd278a02c17451af095c288"], "user": "client28"}, "user": {"domain": "BREACH", "name": "client28"}, "winlog": {"api": "wineventlog", "channel": "Microsoft-Windows-Sysmon/Operational", "computer_name": "CLIENT28.breach.local", "event_data": {"Company": "Mozilla Corporation", "Description": "Firefox", "FileVersion": "134.0", "IntegrityLevel": "Medium", "LogonGuid": "{416dd0c5-83b2-677f-4a28-040000000000}", "LogonId": "0x4284a", "OriginalFileName": "firefox.exe", "ParentUser": "BREACH\\client28", "Product": "Firefox", "RuleName": "-", "TerminalSessionId": "1"}, "event_id": 1, "opcode": "Info", "process": {"pid": 2892, "thread": {"id": 3552}}, "provider_guid": "{5770385f-c22a-43e0-bf4c-06f5698ffbd9}", "provider_name": "Microsoft-Windows-Sysmon", "record_id": 3671549, "task": "Process Create (rule: ProcessCreate)", "user": {"domain": "NT AUTHORITY", "identifier": "S-1-5-18", "name": "SYSTEM", "type": "User"}, "version": 5}}
{"@timestamp": "2025-01-09T16:05:10.722Z", "agent": {"ephemeral_id": "79158253-5264-43d2-be20-4e132dda22ad", "hostname": "CLIENT28", "id": "c35095e9-5f9f-4084-a651-3aaa2966847a", "name": "CLIENT28", "type": "winlogbeat", "version": "7.10.2"}, "ecs": {"version": "1.5.0"}, "event": {"action": "Process Create (rule: ProcessCreate)", "category": ["process"], "code": 1, "created": "2025-01-09T16:08:39.619Z", "kind": "event", "module": "sysmon", "provider": "Microsoft-Windows-Sysmon", "type": ["start", "process_start"]}, "hash": {"imphash": "51bef41e5cd278a02c17451af095c288", "md5": "585d2527c7dcc8e2c69324212f9f2964", "sha1": "ace4770f386293b92d946f872d4bb280c9b587ef", "sha256": "44761759948fcf37ed691f462bbb54d3e3064f9b70d4e0e60b5338e87c785fbe"}, "host": {"name": "CLIENT28.breach.local"}, "log": {"level": "information"}, "process": {"args": ["C:\\Program Files (x86)\\Mozilla Firefox\\firefox.exe", "-contentproc", "-parentBuildID", "20241230151726", "-prefsHandle", "1940", "-prefsLen", "24873", "-prefMapHandle", "1944", "-prefMapSize", "267494", "-ipcHandle", "2032", "-initialChannelId", "{bcc553d1-1856-4687-9a03-55366c8304b5}", "-parentPid", "10892", "-crashReporter", "\\\\.\\pipe\\gecko-crash-server-pipe.10892", "-appDir", "C:\\Program Files (x86)\\Mozilla Firefox\\browser", "-", "1", "gpu"], "command_line": "\"C:\\Program Files (x86)\\Mozilla Firefox\\firefox.exe\" -contentproc -parentBuildID 20241230151726 -prefsHandle 1940 -prefsLen 24873 -prefMapHandle 1944 -prefMapSize 267494 -ipcHandle 2032 -initialChannelId {bcc553d1-1856-4687-9a03-55366c8304b5} -parentPid 10892 -crashReporter \"\\\\.\\pipe\\gecko-crash-server-pipe.10892\" -appDir \"C:\\Program Files (x86)\\Mozilla Firefox\\browser\" - 1 gpu", "entity_id": "{416dd0c5-f3b6-677f-7f04-000000001400}", "executable": "C:\\Program Files (x86)\\Mozilla Firefox\\firefox.exe", "hash": {"md5": "585d2527c7dcc8e2c69324212f9f2964", "sha1": "ace4770f386293b92d946f872d4bb280c9b587ef", "sha256": "44761759948fcf37ed691f462bbb54d3e3064f9b70d4e0e60b5338e87c785fbe"}, "name": "firefox.exe", "parent": {"args": ["C:\\Program Files (x86)\\Mozilla Firefox\\firefox.exe", "--marionette", "--remote-debugging-port", "50136", "--remote-allow-hosts", "localhost", "-no-remote", "-profile", "C:\\Users\\client28\\AppData\\Local\\Temp\\rust_mozprofilehZtnQn"], "command_line": "\"C:\\Program Files (x86)\\Mozilla Firefox\\firefox.exe\" --marionette --remote-debugging-port 50136 --remote-allow-hosts localhost -no-remote -profile C:\\Users\\client28\\AppData\\Local\\Temp\\rust_mozprofilehZtnQn", "entity_id": "{416dd0c5-f3b4-677f-7e04-000000001400}", "executable": "C:\\Program Files (x86)\\Mozilla Firefox\\firefox.exe", "name": "firefox.exe", "pid": 10892}, "pe": {"imphash": "51bef41e5cd278a02c17451af095c288"}, "pid": 4480, "working_directory": "C:\\BREACH\\"}, "related": {"hash": ["ace4770f386293b92d946f872d4bb280c9b587ef", "585d2527c7dcc8e2c69324212f9f2964", "44761759948fcf37ed691f462bbb54d3e3064f9b70d4e0e60b5338e87c785fbe", "51bef41e5cd278a02c17451af095c288"], "user": "client28"}, "user": {"domain": "BREACH", "name": "client28"}, "winlog": {"api": "wineventlog", "channel": "Microsoft-Windows-Sysmon/Operational", "computer_name": "CLIENT28.breach.local", "event_data": {"Company": "Mozilla Corporation", "Description": "Firefox", "FileVersion": "134.0", "IntegrityLevel": "Low", "LogonGuid": "{416dd0c5-83b2-677f-4a28-040000000000}", "LogonId": "0x4284a", "OriginalFileName": "firefox.exe", "ParentUser": "BREACH\\client28", "Product": "Firefox", "RuleName": "-", "TerminalSessionId": "1"}, "event_id": 1, "opcode": "Info", "process": {"pid": 2892, "thread": {"id": 3552}}, "provider_guid": "{5770385f-c22a-43e0-bf4c-06f5698ffbd9}", "provider_name": "Microsoft-Windows-Sysmon", "record_id": 3671703, "task": "Process Create (rule: ProcessCreate)", "user": {"domain": "NT AUTHORITY", "identifier": "S-1-5-18", "name": "SYSTEM", "type": "User"}, "version": 5}}
{"@timestamp": "2025-01-09T16:05:11.656Z", "agent": {"ephemeral_id": "79158253-5264-43d2-be20-4e132dda22ad", "hostname": "CLIENT28", "id": "c35095e9-5f9f-4084-a651-3aaa2966847a", "name": "CLIENT28", "type": "winlogbeat", "version": "7.10.2"}, "ecs": {"version": "1.5.0"}, "event": {"action": "Process Create (rule: ProcessCreate)", "category": ["process"], "code": 1, "created": "2025-01-09T16:08:53.195Z", "kind": "event", "module": "sysmon", "provider": "Microsoft-Windows-Sysmon", "type": ["start", "process_start"]}, "hash": {"imphash": "51bef41e5cd278a02c17451af095c288", "md5": "585d2527c7dcc8e2c69324212f9f2964", "sha1": "ace4770f386293b92d946f872d4bb280c9b587ef", "sha256": "44761759948fcf37ed691f462bbb54d3e3064f9b70d4e0e60b5338e87c785fbe"}, "host": {"name": "CLIENT28.breach.local"}, "log": {"level": "information"}, "process": {"args": ["C:\\Program Files (x86)\\Mozilla Firefox\\firefox.exe", "-contentproc", "-parentBuildID", "20241230151726", "-prefsHandle", "2500", "-prefsLen", "29459", "-prefMapHandle", "2504", "-prefMapSize", "267494", "-ipcHandle", "2512", "-initialChannelId", "{e3892d83-4170-4fa3-84db-13c3b2d1069e}", "-parentPid", "10892", "-crashReporter", "\\\\.\\pipe\\gecko-crash-server-pipe.10892", "-win32kLockedDown", "-appDir", "C:\\Program Files (x86)\\Mozilla Firefox\\browser", "-", "2", "socket"], "command_line": "\"C:\\Program Files (x86)\\Mozilla Firefox\\firefox.exe\" -contentproc -parentBuildID 20241230151726 -prefsHandle 2500 -prefsLen 29459 -prefMapHandle 2504 -prefMapSize 267494 -ipcHandle 2512 -initialChannelId {e3892d83-4170-4fa3-84db-13c3b2d1069e} -parentPid 10892 -crashReporter \"\\\\.\\pipe\\gecko-crash-server-pipe.10892\" -win32kLockedDown -appDir \"C:\\Program Files (x86)\\Mozilla Firefox\\browser\" - 2 socket", "entity_id": "{416dd0c5-f3b7-677f-8004-000000001400}", "executable": "C:\\Program Files (x86)\\Mozilla Firefox\\firefox.exe", "hash": {"md5": "585d2527c7dcc8e2c69324212f9f2964", "sha1": "ace4770f386293b92d946f872d4bb280c9b587ef", "sha256": "44761759948fcf37ed691f462bbb54d3e3064f9b70d4e0e60b5338e87c785fbe"}, "name": "firefox.exe", "parent": {"args": ["C:\\Program Files (x86)\\Mozilla Firefox\\firefox.exe", "--marionette", "--remote-debugging-port", "50136", "--remote-allow-hosts", "localhost", "-no-remote", "-profile", "C:\\Users\\client28\\AppData\\Local\\Temp\\rust_mozprofilehZtnQn"], "command_line": "\"C:\\Program Files (x86)\\Mozilla Firefox\\firefox.exe\" --marionette --remote-debugging-port 50136 --remote-allow-hosts localhost -no-remote -profile C:\\Users\\client28\\AppData\\Local\\Temp\\rust_mozprofilehZtnQn", "entity_id": "{416dd0c5-f3b4-677f-7e04-000000001400}", "executable": "C:\\Program Files (x86)\\Mozilla Firefox\\firefox.exe", "name": "firefox.exe", "pid": 10892}, "pe": {"imphash": "51bef41e5cd278a02c17451af095c288"}, "pid": 10984, "working_directory": "C:\\BREACH\\"}, "related": {"hash": ["ace4770f386293b92d946f872d4bb280c9b587ef", "585d2527c7dcc8e2c69324212f9f2964", "44761759948fcf37ed691f462bbb54d3e3064f9b70d4e0e60b5338e87c785fbe", "51bef41e5cd278a02c17451af095c288"], "user": "client28"}, "user": {"domain": "BREACH", "name": "client28"}, "winlog": {"api": "wineventlog", "channel": "Microsoft-Windows-Sysmon/Operational", "computer_name": "CLIENT28.breach.local", "event_data": {"Company": "Mozilla Corporation", "Description": "Firefox", "FileVersion": "134.0", "IntegrityLevel": "Low", "LogonGuid": "{416dd0c5-83b2-677f-4a28-040000000000}", "LogonId": "0x4284a", "OriginalFileName": "firefox.exe", "ParentUser": "BREACH\\client28", "Product": "Firefox", "RuleName": "-", "TerminalSessionId": "1"}, "event_id": 1, "opcode": "Info", "process": {"pid": 2892, "thread": {"id": 3552}}, "provider_guid": "{5770385f-c22a-43e0-bf4c-06f5698ffbd9}", "provider_name": "Microsoft-Windows-Sysmon", "record_id": 3671825, "task": "Process Create (rule: ProcessCreate)", "user": {"domain": "NT AUTHORITY", "identifier": "S-1-5-18", "name": "SYSTEM", "type": "User"}, "version": 5}}
{"@timestamp": "2025-01-09T16:05:12.622Z", "agent": {"ephemeral_id": "79158253-5264-43d2-be20-4e132dda22ad", "hostname": "CLIENT28", "id": "c35095e9-5f9f-4084-a651-3aaa2966847a", "name": "CLIENT28", "type": "winlogbeat", "version": "7.10.2"}, "ecs": {"version": "1.5.0"}, "event": {"action": "Process Create (rule: ProcessCreate)", "category": ["process"], "code": 1, "created": "2025-01-09T16:09:08.329Z", "kind": "event", "module": "sysmon", "provider": "Microsoft-Windows-Sysmon", "type": ["start", "process_start"]}, "hash": {"imphash": "51bef41e5cd278a02c17451af095c288", "md5": "585d2527c7dcc8e2c69324212f9f2964", "sha1": "ace4770f386293b92d946f872d4bb280c9b587ef", "sha256": "44761759948fcf37ed691f462bbb54d3e3064f9b70d4e0e60b5338e87c785fbe"}, "host": {"name": "CLIENT28.breach.local"}, "log": {"level": "information"}, "process": {"args": ["C:\\Program Files (x86)\\Mozilla Firefox\\firefox.exe", "-contentproc", "-isForBrowser", "-prefsHandle", "2888", "-prefsLen", "30030", "-prefMapHandle", "2892", "-prefMapSize", "267494", "-jsInitHandle", "2896", "-jsInitLen", "254356", "-parentBuildID", "20241230151726", "-ipcHandle", "2904", "-initialChannelId", "{6ecbb23b-5073-4d91-876c-cc2b6c0d2ea7}", "-parentPid", "10892", "-crashReporter", "\\\\.\\pipe\\gecko-crash-server-pipe.10892", "-win32kLockedDown", "-appDir", "C:\\Program Files (x86)\\Mozilla Firefox\\browser", "-", "3", "tab"], "command_line": "\"C:\\Program Files (x86)\\Mozilla Firefox\\firefox.exe\" -contentproc -isForBrowser -prefsHandle 2888 -prefsLen 30030 -prefMapHandle 2892 -prefMapSize 267494 -jsInitHandle 2896 -jsInitLen 254356 -parentBuildID 20241230151726 -ipcHandle 2904 -initialChannelId {6ecbb23b-5073-4d91-876c-cc2b6c0d2ea7} -parentPid 10892 -crashReporter \"\\\\.\\pipe\\gecko-crash-server-pipe.10892\" -win32kLockedDown -appDir \"C:\\Program Files (x86)\\Mozilla Firefox\\browser\" - 3 tab", "entity_id": "{416dd0c5-f3b8-677f-8104-000000001400}", "executable": "C:\\Program Files (x86)\\Mozilla Firefox\\firefox.exe", "hash": {"md5": "585d2527c7dcc8e2c69324212f9f2964", "sha1": "ace4770f386293b92d946f872d4bb280c9b587ef", "sha256": "44761759948fcf37ed691f462bbb54d3e3064f9b70d4e0e60b5338e87c785fbe"}, "name": "firefox.exe", "parent": {"args": ["C:\\Program Files (x86)\\Mozilla Firefox\\firefox.exe", "--marionette", "--remote-debugging-port", "50136", "--remote-allow-hosts", "localhost", "-no-remote", "-profile", "C:\\Users\\client28\\AppData\\Local\\Temp\\rust_mozprofilehZtnQn"], "command_line": "\"C:\\Program Files (x86)\\Mozilla Firefox\\firefox.exe\" --marionette --remote-debugging-port 50136 --remote-allow-hosts localhost -no-remote -profile C:\\Users\\client28\\AppData\\Local\\Temp\\rust_mozprofilehZtnQn", "entity_id": "{416dd0c5-f3b4-677f-7e04-000000001400}", "executable": "C:\\Program Files (x86)\\Mozilla Firefox\\firefox.exe", "name": "firefox.exe", "pid": 10892}, "pe": {"imphash": "51bef41e5cd278a02c17451af095c288"}, "pid": 1744, "working_directory": "C:\\BREACH\\"}, "related": {"hash": ["ace4770f386293b92d946f872d4bb280c9b587ef", "585d2527c7dcc8e2c69324212f9f2964", "44761759948fcf37ed691f462bbb54d3e3064f9b70d4e0e60b5338e87c785fbe", "51bef41e5cd278a02c17451af095c288"], "user": "client28"}, "user": {"domain": "BREACH", "name": "client28"}, "winlog": {"api": "wineventlog", "channel": "Microsoft-Windows-Sysmon/Operational", "computer_name": "CLIENT28.breach.local", "event_data": {"Company": "Mozilla Corporation", "Description": "Firefox", "FileVersion": "134.0", "IntegrityLevel": "Low", "LogonGuid": "{416dd0c5-83b2-677f-4a28-040000000000}", "LogonId": "0x4284a", "OriginalFileName": "firefox.exe", "ParentUser": "BREACH\\client28", "Product": "Firefox", "RuleName": "-", "TerminalSessionId": "1"}, "event_id": 1, "opcode": "Info", "process": {"pid": 2892, "thread": {"id": 3552}}, "provider_guid": "{5770385f-c22a-43e0-bf4c-06f5698ffbd9}", "provider_name": "Microsoft-Windows-Sysmon", "record_id": 3671929, "task": "Process Create (rule: ProcessCreate)", "user": {"domain": "NT AUTHORITY", "identifier": "S-1-5-18", "name": "SYSTEM", "type": "User"}, "version": 5}}
{"@timestamp": "2025-01-09T16:05:12.672Z", "agent": {"ephemeral_id": "79158253-5264-43d2-be20-4e132dda22ad", "hostname": "CLIENT28", "id": "c35095e9-5f9f-4084-a651-3aaa2966847a", "name": "CLIENT28", "type": "winlogbeat", "version": "7.10.2"}, "ecs": {"version": "1.5.0"}, "event": {"action": "Process Create (rule: ProcessCreate)", "category": ["process"], "code": 1, "created": "2025-01-09T16:09:08.330Z", "kind": "event", "module": "sysmon", "provider": "Microsoft-Windows-Sysmon", "type": ["start", "process_start"]}, "hash": {"imphash": "51bef41e5cd278a02c17451af095c288", "md5": "585d2527c7dcc8e2c69324212f9f2964", "sha1": "ace4770f386293b92d946f872d4bb280c9b587ef", "sha256": "44761759948fcf37ed691f462bbb54d3e3064f9b70d4e0e60b5338e87c785fbe"}, "host": {"name": "CLIENT28.breach.local"}, "log": {"level": "information"}, "process": {"args": ["C:\\Program Files (x86)\\Mozilla Firefox\\firefox.exe", "-contentproc", "-parentBuildID", "20241230151726", "-prefsHandle", "3044", "-prefsLen", "30075", "-prefMapHandle", "3048", "-prefMapSize", "267494", "-ipcHandle", "3088", "-initialChannelId", "{24b35d6f-e949-4d66-a4f2-c13da7923cc5}", "-parentPid", "10892", "-crashReporter", "\\\\.\\pipe\\gecko-crash-server-pipe.10892", "-appDir", "C:\\Program Files (x86)\\Mozilla Firefox\\browser", "-", "4", "rdd"], "command_line": "\"C:\\Program Files (x86)\\Mozilla Firefox\\firefox.exe\" -contentproc -parentBuildID 20241230151726 -prefsHandle 3044 -prefsLen 30075 -prefMapHandle 3048 -prefMapSize 267494 -ipcHandle 3088 -initialChannelId {24b35d6f-e949-4d66-a4f2-c13da7923cc5} -parentPid 10892 -crashReporter \"\\\\.\\pipe\\gecko-crash-server-pipe.10892\" -appDir \"C:\\Program Files (x86)\\Mozilla Firefox\\browser\" - 4 rdd", "entity_id": "{416dd0c5-f3b8-677f-8204-000000001400}", "executable": "C:\\Program Files (x86)\\Mozilla Firefox\\firefox.exe", "hash": {"md5": "585d2527c7dcc8e2c69324212f9f2964", "sha1": "ace4770f386293b92d946f872d4bb280c9b587ef", "sha256": "44761759948fcf37ed691f462bbb54d3e3064f9b70d4e0e60b5338e87c785fbe"}, "name": "firefox.exe", "parent": {"args": ["C:\\Program Files (x86)\\Mozilla Firefox\\firefox.exe", "--marionette", "--remote-debugging-port", "50136", "--remote-allow-hosts", "localhost", "-no-remote", "-profile", "C:\\Users\\client28\\AppData\\Local\\Temp\\rust_mozprofilehZtnQn"], "command_line": "\"C:\\Program Files (x86)\\Mozilla Firefox\\firefox.exe\" --marionette --remote-debugging-port 50136 --remote-allow-hosts localhost -no-remote -profile C:\\Users\\client28\\AppData\\Local\\Temp\\rust_mozprofilehZtnQn", "entity_id": "{416dd0c5-f3b4-677f-7e04-000000001400}", "executable": "C:\\Program Files (x86)\\Mozilla Firefox\\firefox.exe", "name": "firefox.exe", "pid": 10892}, "pe": {"imphash": "51bef41e5cd278a02c17451af095c288"}, "pid": 10316, "working_directory": "C:\\BREACH\\"}, "related": {"hash": ["ace4770f386293b92d946f872d4bb280c9b587ef", "585d2527c7dcc8e2c69324212f9f2964", "44761759948fcf37ed691f462bbb54d3e3064f9b70d4e0e60b5338e87c785fbe", "51bef41e5cd278a02c17451af095c288"], "user": "client28"}, "user": {"domain": "BREACH", "name": "client28"}, "winlog": {"api": "wineventlog", "channel": "Microsoft-Windows-Sysmon/Operational", "computer_name": "CLIENT28.breach.local", "event_data": {"Company": "Mozilla Corporation", "Description": "Firefox", "FileVersion": "134.0", "IntegrityLevel": "Low", "LogonGuid": "{416dd0c5-83b2-677f-4a28-040000000000}", "LogonId": "0x4284a", "OriginalFileName": "firefox.exe", "ParentUser": "BREACH\\client28", "Product": "Firefox", "RuleName": "-", "TerminalSessionId": "1"}, "event_id": 1, "opcode": "Info", "process": {"pid": 2892, "thread": {"id": 3552}}, "provider_guid": "{5770385f-c22a-43e0-bf4c-06f5698ffbd9}", "provider_name": "Microsoft-Windows-Sysmon", "record_id": 3671941, "task": "Process Create (rule: ProcessCreate)", "user": {"domain": "NT AUTHORITY", "identifier": "S-1-5-18", "name": "SYSTEM", "type": "User"}, "version": 5}}
{"@timestamp": "2025-01-09T16:05:12.943Z", "agent": {"ephemeral_id": "79158253-5264-43d2-be20-4e132dda22ad", "hostname": "CLIENT28", "id": "c35095e9-5f9f-4084-a651-3aaa2966847a", "name": "CLIENT28", "type": "winlogbeat", "version": "7.10.2"}, "ecs": {"version": "1.5.0"}, "event": {"action": "Process Create (rule: ProcessCreate)", "category": ["process"], "code": 1, "created": "2025-01-09T16:09:21.228Z", "kind": "event", "module": "sysmon", "provider": "Microsoft-Windows-Sysmon", "type": ["start", "process_start"]}, "hash": {"imphash": "51bef41e5cd278a02c17451af095c288", "md5": "585d2527c7dcc8e2c69324212f9f2964", "sha1": "ace4770f386293b92d946f872d4bb280c9b587ef", "sha256": "44761759948fcf37ed691f462bbb54d3e3064f9b70d4e0e60b5338e87c785fbe"}, "host": {"name": "CLIENT28.breach.local"}, "log": {"level": "information"}, "process": {"args": ["C:\\Program Files (x86)\\Mozilla Firefox\\firefox.exe", "-contentproc", "-isForBrowser", "-prefsHandle", "3036", "-prefsLen", "29360", "-prefMapHandle", "2896", "-prefMapSize", "267494", "-jsInitHandle", "3364", "-jsInitLen", "254356", "-parentBuildID", "20241230151726", "-ipcHandle", "3372", "-initialChannelId", "{49f75305-6a71-4de4-b6c7-b580f54bfa95}", "-parentPid", "10892", "-crashReporter", "\\\\.\\pipe\\gecko-crash-server-pipe.10892", "-win32kLockedDown", "-appDir", "C:\\Program Files (x86)\\Mozilla Firefox\\browser", "-", "5", "tab"], "command_line": "\"C:\\Program Files (x86)\\Mozilla Firefox\\firefox.exe\" -contentproc -isForBrowser -prefsHandle 3036 -prefsLen 29360 -prefMapHandle 2896 -prefMapSize 267494 -jsInitHandle 3364 -jsInitLen 254356 -parentBuildID 20241230151726 -ipcHandle 3372 -initialChannelId {49f75305-6a71-4de4-b6c7-b580f54bfa95} -parentPid 10892 -crashReporter \"\\\\.\\pipe\\gecko-crash-server-pipe.10892\" -win32kLockedDown -appDir \"C:\\Program Files (x86)\\Mozilla Firefox\\browser\" - 5 tab", "entity_id": "{416dd0c5-f3b8-677f-8304-000000001400}", "executable": "C:\\Program Files (x86)\\Mozilla Firefox\\firefox.exe", "hash": {"md5": "585d2527c7dcc8e2c69324212f9f2964", "sha1": "ace4770f386293b92d946f872d4bb280c9b587ef", "sha256": "44761759948fcf37ed691f462bbb54d3e3064f9b70d4e0e60b5338e87c785fbe"}, "name": "firefox.exe", "parent": {"args": ["C:\\Program Files (x86)\\Mozilla Firefox\\firefox.exe", "--marionette", "--remote-debugging-port", "50136", "--remote-allow-hosts", "localhost", "-no-remote", "-profile", "C:\\Users\\client28\\AppData\\Local\\Temp\\rust_mozprofilehZtnQn"], "command_line": "\"C:\\Program Files (x86)\\Mozilla Firefox\\firefox.exe\" --marionette --remote-debugging-port 50136 --remote-allow-hosts localhost -no-remote -profile C:\\Users\\client28\\AppData\\Local\\Temp\\rust_mozprofilehZtnQn", "entity_id": "{416dd0c5-f3b4-677f-7e04-000000001400}", "executable": "C:\\Program Files (x86)\\Mozilla Firefox\\firefox.exe", "name": "firefox.exe", "pid": 10892}, "pe": {"imphash": "51bef41e5cd278a02c17451af095c288"}, "pid": 9132, "working_directory": "C:\\BREACH\\"}, "related": {"hash": ["ace4770f386293b92d946f872d4bb280c9b587ef", "585d2527c7dcc8e2c69324212f9f2964", "44761759948fcf37ed691f462bbb54d3e3064f9b70d4e0e60b5338e87c785fbe", "51bef41e5cd278a02c17451af095c288"], "user": "client28"}, "user": {"domain": "BREACH", "name": "client28"}, "winlog": {"api": "wineventlog", "channel": "Microsoft-Windows-Sysmon/Operational", "computer_name": "CLIENT28.breach.local", "event_data": {"Company": "Mozilla Corporation", "Description": "Firefox", "FileVersion": "134.0", "IntegrityLevel": "Low", "LogonGuid": "{416dd0c5-83b2-677f-4a28-040000000000}", "LogonId": "0x4284a", "OriginalFileName": "firefox.exe", "ParentUser": "BREACH\\client28", "Product": "Firefox", "RuleName": "-", "TerminalSessionId": "1"}, "event_id": 1, "opcode": "Info", "process": {"pid": 2892, "thread": {"id": 3552}}, "provider_guid": "{5770385f-c22a-43e0-bf4c-06f5698ffbd9}", "provider_name": "Microsoft-Windows-Sysmon", "record_id": 3672032, "task": "Process Create (rule: ProcessCreate)", "user": {"domain": "NT AUTHORITY", "identifier": "S-1-5-18", "name": "SYSTEM", "type": "User"}, "version": 5}}
{"@timestamp": "2025-01-09T16:05:15.393Z", "agent": {"ephemeral_id": "79158253-5264-43d2-be20-4e132dda22ad", "hostname": "CLIENT28", "id": "c35095e9-5f9f-4084-a651-3aaa2966847a", "name": "CLIENT28", "type": "winlogbeat", "version": "7.10.2"}, "ecs": {"version": "1.5.0"}, "event": {"action": "Process Create (rule: ProcessCreate)", "category": ["process"], "code": 1, "created": "2025-01-09T16:09:48.920Z", "kind": "event", "module": "sysmon", "provider": "Microsoft-Windows-Sysmon", "type": ["start", "process_start"]}, "hash": {"imphash": "51bef41e5cd278a02c17451af095c288", "md5": "585d2527c7dcc8e2c69324212f9f2964", "sha1": "ace4770f386293b92d946f872d4bb280c9b587ef", "sha256": "44761759948fcf37ed691f462bbb54d3e3064f9b70d4e0e60b5338e87c785fbe"}, "host": {"name": "CLIENT28.breach.local"}, "log": {"level": "information"}, "process": {"args": ["C:\\Program Files (x86)\\Mozilla Firefox\\firefox.exe", "-contentproc", "-parentBuildID", "20241230151726", "-sandboxingKind", "0", "-prefsHandle", "3704", "-prefsLen", "39509", "-prefMapHandle", "2668", "-prefMapSize", "267494", "-ipcHandle", "3740", "-initialChannelId", "{4e6ae496-092e-4b42-a01e-0dc6bfde2013}", "-parentPid", "10892", "-crashReporter", "\\\\.\\pipe\\gecko-crash-server-pipe.10892", "-win32kLockedDown", "-appDir", "C:\\Program Files (x86)\\Mozilla Firefox\\browser", "-", "6", "utility"], "command_line": "\"C:\\Program Files (x86)\\Mozilla Firefox\\firefox.exe\" -contentproc -parentBuildID 20241230151726 -sandboxingKind 0 -prefsHandle 3704 -prefsLen 39509 -prefMapHandle 2668 -prefMapSize 267494 -ipcHandle 3740 -initialChannelId {4e6ae496-092e-4b42-a01e-0dc6bfde2013} -parentPid 10892 -crashReporter \"\\\\.\\pipe\\gecko-crash-server-pipe.10892\" -win32kLockedDown -appDir \"C:\\Program Files (x86)\\Mozilla Firefox\\browser\" - 6 utility", "entity_id": "{416dd0c5-f3bb-677f-8404-000000001400}", "executable": "C:\\Program Files (x86)\\Mozilla Firefox\\firefox.exe", "hash": {"md5": "585d2527c7dcc8e2c69324212f9f2964", "sha1": "ace4770f386293b92d946f872d4bb280c9b587ef", "sha256": "44761759948fcf37ed691f462bbb54d3e3064f9b70d4e0e60b5338e87c785fbe"}, "name": "firefox.exe", "parent": {"args": ["C:\\Program Files (x86)\\Mozilla Firefox\\firefox.exe", "--marionette", "--remote-debugging-port", "50136", "--remote-allow-hosts", "localhost", "-no-remote", "-profile", "C:\\Users\\client28\\AppData\\Local\\Temp\\rust_mozprofilehZtnQn"], "command_line": "\"C:\\Program Files (x86)\\Mozilla Firefox\\firefox.exe\" --marionette --remote-debugging-port 50136 --remote-allow-hosts localhost -no-remote -profile C:\\Users\\client28\\AppData\\Local\\Temp\\rust_mozprofilehZtnQn", "entity_id": "{416dd0c5-f3b4-677f-7e04-000000001400}", "executable": "C:\\Program Files (x86)\\Mozilla Firefox\\firefox.exe", "name": "firefox.exe", "pid": 10892}, "pe": {"imphash": "51bef41e5cd278a02c17451af095c288"}, "pid": 7944, "working_directory": "C:\\BREACH\\"}, "related": {"hash": ["ace4770f386293b92d946f872d4bb280c9b587ef", "585d2527c7dcc8e2c69324212f9f2964", "44761759948fcf37ed691f462bbb54d3e3064f9b70d4e0e60b5338e87c785fbe", "51bef41e5cd278a02c17451af095c288"], "user": "client28"}, "user": {"domain": "BREACH", "name": "client28"}, "winlog": {"api": "wineventlog", "channel": "Microsoft-Windows-Sysmon/Operational", "computer_name": "CLIENT28.breach.local", "event_data": {"Company": "Mozilla Corporation", "Description": "Firefox", "FileVersion": "134.0", "IntegrityLevel": "Low", "LogonGuid": "{416dd0c5-83b2-677f-4a28-040000000000}", "LogonId": "0x4284a", "OriginalFileName": "firefox.exe", "ParentUser": "BREACH\\client28", "Product": "Firefox", "RuleName": "-", "TerminalSessionId": "1"}, "event_id": 1, "opcode": "Info", "process": {"pid": 2892, "thread": {"id": 3552}}, "provider_guid": "{5770385f-c22a-43e0-bf4c-06f5698ffbd9}", "provider_name": "Microsoft-Windows-Sysmon", "record_id": 3672236, "task": "Process Create (rule: ProcessCreate)", "user": {"domain": "NT AUTHORITY", "identifier": "S-1-5-18", "name": "SYSTEM", "type": "User"}, "version": 5}}
{"@timestamp": "2025-01-09T16:05:15.421Z", "agent": {"ephemeral_id": "79158253-5264-43d2-be20-4e132dda22ad", "hostname": "CLIENT28", "id": "c35095e9-5f9f-4084-a651-3aaa2966847a", "name": "CLIENT28", "type": "winlogbeat", "version": "7.10.2"}, "ecs": {"version": "1.5.0"}, "event": {"action": "Process Create (rule: ProcessCreate)", "category": ["process"], "code": 1, "created": "2025-01-09T16:09:48.922Z", "kind": "event", "module": "sysmon", "provider": "Microsoft-Windows-Sysmon", "type": ["start", "process_start"]}, "hash": {"imphash": "51bef41e5cd278a02c17451af095c288", "md5": "585d2527c7dcc8e2c69324212f9f2964", "sha1": "ace4770f386293b92d946f872d4bb280c9b587ef", "sha256": "44761759948fcf37ed691f462bbb54d3e3064f9b70d4e0e60b5338e87c785fbe"}, "host": {"name": "CLIENT28.breach.local"}, "log": {"level": "information"}, "process": {"args": ["C:\\Program Files (x86)\\Mozilla Firefox\\firefox.exe", "-contentproc", "-isForBrowser", "-prefsHandle", "4724", "-prefsLen", "37574", "-prefMapHandle", "4712", "-prefMapSize", "267494", "-jsInitHandle", "4796", "-jsInitLen", "254356", "-parentBuildID", "20241230151726", "-ipcHandle", "4840", "-initialChannelId", "{6dfb576e-380b-4784-9b6a-d0302137af08}", "-parentPid", "10892", "-crashReporter", "\\\\.\\pipe\\gecko-crash-server-pipe.10892", "-win32kLockedDown", "-appDir", "C:\\Program Files (x86)\\Mozilla Firefox\\browser", "-", "7", "tab"], "command_line": "\"C:\\Program Files (x86)\\Mozilla Firefox\\firefox.exe\" -contentproc -isForBrowser -prefsHandle 4724 -prefsLen 37574 -prefMapHandle 4712 -prefMapSize 267494 -jsInitHandle 4796 -jsInitLen 254356 -parentBuildID 20241230151726 -ipcHandle 4840 -initialChannelId {6dfb576e-380b-4784-9b6a-d0302137af08} -parentPid 10892 -crashReporter \"\\\\.\\pipe\\gecko-crash-server-pipe.10892\" -win32kLockedDown -appDir \"C:\\Program Files (x86)\\Mozilla Firefox\\browser\" - 7 tab", "entity_id": "{416dd0c5-f3bb-677f-8504-000000001400}", "executable": "C:\\Program Files (x86)\\Mozilla Firefox\\firefox.exe", "hash": {"md5": "585d2527c7dcc8e2c69324212f9f2964", "sha1": "ace4770f386293b92d946f872d4bb280c9b587ef", "sha256": "44761759948fcf37ed691f462bbb54d3e3064f9b70d4e0e60b5338e87c785fbe"}, "name": "firefox.exe", "parent": {"args": ["C:\\Program Files (x86)\\Mozilla Firefox\\firefox.exe", "--marionette", "--remote-debugging-port", "50136", "--remote-allow-hosts", "localhost", "-no-remote", "-profile", "C:\\Users\\client28\\AppData\\Local\\Temp\\rust_mozprofilehZtnQn"], "command_line": "\"C:\\Program Files (x86)\\Mozilla Firefox\\firefox.exe\" --marionette --remote-debugging-port 50136 --remote-allow-hosts localhost -no-remote -profile C:\\Users\\client28\\AppData\\Local\\Temp\\rust_mozprofilehZtnQn", "entity_id": "{416dd0c5-f3b4-677f-7e04-000000001400}", "executable": "C:\\Program Files (x86)\\Mozilla Firefox\\firefox.exe", "name": "firefox.exe", "pid": 10892}, "pe": {"imphash": "51bef41e5cd278a02c17451af095c288"}, "pid": 10080, "working_directory": "C:\\BREACH\\"}, "related": {"hash": ["ace4770f386293b92d946f872d4bb280c9b587ef", "585d2527c7dcc8e2c69324212f9f2964", "44761759948fcf37ed691f462bbb54d3e3064f9b70d4e0e60b5338e87c785fbe", "51bef41e5cd278a02c17451af095c288"], "user": "client28"}, "user": {"domain": "BREACH", "name": "client28"}, "winlog": {"api": "wineventlog", "channel": "Microsoft-Windows-Sysmon/Operational", "computer_name": "CLIENT28.breach.local", "event_data": {"Company": "Mozilla Corporation", "Description": "Firefox", "FileVersion": "134.0", "IntegrityLevel": "Low", "LogonGuid": "{416dd0c5-83b2-677f-4a28-040000000000}", "LogonId": "0x4284a", "OriginalFileName": "firefox.exe", "ParentUser": "BREACH\\client28", "Product": "Firefox", "RuleName": "-", "TerminalSessionId": "1"}, "event_id": 1, "opcode": "Info", "process": {"pid": 2892, "thread": {"id": 3552}}, "provider_guid": "{5770385f-c22a-43e0-bf4c-06f5698ffbd9}", "provider_name": "Microsoft-Windows-Sysmon", "record_id": 3672248, "task": "Process Create (rule: ProcessCreate)", "user": {"domain": "NT AUTHORITY", "identifier": "S-1-5-18", "name": "SYSTEM", "type": "User"}, "version": 5}}
{"@timestamp": "2025-01-09T16:05:34.219Z", "agent": {"ephemeral_id": "79158253-5264-43d2-be20-4e132dda22ad", "hostname": "CLIENT28", "id": "c35095e9-5f9f-4084-a651-3aaa2966847a", "name": "CLIENT28", "type": "winlogbeat", "version": "7.10.2"}, "ecs": {"version": "1.5.0"}, "event": {"action": "Logon", "code": 4624, "created": "2025-01-09T16:05:36.556Z", "kind": "event", "outcome": "success", "provider": "Microsoft-Windows-Security-Auditing"}, "host": {"name": "CLIENT28.breach.local"}, "log": {"level": "information"}, "winlog": {"activity_id": "{769e23a0-626d-0000-4524-9e766d62db01}", "api": "wineventlog", "channel": "Security", "computer_name": "CLIENT28.breach.local", "event_data": {"AuthenticationPackageName": "Negotiate", "ElevatedToken": "%%1842", "ImpersonationLevel": "%%1833", "IpAddress": "-", "IpPort": "-", "KeyLength": "0", "LmPackageName": "-", "LogonGuid": "{00000000-0000-0000-0000-000000000000}", "LogonProcessName": "Advapi  ", "LogonType": "5", "ProcessId": "0x24c", "ProcessName": "C:\\Windows\\System32\\services.exe", "RestrictedAdminMode": "-", "SubjectDomainName": "BREACH", "SubjectLogonId": "0x3e7", "SubjectUserName": "CLIENT28$", "SubjectUserSid": "S-1-5-18", "TargetDomainName": "NT AUTHORITY", "TargetLinkedLogonId": "0x0", "TargetLogonId": "0x3e7", "TargetOutboundDomainName": "-", "TargetOutboundUserName": "-", "TargetUserName": "SYSTEM", "TargetUserSid": "S-1-5-18", "TransmittedServices": "-", "VirtualAccount": "%%1843", "WorkstationName": "-"}, "event_id": 4624, "keywords": ["Audit Success"], "opcode": "Info", "process": {"pid": 632, "thread": {"id": 2064}}, "provider_guid": "{54849625-5478-4994-a5ba-3e3b0328c30d}", "provider_name": "Microsoft-Windows-Security-Auditing", "record_id": 29931, "task": "Logon", "version": 2}}
{"@timestamp": "2025-01-09T16:05:34.219Z", "agent": {"ephemeral_id": "79158253-5264-43d2-be20-4e132dda22ad", "hostname": "CLIENT28", "id": "c35095e9-5f9f-4084-a651-3aaa2966847a", "name": "CLIENT28", "type": "winlogbeat", "version": "7.10.2"}, "ecs": {"version": "1.5.0"}, "event": {"action": "Special Logon", "code": 4672, "created": "2025-01-09T16:05:36.556Z", "kind": "event", "outcome": "success", "provider": "Microsoft-Windows-Security-Auditing"}, "host": {"name": "CLIENT28.breach.local"}, "log": {"level": "information"}, "winlog": {"activity_id": "{769e23a0-626d-0000-4524-9e766d62db01}", "api": "wineventlog", "channel": "Security", "computer_name": "CLIENT28.breach.local", "event_data": {"PrivilegeList": "SeAssignPrimaryTokenPrivilege\n\t\t\tSeTcbPrivilege\n\t\t\tSeSecurityPrivilege\n\t\t\tSeTakeOwnershipPrivilege\n\t\t\tSeLoadDriverPrivilege\n\t\t\tSeBackupPrivilege\n\t\t\tSeRestorePrivilege\n\t\t\tSeDebugPrivilege\n\t\t\tSeAuditPrivilege\n\t\t\tSeSystemEnvironmentPrivilege\n\t\t\tSeImpersonatePrivilege\n\t\t\tSeDelegateSessionUserImpersonatePrivilege", "SubjectDomainName": "NT AUTHORITY", "SubjectLogonId": "0x3e7", "SubjectUserName": "SYSTEM", "SubjectUserSid": "S-1-5-18"}, "event_id": 4672, "keywords": ["Audit Success"], "opcode": "Info", "process": {"pid": 632, "thread": {"id": 2064}}, "provider_guid": "{54849625-5478-4994-a5ba-3e3b0328c30d}", "provider_name": "Microsoft-Windows-Security-Auditing", "record_id": 29932, "task": "Special Logon"}}
{"@timestamp": "2025-01-09T16:05:34.222Z", "agent": {"ephemeral_id": "79158253-5264-43d2-be20-4e132dda22ad", "hostname": "CLIENT28", "id": "c35095e9-5f9f-4084-a651-3aaa2966847a", "name": "CLIENT28", "type": "winlogbeat", "version": "7.10.2"}, "ecs": {"version": "1.5.0"}, "event": {"action": "Process Create (rule: ProcessCreate)", "category": ["process"], "code": 1, "created": "2025-01-09T16:10:54.755Z", "kind": "event", "module": "sysmon", "provider": "Microsoft-Windows-Sysmon", "type": ["start", "process_start"]}, "hash": {"imphash": "f9bbd96fae53b7a31264a703cafa0666", "md5": "f586835082f632dc8d9404d83bc16316", "sha1": "010db07461e45b41c886192df6fd425ba8d42d82", "sha256": "643ec58e82e0272c97c2a59f6020970d881af19c0ad5029db9c958c13b6558c7"}, "host": {"name": "CLIENT28.breach.local"}, "log": {"level": "information"}, "process": {"args": ["C:\\Windows\\system32\\svchost.exe", "-k", "wsappx", "-p", "-s", "AppXSvc"], "command_line": "C:\\Windows\\system32\\svchost.exe -k wsappx -p -s AppXSvc", "entity_id": "{416dd0c5-f3ce-677f-8604-000000001400}", "executable": "C:\\Windows\\System32\\svchost.exe", "hash": {"md5": "f586835082f632dc8d9404d83bc16316", "sha1": "010db07461e45b41c886192df6fd425ba8d42d82", "sha256": "643ec58e82e0272c97c2a59f6020970d881af19c0ad5029db9c958c13b6558c7"}, "name": "svchost.exe", "parent": {"args": ["C:\\Windows\\system32\\services.exe"], "command_line": "C:\\Windows\\system32\\services.exe", "entity_id": "{416dd0c5-83ab-677f-0b00-000000001400}", "executable": "C:\\Windows\\System32\\services.exe", "name": "services.exe", "pid": 588}, "pe": {"imphash": "f9bbd96fae53b7a31264a703cafa0666"}, "pid": 5444, "working_directory": "C:\\Windows\\system32\\"}, "related": {"hash": ["010db07461e45b41c886192df6fd425ba8d42d82", "f586835082f632dc8d9404d83bc16316", "643ec58e82e0272c97c2a59f6020970d881af19c0ad5029db9c958c13b6558c7", "f9bbd96fae53b7a31264a703cafa0666"], "user": "SYSTEM"}, "user": {"domain": "NT AUTHORITY", "name": "SYSTEM"}, "winlog": {"api": "wineventlog", "channel": "Microsoft-Windows-Sysmon/Operational", "computer_name": "CLIENT28.breach.local", "event_data": {"Company": "Microsoft Corporation", "Description": "Host Process for Windows Services", "FileVersion": "10.0.19041.546 (WinBuild.160101.0800)", "IntegrityLevel": "System", "LogonGuid": "{416dd0c5-83ab-677f-e703-000000000000}", "LogonId": "0x3e7", "OriginalFileName": "svchost.exe", "ParentUser": "NT AUTHORITY\\SYSTEM", "Product": "Microsoft\u00ae Windows\u00ae Operating System", "RuleName": "-", "TerminalSessionId": "0"}, "event_id": 1, "opcode": "Info", "process": {"pid": 2892, "thread": {"id": 3552}}, "provider_guid": "{5770385f-c22a-43e0-bf4c-06f5698ffbd9}", "provider_name": "Microsoft-Windows-Sysmon", "record_id": 3672742, "task": "Process Create (rule: ProcessCreate)", "user": {"domain": "NT AUTHORITY", "identifier": "S-1-5-18", "name": "SYSTEM", "type": "User"}, "version": 5}}
{"@timestamp": "2025-01-09T16:07:09.167Z", "agent": {"ephemeral_id": "79158253-5264-43d2-be20-4e132dda22ad", "hostname": "CLIENT28", "id": "c35095e9-5f9f-4084-a651-3aaa2966847a", "name": "CLIENT28", "type": "winlogbeat", "version": "7.10.2"}, "ecs": {"version": "1.5.0"}, "event": {"action": "Logon", "code": 4624, "created": "2025-01-09T16:07:11.221Z", "kind": "event", "outcome": "success", "provider": "Microsoft-Windows-Security-Auditing"}, "host": {"name": "CLIENT28.breach.local"}, "log": {"level": "information"}, "winlog": {"activity_id": "{769e23a0-626d-0000-4524-9e766d62db01}", "api": "wineventlog", "channel": "Security", "computer_name": "CLIENT28.breach.local", "event_data": {"AuthenticationPackageName": "Negotiate", "ElevatedToken": "%%1842", "ImpersonationLevel": "%%1833", "IpAddress": "-", "IpPort": "-", "KeyLength": "0", "LmPackageName": "-", "LogonGuid": "{00000000-0000-0000-0000-000000000000}", "LogonProcessName": "Advapi  ", "LogonType": "5", "ProcessId": "0x24c", "ProcessName": "C:\\Windows\\System32\\services.exe", "RestrictedAdminMode": "-", "SubjectDomainName": "BREACH", "SubjectLogonId": "0x3e7", "SubjectUserName": "CLIENT28$", "SubjectUserSid": "S-1-5-18", "TargetDomainName": "NT AUTHORITY", "TargetLinkedLogonId": "0x0", "TargetLogonId": "0x3e7", "TargetOutboundDomainName": "-", "TargetOutboundUserName": "-", "TargetUserName": "SYSTEM", "TargetUserSid": "S-1-5-18", "TransmittedServices": "-", "VirtualAccount": "%%1843", "WorkstationName": "-"}, "event_id": 4624, "keywords": ["Audit Success"], "opcode": "Info", "process": {"pid": 632, "thread": {"id": 2396}}, "provider_guid": "{54849625-5478-4994-a5ba-3e3b0328c30d}", "provider_name": "Microsoft-Windows-Security-Auditing", "record_id": 29933, "task": "Logon", "version": 2}}
{"@timestamp": "2025-01-09T16:07:09.167Z", "agent": {"ephemeral_id": "79158253-5264-43d2-be20-4e132dda22ad", "hostname": "CLIENT28", "id": "c35095e9-5f9f-4084-a651-3aaa2966847a", "name": "CLIENT28", "type": "winlogbeat", "version": "7.10.2"}, "ecs": {"version": "1.5.0"}, "event": {"action": "Special Logon", "code": 4672, "created": "2025-01-09T16:07:11.221Z", "kind": "event", "outcome": "success", "provider": "Microsoft-Windows-Security-Auditing"}, "host": {"name": "CLIENT28.breach.local"}, "log": {"level": "information"}, "winlog": {"activity_id": "{769e23a0-626d-0000-4524-9e766d62db01}", "api": "wineventlog", "channel": "Security", "computer_name": "CLIENT28.breach.local", "event_data": {"PrivilegeList": "SeAssignPrimaryTokenPrivilege\n\t\t\tSeTcbPrivilege\n\t\t\tSeSecurityPrivilege\n\t\t\tSeTakeOwnershipPrivilege\n\t\t\tSeLoadDriverPrivilege\n\t\t\tSeBackupPrivilege\n\t\t\tSeRestorePrivilege\n\t\t\tSeDebugPrivilege\n\t\t\tSeAuditPrivilege\n\t\t\tSeSystemEnvironmentPrivilege\n\t\t\tSeImpersonatePrivilege\n\t\t\tSeDelegateSessionUserImpersonatePrivilege", "SubjectDomainName": "NT AUTHORITY", "SubjectLogonId": "0x3e7", "SubjectUserName": "SYSTEM", "SubjectUserSid": "S-1-5-18"}, "event_id": 4672, "keywords": ["Audit Success"], "opcode": "Info", "process": {"pid": 632, "thread": {"id": 2396}}, "provider_guid": "{54849625-5478-4994-a5ba-3e3b0328c30d}", "provider_name": "Microsoft-Windows-Security-Auditing", "record_id": 29934, "task": "Special Logon"}}
{"@timestamp": "2025-01-09T16:07:09.169Z", "agent": {"ephemeral_id": "79158253-5264-43d2-be20-4e132dda22ad", "hostname": "CLIENT28", "id": "c35095e9-5f9f-4084-a651-3aaa2966847a", "name": "CLIENT28", "type": "winlogbeat", "version": "7.10.2"}, "ecs": {"version": "1.5.0"}, "event": {"action": "Process Create (rule: ProcessCreate)", "category": ["process"], "code": 1, "created": "2025-01-09T16:15:12.076Z", "kind": "event", "module": "sysmon", "provider": "Microsoft-Windows-Sysmon", "type": ["start", "process_start"]}, "hash": {"imphash": "f9bbd96fae53b7a31264a703cafa0666", "md5": "f586835082f632dc8d9404d83bc16316", "sha1": "010db07461e45b41c886192df6fd425ba8d42d82", "sha256": "643ec58e82e0272c97c2a59f6020970d881af19c0ad5029db9c958c13b6558c7"}, "host": {"name": "CLIENT28.breach.local"}, "log": {"level": "information"}, "process": {"args": ["C:\\Windows\\system32\\svchost.exe", "-k", "appmodel", "-p", "-s", "camsvc"], "command_line": "C:\\Windows\\system32\\svchost.exe -k appmodel -p -s camsvc", "entity_id": "{416dd0c5-f42d-677f-8704-000000001400}", "executable": "C:\\Windows\\System32\\svchost.exe", "hash": {"md5": "f586835082f632dc8d9404d83bc16316", "sha1": "010db07461e45b41c886192df6fd425ba8d42d82", "sha256": "643ec58e82e0272c97c2a59f6020970d881af19c0ad5029db9c958c13b6558c7"}, "name": "svchost.exe", "parent": {"args": ["C:\\Windows\\system32\\services.exe"], "command_line": "C:\\Windows\\system32\\services.exe", "entity_id": "{416dd0c5-83ab-677f-0b00-000000001400}", "executable": "C:\\Windows\\System32\\services.exe", "name": "services.exe", "pid": 588}, "pe": {"imphash": "f9bbd96fae53b7a31264a703cafa0666"}, "pid": 7476, "working_directory": "C:\\Windows\\system32\\"}, "related": {"hash": ["010db07461e45b41c886192df6fd425ba8d42d82", "f586835082f632dc8d9404d83bc16316", "643ec58e82e0272c97c2a59f6020970d881af19c0ad5029db9c958c13b6558c7", "f9bbd96fae53b7a31264a703cafa0666"], "user": "SYSTEM"}, "user": {"domain": "NT AUTHORITY", "name": "SYSTEM"}, "winlog": {"api": "wineventlog", "channel": "Microsoft-Windows-Sysmon/Operational", "computer_name": "CLIENT28.breach.local", "event_data": {"Company": "Microsoft Corporation", "Description": "Host Process for Windows Services", "FileVersion": "10.0.19041.546 (WinBuild.160101.0800)", "IntegrityLevel": "System", "LogonGuid": "{416dd0c5-83ab-677f-e703-000000000000}", "LogonId": "0x3e7", "OriginalFileName": "svchost.exe", "ParentUser": "NT AUTHORITY\\SYSTEM", "Product": "Microsoft\u00ae Windows\u00ae Operating System", "RuleName": "-", "TerminalSessionId": "0"}, "event_id": 1, "opcode": "Info", "process": {"pid": 2892, "thread": {"id": 3552}}, "provider_guid": "{5770385f-c22a-43e0-bf4c-06f5698ffbd9}", "provider_name": "Microsoft-Windows-Sysmon", "record_id": 3674302, "task": "Process Create (rule: ProcessCreate)", "user": {"domain": "NT AUTHORITY", "identifier": "S-1-5-18", "name": "SYSTEM", "type": "User"}, "version": 5}}
