{"@timestamp": "2025-01-09T16:17:19.472Z", "agent": {"ephemeral_id": "7e6e4a94-de5f-4621-9550-fe95d1e13e9b", "hostname": "CLIENT26", "id": "c35095e9-5f9f-4084-a651-3aaa2966847a", "name": "CLIENT26", "type": "winlogbeat", "version": "7.10.2"}, "ecs": {"version": "1.5.0"}, "event": {"action": "Process Create (rule: ProcessCreate)", "category": ["process"], "code": 1, "created": "2025-01-09T16:17:31.847Z", "kind": "event", "module": "sysmon", "provider": "Microsoft-Windows-Sysmon", "type": ["start", "process_start"]}, "hash": {"imphash": "0bc2115c454c6afbb369c14e7d59379d", "md5": "91a2ef577822fa0206983b8d97c2d383", "sha1": "e85ac533034790f5a41657fcdbc215304a13356e", "sha256": "35492a1f96bd065b6e5f3938a0564f4e0e55f7ebbd666d92fbb9d80034f394a8"}, "host": {"name": "CLIENT26.breach.local"}, "log": {"level": "information"}, "process": {"args": ["C:\\Program Files (x86)\\Mozilla Firefox\\firefox.exe", "-contentproc", "--channel=12268.1.151393438\\880458151", "-parentBuildID", "20220705093820", "-prefsHandle", "1932", "-prefMapHandle", "1956", "-prefsLen", "24182", "-prefMapSize", "223336", "-appDir", "C:\\Program Files (x86)\\Mozilla Firefox\\browser", "-", "12268", "\\\\.\\pipe\\gecko-crash-server-pipe.12268", "2068", "134a2230", "gpu"], "command_line": "\"C:\\Program Files (x86)\\Mozilla Firefox\\firefox.exe\" -contentproc --channel=\"12268.1.151393438\\880458151\" -parentBuildID 20220705093820 -prefsHandle 1932 -prefMapHandle 1956 -prefsLen 24182 -prefMapSize 223336 -appDir \"C:\\Program Files (x86)\\Mozilla Firefox\\browser\" - 12268 \"\\\\.\\pipe\\gecko-crash-server-pipe.12268\" 2068 134a2230 gpu", "entity_id": "{416dd0c5-f68f-677f-2f05-000000001400}", "executable": "C:\\Program Files (x86)\\Mozilla Firefox\\firefox.exe", "hash": {"md5": "91a2ef577822fa0206983b8d97c2d383", "sha1": "e85ac533034790f5a41657fcdbc215304a13356e", "sha256": "35492a1f96bd065b6e5f3938a0564f4e0e55f7ebbd666d92fbb9d80034f394a8"}, "name": "firefox.exe", "parent": {"args": ["C:\\Program Files (x86)\\Mozilla Firefox\\firefox.exe", "--marionette", "--remote-debugging-port", "54332", "--remote-allow-hosts", "localhost", "-no-remote", "-profile", "C:\\Users\\client26\\AppData\\Local\\Temp\\rust_mozprofiletsnmht"], "command_line": "\"C:\\Program Files (x86)\\Mozilla Firefox\\firefox.exe\" --marionette --remote-debugging-port 54332 --remote-allow-hosts localhost -no-remote -profile C:\\Users\\client26\\AppData\\Local\\Temp\\rust_mozprofiletsnmht", "entity_id": "{416dd0c5-f68e-677f-2d05-000000001400}", "executable": "C:\\Program Files (x86)\\Mozilla Firefox\\firefox.exe", "name": "firefox.exe", "pid": 12268}, "pe": {"imphash": "0bc2115c454c6afbb369c14e7d59379d"}, "pid": 3828, "working_directory": "C:\\BREACH\\"}, "related": {"hash": ["e85ac533034790f5a41657fcdbc215304a13356e", "91a2ef577822fa0206983b8d97c2d383", "35492a1f96bd065b6e5f3938a0564f4e0e55f7ebbd666d92fbb9d80034f394a8", "0bc2115c454c6afbb369c14e7d59379d"], "user": "client26"}, "user": {"domain": "BREACH", "name": "client26"}, "winlog": {"api": "wineventlog", "channel": "Microsoft-Windows-Sysmon/Operational", "computer_name": "CLIENT26.breach.local", "event_data": {"Company": "Mozilla Corporation", "Description": "Firefox", "FileVersion": "102.0.1", "IntegrityLevel": "Medium", "LogonGuid": "{416dd0c5-885e-677f-fe57-040000000000}", "LogonId": "0x457fe", "OriginalFileName": "firefox.exe", "ParentUser": "BREACH\\client26", "Product": "Firefox", "RuleName": "-", "TerminalSessionId": "1"}, "event_id": 1, "opcode": "Info", "process": {"pid": 2936, "thread": {"id": 3444}}, "provider_guid": "{5770385f-c22a-43e0-bf4c-06f5698ffbd9}", "provider_name": "Microsoft-Windows-Sysmon", "record_id": 5750417, "task": "Process Create (rule: ProcessCreate)", "user": {"domain": "NT AUTHORITY", "identifier": "S-1-5-18", "name": "SYSTEM", "type": "User"}, "version": 5}}
{"@timestamp": "2025-01-09T16:17:20.435Z", "agent": {"ephemeral_id": "7e6e4a94-de5f-4621-9550-fe95d1e13e9b", "hostname": "CLIENT26", "id": "c35095e9-5f9f-4084-a651-3aaa2966847a", "name": "CLIENT26", "type": "winlogbeat", "version": "7.10.2"}, "ecs": {"version": "1.5.0"}, "event": {"action": "Process Create (rule: ProcessCreate)", "category": ["process"], "code": 1, "created": "2025-01-09T16:17:32.225Z", "kind": "event", "module": "sysmon", "provider": "Microsoft-Windows-Sysmon", "type": ["start", "process_start"]}, "hash": {"imphash": "0bc2115c454c6afbb369c14e7d59379d", "md5": "91a2ef577822fa0206983b8d97c2d383", "sha1": "e85ac533034790f5a41657fcdbc215304a13356e", "sha256": "35492a1f96bd065b6e5f3938a0564f4e0e55f7ebbd666d92fbb9d80034f394a8"}, "host": {"name": "CLIENT26.breach.local"}, "log": {"level": "information"}, "process": {"args": ["C:\\Program Files (x86)\\Mozilla Firefox\\firefox.exe", "-contentproc", "--channel=12268.2.1960933917\\270839817", "-childID", "1", "-isForBrowser", "-prefsHandle", "2960", "-prefMapHandle", "2956", "-prefsLen", "26448", "-prefMapSize", "223336", "-jsInitHandle", "992", "-jsInitLen", "277276", "-a11yResourceId", "64", "-parentBuildID", "20220705093820", "-win32kLockedDown", "-appDir", "C:\\Program Files (x86)\\Mozilla Firefox\\browser", "-", "12268", "\\\\.\\pipe\\gecko-crash-server-pipe.12268", "3000", "16afc6b0", "tab"], "command_line": "\"C:\\Program Files (x86)\\Mozilla Firefox\\firefox.exe\" -contentproc --channel=\"12268.2.1960933917\\270839817\" -childID 1 -isForBrowser -prefsHandle 2960 -prefMapHandle 2956 -prefsLen 26448 -prefMapSize 223336 -jsInitHandle 992 -jsInitLen 277276 -a11yResourceId 64 -parentBuildID 20220705093820 -win32kLockedDown -appDir \"C:\\Program Files (x86)\\Mozilla Firefox\\browser\" - 12268 \"\\\\.\\pipe\\gecko-crash-server-pipe.12268\" 3000 16afc6b0 tab", "entity_id": "{416dd0c5-f690-677f-3005-000000001400}", "executable": "C:\\Program Files (x86)\\Mozilla Firefox\\firefox.exe", "hash": {"md5": "91a2ef577822fa0206983b8d97c2d383", "sha1": "e85ac533034790f5a41657fcdbc215304a13356e", "sha256": "35492a1f96bd065b6e5f3938a0564f4e0e55f7ebbd666d92fbb9d80034f394a8"}, "name": "firefox.exe", "parent": {"args": ["C:\\Program Files (x86)\\Mozilla Firefox\\firefox.exe", "--marionette", "--remote-debugging-port", "54332", "--remote-allow-hosts", "localhost", "-no-remote", "-profile", "C:\\Users\\client26\\AppData\\Local\\Temp\\rust_mozprofiletsnmht"], "command_line": "\"C:\\Program Files (x86)\\Mozilla Firefox\\firefox.exe\" --marionette --remote-debugging-port 54332 --remote-allow-hosts localhost -no-remote -profile C:\\Users\\client26\\AppData\\Local\\Temp\\rust_mozprofiletsnmht", "entity_id": "{416dd0c5-f68e-677f-2d05-000000001400}", "executable": "C:\\Program Files (x86)\\Mozilla Firefox\\firefox.exe", "name": "firefox.exe", "pid": 12268}, "pe": {"imphash": "0bc2115c454c6afbb369c14e7d59379d"}, "pid": 10632, "working_directory": "C:\\BREACH\\"}, "related": {"hash": ["e85ac533034790f5a41657fcdbc215304a13356e", "91a2ef577822fa0206983b8d97c2d383", "35492a1f96bd065b6e5f3938a0564f4e0e55f7ebbd666d92fbb9d80034f394a8", "0bc2115c454c6afbb369c14e7d59379d"], "user": "client26"}, "user": {"domain": "BREACH", "name": "client26"}, "winlog": {"api": "wineventlog", "channel": "Microsoft-Windows-Sysmon/Operational", "computer_name": "CLIENT26.breach.local", "event_data": {"Company": "Mozilla Corporation", "Description": "Firefox", "FileVersion": "102.0.1", "IntegrityLevel": "Low", "LogonGuid": "{416dd0c5-885e-677f-fe57-040000000000}", "LogonId": "0x457fe", "OriginalFileName": "firefox.exe", "ParentUser": "BREACH\\client26", "Product": "Firefox", "RuleName": "-", "TerminalSessionId": "1"}, "event_id": 1, "opcode": "Info", "process": {"pid": 2936, "thread": {"id": 3444}}, "provider_guid": "{5770385f-c22a-43e0-bf4c-06f5698ffbd9}", "provider_name": "Microsoft-Windows-Sysmon", "record_id": 5750596, "task": "Process Create (rule: ProcessCreate)", "user": {"domain": "NT AUTHORITY", "identifier": "S-1-5-18", "name": "SYSTEM", "type": "User"}, "version": 5}}
{"@timestamp": "2025-01-09T16:17:20.662Z", "agent": {"ephemeral_id": "7e6e4a94-de5f-4621-9550-fe95d1e13e9b", "hostname": "CLIENT26", "id": "c35095e9-5f9f-4084-a651-3aaa2966847a", "name": "CLIENT26", "type": "winlogbeat", "version": "7.10.2"}, "ecs": {"version": "1.5.0"}, "event": {"action": "Process Create (rule: ProcessCreate)", "category": ["process"], "code": 1, "created": "2025-01-09T16:17:32.232Z", "kind": "event", "module": "sysmon", "provider": "Microsoft-Windows-Sysmon", "type": ["start", "process_start"]}, "hash": {"imphash": "0bc2115c454c6afbb369c14e7d59379d", "md5": "91a2ef577822fa0206983b8d97c2d383", "sha1": "e85ac533034790f5a41657fcdbc215304a13356e", "sha256": "35492a1f96bd065b6e5f3938a0564f4e0e55f7ebbd666d92fbb9d80034f394a8"}, "host": {"name": "CLIENT26.breach.local"}, "log": {"level": "information"}, "process": {"args": ["C:\\Program Files (x86)\\Mozilla Firefox\\firefox.exe", "-contentproc", "--channel=12268.3.1998694613\\979142270", "-childID", "2", "-isForBrowser", "-prefsHandle", "3156", "-prefMapHandle", "3152", "-prefsLen", "26607", "-prefMapSize", "223336", "-jsInitHandle", "992", "-jsInitLen", "277276", "-a11yResourceId", "64", "-parentBuildID", "20220705093820", "-win32kLockedDown", "-appDir", "C:\\Program Files (x86)\\Mozilla Firefox\\browser", "-", "12268", "\\\\.\\pipe\\gecko-crash-server-pipe.12268", "3452", "16afc970", "tab"], "command_line": "\"C:\\Program Files (x86)\\Mozilla Firefox\\firefox.exe\" -contentproc --channel=\"12268.3.1998694613\\979142270\" -childID 2 -isForBrowser -prefsHandle 3156 -prefMapHandle 3152 -prefsLen 26607 -prefMapSize 223336 -jsInitHandle 992 -jsInitLen 277276 -a11yResourceId 64 -parentBuildID 20220705093820 -win32kLockedDown -appDir \"C:\\Program Files (x86)\\Mozilla Firefox\\browser\" - 12268 \"\\\\.\\pipe\\gecko-crash-server-pipe.12268\" 3452 16afc970 tab", "entity_id": "{416dd0c5-f690-677f-3105-000000001400}", "executable": "C:\\Program Files (x86)\\Mozilla Firefox\\firefox.exe", "hash": {"md5": "91a2ef577822fa0206983b8d97c2d383", "sha1": "e85ac533034790f5a41657fcdbc215304a13356e", "sha256": "35492a1f96bd065b6e5f3938a0564f4e0e55f7ebbd666d92fbb9d80034f394a8"}, "name": "firefox.exe", "parent": {"args": ["C:\\Program Files (x86)\\Mozilla Firefox\\firefox.exe", "--marionette", "--remote-debugging-port", "54332", "--remote-allow-hosts", "localhost", "-no-remote", "-profile", "C:\\Users\\client26\\AppData\\Local\\Temp\\rust_mozprofiletsnmht"], "command_line": "\"C:\\Program Files (x86)\\Mozilla Firefox\\firefox.exe\" --marionette --remote-debugging-port 54332 --remote-allow-hosts localhost -no-remote -profile C:\\Users\\client26\\AppData\\Local\\Temp\\rust_mozprofiletsnmht", "entity_id": "{416dd0c5-f68e-677f-2d05-000000001400}", "executable": "C:\\Program Files (x86)\\Mozilla Firefox\\firefox.exe", "name": "firefox.exe", "pid": 12268}, "pe": {"imphash": "0bc2115c454c6afbb369c14e7d59379d"}, "pid": 11624, "working_directory": "C:\\BREACH\\"}, "related": {"hash": ["e85ac533034790f5a41657fcdbc215304a13356e", "91a2ef577822fa0206983b8d97c2d383", "35492a1f96bd065b6e5f3938a0564f4e0e55f7ebbd666d92fbb9d80034f394a8", "0bc2115c454c6afbb369c14e7d59379d"], "user": "client26"}, "user": {"domain": "BREACH", "name": "client26"}, "winlog": {"api": "wineventlog", "channel": "Microsoft-Windows-Sysmon/Operational", "computer_name": "CLIENT26.breach.local", "event_data": {"Company": "Mozilla Corporation", "Description": "Firefox", "FileVersion": "102.0.1", "IntegrityLevel": "Low", "LogonGuid": "{416dd0c5-885e-677f-fe57-040000000000}", "LogonId": "0x457fe", "OriginalFileName": "firefox.exe", "ParentUser": "BREACH\\client26", "Product": "Firefox", "RuleName": "-", "TerminalSessionId": "1"}, "event_id": 1, "opcode": "Info", "process": {"pid": 2936, "thread": {"id": 3444}}, "provider_guid": "{5770385f-c22a-43e0-bf4c-06f5698ffbd9}", "provider_name": "Microsoft-Windows-Sysmon", "record_id": 5750661, "task": "Process Create (rule: ProcessCreate)", "user": {"domain": "NT AUTHORITY", "identifier": "S-1-5-18", "name": "SYSTEM", "type": "User"}, "version": 5}}
{"@timestamp": "2025-01-09T16:17:22.131Z", "agent": {"ephemeral_id": "7e6e4a94-de5f-4621-9550-fe95d1e13e9b", "hostname": "CLIENT26", "id": "c35095e9-5f9f-4084-a651-3aaa2966847a", "name": "CLIENT26", "type": "winlogbeat", "version": "7.10.2"}, "ecs": {"version": "1.5.0"}, "event": {"action": "Process Create (rule: ProcessCreate)", "category": ["process"], "code": 1, "created": "2025-01-09T16:17:32.679Z", "kind": "event", "module": "sysmon", "provider": "Microsoft-Windows-Sysmon", "type": ["start", "process_start"]}, "hash": {"imphash": "0bc2115c454c6afbb369c14e7d59379d", "md5": "91a2ef577822fa0206983b8d97c2d383", "sha1": "e85ac533034790f5a41657fcdbc215304a13356e", "sha256": "35492a1f96bd065b6e5f3938a0564f4e0e55f7ebbd666d92fbb9d80034f394a8"}, "host": {"name": "CLIENT26.breach.local"}, "log": {"level": "information"}, "process": {"args": ["C:\\Program Files (x86)\\Mozilla Firefox\\firefox.exe", "-contentproc", "--channel=12268.4.109235024\\1322014694", "-childID", "3", "-isForBrowser", "-prefsHandle", "4296", "-prefMapHandle", "4292", "-prefsLen", "33598", "-prefMapSize", "223336", "-jsInitHandle", "992", "-jsInitLen", "277276", "-a11yResourceId", "64", "-parentBuildID", "20220705093820", "-win32kLockedDown", "-appDir", "C:\\Program Files (x86)\\Mozilla Firefox\\browser", "-", "12268", "\\\\.\\pipe\\gecko-crash-server-pipe.12268", "4308", "16afd1b0", "tab"], "command_line": "\"C:\\Program Files (x86)\\Mozilla Firefox\\firefox.exe\" -contentproc --channel=\"12268.4.109235024\\1322014694\" -childID 3 -isForBrowser -prefsHandle 4296 -prefMapHandle 4292 -prefsLen 33598 -prefMapSize 223336 -jsInitHandle 992 -jsInitLen 277276 -a11yResourceId 64 -parentBuildID 20220705093820 -win32kLockedDown -appDir \"C:\\Program Files (x86)\\Mozilla Firefox\\browser\" - 12268 \"\\\\.\\pipe\\gecko-crash-server-pipe.12268\" 4308 16afd1b0 tab", "entity_id": "{416dd0c5-f692-677f-3205-000000001400}", "executable": "C:\\Program Files (x86)\\Mozilla Firefox\\firefox.exe", "hash": {"md5": "91a2ef577822fa0206983b8d97c2d383", "sha1": "e85ac533034790f5a41657fcdbc215304a13356e", "sha256": "35492a1f96bd065b6e5f3938a0564f4e0e55f7ebbd666d92fbb9d80034f394a8"}, "name": "firefox.exe", "parent": {"args": ["C:\\Program Files (x86)\\Mozilla Firefox\\firefox.exe", "--marionette", "--remote-debugging-port", "54332", "--remote-allow-hosts", "localhost", "-no-remote", "-profile", "C:\\Users\\client26\\AppData\\Local\\Temp\\rust_mozprofiletsnmht"], "command_line": "\"C:\\Program Files (x86)\\Mozilla Firefox\\firefox.exe\" --marionette --remote-debugging-port 54332 --remote-allow-hosts localhost -no-remote -profile C:\\Users\\client26\\AppData\\Local\\Temp\\rust_mozprofiletsnmht", "entity_id": "{416dd0c5-f68e-677f-2d05-000000001400}", "executable": "C:\\Program Files (x86)\\Mozilla Firefox\\firefox.exe", "name": "firefox.exe", "pid": 12268}, "pe": {"imphash": "0bc2115c454c6afbb369c14e7d59379d"}, "pid": 10624, "working_directory": "C:\\BREACH\\"}, "related": {"hash": ["e85ac533034790f5a41657fcdbc215304a13356e", "91a2ef577822fa0206983b8d97c2d383", "35492a1f96bd065b6e5f3938a0564f4e0e55f7ebbd666d92fbb9d80034f394a8", "0bc2115c454c6afbb369c14e7d59379d"], "user": "client26"}, "user": {"domain": "BREACH", "name": "client26"}, "winlog": {"api": "wineventlog", "channel": "Microsoft-Windows-Sysmon/Operational", "computer_name": "CLIENT26.breach.local", "event_data": {"Company": "Mozilla Corporation", "Description": "Firefox", "FileVersion": "102.0.1", "IntegrityLevel": "Low", "LogonGuid": "{416dd0c5-885e-677f-fe57-040000000000}", "LogonId": "0x457fe", "OriginalFileName": "firefox.exe", "ParentUser": "BREACH\\client26", "Product": "Firefox", "RuleName": "-", "TerminalSessionId": "1"}, "event_id": 1, "opcode": "Info", "process": {"pid": 2936, "thread": {"id": 3444}}, "provider_guid": "{5770385f-c22a-43e0-bf4c-06f5698ffbd9}", "provider_name": "Microsoft-Windows-Sysmon", "record_id": 5750869, "task": "Process Create (rule: ProcessCreate)", "user": {"domain": "NT AUTHORITY", "identifier": "S-1-5-18", "name": "SYSTEM", "type": "User"}, "version": 5}}
{"@timestamp": "2025-01-09T16:17:41.227Z", "agent": {"ephemeral_id": "7e6e4a94-de5f-4621-9550-fe95d1e13e9b", "hostname": "CLIENT26", "id": "c35095e9-5f9f-4084-a651-3aaa2966847a", "name": "CLIENT26", "type": "winlogbeat", "version": "7.10.2"}, "ecs": {"version": "1.5.0"}, "event": {"action": "Logon", "code": 4624, "created": "2025-01-09T16:17:42.839Z", "kind": "event", "outcome": "success", "provider": "Microsoft-Windows-Security-Auditing"}, "host": {"name": "CLIENT26.breach.local"}, "log": {"level": "information"}, "winlog": {"activity_id": "{3015665a-6270-0001-0167-15307062db01}", "api": "wineventlog", "channel": "Security", "computer_name": "CLIENT26.breach.local", "event_data": {"AuthenticationPackageName": "Negotiate", "ElevatedToken": "%%1842", "ImpersonationLevel": "%%1833", "IpAddress": "-", "IpPort": "-", "KeyLength": "0", "LmPackageName": "-", "LogonGuid": "{00000000-0000-0000-0000-000000000000}", "LogonProcessName": "Advapi  ", "LogonType": "5", "ProcessId": "0x250", "ProcessName": "C:\\Windows\\System32\\services.exe", "RestrictedAdminMode": "-", "SubjectDomainName": "BREACH", "SubjectLogonId": "0x3e7", "SubjectUserName": "CLIENT26$", "SubjectUserSid": "S-1-5-18", "TargetDomainName": "NT AUTHORITY", "TargetLinkedLogonId": "0x0", "TargetLogonId": "0x3e7", "TargetOutboundDomainName": "-", "TargetOutboundUserName": "-", "TargetUserName": "SYSTEM", "TargetUserSid": "S-1-5-18", "TransmittedServices": "-", "VirtualAccount": "%%1843", "WorkstationName": "-"}, "event_id": 4624, "keywords": ["Audit Success"], "opcode": "Info", "process": {"pid": 632, "thread": {"id": 10628}}, "provider_guid": "{54849625-5478-4994-a5ba-3e3b0328c30d}", "provider_name": "Microsoft-Windows-Security-Auditing", "record_id": 29124, "task": "Logon", "version": 2}}
{"@timestamp": "2025-01-09T16:17:41.227Z", "agent": {"ephemeral_id": "7e6e4a94-de5f-4621-9550-fe95d1e13e9b", "hostname": "CLIENT26", "id": "c35095e9-5f9f-4084-a651-3aaa2966847a", "name": "CLIENT26", "type": "winlogbeat", "version": "7.10.2"}, "ecs": {"version": "1.5.0"}, "event": {"action": "Special Logon", "code": 4672, "created": "2025-01-09T16:17:42.839Z", "kind": "event", "outcome": "success", "provider": "Microsoft-Windows-Security-Auditing"}, "host": {"name": "CLIENT26.breach.local"}, "log": {"level": "information"}, "winlog": {"activity_id": "{3015665a-6270-0001-0167-15307062db01}", "api": "wineventlog", "channel": "Security", "computer_name": "CLIENT26.breach.local", "event_data": {"PrivilegeList": "SeAssignPrimaryTokenPrivilege\n\t\t\tSeTcbPrivilege\n\t\t\tSeSecurityPrivilege\n\t\t\tSeTakeOwnershipPrivilege\n\t\t\tSeLoadDriverPrivilege\n\t\t\tSeBackupPrivilege\n\t\t\tSeRestorePrivilege\n\t\t\tSeDebugPrivilege\n\t\t\tSeAuditPrivilege\n\t\t\tSeSystemEnvironmentPrivilege\n\t\t\tSeImpersonatePrivilege\n\t\t\tSeDelegateSessionUserImpersonatePrivilege", "SubjectDomainName": "NT AUTHORITY", "SubjectLogonId": "0x3e7", "SubjectUserName": "SYSTEM", "SubjectUserSid": "S-1-5-18"}, "event_id": 4672, "keywords": ["Audit Success"], "opcode": "Info", "process": {"pid": 632, "thread": {"id": 10628}}, "provider_guid": "{54849625-5478-4994-a5ba-3e3b0328c30d}", "provider_name": "Microsoft-Windows-Security-Auditing", "record_id": 29125, "task": "Special Logon"}}
{"@timestamp": "2025-01-09T16:17:41.230Z", "agent": {"ephemeral_id": "7e6e4a94-de5f-4621-9550-fe95d1e13e9b", "hostname": "CLIENT26", "id": "c35095e9-5f9f-4084-a651-3aaa2966847a", "name": "CLIENT26", "type": "winlogbeat", "version": "7.10.2"}, "ecs": {"version": "1.5.0"}, "event": {"action": "Process Create (rule: ProcessCreate)", "category": ["process"], "code": 1, "created": "2025-01-09T16:17:42.801Z", "kind": "event", "module": "sysmon", "provider": "Microsoft-Windows-Sysmon", "type": ["start", "process_start"]}, "hash": {"imphash": "f9bbd96fae53b7a31264a703cafa0666", "md5": "f586835082f632dc8d9404d83bc16316", "sha1": "010db07461e45b41c886192df6fd425ba8d42d82", "sha256": "643ec58e82e0272c97c2a59f6020970d881af19c0ad5029db9c958c13b6558c7"}, "host": {"name": "CLIENT26.breach.local"}, "log": {"level": "information"}, "process": {"args": ["C:\\Windows\\system32\\svchost.exe", "-k", "wsappx", "-p", "-s", "AppXSvc"], "command_line": "C:\\Windows\\system32\\svchost.exe -k wsappx -p -s AppXSvc", "entity_id": "{416dd0c5-f6a5-677f-3305-000000001400}", "executable": "C:\\Windows\\System32\\svchost.exe", "hash": {"md5": "f586835082f632dc8d9404d83bc16316", "sha1": "010db07461e45b41c886192df6fd425ba8d42d82", "sha256": "643ec58e82e0272c97c2a59f6020970d881af19c0ad5029db9c958c13b6558c7"}, "name": "svchost.exe", "parent": {"args": ["C:\\Windows\\system32\\services.exe"], "command_line": "C:\\Windows\\system32\\services.exe", "entity_id": "{416dd0c5-8856-677f-0b00-000000001400}", "executable": "C:\\Windows\\System32\\services.exe", "name": "services.exe", "pid": 592}, "pe": {"imphash": "f9bbd96fae53b7a31264a703cafa0666"}, "pid": 10420, "working_directory": "C:\\Windows\\system32\\"}, "related": {"hash": ["010db07461e45b41c886192df6fd425ba8d42d82", "f586835082f632dc8d9404d83bc16316", "643ec58e82e0272c97c2a59f6020970d881af19c0ad5029db9c958c13b6558c7", "f9bbd96fae53b7a31264a703cafa0666"], "user": "SYSTEM"}, "user": {"domain": "NT AUTHORITY", "name": "SYSTEM"}, "winlog": {"api": "wineventlog", "channel": "Microsoft-Windows-Sysmon/Operational", "computer_name": "CLIENT26.breach.local", "event_data": {"Company": "Microsoft Corporation", "Description": "Host Process for Windows Services", "FileVersion": "10.0.19041.546 (WinBuild.160101.0800)", "IntegrityLevel": "System", "LogonGuid": "{416dd0c5-8856-677f-e703-000000000000}", "LogonId": "0x3e7", "OriginalFileName": "svchost.exe", "ParentUser": "NT AUTHORITY\\SYSTEM", "Product": "Microsoft\u00ae Windows\u00ae Operating System", "RuleName": "-", "TerminalSessionId": "0"}, "event_id": 1, "opcode": "Info", "process": {"pid": 2936, "thread": {"id": 3444}}, "provider_guid": "{5770385f-c22a-43e0-bf4c-06f5698ffbd9}", "provider_name": "Microsoft-Windows-Sysmon", "record_id": 5752078, "task": "Process Create (rule: ProcessCreate)", "user": {"domain": "NT AUTHORITY", "identifier": "S-1-5-18", "name": "SYSTEM", "type": "User"}, "version": 5}}
{"@timestamp": "2025-01-09T16:17:47.769Z", "agent": {"ephemeral_id": "7e6e4a94-de5f-4621-9550-fe95d1e13e9b", "hostname": "CLIENT26", "id": "c35095e9-5f9f-4084-a651-3aaa2966847a", "name": "CLIENT26", "type": "winlogbeat", "version": "7.10.2"}, "ecs": {"version": "1.5.0"}, "event": {"action": "Process Create (rule: ProcessCreate)", "category": ["process"], "code": 1, "created": "2025-01-09T16:17:50.329Z", "kind": "event", "module": "sysmon", "provider": "Microsoft-Windows-Sysmon", "type": ["start", "process_start"]}, "hash": {"imphash": "3c2fc59273192a34f1aa4a59df3b348e", "md5": "922f7003fca657359db03cc02941124d", "sha1": "27fae46e4e377467f2d5f9e37a5a8cb19b39b9ec", "sha256": "5da31132fd6a415e71e3fd40c3a23853a799b91ea2821d2bcbf1bf0e8fa01e16"}, "host": {"name": "CLIENT26.breach.local"}, "log": {"level": "information"}, "process": {"args": ["C:\\Python37\\python.exe", "-c", "from multiprocessing.spawn import spawn_main; spawn_main(parent_pid=7496, pipe_handle=2180)", "--multiprocessing-fork"], "command_line": "\"C:\\Python37\\python.exe\" \"-c\" \"from multiprocessing.spawn import spawn_main; spawn_main(parent_pid=7496, pipe_handle=2180)\" \"--multiprocessing-fork\"", "entity_id": "{416dd0c5-f6ab-677f-3405-000000001400}", "executable": "C:\\Python37\\python.exe", "hash": {"md5": "922f7003fca657359db03cc02941124d", "sha1": "27fae46e4e377467f2d5f9e37a5a8cb19b39b9ec", "sha256": "5da31132fd6a415e71e3fd40c3a23853a799b91ea2821d2bcbf1bf0e8fa01e16"}, "name": "python.exe", "parent": {"args": ["C:\\Python37\\python.exe", "C:\\BREACH\\userbehavior\\main.py"], "command_line": "C:\\Python37\\python.exe \"C:\\BREACH\\userbehavior\\main.py\" ", "entity_id": "{416dd0c5-8885-677f-a900-000000001400}", "executable": "C:\\Python37\\python.exe", "name": "python.exe", "pid": 7496}, "pe": {"imphash": "3c2fc59273192a34f1aa4a59df3b348e"}, "pid": 248, "working_directory": "C:\\BREACH\\"}, "related": {"hash": ["27fae46e4e377467f2d5f9e37a5a8cb19b39b9ec", "922f7003fca657359db03cc02941124d", "5da31132fd6a415e71e3fd40c3a23853a799b91ea2821d2bcbf1bf0e8fa01e16", "3c2fc59273192a34f1aa4a59df3b348e"], "user": "client26"}, "user": {"domain": "BREACH", "name": "client26"}, "winlog": {"api": "wineventlog", "channel": "Microsoft-Windows-Sysmon/Operational", "computer_name": "CLIENT26.breach.local", "event_data": {"Company": "Python Software Foundation", "Description": "Python", "FileVersion": "3.7.3", "IntegrityLevel": "Medium", "LogonGuid": "{416dd0c5-885e-677f-fe57-040000000000}", "LogonId": "0x457fe", "OriginalFileName": "python.exe", "ParentUser": "BREACH\\client26", "Product": "Python", "RuleName": "-", "TerminalSessionId": "1"}, "event_id": 1, "opcode": "Info", "process": {"pid": 2936, "thread": {"id": 3444}}, "provider_guid": "{5770385f-c22a-43e0-bf4c-06f5698ffbd9}", "provider_name": "Microsoft-Windows-Sysmon", "record_id": 5752137, "task": "Process Create (rule: ProcessCreate)", "user": {"domain": "NT AUTHORITY", "identifier": "S-1-5-18", "name": "SYSTEM", "type": "User"}, "version": 5}}
{"@timestamp": "2025-01-09T16:17:50.159Z", "agent": {"ephemeral_id": "7e6e4a94-de5f-4621-9550-fe95d1e13e9b", "hostname": "CLIENT26", "id": "c35095e9-5f9f-4084-a651-3aaa2966847a", "name": "CLIENT26", "type": "winlogbeat", "version": "7.10.2"}, "ecs": {"version": "1.5.0"}, "event": {"action": "Process Create (rule: ProcessCreate)", "category": ["process"], "code": 1, "created": "2025-01-09T16:17:50.469Z", "kind": "event", "module": "sysmon", "provider": "Microsoft-Windows-Sysmon", "type": ["start", "process_start"]}, "hash": {"imphash": "c7b2d9891c8ea27ab912d8036021e33d", "md5": "a815db40487b457b44dcda2dde8c4823", "sha1": "8766609f079faa9e74ae2c770c0e5f84b458799e", "sha256": "992210816bdb77611810d3ec259b49f000e1546a8415bb94e26ce7e17f58e16c"}, "host": {"name": "CLIENT26.breach.local"}, "log": {"level": "information"}, "process": {"args": ["C:\\Python37\\geckodriver.exe", "--websocket-port", "54413", "--port", "54412"], "command_line": "C:\\Python37\\geckodriver.exe --websocket-port 54413 --port 54412", "entity_id": "{416dd0c5-f6ae-677f-3505-000000001400}", "executable": "C:\\Python37\\geckodriver.exe", "hash": {"md5": "a815db40487b457b44dcda2dde8c4823", "sha1": "8766609f079faa9e74ae2c770c0e5f84b458799e", "sha256": "992210816bdb77611810d3ec259b49f000e1546a8415bb94e26ce7e17f58e16c"}, "name": "geckodriver.exe", "parent": {"args": ["C:\\Python37\\python.exe", "-c", "from multiprocessing.spawn import spawn_main; spawn_main(parent_pid=7496, pipe_handle=2180)", "--multiprocessing-fork"], "command_line": "\"C:\\Python37\\python.exe\" \"-c\" \"from multiprocessing.spawn import spawn_main; spawn_main(parent_pid=7496, pipe_handle=2180)\" \"--multiprocessing-fork\"", "entity_id": "{416dd0c5-f6ab-677f-3405-000000001400}", "executable": "C:\\Python37\\python.exe", "name": "python.exe", "pid": 248}, "pe": {"imphash": "c7b2d9891c8ea27ab912d8036021e33d"}, "pid": 10800, "working_directory": "C:\\BREACH\\"}, "related": {"hash": ["8766609f079faa9e74ae2c770c0e5f84b458799e", "a815db40487b457b44dcda2dde8c4823", "992210816bdb77611810d3ec259b49f000e1546a8415bb94e26ce7e17f58e16c", "c7b2d9891c8ea27ab912d8036021e33d"], "user": "client26"}, "user": {"domain": "BREACH", "name": "client26"}, "winlog": {"api": "wineventlog", "channel": "Microsoft-Windows-Sysmon/Operational", "computer_name": "CLIENT26.breach.local", "event_data": {"Company": "-", "Description": "-", "FileVersion": "-", "IntegrityLevel": "Medium", "LogonGuid": "{416dd0c5-885e-677f-fe57-040000000000}", "LogonId": "0x457fe", "OriginalFileName": "-", "ParentUser": "BREACH\\client26", "Product": "-", "RuleName": "-", "TerminalSessionId": "1"}, "event_id": 1, "opcode": "Info", "process": {"pid": 2936, "thread": {"id": 3444}}, "provider_guid": "{5770385f-c22a-43e0-bf4c-06f5698ffbd9}", "provider_name": "Microsoft-Windows-Sysmon", "record_id": 5752310, "task": "Process Create (rule: ProcessCreate)", "user": {"domain": "NT AUTHORITY", "identifier": "S-1-5-18", "name": "SYSTEM", "type": "User"}, "version": 5}}
{"@timestamp": "2025-01-09T16:17:53.426Z", "agent": {"ephemeral_id": "7e6e4a94-de5f-4621-9550-fe95d1e13e9b", "hostname": "CLIENT26", "id": "c35095e9-5f9f-4084-a651-3aaa2966847a", "name": "CLIENT26", "type": "winlogbeat", "version": "7.10.2"}, "ecs": {"version": "1.5.0"}, "event": {"action": "Process Create (rule: ProcessCreate)", "category": ["process"], "code": 1, "created": "2025-01-09T16:17:59.782Z", "kind": "event", "module": "sysmon", "provider": "Microsoft-Windows-Sysmon", "type": ["start", "process_start"]}, "hash": {"imphash": "0bc2115c454c6afbb369c14e7d59379d", "md5": "91a2ef577822fa0206983b8d97c2d383", "sha1": "e85ac533034790f5a41657fcdbc215304a13356e", "sha256": "35492a1f96bd065b6e5f3938a0564f4e0e55f7ebbd666d92fbb9d80034f394a8"}, "host": {"name": "CLIENT26.breach.local"}, "log": {"level": "information"}, "process": {"args": ["C:\\Program Files (x86)\\Mozilla Firefox\\firefox.exe", "--marionette", "--remote-debugging-port", "54413", "--remote-allow-hosts", "localhost", "-no-remote", "-profile", "C:\\Users\\client26\\AppData\\Local\\Temp\\rust_mozprofilevm71cS"], "command_line": "\"C:\\Program Files (x86)\\Mozilla Firefox\\firefox.exe\" --marionette --remote-debugging-port 54413 --remote-allow-hosts localhost -no-remote -profile C:\\Users\\client26\\AppData\\Local\\Temp\\rust_mozprofilevm71cS", "entity_id": "{416dd0c5-f6b1-677f-3605-000000001400}", "executable": "C:\\Program Files (x86)\\Mozilla Firefox\\firefox.exe", "hash": {"md5": "91a2ef577822fa0206983b8d97c2d383", "sha1": "e85ac533034790f5a41657fcdbc215304a13356e", "sha256": "35492a1f96bd065b6e5f3938a0564f4e0e55f7ebbd666d92fbb9d80034f394a8"}, "name": "firefox.exe", "parent": {"args": ["C:\\Python37\\geckodriver.exe", "--websocket-port", "54413", "--port", "54412"], "command_line": "C:\\Python37\\geckodriver.exe --websocket-port 54413 --port 54412", "entity_id": "{416dd0c5-f6ae-677f-3505-000000001400}", "executable": "C:\\Python37\\geckodriver.exe", "name": "geckodriver.exe", "pid": 10800}, "pe": {"imphash": "0bc2115c454c6afbb369c14e7d59379d"}, "pid": 5160, "working_directory": "C:\\BREACH\\"}, "related": {"hash": ["e85ac533034790f5a41657fcdbc215304a13356e", "91a2ef577822fa0206983b8d97c2d383", "35492a1f96bd065b6e5f3938a0564f4e0e55f7ebbd666d92fbb9d80034f394a8", "0bc2115c454c6afbb369c14e7d59379d"], "user": "client26"}, "user": {"domain": "BREACH", "name": "client26"}, "winlog": {"api": "wineventlog", "channel": "Microsoft-Windows-Sysmon/Operational", "computer_name": "CLIENT26.breach.local", "event_data": {"Company": "Mozilla Corporation", "Description": "Firefox", "FileVersion": "102.0.1", "IntegrityLevel": "Medium", "LogonGuid": "{416dd0c5-885e-677f-fe57-040000000000}", "LogonId": "0x457fe", "OriginalFileName": "firefox.exe", "ParentUser": "BREACH\\client26", "Product": "Firefox", "RuleName": "-", "TerminalSessionId": "1"}, "event_id": 1, "opcode": "Info", "process": {"pid": 2936, "thread": {"id": 3444}}, "provider_guid": "{5770385f-c22a-43e0-bf4c-06f5698ffbd9}", "provider_name": "Microsoft-Windows-Sysmon", "record_id": 5752374, "task": "Process Create (rule: ProcessCreate)", "user": {"domain": "NT AUTHORITY", "identifier": "S-1-5-18", "name": "SYSTEM", "type": "User"}, "version": 5}}
{"@timestamp": "2025-01-09T16:17:53.596Z", "agent": {"ephemeral_id": "7e6e4a94-de5f-4621-9550-fe95d1e13e9b", "hostname": "CLIENT26", "id": "c35095e9-5f9f-4084-a651-3aaa2966847a", "name": "CLIENT26", "type": "winlogbeat", "version": "7.10.2"}, "ecs": {"version": "1.5.0"}, "event": {"action": "Process Create (rule: ProcessCreate)", "category": ["process"], "code": 1, "created": "2025-01-09T16:17:59.789Z", "kind": "event", "module": "sysmon", "provider": "Microsoft-Windows-Sysmon", "type": ["start", "process_start"]}, "hash": {"imphash": "0bc2115c454c6afbb369c14e7d59379d", "md5": "91a2ef577822fa0206983b8d97c2d383", "sha1": "e85ac533034790f5a41657fcdbc215304a13356e", "sha256": "35492a1f96bd065b6e5f3938a0564f4e0e55f7ebbd666d92fbb9d80034f394a8"}, "host": {"name": "CLIENT26.breach.local"}, "log": {"level": "information"}, "process": {"args": ["C:\\Program Files (x86)\\Mozilla Firefox\\firefox.exe", "--marionette", "--remote-debugging-port", "54413", "--remote-allow-hosts", "localhost", "-no-remote", "-profile", "C:\\Users\\client26\\AppData\\Local\\Temp\\rust_mozprofilevm71cS"], "command_line": "\"C:\\Program Files (x86)\\Mozilla Firefox\\firefox.exe\" --marionette --remote-debugging-port 54413 --remote-allow-hosts localhost -no-remote -profile C:\\Users\\client26\\AppData\\Local\\Temp\\rust_mozprofilevm71cS", "entity_id": "{416dd0c5-f6b1-677f-3705-000000001400}", "executable": "C:\\Program Files (x86)\\Mozilla Firefox\\firefox.exe", "hash": {"md5": "91a2ef577822fa0206983b8d97c2d383", "sha1": "e85ac533034790f5a41657fcdbc215304a13356e", "sha256": "35492a1f96bd065b6e5f3938a0564f4e0e55f7ebbd666d92fbb9d80034f394a8"}, "name": "firefox.exe", "parent": {"args": ["C:\\Program Files (x86)\\Mozilla Firefox\\firefox.exe", "--marionette", "--remote-debugging-port", "54413", "--remote-allow-hosts", "localhost", "-no-remote", "-profile", "C:\\Users\\client26\\AppData\\Local\\Temp\\rust_mozprofilevm71cS"], "command_line": "\"C:\\Program Files (x86)\\Mozilla Firefox\\firefox.exe\" --marionette --remote-debugging-port 54413 --remote-allow-hosts localhost -no-remote -profile C:\\Users\\client26\\AppData\\Local\\Temp\\rust_mozprofilevm71cS", "entity_id": "{416dd0c5-f6b1-677f-3605-000000001400}", "executable": "C:\\Program Files (x86)\\Mozilla Firefox\\firefox.exe", "name": "firefox.exe", "pid": 5160}, "pe": {"imphash": "0bc2115c454c6afbb369c14e7d59379d"}, "pid": 9724, "working_directory": "C:\\BREACH\\"}, "related": {"hash": ["e85ac533034790f5a41657fcdbc215304a13356e", "91a2ef577822fa0206983b8d97c2d383", "35492a1f96bd065b6e5f3938a0564f4e0e55f7ebbd666d92fbb9d80034f394a8", "0bc2115c454c6afbb369c14e7d59379d"], "user": "client26"}, "user": {"domain": "BREACH", "name": "client26"}, "winlog": {"api": "wineventlog", "channel": "Microsoft-Windows-Sysmon/Operational", "computer_name": "CLIENT26.breach.local", "event_data": {"Company": "Mozilla Corporation", "Description": "Firefox", "FileVersion": "102.0.1", "IntegrityLevel": "Medium", "LogonGuid": "{416dd0c5-885e-677f-fe57-040000000000}", "LogonId": "0x457fe", "OriginalFileName": "firefox.exe", "ParentUser": "BREACH\\client26", "Product": "Firefox", "RuleName": "-", "TerminalSessionId": "1"}, "event_id": 1, "opcode": "Info", "process": {"pid": 2936, "thread": {"id": 3444}}, "provider_guid": "{5770385f-c22a-43e0-bf4c-06f5698ffbd9}", "provider_name": "Microsoft-Windows-Sysmon", "record_id": 5752397, "task": "Process Create (rule: ProcessCreate)", "user": {"domain": "NT AUTHORITY", "identifier": "S-1-5-18", "name": "SYSTEM", "type": "User"}, "version": 5}}
{"@timestamp": "2025-01-09T16:17:55.602Z", "agent": {"ephemeral_id": "7e6e4a94-de5f-4621-9550-fe95d1e13e9b", "hostname": "CLIENT26", "id": "c35095e9-5f9f-4084-a651-3aaa2966847a", "name": "CLIENT26", "type": "winlogbeat", "version": "7.10.2"}, "ecs": {"version": "1.5.0"}, "event": {"action": "Process Create (rule: ProcessCreate)", "category": ["process"], "code": 1, "created": "2025-01-09T16:18:00.000Z", "kind": "event", "module": "sysmon", "provider": "Microsoft-Windows-Sysmon", "type": ["start", "process_start"]}, "hash": {"imphash": "0bc2115c454c6afbb369c14e7d59379d", "md5": "91a2ef577822fa0206983b8d97c2d383", "sha1": "e85ac533034790f5a41657fcdbc215304a13356e", "sha256": "35492a1f96bd065b6e5f3938a0564f4e0e55f7ebbd666d92fbb9d80034f394a8"}, "host": {"name": "CLIENT26.breach.local"}, "log": {"level": "information"}, "process": {"args": ["C:\\Program Files (x86)\\Mozilla Firefox\\firefox.exe", "-contentproc", "--channel=9724.0.589986940\\1122821850", "-parentBuildID", "20220705093820", "-prefsHandle", "1908", "-prefMapHandle", "1912", "-prefsLen", "23880", "-prefMapSize", "223336", "-win32kLockedDown", "-appDir", "C:\\Program Files (x86)\\Mozilla Firefox\\browser", "-", "9724", "\\\\.\\pipe\\gecko-crash-server-pipe.9724", "1920", "4e9a2d0", "socket"], "command_line": "\"C:\\Program Files (x86)\\Mozilla Firefox\\firefox.exe\" -contentproc --channel=\"9724.0.589986940\\1122821850\" -parentBuildID 20220705093820 -prefsHandle 1908 -prefMapHandle 1912 -prefsLen 23880 -prefMapSize 223336 -win32kLockedDown -appDir \"C:\\Program Files (x86)\\Mozilla Firefox\\browser\" - 9724 \"\\\\.\\pipe\\gecko-crash-server-pipe.9724\" 1920 4e9a2d0 socket", "entity_id": "{416dd0c5-f6b3-677f-3805-000000001400}", "executable": "C:\\Program Files (x86)\\Mozilla Firefox\\firefox.exe", "hash": {"md5": "91a2ef577822fa0206983b8d97c2d383", "sha1": "e85ac533034790f5a41657fcdbc215304a13356e", "sha256": "35492a1f96bd065b6e5f3938a0564f4e0e55f7ebbd666d92fbb9d80034f394a8"}, "name": "firefox.exe", "parent": {"args": ["C:\\Program Files (x86)\\Mozilla Firefox\\firefox.exe", "--marionette", "--remote-debugging-port", "54413", "--remote-allow-hosts", "localhost", "-no-remote", "-profile", "C:\\Users\\client26\\AppData\\Local\\Temp\\rust_mozprofilevm71cS"], "command_line": "\"C:\\Program Files (x86)\\Mozilla Firefox\\firefox.exe\" --marionette --remote-debugging-port 54413 --remote-allow-hosts localhost -no-remote -profile C:\\Users\\client26\\AppData\\Local\\Temp\\rust_mozprofilevm71cS", "entity_id": "{416dd0c5-f6b1-677f-3705-000000001400}", "executable": "C:\\Program Files (x86)\\Mozilla Firefox\\firefox.exe", "name": "firefox.exe", "pid": 9724}, "pe": {"imphash": "0bc2115c454c6afbb369c14e7d59379d"}, "pid": 1088, "working_directory": "C:\\BREACH\\"}, "related": {"hash": ["e85ac533034790f5a41657fcdbc215304a13356e", "91a2ef577822fa0206983b8d97c2d383", "35492a1f96bd065b6e5f3938a0564f4e0e55f7ebbd666d92fbb9d80034f394a8", "0bc2115c454c6afbb369c14e7d59379d"], "user": "client26"}, "user": {"domain": "BREACH", "name": "client26"}, "winlog": {"api": "wineventlog", "channel": "Microsoft-Windows-Sysmon/Operational", "computer_name": "CLIENT26.breach.local", "event_data": {"Company": "Mozilla Corporation", "Description": "Firefox", "FileVersion": "102.0.1", "IntegrityLevel": "Low", "LogonGuid": "{416dd0c5-885e-677f-fe57-040000000000}", "LogonId": "0x457fe", "OriginalFileName": "firefox.exe", "ParentUser": "BREACH\\client26", "Product": "Firefox", "RuleName": "-", "TerminalSessionId": "1"}, "event_id": 1, "opcode": "Info", "process": {"pid": 2936, "thread": {"id": 3444}}, "provider_guid": "{5770385f-c22a-43e0-bf4c-06f5698ffbd9}", "provider_name": "Microsoft-Windows-Sysmon", "record_id": 5752519, "task": "Process Create (rule: ProcessCreate)", "user": {"domain": "NT AUTHORITY", "identifier": "S-1-5-18", "name": "SYSTEM", "type": "User"}, "version": 5}}
{"@timestamp": "2025-01-09T16:17:55.948Z", "agent": {"ephemeral_id": "7e6e4a94-de5f-4621-9550-fe95d1e13e9b", "hostname": "CLIENT26", "id": "c35095e9-5f9f-4084-a651-3aaa2966847a", "name": "CLIENT26", "type": "winlogbeat", "version": "7.10.2"}, "ecs": {"version": "1.5.0"}, "event": {"action": "Process Create (rule: ProcessCreate)", "category": ["process"], "code": 1, "created": "2025-01-09T16:18:00.258Z", "kind": "event", "module": "sysmon", "provider": "Microsoft-Windows-Sysmon", "type": ["start", "process_start"]}, "hash": {"imphash": "0bc2115c454c6afbb369c14e7d59379d", "md5": "91a2ef577822fa0206983b8d97c2d383", "sha1": "e85ac533034790f5a41657fcdbc215304a13356e", "sha256": "35492a1f96bd065b6e5f3938a0564f4e0e55f7ebbd666d92fbb9d80034f394a8"}, "host": {"name": "CLIENT26.breach.local"}, "log": {"level": "information"}, "process": {"args": ["C:\\Program Files (x86)\\Mozilla Firefox\\firefox.exe", "-contentproc", "--channel=9724.1.854634932\\525346303", "-parentBuildID", "20220705093820", "-prefsHandle", "1996", "-prefMapHandle", "1772", "-prefsLen", "24182", "-prefMapSize", "223336", "-appDir", "C:\\Program Files (x86)\\Mozilla Firefox\\browser", "-", "9724", "\\\\.\\pipe\\gecko-crash-server-pipe.9724", "2020", "12c70830", "gpu"], "command_line": "\"C:\\Program Files (x86)\\Mozilla Firefox\\firefox.exe\" -contentproc --channel=\"9724.1.854634932\\525346303\" -parentBuildID 20220705093820 -prefsHandle 1996 -prefMapHandle 1772 -prefsLen 24182 -prefMapSize 223336 -appDir \"C:\\Program Files (x86)\\Mozilla Firefox\\browser\" - 9724 \"\\\\.\\pipe\\gecko-crash-server-pipe.9724\" 2020 12c70830 gpu", "entity_id": "{416dd0c5-f6b3-677f-3905-000000001400}", "executable": "C:\\Program Files (x86)\\Mozilla Firefox\\firefox.exe", "hash": {"md5": "91a2ef577822fa0206983b8d97c2d383", "sha1": "e85ac533034790f5a41657fcdbc215304a13356e", "sha256": "35492a1f96bd065b6e5f3938a0564f4e0e55f7ebbd666d92fbb9d80034f394a8"}, "name": "firefox.exe", "parent": {"args": ["C:\\Program Files (x86)\\Mozilla Firefox\\firefox.exe", "--marionette", "--remote-debugging-port", "54413", "--remote-allow-hosts", "localhost", "-no-remote", "-profile", "C:\\Users\\client26\\AppData\\Local\\Temp\\rust_mozprofilevm71cS"], "command_line": "\"C:\\Program Files (x86)\\Mozilla Firefox\\firefox.exe\" --marionette --remote-debugging-port 54413 --remote-allow-hosts localhost -no-remote -profile C:\\Users\\client26\\AppData\\Local\\Temp\\rust_mozprofilevm71cS", "entity_id": "{416dd0c5-f6b1-677f-3705-000000001400}", "executable": "C:\\Program Files (x86)\\Mozilla Firefox\\firefox.exe", "name": "firefox.exe", "pid": 9724}, "pe": {"imphash": "0bc2115c454c6afbb369c14e7d59379d"}, "pid": 10572, "working_directory": "C:\\BREACH\\"}, "related": {"hash": ["e85ac533034790f5a41657fcdbc215304a13356e", "91a2ef577822fa0206983b8d97c2d383", "35492a1f96bd065b6e5f3938a0564f4e0e55f7ebbd666d92fbb9d80034f394a8", "0bc2115c454c6afbb369c14e7d59379d"], "user": "client26"}, "user": {"domain": "BREACH", "name": "client26"}, "winlog": {"api": "wineventlog", "channel": "Microsoft-Windows-Sysmon/Operational", "computer_name": "CLIENT26.breach.local", "event_data": {"Company": "Mozilla Corporation", "Description": "Firefox", "FileVersion": "102.0.1", "IntegrityLevel": "Medium", "LogonGuid": "{416dd0c5-885e-677f-fe57-040000000000}", "LogonId": "0x457fe", "OriginalFileName": "firefox.exe", "ParentUser": "BREACH\\client26", "Product": "Firefox", "RuleName": "-", "TerminalSessionId": "1"}, "event_id": 1, "opcode": "Info", "process": {"pid": 2936, "thread": {"id": 3444}}, "provider_guid": "{5770385f-c22a-43e0-bf4c-06f5698ffbd9}", "provider_name": "Microsoft-Windows-Sysmon", "record_id": 5752589, "task": "Process Create (rule: ProcessCreate)", "user": {"domain": "NT AUTHORITY", "identifier": "S-1-5-18", "name": "SYSTEM", "type": "User"}, "version": 5}}
{"@timestamp": "2025-01-09T16:17:56.784Z", "agent": {"ephemeral_id": "7e6e4a94-de5f-4621-9550-fe95d1e13e9b", "hostname": "CLIENT26", "id": "c35095e9-5f9f-4084-a651-3aaa2966847a", "name": "CLIENT26", "type": "winlogbeat", "version": "7.10.2"}, "ecs": {"version": "1.5.0"}, "event": {"action": "Process Create (rule: ProcessCreate)", "category": ["process"], "code": 1, "created": "2025-01-09T16:18:00.691Z", "kind": "event", "module": "sysmon", "provider": "Microsoft-Windows-Sysmon", "type": ["start", "process_start"]}, "hash": {"imphash": "0bc2115c454c6afbb369c14e7d59379d", "md5": "91a2ef577822fa0206983b8d97c2d383", "sha1": "e85ac533034790f5a41657fcdbc215304a13356e", "sha256": "35492a1f96bd065b6e5f3938a0564f4e0e55f7ebbd666d92fbb9d80034f394a8"}, "host": {"name": "CLIENT26.breach.local"}, "log": {"level": "information"}, "process": {"args": ["C:\\Program Files (x86)\\Mozilla Firefox\\firefox.exe", "-contentproc", "--channel=9724.2.1959715282\\606324343", "-childID", "1", "-isForBrowser", "-prefsHandle", "2876", "-prefMapHandle", "2872", "-prefsLen", "26448", "-prefMapSize", "223336", "-jsInitHandle", "992", "-jsInitLen", "277276", "-a11yResourceId", "64", "-parentBuildID", "20220705093820", "-win32kLockedDown", "-appDir", "C:\\Program Files (x86)\\Mozilla Firefox\\browser", "-", "9724", "\\\\.\\pipe\\gecko-crash-server-pipe.9724", "2908", "162f93f0", "tab"], "command_line": "\"C:\\Program Files (x86)\\Mozilla Firefox\\firefox.exe\" -contentproc --channel=\"9724.2.1959715282\\606324343\" -childID 1 -isForBrowser -prefsHandle 2876 -prefMapHandle 2872 -prefsLen 26448 -prefMapSize 223336 -jsInitHandle 992 -jsInitLen 277276 -a11yResourceId 64 -parentBuildID 20220705093820 -win32kLockedDown -appDir \"C:\\Program Files (x86)\\Mozilla Firefox\\browser\" - 9724 \"\\\\.\\pipe\\gecko-crash-server-pipe.9724\" 2908 162f93f0 tab", "entity_id": "{416dd0c5-f6b4-677f-3a05-000000001400}", "executable": "C:\\Program Files (x86)\\Mozilla Firefox\\firefox.exe", "hash": {"md5": "91a2ef577822fa0206983b8d97c2d383", "sha1": "e85ac533034790f5a41657fcdbc215304a13356e", "sha256": "35492a1f96bd065b6e5f3938a0564f4e0e55f7ebbd666d92fbb9d80034f394a8"}, "name": "firefox.exe", "parent": {"args": ["C:\\Program Files (x86)\\Mozilla Firefox\\firefox.exe", "--marionette", "--remote-debugging-port", "54413", "--remote-allow-hosts", "localhost", "-no-remote", "-profile", "C:\\Users\\client26\\AppData\\Local\\Temp\\rust_mozprofilevm71cS"], "command_line": "\"C:\\Program Files (x86)\\Mozilla Firefox\\firefox.exe\" --marionette --remote-debugging-port 54413 --remote-allow-hosts localhost -no-remote -profile C:\\Users\\client26\\AppData\\Local\\Temp\\rust_mozprofilevm71cS", "entity_id": "{416dd0c5-f6b1-677f-3705-000000001400}", "executable": "C:\\Program Files (x86)\\Mozilla Firefox\\firefox.exe", "name": "firefox.exe", "pid": 9724}, "pe": {"imphash": "0bc2115c454c6afbb369c14e7d59379d"}, "pid": 10340, "working_directory": "C:\\BREACH\\"}, "related": {"hash": ["e85ac533034790f5a41657fcdbc215304a13356e", "91a2ef577822fa0206983b8d97c2d383", "35492a1f96bd065b6e5f3938a0564f4e0e55f7ebbd666d92fbb9d80034f394a8", "0bc2115c454c6afbb369c14e7d59379d"], "user": "client26"}, "user": {"domain": "BREACH", "name": "client26"}, "winlog": {"api": "wineventlog", "channel": "Microsoft-Windows-Sysmon/Operational", "computer_name": "CLIENT26.breach.local", "event_data": {"Company": "Mozilla Corporation", "Description": "Firefox", "FileVersion": "102.0.1", "IntegrityLevel": "Low", "LogonGuid": "{416dd0c5-885e-677f-fe57-040000000000}", "LogonId": "0x457fe", "OriginalFileName": "firefox.exe", "ParentUser": "BREACH\\client26", "Product": "Firefox", "RuleName": "-", "TerminalSessionId": "1"}, "event_id": 1, "opcode": "Info", "process": {"pid": 2936, "thread": {"id": 3444}}, "provider_guid": "{5770385f-c22a-43e0-bf4c-06f5698ffbd9}", "provider_name": "Microsoft-Windows-Sysmon", "record_id": 5752752, "task": "Process Create (rule: ProcessCreate)", "user": {"domain": "NT AUTHORITY", "identifier": "S-1-5-18", "name": "SYSTEM", "type": "User"}, "version": 5}}
