{"@timestamp": "2025-01-09T08:05:14.062Z", "agent": {"ephemeral_id": "bb64d7a7-091c-4137-a687-7e2730f981d8", "hostname": "CLIENT7", "id": "c35095e9-5f9f-4084-a651-3aaa2966847a", "name": "CLIENT7", "type": "winlogbeat", "version": "7.10.2"}, "ecs": {"version": "1.5.0"}, "event": {"action": "Process Create (rule: ProcessCreate)", "category": ["process"], "code": 1, "created": "2025-01-09T08:06:57.138Z", "kind": "event", "module": "sysmon", "provider": "Microsoft-Windows-Sysmon", "type": ["start", "process_start"]}, "hash": {"imphash": "affe8c3be3bbe4f0ac2ef124256f372d", "md5": "ce1a079265e7a92863baad92de538d72", "sha1": "9d48d4b78cbbfb22c9ee9070f713b35cd2a6a6eb", "sha256": "16c7a815a4a313d2c79816b3839376cc4d732dc0b136ee246ac77ffed543a3c4"}, "host": {"name": "CLIENT7.breach.local"}, "log": {"level": "information"}, "process": {"args": ["\\??\\C:\\Windows\\system32\\conhost.exe", "0xffffffff", "-ForceV1"], "command_line": "\\??\\C:\\Windows\\system32\\conhost.exe 0xffffffff -ForceV1", "entity_id": "{416dd0c5-833a-677f-8c00-000000001400}", "executable": "C:\\Windows\\System32\\conhost.exe", "hash": {"md5": "ce1a079265e7a92863baad92de538d72", "sha1": "9d48d4b78cbbfb22c9ee9070f713b35cd2a6a6eb", "sha256": "16c7a815a4a313d2c79816b3839376cc4d732dc0b136ee246ac77ffed543a3c4"}, "name": "conhost.exe", "parent": {"args": ["C:\\Windows\\py.exe", "C:\\BREACH\\client_monitoring.py"], "command_line": "\"C:\\Windows\\py.exe\" \"C:\\BREACH\\client_monitoring.py\" ", "entity_id": "{416dd0c5-8339-677f-8b00-000000001400}", "executable": "C:\\Windows\\py.exe", "name": "py.exe", "pid": 6824}, "pe": {"imphash": "affe8c3be3bbe4f0ac2ef124256f372d"}, "pid": 6840, "working_directory": "C:\\Windows"}, "related": {"hash": ["9d48d4b78cbbfb22c9ee9070f713b35cd2a6a6eb", "ce1a079265e7a92863baad92de538d72", "16c7a815a4a313d2c79816b3839376cc4d732dc0b136ee246ac77ffed543a3c4", "affe8c3be3bbe4f0ac2ef124256f372d"], "user": "client7"}, "user": {"domain": "BREACH", "name": "client7"}, "winlog": {"api": "wineventlog", "channel": "Microsoft-Windows-Sysmon/Operational", "computer_name": "CLIENT7.breach.local", "event_data": {"Company": "Microsoft Corporation", "Description": "Console Window Host", "FileVersion": "10.0.19041.746 (WinBuild.160101.0800)", "IntegrityLevel": "Medium", "LogonGuid": "{416dd0c5-831f-677f-6df4-030000000000}", "LogonId": "0x3f46d", "OriginalFileName": "CONHOST.EXE", "ParentUser": "BREACH\\client7", "Product": "Microsoft\u00ae Windows\u00ae Operating System", "RuleName": "-", "TerminalSessionId": "1"}, "event_id": 1, "opcode": "Info", "process": {"pid": 2968, "thread": {"id": 3508}}, "provider_guid": "{5770385f-c22a-43e0-bf4c-06f5698ffbd9}", "provider_name": "Microsoft-Windows-Sysmon", "record_id": 3597172, "task": "Process Create (rule: ProcessCreate)", "user": {"domain": "NT AUTHORITY", "identifier": "S-1-5-18", "name": "SYSTEM", "type": "User"}, "version": 5}}
{"@timestamp": "2025-01-09T08:05:14.276Z", "agent": {"ephemeral_id": "bb64d7a7-091c-4137-a687-7e2730f981d8", "hostname": "CLIENT7", "id": "c35095e9-5f9f-4084-a651-3aaa2966847a", "name": "CLIENT7", "type": "winlogbeat", "version": "7.10.2"}, "ecs": {"version": "1.5.0"}, "event": {"action": "Process Create (rule: ProcessCreate)", "category": ["process"], "code": 1, "created": "2025-01-09T08:06:57.156Z", "kind": "event", "module": "sysmon", "provider": "Microsoft-Windows-Sysmon", "type": ["start", "process_start"]}, "hash": {"imphash": "ad7f9ff385f2ac79d492abbee0b86cd6", "md5": "36b7362f96427168eb66c692c65a1582", "sha1": "0a9e517d93a94245c765be2205ee71f079dfff76", "sha256": "05deac8d5c4add3c6aff545944965abac2ce1e4fc3dcd1cd2528c101eed1b0f5"}, "host": {"name": "CLIENT7.breach.local"}, "log": {"level": "information"}, "process": {"args": ["C:\\Program Files (x86)\\Microsoft\\Edge\\Application\\msedge.exe", "--type=crashpad-handler", "--user-data-dir=C:\\Users\\client7\\AppData\\Local\\Microsoft\\Edge\\User Data", "/prefetch:4", "--monitor-self-annotation=ptype=crashpad-handler", "--database=C:\\Users\\client7\\AppData\\Local\\Microsoft\\Edge\\User Data\\Crashpad", "--metrics-dir=C:\\Users\\client7\\AppData\\Local\\Microsoft\\Edge\\User Data", "--annotation=IsOfficialBuild=1", "--annotation=channel=", "--annotation=chromium-version=131.0.6778.205", "--annotation=exe=C:\\Program Files (x86)\\Microsoft\\Edge\\Application\\msedge.exe", "--annotation=plat=Win64", "--annotation=prod=Edge", "--annotation=ver=131.0.2903.112", "--initial-client-data=0x23c,0x240,0x244,0x238,0x2ec,0x7ffe2e4f6070,0x7ffe2e4f607c,0x7ffe2e4f6088"], "command_line": "\"C:\\Program Files (x86)\\Microsoft\\Edge\\Application\\msedge.exe\" --type=crashpad-handler \"--user-data-dir=C:\\Users\\client7\\AppData\\Local\\Microsoft\\Edge\\User Data\" /prefetch:4 --monitor-self-annotation=ptype=crashpad-handler \"--database=C:\\Users\\client7\\AppData\\Local\\Microsoft\\Edge\\User Data\\Crashpad\" \"--metrics-dir=C:\\Users\\client7\\AppData\\Local\\Microsoft\\Edge\\User Data\" --annotation=IsOfficialBuild=1 --annotation=channel= --annotation=chromium-version=131.0.6778.205 \"--annotation=exe=C:\\Program Files (x86)\\Microsoft\\Edge\\Application\\msedge.exe\" --annotation=plat=Win64 --annotation=prod=Edge --annotation=ver=131.0.2903.112 --initial-client-data=0x23c,0x240,0x244,0x238,0x2ec,0x7ffe2e4f6070,0x7ffe2e4f607c,0x7ffe2e4f6088", "entity_id": "{416dd0c5-833a-677f-8d00-000000001400}", "executable": "C:\\Program Files (x86)\\Microsoft\\Edge\\Application\\msedge.exe", "hash": {"md5": "36b7362f96427168eb66c692c65a1582", "sha1": "0a9e517d93a94245c765be2205ee71f079dfff76", "sha256": "05deac8d5c4add3c6aff545944965abac2ce1e4fc3dcd1cd2528c101eed1b0f5"}, "name": "msedge.exe", "parent": {"args": ["C:\\Program Files (x86)\\Microsoft\\Edge\\Application\\msedge.exe", "--no-startup-window", "--win-session-start"], "command_line": "\"C:\\Program Files (x86)\\Microsoft\\Edge\\Application\\msedge.exe\" --no-startup-window --win-session-start", "entity_id": "{416dd0c5-8338-677f-8800-000000001400}", "executable": "C:\\Program Files (x86)\\Microsoft\\Edge\\Application\\msedge.exe", "name": "msedge.exe", "pid": 6744}, "pe": {"imphash": "ad7f9ff385f2ac79d492abbee0b86cd6"}, "pid": 6900, "working_directory": "C:\\Program Files (x86)\\Microsoft\\Edge\\Application\\131.0.2903.112\\"}, "related": {"hash": ["0a9e517d93a94245c765be2205ee71f079dfff76", "36b7362f96427168eb66c692c65a1582", "05deac8d5c4add3c6aff545944965abac2ce1e4fc3dcd1cd2528c101eed1b0f5", "ad7f9ff385f2ac79d492abbee0b86cd6"], "user": "client7"}, "user": {"domain": "BREACH", "name": "client7"}, "winlog": {"api": "wineventlog", "channel": "Microsoft-Windows-Sysmon/Operational", "computer_name": "CLIENT7.breach.local", "event_data": {"Company": "Microsoft Corporation", "Description": "Microsoft Edge", "FileVersion": "131.0.2903.112", "IntegrityLevel": "Medium", "LogonGuid": "{416dd0c5-831f-677f-6df4-030000000000}", "LogonId": "0x3f46d", "OriginalFileName": "msedge.exe", "ParentUser": "BREACH\\client7", "Product": "Microsoft Edge", "RuleName": "-", "TerminalSessionId": "1"}, "event_id": 1, "opcode": "Info", "process": {"pid": 2968, "thread": {"id": 3508}}, "provider_guid": "{5770385f-c22a-43e0-bf4c-06f5698ffbd9}", "provider_name": "Microsoft-Windows-Sysmon", "record_id": 3597232, "task": "Process Create (rule: ProcessCreate)", "user": {"domain": "NT AUTHORITY", "identifier": "S-1-5-18", "name": "SYSTEM", "type": "User"}, "version": 5}}
{"@timestamp": "2025-01-09T08:05:14.594Z", "agent": {"ephemeral_id": "bb64d7a7-091c-4137-a687-7e2730f981d8", "hostname": "CLIENT7", "id": "c35095e9-5f9f-4084-a651-3aaa2966847a", "name": "CLIENT7", "type": "winlogbeat", "version": "7.10.2"}, "ecs": {"version": "1.5.0"}, "event": {"action": "Process Create (rule: ProcessCreate)", "category": ["process"], "code": 1, "created": "2025-01-09T08:06:57.378Z", "kind": "event", "module": "sysmon", "provider": "Microsoft-Windows-Sysmon", "type": ["start", "process_start"]}, "hash": {"imphash": "3c2fc59273192a34f1aa4a59df3b348e", "md5": "922f7003fca657359db03cc02941124d", "sha1": "27fae46e4e377467f2d5f9e37a5a8cb19b39b9ec", "sha256": "5da31132fd6a415e71e3fd40c3a23853a799b91ea2821d2bcbf1bf0e8fa01e16"}, "host": {"name": "CLIENT7.breach.local"}, "log": {"level": "information"}, "process": {"args": ["C:\\Python37\\python.exe", "C:\\BREACH\\client_monitoring.py"], "command_line": "C:\\Python37\\python.exe \"C:\\BREACH\\client_monitoring.py\" ", "entity_id": "{416dd0c5-833a-677f-8e00-000000001400}", "executable": "C:\\Python37\\python.exe", "hash": {"md5": "922f7003fca657359db03cc02941124d", "sha1": "27fae46e4e377467f2d5f9e37a5a8cb19b39b9ec", "sha256": "5da31132fd6a415e71e3fd40c3a23853a799b91ea2821d2bcbf1bf0e8fa01e16"}, "name": "python.exe", "parent": {"args": ["C:\\Windows\\py.exe", "C:\\BREACH\\client_monitoring.py"], "command_line": "\"C:\\Windows\\py.exe\" \"C:\\BREACH\\client_monitoring.py\" ", "entity_id": "{416dd0c5-8339-677f-8b00-000000001400}", "executable": "C:\\Windows\\py.exe", "name": "py.exe", "pid": 6824}, "pe": {"imphash": "3c2fc59273192a34f1aa4a59df3b348e"}, "pid": 7028, "working_directory": "C:\\BREACH\\"}, "related": {"hash": ["27fae46e4e377467f2d5f9e37a5a8cb19b39b9ec", "922f7003fca657359db03cc02941124d", "5da31132fd6a415e71e3fd40c3a23853a799b91ea2821d2bcbf1bf0e8fa01e16", "3c2fc59273192a34f1aa4a59df3b348e"], "user": "client7"}, "user": {"domain": "BREACH", "name": "client7"}, "winlog": {"api": "wineventlog", "channel": "Microsoft-Windows-Sysmon/Operational", "computer_name": "CLIENT7.breach.local", "event_data": {"Company": "Python Software Foundation", "Description": "Python", "FileVersion": "3.7.3", "IntegrityLevel": "Medium", "LogonGuid": "{416dd0c5-831f-677f-6df4-030000000000}", "LogonId": "0x3f46d", "OriginalFileName": "python.exe", "ParentUser": "BREACH\\client7", "Product": "Python", "RuleName": "-", "TerminalSessionId": "1"}, "event_id": 1, "opcode": "Info", "process": {"pid": 2968, "thread": {"id": 3508}}, "provider_guid": "{5770385f-c22a-43e0-bf4c-06f5698ffbd9}", "provider_name": "Microsoft-Windows-Sysmon", "record_id": 3597338, "task": "Process Create (rule: ProcessCreate)", "user": {"domain": "NT AUTHORITY", "identifier": "S-1-5-18", "name": "SYSTEM", "type": "User"}, "version": 5}}
{"@timestamp": "2025-01-09T08:05:14.818Z", "agent": {"ephemeral_id": "bb64d7a7-091c-4137-a687-7e2730f981d8", "hostname": "CLIENT7", "id": "c35095e9-5f9f-4084-a651-3aaa2966847a", "name": "CLIENT7", "type": "winlogbeat", "version": "7.10.2"}, "ecs": {"version": "1.5.0"}, "event": {"action": "Process Create (rule: ProcessCreate)", "category": ["process"], "code": 1, "created": "2025-01-09T08:06:57.383Z", "kind": "event", "module": "sysmon", "provider": "Microsoft-Windows-Sysmon", "type": ["start", "process_start"]}, "hash": {"imphash": "ad7f9ff385f2ac79d492abbee0b86cd6", "md5": "36b7362f96427168eb66c692c65a1582", "sha1": "0a9e517d93a94245c765be2205ee71f079dfff76", "sha256": "05deac8d5c4add3c6aff545944965abac2ce1e4fc3dcd1cd2528c101eed1b0f5"}, "host": {"name": "CLIENT7.breach.local"}, "log": {"level": "information"}, "process": {"args": ["C:\\Program Files (x86)\\Microsoft\\Edge\\Application\\msedge.exe", "--type=gpu-process", "--string-annotations=is-enterprise-managed=yes", "--gpu-preferences=UAAAAAAAAADgAAAEAAAAAAAAAAAAAAAAAABgAAEAAAAAAAAAAAAAAAAAAAACAAAAAAAAAAAAAAAAAAAAAAAAABAAAAAAAAAAEAAAAAAAAAAIAAAAAAAAAAgAAAAAAAAA", "--field-trial-handle=2068,i,16033469871451599983,9831051220802965236,262144", "--variations-seed-version", "--mojo-platform-channel-handle=2064", "/prefetch:2"], "command_line": "\"C:\\Program Files (x86)\\Microsoft\\Edge\\Application\\msedge.exe\" --type=gpu-process --string-annotations=is-enterprise-managed=yes --gpu-preferences=UAAAAAAAAADgAAAEAAAAAAAAAAAAAAAAAABgAAEAAAAAAAAAAAAAAAAAAAACAAAAAAAAAAAAAAAAAAAAAAAAABAAAAAAAAAAEAAAAAAAAAAIAAAAAAAAAAgAAAAAAAAA --field-trial-handle=2068,i,16033469871451599983,9831051220802965236,262144 --variations-seed-version --mojo-platform-channel-handle=2064 /prefetch:2", "entity_id": "{416dd0c5-833a-677f-8f00-000000001400}", "executable": "C:\\Program Files (x86)\\Microsoft\\Edge\\Application\\msedge.exe", "hash": {"md5": "36b7362f96427168eb66c692c65a1582", "sha1": "0a9e517d93a94245c765be2205ee71f079dfff76", "sha256": "05deac8d5c4add3c6aff545944965abac2ce1e4fc3dcd1cd2528c101eed1b0f5"}, "name": "msedge.exe", "parent": {"args": ["C:\\Program Files (x86)\\Microsoft\\Edge\\Application\\msedge.exe", "--no-startup-window", "--win-session-start"], "command_line": "\"C:\\Program Files (x86)\\Microsoft\\Edge\\Application\\msedge.exe\" --no-startup-window --win-session-start", "entity_id": "{416dd0c5-8338-677f-8800-000000001400}", "executable": "C:\\Program Files (x86)\\Microsoft\\Edge\\Application\\msedge.exe", "name": "msedge.exe", "pid": 6744}, "pe": {"imphash": "ad7f9ff385f2ac79d492abbee0b86cd6"}, "pid": 7112, "working_directory": "C:\\Program Files (x86)\\Microsoft\\Edge\\Application\\131.0.2903.112\\"}, "related": {"hash": ["0a9e517d93a94245c765be2205ee71f079dfff76", "36b7362f96427168eb66c692c65a1582", "05deac8d5c4add3c6aff545944965abac2ce1e4fc3dcd1cd2528c101eed1b0f5", "ad7f9ff385f2ac79d492abbee0b86cd6"], "user": "client7"}, "user": {"domain": "BREACH", "name": "client7"}, "winlog": {"api": "wineventlog", "channel": "Microsoft-Windows-Sysmon/Operational", "computer_name": "CLIENT7.breach.local", "event_data": {"Company": "Microsoft Corporation", "Description": "Microsoft Edge", "FileVersion": "131.0.2903.112", "IntegrityLevel": "Low", "LogonGuid": "{416dd0c5-831f-677f-6df4-030000000000}", "LogonId": "0x3f46d", "OriginalFileName": "msedge.exe", "ParentUser": "BREACH\\client7", "Product": "Microsoft Edge", "RuleName": "-", "TerminalSessionId": "1"}, "event_id": 1, "opcode": "Info", "process": {"pid": 2968, "thread": {"id": 3508}}, "provider_guid": "{5770385f-c22a-43e0-bf4c-06f5698ffbd9}", "provider_name": "Microsoft-Windows-Sysmon", "record_id": 3597369, "task": "Process Create (rule: ProcessCreate)", "user": {"domain": "NT AUTHORITY", "identifier": "S-1-5-18", "name": "SYSTEM", "type": "User"}, "version": 5}}
{"@timestamp": "2025-01-09T08:05:14.824Z", "agent": {"ephemeral_id": "bb64d7a7-091c-4137-a687-7e2730f981d8", "hostname": "CLIENT7", "id": "c35095e9-5f9f-4084-a651-3aaa2966847a", "name": "CLIENT7", "type": "winlogbeat", "version": "7.10.2"}, "ecs": {"version": "1.5.0"}, "event": {"action": "Process Create (rule: ProcessCreate)", "category": ["process"], "code": 1, "created": "2025-01-09T08:06:57.383Z", "kind": "event", "module": "sysmon", "provider": "Microsoft-Windows-Sysmon", "type": ["start", "process_start"]}, "hash": {"imphash": "ad7f9ff385f2ac79d492abbee0b86cd6", "md5": "36b7362f96427168eb66c692c65a1582", "sha1": "0a9e517d93a94245c765be2205ee71f079dfff76", "sha256": "05deac8d5c4add3c6aff545944965abac2ce1e4fc3dcd1cd2528c101eed1b0f5"}, "host": {"name": "CLIENT7.breach.local"}, "log": {"level": "information"}, "process": {"args": ["C:\\Program Files (x86)\\Microsoft\\Edge\\Application\\msedge.exe", "--type=utility", "--utility-sub-type=network.mojom.NetworkService", "--lang=en-US", "--service-sandbox-type=none", "--string-annotations=is-enterprise-managed=yes", "--field-trial-handle=1916,i,16033469871451599983,9831051220802965236,262144", "--variations-seed-version", "--mojo-platform-channel-handle=2204", "/prefetch:3"], "command_line": "\"C:\\Program Files (x86)\\Microsoft\\Edge\\Application\\msedge.exe\" --type=utility --utility-sub-type=network.mojom.NetworkService --lang=en-US --service-sandbox-type=none --string-annotations=is-enterprise-managed=yes --field-trial-handle=1916,i,16033469871451599983,9831051220802965236,262144 --variations-seed-version --mojo-platform-channel-handle=2204 /prefetch:3", "entity_id": "{416dd0c5-833a-677f-9000-000000001400}", "executable": "C:\\Program Files (x86)\\Microsoft\\Edge\\Application\\msedge.exe", "hash": {"md5": "36b7362f96427168eb66c692c65a1582", "sha1": "0a9e517d93a94245c765be2205ee71f079dfff76", "sha256": "05deac8d5c4add3c6aff545944965abac2ce1e4fc3dcd1cd2528c101eed1b0f5"}, "name": "msedge.exe", "parent": {"args": ["C:\\Program Files (x86)\\Microsoft\\Edge\\Application\\msedge.exe", "--no-startup-window", "--win-session-start"], "command_line": "\"C:\\Program Files (x86)\\Microsoft\\Edge\\Application\\msedge.exe\" --no-startup-window --win-session-start", "entity_id": "{416dd0c5-8338-677f-8800-000000001400}", "executable": "C:\\Program Files (x86)\\Microsoft\\Edge\\Application\\msedge.exe", "name": "msedge.exe", "pid": 6744}, "pe": {"imphash": "ad7f9ff385f2ac79d492abbee0b86cd6"}, "pid": 7120, "working_directory": "C:\\Program Files (x86)\\Microsoft\\Edge\\Application\\131.0.2903.112\\"}, "related": {"hash": ["0a9e517d93a94245c765be2205ee71f079dfff76", "36b7362f96427168eb66c692c65a1582", "05deac8d5c4add3c6aff545944965abac2ce1e4fc3dcd1cd2528c101eed1b0f5", "ad7f9ff385f2ac79d492abbee0b86cd6"], "user": "client7"}, "user": {"domain": "BREACH", "name": "client7"}, "winlog": {"api": "wineventlog", "channel": "Microsoft-Windows-Sysmon/Operational", "computer_name": "CLIENT7.breach.local", "event_data": {"Company": "Microsoft Corporation", "Description": "Microsoft Edge", "FileVersion": "131.0.2903.112", "IntegrityLevel": "Medium", "LogonGuid": "{416dd0c5-831f-677f-6df4-030000000000}", "LogonId": "0x3f46d", "OriginalFileName": "msedge.exe", "ParentUser": "BREACH\\client7", "Product": "Microsoft Edge", "RuleName": "-", "TerminalSessionId": "1"}, "event_id": 1, "opcode": "Info", "process": {"pid": 2968, "thread": {"id": 3508}}, "provider_guid": "{5770385f-c22a-43e0-bf4c-06f5698ffbd9}", "provider_name": "Microsoft-Windows-Sysmon", "record_id": 3597374, "task": "Process Create (rule: ProcessCreate)", "user": {"domain": "NT AUTHORITY", "identifier": "S-1-5-18", "name": "SYSTEM", "type": "User"}, "version": 5}}
{"@timestamp": "2025-01-09T08:05:15.312Z", "agent": {"ephemeral_id": "bb64d7a7-091c-4137-a687-7e2730f981d8", "hostname": "CLIENT7", "id": "c35095e9-5f9f-4084-a651-3aaa2966847a", "name": "CLIENT7", "type": "winlogbeat", "version": "7.10.2"}, "ecs": {"version": "1.5.0"}, "event": {"action": "Process Create (rule: ProcessCreate)", "category": ["process"], "code": 1, "created": "2025-01-09T08:06:57.504Z", "kind": "event", "module": "sysmon", "provider": "Microsoft-Windows-Sysmon", "type": ["start", "process_start"]}, "hash": {"imphash": "ad7f9ff385f2ac79d492abbee0b86cd6", "md5": "36b7362f96427168eb66c692c65a1582", "sha1": "0a9e517d93a94245c765be2205ee71f079dfff76", "sha256": "05deac8d5c4add3c6aff545944965abac2ce1e4fc3dcd1cd2528c101eed1b0f5"}, "host": {"name": "CLIENT7.breach.local"}, "log": {"level": "information"}, "process": {"args": ["C:\\Program Files (x86)\\Microsoft\\Edge\\Application\\msedge.exe", "--type=utility", "--utility-sub-type=storage.mojom.StorageService", "--lang=en-US", "--service-sandbox-type=service", "--string-annotations=is-enterprise-managed=yes", "--field-trial-handle=2496,i,16033469871451599983,9831051220802965236,262144", "--variations-seed-version", "--mojo-platform-channel-handle=2648", "/prefetch:8"], "command_line": "\"C:\\Program Files (x86)\\Microsoft\\Edge\\Application\\msedge.exe\" --type=utility --utility-sub-type=storage.mojom.StorageService --lang=en-US --service-sandbox-type=service --string-annotations=is-enterprise-managed=yes --field-trial-handle=2496,i,16033469871451599983,9831051220802965236,262144 --variations-seed-version --mojo-platform-channel-handle=2648 /prefetch:8", "entity_id": "{416dd0c5-833b-677f-9100-000000001400}", "executable": "C:\\Program Files (x86)\\Microsoft\\Edge\\Application\\msedge.exe", "hash": {"md5": "36b7362f96427168eb66c692c65a1582", "sha1": "0a9e517d93a94245c765be2205ee71f079dfff76", "sha256": "05deac8d5c4add3c6aff545944965abac2ce1e4fc3dcd1cd2528c101eed1b0f5"}, "name": "msedge.exe", "parent": {"args": ["C:\\Program Files (x86)\\Microsoft\\Edge\\Application\\msedge.exe", "--no-startup-window", "--win-session-start"], "command_line": "\"C:\\Program Files (x86)\\Microsoft\\Edge\\Application\\msedge.exe\" --no-startup-window --win-session-start", "entity_id": "{416dd0c5-8338-677f-8800-000000001400}", "executable": "C:\\Program Files (x86)\\Microsoft\\Edge\\Application\\msedge.exe", "name": "msedge.exe", "pid": 6744}, "pe": {"imphash": "ad7f9ff385f2ac79d492abbee0b86cd6"}, "pid": 7164, "working_directory": "C:\\Program Files (x86)\\Microsoft\\Edge\\Application\\131.0.2903.112\\"}, "related": {"hash": ["0a9e517d93a94245c765be2205ee71f079dfff76", "36b7362f96427168eb66c692c65a1582", "05deac8d5c4add3c6aff545944965abac2ce1e4fc3dcd1cd2528c101eed1b0f5", "ad7f9ff385f2ac79d492abbee0b86cd6"], "user": "client7"}, "user": {"domain": "BREACH", "name": "client7"}, "winlog": {"api": "wineventlog", "channel": "Microsoft-Windows-Sysmon/Operational", "computer_name": "CLIENT7.breach.local", "event_data": {"Company": "Microsoft Corporation", "Description": "Microsoft Edge", "FileVersion": "131.0.2903.112", "IntegrityLevel": "Low", "LogonGuid": "{416dd0c5-831f-677f-6df4-030000000000}", "LogonId": "0x3f46d", "OriginalFileName": "msedge.exe", "ParentUser": "BREACH\\client7", "Product": "Microsoft Edge", "RuleName": "-", "TerminalSessionId": "1"}, "event_id": 1, "opcode": "Info", "process": {"pid": 2968, "thread": {"id": 3508}}, "provider_guid": "{5770385f-c22a-43e0-bf4c-06f5698ffbd9}", "provider_name": "Microsoft-Windows-Sysmon", "record_id": 3597449, "task": "Process Create (rule: ProcessCreate)", "user": {"domain": "NT AUTHORITY", "identifier": "S-1-5-18", "name": "SYSTEM", "type": "User"}, "version": 5}}
{"@timestamp": "2025-01-09T08:05:15.786Z", "agent": {"ephemeral_id": "bb64d7a7-091c-4137-a687-7e2730f981d8", "hostname": "CLIENT7", "id": "c35095e9-5f9f-4084-a651-3aaa2966847a", "name": "CLIENT7", "type": "winlogbeat", "version": "7.10.2"}, "ecs": {"version": "1.5.0"}, "event": {"action": "Process Create (rule: ProcessCreate)", "category": ["process"], "code": 1, "created": "2025-01-09T08:06:57.626Z", "kind": "event", "module": "sysmon", "provider": "Microsoft-Windows-Sysmon", "type": ["start", "process_start"]}, "hash": {"imphash": "f372f63eb473006a466c646ae715bad0", "md5": "d0f63e3ae439de47a80d38d72640cde3", "sha1": "d2f13d4ad6d51d4b97b55945ac0e1d602af08543", "sha256": "ec8fd081ca276b42befd2fe4ccec6a949768e016dc271992a8bad848fbc44bdd"}, "host": {"name": "CLIENT7.breach.local"}, "log": {"level": "information"}, "process": {"args": ["C:\\Program Files (x86)\\Microsoft\\Edge\\Application\\131.0.2903.112\\elevation_service.exe"], "command_line": "\"C:\\Program Files (x86)\\Microsoft\\Edge\\Application\\131.0.2903.112\\elevation_service.exe\"", "entity_id": "{416dd0c5-833b-677f-9200-000000001400}", "executable": "C:\\Program Files (x86)\\Microsoft\\Edge\\Application\\131.0.2903.112\\elevation_service.exe", "hash": {"md5": "d0f63e3ae439de47a80d38d72640cde3", "sha1": "d2f13d4ad6d51d4b97b55945ac0e1d602af08543", "sha256": "ec8fd081ca276b42befd2fe4ccec6a949768e016dc271992a8bad848fbc44bdd"}, "name": "elevation_service.exe", "parent": {"args": ["C:\\Windows\\system32\\services.exe"], "command_line": "C:\\Windows\\system32\\services.exe", "entity_id": "{416dd0c5-8318-677f-0b00-000000001400}", "executable": "C:\\Windows\\System32\\services.exe", "name": "services.exe", "pid": 624}, "pe": {"imphash": "f372f63eb473006a466c646ae715bad0"}, "pid": 3920, "working_directory": "C:\\Windows\\system32\\"}, "related": {"hash": ["d2f13d4ad6d51d4b97b55945ac0e1d602af08543", "d0f63e3ae439de47a80d38d72640cde3", "ec8fd081ca276b42befd2fe4ccec6a949768e016dc271992a8bad848fbc44bdd", "f372f63eb473006a466c646ae715bad0"], "user": "SYSTEM"}, "user": {"domain": "NT AUTHORITY", "name": "SYSTEM"}, "winlog": {"api": "wineventlog", "channel": "Microsoft-Windows-Sysmon/Operational", "computer_name": "CLIENT7.breach.local", "event_data": {"Company": "Microsoft Corporation", "Description": "Microsoft Edge", "FileVersion": "131.0.2903.112", "IntegrityLevel": "System", "LogonGuid": "{416dd0c5-8318-677f-e703-000000000000}", "LogonId": "0x3e7", "OriginalFileName": "elevation_service.exe", "ParentUser": "NT AUTHORITY\\SYSTEM", "Product": "Microsoft Edge", "RuleName": "-", "TerminalSessionId": "0"}, "event_id": 1, "opcode": "Info", "process": {"pid": 2968, "thread": {"id": 3508}}, "provider_guid": "{5770385f-c22a-43e0-bf4c-06f5698ffbd9}", "provider_name": "Microsoft-Windows-Sysmon", "record_id": 3597560, "task": "Process Create (rule: ProcessCreate)", "user": {"domain": "NT AUTHORITY", "identifier": "S-1-5-18", "name": "SYSTEM", "type": "User"}, "version": 5}}
{"@timestamp": "2025-01-09T08:05:15.896Z", "agent": {"ephemeral_id": "bb64d7a7-091c-4137-a687-7e2730f981d8", "hostname": "CLIENT7", "id": "c35095e9-5f9f-4084-a651-3aaa2966847a", "name": "CLIENT7", "type": "winlogbeat", "version": "7.10.2"}, "ecs": {"version": "1.5.0"}, "event": {"action": "Process Create (rule: ProcessCreate)", "category": ["process"], "code": 1, "created": "2025-01-09T08:06:57.629Z", "kind": "event", "module": "sysmon", "provider": "Microsoft-Windows-Sysmon", "type": ["start", "process_start"]}, "hash": {"imphash": "5d2536415681e3ce77f7b79596beac0d", "md5": "3c9463e5eec8d543ef15d967c933d040", "sha1": "455e92cede956138c659f9ba670a9f12ef8346d1", "sha256": "0d139f5d4edea457ad830186d14076a3a7f5a375bb7dbba763d23f710fa827a8"}, "host": {"name": "CLIENT7.breach.local"}, "log": {"level": "information"}, "process": {"args": ["C:\\Program Files (x86)\\Common Files\\Java\\Java Update\\jusched.exe"], "command_line": "\"C:\\Program Files (x86)\\Common Files\\Java\\Java Update\\jusched.exe\" ", "entity_id": "{416dd0c5-833b-677f-9300-000000001400}", "executable": "C:\\Program Files (x86)\\Common Files\\Java\\Java Update\\jusched.exe", "hash": {"md5": "3c9463e5eec8d543ef15d967c933d040", "sha1": "455e92cede956138c659f9ba670a9f12ef8346d1", "sha256": "0d139f5d4edea457ad830186d14076a3a7f5a375bb7dbba763d23f710fa827a8"}, "name": "jusched.exe", "parent": {"args": ["C:\\Windows\\SysWOW64\\runonce.exe", "/Run6432"], "command_line": "C:\\Windows\\SysWOW64\\runonce.exe /Run6432", "entity_id": "{416dd0c5-8339-677f-8a00-000000001400}", "executable": "C:\\Windows\\SysWOW64\\runonce.exe", "name": "runonce.exe", "pid": 6776}, "pe": {"imphash": "5d2536415681e3ce77f7b79596beac0d"}, "pid": 4008, "working_directory": "C:\\Windows\\SysWOW64\\"}, "related": {"hash": ["455e92cede956138c659f9ba670a9f12ef8346d1", "3c9463e5eec8d543ef15d967c933d040", "0d139f5d4edea457ad830186d14076a3a7f5a375bb7dbba763d23f710fa827a8", "5d2536415681e3ce77f7b79596beac0d"], "user": "client7"}, "user": {"domain": "BREACH", "name": "client7"}, "winlog": {"api": "wineventlog", "channel": "Microsoft-Windows-Sysmon/Operational", "computer_name": "CLIENT7.breach.local", "event_data": {"Company": "Oracle Corporation", "Description": "Java Update Scheduler", "FileVersion": "2.8.431.10", "IntegrityLevel": "Medium", "LogonGuid": "{416dd0c5-831f-677f-6df4-030000000000}", "LogonId": "0x3f46d", "OriginalFileName": "jusched.exe", "ParentUser": "BREACH\\client7", "Product": "Java Platform SE Auto Updater", "RuleName": "-", "TerminalSessionId": "1"}, "event_id": 1, "opcode": "Info", "process": {"pid": 2968, "thread": {"id": 3508}}, "provider_guid": "{5770385f-c22a-43e0-bf4c-06f5698ffbd9}", "provider_name": "Microsoft-Windows-Sysmon", "record_id": 3597585, "task": "Process Create (rule: ProcessCreate)", "user": {"domain": "NT AUTHORITY", "identifier": "S-1-5-18", "name": "SYSTEM", "type": "User"}, "version": 5}}
{"@timestamp": "2025-01-09T08:05:16.487Z", "agent": {"ephemeral_id": "bb64d7a7-091c-4137-a687-7e2730f981d8", "hostname": "CLIENT7", "id": "c35095e9-5f9f-4084-a651-3aaa2966847a", "name": "CLIENT7", "type": "winlogbeat", "version": "7.10.2"}, "ecs": {"version": "1.5.0"}, "event": {"action": "Process Create (rule: ProcessCreate)", "category": ["process"], "code": 1, "created": "2025-01-09T08:06:57.854Z", "kind": "event", "module": "sysmon", "provider": "Microsoft-Windows-Sysmon", "type": ["start", "process_start"]}, "hash": {"imphash": "1c9e5b11b7c170c300047dfc229af30b", "md5": "d9cbe9d6914cf0ea6f1a3cb217e3b75c", "sha1": "8940406f6df93d1b1b6969751228a79e99955745", "sha256": "ef45766c2203cded161db71616e8f02a2cfed2f2aa2bfeb929a4166eb3e12f6b"}, "host": {"name": "CLIENT7.breach.local"}, "log": {"level": "information"}, "process": {"args": ["C:\\Windows\\py.exe", "C:\\BREACH\\init_tbf_client.py"], "command_line": "\"C:\\Windows\\py.exe\" \"C:\\BREACH\\init_tbf_client.py\" ", "entity_id": "{416dd0c5-833c-677f-9400-000000001400}", "executable": "C:\\Windows\\py.exe", "hash": {"md5": "d9cbe9d6914cf0ea6f1a3cb217e3b75c", "sha1": "8940406f6df93d1b1b6969751228a79e99955745", "sha256": "ef45766c2203cded161db71616e8f02a2cfed2f2aa2bfeb929a4166eb3e12f6b"}, "name": "py.exe", "parent": {"args": ["C:\\Windows\\Explorer.EXE"], "command_line": "C:\\Windows\\Explorer.EXE", "entity_id": "{416dd0c5-8323-677f-6500-000000001400}", "executable": "C:\\Windows\\explorer.exe", "name": "explorer.exe", "pid": 4600}, "pe": {"imphash": "1c9e5b11b7c170c300047dfc229af30b"}, "pid": 6600, "working_directory": "C:\\BREACH\\"}, "related": {"hash": ["8940406f6df93d1b1b6969751228a79e99955745", "d9cbe9d6914cf0ea6f1a3cb217e3b75c", "ef45766c2203cded161db71616e8f02a2cfed2f2aa2bfeb929a4166eb3e12f6b", "1c9e5b11b7c170c300047dfc229af30b"], "user": "client7"}, "user": {"domain": "BREACH", "name": "client7"}, "winlog": {"api": "wineventlog", "channel": "Microsoft-Windows-Sysmon/Operational", "computer_name": "CLIENT7.breach.local", "event_data": {"Company": "Python Software Foundation", "Description": "Python", "FileVersion": "3.7.3", "IntegrityLevel": "Medium", "LogonGuid": "{416dd0c5-831f-677f-6df4-030000000000}", "LogonId": "0x3f46d", "OriginalFileName": "py.exe", "ParentUser": "BREACH\\client7", "Product": "Python", "RuleName": "-", "TerminalSessionId": "1"}, "event_id": 1, "opcode": "Info", "process": {"pid": 2968, "thread": {"id": 3508}}, "provider_guid": "{5770385f-c22a-43e0-bf4c-06f5698ffbd9}", "provider_name": "Microsoft-Windows-Sysmon", "record_id": 3597776, "task": "Process Create (rule: ProcessCreate)", "user": {"domain": "NT AUTHORITY", "identifier": "S-1-5-18", "name": "SYSTEM", "type": "User"}, "version": 5}}
{"@timestamp": "2025-01-09T08:05:16.630Z", "agent": {"ephemeral_id": "bb64d7a7-091c-4137-a687-7e2730f981d8", "hostname": "CLIENT7", "id": "c35095e9-5f9f-4084-a651-3aaa2966847a", "name": "CLIENT7", "type": "winlogbeat", "version": "7.10.2"}, "ecs": {"version": "1.5.0"}, "event": {"action": "Process Create (rule: ProcessCreate)", "category": ["process"], "code": 1, "created": "2025-01-09T08:06:57.860Z", "kind": "event", "module": "sysmon", "provider": "Microsoft-Windows-Sysmon", "type": ["start", "process_start"]}, "hash": {"imphash": "affe8c3be3bbe4f0ac2ef124256f372d", "md5": "ce1a079265e7a92863baad92de538d72", "sha1": "9d48d4b78cbbfb22c9ee9070f713b35cd2a6a6eb", "sha256": "16c7a815a4a313d2c79816b3839376cc4d732dc0b136ee246ac77ffed543a3c4"}, "host": {"name": "CLIENT7.breach.local"}, "log": {"level": "information"}, "process": {"args": ["\\??\\C:\\Windows\\system32\\conhost.exe", "0xffffffff", "-ForceV1"], "command_line": "\\??\\C:\\Windows\\system32\\conhost.exe 0xffffffff -ForceV1", "entity_id": "{416dd0c5-833c-677f-9500-000000001400}", "executable": "C:\\Windows\\System32\\conhost.exe", "hash": {"md5": "ce1a079265e7a92863baad92de538d72", "sha1": "9d48d4b78cbbfb22c9ee9070f713b35cd2a6a6eb", "sha256": "16c7a815a4a313d2c79816b3839376cc4d732dc0b136ee246ac77ffed543a3c4"}, "name": "conhost.exe", "parent": {"args": ["C:\\Windows\\py.exe", "C:\\BREACH\\init_tbf_client.py"], "command_line": "\"C:\\Windows\\py.exe\" \"C:\\BREACH\\init_tbf_client.py\" ", "entity_id": "{416dd0c5-833c-677f-9400-000000001400}", "executable": "C:\\Windows\\py.exe", "name": "py.exe", "pid": 6600}, "pe": {"imphash": "affe8c3be3bbe4f0ac2ef124256f372d"}, "pid": 5456, "working_directory": "C:\\Windows"}, "related": {"hash": ["9d48d4b78cbbfb22c9ee9070f713b35cd2a6a6eb", "ce1a079265e7a92863baad92de538d72", "16c7a815a4a313d2c79816b3839376cc4d732dc0b136ee246ac77ffed543a3c4", "affe8c3be3bbe4f0ac2ef124256f372d"], "user": "client7"}, "user": {"domain": "BREACH", "name": "client7"}, "winlog": {"api": "wineventlog", "channel": "Microsoft-Windows-Sysmon/Operational", "computer_name": "CLIENT7.breach.local", "event_data": {"Company": "Microsoft Corporation", "Description": "Console Window Host", "FileVersion": "10.0.19041.746 (WinBuild.160101.0800)", "IntegrityLevel": "Medium", "LogonGuid": "{416dd0c5-831f-677f-6df4-030000000000}", "LogonId": "0x3f46d", "OriginalFileName": "CONHOST.EXE", "ParentUser": "BREACH\\client7", "Product": "Microsoft\u00ae Windows\u00ae Operating System", "RuleName": "-", "TerminalSessionId": "1"}, "event_id": 1, "opcode": "Info", "process": {"pid": 2968, "thread": {"id": 3508}}, "provider_guid": "{5770385f-c22a-43e0-bf4c-06f5698ffbd9}", "provider_name": "Microsoft-Windows-Sysmon", "record_id": 3597817, "task": "Process Create (rule: ProcessCreate)", "user": {"domain": "NT AUTHORITY", "identifier": "S-1-5-18", "name": "SYSTEM", "type": "User"}, "version": 5}}
{"@timestamp": "2025-01-09T08:05:16.731Z", "agent": {"ephemeral_id": "bb64d7a7-091c-4137-a687-7e2730f981d8", "hostname": "CLIENT7", "id": "c35095e9-5f9f-4084-a651-3aaa2966847a", "name": "CLIENT7", "type": "winlogbeat", "version": "7.10.2"}, "ecs": {"version": "1.5.0"}, "event": {"action": "Process Create (rule: ProcessCreate)", "category": ["process"], "code": 1, "created": "2025-01-09T08:06:57.979Z", "kind": "event", "module": "sysmon", "provider": "Microsoft-Windows-Sysmon", "type": ["start", "process_start"]}, "hash": {"imphash": "ad7f9ff385f2ac79d492abbee0b86cd6", "md5": "36b7362f96427168eb66c692c65a1582", "sha1": "0a9e517d93a94245c765be2205ee71f079dfff76", "sha256": "05deac8d5c4add3c6aff545944965abac2ce1e4fc3dcd1cd2528c101eed1b0f5"}, "host": {"name": "CLIENT7.breach.local"}, "log": {"level": "information"}, "process": {"args": ["C:\\Program Files (x86)\\Microsoft\\Edge\\Application\\msedge.exe", "--type=utility", "--utility-sub-type=data_decoder.mojom.DataDecoderService", "--lang=en-US", "--service-sandbox-type=service", "--string-annotations=is-enterprise-managed=yes", "--field-trial-handle=4256,i,16033469871451599983,9831051220802965236,262144", "--variations-seed-version", "--mojo-platform-channel-handle=4268", "/prefetch:8"], "command_line": "\"C:\\Program Files (x86)\\Microsoft\\Edge\\Application\\msedge.exe\" --type=utility --utility-sub-type=data_decoder.mojom.DataDecoderService --lang=en-US --service-sandbox-type=service --string-annotations=is-enterprise-managed=yes --field-trial-handle=4256,i,16033469871451599983,9831051220802965236,262144 --variations-seed-version --mojo-platform-channel-handle=4268 /prefetch:8", "entity_id": "{416dd0c5-833c-677f-9600-000000001400}", "executable": "C:\\Program Files (x86)\\Microsoft\\Edge\\Application\\msedge.exe", "hash": {"md5": "36b7362f96427168eb66c692c65a1582", "sha1": "0a9e517d93a94245c765be2205ee71f079dfff76", "sha256": "05deac8d5c4add3c6aff545944965abac2ce1e4fc3dcd1cd2528c101eed1b0f5"}, "name": "msedge.exe", "parent": {"args": ["C:\\Program Files (x86)\\Microsoft\\Edge\\Application\\msedge.exe", "--no-startup-window", "--win-session-start"], "command_line": "\"C:\\Program Files (x86)\\Microsoft\\Edge\\Application\\msedge.exe\" --no-startup-window --win-session-start", "entity_id": "{416dd0c5-8338-677f-8800-000000001400}", "executable": "C:\\Program Files (x86)\\Microsoft\\Edge\\Application\\msedge.exe", "name": "msedge.exe", "pid": 6744}, "pe": {"imphash": "ad7f9ff385f2ac79d492abbee0b86cd6"}, "pid": 5560, "working_directory": "C:\\Program Files (x86)\\Microsoft\\Edge\\Application\\131.0.2903.112\\"}, "related": {"hash": ["0a9e517d93a94245c765be2205ee71f079dfff76", "36b7362f96427168eb66c692c65a1582", "05deac8d5c4add3c6aff545944965abac2ce1e4fc3dcd1cd2528c101eed1b0f5", "ad7f9ff385f2ac79d492abbee0b86cd6"], "user": "client7"}, "user": {"domain": "BREACH", "name": "client7"}, "winlog": {"api": "wineventlog", "channel": "Microsoft-Windows-Sysmon/Operational", "computer_name": "CLIENT7.breach.local", "event_data": {"Company": "Microsoft Corporation", "Description": "Microsoft Edge", "FileVersion": "131.0.2903.112", "IntegrityLevel": "Low", "LogonGuid": "{416dd0c5-831f-677f-6df4-030000000000}", "LogonId": "0x3f46d", "OriginalFileName": "msedge.exe", "ParentUser": "BREACH\\client7", "Product": "Microsoft Edge", "RuleName": "-", "TerminalSessionId": "1"}, "event_id": 1, "opcode": "Info", "process": {"pid": 2968, "thread": {"id": 3508}}, "provider_guid": "{5770385f-c22a-43e0-bf4c-06f5698ffbd9}", "provider_name": "Microsoft-Windows-Sysmon", "record_id": 3597880, "task": "Process Create (rule: ProcessCreate)", "user": {"domain": "NT AUTHORITY", "identifier": "S-1-5-18", "name": "SYSTEM", "type": "User"}, "version": 5}}
{"@timestamp": "2025-01-09T08:05:17.141Z", "agent": {"ephemeral_id": "bb64d7a7-091c-4137-a687-7e2730f981d8", "hostname": "CLIENT7", "id": "c35095e9-5f9f-4084-a651-3aaa2966847a", "name": "CLIENT7", "type": "winlogbeat", "version": "7.10.2"}, "ecs": {"version": "1.5.0"}, "event": {"action": "Process Create (rule: ProcessCreate)", "category": ["process"], "code": 1, "created": "2025-01-09T08:06:58.097Z", "kind": "event", "module": "sysmon", "provider": "Microsoft-Windows-Sysmon", "type": ["start", "process_start"]}, "hash": {"imphash": "d2acf1cbc4a6db14a34c687b9362d66b", "md5": "da7063b17dbb8bbb3015351016868006", "sha1": "c6e63c7aae9c4e07e15c1717872c0c73f3d4fb09", "sha256": "20330d3ca71d58f4aeb432676cb6a3d5b97005954e45132fb083e90782efdd50"}, "host": {"name": "CLIENT7.breach.local"}, "log": {"level": "information"}, "process": {"args": ["C:\\Windows\\system32\\BackgroundTaskHost.exe", "-ServerName:BackgroundTaskHost.WebAccountProvider"], "command_line": "\"C:\\Windows\\system32\\BackgroundTaskHost.exe\" -ServerName:BackgroundTaskHost.WebAccountProvider", "entity_id": "{416dd0c5-833d-677f-9700-000000001400}", "executable": "C:\\Windows\\System32\\backgroundTaskHost.exe", "hash": {"md5": "da7063b17dbb8bbb3015351016868006", "sha1": "c6e63c7aae9c4e07e15c1717872c0c73f3d4fb09", "sha256": "20330d3ca71d58f4aeb432676cb6a3d5b97005954e45132fb083e90782efdd50"}, "name": "backgroundTaskHost.exe", "parent": {"args": ["C:\\Windows\\system32\\svchost.exe", "-k", "DcomLaunch", "-p"], "command_line": "C:\\Windows\\system32\\svchost.exe -k DcomLaunch -p", "entity_id": "{416dd0c5-8319-677f-0f00-000000001400}", "executable": "C:\\Windows\\System32\\svchost.exe", "name": "svchost.exe", "pid": 756}, "pe": {"imphash": "d2acf1cbc4a6db14a34c687b9362d66b"}, "pid": 1716, "working_directory": "C:\\Windows\\SystemApps\\Microsoft.AAD.BrokerPlugin_cw5n1h2txyewy\\"}, "related": {"hash": ["c6e63c7aae9c4e07e15c1717872c0c73f3d4fb09", "da7063b17dbb8bbb3015351016868006", "20330d3ca71d58f4aeb432676cb6a3d5b97005954e45132fb083e90782efdd50", "d2acf1cbc4a6db14a34c687b9362d66b"], "user": "client7"}, "user": {"domain": "BREACH", "name": "client7"}, "winlog": {"api": "wineventlog", "channel": "Microsoft-Windows-Sysmon/Operational", "computer_name": "CLIENT7.breach.local", "event_data": {"Company": "Microsoft Corporation", "Description": "Background Task Host", "FileVersion": "10.0.19041.546 (WinBuild.160101.0800)", "IntegrityLevel": "AppContainer", "LogonGuid": "{416dd0c5-831f-677f-6df4-030000000000}", "LogonId": "0x3f46d", "OriginalFileName": "backgroundTaskHost.exe", "ParentUser": "NT AUTHORITY\\SYSTEM", "Product": "Microsoft\u00ae Windows\u00ae Operating System", "RuleName": "-", "TerminalSessionId": "1"}, "event_id": 1, "opcode": "Info", "process": {"pid": 2968, "thread": {"id": 3508}}, "provider_guid": "{5770385f-c22a-43e0-bf4c-06f5698ffbd9}", "provider_name": "Microsoft-Windows-Sysmon", "record_id": 3597971, "task": "Process Create (rule: ProcessCreate)", "user": {"domain": "NT AUTHORITY", "identifier": "S-1-5-18", "name": "SYSTEM", "type": "User"}, "version": 5}}
{"@timestamp": "2025-01-09T08:05:17.328Z", "agent": {"ephemeral_id": "bb64d7a7-091c-4137-a687-7e2730f981d8", "hostname": "CLIENT7", "id": "c35095e9-5f9f-4084-a651-3aaa2966847a", "name": "CLIENT7", "type": "winlogbeat", "version": "7.10.2"}, "ecs": {"version": "1.5.0"}, "event": {"action": "Process Create (rule: ProcessCreate)", "category": ["process"], "code": 1, "created": "2025-01-09T08:06:58.104Z", "kind": "event", "module": "sysmon", "provider": "Microsoft-Windows-Sysmon", "type": ["start", "process_start"]}, "hash": {"imphash": "3c2fc59273192a34f1aa4a59df3b348e", "md5": "922f7003fca657359db03cc02941124d", "sha1": "27fae46e4e377467f2d5f9e37a5a8cb19b39b9ec", "sha256": "5da31132fd6a415e71e3fd40c3a23853a799b91ea2821d2bcbf1bf0e8fa01e16"}, "host": {"name": "CLIENT7.breach.local"}, "log": {"level": "information"}, "process": {"args": ["C:\\Python37\\python.exe", "C:\\BREACH\\init_tbf_client.py"], "command_line": "C:\\Python37\\python.exe \"C:\\BREACH\\init_tbf_client.py\" ", "entity_id": "{416dd0c5-833d-677f-9800-000000001400}", "executable": "C:\\Python37\\python.exe", "hash": {"md5": "922f7003fca657359db03cc02941124d", "sha1": "27fae46e4e377467f2d5f9e37a5a8cb19b39b9ec", "sha256": "5da31132fd6a415e71e3fd40c3a23853a799b91ea2821d2bcbf1bf0e8fa01e16"}, "name": "python.exe", "parent": {"args": ["C:\\Windows\\py.exe", "C:\\BREACH\\init_tbf_client.py"], "command_line": "\"C:\\Windows\\py.exe\" \"C:\\BREACH\\init_tbf_client.py\" ", "entity_id": "{416dd0c5-833c-677f-9400-000000001400}", "executable": "C:\\Windows\\py.exe", "name": "py.exe", "pid": 6600}, "pe": {"imphash": "3c2fc59273192a34f1aa4a59df3b348e"}, "pid": 4072, "working_directory": "C:\\BREACH\\"}, "related": {"hash": ["27fae46e4e377467f2d5f9e37a5a8cb19b39b9ec", "922f7003fca657359db03cc02941124d", "5da31132fd6a415e71e3fd40c3a23853a799b91ea2821d2bcbf1bf0e8fa01e16", "3c2fc59273192a34f1aa4a59df3b348e"], "user": "client7"}, "user": {"domain": "BREACH", "name": "client7"}, "winlog": {"api": "wineventlog", "channel": "Microsoft-Windows-Sysmon/Operational", "computer_name": "CLIENT7.breach.local", "event_data": {"Company": "Python Software Foundation", "Description": "Python", "FileVersion": "3.7.3", "IntegrityLevel": "Medium", "LogonGuid": "{416dd0c5-831f-677f-6df4-030000000000}", "LogonId": "0x3f46d", "OriginalFileName": "python.exe", "ParentUser": "BREACH\\client7", "Product": "Python", "RuleName": "-", "TerminalSessionId": "1"}, "event_id": 1, "opcode": "Info", "process": {"pid": 2968, "thread": {"id": 3508}}, "provider_guid": "{5770385f-c22a-43e0-bf4c-06f5698ffbd9}", "provider_name": "Microsoft-Windows-Sysmon", "record_id": 3598025, "task": "Process Create (rule: ProcessCreate)", "user": {"domain": "NT AUTHORITY", "identifier": "S-1-5-18", "name": "SYSTEM", "type": "User"}, "version": 5}}
{"@timestamp": "2025-01-09T08:05:17.678Z", "agent": {"ephemeral_id": "bb64d7a7-091c-4137-a687-7e2730f981d8", "hostname": "CLIENT7", "id": "c35095e9-5f9f-4084-a651-3aaa2966847a", "name": "CLIENT7", "type": "winlogbeat", "version": "7.10.2"}, "ecs": {"version": "1.5.0"}, "event": {"action": "Process Create (rule: ProcessCreate)", "category": ["process"], "code": 1, "created": "2025-01-09T08:06:58.214Z", "kind": "event", "module": "sysmon", "provider": "Microsoft-Windows-Sysmon", "type": ["start", "process_start"]}, "hash": {"imphash": "272245e2988e1e430500b852c4fb5e18", "md5": "8a2122e8162dbef04694b9c3e0b6cdee", "sha1": "f1efb0fddc156e4c61c5f78a54700e4e7984d55d", "sha256": "b99d61d874728edc0918ca0eb10eab93d381e7367e377406e65963366c874450"}, "host": {"name": "CLIENT7.breach.local"}, "log": {"level": "information"}, "process": {"args": ["C:\\Windows\\system32\\cmd.exe", "/c", "C:\\BREACH\\restart_userbehavior.bat "], "command_line": "C:\\Windows\\system32\\cmd.exe /c \"\"C:\\BREACH\\restart_userbehavior.bat\" \"", "entity_id": "{416dd0c5-833d-677f-9900-000000001400}", "executable": "C:\\Windows\\System32\\cmd.exe", "hash": {"md5": "8a2122e8162dbef04694b9c3e0b6cdee", "sha1": "f1efb0fddc156e4c61c5f78a54700e4e7984d55d", "sha256": "b99d61d874728edc0918ca0eb10eab93d381e7367e377406e65963366c874450"}, "name": "cmd.exe", "parent": {"args": ["C:\\Windows\\Explorer.EXE"], "command_line": "C:\\Windows\\Explorer.EXE", "entity_id": "{416dd0c5-8323-677f-6500-000000001400}", "executable": "C:\\Windows\\explorer.exe", "name": "explorer.exe", "pid": 4600}, "pe": {"imphash": "272245e2988e1e430500b852c4fb5e18"}, "pid": 5616, "working_directory": "C:\\BREACH\\"}, "related": {"hash": ["f1efb0fddc156e4c61c5f78a54700e4e7984d55d", "8a2122e8162dbef04694b9c3e0b6cdee", "b99d61d874728edc0918ca0eb10eab93d381e7367e377406e65963366c874450", "272245e2988e1e430500b852c4fb5e18"], "user": "client7"}, "user": {"domain": "BREACH", "name": "client7"}, "winlog": {"api": "wineventlog", "channel": "Microsoft-Windows-Sysmon/Operational", "computer_name": "CLIENT7.breach.local", "event_data": {"Company": "Microsoft Corporation", "Description": "Windows Command Processor", "FileVersion": "10.0.19041.746 (WinBuild.160101.0800)", "IntegrityLevel": "Medium", "LogonGuid": "{416dd0c5-831f-677f-6df4-030000000000}", "LogonId": "0x3f46d", "OriginalFileName": "Cmd.Exe", "ParentUser": "BREACH\\client7", "Product": "Microsoft\u00ae Windows\u00ae Operating System", "RuleName": "-", "TerminalSessionId": "1"}, "event_id": 1, "opcode": "Info", "process": {"pid": 2968, "thread": {"id": 3508}}, "provider_guid": "{5770385f-c22a-43e0-bf4c-06f5698ffbd9}", "provider_name": "Microsoft-Windows-Sysmon", "record_id": 3598100, "task": "Process Create (rule: ProcessCreate)", "user": {"domain": "NT AUTHORITY", "identifier": "S-1-5-18", "name": "SYSTEM", "type": "User"}, "version": 5}}
{"@timestamp": "2025-01-09T08:05:17.739Z", "agent": {"ephemeral_id": "bb64d7a7-091c-4137-a687-7e2730f981d8", "hostname": "CLIENT7", "id": "c35095e9-5f9f-4084-a651-3aaa2966847a", "name": "CLIENT7", "type": "winlogbeat", "version": "7.10.2"}, "ecs": {"version": "1.5.0"}, "event": {"action": "Process Create (rule: ProcessCreate)", "category": ["process"], "code": 1, "created": "2025-01-09T08:06:58.216Z", "kind": "event", "module": "sysmon", "provider": "Microsoft-Windows-Sysmon", "type": ["start", "process_start"]}, "hash": {"imphash": "affe8c3be3bbe4f0ac2ef124256f372d", "md5": "ce1a079265e7a92863baad92de538d72", "sha1": "9d48d4b78cbbfb22c9ee9070f713b35cd2a6a6eb", "sha256": "16c7a815a4a313d2c79816b3839376cc4d732dc0b136ee246ac77ffed543a3c4"}, "host": {"name": "CLIENT7.breach.local"}, "log": {"level": "information"}, "process": {"args": ["\\??\\C:\\Windows\\system32\\conhost.exe", "0xffffffff", "-ForceV1"], "command_line": "\\??\\C:\\Windows\\system32\\conhost.exe 0xffffffff -ForceV1", "entity_id": "{416dd0c5-833d-677f-9a00-000000001400}", "executable": "C:\\Windows\\System32\\conhost.exe", "hash": {"md5": "ce1a079265e7a92863baad92de538d72", "sha1": "9d48d4b78cbbfb22c9ee9070f713b35cd2a6a6eb", "sha256": "16c7a815a4a313d2c79816b3839376cc4d732dc0b136ee246ac77ffed543a3c4"}, "name": "conhost.exe", "parent": {"args": ["C:\\Windows\\system32\\cmd.exe", "/c", "C:\\BREACH\\restart_userbehavior.bat "], "command_line": "C:\\Windows\\system32\\cmd.exe /c \"\"C:\\BREACH\\restart_userbehavior.bat\" \"", "entity_id": "{416dd0c5-833d-677f-9900-000000001400}", "executable": "C:\\Windows\\System32\\cmd.exe", "name": "cmd.exe", "pid": 5616}, "pe": {"imphash": "affe8c3be3bbe4f0ac2ef124256f372d"}, "pid": 6588, "working_directory": "C:\\Windows"}, "related": {"hash": ["9d48d4b78cbbfb22c9ee9070f713b35cd2a6a6eb", "ce1a079265e7a92863baad92de538d72", "16c7a815a4a313d2c79816b3839376cc4d732dc0b136ee246ac77ffed543a3c4", "affe8c3be3bbe4f0ac2ef124256f372d"], "user": "client7"}, "user": {"domain": "BREACH", "name": "client7"}, "winlog": {"api": "wineventlog", "channel": "Microsoft-Windows-Sysmon/Operational", "computer_name": "CLIENT7.breach.local", "event_data": {"Company": "Microsoft Corporation", "Description": "Console Window Host", "FileVersion": "10.0.19041.746 (WinBuild.160101.0800)", "IntegrityLevel": "Medium", "LogonGuid": "{416dd0c5-831f-677f-6df4-030000000000}", "LogonId": "0x3f46d", "OriginalFileName": "CONHOST.EXE", "ParentUser": "BREACH\\client7", "Product": "Microsoft\u00ae Windows\u00ae Operating System", "RuleName": "-", "TerminalSessionId": "1"}, "event_id": 1, "opcode": "Info", "process": {"pid": 2968, "thread": {"id": 3508}}, "provider_guid": "{5770385f-c22a-43e0-bf4c-06f5698ffbd9}", "provider_name": "Microsoft-Windows-Sysmon", "record_id": 3598116, "task": "Process Create (rule: ProcessCreate)", "user": {"domain": "NT AUTHORITY", "identifier": "S-1-5-18", "name": "SYSTEM", "type": "User"}, "version": 5}}
