{"@timestamp": "2025-01-09T08:10:10.095Z", "agent": {"ephemeral_id": "bb64d7a7-091c-4137-a687-7e2730f981d8", "hostname": "CLIENT7", "id": "c35095e9-5f9f-4084-a651-3aaa2966847a", "name": "CLIENT7", "type": "winlogbeat", "version": "7.10.2"}, "ecs": {"version": "1.5.0"}, "event": {"action": "Executing Pipeline", "category": ["process"], "code": 4103, "created": "2025-01-09T08:10:10.442Z", "kind": "event", "module": "powershell", "provider": "Microsoft-Windows-PowerShell", "sequence": 232, "type": ["info"]}, "host": {"name": "CLIENT7.breach.local"}, "log": {"level": "information"}, "powershell": {"command": {"invocation_details": [{"related_command": "Get-Content", "type": "CommandInvocation", "value": "\"Get-Content\""}, {"name": "\"Path\"", "related_command": "Get-Content", "type": "ParameterBinding", "value": "\"C:\\Windows\\inf\\c_netdriver.inf\""}], "name": "Get-Content", "type": "Cmdlet"}, "engine": {"version": "5.1.19041.906"}, "id": "Microsoft.PowerShell", "pipeline_id": "1", "process": {"executable_version": "5.1.19041.906"}, "runspace_id": "c7ffc1f4-daa5-46fd-826e-3e529e34b1dd"}, "process": {"args": ["powershell.exe", "-ExecutionPolicy", "Restricted", "-Command", "$Res", "=", "0;", "$Infs", "=", "Get-Item", "-Path", "($env:WinDir", "+", "'\\inf\\*.inf');", "foreach", "($Inf", "in", "$Infs)", "{", "$Data", "=", "Get-Content", "$Inf.FullName;", "if", "($Data", "-match", "'\\[defaultinstall.nt(amd64|arm|arm64|x86)\\]')", "{", "$Res", "=", "1;", "break;", "}", "}", "Write-Host", "'Final", "result:',", "$Res;"], "args_count": 38, "command_line": "powershell.exe -ExecutionPolicy Restricted -Command $Res = 0; $Infs = Get-Item -Path ($env:WinDir + '\\inf\\*.inf'); foreach ($Inf in $Infs) { $Data = Get-Content $Inf.FullName; if ($Data -match '\\[defaultinstall.nt(amd64|arm|arm64|x86)\\]') { $Res = 1; break; } } Write-Host 'Final result:', $Res;", "entity_id": "72deaf58-b38a-4e43-9484-05af2ad85dd5", "title": "ConsoleHost"}, "related": {"user": "SYSTEM"}, "user": {"domain": "BREACH", "name": "SYSTEM"}, "winlog": {"activity_id": "{1f013968-626d-0000-2868-011f6d62db01}", "api": "wineventlog", "channel": "Microsoft-Windows-PowerShell/Operational", "computer_name": "CLIENT7.breach.local", "event_id": 4103, "opcode": "To be used when operation is just executing a method", "process": {"pid": 2840, "thread": {"id": 3128}}, "provider_guid": "{a0c1853b-5c40-4b15-8766-3cf1c58f985a}", "provider_name": "Microsoft-Windows-PowerShell", "record_id": 13218, "task": "Executing Pipeline", "user": {"domain": "NT AUTHORITY", "identifier": "S-1-5-18", "name": "SYSTEM", "type": "User"}, "version": 1}}
{"@timestamp": "2025-01-09T08:10:10.096Z", "agent": {"ephemeral_id": "bb64d7a7-091c-4137-a687-7e2730f981d8", "hostname": "CLIENT7", "id": "c35095e9-5f9f-4084-a651-3aaa2966847a", "name": "CLIENT7", "type": "winlogbeat", "version": "7.10.2"}, "ecs": {"version": "1.5.0"}, "event": {"action": "Executing Pipeline", "category": ["process"], "code": 4103, "created": "2025-01-09T08:10:10.443Z", "kind": "event", "module": "powershell", "provider": "Microsoft-Windows-PowerShell", "sequence": 234, "type": ["info"]}, "host": {"name": "CLIENT7.breach.local"}, "log": {"level": "information"}, "powershell": {"command": {"invocation_details": [{"related_command": "Get-Content", "type": "CommandInvocation", "value": "\"Get-Content\""}, {"name": "\"Path\"", "related_command": "Get-Content", "type": "ParameterBinding", "value": "\"C:\\Windows\\inf\\c_netservice.inf\""}], "name": "Get-Content", "type": "Cmdlet"}, "engine": {"version": "5.1.19041.906"}, "id": "Microsoft.PowerShell", "pipeline_id": "1", "process": {"executable_version": "5.1.19041.906"}, "runspace_id": "c7ffc1f4-daa5-46fd-826e-3e529e34b1dd"}, "process": {"args": ["powershell.exe", "-ExecutionPolicy", "Restricted", "-Command", "$Res", "=", "0;", "$Infs", "=", "Get-Item", "-Path", "($env:WinDir", "+", "'\\inf\\*.inf');", "foreach", "($Inf", "in", "$Infs)", "{", "$Data", "=", "Get-Content", "$Inf.FullName;", "if", "($Data", "-match", "'\\[defaultinstall.nt(amd64|arm|arm64|x86)\\]')", "{", "$Res", "=", "1;", "break;", "}", "}", "Write-Host", "'Final", "result:',", "$Res;"], "args_count": 38, "command_line": "powershell.exe -ExecutionPolicy Restricted -Command $Res = 0; $Infs = Get-Item -Path ($env:WinDir + '\\inf\\*.inf'); foreach ($Inf in $Infs) { $Data = Get-Content $Inf.FullName; if ($Data -match '\\[defaultinstall.nt(amd64|arm|arm64|x86)\\]') { $Res = 1; break; } } Write-Host 'Final result:', $Res;", "entity_id": "72deaf58-b38a-4e43-9484-05af2ad85dd5", "title": "ConsoleHost"}, "related": {"user": "SYSTEM"}, "user": {"domain": "BREACH", "name": "SYSTEM"}, "winlog": {"activity_id": "{1f013968-626d-0000-2968-011f6d62db01}", "api": "wineventlog", "channel": "Microsoft-Windows-PowerShell/Operational", "computer_name": "CLIENT7.breach.local", "event_id": 4103, "opcode": "To be used when operation is just executing a method", "process": {"pid": 2840, "thread": {"id": 3128}}, "provider_guid": "{a0c1853b-5c40-4b15-8766-3cf1c58f985a}", "provider_name": "Microsoft-Windows-PowerShell", "record_id": 13219, "task": "Executing Pipeline", "user": {"domain": "NT AUTHORITY", "identifier": "S-1-5-18", "name": "SYSTEM", "type": "User"}, "version": 1}}
{"@timestamp": "2025-01-09T08:10:10.097Z", "agent": {"ephemeral_id": "bb64d7a7-091c-4137-a687-7e2730f981d8", "hostname": "CLIENT7", "id": "c35095e9-5f9f-4084-a651-3aaa2966847a", "name": "CLIENT7", "type": "winlogbeat", "version": "7.10.2"}, "ecs": {"version": "1.5.0"}, "event": {"action": "Executing Pipeline", "category": ["process"], "code": 4103, "created": "2025-01-09T08:10:10.444Z", "kind": "event", "module": "powershell", "provider": "Microsoft-Windows-PowerShell", "sequence": 236, "type": ["info"]}, "host": {"name": "CLIENT7.breach.local"}, "log": {"level": "information"}, "powershell": {"command": {"invocation_details": [{"related_command": "Get-Content", "type": "CommandInvocation", "value": "\"Get-Content\""}, {"name": "\"Path\"", "related_command": "Get-Content", "type": "ParameterBinding", "value": "\"C:\\Windows\\inf\\c_nettrans.inf\""}], "name": "Get-Content", "type": "Cmdlet"}, "engine": {"version": "5.1.19041.906"}, "id": "Microsoft.PowerShell", "pipeline_id": "1", "process": {"executable_version": "5.1.19041.906"}, "runspace_id": "c7ffc1f4-daa5-46fd-826e-3e529e34b1dd"}, "process": {"args": ["powershell.exe", "-ExecutionPolicy", "Restricted", "-Command", "$Res", "=", "0;", "$Infs", "=", "Get-Item", "-Path", "($env:WinDir", "+", "'\\inf\\*.inf');", "foreach", "($Inf", "in", "$Infs)", "{", "$Data", "=", "Get-Content", "$Inf.FullName;", "if", "($Data", "-match", "'\\[defaultinstall.nt(amd64|arm|arm64|x86)\\]')", "{", "$Res", "=", "1;", "break;", "}", "}", "Write-Host", "'Final", "result:',", "$Res;"], "args_count": 38, "command_line": "powershell.exe -ExecutionPolicy Restricted -Command $Res = 0; $Infs = Get-Item -Path ($env:WinDir + '\\inf\\*.inf'); foreach ($Inf in $Infs) { $Data = Get-Content $Inf.FullName; if ($Data -match '\\[defaultinstall.nt(amd64|arm|arm64|x86)\\]') { $Res = 1; break; } } Write-Host 'Final result:', $Res;", "entity_id": "72deaf58-b38a-4e43-9484-05af2ad85dd5", "title": "ConsoleHost"}, "related": {"user": "SYSTEM"}, "user": {"domain": "BREACH", "name": "SYSTEM"}, "winlog": {"activity_id": "{1f013968-626d-0000-2a68-011f6d62db01}", "api": "wineventlog", "channel": "Microsoft-Windows-PowerShell/Operational", "computer_name": "CLIENT7.breach.local", "event_id": 4103, "opcode": "To be used when operation is just executing a method", "process": {"pid": 2840, "thread": {"id": 3128}}, "provider_guid": "{a0c1853b-5c40-4b15-8766-3cf1c58f985a}", "provider_name": "Microsoft-Windows-PowerShell", "record_id": 13220, "task": "Executing Pipeline", "user": {"domain": "NT AUTHORITY", "identifier": "S-1-5-18", "name": "SYSTEM", "type": "User"}, "version": 1}}
{"@timestamp": "2025-01-09T08:10:10.098Z", "agent": {"ephemeral_id": "bb64d7a7-091c-4137-a687-7e2730f981d8", "hostname": "CLIENT7", "id": "c35095e9-5f9f-4084-a651-3aaa2966847a", "name": "CLIENT7", "type": "winlogbeat", "version": "7.10.2"}, "ecs": {"version": "1.5.0"}, "event": {"action": "Executing Pipeline", "category": ["process"], "code": 4103, "created": "2025-01-09T08:10:10.444Z", "kind": "event", "module": "powershell", "provider": "Microsoft-Windows-PowerShell", "sequence": 238, "type": ["info"]}, "host": {"name": "CLIENT7.breach.local"}, "log": {"level": "information"}, "powershell": {"command": {"invocation_details": [{"related_command": "Get-Content", "type": "CommandInvocation", "value": "\"Get-Content\""}, {"name": "\"Path\"", "related_command": "Get-Content", "type": "ParameterBinding", "value": "\"C:\\Windows\\inf\\c_pcmcia.inf\""}], "name": "Get-Content", "type": "Cmdlet"}, "engine": {"version": "5.1.19041.906"}, "id": "Microsoft.PowerShell", "pipeline_id": "1", "process": {"executable_version": "5.1.19041.906"}, "runspace_id": "c7ffc1f4-daa5-46fd-826e-3e529e34b1dd"}, "process": {"args": ["powershell.exe", "-ExecutionPolicy", "Restricted", "-Command", "$Res", "=", "0;", "$Infs", "=", "Get-Item", "-Path", "($env:WinDir", "+", "'\\inf\\*.inf');", "foreach", "($Inf", "in", "$Infs)", "{", "$Data", "=", "Get-Content", "$Inf.FullName;", "if", "($Data", "-match", "'\\[defaultinstall.nt(amd64|arm|arm64|x86)\\]')", "{", "$Res", "=", "1;", "break;", "}", "}", "Write-Host", "'Final", "result:',", "$Res;"], "args_count": 38, "command_line": "powershell.exe -ExecutionPolicy Restricted -Command $Res = 0; $Infs = Get-Item -Path ($env:WinDir + '\\inf\\*.inf'); foreach ($Inf in $Infs) { $Data = Get-Content $Inf.FullName; if ($Data -match '\\[defaultinstall.nt(amd64|arm|arm64|x86)\\]') { $Res = 1; break; } } Write-Host 'Final result:', $Res;", "entity_id": "72deaf58-b38a-4e43-9484-05af2ad85dd5", "title": "ConsoleHost"}, "related": {"user": "SYSTEM"}, "user": {"domain": "BREACH", "name": "SYSTEM"}, "winlog": {"activity_id": "{1f013968-626d-0000-2b68-011f6d62db01}", "api": "wineventlog", "channel": "Microsoft-Windows-PowerShell/Operational", "computer_name": "CLIENT7.breach.local", "event_id": 4103, "opcode": "To be used when operation is just executing a method", "process": {"pid": 2840, "thread": {"id": 3128}}, "provider_guid": "{a0c1853b-5c40-4b15-8766-3cf1c58f985a}", "provider_name": "Microsoft-Windows-PowerShell", "record_id": 13221, "task": "Executing Pipeline", "user": {"domain": "NT AUTHORITY", "identifier": "S-1-5-18", "name": "SYSTEM", "type": "User"}, "version": 1}}
{"@timestamp": "2025-01-09T08:10:10.099Z", "agent": {"ephemeral_id": "bb64d7a7-091c-4137-a687-7e2730f981d8", "hostname": "CLIENT7", "id": "c35095e9-5f9f-4084-a651-3aaa2966847a", "name": "CLIENT7", "type": "winlogbeat", "version": "7.10.2"}, "ecs": {"version": "1.5.0"}, "event": {"action": "Executing Pipeline", "category": ["process"], "code": 4103, "created": "2025-01-09T08:10:10.444Z", "kind": "event", "module": "powershell", "provider": "Microsoft-Windows-PowerShell", "sequence": 240, "type": ["info"]}, "host": {"name": "CLIENT7.breach.local"}, "log": {"level": "information"}, "powershell": {"command": {"invocation_details": [{"related_command": "Get-Content", "type": "CommandInvocation", "value": "\"Get-Content\""}, {"name": "\"Path\"", "related_command": "Get-Content", "type": "ParameterBinding", "value": "\"C:\\Windows\\inf\\c_pnpprinters.inf\""}], "name": "Get-Content", "type": "Cmdlet"}, "engine": {"version": "5.1.19041.906"}, "id": "Microsoft.PowerShell", "pipeline_id": "1", "process": {"executable_version": "5.1.19041.906"}, "runspace_id": "c7ffc1f4-daa5-46fd-826e-3e529e34b1dd"}, "process": {"args": ["powershell.exe", "-ExecutionPolicy", "Restricted", "-Command", "$Res", "=", "0;", "$Infs", "=", "Get-Item", "-Path", "($env:WinDir", "+", "'\\inf\\*.inf');", "foreach", "($Inf", "in", "$Infs)", "{", "$Data", "=", "Get-Content", "$Inf.FullName;", "if", "($Data", "-match", "'\\[defaultinstall.nt(amd64|arm|arm64|x86)\\]')", "{", "$Res", "=", "1;", "break;", "}", "}", "Write-Host", "'Final", "result:',", "$Res;"], "args_count": 38, "command_line": "powershell.exe -ExecutionPolicy Restricted -Command $Res = 0; $Infs = Get-Item -Path ($env:WinDir + '\\inf\\*.inf'); foreach ($Inf in $Infs) { $Data = Get-Content $Inf.FullName; if ($Data -match '\\[defaultinstall.nt(amd64|arm|arm64|x86)\\]') { $Res = 1; break; } } Write-Host 'Final result:', $Res;", "entity_id": "72deaf58-b38a-4e43-9484-05af2ad85dd5", "title": "ConsoleHost"}, "related": {"user": "SYSTEM"}, "user": {"domain": "BREACH", "name": "SYSTEM"}, "winlog": {"activity_id": "{1f013968-626d-0000-2c68-011f6d62db01}", "api": "wineventlog", "channel": "Microsoft-Windows-PowerShell/Operational", "computer_name": "CLIENT7.breach.local", "event_id": 4103, "opcode": "To be used when operation is just executing a method", "process": {"pid": 2840, "thread": {"id": 3128}}, "provider_guid": "{a0c1853b-5c40-4b15-8766-3cf1c58f985a}", "provider_name": "Microsoft-Windows-PowerShell", "record_id": 13222, "task": "Executing Pipeline", "user": {"domain": "NT AUTHORITY", "identifier": "S-1-5-18", "name": "SYSTEM", "type": "User"}, "version": 1}}
{"@timestamp": "2025-01-09T08:10:10.100Z", "agent": {"ephemeral_id": "bb64d7a7-091c-4137-a687-7e2730f981d8", "hostname": "CLIENT7", "id": "c35095e9-5f9f-4084-a651-3aaa2966847a", "name": "CLIENT7", "type": "winlogbeat", "version": "7.10.2"}, "ecs": {"version": "1.5.0"}, "event": {"action": "Executing Pipeline", "category": ["process"], "code": 4103, "created": "2025-01-09T08:10:10.445Z", "kind": "event", "module": "powershell", "provider": "Microsoft-Windows-PowerShell", "sequence": 242, "type": ["info"]}, "host": {"name": "CLIENT7.breach.local"}, "log": {"level": "information"}, "powershell": {"command": {"invocation_details": [{"related_command": "Get-Content", "type": "CommandInvocation", "value": "\"Get-Content\""}, {"name": "\"Path\"", "related_command": "Get-Content", "type": "ParameterBinding", "value": "\"C:\\Windows\\inf\\c_ports.inf\""}], "name": "Get-Content", "type": "Cmdlet"}, "engine": {"version": "5.1.19041.906"}, "id": "Microsoft.PowerShell", "pipeline_id": "1", "process": {"executable_version": "5.1.19041.906"}, "runspace_id": "c7ffc1f4-daa5-46fd-826e-3e529e34b1dd"}, "process": {"args": ["powershell.exe", "-ExecutionPolicy", "Restricted", "-Command", "$Res", "=", "0;", "$Infs", "=", "Get-Item", "-Path", "($env:WinDir", "+", "'\\inf\\*.inf');", "foreach", "($Inf", "in", "$Infs)", "{", "$Data", "=", "Get-Content", "$Inf.FullName;", "if", "($Data", "-match", "'\\[defaultinstall.nt(amd64|arm|arm64|x86)\\]')", "{", "$Res", "=", "1;", "break;", "}", "}", "Write-Host", "'Final", "result:',", "$Res;"], "args_count": 38, "command_line": "powershell.exe -ExecutionPolicy Restricted -Command $Res = 0; $Infs = Get-Item -Path ($env:WinDir + '\\inf\\*.inf'); foreach ($Inf in $Infs) { $Data = Get-Content $Inf.FullName; if ($Data -match '\\[defaultinstall.nt(amd64|arm|arm64|x86)\\]') { $Res = 1; break; } } Write-Host 'Final result:', $Res;", "entity_id": "72deaf58-b38a-4e43-9484-05af2ad85dd5", "title": "ConsoleHost"}, "related": {"user": "SYSTEM"}, "user": {"domain": "BREACH", "name": "SYSTEM"}, "winlog": {"activity_id": "{1f013968-626d-0000-2d68-011f6d62db01}", "api": "wineventlog", "channel": "Microsoft-Windows-PowerShell/Operational", "computer_name": "CLIENT7.breach.local", "event_id": 4103, "opcode": "To be used when operation is just executing a method", "process": {"pid": 2840, "thread": {"id": 3128}}, "provider_guid": "{a0c1853b-5c40-4b15-8766-3cf1c58f985a}", "provider_name": "Microsoft-Windows-PowerShell", "record_id": 13223, "task": "Executing Pipeline", "user": {"domain": "NT AUTHORITY", "identifier": "S-1-5-18", "name": "SYSTEM", "type": "User"}, "version": 1}}
{"@timestamp": "2025-01-09T08:10:10.101Z", "agent": {"ephemeral_id": "bb64d7a7-091c-4137-a687-7e2730f981d8", "hostname": "CLIENT7", "id": "c35095e9-5f9f-4084-a651-3aaa2966847a", "name": "CLIENT7", "type": "winlogbeat", "version": "7.10.2"}, "ecs": {"version": "1.5.0"}, "event": {"action": "Executing Pipeline", "category": ["process"], "code": 4103, "created": "2025-01-09T08:10:10.445Z", "kind": "event", "module": "powershell", "provider": "Microsoft-Windows-PowerShell", "sequence": 244, "type": ["info"]}, "host": {"name": "CLIENT7.breach.local"}, "log": {"level": "information"}, "powershell": {"command": {"invocation_details": [{"related_command": "Get-Content", "type": "CommandInvocation", "value": "\"Get-Content\""}, {"name": "\"Path\"", "related_command": "Get-Content", "type": "ParameterBinding", "value": "\"C:\\Windows\\inf\\c_printer.inf\""}], "name": "Get-Content", "type": "Cmdlet"}, "engine": {"version": "5.1.19041.906"}, "id": "Microsoft.PowerShell", "pipeline_id": "1", "process": {"executable_version": "5.1.19041.906"}, "runspace_id": "c7ffc1f4-daa5-46fd-826e-3e529e34b1dd"}, "process": {"args": ["powershell.exe", "-ExecutionPolicy", "Restricted", "-Command", "$Res", "=", "0;", "$Infs", "=", "Get-Item", "-Path", "($env:WinDir", "+", "'\\inf\\*.inf');", "foreach", "($Inf", "in", "$Infs)", "{", "$Data", "=", "Get-Content", "$Inf.FullName;", "if", "($Data", "-match", "'\\[defaultinstall.nt(amd64|arm|arm64|x86)\\]')", "{", "$Res", "=", "1;", "break;", "}", "}", "Write-Host", "'Final", "result:',", "$Res;"], "args_count": 38, "command_line": "powershell.exe -ExecutionPolicy Restricted -Command $Res = 0; $Infs = Get-Item -Path ($env:WinDir + '\\inf\\*.inf'); foreach ($Inf in $Infs) { $Data = Get-Content $Inf.FullName; if ($Data -match '\\[defaultinstall.nt(amd64|arm|arm64|x86)\\]') { $Res = 1; break; } } Write-Host 'Final result:', $Res;", "entity_id": "72deaf58-b38a-4e43-9484-05af2ad85dd5", "title": "ConsoleHost"}, "related": {"user": "SYSTEM"}, "user": {"domain": "BREACH", "name": "SYSTEM"}, "winlog": {"activity_id": "{1f013968-626d-0000-2e68-011f6d62db01}", "api": "wineventlog", "channel": "Microsoft-Windows-PowerShell/Operational", "computer_name": "CLIENT7.breach.local", "event_id": 4103, "opcode": "To be used when operation is just executing a method", "process": {"pid": 2840, "thread": {"id": 3128}}, "provider_guid": "{a0c1853b-5c40-4b15-8766-3cf1c58f985a}", "provider_name": "Microsoft-Windows-PowerShell", "record_id": 13224, "task": "Executing Pipeline", "user": {"domain": "NT AUTHORITY", "identifier": "S-1-5-18", "name": "SYSTEM", "type": "User"}, "version": 1}}
{"@timestamp": "2025-01-09T08:10:10.102Z", "agent": {"ephemeral_id": "bb64d7a7-091c-4137-a687-7e2730f981d8", "hostname": "CLIENT7", "id": "c35095e9-5f9f-4084-a651-3aaa2966847a", "name": "CLIENT7", "type": "winlogbeat", "version": "7.10.2"}, "ecs": {"version": "1.5.0"}, "event": {"action": "Executing Pipeline", "category": ["process"], "code": 4103, "created": "2025-01-09T08:10:10.445Z", "kind": "event", "module": "powershell", "provider": "Microsoft-Windows-PowerShell", "sequence": 246, "type": ["info"]}, "host": {"name": "CLIENT7.breach.local"}, "log": {"level": "information"}, "powershell": {"command": {"invocation_details": [{"related_command": "Get-Content", "type": "CommandInvocation", "value": "\"Get-Content\""}, {"name": "\"Path\"", "related_command": "Get-Content", "type": "ParameterBinding", "value": "\"C:\\Windows\\inf\\c_processor.inf\""}], "name": "Get-Content", "type": "Cmdlet"}, "engine": {"version": "5.1.19041.906"}, "id": "Microsoft.PowerShell", "pipeline_id": "1", "process": {"executable_version": "5.1.19041.906"}, "runspace_id": "c7ffc1f4-daa5-46fd-826e-3e529e34b1dd"}, "process": {"args": ["powershell.exe", "-ExecutionPolicy", "Restricted", "-Command", "$Res", "=", "0;", "$Infs", "=", "Get-Item", "-Path", "($env:WinDir", "+", "'\\inf\\*.inf');", "foreach", "($Inf", "in", "$Infs)", "{", "$Data", "=", "Get-Content", "$Inf.FullName;", "if", "($Data", "-match", "'\\[defaultinstall.nt(amd64|arm|arm64|x86)\\]')", "{", "$Res", "=", "1;", "break;", "}", "}", "Write-Host", "'Final", "result:',", "$Res;"], "args_count": 38, "command_line": "powershell.exe -ExecutionPolicy Restricted -Command $Res = 0; $Infs = Get-Item -Path ($env:WinDir + '\\inf\\*.inf'); foreach ($Inf in $Infs) { $Data = Get-Content $Inf.FullName; if ($Data -match '\\[defaultinstall.nt(amd64|arm|arm64|x86)\\]') { $Res = 1; break; } } Write-Host 'Final result:', $Res;", "entity_id": "72deaf58-b38a-4e43-9484-05af2ad85dd5", "title": "ConsoleHost"}, "related": {"user": "SYSTEM"}, "user": {"domain": "BREACH", "name": "SYSTEM"}, "winlog": {"activity_id": "{1f013968-626d-0000-2f68-011f6d62db01}", "api": "wineventlog", "channel": "Microsoft-Windows-PowerShell/Operational", "computer_name": "CLIENT7.breach.local", "event_id": 4103, "opcode": "To be used when operation is just executing a method", "process": {"pid": 2840, "thread": {"id": 3128}}, "provider_guid": "{a0c1853b-5c40-4b15-8766-3cf1c58f985a}", "provider_name": "Microsoft-Windows-PowerShell", "record_id": 13225, "task": "Executing Pipeline", "user": {"domain": "NT AUTHORITY", "identifier": "S-1-5-18", "name": "SYSTEM", "type": "User"}, "version": 1}}
{"@timestamp": "2025-01-09T08:10:10.103Z", "agent": {"ephemeral_id": "bb64d7a7-091c-4137-a687-7e2730f981d8", "hostname": "CLIENT7", "id": "c35095e9-5f9f-4084-a651-3aaa2966847a", "name": "CLIENT7", "type": "winlogbeat", "version": "7.10.2"}, "ecs": {"version": "1.5.0"}, "event": {"action": "Executing Pipeline", "category": ["process"], "code": 4103, "created": "2025-01-09T08:10:10.446Z", "kind": "event", "module": "powershell", "provider": "Microsoft-Windows-PowerShell", "sequence": 248, "type": ["info"]}, "host": {"name": "CLIENT7.breach.local"}, "log": {"level": "information"}, "powershell": {"command": {"invocation_details": [{"related_command": "Get-Content", "type": "CommandInvocation", "value": "\"Get-Content\""}, {"name": "\"Path\"", "related_command": "Get-Content", "type": "ParameterBinding", "value": "\"C:\\Windows\\inf\\c_proximity.inf\""}], "name": "Get-Content", "type": "Cmdlet"}, "engine": {"version": "5.1.19041.906"}, "id": "Microsoft.PowerShell", "pipeline_id": "1", "process": {"executable_version": "5.1.19041.906"}, "runspace_id": "c7ffc1f4-daa5-46fd-826e-3e529e34b1dd"}, "process": {"args": ["powershell.exe", "-ExecutionPolicy", "Restricted", "-Command", "$Res", "=", "0;", "$Infs", "=", "Get-Item", "-Path", "($env:WinDir", "+", "'\\inf\\*.inf');", "foreach", "($Inf", "in", "$Infs)", "{", "$Data", "=", "Get-Content", "$Inf.FullName;", "if", "($Data", "-match", "'\\[defaultinstall.nt(amd64|arm|arm64|x86)\\]')", "{", "$Res", "=", "1;", "break;", "}", "}", "Write-Host", "'Final", "result:',", "$Res;"], "args_count": 38, "command_line": "powershell.exe -ExecutionPolicy Restricted -Command $Res = 0; $Infs = Get-Item -Path ($env:WinDir + '\\inf\\*.inf'); foreach ($Inf in $Infs) { $Data = Get-Content $Inf.FullName; if ($Data -match '\\[defaultinstall.nt(amd64|arm|arm64|x86)\\]') { $Res = 1; break; } } Write-Host 'Final result:', $Res;", "entity_id": "72deaf58-b38a-4e43-9484-05af2ad85dd5", "title": "ConsoleHost"}, "related": {"user": "SYSTEM"}, "user": {"domain": "BREACH", "name": "SYSTEM"}, "winlog": {"activity_id": "{1f013968-626d-0000-3068-011f6d62db01}", "api": "wineventlog", "channel": "Microsoft-Windows-PowerShell/Operational", "computer_name": "CLIENT7.breach.local", "event_id": 4103, "opcode": "To be used when operation is just executing a method", "process": {"pid": 2840, "thread": {"id": 3128}}, "provider_guid": "{a0c1853b-5c40-4b15-8766-3cf1c58f985a}", "provider_name": "Microsoft-Windows-PowerShell", "record_id": 13226, "task": "Executing Pipeline", "user": {"domain": "NT AUTHORITY", "identifier": "S-1-5-18", "name": "SYSTEM", "type": "User"}, "version": 1}}
{"@timestamp": "2025-01-09T08:10:10.104Z", "agent": {"ephemeral_id": "bb64d7a7-091c-4137-a687-7e2730f981d8", "hostname": "CLIENT7", "id": "c35095e9-5f9f-4084-a651-3aaa2966847a", "name": "CLIENT7", "type": "winlogbeat", "version": "7.10.2"}, "ecs": {"version": "1.5.0"}, "event": {"action": "Executing Pipeline", "category": ["process"], "code": 4103, "created": "2025-01-09T08:10:10.446Z", "kind": "event", "module": "powershell", "provider": "Microsoft-Windows-PowerShell", "sequence": 250, "type": ["info"]}, "host": {"name": "CLIENT7.breach.local"}, "log": {"level": "information"}, "powershell": {"command": {"invocation_details": [{"related_command": "Get-Content", "type": "CommandInvocation", "value": "\"Get-Content\""}, {"name": "\"Path\"", "related_command": "Get-Content", "type": "ParameterBinding", "value": "\"C:\\Windows\\inf\\c_receiptprinter.inf\""}], "name": "Get-Content", "type": "Cmdlet"}, "engine": {"version": "5.1.19041.906"}, "id": "Microsoft.PowerShell", "pipeline_id": "1", "process": {"executable_version": "5.1.19041.906"}, "runspace_id": "c7ffc1f4-daa5-46fd-826e-3e529e34b1dd"}, "process": {"args": ["powershell.exe", "-ExecutionPolicy", "Restricted", "-Command", "$Res", "=", "0;", "$Infs", "=", "Get-Item", "-Path", "($env:WinDir", "+", "'\\inf\\*.inf');", "foreach", "($Inf", "in", "$Infs)", "{", "$Data", "=", "Get-Content", "$Inf.FullName;", "if", "($Data", "-match", "'\\[defaultinstall.nt(amd64|arm|arm64|x86)\\]')", "{", "$Res", "=", "1;", "break;", "}", "}", "Write-Host", "'Final", "result:',", "$Res;"], "args_count": 38, "command_line": "powershell.exe -ExecutionPolicy Restricted -Command $Res = 0; $Infs = Get-Item -Path ($env:WinDir + '\\inf\\*.inf'); foreach ($Inf in $Infs) { $Data = Get-Content $Inf.FullName; if ($Data -match '\\[defaultinstall.nt(amd64|arm|arm64|x86)\\]') { $Res = 1; break; } } Write-Host 'Final result:', $Res;", "entity_id": "72deaf58-b38a-4e43-9484-05af2ad85dd5", "title": "ConsoleHost"}, "related": {"user": "SYSTEM"}, "user": {"domain": "BREACH", "name": "SYSTEM"}, "winlog": {"activity_id": "{1f013968-626d-0000-3168-011f6d62db01}", "api": "wineventlog", "channel": "Microsoft-Windows-PowerShell/Operational", "computer_name": "CLIENT7.breach.local", "event_id": 4103, "opcode": "To be used when operation is just executing a method", "process": {"pid": 2840, "thread": {"id": 3128}}, "provider_guid": "{a0c1853b-5c40-4b15-8766-3cf1c58f985a}", "provider_name": "Microsoft-Windows-PowerShell", "record_id": 13227, "task": "Executing Pipeline", "user": {"domain": "NT AUTHORITY", "identifier": "S-1-5-18", "name": "SYSTEM", "type": "User"}, "version": 1}}
{"@timestamp": "2025-01-09T08:10:10.105Z", "agent": {"ephemeral_id": "bb64d7a7-091c-4137-a687-7e2730f981d8", "hostname": "CLIENT7", "id": "c35095e9-5f9f-4084-a651-3aaa2966847a", "name": "CLIENT7", "type": "winlogbeat", "version": "7.10.2"}, "ecs": {"version": "1.5.0"}, "event": {"action": "Executing Pipeline", "category": ["process"], "code": 4103, "created": "2025-01-09T08:10:10.446Z", "kind": "event", "module": "powershell", "provider": "Microsoft-Windows-PowerShell", "sequence": 252, "type": ["info"]}, "host": {"name": "CLIENT7.breach.local"}, "log": {"level": "information"}, "powershell": {"command": {"invocation_details": [{"related_command": "Get-Content", "type": "CommandInvocation", "value": "\"Get-Content\""}, {"name": "\"Path\"", "related_command": "Get-Content", "type": "ParameterBinding", "value": "\"C:\\Windows\\inf\\c_sbp2.inf\""}], "name": "Get-Content", "type": "Cmdlet"}, "engine": {"version": "5.1.19041.906"}, "id": "Microsoft.PowerShell", "pipeline_id": "1", "process": {"executable_version": "5.1.19041.906"}, "runspace_id": "c7ffc1f4-daa5-46fd-826e-3e529e34b1dd"}, "process": {"args": ["powershell.exe", "-ExecutionPolicy", "Restricted", "-Command", "$Res", "=", "0;", "$Infs", "=", "Get-Item", "-Path", "($env:WinDir", "+", "'\\inf\\*.inf');", "foreach", "($Inf", "in", "$Infs)", "{", "$Data", "=", "Get-Content", "$Inf.FullName;", "if", "($Data", "-match", "'\\[defaultinstall.nt(amd64|arm|arm64|x86)\\]')", "{", "$Res", "=", "1;", "break;", "}", "}", "Write-Host", "'Final", "result:',", "$Res;"], "args_count": 38, "command_line": "powershell.exe -ExecutionPolicy Restricted -Command $Res = 0; $Infs = Get-Item -Path ($env:WinDir + '\\inf\\*.inf'); foreach ($Inf in $Infs) { $Data = Get-Content $Inf.FullName; if ($Data -match '\\[defaultinstall.nt(amd64|arm|arm64|x86)\\]') { $Res = 1; break; } } Write-Host 'Final result:', $Res;", "entity_id": "72deaf58-b38a-4e43-9484-05af2ad85dd5", "title": "ConsoleHost"}, "related": {"user": "SYSTEM"}, "user": {"domain": "BREACH", "name": "SYSTEM"}, "winlog": {"activity_id": "{1f013968-626d-0000-3268-011f6d62db01}", "api": "wineventlog", "channel": "Microsoft-Windows-PowerShell/Operational", "computer_name": "CLIENT7.breach.local", "event_id": 4103, "opcode": "To be used when operation is just executing a method", "process": {"pid": 2840, "thread": {"id": 3128}}, "provider_guid": "{a0c1853b-5c40-4b15-8766-3cf1c58f985a}", "provider_name": "Microsoft-Windows-PowerShell", "record_id": 13228, "task": "Executing Pipeline", "user": {"domain": "NT AUTHORITY", "identifier": "S-1-5-18", "name": "SYSTEM", "type": "User"}, "version": 1}}
{"@timestamp": "2025-01-09T08:10:10.106Z", "agent": {"ephemeral_id": "bb64d7a7-091c-4137-a687-7e2730f981d8", "hostname": "CLIENT7", "id": "c35095e9-5f9f-4084-a651-3aaa2966847a", "name": "CLIENT7", "type": "winlogbeat", "version": "7.10.2"}, "ecs": {"version": "1.5.0"}, "event": {"action": "Executing Pipeline", "category": ["process"], "code": 4103, "created": "2025-01-09T08:10:10.447Z", "kind": "event", "module": "powershell", "provider": "Microsoft-Windows-PowerShell", "sequence": 254, "type": ["info"]}, "host": {"name": "CLIENT7.breach.local"}, "log": {"level": "information"}, "powershell": {"command": {"invocation_details": [{"related_command": "Get-Content", "type": "CommandInvocation", "value": "\"Get-Content\""}, {"name": "\"Path\"", "related_command": "Get-Content", "type": "ParameterBinding", "value": "\"C:\\Windows\\inf\\c_scmdisk.inf\""}], "name": "Get-Content", "type": "Cmdlet"}, "engine": {"version": "5.1.19041.906"}, "id": "Microsoft.PowerShell", "pipeline_id": "1", "process": {"executable_version": "5.1.19041.906"}, "runspace_id": "c7ffc1f4-daa5-46fd-826e-3e529e34b1dd"}, "process": {"args": ["powershell.exe", "-ExecutionPolicy", "Restricted", "-Command", "$Res", "=", "0;", "$Infs", "=", "Get-Item", "-Path", "($env:WinDir", "+", "'\\inf\\*.inf');", "foreach", "($Inf", "in", "$Infs)", "{", "$Data", "=", "Get-Content", "$Inf.FullName;", "if", "($Data", "-match", "'\\[defaultinstall.nt(amd64|arm|arm64|x86)\\]')", "{", "$Res", "=", "1;", "break;", "}", "}", "Write-Host", "'Final", "result:',", "$Res;"], "args_count": 38, "command_line": "powershell.exe -ExecutionPolicy Restricted -Command $Res = 0; $Infs = Get-Item -Path ($env:WinDir + '\\inf\\*.inf'); foreach ($Inf in $Infs) { $Data = Get-Content $Inf.FullName; if ($Data -match '\\[defaultinstall.nt(amd64|arm|arm64|x86)\\]') { $Res = 1; break; } } Write-Host 'Final result:', $Res;", "entity_id": "72deaf58-b38a-4e43-9484-05af2ad85dd5", "title": "ConsoleHost"}, "related": {"user": "SYSTEM"}, "user": {"domain": "BREACH", "name": "SYSTEM"}, "winlog": {"activity_id": "{1f013968-626d-0000-3368-011f6d62db01}", "api": "wineventlog", "channel": "Microsoft-Windows-PowerShell/Operational", "computer_name": "CLIENT7.breach.local", "event_id": 4103, "opcode": "To be used when operation is just executing a method", "process": {"pid": 2840, "thread": {"id": 3128}}, "provider_guid": "{a0c1853b-5c40-4b15-8766-3cf1c58f985a}", "provider_name": "Microsoft-Windows-PowerShell", "record_id": 13229, "task": "Executing Pipeline", "user": {"domain": "NT AUTHORITY", "identifier": "S-1-5-18", "name": "SYSTEM", "type": "User"}, "version": 1}}
{"@timestamp": "2025-01-09T08:10:10.107Z", "agent": {"ephemeral_id": "bb64d7a7-091c-4137-a687-7e2730f981d8", "hostname": "CLIENT7", "id": "c35095e9-5f9f-4084-a651-3aaa2966847a", "name": "CLIENT7", "type": "winlogbeat", "version": "7.10.2"}, "ecs": {"version": "1.5.0"}, "event": {"action": "Executing Pipeline", "category": ["process"], "code": 4103, "created": "2025-01-09T08:10:10.447Z", "kind": "event", "module": "powershell", "provider": "Microsoft-Windows-PowerShell", "sequence": 256, "type": ["info"]}, "host": {"name": "CLIENT7.breach.local"}, "log": {"level": "information"}, "powershell": {"command": {"invocation_details": [{"related_command": "Get-Content", "type": "CommandInvocation", "value": "\"Get-Content\""}, {"name": "\"Path\"", "related_command": "Get-Content", "type": "ParameterBinding", "value": "\"C:\\Windows\\inf\\c_scmvolume.inf\""}], "name": "Get-Content", "type": "Cmdlet"}, "engine": {"version": "5.1.19041.906"}, "id": "Microsoft.PowerShell", "pipeline_id": "1", "process": {"executable_version": "5.1.19041.906"}, "runspace_id": "c7ffc1f4-daa5-46fd-826e-3e529e34b1dd"}, "process": {"args": ["powershell.exe", "-ExecutionPolicy", "Restricted", "-Command", "$Res", "=", "0;", "$Infs", "=", "Get-Item", "-Path", "($env:WinDir", "+", "'\\inf\\*.inf');", "foreach", "($Inf", "in", "$Infs)", "{", "$Data", "=", "Get-Content", "$Inf.FullName;", "if", "($Data", "-match", "'\\[defaultinstall.nt(amd64|arm|arm64|x86)\\]')", "{", "$Res", "=", "1;", "break;", "}", "}", "Write-Host", "'Final", "result:',", "$Res;"], "args_count": 38, "command_line": "powershell.exe -ExecutionPolicy Restricted -Command $Res = 0; $Infs = Get-Item -Path ($env:WinDir + '\\inf\\*.inf'); foreach ($Inf in $Infs) { $Data = Get-Content $Inf.FullName; if ($Data -match '\\[defaultinstall.nt(amd64|arm|arm64|x86)\\]') { $Res = 1; break; } } Write-Host 'Final result:', $Res;", "entity_id": "72deaf58-b38a-4e43-9484-05af2ad85dd5", "title": "ConsoleHost"}, "related": {"user": "SYSTEM"}, "user": {"domain": "BREACH", "name": "SYSTEM"}, "winlog": {"activity_id": "{1f013968-626d-0000-3468-011f6d62db01}", "api": "wineventlog", "channel": "Microsoft-Windows-PowerShell/Operational", "computer_name": "CLIENT7.breach.local", "event_id": 4103, "opcode": "To be used when operation is just executing a method", "process": {"pid": 2840, "thread": {"id": 3128}}, "provider_guid": "{a0c1853b-5c40-4b15-8766-3cf1c58f985a}", "provider_name": "Microsoft-Windows-PowerShell", "record_id": 13230, "task": "Executing Pipeline", "user": {"domain": "NT AUTHORITY", "identifier": "S-1-5-18", "name": "SYSTEM", "type": "User"}, "version": 1}}
{"@timestamp": "2025-01-09T08:10:10.108Z", "agent": {"ephemeral_id": "bb64d7a7-091c-4137-a687-7e2730f981d8", "hostname": "CLIENT7", "id": "c35095e9-5f9f-4084-a651-3aaa2966847a", "name": "CLIENT7", "type": "winlogbeat", "version": "7.10.2"}, "ecs": {"version": "1.5.0"}, "event": {"action": "Executing Pipeline", "category": ["process"], "code": 4103, "created": "2025-01-09T08:10:10.447Z", "kind": "event", "module": "powershell", "provider": "Microsoft-Windows-PowerShell", "sequence": 258, "type": ["info"]}, "host": {"name": "CLIENT7.breach.local"}, "log": {"level": "information"}, "powershell": {"command": {"invocation_details": [{"related_command": "Get-Content", "type": "CommandInvocation", "value": "\"Get-Content\""}, {"name": "\"Path\"", "related_command": "Get-Content", "type": "ParameterBinding", "value": "\"C:\\Windows\\inf\\c_scsiadapter.inf\""}], "name": "Get-Content", "type": "Cmdlet"}, "engine": {"version": "5.1.19041.906"}, "id": "Microsoft.PowerShell", "pipeline_id": "1", "process": {"executable_version": "5.1.19041.906"}, "runspace_id": "c7ffc1f4-daa5-46fd-826e-3e529e34b1dd"}, "process": {"args": ["powershell.exe", "-ExecutionPolicy", "Restricted", "-Command", "$Res", "=", "0;", "$Infs", "=", "Get-Item", "-Path", "($env:WinDir", "+", "'\\inf\\*.inf');", "foreach", "($Inf", "in", "$Infs)", "{", "$Data", "=", "Get-Content", "$Inf.FullName;", "if", "($Data", "-match", "'\\[defaultinstall.nt(amd64|arm|arm64|x86)\\]')", "{", "$Res", "=", "1;", "break;", "}", "}", "Write-Host", "'Final", "result:',", "$Res;"], "args_count": 38, "command_line": "powershell.exe -ExecutionPolicy Restricted -Command $Res = 0; $Infs = Get-Item -Path ($env:WinDir + '\\inf\\*.inf'); foreach ($Inf in $Infs) { $Data = Get-Content $Inf.FullName; if ($Data -match '\\[defaultinstall.nt(amd64|arm|arm64|x86)\\]') { $Res = 1; break; } } Write-Host 'Final result:', $Res;", "entity_id": "72deaf58-b38a-4e43-9484-05af2ad85dd5", "title": "ConsoleHost"}, "related": {"user": "SYSTEM"}, "user": {"domain": "BREACH", "name": "SYSTEM"}, "winlog": {"activity_id": "{1f013968-626d-0000-3568-011f6d62db01}", "api": "wineventlog", "channel": "Microsoft-Windows-PowerShell/Operational", "computer_name": "CLIENT7.breach.local", "event_id": 4103, "opcode": "To be used when operation is just executing a method", "process": {"pid": 2840, "thread": {"id": 3128}}, "provider_guid": "{a0c1853b-5c40-4b15-8766-3cf1c58f985a}", "provider_name": "Microsoft-Windows-PowerShell", "record_id": 13231, "task": "Executing Pipeline", "user": {"domain": "NT AUTHORITY", "identifier": "S-1-5-18", "name": "SYSTEM", "type": "User"}, "version": 1}}
{"@timestamp": "2025-01-09T08:10:10.109Z", "agent": {"ephemeral_id": "bb64d7a7-091c-4137-a687-7e2730f981d8", "hostname": "CLIENT7", "id": "c35095e9-5f9f-4084-a651-3aaa2966847a", "name": "CLIENT7", "type": "winlogbeat", "version": "7.10.2"}, "ecs": {"version": "1.5.0"}, "event": {"action": "Executing Pipeline", "category": ["process"], "code": 4103, "created": "2025-01-09T08:10:10.449Z", "kind": "event", "module": "powershell", "provider": "Microsoft-Windows-PowerShell", "sequence": 260, "type": ["info"]}, "host": {"name": "CLIENT7.breach.local"}, "log": {"level": "information"}, "powershell": {"command": {"invocation_details": [{"related_command": "Get-Content", "type": "CommandInvocation", "value": "\"Get-Content\""}, {"name": "\"Path\"", "related_command": "Get-Content", "type": "ParameterBinding", "value": "\"C:\\Windows\\inf\\c_sdhost.inf\""}], "name": "Get-Content", "type": "Cmdlet"}, "engine": {"version": "5.1.19041.906"}, "id": "Microsoft.PowerShell", "pipeline_id": "1", "process": {"executable_version": "5.1.19041.906"}, "runspace_id": "c7ffc1f4-daa5-46fd-826e-3e529e34b1dd"}, "process": {"args": ["powershell.exe", "-ExecutionPolicy", "Restricted", "-Command", "$Res", "=", "0;", "$Infs", "=", "Get-Item", "-Path", "($env:WinDir", "+", "'\\inf\\*.inf');", "foreach", "($Inf", "in", "$Infs)", "{", "$Data", "=", "Get-Content", "$Inf.FullName;", "if", "($Data", "-match", "'\\[defaultinstall.nt(amd64|arm|arm64|x86)\\]')", "{", "$Res", "=", "1;", "break;", "}", "}", "Write-Host", "'Final", "result:',", "$Res;"], "args_count": 38, "command_line": "powershell.exe -ExecutionPolicy Restricted -Command $Res = 0; $Infs = Get-Item -Path ($env:WinDir + '\\inf\\*.inf'); foreach ($Inf in $Infs) { $Data = Get-Content $Inf.FullName; if ($Data -match '\\[defaultinstall.nt(amd64|arm|arm64|x86)\\]') { $Res = 1; break; } } Write-Host 'Final result:', $Res;", "entity_id": "72deaf58-b38a-4e43-9484-05af2ad85dd5", "title": "ConsoleHost"}, "related": {"user": "SYSTEM"}, "user": {"domain": "BREACH", "name": "SYSTEM"}, "winlog": {"activity_id": "{1f013968-626d-0000-3668-011f6d62db01}", "api": "wineventlog", "channel": "Microsoft-Windows-PowerShell/Operational", "computer_name": "CLIENT7.breach.local", "event_id": 4103, "opcode": "To be used when operation is just executing a method", "process": {"pid": 2840, "thread": {"id": 3128}}, "provider_guid": "{a0c1853b-5c40-4b15-8766-3cf1c58f985a}", "provider_name": "Microsoft-Windows-PowerShell", "record_id": 13232, "task": "Executing Pipeline", "user": {"domain": "NT AUTHORITY", "identifier": "S-1-5-18", "name": "SYSTEM", "type": "User"}, "version": 1}}
{"@timestamp": "2025-01-09T08:10:10.110Z", "agent": {"ephemeral_id": "bb64d7a7-091c-4137-a687-7e2730f981d8", "hostname": "CLIENT7", "id": "c35095e9-5f9f-4084-a651-3aaa2966847a", "name": "CLIENT7", "type": "winlogbeat", "version": "7.10.2"}, "ecs": {"version": "1.5.0"}, "event": {"action": "Executing Pipeline", "category": ["process"], "code": 4103, "created": "2025-01-09T08:10:10.450Z", "kind": "event", "module": "powershell", "provider": "Microsoft-Windows-PowerShell", "sequence": 262, "type": ["info"]}, "host": {"name": "CLIENT7.breach.local"}, "log": {"level": "information"}, "powershell": {"command": {"invocation_details": [{"related_command": "Get-Content", "type": "CommandInvocation", "value": "\"Get-Content\""}, {"name": "\"Path\"", "related_command": "Get-Content", "type": "ParameterBinding", "value": "\"C:\\Windows\\inf\\c_securitydevices.inf\""}], "name": "Get-Content", "type": "Cmdlet"}, "engine": {"version": "5.1.19041.906"}, "id": "Microsoft.PowerShell", "pipeline_id": "1", "process": {"executable_version": "5.1.19041.906"}, "runspace_id": "c7ffc1f4-daa5-46fd-826e-3e529e34b1dd"}, "process": {"args": ["powershell.exe", "-ExecutionPolicy", "Restricted", "-Command", "$Res", "=", "0;", "$Infs", "=", "Get-Item", "-Path", "($env:WinDir", "+", "'\\inf\\*.inf');", "foreach", "($Inf", "in", "$Infs)", "{", "$Data", "=", "Get-Content", "$Inf.FullName;", "if", "($Data", "-match", "'\\[defaultinstall.nt(amd64|arm|arm64|x86)\\]')", "{", "$Res", "=", "1;", "break;", "}", "}", "Write-Host", "'Final", "result:',", "$Res;"], "args_count": 38, "command_line": "powershell.exe -ExecutionPolicy Restricted -Command $Res = 0; $Infs = Get-Item -Path ($env:WinDir + '\\inf\\*.inf'); foreach ($Inf in $Infs) { $Data = Get-Content $Inf.FullName; if ($Data -match '\\[defaultinstall.nt(amd64|arm|arm64|x86)\\]') { $Res = 1; break; } } Write-Host 'Final result:', $Res;", "entity_id": "72deaf58-b38a-4e43-9484-05af2ad85dd5", "title": "ConsoleHost"}, "related": {"user": "SYSTEM"}, "user": {"domain": "BREACH", "name": "SYSTEM"}, "winlog": {"activity_id": "{1f013968-626d-0000-3768-011f6d62db01}", "api": "wineventlog", "channel": "Microsoft-Windows-PowerShell/Operational", "computer_name": "CLIENT7.breach.local", "event_id": 4103, "opcode": "To be used when operation is just executing a method", "process": {"pid": 2840, "thread": {"id": 3128}}, "provider_guid": "{a0c1853b-5c40-4b15-8766-3cf1c58f985a}", "provider_name": "Microsoft-Windows-PowerShell", "record_id": 13233, "task": "Executing Pipeline", "user": {"domain": "NT AUTHORITY", "identifier": "S-1-5-18", "name": "SYSTEM", "type": "User"}, "version": 1}}
{"@timestamp": "2025-01-09T08:10:10.112Z", "agent": {"ephemeral_id": "bb64d7a7-091c-4137-a687-7e2730f981d8", "hostname": "CLIENT7", "id": "c35095e9-5f9f-4084-a651-3aaa2966847a", "name": "CLIENT7", "type": "winlogbeat", "version": "7.10.2"}, "ecs": {"version": "1.5.0"}, "event": {"action": "Executing Pipeline", "category": ["process"], "code": 4103, "created": "2025-01-09T08:10:10.451Z", "kind": "event", "module": "powershell", "provider": "Microsoft-Windows-PowerShell", "sequence": 264, "type": ["info"]}, "host": {"name": "CLIENT7.breach.local"}, "log": {"level": "information"}, "powershell": {"command": {"invocation_details": [{"related_command": "Get-Content", "type": "CommandInvocation", "value": "\"Get-Content\""}, {"name": "\"Path\"", "related_command": "Get-Content", "type": "ParameterBinding", "value": "\"C:\\Windows\\inf\\c_sensor.inf\""}], "name": "Get-Content", "type": "Cmdlet"}, "engine": {"version": "5.1.19041.906"}, "id": "Microsoft.PowerShell", "pipeline_id": "1", "process": {"executable_version": "5.1.19041.906"}, "runspace_id": "c7ffc1f4-daa5-46fd-826e-3e529e34b1dd"}, "process": {"args": ["powershell.exe", "-ExecutionPolicy", "Restricted", "-Command", "$Res", "=", "0;", "$Infs", "=", "Get-Item", "-Path", "($env:WinDir", "+", "'\\inf\\*.inf');", "foreach", "($Inf", "in", "$Infs)", "{", "$Data", "=", "Get-Content", "$Inf.FullName;", "if", "($Data", "-match", "'\\[defaultinstall.nt(amd64|arm|arm64|x86)\\]')", "{", "$Res", "=", "1;", "break;", "}", "}", "Write-Host", "'Final", "result:',", "$Res;"], "args_count": 38, "command_line": "powershell.exe -ExecutionPolicy Restricted -Command $Res = 0; $Infs = Get-Item -Path ($env:WinDir + '\\inf\\*.inf'); foreach ($Inf in $Infs) { $Data = Get-Content $Inf.FullName; if ($Data -match '\\[defaultinstall.nt(amd64|arm|arm64|x86)\\]') { $Res = 1; break; } } Write-Host 'Final result:', $Res;", "entity_id": "72deaf58-b38a-4e43-9484-05af2ad85dd5", "title": "ConsoleHost"}, "related": {"user": "SYSTEM"}, "user": {"domain": "BREACH", "name": "SYSTEM"}, "winlog": {"activity_id": "{1f013968-626d-0000-3868-011f6d62db01}", "api": "wineventlog", "channel": "Microsoft-Windows-PowerShell/Operational", "computer_name": "CLIENT7.breach.local", "event_id": 4103, "opcode": "To be used when operation is just executing a method", "process": {"pid": 2840, "thread": {"id": 3128}}, "provider_guid": "{a0c1853b-5c40-4b15-8766-3cf1c58f985a}", "provider_name": "Microsoft-Windows-PowerShell", "record_id": 13234, "task": "Executing Pipeline", "user": {"domain": "NT AUTHORITY", "identifier": "S-1-5-18", "name": "SYSTEM", "type": "User"}, "version": 1}}
{"@timestamp": "2025-01-09T08:10:10.114Z", "agent": {"ephemeral_id": "bb64d7a7-091c-4137-a687-7e2730f981d8", "hostname": "CLIENT7", "id": "c35095e9-5f9f-4084-a651-3aaa2966847a", "name": "CLIENT7", "type": "winlogbeat", "version": "7.10.2"}, "ecs": {"version": "1.5.0"}, "event": {"action": "Executing Pipeline", "category": ["process"], "code": 4103, "created": "2025-01-09T08:10:10.454Z", "kind": "event", "module": "powershell", "provider": "Microsoft-Windows-PowerShell", "sequence": 266, "type": ["info"]}, "host": {"name": "CLIENT7.breach.local"}, "log": {"level": "information"}, "powershell": {"command": {"invocation_details": [{"related_command": "Get-Content", "type": "CommandInvocation", "value": "\"Get-Content\""}, {"name": "\"Path\"", "related_command": "Get-Content", "type": "ParameterBinding", "value": "\"C:\\Windows\\inf\\c_smartcard.inf\""}], "name": "Get-Content", "type": "Cmdlet"}, "engine": {"version": "5.1.19041.906"}, "id": "Microsoft.PowerShell", "pipeline_id": "1", "process": {"executable_version": "5.1.19041.906"}, "runspace_id": "c7ffc1f4-daa5-46fd-826e-3e529e34b1dd"}, "process": {"args": ["powershell.exe", "-ExecutionPolicy", "Restricted", "-Command", "$Res", "=", "0;", "$Infs", "=", "Get-Item", "-Path", "($env:WinDir", "+", "'\\inf\\*.inf');", "foreach", "($Inf", "in", "$Infs)", "{", "$Data", "=", "Get-Content", "$Inf.FullName;", "if", "($Data", "-match", "'\\[defaultinstall.nt(amd64|arm|arm64|x86)\\]')", "{", "$Res", "=", "1;", "break;", "}", "}", "Write-Host", "'Final", "result:',", "$Res;"], "args_count": 38, "command_line": "powershell.exe -ExecutionPolicy Restricted -Command $Res = 0; $Infs = Get-Item -Path ($env:WinDir + '\\inf\\*.inf'); foreach ($Inf in $Infs) { $Data = Get-Content $Inf.FullName; if ($Data -match '\\[defaultinstall.nt(amd64|arm|arm64|x86)\\]') { $Res = 1; break; } } Write-Host 'Final result:', $Res;", "entity_id": "72deaf58-b38a-4e43-9484-05af2ad85dd5", "title": "ConsoleHost"}, "related": {"user": "SYSTEM"}, "user": {"domain": "BREACH", "name": "SYSTEM"}, "winlog": {"activity_id": "{1f013968-626d-0000-3968-011f6d62db01}", "api": "wineventlog", "channel": "Microsoft-Windows-PowerShell/Operational", "computer_name": "CLIENT7.breach.local", "event_id": 4103, "opcode": "To be used when operation is just executing a method", "process": {"pid": 2840, "thread": {"id": 3128}}, "provider_guid": "{a0c1853b-5c40-4b15-8766-3cf1c58f985a}", "provider_name": "Microsoft-Windows-PowerShell", "record_id": 13235, "task": "Executing Pipeline", "user": {"domain": "NT AUTHORITY", "identifier": "S-1-5-18", "name": "SYSTEM", "type": "User"}, "version": 1}}
{"@timestamp": "2025-01-09T08:10:10.115Z", "agent": {"ephemeral_id": "bb64d7a7-091c-4137-a687-7e2730f981d8", "hostname": "CLIENT7", "id": "c35095e9-5f9f-4084-a651-3aaa2966847a", "name": "CLIENT7", "type": "winlogbeat", "version": "7.10.2"}, "ecs": {"version": "1.5.0"}, "event": {"action": "Executing Pipeline", "category": ["process"], "code": 4103, "created": "2025-01-09T08:10:10.455Z", "kind": "event", "module": "powershell", "provider": "Microsoft-Windows-PowerShell", "sequence": 268, "type": ["info"]}, "host": {"name": "CLIENT7.breach.local"}, "log": {"level": "information"}, "powershell": {"command": {"invocation_details": [{"related_command": "Get-Content", "type": "CommandInvocation", "value": "\"Get-Content\""}, {"name": "\"Path\"", "related_command": "Get-Content", "type": "ParameterBinding", "value": "\"C:\\Windows\\inf\\c_smartcardfilter.inf\""}], "name": "Get-Content", "type": "Cmdlet"}, "engine": {"version": "5.1.19041.906"}, "id": "Microsoft.PowerShell", "pipeline_id": "1", "process": {"executable_version": "5.1.19041.906"}, "runspace_id": "c7ffc1f4-daa5-46fd-826e-3e529e34b1dd"}, "process": {"args": ["powershell.exe", "-ExecutionPolicy", "Restricted", "-Command", "$Res", "=", "0;", "$Infs", "=", "Get-Item", "-Path", "($env:WinDir", "+", "'\\inf\\*.inf');", "foreach", "($Inf", "in", "$Infs)", "{", "$Data", "=", "Get-Content", "$Inf.FullName;", "if", "($Data", "-match", "'\\[defaultinstall.nt(amd64|arm|arm64|x86)\\]')", "{", "$Res", "=", "1;", "break;", "}", "}", "Write-Host", "'Final", "result:',", "$Res;"], "args_count": 38, "command_line": "powershell.exe -ExecutionPolicy Restricted -Command $Res = 0; $Infs = Get-Item -Path ($env:WinDir + '\\inf\\*.inf'); foreach ($Inf in $Infs) { $Data = Get-Content $Inf.FullName; if ($Data -match '\\[defaultinstall.nt(amd64|arm|arm64|x86)\\]') { $Res = 1; break; } } Write-Host 'Final result:', $Res;", "entity_id": "72deaf58-b38a-4e43-9484-05af2ad85dd5", "title": "ConsoleHost"}, "related": {"user": "SYSTEM"}, "user": {"domain": "BREACH", "name": "SYSTEM"}, "winlog": {"activity_id": "{1f013968-626d-0000-3a68-011f6d62db01}", "api": "wineventlog", "channel": "Microsoft-Windows-PowerShell/Operational", "computer_name": "CLIENT7.breach.local", "event_id": 4103, "opcode": "To be used when operation is just executing a method", "process": {"pid": 2840, "thread": {"id": 3128}}, "provider_guid": "{a0c1853b-5c40-4b15-8766-3cf1c58f985a}", "provider_name": "Microsoft-Windows-PowerShell", "record_id": 13236, "task": "Executing Pipeline", "user": {"domain": "NT AUTHORITY", "identifier": "S-1-5-18", "name": "SYSTEM", "type": "User"}, "version": 1}}
