{"@timestamp": "2025-01-09T08:05:17.817Z", "agent": {"ephemeral_id": "bb64d7a7-091c-4137-a687-7e2730f981d8", "hostname": "CLIENT7", "id": "c35095e9-5f9f-4084-a651-3aaa2966847a", "name": "CLIENT7", "type": "winlogbeat", "version": "7.10.2"}, "ecs": {"version": "1.5.0"}, "event": {"action": "Process Create (rule: ProcessCreate)", "category": ["process"], "code": 1, "created": "2025-01-09T08:06:58.347Z", "kind": "event", "module": "sysmon", "provider": "Microsoft-Windows-Sysmon", "type": ["start", "process_start"]}, "hash": {"imphash": "1002d523645a81bc52877d82d9e88417", "md5": "62f170fb07fdbb79ceb7147101406eb8", "sha1": "d9bbb4e4900ff03b0486fac32768170249dad82d", "sha256": "53e000f5aa9b3a00934319db8080bb99cb323bf48fc628a64f75d7847c265606"}, "host": {"name": "CLIENT7.breach.local"}, "log": {"level": "information"}, "process": {"args": ["ipconfig", "/all"], "command_line": "ipconfig /all", "entity_id": "{416dd0c5-833d-677f-9b00-000000001400}", "executable": "C:\\Windows\\System32\\ipconfig.exe", "hash": {"md5": "62f170fb07fdbb79ceb7147101406eb8", "sha1": "d9bbb4e4900ff03b0486fac32768170249dad82d", "sha256": "53e000f5aa9b3a00934319db8080bb99cb323bf48fc628a64f75d7847c265606"}, "name": "ipconfig.exe", "parent": {"args": ["C:\\Python37\\python.exe", "C:\\BREACH\\init_tbf_client.py"], "command_line": "C:\\Python37\\python.exe \"C:\\BREACH\\init_tbf_client.py\" ", "entity_id": "{416dd0c5-833d-677f-9800-000000001400}", "executable": "C:\\Python37\\python.exe", "name": "python.exe", "pid": 4072}, "pe": {"imphash": "1002d523645a81bc52877d82d9e88417"}, "pid": 800, "working_directory": "C:\\BREACH\\"}, "related": {"hash": ["d9bbb4e4900ff03b0486fac32768170249dad82d", "62f170fb07fdbb79ceb7147101406eb8", "53e000f5aa9b3a00934319db8080bb99cb323bf48fc628a64f75d7847c265606", "1002d523645a81bc52877d82d9e88417"], "user": "client7"}, "user": {"domain": "BREACH", "name": "client7"}, "winlog": {"api": "wineventlog", "channel": "Microsoft-Windows-Sysmon/Operational", "computer_name": "CLIENT7.breach.local", "event_data": {"Company": "Microsoft Corporation", "Description": "IP Configuration Utility", "FileVersion": "10.0.19041.1 (WinBuild.160101.0800)", "IntegrityLevel": "Medium", "LogonGuid": "{416dd0c5-831f-677f-6df4-030000000000}", "LogonId": "0x3f46d", "OriginalFileName": "ipconfig.exe", "ParentUser": "BREACH\\client7", "Product": "Microsoft\u00ae Windows\u00ae Operating System", "RuleName": "-", "TerminalSessionId": "1"}, "event_id": 1, "opcode": "Info", "process": {"pid": 2968, "thread": {"id": 3508}}, "provider_guid": "{5770385f-c22a-43e0-bf4c-06f5698ffbd9}", "provider_name": "Microsoft-Windows-Sysmon", "record_id": 3598153, "task": "Process Create (rule: ProcessCreate)", "user": {"domain": "NT AUTHORITY", "identifier": "S-1-5-18", "name": "SYSTEM", "type": "User"}, "version": 5}}
{"@timestamp": "2025-01-09T08:05:17.818Z", "agent": {"ephemeral_id": "bb64d7a7-091c-4137-a687-7e2730f981d8", "hostname": "CLIENT7", "id": "c35095e9-5f9f-4084-a651-3aaa2966847a", "name": "CLIENT7", "type": "winlogbeat", "version": "7.10.2"}, "ecs": {"version": "1.5.0"}, "event": {"action": "Process Create (rule: ProcessCreate)", "category": ["process"], "code": 1, "created": "2025-01-09T08:06:58.348Z", "kind": "event", "module": "sysmon", "provider": "Microsoft-Windows-Sysmon", "type": ["start", "process_start"]}, "hash": {"imphash": "d4d98acf3243e0c97c83c6548571a44e", "md5": "ba4cfe6461afa1004c52f19c8f2169dc", "sha1": "ab8539ef6b2a93ff9589dec4b34a0257b6296c92", "sha256": "e86870769ee6c797e09457bd99c58d9bf2303cf0193a24ef9b1222c2c3daf628"}, "host": {"name": "CLIENT7.breach.local"}, "log": {"level": "information"}, "process": {"args": ["C:\\Windows\\System32\\RuntimeBroker.exe", "-Embedding"], "command_line": "C:\\Windows\\System32\\RuntimeBroker.exe -Embedding", "entity_id": "{416dd0c5-833d-677f-9c00-000000001400}", "executable": "C:\\Windows\\System32\\RuntimeBroker.exe", "hash": {"md5": "ba4cfe6461afa1004c52f19c8f2169dc", "sha1": "ab8539ef6b2a93ff9589dec4b34a0257b6296c92", "sha256": "e86870769ee6c797e09457bd99c58d9bf2303cf0193a24ef9b1222c2c3daf628"}, "name": "RuntimeBroker.exe", "parent": {"args": ["C:\\Windows\\system32\\svchost.exe", "-k", "DcomLaunch", "-p"], "command_line": "C:\\Windows\\system32\\svchost.exe -k DcomLaunch -p", "entity_id": "{416dd0c5-8319-677f-0f00-000000001400}", "executable": "C:\\Windows\\System32\\svchost.exe", "name": "svchost.exe", "pid": 756}, "pe": {"imphash": "d4d98acf3243e0c97c83c6548571a44e"}, "pid": 3920, "working_directory": "C:\\Windows\\system32\\"}, "related": {"hash": ["ab8539ef6b2a93ff9589dec4b34a0257b6296c92", "ba4cfe6461afa1004c52f19c8f2169dc", "e86870769ee6c797e09457bd99c58d9bf2303cf0193a24ef9b1222c2c3daf628", "d4d98acf3243e0c97c83c6548571a44e"], "user": "client7"}, "user": {"domain": "BREACH", "name": "client7"}, "winlog": {"api": "wineventlog", "channel": "Microsoft-Windows-Sysmon/Operational", "computer_name": "CLIENT7.breach.local", "event_data": {"Company": "Microsoft Corporation", "Description": "Runtime Broker", "FileVersion": "10.0.19041.746 (WinBuild.160101.0800)", "IntegrityLevel": "Medium", "LogonGuid": "{416dd0c5-831f-677f-6df4-030000000000}", "LogonId": "0x3f46d", "OriginalFileName": "RuntimeBroker.exe", "ParentUser": "NT AUTHORITY\\SYSTEM", "Product": "Microsoft\u00ae Windows\u00ae Operating System", "RuleName": "-", "TerminalSessionId": "1"}, "event_id": 1, "opcode": "Info", "process": {"pid": 2968, "thread": {"id": 3508}}, "provider_guid": "{5770385f-c22a-43e0-bf4c-06f5698ffbd9}", "provider_name": "Microsoft-Windows-Sysmon", "record_id": 3598156, "task": "Process Create (rule: ProcessCreate)", "user": {"domain": "NT AUTHORITY", "identifier": "S-1-5-18", "name": "SYSTEM", "type": "User"}, "version": 5}}
{"@timestamp": "2025-01-09T08:05:18.231Z", "agent": {"ephemeral_id": "bb64d7a7-091c-4137-a687-7e2730f981d8", "hostname": "CLIENT7", "id": "c35095e9-5f9f-4084-a651-3aaa2966847a", "name": "CLIENT7", "type": "winlogbeat", "version": "7.10.2"}, "ecs": {"version": "1.5.0"}, "event": {"action": "Process Create (rule: ProcessCreate)", "category": ["process"], "code": 1, "created": "2025-01-09T08:06:58.480Z", "kind": "event", "module": "sysmon", "provider": "Microsoft-Windows-Sysmon", "type": ["start", "process_start"]}, "hash": {"imphash": "272245e2988e1e430500b852c4fb5e18", "md5": "8a2122e8162dbef04694b9c3e0b6cdee", "sha1": "f1efb0fddc156e4c61c5f78a54700e4e7984d55d", "sha256": "b99d61d874728edc0918ca0eb10eab93d381e7367e377406e65963366c874450"}, "host": {"name": "CLIENT7.breach.local"}, "log": {"level": "information"}, "process": {"args": ["C:\\Windows\\system32\\cmd.exe", "/c", "C:\\BREACH\\SetDefaultBrowser\\set_default_browser.bat "], "command_line": "C:\\Windows\\system32\\cmd.exe /c \"\"C:\\BREACH\\SetDefaultBrowser\\set_default_browser.bat\" \"", "entity_id": "{416dd0c5-833e-677f-9d00-000000001400}", "executable": "C:\\Windows\\System32\\cmd.exe", "hash": {"md5": "8a2122e8162dbef04694b9c3e0b6cdee", "sha1": "f1efb0fddc156e4c61c5f78a54700e4e7984d55d", "sha256": "b99d61d874728edc0918ca0eb10eab93d381e7367e377406e65963366c874450"}, "name": "cmd.exe", "parent": {"args": ["C:\\Windows\\Explorer.EXE"], "command_line": "C:\\Windows\\Explorer.EXE", "entity_id": "{416dd0c5-8323-677f-6500-000000001400}", "executable": "C:\\Windows\\explorer.exe", "name": "explorer.exe", "pid": 4600}, "pe": {"imphash": "272245e2988e1e430500b852c4fb5e18"}, "pid": 7188, "working_directory": "C:\\BREACH\\SetDefaultBrowser\\"}, "related": {"hash": ["f1efb0fddc156e4c61c5f78a54700e4e7984d55d", "8a2122e8162dbef04694b9c3e0b6cdee", "b99d61d874728edc0918ca0eb10eab93d381e7367e377406e65963366c874450", "272245e2988e1e430500b852c4fb5e18"], "user": "client7"}, "user": {"domain": "BREACH", "name": "client7"}, "winlog": {"api": "wineventlog", "channel": "Microsoft-Windows-Sysmon/Operational", "computer_name": "CLIENT7.breach.local", "event_data": {"Company": "Microsoft Corporation", "Description": "Windows Command Processor", "FileVersion": "10.0.19041.746 (WinBuild.160101.0800)", "IntegrityLevel": "Medium", "LogonGuid": "{416dd0c5-831f-677f-6df4-030000000000}", "LogonId": "0x3f46d", "OriginalFileName": "Cmd.Exe", "ParentUser": "BREACH\\client7", "Product": "Microsoft\u00ae Windows\u00ae Operating System", "RuleName": "-", "TerminalSessionId": "1"}, "event_id": 1, "opcode": "Info", "process": {"pid": 2968, "thread": {"id": 3508}}, "provider_guid": "{5770385f-c22a-43e0-bf4c-06f5698ffbd9}", "provider_name": "Microsoft-Windows-Sysmon", "record_id": 3598268, "task": "Process Create (rule: ProcessCreate)", "user": {"domain": "NT AUTHORITY", "identifier": "S-1-5-18", "name": "SYSTEM", "type": "User"}, "version": 5}}
{"@timestamp": "2025-01-09T08:05:18.243Z", "agent": {"ephemeral_id": "bb64d7a7-091c-4137-a687-7e2730f981d8", "hostname": "CLIENT7", "id": "c35095e9-5f9f-4084-a651-3aaa2966847a", "name": "CLIENT7", "type": "winlogbeat", "version": "7.10.2"}, "ecs": {"version": "1.5.0"}, "event": {"action": "Process Create (rule: ProcessCreate)", "category": ["process"], "code": 1, "created": "2025-01-09T08:06:58.481Z", "kind": "event", "module": "sysmon", "provider": "Microsoft-Windows-Sysmon", "type": ["start", "process_start"]}, "hash": {"imphash": "affe8c3be3bbe4f0ac2ef124256f372d", "md5": "ce1a079265e7a92863baad92de538d72", "sha1": "9d48d4b78cbbfb22c9ee9070f713b35cd2a6a6eb", "sha256": "16c7a815a4a313d2c79816b3839376cc4d732dc0b136ee246ac77ffed543a3c4"}, "host": {"name": "CLIENT7.breach.local"}, "log": {"level": "information"}, "process": {"args": ["\\??\\C:\\Windows\\system32\\conhost.exe", "0xffffffff", "-ForceV1"], "command_line": "\\??\\C:\\Windows\\system32\\conhost.exe 0xffffffff -ForceV1", "entity_id": "{416dd0c5-833e-677f-9e00-000000001400}", "executable": "C:\\Windows\\System32\\conhost.exe", "hash": {"md5": "ce1a079265e7a92863baad92de538d72", "sha1": "9d48d4b78cbbfb22c9ee9070f713b35cd2a6a6eb", "sha256": "16c7a815a4a313d2c79816b3839376cc4d732dc0b136ee246ac77ffed543a3c4"}, "name": "conhost.exe", "parent": {"args": ["C:\\Windows\\system32\\cmd.exe", "/c", "C:\\BREACH\\SetDefaultBrowser\\set_default_browser.bat "], "command_line": "C:\\Windows\\system32\\cmd.exe /c \"\"C:\\BREACH\\SetDefaultBrowser\\set_default_browser.bat\" \"", "entity_id": "{416dd0c5-833e-677f-9d00-000000001400}", "executable": "C:\\Windows\\System32\\cmd.exe", "name": "cmd.exe", "pid": 7188}, "pe": {"imphash": "affe8c3be3bbe4f0ac2ef124256f372d"}, "pid": 7200, "working_directory": "C:\\Windows"}, "related": {"hash": ["9d48d4b78cbbfb22c9ee9070f713b35cd2a6a6eb", "ce1a079265e7a92863baad92de538d72", "16c7a815a4a313d2c79816b3839376cc4d732dc0b136ee246ac77ffed543a3c4", "affe8c3be3bbe4f0ac2ef124256f372d"], "user": "client7"}, "user": {"domain": "BREACH", "name": "client7"}, "winlog": {"api": "wineventlog", "channel": "Microsoft-Windows-Sysmon/Operational", "computer_name": "CLIENT7.breach.local", "event_data": {"Company": "Microsoft Corporation", "Description": "Console Window Host", "FileVersion": "10.0.19041.746 (WinBuild.160101.0800)", "IntegrityLevel": "Medium", "LogonGuid": "{416dd0c5-831f-677f-6df4-030000000000}", "LogonId": "0x3f46d", "OriginalFileName": "CONHOST.EXE", "ParentUser": "BREACH\\client7", "Product": "Microsoft\u00ae Windows\u00ae Operating System", "RuleName": "-", "TerminalSessionId": "1"}, "event_id": 1, "opcode": "Info", "process": {"pid": 2968, "thread": {"id": 3508}}, "provider_guid": "{5770385f-c22a-43e0-bf4c-06f5698ffbd9}", "provider_name": "Microsoft-Windows-Sysmon", "record_id": 3598274, "task": "Process Create (rule: ProcessCreate)", "user": {"domain": "NT AUTHORITY", "identifier": "S-1-5-18", "name": "SYSTEM", "type": "User"}, "version": 5}}
{"@timestamp": "2025-01-09T08:05:18.725Z", "agent": {"ephemeral_id": "bb64d7a7-091c-4137-a687-7e2730f981d8", "hostname": "CLIENT7", "id": "c35095e9-5f9f-4084-a651-3aaa2966847a", "name": "CLIENT7", "type": "winlogbeat", "version": "7.10.2"}, "ecs": {"version": "1.5.0"}, "event": {"action": "Process Create (rule: ProcessCreate)", "category": ["process"], "code": 1, "created": "2025-01-09T08:06:58.595Z", "kind": "event", "module": "sysmon", "provider": "Microsoft-Windows-Sysmon", "type": ["start", "process_start"]}, "hash": {"imphash": "272245e2988e1e430500b852c4fb5e18", "md5": "8a2122e8162dbef04694b9c3e0b6cdee", "sha1": "f1efb0fddc156e4c61c5f78a54700e4e7984d55d", "sha256": "b99d61d874728edc0918ca0eb10eab93d381e7367e377406e65963366c874450"}, "host": {"name": "CLIENT7.breach.local"}, "log": {"level": "information"}, "process": {"args": ["cmd", "/c", "C:\\BREACH\\SetDefaultBrowser\\SetDefaultBrowser.exe HKLM Firefox-E7CF176E110C211B"], "command_line": "cmd  /c \"C:\\BREACH\\SetDefaultBrowser\\SetDefaultBrowser.exe HKLM Firefox-E7CF176E110C211B\"", "entity_id": "{416dd0c5-833e-677f-9f00-000000001400}", "executable": "C:\\Windows\\System32\\cmd.exe", "hash": {"md5": "8a2122e8162dbef04694b9c3e0b6cdee", "sha1": "f1efb0fddc156e4c61c5f78a54700e4e7984d55d", "sha256": "b99d61d874728edc0918ca0eb10eab93d381e7367e377406e65963366c874450"}, "name": "cmd.exe", "parent": {"args": ["C:\\Windows\\system32\\cmd.exe", "/c", "C:\\BREACH\\SetDefaultBrowser\\set_default_browser.bat "], "command_line": "C:\\Windows\\system32\\cmd.exe /c \"\"C:\\BREACH\\SetDefaultBrowser\\set_default_browser.bat\" \"", "entity_id": "{416dd0c5-833e-677f-9d00-000000001400}", "executable": "C:\\Windows\\System32\\cmd.exe", "name": "cmd.exe", "pid": 7188}, "pe": {"imphash": "272245e2988e1e430500b852c4fb5e18"}, "pid": 7296, "working_directory": "C:\\BREACH\\SetDefaultBrowser\\"}, "related": {"hash": ["f1efb0fddc156e4c61c5f78a54700e4e7984d55d", "8a2122e8162dbef04694b9c3e0b6cdee", "b99d61d874728edc0918ca0eb10eab93d381e7367e377406e65963366c874450", "272245e2988e1e430500b852c4fb5e18"], "user": "client7"}, "user": {"domain": "BREACH", "name": "client7"}, "winlog": {"api": "wineventlog", "channel": "Microsoft-Windows-Sysmon/Operational", "computer_name": "CLIENT7.breach.local", "event_data": {"Company": "Microsoft Corporation", "Description": "Windows Command Processor", "FileVersion": "10.0.19041.746 (WinBuild.160101.0800)", "IntegrityLevel": "Medium", "LogonGuid": "{416dd0c5-831f-677f-6df4-030000000000}", "LogonId": "0x3f46d", "OriginalFileName": "Cmd.Exe", "ParentUser": "BREACH\\client7", "Product": "Microsoft\u00ae Windows\u00ae Operating System", "RuleName": "-", "TerminalSessionId": "1"}, "event_id": 1, "opcode": "Info", "process": {"pid": 2968, "thread": {"id": 3508}}, "provider_guid": "{5770385f-c22a-43e0-bf4c-06f5698ffbd9}", "provider_name": "Microsoft-Windows-Sysmon", "record_id": 3598387, "task": "Process Create (rule: ProcessCreate)", "user": {"domain": "NT AUTHORITY", "identifier": "S-1-5-18", "name": "SYSTEM", "type": "User"}, "version": 5}}
{"@timestamp": "2025-01-09T08:05:18.771Z", "agent": {"ephemeral_id": "bb64d7a7-091c-4137-a687-7e2730f981d8", "hostname": "CLIENT7", "id": "c35095e9-5f9f-4084-a651-3aaa2966847a", "name": "CLIENT7", "type": "winlogbeat", "version": "7.10.2"}, "ecs": {"version": "1.5.0"}, "event": {"action": "Process Create (rule: ProcessCreate)", "category": ["process"], "code": 1, "created": "2025-01-09T08:06:58.595Z", "kind": "event", "module": "sysmon", "provider": "Microsoft-Windows-Sysmon", "type": ["start", "process_start"]}, "hash": {"imphash": "1c9e5b11b7c170c300047dfc229af30b", "md5": "d9cbe9d6914cf0ea6f1a3cb217e3b75c", "sha1": "8940406f6df93d1b1b6969751228a79e99955745", "sha256": "ef45766c2203cded161db71616e8f02a2cfed2f2aa2bfeb929a4166eb3e12f6b"}, "host": {"name": "CLIENT7.breach.local"}, "log": {"level": "information"}, "process": {"args": ["C:\\Windows\\py.exe", "C:\\BREACH\\userbehavior\\main.py"], "command_line": "\"C:\\Windows\\py.exe\" \"C:\\BREACH\\userbehavior\\main.py\" ", "entity_id": "{416dd0c5-833e-677f-a000-000000001400}", "executable": "C:\\Windows\\py.exe", "hash": {"md5": "d9cbe9d6914cf0ea6f1a3cb217e3b75c", "sha1": "8940406f6df93d1b1b6969751228a79e99955745", "sha256": "ef45766c2203cded161db71616e8f02a2cfed2f2aa2bfeb929a4166eb3e12f6b"}, "name": "py.exe", "parent": {"args": ["C:\\Windows\\system32\\cmd.exe", "/c", "C:\\BREACH\\restart_userbehavior.bat "], "command_line": "C:\\Windows\\system32\\cmd.exe /c \"\"C:\\BREACH\\restart_userbehavior.bat\" \"", "entity_id": "{416dd0c5-833d-677f-9900-000000001400}", "executable": "C:\\Windows\\System32\\cmd.exe", "name": "cmd.exe", "pid": 5616}, "pe": {"imphash": "1c9e5b11b7c170c300047dfc229af30b"}, "pid": 7312, "working_directory": "C:\\BREACH\\"}, "related": {"hash": ["8940406f6df93d1b1b6969751228a79e99955745", "d9cbe9d6914cf0ea6f1a3cb217e3b75c", "ef45766c2203cded161db71616e8f02a2cfed2f2aa2bfeb929a4166eb3e12f6b", "1c9e5b11b7c170c300047dfc229af30b"], "user": "client7"}, "user": {"domain": "BREACH", "name": "client7"}, "winlog": {"api": "wineventlog", "channel": "Microsoft-Windows-Sysmon/Operational", "computer_name": "CLIENT7.breach.local", "event_data": {"Company": "Python Software Foundation", "Description": "Python", "FileVersion": "3.7.3", "IntegrityLevel": "Medium", "LogonGuid": "{416dd0c5-831f-677f-6df4-030000000000}", "LogonId": "0x3f46d", "OriginalFileName": "py.exe", "ParentUser": "BREACH\\client7", "Product": "Python", "RuleName": "-", "TerminalSessionId": "1"}, "event_id": 1, "opcode": "Info", "process": {"pid": 2968, "thread": {"id": 3508}}, "provider_guid": "{5770385f-c22a-43e0-bf4c-06f5698ffbd9}", "provider_name": "Microsoft-Windows-Sysmon", "record_id": 3598394, "task": "Process Create (rule: ProcessCreate)", "user": {"domain": "NT AUTHORITY", "identifier": "S-1-5-18", "name": "SYSTEM", "type": "User"}, "version": 5}}
{"@timestamp": "2025-01-09T08:05:18.785Z", "agent": {"ephemeral_id": "bb64d7a7-091c-4137-a687-7e2730f981d8", "hostname": "CLIENT7", "id": "c35095e9-5f9f-4084-a651-3aaa2966847a", "name": "CLIENT7", "type": "winlogbeat", "version": "7.10.2"}, "ecs": {"version": "1.5.0"}, "event": {"action": "Logon", "code": 4624, "created": "2025-01-09T08:06:46.112Z", "kind": "event", "outcome": "success", "provider": "Microsoft-Windows-Security-Auditing"}, "host": {"name": "CLIENT7.breach.local"}, "log": {"level": "information"}, "winlog": {"activity_id": "{1f013968-626d-0000-f339-011f6d62db01}", "api": "wineventlog", "channel": "Security", "computer_name": "CLIENT7.breach.local", "event_data": {"AuthenticationPackageName": "Negotiate", "ElevatedToken": "%%1842", "ImpersonationLevel": "%%1833", "IpAddress": "-", "IpPort": "-", "KeyLength": "0", "LmPackageName": "-", "LogonGuid": "{00000000-0000-0000-0000-000000000000}", "LogonProcessName": "Advapi  ", "LogonType": "5", "ProcessId": "0x270", "ProcessName": "C:\\Windows\\System32\\services.exe", "RestrictedAdminMode": "-", "SubjectDomainName": "BREACH", "SubjectLogonId": "0x3e7", "SubjectUserName": "CLIENT7$", "SubjectUserSid": "S-1-5-18", "TargetDomainName": "NT AUTHORITY", "TargetLinkedLogonId": "0x0", "TargetLogonId": "0x3e7", "TargetOutboundDomainName": "-", "TargetOutboundUserName": "-", "TargetUserName": "SYSTEM", "TargetUserSid": "S-1-5-18", "TransmittedServices": "-", "VirtualAccount": "%%1843", "WorkstationName": "-"}, "event_id": 4624, "keywords": ["Audit Success"], "opcode": "Info", "process": {"pid": 636, "thread": {"id": 2792}}, "provider_guid": "{54849625-5478-4994-a5ba-3e3b0328c30d}", "provider_name": "Microsoft-Windows-Security-Auditing", "record_id": 28921, "task": "Logon", "version": 2}}
{"@timestamp": "2025-01-09T08:05:18.785Z", "agent": {"ephemeral_id": "bb64d7a7-091c-4137-a687-7e2730f981d8", "hostname": "CLIENT7", "id": "c35095e9-5f9f-4084-a651-3aaa2966847a", "name": "CLIENT7", "type": "winlogbeat", "version": "7.10.2"}, "ecs": {"version": "1.5.0"}, "event": {"action": "Special Logon", "code": 4672, "created": "2025-01-09T08:06:46.112Z", "kind": "event", "outcome": "success", "provider": "Microsoft-Windows-Security-Auditing"}, "host": {"name": "CLIENT7.breach.local"}, "log": {"level": "information"}, "winlog": {"activity_id": "{1f013968-626d-0000-f339-011f6d62db01}", "api": "wineventlog", "channel": "Security", "computer_name": "CLIENT7.breach.local", "event_data": {"PrivilegeList": "SeAssignPrimaryTokenPrivilege\n\t\t\tSeTcbPrivilege\n\t\t\tSeSecurityPrivilege\n\t\t\tSeTakeOwnershipPrivilege\n\t\t\tSeLoadDriverPrivilege\n\t\t\tSeBackupPrivilege\n\t\t\tSeRestorePrivilege\n\t\t\tSeDebugPrivilege\n\t\t\tSeAuditPrivilege\n\t\t\tSeSystemEnvironmentPrivilege\n\t\t\tSeImpersonatePrivilege\n\t\t\tSeDelegateSessionUserImpersonatePrivilege", "SubjectDomainName": "NT AUTHORITY", "SubjectLogonId": "0x3e7", "SubjectUserName": "SYSTEM", "SubjectUserSid": "S-1-5-18"}, "event_id": 4672, "keywords": ["Audit Success"], "opcode": "Info", "process": {"pid": 636, "thread": {"id": 2792}}, "provider_guid": "{54849625-5478-4994-a5ba-3e3b0328c30d}", "provider_name": "Microsoft-Windows-Security-Auditing", "record_id": 28922, "task": "Special Logon"}}
{"@timestamp": "2025-01-09T08:05:18.787Z", "agent": {"ephemeral_id": "bb64d7a7-091c-4137-a687-7e2730f981d8", "hostname": "CLIENT7", "id": "c35095e9-5f9f-4084-a651-3aaa2966847a", "name": "CLIENT7", "type": "winlogbeat", "version": "7.10.2"}, "ecs": {"version": "1.5.0"}, "event": {"action": "Process Create (rule: ProcessCreate)", "category": ["process"], "code": 1, "created": "2025-01-09T08:06:58.599Z", "kind": "event", "module": "sysmon", "provider": "Microsoft-Windows-Sysmon", "type": ["start", "process_start"]}, "hash": {"imphash": "f9bbd96fae53b7a31264a703cafa0666", "md5": "f586835082f632dc8d9404d83bc16316", "sha1": "010db07461e45b41c886192df6fd425ba8d42d82", "sha256": "643ec58e82e0272c97c2a59f6020970d881af19c0ad5029db9c958c13b6558c7"}, "host": {"name": "CLIENT7.breach.local"}, "log": {"level": "information"}, "process": {"args": ["C:\\Windows\\system32\\svchost.exe", "-k", "LocalSystemNetworkRestricted", "-p", "-s", "PcaSvc"], "command_line": "C:\\Windows\\system32\\svchost.exe -k LocalSystemNetworkRestricted -p -s PcaSvc", "entity_id": "{416dd0c5-833e-677f-a100-000000001400}", "executable": "C:\\Windows\\System32\\svchost.exe", "hash": {"md5": "f586835082f632dc8d9404d83bc16316", "sha1": "010db07461e45b41c886192df6fd425ba8d42d82", "sha256": "643ec58e82e0272c97c2a59f6020970d881af19c0ad5029db9c958c13b6558c7"}, "name": "svchost.exe", "parent": {"args": ["C:\\Windows\\system32\\services.exe"], "command_line": "C:\\Windows\\system32\\services.exe", "entity_id": "{416dd0c5-8318-677f-0b00-000000001400}", "executable": "C:\\Windows\\System32\\services.exe", "name": "services.exe", "pid": 624}, "pe": {"imphash": "f9bbd96fae53b7a31264a703cafa0666"}, "pid": 7320, "working_directory": "C:\\Windows\\system32\\"}, "related": {"hash": ["010db07461e45b41c886192df6fd425ba8d42d82", "f586835082f632dc8d9404d83bc16316", "643ec58e82e0272c97c2a59f6020970d881af19c0ad5029db9c958c13b6558c7", "f9bbd96fae53b7a31264a703cafa0666"], "user": "SYSTEM"}, "user": {"domain": "NT AUTHORITY", "name": "SYSTEM"}, "winlog": {"api": "wineventlog", "channel": "Microsoft-Windows-Sysmon/Operational", "computer_name": "CLIENT7.breach.local", "event_data": {"Company": "Microsoft Corporation", "Description": "Host Process for Windows Services", "FileVersion": "10.0.19041.546 (WinBuild.160101.0800)", "IntegrityLevel": "System", "LogonGuid": "{416dd0c5-8318-677f-e703-000000000000}", "LogonId": "0x3e7", "OriginalFileName": "svchost.exe", "ParentUser": "NT AUTHORITY\\SYSTEM", "Product": "Microsoft\u00ae Windows\u00ae Operating System", "RuleName": "-", "TerminalSessionId": "0"}, "event_id": 1, "opcode": "Info", "process": {"pid": 2968, "thread": {"id": 3508}}, "provider_guid": "{5770385f-c22a-43e0-bf4c-06f5698ffbd9}", "provider_name": "Microsoft-Windows-Sysmon", "record_id": 3598399, "task": "Process Create (rule: ProcessCreate)", "user": {"domain": "NT AUTHORITY", "identifier": "S-1-5-18", "name": "SYSTEM", "type": "User"}, "version": 5}}
{"@timestamp": "2025-01-09T08:05:18.891Z", "agent": {"ephemeral_id": "bb64d7a7-091c-4137-a687-7e2730f981d8", "hostname": "CLIENT7", "id": "c35095e9-5f9f-4084-a651-3aaa2966847a", "name": "CLIENT7", "type": "winlogbeat", "version": "7.10.2"}, "ecs": {"version": "1.5.0"}, "event": {"action": "Process Create (rule: ProcessCreate)", "category": ["process"], "code": 1, "created": "2025-01-09T08:06:58.723Z", "kind": "event", "module": "sysmon", "provider": "Microsoft-Windows-Sysmon", "type": ["start", "process_start"]}, "hash": {"imphash": "7a4e9e687d9c77ecc64c95e9852017bb", "md5": "4adc091f25781329cae1ad8fdf94edd7", "sha1": "1e320c17588c9337cc6220b94dc7616d5dd470f6", "sha256": "21f1e8de0e8faf5eb5505cfef3cc0f14ee3eab7c3442ab0bb1d1a3e2e3988022"}, "host": {"name": "CLIENT7.breach.local"}, "log": {"level": "information"}, "process": {"args": ["C:\\BREACH\\SetDefaultBrowser\\SetDefaultBrowser.exe", "HKLM", "Firefox-E7CF176E110C211B"], "command_line": "C:\\BREACH\\SetDefaultBrowser\\SetDefaultBrowser.exe  HKLM Firefox-E7CF176E110C211B", "entity_id": "{416dd0c5-833e-677f-a200-000000001400}", "executable": "C:\\BREACH\\SetDefaultBrowser\\SetDefaultBrowser.exe", "hash": {"md5": "4adc091f25781329cae1ad8fdf94edd7", "sha1": "1e320c17588c9337cc6220b94dc7616d5dd470f6", "sha256": "21f1e8de0e8faf5eb5505cfef3cc0f14ee3eab7c3442ab0bb1d1a3e2e3988022"}, "name": "SetDefaultBrowser.exe", "parent": {"args": ["cmd", "/c", "C:\\BREACH\\SetDefaultBrowser\\SetDefaultBrowser.exe HKLM Firefox-E7CF176E110C211B"], "command_line": "cmd  /c \"C:\\BREACH\\SetDefaultBrowser\\SetDefaultBrowser.exe HKLM Firefox-E7CF176E110C211B\"", "entity_id": "{416dd0c5-833e-677f-9f00-000000001400}", "executable": "C:\\Windows\\System32\\cmd.exe", "name": "cmd.exe", "pid": 7296}, "pe": {"imphash": "7a4e9e687d9c77ecc64c95e9852017bb"}, "pid": 7368, "working_directory": "C:\\BREACH\\SetDefaultBrowser\\"}, "related": {"hash": ["1e320c17588c9337cc6220b94dc7616d5dd470f6", "4adc091f25781329cae1ad8fdf94edd7", "21f1e8de0e8faf5eb5505cfef3cc0f14ee3eab7c3442ab0bb1d1a3e2e3988022", "7a4e9e687d9c77ecc64c95e9852017bb"], "user": "client7"}, "user": {"domain": "BREACH", "name": "client7"}, "winlog": {"api": "wineventlog", "channel": "Microsoft-Windows-Sysmon/Operational", "computer_name": "CLIENT7.breach.local", "event_data": {"Company": "Kolbi.cz", "Description": "SetDefaultBrowser from http://kolbi.cz", "FileVersion": "1.5.0", "IntegrityLevel": "Medium", "LogonGuid": "{416dd0c5-831f-677f-6df4-030000000000}", "LogonId": "0x3f46d", "OriginalFileName": "SetDefaultBrowser.exe", "ParentUser": "BREACH\\client7", "Product": "SetDefaultBrowser", "RuleName": "-", "TerminalSessionId": "1"}, "event_id": 1, "opcode": "Info", "process": {"pid": 2968, "thread": {"id": 3508}}, "provider_guid": "{5770385f-c22a-43e0-bf4c-06f5698ffbd9}", "provider_name": "Microsoft-Windows-Sysmon", "record_id": 3598451, "task": "Process Create (rule: ProcessCreate)", "user": {"domain": "NT AUTHORITY", "identifier": "S-1-5-18", "name": "SYSTEM", "type": "User"}, "version": 5}}
{"@timestamp": "2025-01-09T08:05:18.935Z", "agent": {"ephemeral_id": "bb64d7a7-091c-4137-a687-7e2730f981d8", "hostname": "CLIENT7", "id": "c35095e9-5f9f-4084-a651-3aaa2966847a", "name": "CLIENT7", "type": "winlogbeat", "version": "7.10.2"}, "ecs": {"version": "1.5.0"}, "event": {"action": "Process Create (rule: ProcessCreate)", "category": ["process"], "code": 1, "created": "2025-01-09T08:06:58.731Z", "kind": "event", "module": "sysmon", "provider": "Microsoft-Windows-Sysmon", "type": ["start", "process_start"]}, "hash": {"imphash": "3c2fc59273192a34f1aa4a59df3b348e", "md5": "922f7003fca657359db03cc02941124d", "sha1": "27fae46e4e377467f2d5f9e37a5a8cb19b39b9ec", "sha256": "5da31132fd6a415e71e3fd40c3a23853a799b91ea2821d2bcbf1bf0e8fa01e16"}, "host": {"name": "CLIENT7.breach.local"}, "log": {"level": "information"}, "process": {"args": ["C:\\Python37\\python.exe", "C:\\BREACH\\userbehavior\\main.py"], "command_line": "C:\\Python37\\python.exe \"C:\\BREACH\\userbehavior\\main.py\" ", "entity_id": "{416dd0c5-833e-677f-a300-000000001400}", "executable": "C:\\Python37\\python.exe", "hash": {"md5": "922f7003fca657359db03cc02941124d", "sha1": "27fae46e4e377467f2d5f9e37a5a8cb19b39b9ec", "sha256": "5da31132fd6a415e71e3fd40c3a23853a799b91ea2821d2bcbf1bf0e8fa01e16"}, "name": "python.exe", "parent": {"args": ["C:\\Windows\\py.exe", "C:\\BREACH\\userbehavior\\main.py"], "command_line": "\"C:\\Windows\\py.exe\" \"C:\\BREACH\\userbehavior\\main.py\" ", "entity_id": "{416dd0c5-833e-677f-a000-000000001400}", "executable": "C:\\Windows\\py.exe", "name": "py.exe", "pid": 7312}, "pe": {"imphash": "3c2fc59273192a34f1aa4a59df3b348e"}, "pid": 7388, "working_directory": "C:\\BREACH\\"}, "related": {"hash": ["27fae46e4e377467f2d5f9e37a5a8cb19b39b9ec", "922f7003fca657359db03cc02941124d", "5da31132fd6a415e71e3fd40c3a23853a799b91ea2821d2bcbf1bf0e8fa01e16", "3c2fc59273192a34f1aa4a59df3b348e"], "user": "client7"}, "user": {"domain": "BREACH", "name": "client7"}, "winlog": {"api": "wineventlog", "channel": "Microsoft-Windows-Sysmon/Operational", "computer_name": "CLIENT7.breach.local", "event_data": {"Company": "Python Software Foundation", "Description": "Python", "FileVersion": "3.7.3", "IntegrityLevel": "Medium", "LogonGuid": "{416dd0c5-831f-677f-6df4-030000000000}", "LogonId": "0x3f46d", "OriginalFileName": "python.exe", "ParentUser": "BREACH\\client7", "Product": "Python", "RuleName": "-", "TerminalSessionId": "1"}, "event_id": 1, "opcode": "Info", "process": {"pid": 2968, "thread": {"id": 3508}}, "provider_guid": "{5770385f-c22a-43e0-bf4c-06f5698ffbd9}", "provider_name": "Microsoft-Windows-Sysmon", "record_id": 3598499, "task": "Process Create (rule: ProcessCreate)", "user": {"domain": "NT AUTHORITY", "identifier": "S-1-5-18", "name": "SYSTEM", "type": "User"}, "version": 5}}
{"@timestamp": "2025-01-09T08:05:19.011Z", "agent": {"ephemeral_id": "bb64d7a7-091c-4137-a687-7e2730f981d8", "hostname": "CLIENT7", "id": "c35095e9-5f9f-4084-a651-3aaa2966847a", "name": "CLIENT7", "type": "winlogbeat", "version": "7.10.2"}, "ecs": {"version": "1.5.0"}, "event": {"action": "Process Create (rule: ProcessCreate)", "category": ["process"], "code": 1, "created": "2025-01-09T08:06:58.844Z", "kind": "event", "module": "sysmon", "provider": "Microsoft-Windows-Sysmon", "type": ["start", "process_start"]}, "hash": {"imphash": "3a0c6863cde566af997db2defff9d924", "md5": "564e4806ab18f93b93d551cd10c1598e", "sha1": "fed4b4a753a9541389aa670c69e624be07569ccd", "sha256": "0322728dbce3a577c4a13b907ad7375d27e74880b63f7371384f67d19197a0ad"}, "host": {"name": "CLIENT7.breach.local"}, "log": {"level": "information"}, "process": {"args": ["taskhostw.exe", "SyncFromCloud"], "command_line": "taskhostw.exe SyncFromCloud", "entity_id": "{416dd0c5-833f-677f-a400-000000001400}", "executable": "C:\\Windows\\System32\\taskhostw.exe", "hash": {"md5": "564e4806ab18f93b93d551cd10c1598e", "sha1": "fed4b4a753a9541389aa670c69e624be07569ccd", "sha256": "0322728dbce3a577c4a13b907ad7375d27e74880b63f7371384f67d19197a0ad"}, "name": "taskhostw.exe", "parent": {"args": ["C:\\Windows\\system32\\svchost.exe", "-k", "netsvcs", "-p", "-s", "Schedule"], "command_line": "C:\\Windows\\system32\\svchost.exe -k netsvcs -p -s Schedule", "entity_id": "{416dd0c5-831a-677f-1d00-000000001400}", "executable": "C:\\Windows\\System32\\svchost.exe", "name": "svchost.exe", "pid": 1252}, "pe": {"imphash": "3a0c6863cde566af997db2defff9d924"}, "pid": 7420, "working_directory": "C:\\Windows\\system32\\"}, "related": {"hash": ["fed4b4a753a9541389aa670c69e624be07569ccd", "564e4806ab18f93b93d551cd10c1598e", "0322728dbce3a577c4a13b907ad7375d27e74880b63f7371384f67d19197a0ad", "3a0c6863cde566af997db2defff9d924"], "user": "client7"}, "user": {"domain": "BREACH", "name": "client7"}, "winlog": {"api": "wineventlog", "channel": "Microsoft-Windows-Sysmon/Operational", "computer_name": "CLIENT7.breach.local", "event_data": {"Company": "Microsoft Corporation", "Description": "Host Process for Windows Tasks", "FileVersion": "10.0.19041.906 (WinBuild.160101.0800)", "IntegrityLevel": "Medium", "LogonGuid": "{416dd0c5-831f-677f-6df4-030000000000}", "LogonId": "0x3f46d", "OriginalFileName": "taskhostw.exe", "ParentUser": "NT AUTHORITY\\SYSTEM", "Product": "Microsoft\u00ae Windows\u00ae Operating System", "RuleName": "-", "TerminalSessionId": "1"}, "event_id": 1, "opcode": "Info", "process": {"pid": 2968, "thread": {"id": 3508}}, "provider_guid": "{5770385f-c22a-43e0-bf4c-06f5698ffbd9}", "provider_name": "Microsoft-Windows-Sysmon", "record_id": 3598569, "task": "Process Create (rule: ProcessCreate)", "user": {"domain": "NT AUTHORITY", "identifier": "S-1-5-18", "name": "SYSTEM", "type": "User"}, "version": 5}}
{"@timestamp": "2025-01-09T08:05:19.652Z", "agent": {"ephemeral_id": "bb64d7a7-091c-4137-a687-7e2730f981d8", "hostname": "CLIENT7", "id": "c35095e9-5f9f-4084-a651-3aaa2966847a", "name": "CLIENT7", "type": "winlogbeat", "version": "7.10.2"}, "ecs": {"version": "1.5.0"}, "event": {"action": "Process Create (rule: ProcessCreate)", "category": ["process"], "code": 1, "created": "2025-01-09T08:06:59.117Z", "kind": "event", "module": "sysmon", "provider": "Microsoft-Windows-Sysmon", "type": ["start", "process_start"]}, "hash": {"imphash": "cf79fce90fced31836373f3e48251a5d", "md5": "08eb78e5be019df044c26b14703bd1fa", "sha1": "2ce12a317bebf8293f3544433a55d972a5967996", "sha256": "e7fc40b41aa8b83841a0b96d169eaf0800aa784733e636935374d56536253f10"}, "host": {"name": "CLIENT7.breach.local"}, "log": {"level": "information"}, "process": {"args": ["C:\\Windows\\system32\\DllHost.exe", "/Processid:{AB8902B4-09CA-4BB6-B78D-A8F59079A8D5}"], "command_line": "C:\\Windows\\system32\\DllHost.exe /Processid:{AB8902B4-09CA-4BB6-B78D-A8F59079A8D5}", "entity_id": "{416dd0c5-833f-677f-a500-000000001400}", "executable": "C:\\Windows\\System32\\dllhost.exe", "hash": {"md5": "08eb78e5be019df044c26b14703bd1fa", "sha1": "2ce12a317bebf8293f3544433a55d972a5967996", "sha256": "e7fc40b41aa8b83841a0b96d169eaf0800aa784733e636935374d56536253f10"}, "name": "dllhost.exe", "parent": {"args": ["C:\\Windows\\system32\\svchost.exe", "-k", "DcomLaunch", "-p"], "command_line": "C:\\Windows\\system32\\svchost.exe -k DcomLaunch -p", "entity_id": "{416dd0c5-8319-677f-0f00-000000001400}", "executable": "C:\\Windows\\System32\\svchost.exe", "name": "svchost.exe", "pid": 756}, "pe": {"imphash": "cf79fce90fced31836373f3e48251a5d"}, "pid": 7488, "working_directory": "C:\\Windows\\system32\\"}, "related": {"hash": ["2ce12a317bebf8293f3544433a55d972a5967996", "08eb78e5be019df044c26b14703bd1fa", "e7fc40b41aa8b83841a0b96d169eaf0800aa784733e636935374d56536253f10", "cf79fce90fced31836373f3e48251a5d"], "user": "client7"}, "user": {"domain": "BREACH", "name": "client7"}, "winlog": {"api": "wineventlog", "channel": "Microsoft-Windows-Sysmon/Operational", "computer_name": "CLIENT7.breach.local", "event_data": {"Company": "Microsoft Corporation", "Description": "COM Surrogate", "FileVersion": "10.0.19041.546 (WinBuild.160101.0800)", "IntegrityLevel": "Medium", "LogonGuid": "{416dd0c5-831f-677f-6df4-030000000000}", "LogonId": "0x3f46d", "OriginalFileName": "dllhost.exe", "ParentUser": "NT AUTHORITY\\SYSTEM", "Product": "Microsoft\u00ae Windows\u00ae Operating System", "RuleName": "-", "TerminalSessionId": "1"}, "event_id": 1, "opcode": "Info", "process": {"pid": 2968, "thread": {"id": 3508}}, "provider_guid": "{5770385f-c22a-43e0-bf4c-06f5698ffbd9}", "provider_name": "Microsoft-Windows-Sysmon", "record_id": 3598747, "task": "Process Create (rule: ProcessCreate)", "user": {"domain": "NT AUTHORITY", "identifier": "S-1-5-18", "name": "SYSTEM", "type": "User"}, "version": 5}}
{"@timestamp": "2025-01-09T08:05:21.785Z", "agent": {"ephemeral_id": "bb64d7a7-091c-4137-a687-7e2730f981d8", "hostname": "CLIENT7", "id": "c35095e9-5f9f-4084-a651-3aaa2966847a", "name": "CLIENT7", "type": "winlogbeat", "version": "7.10.2"}, "ecs": {"version": "1.5.0"}, "event": {"action": "Process Create (rule: ProcessCreate)", "category": ["process"], "code": 1, "created": "2025-01-09T08:06:59.418Z", "kind": "event", "module": "sysmon", "provider": "Microsoft-Windows-Sysmon", "type": ["start", "process_start"]}, "hash": {"imphash": "0c029ef03be0dfe4324558843609a28e", "md5": "ef9bba7a637a11b224a90bf90a8943ac", "sha1": "4747ec6efd2d41e049159249c2d888189bb33d1d", "sha256": "2fda95aafb2e9284c730bf912b93f60a75b151941adc14445ed1e056140325b1"}, "host": {"name": "CLIENT7.breach.local"}, "log": {"level": "information"}, "process": {"args": ["", "-c", "-s", "0", "-f", "0", "-t", "Empty", "-m", "Empty", "-a", "0", "-u", "Empty"], "command_line": " -c -s 0 -f 0 -t Empty -m Empty -a 0 -u Empty", "entity_id": "{416dd0c5-8341-677f-a600-000000001400}", "executable": "C:\\Windows\\System32\\wlrmdr.exe", "hash": {"md5": "ef9bba7a637a11b224a90bf90a8943ac", "sha1": "4747ec6efd2d41e049159249c2d888189bb33d1d", "sha256": "2fda95aafb2e9284c730bf912b93f60a75b151941adc14445ed1e056140325b1"}, "name": "wlrmdr.exe", "parent": {"args": ["winlogon.exe"], "command_line": "winlogon.exe", "entity_id": "{416dd0c5-8318-677f-0a00-000000001400}", "executable": "C:\\Windows\\System32\\winlogon.exe", "name": "winlogon.exe", "pid": 588}, "pe": {"imphash": "0c029ef03be0dfe4324558843609a28e"}, "pid": 7532, "working_directory": "C:\\Windows\\system32\\"}, "related": {"hash": ["4747ec6efd2d41e049159249c2d888189bb33d1d", "ef9bba7a637a11b224a90bf90a8943ac", "2fda95aafb2e9284c730bf912b93f60a75b151941adc14445ed1e056140325b1", "0c029ef03be0dfe4324558843609a28e"], "user": "client7"}, "user": {"domain": "BREACH", "name": "client7"}, "winlog": {"api": "wineventlog", "channel": "Microsoft-Windows-Sysmon/Operational", "computer_name": "CLIENT7.breach.local", "event_data": {"Company": "Microsoft Corporation", "Description": "Windows logon reminder", "FileVersion": "10.0.19041.746 (WinBuild.160101.0800)", "IntegrityLevel": "Medium", "LogonGuid": "{416dd0c5-831f-677f-6df4-030000000000}", "LogonId": "0x3f46d", "OriginalFileName": "WLRMNDR.EXE", "ParentUser": "NT AUTHORITY\\SYSTEM", "Product": "Microsoft\u00ae Windows\u00ae Operating System", "RuleName": "-", "TerminalSessionId": "1"}, "event_id": 1, "opcode": "Info", "process": {"pid": 2968, "thread": {"id": 3508}}, "provider_guid": "{5770385f-c22a-43e0-bf4c-06f5698ffbd9}", "provider_name": "Microsoft-Windows-Sysmon", "record_id": 3599002, "task": "Process Create (rule: ProcessCreate)", "user": {"domain": "NT AUTHORITY", "identifier": "S-1-5-18", "name": "SYSTEM", "type": "User"}, "version": 5}}
{"@timestamp": "2025-01-09T08:05:22.345Z", "agent": {"ephemeral_id": "bb64d7a7-091c-4137-a687-7e2730f981d8", "hostname": "CLIENT7", "id": "c35095e9-5f9f-4084-a651-3aaa2966847a", "name": "CLIENT7", "type": "winlogbeat", "version": "7.10.2"}, "ecs": {"version": "1.5.0"}, "event": {"action": "Process Create (rule: ProcessCreate)", "category": ["process"], "code": 1, "created": "2025-01-09T08:06:59.539Z", "kind": "event", "module": "sysmon", "provider": "Microsoft-Windows-Sysmon", "type": ["start", "process_start"]}, "hash": {"imphash": "8b2a73cf81704f7aed84c67134ec39ac", "md5": "d4c0c10590da99309e3c36e66f99ee60", "sha1": "5b1e67fcfd7aa697ef5e49d39050ecfce1cf18f4", "sha256": "dfe51b0739ed161f69afbb736460ebb7dd37372ff0659cbc20f4a9c850fbcc8c"}, "host": {"name": "CLIENT7.breach.local"}, "log": {"level": "information"}, "process": {"args": ["C:\\Windows\\system32\\SearchProtocolHost.exe", "Global\\UsGthrFltPipeMssGthrPipe1_", "Global\\UsGthrCtrlFltPipeMssGthrPipe1", "1", "-2147483646", "Software\\Microsoft\\Windows Search", "Mozilla/4.0 (compatible; MSIE 6.0; Windows NT; MS Search 4.0 Robot)", "C:\\ProgramData\\Microsoft\\Search\\Data\\Temp\\usgthrsvc", "DownLevelDaemon"], "command_line": "\"C:\\Windows\\system32\\SearchProtocolHost.exe\" Global\\UsGthrFltPipeMssGthrPipe1_ Global\\UsGthrCtrlFltPipeMssGthrPipe1 1 -2147483646 \"Software\\Microsoft\\Windows Search\" \"Mozilla/4.0 (compatible; MSIE 6.0; Windows NT; MS Search 4.0 Robot)\" \"C:\\ProgramData\\Microsoft\\Search\\Data\\Temp\\usgthrsvc\" \"DownLevelDaemon\" ", "entity_id": "{416dd0c5-8342-677f-a700-000000001400}", "executable": "C:\\Windows\\System32\\SearchProtocolHost.exe", "hash": {"md5": "d4c0c10590da99309e3c36e66f99ee60", "sha1": "5b1e67fcfd7aa697ef5e49d39050ecfce1cf18f4", "sha256": "dfe51b0739ed161f69afbb736460ebb7dd37372ff0659cbc20f4a9c850fbcc8c"}, "name": "SearchProtocolHost.exe", "parent": {"args": ["C:\\Windows\\system32\\SearchIndexer.exe", "/Embedding"], "command_line": "C:\\Windows\\system32\\SearchIndexer.exe /Embedding", "entity_id": "{416dd0c5-8327-677f-6b00-000000001400}", "executable": "C:\\Windows\\System32\\SearchIndexer.exe", "name": "SearchIndexer.exe", "pid": 5216}, "pe": {"imphash": "8b2a73cf81704f7aed84c67134ec39ac"}, "pid": 7580, "working_directory": "C:\\Windows\\system32\\"}, "related": {"hash": ["5b1e67fcfd7aa697ef5e49d39050ecfce1cf18f4", "d4c0c10590da99309e3c36e66f99ee60", "dfe51b0739ed161f69afbb736460ebb7dd37372ff0659cbc20f4a9c850fbcc8c", "8b2a73cf81704f7aed84c67134ec39ac"], "user": "SYSTEM"}, "user": {"domain": "NT AUTHORITY", "name": "SYSTEM"}, "winlog": {"api": "wineventlog", "channel": "Microsoft-Windows-Sysmon/Operational", "computer_name": "CLIENT7.breach.local", "event_data": {"Company": "Microsoft Corporation", "Description": "Microsoft Windows Search Protocol Host", "FileVersion": "7.0.19041.844 (WinBuild.160101.0800)", "IntegrityLevel": "System", "LogonGuid": "{416dd0c5-8318-677f-e703-000000000000}", "LogonId": "0x3e7", "OriginalFileName": "SearchProtocolHost.exe", "ParentUser": "NT AUTHORITY\\SYSTEM", "Product": "Windows\u00ae Search", "RuleName": "-", "TerminalSessionId": "0"}, "event_id": 1, "opcode": "Info", "process": {"pid": 2968, "thread": {"id": 3508}}, "provider_guid": "{5770385f-c22a-43e0-bf4c-06f5698ffbd9}", "provider_name": "Microsoft-Windows-Sysmon", "record_id": 3599083, "task": "Process Create (rule: ProcessCreate)", "user": {"domain": "NT AUTHORITY", "identifier": "S-1-5-18", "name": "SYSTEM", "type": "User"}, "version": 5}}
{"@timestamp": "2025-01-09T08:05:22.975Z", "agent": {"ephemeral_id": "bb64d7a7-091c-4137-a687-7e2730f981d8", "hostname": "CLIENT7", "id": "c35095e9-5f9f-4084-a651-3aaa2966847a", "name": "CLIENT7", "type": "winlogbeat", "version": "7.10.2"}, "ecs": {"version": "1.5.0"}, "event": {"action": "Process Create (rule: ProcessCreate)", "category": ["process"], "code": 1, "created": "2025-01-09T08:06:59.690Z", "kind": "event", "module": "sysmon", "provider": "Microsoft-Windows-Sysmon", "type": ["start", "process_start"]}, "hash": {"imphash": "6e606a006b80b9aae7c0d2ab3a798f57", "md5": "50ae9314433f281821b409dc2b99cca8", "sha1": "ff9e00ceabc00e946cb483dfeedf679891ae1abb", "sha256": "ddb54790fd9232980f26875932638358f88fc05410fefc24ea18b7a1de5719bd"}, "host": {"name": "CLIENT7.breach.local"}, "log": {"level": "information"}, "process": {"args": ["C:\\Program Files (x86)\\Microsoft\\Edge\\Application\\131.0.2903.112\\identity_helper.exe", "--type=utility", "--utility-sub-type=winrt_app_id.mojom.WinrtAppIdService", "--lang=en-US", "--service-sandbox-type=none", "--string-annotations=is-enterprise-managed=yes", "--field-trial-handle=4312,i,16033469871451599983,9831051220802965236,262144", "--variations-seed-version", "--mojo-platform-channel-handle=4248", "/prefetch:8"], "command_line": "\"C:\\Program Files (x86)\\Microsoft\\Edge\\Application\\131.0.2903.112\\identity_helper.exe\" --type=utility --utility-sub-type=winrt_app_id.mojom.WinrtAppIdService --lang=en-US --service-sandbox-type=none --string-annotations=is-enterprise-managed=yes --field-trial-handle=4312,i,16033469871451599983,9831051220802965236,262144 --variations-seed-version --mojo-platform-channel-handle=4248 /prefetch:8", "entity_id": "{416dd0c5-8342-677f-a800-000000001400}", "executable": "C:\\Program Files (x86)\\Microsoft\\Edge\\Application\\131.0.2903.112\\identity_helper.exe", "hash": {"md5": "50ae9314433f281821b409dc2b99cca8", "sha1": "ff9e00ceabc00e946cb483dfeedf679891ae1abb", "sha256": "ddb54790fd9232980f26875932638358f88fc05410fefc24ea18b7a1de5719bd"}, "name": "identity_helper.exe", "parent": {"args": ["C:\\Program Files (x86)\\Microsoft\\Edge\\Application\\msedge.exe", "--no-startup-window", "--win-session-start"], "command_line": "\"C:\\Program Files (x86)\\Microsoft\\Edge\\Application\\msedge.exe\" --no-startup-window --win-session-start", "entity_id": "{416dd0c5-8338-677f-8800-000000001400}", "executable": "C:\\Program Files (x86)\\Microsoft\\Edge\\Application\\msedge.exe", "name": "msedge.exe", "pid": 6744}, "pe": {"imphash": "6e606a006b80b9aae7c0d2ab3a798f57"}, "pid": 7608, "working_directory": "C:\\Program Files (x86)\\Microsoft\\Edge\\Application\\131.0.2903.112\\"}, "related": {"hash": ["ff9e00ceabc00e946cb483dfeedf679891ae1abb", "50ae9314433f281821b409dc2b99cca8", "ddb54790fd9232980f26875932638358f88fc05410fefc24ea18b7a1de5719bd", "6e606a006b80b9aae7c0d2ab3a798f57"], "user": "client7"}, "user": {"domain": "BREACH", "name": "client7"}, "winlog": {"api": "wineventlog", "channel": "Microsoft-Windows-Sysmon/Operational", "computer_name": "CLIENT7.breach.local", "event_data": {"Company": "Microsoft Corporation", "Description": "PWA Identity Proxy Host", "FileVersion": "131.0.2903.112", "IntegrityLevel": "Medium", "LogonGuid": "{416dd0c5-831f-677f-6df4-030000000000}", "LogonId": "0x3f46d", "OriginalFileName": "identity_helper.exe", "ParentUser": "BREACH\\client7", "Product": "Microsoft Edge", "RuleName": "-", "TerminalSessionId": "1"}, "event_id": 1, "opcode": "Info", "process": {"pid": 2968, "thread": {"id": 3508}}, "provider_guid": "{5770385f-c22a-43e0-bf4c-06f5698ffbd9}", "provider_name": "Microsoft-Windows-Sysmon", "record_id": 3599136, "task": "Process Create (rule: ProcessCreate)", "user": {"domain": "NT AUTHORITY", "identifier": "S-1-5-18", "name": "SYSTEM", "type": "User"}, "version": 5}}
{"@timestamp": "2025-01-09T08:05:23.053Z", "agent": {"ephemeral_id": "bb64d7a7-091c-4137-a687-7e2730f981d8", "hostname": "CLIENT7", "id": "c35095e9-5f9f-4084-a651-3aaa2966847a", "name": "CLIENT7", "type": "winlogbeat", "version": "7.10.2"}, "ecs": {"version": "1.5.0"}, "event": {"action": "Process Create (rule: ProcessCreate)", "category": ["process"], "code": 1, "created": "2025-01-09T08:06:59.693Z", "kind": "event", "module": "sysmon", "provider": "Microsoft-Windows-Sysmon", "type": ["start", "process_start"]}, "hash": {"imphash": "f9bbd96fae53b7a31264a703cafa0666", "md5": "f586835082f632dc8d9404d83bc16316", "sha1": "010db07461e45b41c886192df6fd425ba8d42d82", "sha256": "643ec58e82e0272c97c2a59f6020970d881af19c0ad5029db9c958c13b6558c7"}, "host": {"name": "CLIENT7.breach.local"}, "log": {"level": "information"}, "process": {"args": ["C:\\Windows\\system32\\svchost.exe", "-k", "netsvcs", "-p", "-s", "Appinfo"], "command_line": "C:\\Windows\\system32\\svchost.exe -k netsvcs -p -s Appinfo", "entity_id": "{416dd0c5-8343-677f-a900-000000001400}", "executable": "C:\\Windows\\System32\\svchost.exe", "hash": {"md5": "f586835082f632dc8d9404d83bc16316", "sha1": "010db07461e45b41c886192df6fd425ba8d42d82", "sha256": "643ec58e82e0272c97c2a59f6020970d881af19c0ad5029db9c958c13b6558c7"}, "name": "svchost.exe", "parent": {"args": ["C:\\Windows\\system32\\services.exe"], "command_line": "C:\\Windows\\system32\\services.exe", "entity_id": "{416dd0c5-8318-677f-0b00-000000001400}", "executable": "C:\\Windows\\System32\\services.exe", "name": "services.exe", "pid": 624}, "pe": {"imphash": "f9bbd96fae53b7a31264a703cafa0666"}, "pid": 7616, "working_directory": "C:\\Windows\\system32\\"}, "related": {"hash": ["010db07461e45b41c886192df6fd425ba8d42d82", "f586835082f632dc8d9404d83bc16316", "643ec58e82e0272c97c2a59f6020970d881af19c0ad5029db9c958c13b6558c7", "f9bbd96fae53b7a31264a703cafa0666"], "user": "SYSTEM"}, "user": {"domain": "NT AUTHORITY", "name": "SYSTEM"}, "winlog": {"api": "wineventlog", "channel": "Microsoft-Windows-Sysmon/Operational", "computer_name": "CLIENT7.breach.local", "event_data": {"Company": "Microsoft Corporation", "Description": "Host Process for Windows Services", "FileVersion": "10.0.19041.546 (WinBuild.160101.0800)", "IntegrityLevel": "System", "LogonGuid": "{416dd0c5-8318-677f-e703-000000000000}", "LogonId": "0x3e7", "OriginalFileName": "svchost.exe", "ParentUser": "NT AUTHORITY\\SYSTEM", "Product": "Microsoft\u00ae Windows\u00ae Operating System", "RuleName": "-", "TerminalSessionId": "0"}, "event_id": 1, "opcode": "Info", "process": {"pid": 2968, "thread": {"id": 3508}}, "provider_guid": "{5770385f-c22a-43e0-bf4c-06f5698ffbd9}", "provider_name": "Microsoft-Windows-Sysmon", "record_id": 3599145, "task": "Process Create (rule: ProcessCreate)", "user": {"domain": "NT AUTHORITY", "identifier": "S-1-5-18", "name": "SYSTEM", "type": "User"}, "version": 5}}
