{"@timestamp": "2025-01-09T08:05:05.397Z", "agent": {"ephemeral_id": "bb64d7a7-091c-4137-a687-7e2730f981d8", "hostname": "CLIENT7", "id": "c35095e9-5f9f-4084-a651-3aaa2966847a", "name": "CLIENT7", "type": "winlogbeat", "version": "7.10.2"}, "ecs": {"version": "1.5.0"}, "event": {"action": "Process Create (rule: ProcessCreate)", "category": ["process"], "code": 1, "created": "2025-01-09T08:06:55.243Z", "kind": "event", "module": "sysmon", "provider": "Microsoft-Windows-Sysmon", "type": ["start", "process_start"]}, "hash": {"imphash": "16ea232736a39f84e9f62be00fdddbb6", "md5": "341b37c6b7be60f86ed039be18146a8c", "sha1": "39b157eae32d30b195a438dd3bf15fce11f99e71", "sha256": "498a3773f65d98b0077bc5c30445e9529c7bb3cc5d216be10b9874d42683e2e8"}, "host": {"name": "CLIENT7.breach.local"}, "log": {"level": "information"}, "process": {"args": ["C:\\Program Files\\WindowsApps\\Microsoft.YourPhone_1.24112.110.0_x64__8wekyb3d8bbwe\\PhoneExperienceHost.exe", "-ComServer:Background", "-Embedding"], "command_line": "\"C:\\Program Files\\WindowsApps\\Microsoft.YourPhone_1.24112.110.0_x64__8wekyb3d8bbwe\\PhoneExperienceHost.exe\" -ComServer:Background -Embedding", "entity_id": "{416dd0c5-8331-677f-7e00-000000001400}", "executable": "C:\\Program Files\\WindowsApps\\Microsoft.YourPhone_1.24112.110.0_x64__8wekyb3d8bbwe\\PhoneExperienceHost.exe", "hash": {"md5": "341b37c6b7be60f86ed039be18146a8c", "sha1": "39b157eae32d30b195a438dd3bf15fce11f99e71", "sha256": "498a3773f65d98b0077bc5c30445e9529c7bb3cc5d216be10b9874d42683e2e8"}, "name": "PhoneExperienceHost.exe", "parent": {"args": ["C:\\Windows\\system32\\svchost.exe", "-k", "DcomLaunch", "-p"], "command_line": "C:\\Windows\\system32\\svchost.exe -k DcomLaunch -p", "entity_id": "{416dd0c5-8319-677f-0f00-000000001400}", "executable": "C:\\Windows\\System32\\svchost.exe", "name": "svchost.exe", "pid": 756}, "pe": {"imphash": "16ea232736a39f84e9f62be00fdddbb6"}, "pid": 3348, "working_directory": "C:\\Windows\\system32\\"}, "related": {"hash": ["39b157eae32d30b195a438dd3bf15fce11f99e71", "341b37c6b7be60f86ed039be18146a8c", "498a3773f65d98b0077bc5c30445e9529c7bb3cc5d216be10b9874d42683e2e8", "16ea232736a39f84e9f62be00fdddbb6"], "user": "client7"}, "user": {"domain": "BREACH", "name": "client7"}, "winlog": {"api": "wineventlog", "channel": "Microsoft-Windows-Sysmon/Operational", "computer_name": "CLIENT7.breach.local", "event_data": {"Company": "Microsoft Corporation", "Description": "Microsoft Phone Link", "FileVersion": "1.24112.110.0", "IntegrityLevel": "Medium", "LogonGuid": "{416dd0c5-831f-677f-6df4-030000000000}", "LogonId": "0x3f46d", "OriginalFileName": "PhoneExperienceHost.dll", "ParentUser": "NT AUTHORITY\\SYSTEM", "Product": "Microsoft Phone Link", "RuleName": "-", "TerminalSessionId": "1"}, "event_id": 1, "opcode": "Info", "process": {"pid": 2968, "thread": {"id": 3508}}, "provider_guid": "{5770385f-c22a-43e0-bf4c-06f5698ffbd9}", "provider_name": "Microsoft-Windows-Sysmon", "record_id": 3595716, "task": "Process Create (rule: ProcessCreate)", "user": {"domain": "NT AUTHORITY", "identifier": "S-1-5-18", "name": "SYSTEM", "type": "User"}, "version": 5}}
{"@timestamp": "2025-01-09T08:05:07.418Z", "agent": {"ephemeral_id": "bb64d7a7-091c-4137-a687-7e2730f981d8", "hostname": "CLIENT7", "id": "c35095e9-5f9f-4084-a651-3aaa2966847a", "name": "CLIENT7", "type": "winlogbeat", "version": "7.10.2"}, "ecs": {"version": "1.5.0"}, "event": {"action": "Logon", "code": 4624, "created": "2025-01-09T08:06:46.112Z", "kind": "event", "outcome": "success", "provider": "Microsoft-Windows-Security-Auditing"}, "host": {"name": "CLIENT7.breach.local"}, "log": {"level": "information"}, "winlog": {"activity_id": "{1f013968-626d-0000-f339-011f6d62db01}", "api": "wineventlog", "channel": "Security", "computer_name": "CLIENT7.breach.local", "event_data": {"AuthenticationPackageName": "Negotiate", "ElevatedToken": "%%1842", "ImpersonationLevel": "%%1833", "IpAddress": "-", "IpPort": "-", "KeyLength": "0", "LmPackageName": "-", "LogonGuid": "{00000000-0000-0000-0000-000000000000}", "LogonProcessName": "Advapi  ", "LogonType": "5", "ProcessId": "0x270", "ProcessName": "C:\\Windows\\System32\\services.exe", "RestrictedAdminMode": "-", "SubjectDomainName": "BREACH", "SubjectLogonId": "0x3e7", "SubjectUserName": "CLIENT7$", "SubjectUserSid": "S-1-5-18", "TargetDomainName": "NT AUTHORITY", "TargetLinkedLogonId": "0x0", "TargetLogonId": "0x3e7", "TargetOutboundDomainName": "-", "TargetOutboundUserName": "-", "TargetUserName": "SYSTEM", "TargetUserSid": "S-1-5-18", "TransmittedServices": "-", "VirtualAccount": "%%1843", "WorkstationName": "-"}, "event_id": 4624, "keywords": ["Audit Success"], "opcode": "Info", "process": {"pid": 636, "thread": {"id": 696}}, "provider_guid": "{54849625-5478-4994-a5ba-3e3b0328c30d}", "provider_name": "Microsoft-Windows-Security-Auditing", "record_id": 28907, "task": "Logon", "version": 2}}
{"@timestamp": "2025-01-09T08:05:07.418Z", "agent": {"ephemeral_id": "bb64d7a7-091c-4137-a687-7e2730f981d8", "hostname": "CLIENT7", "id": "c35095e9-5f9f-4084-a651-3aaa2966847a", "name": "CLIENT7", "type": "winlogbeat", "version": "7.10.2"}, "ecs": {"version": "1.5.0"}, "event": {"action": "Special Logon", "code": 4672, "created": "2025-01-09T08:06:46.112Z", "kind": "event", "outcome": "success", "provider": "Microsoft-Windows-Security-Auditing"}, "host": {"name": "CLIENT7.breach.local"}, "log": {"level": "information"}, "winlog": {"activity_id": "{1f013968-626d-0000-f339-011f6d62db01}", "api": "wineventlog", "channel": "Security", "computer_name": "CLIENT7.breach.local", "event_data": {"PrivilegeList": "SeAssignPrimaryTokenPrivilege\n\t\t\tSeTcbPrivilege\n\t\t\tSeSecurityPrivilege\n\t\t\tSeTakeOwnershipPrivilege\n\t\t\tSeLoadDriverPrivilege\n\t\t\tSeBackupPrivilege\n\t\t\tSeRestorePrivilege\n\t\t\tSeDebugPrivilege\n\t\t\tSeAuditPrivilege\n\t\t\tSeSystemEnvironmentPrivilege\n\t\t\tSeImpersonatePrivilege\n\t\t\tSeDelegateSessionUserImpersonatePrivilege", "SubjectDomainName": "NT AUTHORITY", "SubjectLogonId": "0x3e7", "SubjectUserName": "SYSTEM", "SubjectUserSid": "S-1-5-18"}, "event_id": 4672, "keywords": ["Audit Success"], "opcode": "Info", "process": {"pid": 636, "thread": {"id": 696}}, "provider_guid": "{54849625-5478-4994-a5ba-3e3b0328c30d}", "provider_name": "Microsoft-Windows-Security-Auditing", "record_id": 28908, "task": "Special Logon"}}
{"@timestamp": "2025-01-09T08:05:07.419Z", "agent": {"ephemeral_id": "bb64d7a7-091c-4137-a687-7e2730f981d8", "hostname": "CLIENT7", "id": "c35095e9-5f9f-4084-a651-3aaa2966847a", "name": "CLIENT7", "type": "winlogbeat", "version": "7.10.2"}, "ecs": {"version": "1.5.0"}, "event": {"action": "Process Create (rule: ProcessCreate)", "category": ["process"], "code": 1, "created": "2025-01-09T08:06:55.585Z", "kind": "event", "module": "sysmon", "provider": "Microsoft-Windows-Sysmon", "type": ["start", "process_start"]}, "hash": {"imphash": "f9bbd96fae53b7a31264a703cafa0666", "md5": "f586835082f632dc8d9404d83bc16316", "sha1": "010db07461e45b41c886192df6fd425ba8d42d82", "sha256": "643ec58e82e0272c97c2a59f6020970d881af19c0ad5029db9c958c13b6558c7"}, "host": {"name": "CLIENT7.breach.local"}, "log": {"level": "information"}, "process": {"args": ["C:\\Windows\\system32\\svchost.exe", "-k", "netsvcs", "-p", "-s", "UsoSvc"], "command_line": "C:\\Windows\\system32\\svchost.exe -k netsvcs -p -s UsoSvc", "entity_id": "{416dd0c5-8333-677f-7f00-000000001400}", "executable": "C:\\Windows\\System32\\svchost.exe", "hash": {"md5": "f586835082f632dc8d9404d83bc16316", "sha1": "010db07461e45b41c886192df6fd425ba8d42d82", "sha256": "643ec58e82e0272c97c2a59f6020970d881af19c0ad5029db9c958c13b6558c7"}, "name": "svchost.exe", "parent": {"args": ["C:\\Windows\\system32\\services.exe"], "command_line": "C:\\Windows\\system32\\services.exe", "entity_id": "{416dd0c5-8318-677f-0b00-000000001400}", "executable": "C:\\Windows\\System32\\services.exe", "name": "services.exe", "pid": 624}, "pe": {"imphash": "f9bbd96fae53b7a31264a703cafa0666"}, "pid": 1004, "working_directory": "C:\\Windows\\system32\\"}, "related": {"hash": ["010db07461e45b41c886192df6fd425ba8d42d82", "f586835082f632dc8d9404d83bc16316", "643ec58e82e0272c97c2a59f6020970d881af19c0ad5029db9c958c13b6558c7", "f9bbd96fae53b7a31264a703cafa0666"], "user": "SYSTEM"}, "user": {"domain": "NT AUTHORITY", "name": "SYSTEM"}, "winlog": {"api": "wineventlog", "channel": "Microsoft-Windows-Sysmon/Operational", "computer_name": "CLIENT7.breach.local", "event_data": {"Company": "Microsoft Corporation", "Description": "Host Process for Windows Services", "FileVersion": "10.0.19041.546 (WinBuild.160101.0800)", "IntegrityLevel": "System", "LogonGuid": "{416dd0c5-8318-677f-e703-000000000000}", "LogonId": "0x3e7", "OriginalFileName": "svchost.exe", "ParentUser": "NT AUTHORITY\\SYSTEM", "Product": "Microsoft\u00ae Windows\u00ae Operating System", "RuleName": "-", "TerminalSessionId": "0"}, "event_id": 1, "opcode": "Info", "process": {"pid": 2968, "thread": {"id": 3508}}, "provider_guid": "{5770385f-c22a-43e0-bf4c-06f5698ffbd9}", "provider_name": "Microsoft-Windows-Sysmon", "record_id": 3595961, "task": "Process Create (rule: ProcessCreate)", "user": {"domain": "NT AUTHORITY", "identifier": "S-1-5-18", "name": "SYSTEM", "type": "User"}, "version": 5}}
{"@timestamp": "2025-01-09T08:05:07.716Z", "agent": {"ephemeral_id": "bb64d7a7-091c-4137-a687-7e2730f981d8", "hostname": "CLIENT7", "id": "c35095e9-5f9f-4084-a651-3aaa2966847a", "name": "CLIENT7", "type": "winlogbeat", "version": "7.10.2"}, "ecs": {"version": "1.5.0"}, "event": {"action": "Process Create (rule: ProcessCreate)", "category": ["process"], "code": 1, "created": "2025-01-09T08:06:55.700Z", "kind": "event", "module": "sysmon", "provider": "Microsoft-Windows-Sysmon", "type": ["start", "process_start"]}, "hash": {"imphash": "72789abfbc08a24e6f6a23de50b7de6a", "md5": "c8a107dff42c8e0bbf45ceaa1056c1d7", "sha1": "9afebd55bb2bdd8cb722b0248e056c13c35c3c6d", "sha256": "33a1408db6d1246c53f4fddb4510c44caa0b0ee886b534dc263a36f29569bc06"}, "host": {"name": "CLIENT7.breach.local"}, "log": {"level": "information"}, "process": {"args": ["C:\\Windows\\System32\\mousocoreworker.exe", "-Embedding"], "command_line": "C:\\Windows\\System32\\mousocoreworker.exe -Embedding", "entity_id": "{416dd0c5-8333-677f-8000-000000001400}", "executable": "C:\\Windows\\System32\\MoUsoCoreWorker.exe", "hash": {"md5": "c8a107dff42c8e0bbf45ceaa1056c1d7", "sha1": "9afebd55bb2bdd8cb722b0248e056c13c35c3c6d", "sha256": "33a1408db6d1246c53f4fddb4510c44caa0b0ee886b534dc263a36f29569bc06"}, "name": "MoUsoCoreWorker.exe", "parent": {"args": ["C:\\Windows\\system32\\svchost.exe", "-k", "DcomLaunch", "-p"], "command_line": "C:\\Windows\\system32\\svchost.exe -k DcomLaunch -p", "entity_id": "{416dd0c5-8319-677f-0f00-000000001400}", "executable": "C:\\Windows\\System32\\svchost.exe", "name": "svchost.exe", "pid": 756}, "pe": {"imphash": "72789abfbc08a24e6f6a23de50b7de6a"}, "pid": 3308, "working_directory": "C:\\Windows\\system32\\"}, "related": {"hash": ["9afebd55bb2bdd8cb722b0248e056c13c35c3c6d", "c8a107dff42c8e0bbf45ceaa1056c1d7", "33a1408db6d1246c53f4fddb4510c44caa0b0ee886b534dc263a36f29569bc06", "72789abfbc08a24e6f6a23de50b7de6a"], "user": "SYSTEM"}, "user": {"domain": "NT AUTHORITY", "name": "SYSTEM"}, "winlog": {"api": "wineventlog", "channel": "Microsoft-Windows-Sysmon/Operational", "computer_name": "CLIENT7.breach.local", "event_data": {"Company": "Microsoft Corporation", "Description": "MoUSO Core Worker Process", "FileVersion": "10.0.19041.2304 (WinBuild.160101.0800)", "IntegrityLevel": "System", "LogonGuid": "{416dd0c5-8318-677f-e703-000000000000}", "LogonId": "0x3e7", "OriginalFileName": "MoUSOCoreWorker.exe", "ParentUser": "NT AUTHORITY\\SYSTEM", "Product": "Microsoft\u00ae Windows\u00ae Operating System", "RuleName": "-", "TerminalSessionId": "0"}, "event_id": 1, "opcode": "Info", "process": {"pid": 2968, "thread": {"id": 3508}}, "provider_guid": "{5770385f-c22a-43e0-bf4c-06f5698ffbd9}", "provider_name": "Microsoft-Windows-Sysmon", "record_id": 3596040, "task": "Process Create (rule: ProcessCreate)", "user": {"domain": "NT AUTHORITY", "identifier": "S-1-5-18", "name": "SYSTEM", "type": "User"}, "version": 5}}
{"@timestamp": "2025-01-09T08:05:07.824Z", "agent": {"ephemeral_id": "bb64d7a7-091c-4137-a687-7e2730f981d8", "hostname": "CLIENT7", "id": "c35095e9-5f9f-4084-a651-3aaa2966847a", "name": "CLIENT7", "type": "winlogbeat", "version": "7.10.2"}, "ecs": {"version": "1.5.0"}, "event": {"action": "Process Create (rule: ProcessCreate)", "category": ["process"], "code": 1, "created": "2025-01-09T08:06:55.710Z", "kind": "event", "module": "sysmon", "provider": "Microsoft-Windows-Sysmon", "type": ["start", "process_start"]}, "hash": {"imphash": "6dfbf12753af176e3c203c407493a5b9", "md5": "6ba094a754412b5deeb3951085a59dc2", "sha1": "cede0852922b98c824842b8ab132c53dd41ab3d8", "sha256": "f63ebbb6c6893ee5910623bd4b17b6c9180f42225f3e901b725e72f6825cbb6d"}, "host": {"name": "CLIENT7.breach.local"}, "log": {"level": "information"}, "process": {"args": ["C:\\Windows\\System32\\smartscreen.exe", "-Embedding"], "command_line": "C:\\Windows\\System32\\smartscreen.exe -Embedding", "entity_id": "{416dd0c5-8333-677f-8100-000000001400}", "executable": "C:\\Windows\\System32\\smartscreen.exe", "hash": {"md5": "6ba094a754412b5deeb3951085a59dc2", "sha1": "cede0852922b98c824842b8ab132c53dd41ab3d8", "sha256": "f63ebbb6c6893ee5910623bd4b17b6c9180f42225f3e901b725e72f6825cbb6d"}, "name": "smartscreen.exe", "parent": {"args": ["C:\\Windows\\system32\\svchost.exe", "-k", "DcomLaunch", "-p"], "command_line": "C:\\Windows\\system32\\svchost.exe -k DcomLaunch -p", "entity_id": "{416dd0c5-8319-677f-0f00-000000001400}", "executable": "C:\\Windows\\System32\\svchost.exe", "name": "svchost.exe", "pid": 756}, "pe": {"imphash": "6dfbf12753af176e3c203c407493a5b9"}, "pid": 6164, "working_directory": "C:\\Windows\\system32\\"}, "related": {"hash": ["cede0852922b98c824842b8ab132c53dd41ab3d8", "6ba094a754412b5deeb3951085a59dc2", "f63ebbb6c6893ee5910623bd4b17b6c9180f42225f3e901b725e72f6825cbb6d", "6dfbf12753af176e3c203c407493a5b9"], "user": "client7"}, "user": {"domain": "BREACH", "name": "client7"}, "winlog": {"api": "wineventlog", "channel": "Microsoft-Windows-Sysmon/Operational", "computer_name": "CLIENT7.breach.local", "event_data": {"Company": "Microsoft Corporation", "Description": "Windows Defender SmartScreen", "FileVersion": "10.0.19041.844 (WinBuild.160101.0800)", "IntegrityLevel": "Medium", "LogonGuid": "{416dd0c5-831f-677f-6df4-030000000000}", "LogonId": "0x3f46d", "OriginalFileName": "smartscreen.exe", "ParentUser": "NT AUTHORITY\\SYSTEM", "Product": "Microsoft\u00ae Windows\u00ae Operating System", "RuleName": "-", "TerminalSessionId": "1"}, "event_id": 1, "opcode": "Info", "process": {"pid": 2968, "thread": {"id": 3508}}, "provider_guid": "{5770385f-c22a-43e0-bf4c-06f5698ffbd9}", "provider_name": "Microsoft-Windows-Sysmon", "record_id": 3596090, "task": "Process Create (rule: ProcessCreate)", "user": {"domain": "NT AUTHORITY", "identifier": "S-1-5-18", "name": "SYSTEM", "type": "User"}, "version": 5}}
{"@timestamp": "2025-01-09T08:05:08.094Z", "agent": {"ephemeral_id": "bb64d7a7-091c-4137-a687-7e2730f981d8", "hostname": "CLIENT7", "id": "c35095e9-5f9f-4084-a651-3aaa2966847a", "name": "CLIENT7", "type": "winlogbeat", "version": "7.10.2"}, "ecs": {"version": "1.5.0"}, "event": {"action": "Process Create (rule: ProcessCreate)", "category": ["process"], "code": 1, "created": "2025-01-09T08:06:55.839Z", "kind": "event", "module": "sysmon", "provider": "Microsoft-Windows-Sysmon", "type": ["start", "process_start"]}, "hash": {"imphash": "e6b44b525767f585eb30f35172497cb0", "md5": "783c99afd4c2ae6950fa5694389d2cfa", "sha1": "d79d21f4d6741f83fb98fdcf8d06fe8c5d78a799", "sha256": "570b37a7a3ffdafcceccc33cbc1968feb857b73ca3cb4dffedc2e67e9abd0878"}, "host": {"name": "CLIENT7.breach.local"}, "log": {"level": "information"}, "process": {"args": ["C:\\Windows\\System32\\SecurityHealthSystray.exe"], "command_line": "\"C:\\Windows\\System32\\SecurityHealthSystray.exe\" ", "entity_id": "{416dd0c5-8334-677f-8200-000000001400}", "executable": "C:\\Windows\\System32\\SecurityHealthSystray.exe", "hash": {"md5": "783c99afd4c2ae6950fa5694389d2cfa", "sha1": "d79d21f4d6741f83fb98fdcf8d06fe8c5d78a799", "sha256": "570b37a7a3ffdafcceccc33cbc1968feb857b73ca3cb4dffedc2e67e9abd0878"}, "name": "SecurityHealthSystray.exe", "parent": {"args": ["C:\\Windows\\Explorer.EXE"], "command_line": "C:\\Windows\\Explorer.EXE", "entity_id": "{416dd0c5-8323-677f-6500-000000001400}", "executable": "C:\\Windows\\explorer.exe", "name": "explorer.exe", "pid": 4600}, "pe": {"imphash": "e6b44b525767f585eb30f35172497cb0"}, "pid": 6248, "working_directory": "C:\\Windows\\system32\\"}, "related": {"hash": ["d79d21f4d6741f83fb98fdcf8d06fe8c5d78a799", "783c99afd4c2ae6950fa5694389d2cfa", "570b37a7a3ffdafcceccc33cbc1968feb857b73ca3cb4dffedc2e67e9abd0878", "e6b44b525767f585eb30f35172497cb0"], "user": "client7"}, "user": {"domain": "BREACH", "name": "client7"}, "winlog": {"api": "wineventlog", "channel": "Microsoft-Windows-Sysmon/Operational", "computer_name": "CLIENT7.breach.local", "event_data": {"Company": "Microsoft Corporation", "Description": "Windows Security notification icon", "FileVersion": "10.0.19041.1 (WinBuild.160101.0800)", "IntegrityLevel": "Medium", "LogonGuid": "{416dd0c5-831f-677f-6df4-030000000000}", "LogonId": "0x3f46d", "OriginalFileName": "SecurityHealthSystray.exe", "ParentUser": "BREACH\\client7", "Product": "Microsoft\u00ae Windows\u00ae Operating System", "RuleName": "-", "TerminalSessionId": "1"}, "event_id": 1, "opcode": "Info", "process": {"pid": 2968, "thread": {"id": 3508}}, "provider_guid": "{5770385f-c22a-43e0-bf4c-06f5698ffbd9}", "provider_name": "Microsoft-Windows-Sysmon", "record_id": 3596216, "task": "Process Create (rule: ProcessCreate)", "user": {"domain": "NT AUTHORITY", "identifier": "S-1-5-18", "name": "SYSTEM", "type": "User"}, "version": 5}}
{"@timestamp": "2025-01-09T08:05:08.277Z", "agent": {"ephemeral_id": "bb64d7a7-091c-4137-a687-7e2730f981d8", "hostname": "CLIENT7", "id": "c35095e9-5f9f-4084-a651-3aaa2966847a", "name": "CLIENT7", "type": "winlogbeat", "version": "7.10.2"}, "ecs": {"version": "1.5.0"}, "event": {"action": "Logon", "code": 4624, "created": "2025-01-09T08:06:46.112Z", "kind": "event", "outcome": "success", "provider": "Microsoft-Windows-Security-Auditing"}, "host": {"name": "CLIENT7.breach.local"}, "log": {"level": "information"}, "winlog": {"activity_id": "{1f013968-626d-0000-f339-011f6d62db01}", "api": "wineventlog", "channel": "Security", "computer_name": "CLIENT7.breach.local", "event_data": {"AuthenticationPackageName": "Negotiate", "ElevatedToken": "%%1842", "ImpersonationLevel": "%%1833", "IpAddress": "-", "IpPort": "-", "KeyLength": "0", "LmPackageName": "-", "LogonGuid": "{00000000-0000-0000-0000-000000000000}", "LogonProcessName": "Advapi  ", "LogonType": "5", "ProcessId": "0x270", "ProcessName": "C:\\Windows\\System32\\services.exe", "RestrictedAdminMode": "-", "SubjectDomainName": "BREACH", "SubjectLogonId": "0x3e7", "SubjectUserName": "CLIENT7$", "SubjectUserSid": "S-1-5-18", "TargetDomainName": "NT AUTHORITY", "TargetLinkedLogonId": "0x0", "TargetLogonId": "0x3e7", "TargetOutboundDomainName": "-", "TargetOutboundUserName": "-", "TargetUserName": "SYSTEM", "TargetUserSid": "S-1-5-18", "TransmittedServices": "-", "VirtualAccount": "%%1843", "WorkstationName": "-"}, "event_id": 4624, "keywords": ["Audit Success"], "opcode": "Info", "process": {"pid": 636, "thread": {"id": 696}}, "provider_guid": "{54849625-5478-4994-a5ba-3e3b0328c30d}", "provider_name": "Microsoft-Windows-Security-Auditing", "record_id": 28912, "task": "Logon", "version": 2}}
{"@timestamp": "2025-01-09T08:05:08.277Z", "agent": {"ephemeral_id": "bb64d7a7-091c-4137-a687-7e2730f981d8", "hostname": "CLIENT7", "id": "c35095e9-5f9f-4084-a651-3aaa2966847a", "name": "CLIENT7", "type": "winlogbeat", "version": "7.10.2"}, "ecs": {"version": "1.5.0"}, "event": {"action": "Special Logon", "code": 4672, "created": "2025-01-09T08:06:46.112Z", "kind": "event", "outcome": "success", "provider": "Microsoft-Windows-Security-Auditing"}, "host": {"name": "CLIENT7.breach.local"}, "log": {"level": "information"}, "winlog": {"activity_id": "{1f013968-626d-0000-f339-011f6d62db01}", "api": "wineventlog", "channel": "Security", "computer_name": "CLIENT7.breach.local", "event_data": {"PrivilegeList": "SeAssignPrimaryTokenPrivilege\n\t\t\tSeTcbPrivilege\n\t\t\tSeSecurityPrivilege\n\t\t\tSeTakeOwnershipPrivilege\n\t\t\tSeLoadDriverPrivilege\n\t\t\tSeBackupPrivilege\n\t\t\tSeRestorePrivilege\n\t\t\tSeDebugPrivilege\n\t\t\tSeAuditPrivilege\n\t\t\tSeSystemEnvironmentPrivilege\n\t\t\tSeImpersonatePrivilege\n\t\t\tSeDelegateSessionUserImpersonatePrivilege", "SubjectDomainName": "NT AUTHORITY", "SubjectLogonId": "0x3e7", "SubjectUserName": "SYSTEM", "SubjectUserSid": "S-1-5-18"}, "event_id": 4672, "keywords": ["Audit Success"], "opcode": "Info", "process": {"pid": 636, "thread": {"id": 696}}, "provider_guid": "{54849625-5478-4994-a5ba-3e3b0328c30d}", "provider_name": "Microsoft-Windows-Security-Auditing", "record_id": 28913, "task": "Special Logon"}}
{"@timestamp": "2025-01-09T08:05:08.279Z", "agent": {"ephemeral_id": "bb64d7a7-091c-4137-a687-7e2730f981d8", "hostname": "CLIENT7", "id": "c35095e9-5f9f-4084-a651-3aaa2966847a", "name": "CLIENT7", "type": "winlogbeat", "version": "7.10.2"}, "ecs": {"version": "1.5.0"}, "event": {"action": "Process Create (rule: ProcessCreate)", "category": ["process"], "code": 1, "created": "2025-01-09T08:06:55.949Z", "kind": "event", "module": "sysmon", "provider": "Microsoft-Windows-Sysmon", "type": ["start", "process_start"]}, "hash": {"imphash": "2601842f772c1f9aba3aad89180d20e0", "md5": "1f0029582377be4e72a4e188360d9391", "sha1": "27a816aff0b830b3a952bdf0bc92c927237741b8", "sha256": "0385aa4aeacb37e4cfc3b615f1b72a98533cb70e1d2b096145ee6d0983fa47ea"}, "host": {"name": "CLIENT7.breach.local"}, "log": {"level": "information"}, "process": {"args": ["C:\\Windows\\system32\\SecurityHealthService.exe"], "command_line": "C:\\Windows\\system32\\SecurityHealthService.exe", "entity_id": "{416dd0c5-8334-677f-8300-000000001400}", "executable": "C:\\Windows\\System32\\SecurityHealthService.exe", "hash": {"md5": "1f0029582377be4e72a4e188360d9391", "sha1": "27a816aff0b830b3a952bdf0bc92c927237741b8", "sha256": "0385aa4aeacb37e4cfc3b615f1b72a98533cb70e1d2b096145ee6d0983fa47ea"}, "name": "SecurityHealthService.exe", "parent": {"args": ["C:\\Windows\\system32\\services.exe"], "command_line": "C:\\Windows\\system32\\services.exe", "entity_id": "{416dd0c5-8318-677f-0b00-000000001400}", "executable": "C:\\Windows\\System32\\services.exe", "name": "services.exe", "pid": 624}, "pe": {"imphash": "2601842f772c1f9aba3aad89180d20e0"}, "pid": 6284, "working_directory": "C:\\Windows\\system32\\"}, "related": {"hash": ["27a816aff0b830b3a952bdf0bc92c927237741b8", "1f0029582377be4e72a4e188360d9391", "0385aa4aeacb37e4cfc3b615f1b72a98533cb70e1d2b096145ee6d0983fa47ea", "2601842f772c1f9aba3aad89180d20e0"], "user": "SYSTEM"}, "user": {"domain": "NT AUTHORITY", "name": "SYSTEM"}, "winlog": {"api": "wineventlog", "channel": "Microsoft-Windows-Sysmon/Operational", "computer_name": "CLIENT7.breach.local", "event_data": {"Company": "Microsoft Corporation", "Description": "Windows Security Health Service", "FileVersion": "4.18.1907.16384 (WinBuild.160101.0800)", "IntegrityLevel": "System", "LogonGuid": "{416dd0c5-8318-677f-e703-000000000000}", "LogonId": "0x3e7", "OriginalFileName": "SecurityHealthService.exe", "ParentUser": "NT AUTHORITY\\SYSTEM", "Product": "Microsoft\u00ae Windows\u00ae Operating System", "RuleName": "-", "TerminalSessionId": "0"}, "event_id": 1, "opcode": "Info", "process": {"pid": 2968, "thread": {"id": 3508}}, "provider_guid": "{5770385f-c22a-43e0-bf4c-06f5698ffbd9}", "provider_name": "Microsoft-Windows-Sysmon", "record_id": 3596273, "task": "Process Create (rule: ProcessCreate)", "user": {"domain": "NT AUTHORITY", "identifier": "S-1-5-18", "name": "SYSTEM", "type": "User"}, "version": 5}}
{"@timestamp": "2025-01-09T08:05:08.711Z", "agent": {"ephemeral_id": "bb64d7a7-091c-4137-a687-7e2730f981d8", "hostname": "CLIENT7", "id": "c35095e9-5f9f-4084-a651-3aaa2966847a", "name": "CLIENT7", "type": "winlogbeat", "version": "7.10.2"}, "ecs": {"version": "1.5.0"}, "event": {"action": "Process Create (rule: ProcessCreate)", "category": ["process"], "code": 1, "created": "2025-01-09T08:06:56.172Z", "kind": "event", "module": "sysmon", "provider": "Microsoft-Windows-Sysmon", "type": ["start", "process_start"]}, "hash": {"imphash": "a2ea0370b3d8a85f2420b45b27834f26", "md5": "9d9aee4439369c69a359f020bc1e6b11", "sha1": "d4b4462e7729632b02aabe2ce26634356434e50c", "sha256": "9d61e99b64b6c322236618aa21b4e9e645c06cd2132c53154d0d65327fade545"}, "host": {"name": "CLIENT7.breach.local"}, "log": {"level": "information"}, "process": {"args": ["C:\\Users\\client7\\AppData\\Local\\Microsoft\\OneDrive\\OneDrive.exe", "/background"], "command_line": "\"C:\\Users\\client7\\AppData\\Local\\Microsoft\\OneDrive\\OneDrive.exe\" /background", "entity_id": "{416dd0c5-8334-677f-8400-000000001400}", "executable": "C:\\Users\\client7\\AppData\\Local\\Microsoft\\OneDrive\\OneDrive.exe", "hash": {"md5": "9d9aee4439369c69a359f020bc1e6b11", "sha1": "d4b4462e7729632b02aabe2ce26634356434e50c", "sha256": "9d61e99b64b6c322236618aa21b4e9e645c06cd2132c53154d0d65327fade545"}, "name": "OneDrive.exe", "parent": {"args": ["C:\\Windows\\Explorer.EXE"], "command_line": "C:\\Windows\\Explorer.EXE", "entity_id": "{416dd0c5-8323-677f-6500-000000001400}", "executable": "C:\\Windows\\explorer.exe", "name": "explorer.exe", "pid": 4600}, "pe": {"imphash": "a2ea0370b3d8a85f2420b45b27834f26"}, "pid": 6372, "working_directory": "C:\\Windows\\system32\\"}, "related": {"hash": ["d4b4462e7729632b02aabe2ce26634356434e50c", "9d9aee4439369c69a359f020bc1e6b11", "9d61e99b64b6c322236618aa21b4e9e645c06cd2132c53154d0d65327fade545", "a2ea0370b3d8a85f2420b45b27834f26"], "user": "client7"}, "user": {"domain": "BREACH", "name": "client7"}, "winlog": {"api": "wineventlog", "channel": "Microsoft-Windows-Sysmon/Operational", "computer_name": "CLIENT7.breach.local", "event_data": {"Company": "Microsoft Corporation", "Description": "Microsoft OneDrive", "FileVersion": "24.226.1110.0004", "IntegrityLevel": "Medium", "LogonGuid": "{416dd0c5-831f-677f-6df4-030000000000}", "LogonId": "0x3f46d", "OriginalFileName": "OneDrive.exe", "ParentUser": "BREACH\\client7", "Product": "Microsoft OneDrive", "RuleName": "-", "TerminalSessionId": "1"}, "event_id": 1, "opcode": "Info", "process": {"pid": 2968, "thread": {"id": 3508}}, "provider_guid": "{5770385f-c22a-43e0-bf4c-06f5698ffbd9}", "provider_name": "Microsoft-Windows-Sysmon", "record_id": 3596445, "task": "Process Create (rule: ProcessCreate)", "user": {"domain": "NT AUTHORITY", "identifier": "S-1-5-18", "name": "SYSTEM", "type": "User"}, "version": 5}}
{"@timestamp": "2025-01-09T08:05:09.693Z", "agent": {"ephemeral_id": "bb64d7a7-091c-4137-a687-7e2730f981d8", "hostname": "CLIENT7", "id": "c35095e9-5f9f-4084-a651-3aaa2966847a", "name": "CLIENT7", "type": "winlogbeat", "version": "7.10.2"}, "ecs": {"version": "1.5.0"}, "event": {"action": "Process Create (rule: ProcessCreate)", "category": ["process"], "code": 1, "created": "2025-01-09T08:06:56.182Z", "kind": "event", "module": "sysmon", "provider": "Microsoft-Windows-Sysmon", "type": ["start", "process_start"]}, "hash": {"imphash": "e760f31395e6cb76299e1e7509628c6f", "md5": "6b7a2ddfaf19120270b23d4a83d65ab8", "sha1": "8fe3afd43027b1d3b0e5c1269ee7474a10b2fc95", "sha256": "13d9f5beb09bc1ffcfffb336db16e624cb01180aea483a2fc2babddd91575476"}, "host": {"name": "CLIENT7.breach.local"}, "log": {"level": "information"}, "process": {"args": ["C:\\Users\\client7\\AppData\\Local\\Microsoft\\OneDrive\\24.226.1110.0004\\FileCoAuth.exe", "-Embedding"], "command_line": "\"C:\\Users\\client7\\AppData\\Local\\Microsoft\\OneDrive\\24.226.1110.0004\\FileCoAuth.exe\" -Embedding", "entity_id": "{416dd0c5-8335-677f-8500-000000001400}", "executable": "C:\\Users\\client7\\AppData\\Local\\Microsoft\\OneDrive\\24.226.1110.0004\\FileCoAuth.exe", "hash": {"md5": "6b7a2ddfaf19120270b23d4a83d65ab8", "sha1": "8fe3afd43027b1d3b0e5c1269ee7474a10b2fc95", "sha256": "13d9f5beb09bc1ffcfffb336db16e624cb01180aea483a2fc2babddd91575476"}, "name": "FileCoAuth.exe", "parent": {"args": ["C:\\Windows\\system32\\svchost.exe", "-k", "DcomLaunch", "-p"], "command_line": "C:\\Windows\\system32\\svchost.exe -k DcomLaunch -p", "entity_id": "{416dd0c5-8319-677f-0f00-000000001400}", "executable": "C:\\Windows\\System32\\svchost.exe", "name": "svchost.exe", "pid": 756}, "pe": {"imphash": "e760f31395e6cb76299e1e7509628c6f"}, "pid": 6480, "working_directory": "C:\\Windows\\system32\\"}, "related": {"hash": ["8fe3afd43027b1d3b0e5c1269ee7474a10b2fc95", "6b7a2ddfaf19120270b23d4a83d65ab8", "13d9f5beb09bc1ffcfffb336db16e624cb01180aea483a2fc2babddd91575476", "e760f31395e6cb76299e1e7509628c6f"], "user": "client7"}, "user": {"domain": "BREACH", "name": "client7"}, "winlog": {"api": "wineventlog", "channel": "Microsoft-Windows-Sysmon/Operational", "computer_name": "CLIENT7.breach.local", "event_data": {"Company": "Microsoft Corporation", "Description": "Microsoft OneDriveFile Co-Authoring Executable", "FileVersion": "24.226.1110.0004", "IntegrityLevel": "Medium", "LogonGuid": "{416dd0c5-831f-677f-6df4-030000000000}", "LogonId": "0x3f46d", "OriginalFileName": "FileCoAuth.exe", "ParentUser": "NT AUTHORITY\\SYSTEM", "Product": "Microsoft OneDrive", "RuleName": "-", "TerminalSessionId": "1"}, "event_id": 1, "opcode": "Info", "process": {"pid": 2968, "thread": {"id": 3508}}, "provider_guid": "{5770385f-c22a-43e0-bf4c-06f5698ffbd9}", "provider_name": "Microsoft-Windows-Sysmon", "record_id": 3596525, "task": "Process Create (rule: ProcessCreate)", "user": {"domain": "NT AUTHORITY", "identifier": "S-1-5-18", "name": "SYSTEM", "type": "User"}, "version": 5}}
{"@timestamp": "2025-01-09T08:05:10.523Z", "agent": {"ephemeral_id": "bb64d7a7-091c-4137-a687-7e2730f981d8", "hostname": "CLIENT7", "id": "c35095e9-5f9f-4084-a651-3aaa2966847a", "name": "CLIENT7", "type": "winlogbeat", "version": "7.10.2"}, "ecs": {"version": "1.5.0"}, "event": {"action": "Process Create (rule: ProcessCreate)", "category": ["process"], "code": 1, "created": "2025-01-09T08:06:56.295Z", "kind": "event", "module": "sysmon", "provider": "Microsoft-Windows-Sysmon", "type": ["start", "process_start"]}, "hash": {"imphash": "d2acf1cbc4a6db14a34c687b9362d66b", "md5": "da7063b17dbb8bbb3015351016868006", "sha1": "c6e63c7aae9c4e07e15c1717872c0c73f3d4fb09", "sha256": "20330d3ca71d58f4aeb432676cb6a3d5b97005954e45132fb083e90782efdd50"}, "host": {"name": "CLIENT7.breach.local"}, "log": {"level": "information"}, "process": {"args": ["C:\\Windows\\system32\\BackgroundTaskHost.exe", "-ServerName:BackgroundTaskHost.WebAccountProvider"], "command_line": "\"C:\\Windows\\system32\\BackgroundTaskHost.exe\" -ServerName:BackgroundTaskHost.WebAccountProvider", "entity_id": "{416dd0c5-8336-677f-8600-000000001400}", "executable": "C:\\Windows\\System32\\backgroundTaskHost.exe", "hash": {"md5": "da7063b17dbb8bbb3015351016868006", "sha1": "c6e63c7aae9c4e07e15c1717872c0c73f3d4fb09", "sha256": "20330d3ca71d58f4aeb432676cb6a3d5b97005954e45132fb083e90782efdd50"}, "name": "backgroundTaskHost.exe", "parent": {"args": ["C:\\Windows\\system32\\svchost.exe", "-k", "DcomLaunch", "-p"], "command_line": "C:\\Windows\\system32\\svchost.exe -k DcomLaunch -p", "entity_id": "{416dd0c5-8319-677f-0f00-000000001400}", "executable": "C:\\Windows\\System32\\svchost.exe", "name": "svchost.exe", "pid": 756}, "pe": {"imphash": "d2acf1cbc4a6db14a34c687b9362d66b"}, "pid": 6608, "working_directory": "C:\\Windows\\SystemApps\\Microsoft.AAD.BrokerPlugin_cw5n1h2txyewy\\"}, "related": {"hash": ["c6e63c7aae9c4e07e15c1717872c0c73f3d4fb09", "da7063b17dbb8bbb3015351016868006", "20330d3ca71d58f4aeb432676cb6a3d5b97005954e45132fb083e90782efdd50", "d2acf1cbc4a6db14a34c687b9362d66b"], "user": "client7"}, "user": {"domain": "BREACH", "name": "client7"}, "winlog": {"api": "wineventlog", "channel": "Microsoft-Windows-Sysmon/Operational", "computer_name": "CLIENT7.breach.local", "event_data": {"Company": "Microsoft Corporation", "Description": "Background Task Host", "FileVersion": "10.0.19041.546 (WinBuild.160101.0800)", "IntegrityLevel": "AppContainer", "LogonGuid": "{416dd0c5-831f-677f-6df4-030000000000}", "LogonId": "0x3f46d", "OriginalFileName": "backgroundTaskHost.exe", "ParentUser": "NT AUTHORITY\\SYSTEM", "Product": "Microsoft\u00ae Windows\u00ae Operating System", "RuleName": "-", "TerminalSessionId": "1"}, "event_id": 1, "opcode": "Info", "process": {"pid": 2968, "thread": {"id": 3508}}, "provider_guid": "{5770385f-c22a-43e0-bf4c-06f5698ffbd9}", "provider_name": "Microsoft-Windows-Sysmon", "record_id": 3596627, "task": "Process Create (rule: ProcessCreate)", "user": {"domain": "NT AUTHORITY", "identifier": "S-1-5-18", "name": "SYSTEM", "type": "User"}, "version": 5}}
{"@timestamp": "2025-01-09T08:05:11.495Z", "agent": {"ephemeral_id": "bb64d7a7-091c-4137-a687-7e2730f981d8", "hostname": "CLIENT7", "id": "c35095e9-5f9f-4084-a651-3aaa2966847a", "name": "CLIENT7", "type": "winlogbeat", "version": "7.10.2"}, "ecs": {"version": "1.5.0"}, "event": {"action": "Process Create (rule: ProcessCreate)", "category": ["process"], "code": 1, "created": "2025-01-09T08:06:56.668Z", "kind": "event", "module": "sysmon", "provider": "Microsoft-Windows-Sysmon", "type": ["start", "process_start"]}, "hash": {"imphash": "3a0c6863cde566af997db2defff9d924", "md5": "564e4806ab18f93b93d551cd10c1598e", "sha1": "fed4b4a753a9541389aa670c69e624be07569ccd", "sha256": "0322728dbce3a577c4a13b907ad7375d27e74880b63f7371384f67d19197a0ad"}, "host": {"name": "CLIENT7.breach.local"}, "log": {"level": "information"}, "process": {"args": ["taskhostw.exe"], "command_line": "taskhostw.exe", "entity_id": "{416dd0c5-8337-677f-8700-000000001400}", "executable": "C:\\Windows\\System32\\taskhostw.exe", "hash": {"md5": "564e4806ab18f93b93d551cd10c1598e", "sha1": "fed4b4a753a9541389aa670c69e624be07569ccd", "sha256": "0322728dbce3a577c4a13b907ad7375d27e74880b63f7371384f67d19197a0ad"}, "name": "taskhostw.exe", "parent": {"args": ["C:\\Windows\\system32\\svchost.exe", "-k", "netsvcs", "-p", "-s", "Schedule"], "command_line": "C:\\Windows\\system32\\svchost.exe -k netsvcs -p -s Schedule", "entity_id": "{416dd0c5-831a-677f-1d00-000000001400}", "executable": "C:\\Windows\\System32\\svchost.exe", "name": "svchost.exe", "pid": 1252}, "pe": {"imphash": "3a0c6863cde566af997db2defff9d924"}, "pid": 6688, "working_directory": "C:\\Windows\\system32\\"}, "related": {"hash": ["fed4b4a753a9541389aa670c69e624be07569ccd", "564e4806ab18f93b93d551cd10c1598e", "0322728dbce3a577c4a13b907ad7375d27e74880b63f7371384f67d19197a0ad", "3a0c6863cde566af997db2defff9d924"], "user": "SYSTEM"}, "user": {"domain": "NT AUTHORITY", "name": "SYSTEM"}, "winlog": {"api": "wineventlog", "channel": "Microsoft-Windows-Sysmon/Operational", "computer_name": "CLIENT7.breach.local", "event_data": {"Company": "Microsoft Corporation", "Description": "Host Process for Windows Tasks", "FileVersion": "10.0.19041.906 (WinBuild.160101.0800)", "IntegrityLevel": "System", "LogonGuid": "{416dd0c5-8318-677f-e703-000000000000}", "LogonId": "0x3e7", "OriginalFileName": "taskhostw.exe", "ParentUser": "NT AUTHORITY\\SYSTEM", "Product": "Microsoft\u00ae Windows\u00ae Operating System", "RuleName": "-", "TerminalSessionId": "0"}, "event_id": 1, "opcode": "Info", "process": {"pid": 2968, "thread": {"id": 3508}}, "provider_guid": "{5770385f-c22a-43e0-bf4c-06f5698ffbd9}", "provider_name": "Microsoft-Windows-Sysmon", "record_id": 3596856, "task": "Process Create (rule: ProcessCreate)", "user": {"domain": "NT AUTHORITY", "identifier": "S-1-5-18", "name": "SYSTEM", "type": "User"}, "version": 5}}
{"@timestamp": "2025-01-09T08:05:12.099Z", "agent": {"ephemeral_id": "bb64d7a7-091c-4137-a687-7e2730f981d8", "hostname": "CLIENT7", "id": "c35095e9-5f9f-4084-a651-3aaa2966847a", "name": "CLIENT7", "type": "winlogbeat", "version": "7.10.2"}, "ecs": {"version": "1.5.0"}, "event": {"action": "Process Create (rule: ProcessCreate)", "category": ["process"], "code": 1, "created": "2025-01-09T08:06:56.792Z", "kind": "event", "module": "sysmon", "provider": "Microsoft-Windows-Sysmon", "type": ["start", "process_start"]}, "hash": {"imphash": "ad7f9ff385f2ac79d492abbee0b86cd6", "md5": "36b7362f96427168eb66c692c65a1582", "sha1": "0a9e517d93a94245c765be2205ee71f079dfff76", "sha256": "05deac8d5c4add3c6aff545944965abac2ce1e4fc3dcd1cd2528c101eed1b0f5"}, "host": {"name": "CLIENT7.breach.local"}, "log": {"level": "information"}, "process": {"args": ["C:\\Program Files (x86)\\Microsoft\\Edge\\Application\\msedge.exe", "--no-startup-window", "--win-session-start"], "command_line": "\"C:\\Program Files (x86)\\Microsoft\\Edge\\Application\\msedge.exe\" --no-startup-window --win-session-start", "entity_id": "{416dd0c5-8338-677f-8800-000000001400}", "executable": "C:\\Program Files (x86)\\Microsoft\\Edge\\Application\\msedge.exe", "hash": {"md5": "36b7362f96427168eb66c692c65a1582", "sha1": "0a9e517d93a94245c765be2205ee71f079dfff76", "sha256": "05deac8d5c4add3c6aff545944965abac2ce1e4fc3dcd1cd2528c101eed1b0f5"}, "name": "msedge.exe", "parent": {"args": ["C:\\Windows\\Explorer.EXE"], "command_line": "C:\\Windows\\Explorer.EXE", "entity_id": "{416dd0c5-8323-677f-6500-000000001400}", "executable": "C:\\Windows\\explorer.exe", "name": "explorer.exe", "pid": 4600}, "pe": {"imphash": "ad7f9ff385f2ac79d492abbee0b86cd6"}, "pid": 6744, "working_directory": "C:\\Windows\\system32\\"}, "related": {"hash": ["0a9e517d93a94245c765be2205ee71f079dfff76", "36b7362f96427168eb66c692c65a1582", "05deac8d5c4add3c6aff545944965abac2ce1e4fc3dcd1cd2528c101eed1b0f5", "ad7f9ff385f2ac79d492abbee0b86cd6"], "user": "client7"}, "user": {"domain": "BREACH", "name": "client7"}, "winlog": {"api": "wineventlog", "channel": "Microsoft-Windows-Sysmon/Operational", "computer_name": "CLIENT7.breach.local", "event_data": {"Company": "Microsoft Corporation", "Description": "Microsoft Edge", "FileVersion": "131.0.2903.112", "IntegrityLevel": "Medium", "LogonGuid": "{416dd0c5-831f-677f-6df4-030000000000}", "LogonId": "0x3f46d", "OriginalFileName": "msedge.exe", "ParentUser": "BREACH\\client7", "Product": "Microsoft Edge", "RuleName": "-", "TerminalSessionId": "1"}, "event_id": 1, "opcode": "Info", "process": {"pid": 2968, "thread": {"id": 3508}}, "provider_guid": "{5770385f-c22a-43e0-bf4c-06f5698ffbd9}", "provider_name": "Microsoft-Windows-Sysmon", "record_id": 3597015, "task": "Process Create (rule: ProcessCreate)", "user": {"domain": "NT AUTHORITY", "identifier": "S-1-5-18", "name": "SYSTEM", "type": "User"}, "version": 5}}
{"@timestamp": "2025-01-09T08:05:13.023Z", "agent": {"ephemeral_id": "bb64d7a7-091c-4137-a687-7e2730f981d8", "hostname": "CLIENT7", "id": "c35095e9-5f9f-4084-a651-3aaa2966847a", "name": "CLIENT7", "type": "winlogbeat", "version": "7.10.2"}, "ecs": {"version": "1.5.0"}, "event": {"action": "Process Create (rule: ProcessCreate)", "category": ["process"], "code": 1, "created": "2025-01-09T08:06:56.892Z", "kind": "event", "module": "sysmon", "provider": "Microsoft-Windows-Sysmon", "type": ["start", "process_start"]}, "hash": {"imphash": "dc700048f0388c95c31ea9bb08ddc687", "md5": "8e7bc51f0939a5c88c19b95ce914171b", "sha1": "2fd6d701c527155ae576b9e0c4797f1c6536982b", "sha256": "feffe472b21d056d72a45e6805e4474c7b06958aa42332ad845feab1c50eb33a"}, "host": {"name": "CLIENT7.breach.local"}, "log": {"level": "information"}, "process": {"args": ["C:\\Windows\\System32\\sihclient.exe", "/cv", "FIoWWqi8QUKjzmbeDXFUGA.0.2"], "command_line": "C:\\Windows\\System32\\sihclient.exe  /cv FIoWWqi8QUKjzmbeDXFUGA.0.2", "entity_id": "{416dd0c5-8339-677f-8900-000000001400}", "executable": "C:\\Windows\\System32\\SIHClient.exe", "hash": {"md5": "8e7bc51f0939a5c88c19b95ce914171b", "sha1": "2fd6d701c527155ae576b9e0c4797f1c6536982b", "sha256": "feffe472b21d056d72a45e6805e4474c7b06958aa42332ad845feab1c50eb33a"}, "name": "SIHClient.exe", "parent": {"args": ["C:\\Windows\\System32\\Upfc.exe", "/launchtype", "boot", "/cv", "FIoWWqi8QUKjzmbeDXFUGA.0"], "command_line": "C:\\Windows\\System32\\Upfc.exe /launchtype boot /cv FIoWWqi8QUKjzmbeDXFUGA.0", "entity_id": "{416dd0c5-831a-677f-2700-000000001400}", "executable": "C:\\Windows\\System32\\upfc.exe", "name": "upfc.exe", "pid": 1716}, "pe": {"imphash": "dc700048f0388c95c31ea9bb08ddc687"}, "pid": 6768, "working_directory": "C:\\Windows\\system32\\"}, "related": {"hash": ["2fd6d701c527155ae576b9e0c4797f1c6536982b", "8e7bc51f0939a5c88c19b95ce914171b", "feffe472b21d056d72a45e6805e4474c7b06958aa42332ad845feab1c50eb33a", "dc700048f0388c95c31ea9bb08ddc687"], "user": "SYSTEM"}, "user": {"domain": "NT AUTHORITY", "name": "SYSTEM"}, "winlog": {"api": "wineventlog", "channel": "Microsoft-Windows-Sysmon/Operational", "computer_name": "CLIENT7.breach.local", "event_data": {"Company": "Microsoft Corporation", "Description": "SIH Client", "FileVersion": "10.0.19041.2304 (WinBuild.160101.0800)", "IntegrityLevel": "System", "LogonGuid": "{416dd0c5-8318-677f-e703-000000000000}", "LogonId": "0x3e7", "OriginalFileName": "sihclient.exe", "ParentUser": "NT AUTHORITY\\SYSTEM", "Product": "Microsoft\u00ae Windows\u00ae Operating System", "RuleName": "-", "TerminalSessionId": "0"}, "event_id": 1, "opcode": "Info", "process": {"pid": 2968, "thread": {"id": 3508}}, "provider_guid": "{5770385f-c22a-43e0-bf4c-06f5698ffbd9}", "provider_name": "Microsoft-Windows-Sysmon", "record_id": 3597070, "task": "Process Create (rule: ProcessCreate)", "user": {"domain": "NT AUTHORITY", "identifier": "S-1-5-18", "name": "SYSTEM", "type": "User"}, "version": 5}}
{"@timestamp": "2025-01-09T08:05:13.084Z", "agent": {"ephemeral_id": "bb64d7a7-091c-4137-a687-7e2730f981d8", "hostname": "CLIENT7", "id": "c35095e9-5f9f-4084-a651-3aaa2966847a", "name": "CLIENT7", "type": "winlogbeat", "version": "7.10.2"}, "ecs": {"version": "1.5.0"}, "event": {"action": "Process Create (rule: ProcessCreate)", "category": ["process"], "code": 1, "created": "2025-01-09T08:06:56.893Z", "kind": "event", "module": "sysmon", "provider": "Microsoft-Windows-Sysmon", "type": ["start", "process_start"]}, "hash": {"imphash": "97cc98db681cf599b4f85d3b9cf8a780", "md5": "7430ccc7226a6ff76b6d55b96f6ce53c", "sha1": "49b01fd1a1590320332c8c766c098bae6b1c01dd", "sha256": "0babaeacf9d0aa4e6fbea6943b9916425746fb702b6501c47f4470fd195836af"}, "host": {"name": "CLIENT7.breach.local"}, "log": {"level": "information"}, "process": {"args": ["C:\\Windows\\SysWOW64\\runonce.exe", "/Run6432"], "command_line": "C:\\Windows\\SysWOW64\\runonce.exe /Run6432", "entity_id": "{416dd0c5-8339-677f-8a00-000000001400}", "executable": "C:\\Windows\\SysWOW64\\runonce.exe", "hash": {"md5": "7430ccc7226a6ff76b6d55b96f6ce53c", "sha1": "49b01fd1a1590320332c8c766c098bae6b1c01dd", "sha256": "0babaeacf9d0aa4e6fbea6943b9916425746fb702b6501c47f4470fd195836af"}, "name": "runonce.exe", "parent": {"args": ["C:\\Windows\\Explorer.EXE"], "command_line": "C:\\Windows\\Explorer.EXE", "entity_id": "{416dd0c5-8323-677f-6500-000000001400}", "executable": "C:\\Windows\\explorer.exe", "name": "explorer.exe", "pid": 4600}, "pe": {"imphash": "97cc98db681cf599b4f85d3b9cf8a780"}, "pid": 6776, "working_directory": "C:\\Windows\\SysWOW64\\"}, "related": {"hash": ["49b01fd1a1590320332c8c766c098bae6b1c01dd", "7430ccc7226a6ff76b6d55b96f6ce53c", "0babaeacf9d0aa4e6fbea6943b9916425746fb702b6501c47f4470fd195836af", "97cc98db681cf599b4f85d3b9cf8a780"], "user": "client7"}, "user": {"domain": "BREACH", "name": "client7"}, "winlog": {"api": "wineventlog", "channel": "Microsoft-Windows-Sysmon/Operational", "computer_name": "CLIENT7.breach.local", "event_data": {"Company": "Microsoft Corporation", "Description": "Run Once Wrapper", "FileVersion": "10.0.19041.746 (WinBuild.160101.0800)", "IntegrityLevel": "Medium", "LogonGuid": "{416dd0c5-831f-677f-6df4-030000000000}", "LogonId": "0x3f46d", "OriginalFileName": "RUNONCE.EXE", "ParentUser": "BREACH\\client7", "Product": "Microsoft\u00ae Windows\u00ae Operating System", "RuleName": "-", "TerminalSessionId": "1"}, "event_id": 1, "opcode": "Info", "process": {"pid": 2968, "thread": {"id": 3508}}, "provider_guid": "{5770385f-c22a-43e0-bf4c-06f5698ffbd9}", "provider_name": "Microsoft-Windows-Sysmon", "record_id": 3597078, "task": "Process Create (rule: ProcessCreate)", "user": {"domain": "NT AUTHORITY", "identifier": "S-1-5-18", "name": "SYSTEM", "type": "User"}, "version": 5}}
{"@timestamp": "2025-01-09T08:05:13.997Z", "agent": {"ephemeral_id": "bb64d7a7-091c-4137-a687-7e2730f981d8", "hostname": "CLIENT7", "id": "c35095e9-5f9f-4084-a651-3aaa2966847a", "name": "CLIENT7", "type": "winlogbeat", "version": "7.10.2"}, "ecs": {"version": "1.5.0"}, "event": {"action": "Process Create (rule: ProcessCreate)", "category": ["process"], "code": 1, "created": "2025-01-09T08:06:57.132Z", "kind": "event", "module": "sysmon", "provider": "Microsoft-Windows-Sysmon", "type": ["start", "process_start"]}, "hash": {"imphash": "1c9e5b11b7c170c300047dfc229af30b", "md5": "d9cbe9d6914cf0ea6f1a3cb217e3b75c", "sha1": "8940406f6df93d1b1b6969751228a79e99955745", "sha256": "ef45766c2203cded161db71616e8f02a2cfed2f2aa2bfeb929a4166eb3e12f6b"}, "host": {"name": "CLIENT7.breach.local"}, "log": {"level": "information"}, "process": {"args": ["C:\\Windows\\py.exe", "C:\\BREACH\\client_monitoring.py"], "command_line": "\"C:\\Windows\\py.exe\" \"C:\\BREACH\\client_monitoring.py\" ", "entity_id": "{416dd0c5-8339-677f-8b00-000000001400}", "executable": "C:\\Windows\\py.exe", "hash": {"md5": "d9cbe9d6914cf0ea6f1a3cb217e3b75c", "sha1": "8940406f6df93d1b1b6969751228a79e99955745", "sha256": "ef45766c2203cded161db71616e8f02a2cfed2f2aa2bfeb929a4166eb3e12f6b"}, "name": "py.exe", "parent": {"args": ["C:\\Windows\\Explorer.EXE"], "command_line": "C:\\Windows\\Explorer.EXE", "entity_id": "{416dd0c5-8323-677f-6500-000000001400}", "executable": "C:\\Windows\\explorer.exe", "name": "explorer.exe", "pid": 4600}, "pe": {"imphash": "1c9e5b11b7c170c300047dfc229af30b"}, "pid": 6824, "working_directory": "C:\\BREACH\\"}, "related": {"hash": ["8940406f6df93d1b1b6969751228a79e99955745", "d9cbe9d6914cf0ea6f1a3cb217e3b75c", "ef45766c2203cded161db71616e8f02a2cfed2f2aa2bfeb929a4166eb3e12f6b", "1c9e5b11b7c170c300047dfc229af30b"], "user": "client7"}, "user": {"domain": "BREACH", "name": "client7"}, "winlog": {"api": "wineventlog", "channel": "Microsoft-Windows-Sysmon/Operational", "computer_name": "CLIENT7.breach.local", "event_data": {"Company": "Python Software Foundation", "Description": "Python", "FileVersion": "3.7.3", "IntegrityLevel": "Medium", "LogonGuid": "{416dd0c5-831f-677f-6df4-030000000000}", "LogonId": "0x3f46d", "OriginalFileName": "py.exe", "ParentUser": "BREACH\\client7", "Product": "Python", "RuleName": "-", "TerminalSessionId": "1"}, "event_id": 1, "opcode": "Info", "process": {"pid": 2968, "thread": {"id": 3508}}, "provider_guid": "{5770385f-c22a-43e0-bf4c-06f5698ffbd9}", "provider_name": "Microsoft-Windows-Sysmon", "record_id": 3597158, "task": "Process Create (rule: ProcessCreate)", "user": {"domain": "NT AUTHORITY", "identifier": "S-1-5-18", "name": "SYSTEM", "type": "User"}, "version": 5}}
