{"@timestamp": "2025-01-09T09:14:26.661Z", "agent": {"ephemeral_id": "1e814a38-5deb-4fe3-86fc-a742136d3b18", "hostname": "CLIENT9", "id": "c35095e9-5f9f-4084-a651-3aaa2966847a", "name": "CLIENT9", "type": "winlogbeat", "version": "7.10.2"}, "ecs": {"version": "1.5.0"}, "event": {"action": "Process Create (rule: ProcessCreate)", "category": ["process"], "code": 1, "created": "2025-01-09T09:15:09.681Z", "kind": "event", "module": "sysmon", "provider": "Microsoft-Windows-Sysmon", "type": ["start", "process_start"]}, "hash": {"imphash": "3c2fc59273192a34f1aa4a59df3b348e", "md5": "922f7003fca657359db03cc02941124d", "sha1": "27fae46e4e377467f2d5f9e37a5a8cb19b39b9ec", "sha256": "5da31132fd6a415e71e3fd40c3a23853a799b91ea2821d2bcbf1bf0e8fa01e16"}, "host": {"name": "CLIENT9.breach.local"}, "log": {"level": "information"}, "process": {"args": ["C:\\Python37\\python.exe", "-c", "from multiprocessing.spawn import spawn_main; spawn_main(parent_pid=4308, pipe_handle=1844)", "--multiprocessing-fork"], "command_line": "\"C:\\Python37\\python.exe\" \"-c\" \"from multiprocessing.spawn import spawn_main; spawn_main(parent_pid=4308, pipe_handle=1844)\" \"--multiprocessing-fork\"", "entity_id": "{416dd0c5-9372-677f-3101-000000001400}", "executable": "C:\\Python37\\python.exe", "hash": {"md5": "922f7003fca657359db03cc02941124d", "sha1": "27fae46e4e377467f2d5f9e37a5a8cb19b39b9ec", "sha256": "5da31132fd6a415e71e3fd40c3a23853a799b91ea2821d2bcbf1bf0e8fa01e16"}, "name": "python.exe", "parent": {"args": ["C:\\Python37\\python.exe", "-c", "from multiprocessing.spawn import spawn_main; spawn_main(parent_pid=7512, pipe_handle=1764)", "--multiprocessing-fork"], "command_line": "\"C:\\Python37\\python.exe\" \"-c\" \"from multiprocessing.spawn import spawn_main; spawn_main(parent_pid=7512, pipe_handle=1764)\" \"--multiprocessing-fork\"", "entity_id": "{416dd0c5-9365-677f-2a01-000000001400}", "executable": "C:\\Python37\\python.exe", "name": "python.exe", "pid": 4308}, "pe": {"imphash": "3c2fc59273192a34f1aa4a59df3b348e"}, "pid": 7980, "working_directory": "C:\\BREACH\\"}, "related": {"hash": ["27fae46e4e377467f2d5f9e37a5a8cb19b39b9ec", "922f7003fca657359db03cc02941124d", "5da31132fd6a415e71e3fd40c3a23853a799b91ea2821d2bcbf1bf0e8fa01e16", "3c2fc59273192a34f1aa4a59df3b348e"], "user": "client9"}, "user": {"domain": "BREACH", "name": "client9"}, "winlog": {"api": "wineventlog", "channel": "Microsoft-Windows-Sysmon/Operational", "computer_name": "CLIENT9.breach.local", "event_data": {"Company": "Python Software Foundation", "Description": "Python", "FileVersion": "3.7.3", "IntegrityLevel": "Medium", "LogonGuid": "{416dd0c5-8719-677f-825f-040000000000}", "LogonId": "0x45f82", "OriginalFileName": "python.exe", "ParentUser": "BREACH\\client9", "Product": "Python", "RuleName": "-", "TerminalSessionId": "1"}, "event_id": 1, "opcode": "Info", "process": {"pid": 2944, "thread": {"id": 3408}}, "provider_guid": "{5770385f-c22a-43e0-bf4c-06f5698ffbd9}", "provider_name": "Microsoft-Windows-Sysmon", "record_id": 3491748, "task": "Process Create (rule: ProcessCreate)", "user": {"domain": "NT AUTHORITY", "identifier": "S-1-5-18", "name": "SYSTEM", "type": "User"}, "version": 5}}
{"@timestamp": "2025-01-09T09:14:30.549Z", "agent": {"ephemeral_id": "1e814a38-5deb-4fe3-86fc-a742136d3b18", "hostname": "CLIENT9", "id": "c35095e9-5f9f-4084-a651-3aaa2966847a", "name": "CLIENT9", "type": "winlogbeat", "version": "7.10.2"}, "ecs": {"version": "1.5.0"}, "event": {"action": "Process Create (rule: ProcessCreate)", "category": ["process"], "code": 1, "created": "2025-01-09T09:16:26.658Z", "kind": "event", "module": "sysmon", "provider": "Microsoft-Windows-Sysmon", "type": ["start", "process_start"]}, "hash": {"imphash": "272245e2988e1e430500b852c4fb5e18", "md5": "8a2122e8162dbef04694b9c3e0b6cdee", "sha1": "f1efb0fddc156e4c61c5f78a54700e4e7984d55d", "sha256": "b99d61d874728edc0918ca0eb10eab93d381e7367e377406e65963366c874450"}, "host": {"name": "CLIENT9.breach.local"}, "log": {"level": "information"}, "process": {"args": ["C:\\Windows\\system32\\cmd.exe", "/c", "C:\\\\Program", "Files", "(x86)\\\\Mozilla", "Firefox\\\\firefox.exe C:\\Users\\client9\\Documents\\attachments\\tough.pdf"], "command_line": "C:\\Windows\\system32\\cmd.exe /c \"\"C:\\\\Program Files (x86)\\\\Mozilla Firefox\\\\firefox.exe\" C:\\Users\\client9\\Documents\\attachments\\tough.pdf\"", "entity_id": "{416dd0c5-9376-677f-3201-000000001400}", "executable": "C:\\Windows\\System32\\cmd.exe", "hash": {"md5": "8a2122e8162dbef04694b9c3e0b6cdee", "sha1": "f1efb0fddc156e4c61c5f78a54700e4e7984d55d", "sha256": "b99d61d874728edc0918ca0eb10eab93d381e7367e377406e65963366c874450"}, "name": "cmd.exe", "parent": {"args": ["C:\\Python37\\python.exe", "-c", "from multiprocessing.spawn import spawn_main; spawn_main(parent_pid=4308, pipe_handle=448)", "--multiprocessing-fork"], "command_line": "\"C:\\Python37\\python.exe\" \"-c\" \"from multiprocessing.spawn import spawn_main; spawn_main(parent_pid=4308, pipe_handle=448)\" \"--multiprocessing-fork\"", "entity_id": "{416dd0c5-9372-677f-2d01-000000001400}", "executable": "C:\\Python37\\python.exe", "name": "python.exe", "pid": 1936}, "pe": {"imphash": "272245e2988e1e430500b852c4fb5e18"}, "pid": 7340, "working_directory": "C:\\BREACH\\"}, "related": {"hash": ["f1efb0fddc156e4c61c5f78a54700e4e7984d55d", "8a2122e8162dbef04694b9c3e0b6cdee", "b99d61d874728edc0918ca0eb10eab93d381e7367e377406e65963366c874450", "272245e2988e1e430500b852c4fb5e18"], "user": "client9"}, "user": {"domain": "BREACH", "name": "client9"}, "winlog": {"api": "wineventlog", "channel": "Microsoft-Windows-Sysmon/Operational", "computer_name": "CLIENT9.breach.local", "event_data": {"Company": "Microsoft Corporation", "Description": "Windows Command Processor", "FileVersion": "10.0.19041.746 (WinBuild.160101.0800)", "IntegrityLevel": "Medium", "LogonGuid": "{416dd0c5-8719-677f-825f-040000000000}", "LogonId": "0x45f82", "OriginalFileName": "Cmd.Exe", "ParentUser": "BREACH\\client9", "Product": "Microsoft\u00ae Windows\u00ae Operating System", "RuleName": "-", "TerminalSessionId": "1"}, "event_id": 1, "opcode": "Info", "process": {"pid": 2944, "thread": {"id": 3408}}, "provider_guid": "{5770385f-c22a-43e0-bf4c-06f5698ffbd9}", "provider_name": "Microsoft-Windows-Sysmon", "record_id": 3492327, "task": "Process Create (rule: ProcessCreate)", "user": {"domain": "NT AUTHORITY", "identifier": "S-1-5-18", "name": "SYSTEM", "type": "User"}, "version": 5}}
{"@timestamp": "2025-01-09T09:14:30.553Z", "agent": {"ephemeral_id": "1e814a38-5deb-4fe3-86fc-a742136d3b18", "hostname": "CLIENT9", "id": "c35095e9-5f9f-4084-a651-3aaa2966847a", "name": "CLIENT9", "type": "winlogbeat", "version": "7.10.2"}, "ecs": {"version": "1.5.0"}, "event": {"action": "Process Create (rule: ProcessCreate)", "category": ["process"], "code": 1, "created": "2025-01-09T09:16:26.659Z", "kind": "event", "module": "sysmon", "provider": "Microsoft-Windows-Sysmon", "type": ["start", "process_start"]}, "hash": {"imphash": "272245e2988e1e430500b852c4fb5e18", "md5": "8a2122e8162dbef04694b9c3e0b6cdee", "sha1": "f1efb0fddc156e4c61c5f78a54700e4e7984d55d", "sha256": "b99d61d874728edc0918ca0eb10eab93d381e7367e377406e65963366c874450"}, "host": {"name": "CLIENT9.breach.local"}, "log": {"level": "information"}, "process": {"args": ["C:\\Windows\\system32\\cmd.exe", "/c", "start C:\\Users\\client9\\Documents\\attachments\\tough.pdf"], "command_line": "C:\\Windows\\system32\\cmd.exe /c \"start C:\\Users\\client9\\Documents\\attachments\\tough.pdf\"", "entity_id": "{416dd0c5-9376-677f-3301-000000001400}", "executable": "C:\\Windows\\System32\\cmd.exe", "hash": {"md5": "8a2122e8162dbef04694b9c3e0b6cdee", "sha1": "f1efb0fddc156e4c61c5f78a54700e4e7984d55d", "sha256": "b99d61d874728edc0918ca0eb10eab93d381e7367e377406e65963366c874450"}, "name": "cmd.exe", "parent": {"args": ["C:\\Python37\\python.exe", "-c", "from multiprocessing.spawn import spawn_main; spawn_main(parent_pid=4308, pipe_handle=448)", "--multiprocessing-fork"], "command_line": "\"C:\\Python37\\python.exe\" \"-c\" \"from multiprocessing.spawn import spawn_main; spawn_main(parent_pid=4308, pipe_handle=448)\" \"--multiprocessing-fork\"", "entity_id": "{416dd0c5-9372-677f-2d01-000000001400}", "executable": "C:\\Python37\\python.exe", "name": "python.exe", "pid": 1936}, "pe": {"imphash": "272245e2988e1e430500b852c4fb5e18"}, "pid": 7376, "working_directory": "C:\\BREACH\\"}, "related": {"hash": ["f1efb0fddc156e4c61c5f78a54700e4e7984d55d", "8a2122e8162dbef04694b9c3e0b6cdee", "b99d61d874728edc0918ca0eb10eab93d381e7367e377406e65963366c874450", "272245e2988e1e430500b852c4fb5e18"], "user": "client9"}, "user": {"domain": "BREACH", "name": "client9"}, "winlog": {"api": "wineventlog", "channel": "Microsoft-Windows-Sysmon/Operational", "computer_name": "CLIENT9.breach.local", "event_data": {"Company": "Microsoft Corporation", "Description": "Windows Command Processor", "FileVersion": "10.0.19041.746 (WinBuild.160101.0800)", "IntegrityLevel": "Medium", "LogonGuid": "{416dd0c5-8719-677f-825f-040000000000}", "LogonId": "0x45f82", "OriginalFileName": "Cmd.Exe", "ParentUser": "BREACH\\client9", "Product": "Microsoft\u00ae Windows\u00ae Operating System", "RuleName": "-", "TerminalSessionId": "1"}, "event_id": 1, "opcode": "Info", "process": {"pid": 2944, "thread": {"id": 3408}}, "provider_guid": "{5770385f-c22a-43e0-bf4c-06f5698ffbd9}", "provider_name": "Microsoft-Windows-Sysmon", "record_id": 3492330, "task": "Process Create (rule: ProcessCreate)", "user": {"domain": "NT AUTHORITY", "identifier": "S-1-5-18", "name": "SYSTEM", "type": "User"}, "version": 5}}
{"@timestamp": "2025-01-09T09:14:30.637Z", "agent": {"ephemeral_id": "1e814a38-5deb-4fe3-86fc-a742136d3b18", "hostname": "CLIENT9", "id": "c35095e9-5f9f-4084-a651-3aaa2966847a", "name": "CLIENT9", "type": "winlogbeat", "version": "7.10.2"}, "ecs": {"version": "1.5.0"}, "event": {"action": "Process Create (rule: ProcessCreate)", "category": ["process"], "code": 1, "created": "2025-01-09T09:16:26.660Z", "kind": "event", "module": "sysmon", "provider": "Microsoft-Windows-Sysmon", "type": ["start", "process_start"]}, "hash": {"imphash": "272245e2988e1e430500b852c4fb5e18", "md5": "8a2122e8162dbef04694b9c3e0b6cdee", "sha1": "f1efb0fddc156e4c61c5f78a54700e4e7984d55d", "sha256": "b99d61d874728edc0918ca0eb10eab93d381e7367e377406e65963366c874450"}, "host": {"name": "CLIENT9.breach.local"}, "log": {"level": "information"}, "process": {"args": ["C:\\Windows\\system32\\cmd.exe", "/c", "C:\\\\Program", "Files", "(x86)\\\\Mozilla", "Firefox\\\\firefox.exe C:\\Users\\client9\\Documents\\attachments\\specific.pdf"], "command_line": "C:\\Windows\\system32\\cmd.exe /c \"\"C:\\\\Program Files (x86)\\\\Mozilla Firefox\\\\firefox.exe\" C:\\Users\\client9\\Documents\\attachments\\specific.pdf\"", "entity_id": "{416dd0c5-9376-677f-3401-000000001400}", "executable": "C:\\Windows\\System32\\cmd.exe", "hash": {"md5": "8a2122e8162dbef04694b9c3e0b6cdee", "sha1": "f1efb0fddc156e4c61c5f78a54700e4e7984d55d", "sha256": "b99d61d874728edc0918ca0eb10eab93d381e7367e377406e65963366c874450"}, "name": "cmd.exe", "parent": {"args": ["C:\\Python37\\python.exe", "-c", "from multiprocessing.spawn import spawn_main; spawn_main(parent_pid=4308, pipe_handle=1816)", "--multiprocessing-fork"], "command_line": "\"C:\\Python37\\python.exe\" \"-c\" \"from multiprocessing.spawn import spawn_main; spawn_main(parent_pid=4308, pipe_handle=1816)\" \"--multiprocessing-fork\"", "entity_id": "{416dd0c5-9372-677f-2f01-000000001400}", "executable": "C:\\Python37\\python.exe", "name": "python.exe", "pid": 5788}, "pe": {"imphash": "272245e2988e1e430500b852c4fb5e18"}, "pid": 8060, "working_directory": "C:\\BREACH\\"}, "related": {"hash": ["f1efb0fddc156e4c61c5f78a54700e4e7984d55d", "8a2122e8162dbef04694b9c3e0b6cdee", "b99d61d874728edc0918ca0eb10eab93d381e7367e377406e65963366c874450", "272245e2988e1e430500b852c4fb5e18"], "user": "client9"}, "user": {"domain": "BREACH", "name": "client9"}, "winlog": {"api": "wineventlog", "channel": "Microsoft-Windows-Sysmon/Operational", "computer_name": "CLIENT9.breach.local", "event_data": {"Company": "Microsoft Corporation", "Description": "Windows Command Processor", "FileVersion": "10.0.19041.746 (WinBuild.160101.0800)", "IntegrityLevel": "Medium", "LogonGuid": "{416dd0c5-8719-677f-825f-040000000000}", "LogonId": "0x45f82", "OriginalFileName": "Cmd.Exe", "ParentUser": "BREACH\\client9", "Product": "Microsoft\u00ae Windows\u00ae Operating System", "RuleName": "-", "TerminalSessionId": "1"}, "event_id": 1, "opcode": "Info", "process": {"pid": 2944, "thread": {"id": 3408}}, "provider_guid": "{5770385f-c22a-43e0-bf4c-06f5698ffbd9}", "provider_name": "Microsoft-Windows-Sysmon", "record_id": 3492340, "task": "Process Create (rule: ProcessCreate)", "user": {"domain": "NT AUTHORITY", "identifier": "S-1-5-18", "name": "SYSTEM", "type": "User"}, "version": 5}}
{"@timestamp": "2025-01-09T09:14:30.639Z", "agent": {"ephemeral_id": "1e814a38-5deb-4fe3-86fc-a742136d3b18", "hostname": "CLIENT9", "id": "c35095e9-5f9f-4084-a651-3aaa2966847a", "name": "CLIENT9", "type": "winlogbeat", "version": "7.10.2"}, "ecs": {"version": "1.5.0"}, "event": {"action": "Process Create (rule: ProcessCreate)", "category": ["process"], "code": 1, "created": "2025-01-09T09:16:26.660Z", "kind": "event", "module": "sysmon", "provider": "Microsoft-Windows-Sysmon", "type": ["start", "process_start"]}, "hash": {"imphash": "272245e2988e1e430500b852c4fb5e18", "md5": "8a2122e8162dbef04694b9c3e0b6cdee", "sha1": "f1efb0fddc156e4c61c5f78a54700e4e7984d55d", "sha256": "b99d61d874728edc0918ca0eb10eab93d381e7367e377406e65963366c874450"}, "host": {"name": "CLIENT9.breach.local"}, "log": {"level": "information"}, "process": {"args": ["C:\\Windows\\system32\\cmd.exe", "/c", "start C:\\Users\\client9\\Documents\\attachments\\specific.pdf"], "command_line": "C:\\Windows\\system32\\cmd.exe /c \"start C:\\Users\\client9\\Documents\\attachments\\specific.pdf\"", "entity_id": "{416dd0c5-9376-677f-3501-000000001400}", "executable": "C:\\Windows\\System32\\cmd.exe", "hash": {"md5": "8a2122e8162dbef04694b9c3e0b6cdee", "sha1": "f1efb0fddc156e4c61c5f78a54700e4e7984d55d", "sha256": "b99d61d874728edc0918ca0eb10eab93d381e7367e377406e65963366c874450"}, "name": "cmd.exe", "parent": {"args": ["C:\\Python37\\python.exe", "-c", "from multiprocessing.spawn import spawn_main; spawn_main(parent_pid=4308, pipe_handle=1816)", "--multiprocessing-fork"], "command_line": "\"C:\\Python37\\python.exe\" \"-c\" \"from multiprocessing.spawn import spawn_main; spawn_main(parent_pid=4308, pipe_handle=1816)\" \"--multiprocessing-fork\"", "entity_id": "{416dd0c5-9372-677f-2f01-000000001400}", "executable": "C:\\Python37\\python.exe", "name": "python.exe", "pid": 5788}, "pe": {"imphash": "272245e2988e1e430500b852c4fb5e18"}, "pid": 3908, "working_directory": "C:\\BREACH\\"}, "related": {"hash": ["f1efb0fddc156e4c61c5f78a54700e4e7984d55d", "8a2122e8162dbef04694b9c3e0b6cdee", "b99d61d874728edc0918ca0eb10eab93d381e7367e377406e65963366c874450", "272245e2988e1e430500b852c4fb5e18"], "user": "client9"}, "user": {"domain": "BREACH", "name": "client9"}, "winlog": {"api": "wineventlog", "channel": "Microsoft-Windows-Sysmon/Operational", "computer_name": "CLIENT9.breach.local", "event_data": {"Company": "Microsoft Corporation", "Description": "Windows Command Processor", "FileVersion": "10.0.19041.746 (WinBuild.160101.0800)", "IntegrityLevel": "Medium", "LogonGuid": "{416dd0c5-8719-677f-825f-040000000000}", "LogonId": "0x45f82", "OriginalFileName": "Cmd.Exe", "ParentUser": "BREACH\\client9", "Product": "Microsoft\u00ae Windows\u00ae Operating System", "RuleName": "-", "TerminalSessionId": "1"}, "event_id": 1, "opcode": "Info", "process": {"pid": 2944, "thread": {"id": 3408}}, "provider_guid": "{5770385f-c22a-43e0-bf4c-06f5698ffbd9}", "provider_name": "Microsoft-Windows-Sysmon", "record_id": 3492343, "task": "Process Create (rule: ProcessCreate)", "user": {"domain": "NT AUTHORITY", "identifier": "S-1-5-18", "name": "SYSTEM", "type": "User"}, "version": 5}}
{"@timestamp": "2025-01-09T09:14:30.889Z", "agent": {"ephemeral_id": "1e814a38-5deb-4fe3-86fc-a742136d3b18", "hostname": "CLIENT9", "id": "c35095e9-5f9f-4084-a651-3aaa2966847a", "name": "CLIENT9", "type": "winlogbeat", "version": "7.10.2"}, "ecs": {"version": "1.5.0"}, "event": {"action": "Process Create (rule: ProcessCreate)", "category": ["process"], "code": 1, "created": "2025-01-09T09:16:26.752Z", "kind": "event", "module": "sysmon", "provider": "Microsoft-Windows-Sysmon", "type": ["start", "process_start"]}, "hash": {"imphash": "272245e2988e1e430500b852c4fb5e18", "md5": "8a2122e8162dbef04694b9c3e0b6cdee", "sha1": "f1efb0fddc156e4c61c5f78a54700e4e7984d55d", "sha256": "b99d61d874728edc0918ca0eb10eab93d381e7367e377406e65963366c874450"}, "host": {"name": "CLIENT9.breach.local"}, "log": {"level": "information"}, "process": {"args": ["C:\\Windows\\system32\\cmd.exe", "/c", "C:\\\\Program", "Files", "(x86)\\\\LibreOffice", "4\\\\program\\\\soffice.exe --norestore C:\\Users\\client9\\Documents\\attachments\\kid.doc"], "command_line": "C:\\Windows\\system32\\cmd.exe /c \"\"C:\\\\Program Files (x86)\\\\LibreOffice 4\\\\program\\\\soffice.exe\" --norestore C:\\Users\\client9\\Documents\\attachments\\kid.doc\"", "entity_id": "{416dd0c5-9376-677f-3601-000000001400}", "executable": "C:\\Windows\\System32\\cmd.exe", "hash": {"md5": "8a2122e8162dbef04694b9c3e0b6cdee", "sha1": "f1efb0fddc156e4c61c5f78a54700e4e7984d55d", "sha256": "b99d61d874728edc0918ca0eb10eab93d381e7367e377406e65963366c874450"}, "name": "cmd.exe", "parent": {"args": ["C:\\Python37\\python.exe", "-c", "from multiprocessing.spawn import spawn_main; spawn_main(parent_pid=4308, pipe_handle=1812)", "--multiprocessing-fork"], "command_line": "\"C:\\Python37\\python.exe\" \"-c\" \"from multiprocessing.spawn import spawn_main; spawn_main(parent_pid=4308, pipe_handle=1812)\" \"--multiprocessing-fork\"", "entity_id": "{416dd0c5-9372-677f-2e01-000000001400}", "executable": "C:\\Python37\\python.exe", "name": "python.exe", "pid": 5068}, "pe": {"imphash": "272245e2988e1e430500b852c4fb5e18"}, "pid": 1808, "working_directory": "C:\\BREACH\\"}, "related": {"hash": ["f1efb0fddc156e4c61c5f78a54700e4e7984d55d", "8a2122e8162dbef04694b9c3e0b6cdee", "b99d61d874728edc0918ca0eb10eab93d381e7367e377406e65963366c874450", "272245e2988e1e430500b852c4fb5e18"], "user": "client9"}, "user": {"domain": "BREACH", "name": "client9"}, "winlog": {"api": "wineventlog", "channel": "Microsoft-Windows-Sysmon/Operational", "computer_name": "CLIENT9.breach.local", "event_data": {"Company": "Microsoft Corporation", "Description": "Windows Command Processor", "FileVersion": "10.0.19041.746 (WinBuild.160101.0800)", "IntegrityLevel": "Medium", "LogonGuid": "{416dd0c5-8719-677f-825f-040000000000}", "LogonId": "0x45f82", "OriginalFileName": "Cmd.Exe", "ParentUser": "BREACH\\client9", "Product": "Microsoft\u00ae Windows\u00ae Operating System", "RuleName": "-", "TerminalSessionId": "1"}, "event_id": 1, "opcode": "Info", "process": {"pid": 2944, "thread": {"id": 3408}}, "provider_guid": "{5770385f-c22a-43e0-bf4c-06f5698ffbd9}", "provider_name": "Microsoft-Windows-Sysmon", "record_id": 3492395, "task": "Process Create (rule: ProcessCreate)", "user": {"domain": "NT AUTHORITY", "identifier": "S-1-5-18", "name": "SYSTEM", "type": "User"}, "version": 5}}
{"@timestamp": "2025-01-09T09:14:30.993Z", "agent": {"ephemeral_id": "1e814a38-5deb-4fe3-86fc-a742136d3b18", "hostname": "CLIENT9", "id": "c35095e9-5f9f-4084-a651-3aaa2966847a", "name": "CLIENT9", "type": "winlogbeat", "version": "7.10.2"}, "ecs": {"version": "1.5.0"}, "event": {"action": "Process Create (rule: ProcessCreate)", "category": ["process"], "code": 1, "created": "2025-01-09T09:16:26.755Z", "kind": "event", "module": "sysmon", "provider": "Microsoft-Windows-Sysmon", "type": ["start", "process_start"]}, "hash": {"imphash": "272245e2988e1e430500b852c4fb5e18", "md5": "8a2122e8162dbef04694b9c3e0b6cdee", "sha1": "f1efb0fddc156e4c61c5f78a54700e4e7984d55d", "sha256": "b99d61d874728edc0918ca0eb10eab93d381e7367e377406e65963366c874450"}, "host": {"name": "CLIENT9.breach.local"}, "log": {"level": "information"}, "process": {"args": ["C:\\Windows\\system32\\cmd.exe", "/c", "C:\\\\Program", "Files", "(x86)\\\\LibreOffice", "4\\\\program\\\\soffice.exe --norestore C:\\Users\\client9\\Documents\\attachments\\few.doc"], "command_line": "C:\\Windows\\system32\\cmd.exe /c \"\"C:\\\\Program Files (x86)\\\\LibreOffice 4\\\\program\\\\soffice.exe\" --norestore C:\\Users\\client9\\Documents\\attachments\\few.doc\"", "entity_id": "{416dd0c5-9376-677f-3701-000000001400}", "executable": "C:\\Windows\\System32\\cmd.exe", "hash": {"md5": "8a2122e8162dbef04694b9c3e0b6cdee", "sha1": "f1efb0fddc156e4c61c5f78a54700e4e7984d55d", "sha256": "b99d61d874728edc0918ca0eb10eab93d381e7367e377406e65963366c874450"}, "name": "cmd.exe", "parent": {"args": ["C:\\Python37\\python.exe", "-c", "from multiprocessing.spawn import spawn_main; spawn_main(parent_pid=4308, pipe_handle=1844)", "--multiprocessing-fork"], "command_line": "\"C:\\Python37\\python.exe\" \"-c\" \"from multiprocessing.spawn import spawn_main; spawn_main(parent_pid=4308, pipe_handle=1844)\" \"--multiprocessing-fork\"", "entity_id": "{416dd0c5-9372-677f-3101-000000001400}", "executable": "C:\\Python37\\python.exe", "name": "python.exe", "pid": 7980}, "pe": {"imphash": "272245e2988e1e430500b852c4fb5e18"}, "pid": 6476, "working_directory": "C:\\BREACH\\"}, "related": {"hash": ["f1efb0fddc156e4c61c5f78a54700e4e7984d55d", "8a2122e8162dbef04694b9c3e0b6cdee", "b99d61d874728edc0918ca0eb10eab93d381e7367e377406e65963366c874450", "272245e2988e1e430500b852c4fb5e18"], "user": "client9"}, "user": {"domain": "BREACH", "name": "client9"}, "winlog": {"api": "wineventlog", "channel": "Microsoft-Windows-Sysmon/Operational", "computer_name": "CLIENT9.breach.local", "event_data": {"Company": "Microsoft Corporation", "Description": "Windows Command Processor", "FileVersion": "10.0.19041.746 (WinBuild.160101.0800)", "IntegrityLevel": "Medium", "LogonGuid": "{416dd0c5-8719-677f-825f-040000000000}", "LogonId": "0x45f82", "OriginalFileName": "Cmd.Exe", "ParentUser": "BREACH\\client9", "Product": "Microsoft\u00ae Windows\u00ae Operating System", "RuleName": "-", "TerminalSessionId": "1"}, "event_id": 1, "opcode": "Info", "process": {"pid": 2944, "thread": {"id": 3408}}, "provider_guid": "{5770385f-c22a-43e0-bf4c-06f5698ffbd9}", "provider_name": "Microsoft-Windows-Sysmon", "record_id": 3492414, "task": "Process Create (rule: ProcessCreate)", "user": {"domain": "NT AUTHORITY", "identifier": "S-1-5-18", "name": "SYSTEM", "type": "User"}, "version": 5}}
{"@timestamp": "2025-01-09T09:14:31.141Z", "agent": {"ephemeral_id": "1e814a38-5deb-4fe3-86fc-a742136d3b18", "hostname": "CLIENT9", "id": "c35095e9-5f9f-4084-a651-3aaa2966847a", "name": "CLIENT9", "type": "winlogbeat", "version": "7.10.2"}, "ecs": {"version": "1.5.0"}, "event": {"action": "Process Create (rule: ProcessCreate)", "category": ["process"], "code": 1, "created": "2025-01-09T09:16:38.308Z", "kind": "event", "module": "sysmon", "provider": "Microsoft-Windows-Sysmon", "type": ["start", "process_start"]}, "hash": {"imphash": "272245e2988e1e430500b852c4fb5e18", "md5": "8a2122e8162dbef04694b9c3e0b6cdee", "sha1": "f1efb0fddc156e4c61c5f78a54700e4e7984d55d", "sha256": "b99d61d874728edc0918ca0eb10eab93d381e7367e377406e65963366c874450"}, "host": {"name": "CLIENT9.breach.local"}, "log": {"level": "information"}, "process": {"args": ["C:\\Windows\\system32\\cmd.exe", "/c", "C:\\\\Program", "Files", "(x86)\\\\Mozilla", "Firefox\\\\firefox.exe C:\\Users\\client9\\Documents\\attachments\\owner.pdf"], "command_line": "C:\\Windows\\system32\\cmd.exe /c \"\"C:\\\\Program Files (x86)\\\\Mozilla Firefox\\\\firefox.exe\" C:\\Users\\client9\\Documents\\attachments\\owner.pdf\"", "entity_id": "{416dd0c5-9377-677f-3801-000000001400}", "executable": "C:\\Windows\\System32\\cmd.exe", "hash": {"md5": "8a2122e8162dbef04694b9c3e0b6cdee", "sha1": "f1efb0fddc156e4c61c5f78a54700e4e7984d55d", "sha256": "b99d61d874728edc0918ca0eb10eab93d381e7367e377406e65963366c874450"}, "name": "cmd.exe", "parent": {"args": ["C:\\Python37\\python.exe", "-c", "from multiprocessing.spawn import spawn_main; spawn_main(parent_pid=4308, pipe_handle=1828)", "--multiprocessing-fork"], "command_line": "\"C:\\Python37\\python.exe\" \"-c\" \"from multiprocessing.spawn import spawn_main; spawn_main(parent_pid=4308, pipe_handle=1828)\" \"--multiprocessing-fork\"", "entity_id": "{416dd0c5-9372-677f-3001-000000001400}", "executable": "C:\\Python37\\python.exe", "name": "python.exe", "pid": 6256}, "pe": {"imphash": "272245e2988e1e430500b852c4fb5e18"}, "pid": 4528, "working_directory": "C:\\BREACH\\"}, "related": {"hash": ["f1efb0fddc156e4c61c5f78a54700e4e7984d55d", "8a2122e8162dbef04694b9c3e0b6cdee", "b99d61d874728edc0918ca0eb10eab93d381e7367e377406e65963366c874450", "272245e2988e1e430500b852c4fb5e18"], "user": "client9"}, "user": {"domain": "BREACH", "name": "client9"}, "winlog": {"api": "wineventlog", "channel": "Microsoft-Windows-Sysmon/Operational", "computer_name": "CLIENT9.breach.local", "event_data": {"Company": "Microsoft Corporation", "Description": "Windows Command Processor", "FileVersion": "10.0.19041.746 (WinBuild.160101.0800)", "IntegrityLevel": "Medium", "LogonGuid": "{416dd0c5-8719-677f-825f-040000000000}", "LogonId": "0x45f82", "OriginalFileName": "Cmd.Exe", "ParentUser": "BREACH\\client9", "Product": "Microsoft\u00ae Windows\u00ae Operating System", "RuleName": "-", "TerminalSessionId": "1"}, "event_id": 1, "opcode": "Info", "process": {"pid": 2944, "thread": {"id": 3408}}, "provider_guid": "{5770385f-c22a-43e0-bf4c-06f5698ffbd9}", "provider_name": "Microsoft-Windows-Sysmon", "record_id": 3492436, "task": "Process Create (rule: ProcessCreate)", "user": {"domain": "NT AUTHORITY", "identifier": "S-1-5-18", "name": "SYSTEM", "type": "User"}, "version": 5}}
{"@timestamp": "2025-01-09T09:14:31.142Z", "agent": {"ephemeral_id": "1e814a38-5deb-4fe3-86fc-a742136d3b18", "hostname": "CLIENT9", "id": "c35095e9-5f9f-4084-a651-3aaa2966847a", "name": "CLIENT9", "type": "winlogbeat", "version": "7.10.2"}, "ecs": {"version": "1.5.0"}, "event": {"action": "Process Create (rule: ProcessCreate)", "category": ["process"], "code": 1, "created": "2025-01-09T09:16:38.309Z", "kind": "event", "module": "sysmon", "provider": "Microsoft-Windows-Sysmon", "type": ["start", "process_start"]}, "hash": {"imphash": "272245e2988e1e430500b852c4fb5e18", "md5": "8a2122e8162dbef04694b9c3e0b6cdee", "sha1": "f1efb0fddc156e4c61c5f78a54700e4e7984d55d", "sha256": "b99d61d874728edc0918ca0eb10eab93d381e7367e377406e65963366c874450"}, "host": {"name": "CLIENT9.breach.local"}, "log": {"level": "information"}, "process": {"args": ["C:\\Windows\\system32\\cmd.exe", "/c", "start C:\\Users\\client9\\Documents\\attachments\\owner.pdf"], "command_line": "C:\\Windows\\system32\\cmd.exe /c \"start C:\\Users\\client9\\Documents\\attachments\\owner.pdf\"", "entity_id": "{416dd0c5-9377-677f-3901-000000001400}", "executable": "C:\\Windows\\System32\\cmd.exe", "hash": {"md5": "8a2122e8162dbef04694b9c3e0b6cdee", "sha1": "f1efb0fddc156e4c61c5f78a54700e4e7984d55d", "sha256": "b99d61d874728edc0918ca0eb10eab93d381e7367e377406e65963366c874450"}, "name": "cmd.exe", "parent": {"args": ["C:\\Python37\\python.exe", "-c", "from multiprocessing.spawn import spawn_main; spawn_main(parent_pid=4308, pipe_handle=1828)", "--multiprocessing-fork"], "command_line": "\"C:\\Python37\\python.exe\" \"-c\" \"from multiprocessing.spawn import spawn_main; spawn_main(parent_pid=4308, pipe_handle=1828)\" \"--multiprocessing-fork\"", "entity_id": "{416dd0c5-9372-677f-3001-000000001400}", "executable": "C:\\Python37\\python.exe", "name": "python.exe", "pid": 6256}, "pe": {"imphash": "272245e2988e1e430500b852c4fb5e18"}, "pid": 1940, "working_directory": "C:\\BREACH\\"}, "related": {"hash": ["f1efb0fddc156e4c61c5f78a54700e4e7984d55d", "8a2122e8162dbef04694b9c3e0b6cdee", "b99d61d874728edc0918ca0eb10eab93d381e7367e377406e65963366c874450", "272245e2988e1e430500b852c4fb5e18"], "user": "client9"}, "user": {"domain": "BREACH", "name": "client9"}, "winlog": {"api": "wineventlog", "channel": "Microsoft-Windows-Sysmon/Operational", "computer_name": "CLIENT9.breach.local", "event_data": {"Company": "Microsoft Corporation", "Description": "Windows Command Processor", "FileVersion": "10.0.19041.746 (WinBuild.160101.0800)", "IntegrityLevel": "Medium", "LogonGuid": "{416dd0c5-8719-677f-825f-040000000000}", "LogonId": "0x45f82", "OriginalFileName": "Cmd.Exe", "ParentUser": "BREACH\\client9", "Product": "Microsoft\u00ae Windows\u00ae Operating System", "RuleName": "-", "TerminalSessionId": "1"}, "event_id": 1, "opcode": "Info", "process": {"pid": 2944, "thread": {"id": 3408}}, "provider_guid": "{5770385f-c22a-43e0-bf4c-06f5698ffbd9}", "provider_name": "Microsoft-Windows-Sysmon", "record_id": 3492440, "task": "Process Create (rule: ProcessCreate)", "user": {"domain": "NT AUTHORITY", "identifier": "S-1-5-18", "name": "SYSTEM", "type": "User"}, "version": 5}}
{"@timestamp": "2025-01-09T09:14:31.289Z", "agent": {"ephemeral_id": "1e814a38-5deb-4fe3-86fc-a742136d3b18", "hostname": "CLIENT9", "id": "c35095e9-5f9f-4084-a651-3aaa2966847a", "name": "CLIENT9", "type": "winlogbeat", "version": "7.10.2"}, "ecs": {"version": "1.5.0"}, "event": {"action": "Process Create (rule: ProcessCreate)", "category": ["process"], "code": 1, "created": "2025-01-09T09:16:38.377Z", "kind": "event", "module": "sysmon", "provider": "Microsoft-Windows-Sysmon", "type": ["start", "process_start"]}, "hash": {"imphash": "51bef41e5cd278a02c17451af095c288", "md5": "585d2527c7dcc8e2c69324212f9f2964", "sha1": "ace4770f386293b92d946f872d4bb280c9b587ef", "sha256": "44761759948fcf37ed691f462bbb54d3e3064f9b70d4e0e60b5338e87c785fbe"}, "host": {"name": "CLIENT9.breach.local"}, "log": {"level": "information"}, "process": {"args": ["C:\\\\Program Files (x86)\\\\Mozilla Firefox\\\\firefox.exe", "C:\\Users\\client9\\Documents\\attachments\\specific.pdf"], "command_line": "\"C:\\\\Program Files (x86)\\\\Mozilla Firefox\\\\firefox.exe\"  C:\\Users\\client9\\Documents\\attachments\\specific.pdf", "entity_id": "{416dd0c5-9377-677f-3a01-000000001400}", "executable": "C:\\Program Files (x86)\\Mozilla Firefox\\firefox.exe", "hash": {"md5": "585d2527c7dcc8e2c69324212f9f2964", "sha1": "ace4770f386293b92d946f872d4bb280c9b587ef", "sha256": "44761759948fcf37ed691f462bbb54d3e3064f9b70d4e0e60b5338e87c785fbe"}, "name": "firefox.exe", "parent": {"args": ["C:\\Windows\\system32\\cmd.exe", "/c", "C:\\\\Program", "Files", "(x86)\\\\Mozilla", "Firefox\\\\firefox.exe C:\\Users\\client9\\Documents\\attachments\\specific.pdf"], "command_line": "C:\\Windows\\system32\\cmd.exe /c \"\"C:\\\\Program Files (x86)\\\\Mozilla Firefox\\\\firefox.exe\" C:\\Users\\client9\\Documents\\attachments\\specific.pdf\"", "entity_id": "{416dd0c5-9376-677f-3401-000000001400}", "executable": "C:\\Windows\\System32\\cmd.exe", "name": "cmd.exe", "pid": 8060}, "pe": {"imphash": "51bef41e5cd278a02c17451af095c288"}, "pid": 7396, "working_directory": "C:\\BREACH\\"}, "related": {"hash": ["ace4770f386293b92d946f872d4bb280c9b587ef", "585d2527c7dcc8e2c69324212f9f2964", "44761759948fcf37ed691f462bbb54d3e3064f9b70d4e0e60b5338e87c785fbe", "51bef41e5cd278a02c17451af095c288"], "user": "client9"}, "user": {"domain": "BREACH", "name": "client9"}, "winlog": {"api": "wineventlog", "channel": "Microsoft-Windows-Sysmon/Operational", "computer_name": "CLIENT9.breach.local", "event_data": {"Company": "Mozilla Corporation", "Description": "Firefox", "FileVersion": "134.0", "IntegrityLevel": "Medium", "LogonGuid": "{416dd0c5-8719-677f-825f-040000000000}", "LogonId": "0x45f82", "OriginalFileName": "firefox.exe", "ParentUser": "BREACH\\client9", "Product": "Firefox", "RuleName": "-", "TerminalSessionId": "1"}, "event_id": 1, "opcode": "Info", "process": {"pid": 2944, "thread": {"id": 3408}}, "provider_guid": "{5770385f-c22a-43e0-bf4c-06f5698ffbd9}", "provider_name": "Microsoft-Windows-Sysmon", "record_id": 3492490, "task": "Process Create (rule: ProcessCreate)", "user": {"domain": "NT AUTHORITY", "identifier": "S-1-5-18", "name": "SYSTEM", "type": "User"}, "version": 5}}
{"@timestamp": "2025-01-09T09:14:31.392Z", "agent": {"ephemeral_id": "1e814a38-5deb-4fe3-86fc-a742136d3b18", "hostname": "CLIENT9", "id": "c35095e9-5f9f-4084-a651-3aaa2966847a", "name": "CLIENT9", "type": "winlogbeat", "version": "7.10.2"}, "ecs": {"version": "1.5.0"}, "event": {"action": "Process Create (rule: ProcessCreate)", "category": ["process"], "code": 1, "created": "2025-01-09T09:16:50.303Z", "kind": "event", "module": "sysmon", "provider": "Microsoft-Windows-Sysmon", "type": ["start", "process_start"]}, "hash": {"imphash": "51bef41e5cd278a02c17451af095c288", "md5": "585d2527c7dcc8e2c69324212f9f2964", "sha1": "ace4770f386293b92d946f872d4bb280c9b587ef", "sha256": "44761759948fcf37ed691f462bbb54d3e3064f9b70d4e0e60b5338e87c785fbe"}, "host": {"name": "CLIENT9.breach.local"}, "log": {"level": "information"}, "process": {"args": ["C:\\\\Program Files (x86)\\\\Mozilla Firefox\\\\firefox.exe", "C:\\Users\\client9\\Documents\\attachments\\tough.pdf"], "command_line": "\"C:\\\\Program Files (x86)\\\\Mozilla Firefox\\\\firefox.exe\"  C:\\Users\\client9\\Documents\\attachments\\tough.pdf", "entity_id": "{416dd0c5-9377-677f-3b01-000000001400}", "executable": "C:\\Program Files (x86)\\Mozilla Firefox\\firefox.exe", "hash": {"md5": "585d2527c7dcc8e2c69324212f9f2964", "sha1": "ace4770f386293b92d946f872d4bb280c9b587ef", "sha256": "44761759948fcf37ed691f462bbb54d3e3064f9b70d4e0e60b5338e87c785fbe"}, "name": "firefox.exe", "parent": {"args": ["C:\\Windows\\system32\\cmd.exe", "/c", "C:\\\\Program", "Files", "(x86)\\\\Mozilla", "Firefox\\\\firefox.exe C:\\Users\\client9\\Documents\\attachments\\tough.pdf"], "command_line": "C:\\Windows\\system32\\cmd.exe /c \"\"C:\\\\Program Files (x86)\\\\Mozilla Firefox\\\\firefox.exe\" C:\\Users\\client9\\Documents\\attachments\\tough.pdf\"", "entity_id": "{416dd0c5-9376-677f-3201-000000001400}", "executable": "C:\\Windows\\System32\\cmd.exe", "name": "cmd.exe", "pid": 7340}, "pe": {"imphash": "51bef41e5cd278a02c17451af095c288"}, "pid": 7680, "working_directory": "C:\\BREACH\\"}, "related": {"hash": ["ace4770f386293b92d946f872d4bb280c9b587ef", "585d2527c7dcc8e2c69324212f9f2964", "44761759948fcf37ed691f462bbb54d3e3064f9b70d4e0e60b5338e87c785fbe", "51bef41e5cd278a02c17451af095c288"], "user": "client9"}, "user": {"domain": "BREACH", "name": "client9"}, "winlog": {"api": "wineventlog", "channel": "Microsoft-Windows-Sysmon/Operational", "computer_name": "CLIENT9.breach.local", "event_data": {"Company": "Mozilla Corporation", "Description": "Firefox", "FileVersion": "134.0", "IntegrityLevel": "Medium", "LogonGuid": "{416dd0c5-8719-677f-825f-040000000000}", "LogonId": "0x45f82", "OriginalFileName": "firefox.exe", "ParentUser": "BREACH\\client9", "Product": "Firefox", "RuleName": "-", "TerminalSessionId": "1"}, "event_id": 1, "opcode": "Info", "process": {"pid": 2944, "thread": {"id": 3408}}, "provider_guid": "{5770385f-c22a-43e0-bf4c-06f5698ffbd9}", "provider_name": "Microsoft-Windows-Sysmon", "record_id": 3492521, "task": "Process Create (rule: ProcessCreate)", "user": {"domain": "NT AUTHORITY", "identifier": "S-1-5-18", "name": "SYSTEM", "type": "User"}, "version": 5}}
{"@timestamp": "2025-01-09T09:14:31.453Z", "agent": {"ephemeral_id": "1e814a38-5deb-4fe3-86fc-a742136d3b18", "hostname": "CLIENT9", "id": "c35095e9-5f9f-4084-a651-3aaa2966847a", "name": "CLIENT9", "type": "winlogbeat", "version": "7.10.2"}, "ecs": {"version": "1.5.0"}, "event": {"action": "Process Create (rule: ProcessCreate)", "category": ["process"], "code": 1, "created": "2025-01-09T09:16:50.308Z", "kind": "event", "module": "sysmon", "provider": "Microsoft-Windows-Sysmon", "type": ["start", "process_start"]}, "hash": {"imphash": "51bef41e5cd278a02c17451af095c288", "md5": "585d2527c7dcc8e2c69324212f9f2964", "sha1": "ace4770f386293b92d946f872d4bb280c9b587ef", "sha256": "44761759948fcf37ed691f462bbb54d3e3064f9b70d4e0e60b5338e87c785fbe"}, "host": {"name": "CLIENT9.breach.local"}, "log": {"level": "information"}, "process": {"args": ["C:\\Program Files (x86)\\Mozilla Firefox\\firefox.exe", "C:\\Users\\client9\\Documents\\attachments\\tough.pdf"], "command_line": "\"C:\\Program Files (x86)\\Mozilla Firefox\\firefox.exe\" C:\\Users\\client9\\Documents\\attachments\\tough.pdf", "entity_id": "{416dd0c5-9377-677f-3c01-000000001400}", "executable": "C:\\Program Files (x86)\\Mozilla Firefox\\firefox.exe", "hash": {"md5": "585d2527c7dcc8e2c69324212f9f2964", "sha1": "ace4770f386293b92d946f872d4bb280c9b587ef", "sha256": "44761759948fcf37ed691f462bbb54d3e3064f9b70d4e0e60b5338e87c785fbe"}, "name": "firefox.exe", "parent": {"args": ["C:\\\\Program Files (x86)\\\\Mozilla Firefox\\\\firefox.exe", "C:\\Users\\client9\\Documents\\attachments\\tough.pdf"], "command_line": "\"C:\\\\Program Files (x86)\\\\Mozilla Firefox\\\\firefox.exe\"  C:\\Users\\client9\\Documents\\attachments\\tough.pdf", "entity_id": "{416dd0c5-9377-677f-3b01-000000001400}", "executable": "C:\\Program Files (x86)\\Mozilla Firefox\\firefox.exe", "name": "firefox.exe", "pid": 7680}, "pe": {"imphash": "51bef41e5cd278a02c17451af095c288"}, "pid": 5876, "working_directory": "C:\\BREACH\\"}, "related": {"hash": ["ace4770f386293b92d946f872d4bb280c9b587ef", "585d2527c7dcc8e2c69324212f9f2964", "44761759948fcf37ed691f462bbb54d3e3064f9b70d4e0e60b5338e87c785fbe", "51bef41e5cd278a02c17451af095c288"], "user": "client9"}, "user": {"domain": "BREACH", "name": "client9"}, "winlog": {"api": "wineventlog", "channel": "Microsoft-Windows-Sysmon/Operational", "computer_name": "CLIENT9.breach.local", "event_data": {"Company": "Mozilla Corporation", "Description": "Firefox", "FileVersion": "134.0", "IntegrityLevel": "Medium", "LogonGuid": "{416dd0c5-8719-677f-825f-040000000000}", "LogonId": "0x45f82", "OriginalFileName": "firefox.exe", "ParentUser": "BREACH\\client9", "Product": "Firefox", "RuleName": "-", "TerminalSessionId": "1"}, "event_id": 1, "opcode": "Info", "process": {"pid": 2944, "thread": {"id": 3408}}, "provider_guid": "{5770385f-c22a-43e0-bf4c-06f5698ffbd9}", "provider_name": "Microsoft-Windows-Sysmon", "record_id": 3492548, "task": "Process Create (rule: ProcessCreate)", "user": {"domain": "NT AUTHORITY", "identifier": "S-1-5-18", "name": "SYSTEM", "type": "User"}, "version": 5}}
{"@timestamp": "2025-01-09T09:14:31.485Z", "agent": {"ephemeral_id": "1e814a38-5deb-4fe3-86fc-a742136d3b18", "hostname": "CLIENT9", "id": "c35095e9-5f9f-4084-a651-3aaa2966847a", "name": "CLIENT9", "type": "winlogbeat", "version": "7.10.2"}, "ecs": {"version": "1.5.0"}, "event": {"action": "Process Create (rule: ProcessCreate)", "category": ["process"], "code": 1, "created": "2025-01-09T09:16:50.344Z", "kind": "event", "module": "sysmon", "provider": "Microsoft-Windows-Sysmon", "type": ["start", "process_start"]}, "hash": {"imphash": "21f2b04648b4f2ec519b7967a2f890f1", "md5": "655d31a4e94a14f91cdb9e6293aef885", "sha1": "018a733478611013b013dce09cd295caf049f1e1", "sha256": "187cce75722d9bcad2f7c179f536fe2eeccd2a8d26146a0b4781503e318463da"}, "host": {"name": "CLIENT9.breach.local"}, "log": {"level": "information"}, "process": {"args": ["C:\\\\Program Files (x86)\\\\LibreOffice 4\\\\program\\\\soffice.exe", "--norestore", "C:\\Users\\client9\\Documents\\attachments\\few.doc"], "command_line": "\"C:\\\\Program Files (x86)\\\\LibreOffice 4\\\\program\\\\soffice.exe\"  --norestore C:\\Users\\client9\\Documents\\attachments\\few.doc", "entity_id": "{416dd0c5-9377-677f-3d01-000000001400}", "executable": "C:\\Program Files (x86)\\LibreOffice 4\\program\\soffice.exe", "hash": {"md5": "655d31a4e94a14f91cdb9e6293aef885", "sha1": "018a733478611013b013dce09cd295caf049f1e1", "sha256": "187cce75722d9bcad2f7c179f536fe2eeccd2a8d26146a0b4781503e318463da"}, "name": "soffice.exe", "parent": {"args": ["C:\\Windows\\system32\\cmd.exe", "/c", "C:\\\\Program", "Files", "(x86)\\\\LibreOffice", "4\\\\program\\\\soffice.exe --norestore C:\\Users\\client9\\Documents\\attachments\\few.doc"], "command_line": "C:\\Windows\\system32\\cmd.exe /c \"\"C:\\\\Program Files (x86)\\\\LibreOffice 4\\\\program\\\\soffice.exe\" --norestore C:\\Users\\client9\\Documents\\attachments\\few.doc\"", "entity_id": "{416dd0c5-9376-677f-3701-000000001400}", "executable": "C:\\Windows\\System32\\cmd.exe", "name": "cmd.exe", "pid": 6476}, "pe": {"imphash": "21f2b04648b4f2ec519b7967a2f890f1"}, "pid": 7488, "working_directory": "C:\\BREACH\\"}, "related": {"hash": ["018a733478611013b013dce09cd295caf049f1e1", "655d31a4e94a14f91cdb9e6293aef885", "187cce75722d9bcad2f7c179f536fe2eeccd2a8d26146a0b4781503e318463da", "21f2b04648b4f2ec519b7967a2f890f1"], "user": "client9"}, "user": {"domain": "BREACH", "name": "client9"}, "winlog": {"api": "wineventlog", "channel": "Microsoft-Windows-Sysmon/Operational", "computer_name": "CLIENT9.breach.local", "event_data": {"Company": "The Document Foundation", "Description": "LibreOffice", "FileVersion": "4.2.5.2", "IntegrityLevel": "Medium", "LogonGuid": "{416dd0c5-8719-677f-825f-040000000000}", "LogonId": "0x45f82", "OriginalFileName": "soffice.exe", "ParentUser": "BREACH\\client9", "Product": "LibreOffice", "RuleName": "-", "TerminalSessionId": "1"}, "event_id": 1, "opcode": "Info", "process": {"pid": 2944, "thread": {"id": 3408}}, "provider_guid": "{5770385f-c22a-43e0-bf4c-06f5698ffbd9}", "provider_name": "Microsoft-Windows-Sysmon", "record_id": 3492559, "task": "Process Create (rule: ProcessCreate)", "user": {"domain": "NT AUTHORITY", "identifier": "S-1-5-18", "name": "SYSTEM", "type": "User"}, "version": 5}}
{"@timestamp": "2025-01-09T09:14:31.490Z", "agent": {"ephemeral_id": "1e814a38-5deb-4fe3-86fc-a742136d3b18", "hostname": "CLIENT9", "id": "c35095e9-5f9f-4084-a651-3aaa2966847a", "name": "CLIENT9", "type": "winlogbeat", "version": "7.10.2"}, "ecs": {"version": "1.5.0"}, "event": {"action": "Process Create (rule: ProcessCreate)", "category": ["process"], "code": 1, "created": "2025-01-09T09:16:50.344Z", "kind": "event", "module": "sysmon", "provider": "Microsoft-Windows-Sysmon", "type": ["start", "process_start"]}, "hash": {"imphash": "21f2b04648b4f2ec519b7967a2f890f1", "md5": "655d31a4e94a14f91cdb9e6293aef885", "sha1": "018a733478611013b013dce09cd295caf049f1e1", "sha256": "187cce75722d9bcad2f7c179f536fe2eeccd2a8d26146a0b4781503e318463da"}, "host": {"name": "CLIENT9.breach.local"}, "log": {"level": "information"}, "process": {"args": ["C:\\\\Program Files (x86)\\\\LibreOffice 4\\\\program\\\\soffice.exe", "--norestore", "C:\\Users\\client9\\Documents\\attachments\\kid.doc"], "command_line": "\"C:\\\\Program Files (x86)\\\\LibreOffice 4\\\\program\\\\soffice.exe\"  --norestore C:\\Users\\client9\\Documents\\attachments\\kid.doc", "entity_id": "{416dd0c5-9377-677f-3e01-000000001400}", "executable": "C:\\Program Files (x86)\\LibreOffice 4\\program\\soffice.exe", "hash": {"md5": "655d31a4e94a14f91cdb9e6293aef885", "sha1": "018a733478611013b013dce09cd295caf049f1e1", "sha256": "187cce75722d9bcad2f7c179f536fe2eeccd2a8d26146a0b4781503e318463da"}, "name": "soffice.exe", "parent": {"args": ["C:\\Windows\\system32\\cmd.exe", "/c", "C:\\\\Program", "Files", "(x86)\\\\LibreOffice", "4\\\\program\\\\soffice.exe --norestore C:\\Users\\client9\\Documents\\attachments\\kid.doc"], "command_line": "C:\\Windows\\system32\\cmd.exe /c \"\"C:\\\\Program Files (x86)\\\\LibreOffice 4\\\\program\\\\soffice.exe\" --norestore C:\\Users\\client9\\Documents\\attachments\\kid.doc\"", "entity_id": "{416dd0c5-9376-677f-3601-000000001400}", "executable": "C:\\Windows\\System32\\cmd.exe", "name": "cmd.exe", "pid": 1808}, "pe": {"imphash": "21f2b04648b4f2ec519b7967a2f890f1"}, "pid": 7644, "working_directory": "C:\\BREACH\\"}, "related": {"hash": ["018a733478611013b013dce09cd295caf049f1e1", "655d31a4e94a14f91cdb9e6293aef885", "187cce75722d9bcad2f7c179f536fe2eeccd2a8d26146a0b4781503e318463da", "21f2b04648b4f2ec519b7967a2f890f1"], "user": "client9"}, "user": {"domain": "BREACH", "name": "client9"}, "winlog": {"api": "wineventlog", "channel": "Microsoft-Windows-Sysmon/Operational", "computer_name": "CLIENT9.breach.local", "event_data": {"Company": "The Document Foundation", "Description": "LibreOffice", "FileVersion": "4.2.5.2", "IntegrityLevel": "Medium", "LogonGuid": "{416dd0c5-8719-677f-825f-040000000000}", "LogonId": "0x45f82", "OriginalFileName": "soffice.exe", "ParentUser": "BREACH\\client9", "Product": "LibreOffice", "RuleName": "-", "TerminalSessionId": "1"}, "event_id": 1, "opcode": "Info", "process": {"pid": 2944, "thread": {"id": 3408}}, "provider_guid": "{5770385f-c22a-43e0-bf4c-06f5698ffbd9}", "provider_name": "Microsoft-Windows-Sysmon", "record_id": 3492563, "task": "Process Create (rule: ProcessCreate)", "user": {"domain": "NT AUTHORITY", "identifier": "S-1-5-18", "name": "SYSTEM", "type": "User"}, "version": 5}}
{"@timestamp": "2025-01-09T09:14:31.552Z", "agent": {"ephemeral_id": "1e814a38-5deb-4fe3-86fc-a742136d3b18", "hostname": "CLIENT9", "id": "c35095e9-5f9f-4084-a651-3aaa2966847a", "name": "CLIENT9", "type": "winlogbeat", "version": "7.10.2"}, "ecs": {"version": "1.5.0"}, "event": {"action": "Process Create (rule: ProcessCreate)", "category": ["process"], "code": 1, "created": "2025-01-09T09:16:50.349Z", "kind": "event", "module": "sysmon", "provider": "Microsoft-Windows-Sysmon", "type": ["start", "process_start"]}, "hash": {"imphash": "51bef41e5cd278a02c17451af095c288", "md5": "585d2527c7dcc8e2c69324212f9f2964", "sha1": "ace4770f386293b92d946f872d4bb280c9b587ef", "sha256": "44761759948fcf37ed691f462bbb54d3e3064f9b70d4e0e60b5338e87c785fbe"}, "host": {"name": "CLIENT9.breach.local"}, "log": {"level": "information"}, "process": {"args": ["C:\\Program Files (x86)\\Mozilla Firefox\\firefox.exe", "C:\\Users\\client9\\Documents\\attachments\\specific.pdf"], "command_line": "\"C:\\Program Files (x86)\\Mozilla Firefox\\firefox.exe\" C:\\Users\\client9\\Documents\\attachments\\specific.pdf", "entity_id": "{416dd0c5-9377-677f-3f01-000000001400}", "executable": "C:\\Program Files (x86)\\Mozilla Firefox\\firefox.exe", "hash": {"md5": "585d2527c7dcc8e2c69324212f9f2964", "sha1": "ace4770f386293b92d946f872d4bb280c9b587ef", "sha256": "44761759948fcf37ed691f462bbb54d3e3064f9b70d4e0e60b5338e87c785fbe"}, "name": "firefox.exe", "parent": {"args": ["C:\\\\Program Files (x86)\\\\Mozilla Firefox\\\\firefox.exe", "C:\\Users\\client9\\Documents\\attachments\\specific.pdf"], "command_line": "\"C:\\\\Program Files (x86)\\\\Mozilla Firefox\\\\firefox.exe\"  C:\\Users\\client9\\Documents\\attachments\\specific.pdf", "entity_id": "{416dd0c5-9377-677f-3a01-000000001400}", "executable": "C:\\Program Files (x86)\\Mozilla Firefox\\firefox.exe", "name": "firefox.exe", "pid": 7396}, "pe": {"imphash": "51bef41e5cd278a02c17451af095c288"}, "pid": 7868, "working_directory": "C:\\BREACH\\"}, "related": {"hash": ["ace4770f386293b92d946f872d4bb280c9b587ef", "585d2527c7dcc8e2c69324212f9f2964", "44761759948fcf37ed691f462bbb54d3e3064f9b70d4e0e60b5338e87c785fbe", "51bef41e5cd278a02c17451af095c288"], "user": "client9"}, "user": {"domain": "BREACH", "name": "client9"}, "winlog": {"api": "wineventlog", "channel": "Microsoft-Windows-Sysmon/Operational", "computer_name": "CLIENT9.breach.local", "event_data": {"Company": "Mozilla Corporation", "Description": "Firefox", "FileVersion": "134.0", "IntegrityLevel": "Medium", "LogonGuid": "{416dd0c5-8719-677f-825f-040000000000}", "LogonId": "0x45f82", "OriginalFileName": "firefox.exe", "ParentUser": "BREACH\\client9", "Product": "Firefox", "RuleName": "-", "TerminalSessionId": "1"}, "event_id": 1, "opcode": "Info", "process": {"pid": 2944, "thread": {"id": 3408}}, "provider_guid": "{5770385f-c22a-43e0-bf4c-06f5698ffbd9}", "provider_name": "Microsoft-Windows-Sysmon", "record_id": 3492600, "task": "Process Create (rule: ProcessCreate)", "user": {"domain": "NT AUTHORITY", "identifier": "S-1-5-18", "name": "SYSTEM", "type": "User"}, "version": 5}}
