{"@timestamp": "2025-01-09T08:04:57.943Z", "agent": {"ephemeral_id": "bb64d7a7-091c-4137-a687-7e2730f981d8", "hostname": "CLIENT7", "id": "c35095e9-5f9f-4084-a651-3aaa2966847a", "name": "CLIENT7", "type": "winlogbeat", "version": "7.10.2"}, "ecs": {"version": "1.5.0"}, "event": {"action": "Special Logon", "code": 4672, "created": "2025-01-09T08:06:46.111Z", "kind": "event", "outcome": "success", "provider": "Microsoft-Windows-Security-Auditing"}, "host": {"name": "CLIENT7.breach.local"}, "log": {"level": "information"}, "winlog": {"activity_id": "{1f013968-626d-0000-f339-011f6d62db01}", "api": "wineventlog", "channel": "Security", "computer_name": "CLIENT7.breach.local", "event_data": {"PrivilegeList": "SeAssignPrimaryTokenPrivilege\n\t\t\tSeTcbPrivilege\n\t\t\tSeSecurityPrivilege\n\t\t\tSeTakeOwnershipPrivilege\n\t\t\tSeLoadDriverPrivilege\n\t\t\tSeBackupPrivilege\n\t\t\tSeRestorePrivilege\n\t\t\tSeDebugPrivilege\n\t\t\tSeAuditPrivilege\n\t\t\tSeSystemEnvironmentPrivilege\n\t\t\tSeImpersonatePrivilege\n\t\t\tSeDelegateSessionUserImpersonatePrivilege", "SubjectDomainName": "NT AUTHORITY", "SubjectLogonId": "0x3e7", "SubjectUserName": "SYSTEM", "SubjectUserSid": "S-1-5-18"}, "event_id": 4672, "keywords": ["Audit Success"], "opcode": "Info", "process": {"pid": 636, "thread": {"id": 692}}, "provider_guid": "{54849625-5478-4994-a5ba-3e3b0328c30d}", "provider_name": "Microsoft-Windows-Security-Auditing", "record_id": 28888, "task": "Special Logon"}}
{"@timestamp": "2025-01-09T08:04:57.944Z", "agent": {"ephemeral_id": "bb64d7a7-091c-4137-a687-7e2730f981d8", "hostname": "CLIENT7", "id": "c35095e9-5f9f-4084-a651-3aaa2966847a", "name": "CLIENT7", "type": "winlogbeat", "version": "7.10.2"}, "ecs": {"version": "1.5.0"}, "event": {"action": "Process Create (rule: ProcessCreate)", "category": ["process"], "code": 1, "created": "2025-01-09T08:06:53.536Z", "kind": "event", "module": "sysmon", "provider": "Microsoft-Windows-Sysmon", "type": ["start", "process_start"]}, "hash": {"imphash": "f9bbd96fae53b7a31264a703cafa0666", "md5": "f586835082f632dc8d9404d83bc16316", "sha1": "010db07461e45b41c886192df6fd425ba8d42d82", "sha256": "643ec58e82e0272c97c2a59f6020970d881af19c0ad5029db9c958c13b6558c7"}, "host": {"name": "CLIENT7.breach.local"}, "log": {"level": "information"}, "process": {"args": ["C:\\Windows\\System32\\svchost.exe", "-k", "wsappx", "-p", "-s", "ClipSVC"], "command_line": "C:\\Windows\\System32\\svchost.exe -k wsappx -p -s ClipSVC", "entity_id": "{416dd0c5-8329-677f-7200-000000001400}", "executable": "C:\\Windows\\System32\\svchost.exe", "hash": {"md5": "f586835082f632dc8d9404d83bc16316", "sha1": "010db07461e45b41c886192df6fd425ba8d42d82", "sha256": "643ec58e82e0272c97c2a59f6020970d881af19c0ad5029db9c958c13b6558c7"}, "name": "svchost.exe", "parent": {"args": ["C:\\Windows\\system32\\services.exe"], "command_line": "C:\\Windows\\system32\\services.exe", "entity_id": "{416dd0c5-8318-677f-0b00-000000001400}", "executable": "C:\\Windows\\System32\\services.exe", "name": "services.exe", "pid": 624}, "pe": {"imphash": "f9bbd96fae53b7a31264a703cafa0666"}, "pid": 5836, "working_directory": "C:\\Windows\\system32\\"}, "related": {"hash": ["010db07461e45b41c886192df6fd425ba8d42d82", "f586835082f632dc8d9404d83bc16316", "643ec58e82e0272c97c2a59f6020970d881af19c0ad5029db9c958c13b6558c7", "f9bbd96fae53b7a31264a703cafa0666"], "user": "SYSTEM"}, "user": {"domain": "NT AUTHORITY", "name": "SYSTEM"}, "winlog": {"api": "wineventlog", "channel": "Microsoft-Windows-Sysmon/Operational", "computer_name": "CLIENT7.breach.local", "event_data": {"Company": "Microsoft Corporation", "Description": "Host Process for Windows Services", "FileVersion": "10.0.19041.546 (WinBuild.160101.0800)", "IntegrityLevel": "System", "LogonGuid": "{416dd0c5-8318-677f-e703-000000000000}", "LogonId": "0x3e7", "OriginalFileName": "svchost.exe", "ParentUser": "NT AUTHORITY\\SYSTEM", "Product": "Microsoft\u00ae Windows\u00ae Operating System", "RuleName": "-", "TerminalSessionId": "0"}, "event_id": 1, "opcode": "Info", "process": {"pid": 2968, "thread": {"id": 3508}}, "provider_guid": "{5770385f-c22a-43e0-bf4c-06f5698ffbd9}", "provider_name": "Microsoft-Windows-Sysmon", "record_id": 3594244, "task": "Process Create (rule: ProcessCreate)", "user": {"domain": "NT AUTHORITY", "identifier": "S-1-5-18", "name": "SYSTEM", "type": "User"}, "version": 5}}
{"@timestamp": "2025-01-09T08:04:59.054Z", "agent": {"ephemeral_id": "bb64d7a7-091c-4137-a687-7e2730f981d8", "hostname": "CLIENT7", "id": "c35095e9-5f9f-4084-a651-3aaa2966847a", "name": "CLIENT7", "type": "winlogbeat", "version": "7.10.2"}, "ecs": {"version": "1.5.0"}, "event": {"action": "Process Create (rule: ProcessCreate)", "category": ["process"], "code": 1, "created": "2025-01-09T08:06:53.661Z", "kind": "event", "module": "sysmon", "provider": "Microsoft-Windows-Sysmon", "type": ["start", "process_start"]}, "hash": {"imphash": "d2acf1cbc4a6db14a34c687b9362d66b", "md5": "da7063b17dbb8bbb3015351016868006", "sha1": "c6e63c7aae9c4e07e15c1717872c0c73f3d4fb09", "sha256": "20330d3ca71d58f4aeb432676cb6a3d5b97005954e45132fb083e90782efdd50"}, "host": {"name": "CLIENT7.breach.local"}, "log": {"level": "information"}, "process": {"args": ["C:\\Windows\\system32\\BackgroundTaskHost.exe", "-ServerName:BackgroundTaskHost.WebAccountProvider"], "command_line": "\"C:\\Windows\\system32\\BackgroundTaskHost.exe\" -ServerName:BackgroundTaskHost.WebAccountProvider", "entity_id": "{416dd0c5-832b-677f-7300-000000001400}", "executable": "C:\\Windows\\System32\\backgroundTaskHost.exe", "hash": {"md5": "da7063b17dbb8bbb3015351016868006", "sha1": "c6e63c7aae9c4e07e15c1717872c0c73f3d4fb09", "sha256": "20330d3ca71d58f4aeb432676cb6a3d5b97005954e45132fb083e90782efdd50"}, "name": "backgroundTaskHost.exe", "parent": {"args": ["C:\\Windows\\system32\\svchost.exe", "-k", "DcomLaunch", "-p"], "command_line": "C:\\Windows\\system32\\svchost.exe -k DcomLaunch -p", "entity_id": "{416dd0c5-8319-677f-0f00-000000001400}", "executable": "C:\\Windows\\System32\\svchost.exe", "name": "svchost.exe", "pid": 756}, "pe": {"imphash": "d2acf1cbc4a6db14a34c687b9362d66b"}, "pid": 5936, "working_directory": "C:\\Windows\\SystemApps\\Microsoft.AAD.BrokerPlugin_cw5n1h2txyewy\\"}, "related": {"hash": ["c6e63c7aae9c4e07e15c1717872c0c73f3d4fb09", "da7063b17dbb8bbb3015351016868006", "20330d3ca71d58f4aeb432676cb6a3d5b97005954e45132fb083e90782efdd50", "d2acf1cbc4a6db14a34c687b9362d66b"], "user": "client7"}, "user": {"domain": "BREACH", "name": "client7"}, "winlog": {"api": "wineventlog", "channel": "Microsoft-Windows-Sysmon/Operational", "computer_name": "CLIENT7.breach.local", "event_data": {"Company": "Microsoft Corporation", "Description": "Background Task Host", "FileVersion": "10.0.19041.546 (WinBuild.160101.0800)", "IntegrityLevel": "AppContainer", "LogonGuid": "{416dd0c5-831f-677f-6df4-030000000000}", "LogonId": "0x3f46d", "OriginalFileName": "backgroundTaskHost.exe", "ParentUser": "NT AUTHORITY\\SYSTEM", "Product": "Microsoft\u00ae Windows\u00ae Operating System", "RuleName": "-", "TerminalSessionId": "1"}, "event_id": 1, "opcode": "Info", "process": {"pid": 2968, "thread": {"id": 3508}}, "provider_guid": "{5770385f-c22a-43e0-bf4c-06f5698ffbd9}", "provider_name": "Microsoft-Windows-Sysmon", "record_id": 3594417, "task": "Process Create (rule: ProcessCreate)", "user": {"domain": "NT AUTHORITY", "identifier": "S-1-5-18", "name": "SYSTEM", "type": "User"}, "version": 5}}
{"@timestamp": "2025-01-09T08:04:59.056Z", "agent": {"ephemeral_id": "bb64d7a7-091c-4137-a687-7e2730f981d8", "hostname": "CLIENT7", "id": "c35095e9-5f9f-4084-a651-3aaa2966847a", "name": "CLIENT7", "type": "winlogbeat", "version": "7.10.2"}, "ecs": {"version": "1.5.0"}, "event": {"action": "Process Create (rule: ProcessCreate)", "category": ["process"], "code": 1, "created": "2025-01-09T08:06:53.662Z", "kind": "event", "module": "sysmon", "provider": "Microsoft-Windows-Sysmon", "type": ["start", "process_start"]}, "hash": {"imphash": "d4d98acf3243e0c97c83c6548571a44e", "md5": "ba4cfe6461afa1004c52f19c8f2169dc", "sha1": "ab8539ef6b2a93ff9589dec4b34a0257b6296c92", "sha256": "e86870769ee6c797e09457bd99c58d9bf2303cf0193a24ef9b1222c2c3daf628"}, "host": {"name": "CLIENT7.breach.local"}, "log": {"level": "information"}, "process": {"args": ["C:\\Windows\\System32\\RuntimeBroker.exe", "-Embedding"], "command_line": "C:\\Windows\\System32\\RuntimeBroker.exe -Embedding", "entity_id": "{416dd0c5-832b-677f-7400-000000001400}", "executable": "C:\\Windows\\System32\\RuntimeBroker.exe", "hash": {"md5": "ba4cfe6461afa1004c52f19c8f2169dc", "sha1": "ab8539ef6b2a93ff9589dec4b34a0257b6296c92", "sha256": "e86870769ee6c797e09457bd99c58d9bf2303cf0193a24ef9b1222c2c3daf628"}, "name": "RuntimeBroker.exe", "parent": {"args": ["C:\\Windows\\system32\\svchost.exe", "-k", "DcomLaunch", "-p"], "command_line": "C:\\Windows\\system32\\svchost.exe -k DcomLaunch -p", "entity_id": "{416dd0c5-8319-677f-0f00-000000001400}", "executable": "C:\\Windows\\System32\\svchost.exe", "name": "svchost.exe", "pid": 756}, "pe": {"imphash": "d4d98acf3243e0c97c83c6548571a44e"}, "pid": 5944, "working_directory": "C:\\Windows\\system32\\"}, "related": {"hash": ["ab8539ef6b2a93ff9589dec4b34a0257b6296c92", "ba4cfe6461afa1004c52f19c8f2169dc", "e86870769ee6c797e09457bd99c58d9bf2303cf0193a24ef9b1222c2c3daf628", "d4d98acf3243e0c97c83c6548571a44e"], "user": "client7"}, "user": {"domain": "BREACH", "name": "client7"}, "winlog": {"api": "wineventlog", "channel": "Microsoft-Windows-Sysmon/Operational", "computer_name": "CLIENT7.breach.local", "event_data": {"Company": "Microsoft Corporation", "Description": "Runtime Broker", "FileVersion": "10.0.19041.746 (WinBuild.160101.0800)", "IntegrityLevel": "Medium", "LogonGuid": "{416dd0c5-831f-677f-6df4-030000000000}", "LogonId": "0x3f46d", "OriginalFileName": "RuntimeBroker.exe", "ParentUser": "NT AUTHORITY\\SYSTEM", "Product": "Microsoft\u00ae Windows\u00ae Operating System", "RuleName": "-", "TerminalSessionId": "1"}, "event_id": 1, "opcode": "Info", "process": {"pid": 2968, "thread": {"id": 3508}}, "provider_guid": "{5770385f-c22a-43e0-bf4c-06f5698ffbd9}", "provider_name": "Microsoft-Windows-Sysmon", "record_id": 3594421, "task": "Process Create (rule: ProcessCreate)", "user": {"domain": "NT AUTHORITY", "identifier": "S-1-5-18", "name": "SYSTEM", "type": "User"}, "version": 5}}
{"@timestamp": "2025-01-09T08:05:00.441Z", "agent": {"ephemeral_id": "bb64d7a7-091c-4137-a687-7e2730f981d8", "hostname": "CLIENT7", "id": "c35095e9-5f9f-4084-a651-3aaa2966847a", "name": "CLIENT7", "type": "winlogbeat", "version": "7.10.2"}, "ecs": {"version": "1.5.0"}, "event": {"action": "Logon", "code": 4624, "created": "2025-01-09T08:06:46.111Z", "kind": "event", "outcome": "success", "provider": "Microsoft-Windows-Security-Auditing"}, "host": {"name": "CLIENT7.breach.local"}, "log": {"level": "information"}, "winlog": {"activity_id": "{1f013968-626d-0000-f339-011f6d62db01}", "api": "wineventlog", "channel": "Security", "computer_name": "CLIENT7.breach.local", "event_data": {"AuthenticationPackageName": "Negotiate", "ElevatedToken": "%%1842", "ImpersonationLevel": "%%1833", "IpAddress": "-", "IpPort": "-", "KeyLength": "0", "LmPackageName": "-", "LogonGuid": "{00000000-0000-0000-0000-000000000000}", "LogonProcessName": "Advapi  ", "LogonType": "5", "ProcessId": "0x270", "ProcessName": "C:\\Windows\\System32\\services.exe", "RestrictedAdminMode": "-", "SubjectDomainName": "BREACH", "SubjectLogonId": "0x3e7", "SubjectUserName": "CLIENT7$", "SubjectUserSid": "S-1-5-18", "TargetDomainName": "NT AUTHORITY", "TargetLinkedLogonId": "0x0", "TargetLogonId": "0x3e7", "TargetOutboundDomainName": "-", "TargetOutboundUserName": "-", "TargetUserName": "SYSTEM", "TargetUserSid": "S-1-5-18", "TransmittedServices": "-", "VirtualAccount": "%%1843", "WorkstationName": "-"}, "event_id": 4624, "keywords": ["Audit Success"], "opcode": "Info", "process": {"pid": 636, "thread": {"id": 696}}, "provider_guid": "{54849625-5478-4994-a5ba-3e3b0328c30d}", "provider_name": "Microsoft-Windows-Security-Auditing", "record_id": 28889, "task": "Logon", "version": 2}}
{"@timestamp": "2025-01-09T08:05:00.441Z", "agent": {"ephemeral_id": "bb64d7a7-091c-4137-a687-7e2730f981d8", "hostname": "CLIENT7", "id": "c35095e9-5f9f-4084-a651-3aaa2966847a", "name": "CLIENT7", "type": "winlogbeat", "version": "7.10.2"}, "ecs": {"version": "1.5.0"}, "event": {"action": "Special Logon", "code": 4672, "created": "2025-01-09T08:06:46.111Z", "kind": "event", "outcome": "success", "provider": "Microsoft-Windows-Security-Auditing"}, "host": {"name": "CLIENT7.breach.local"}, "log": {"level": "information"}, "winlog": {"activity_id": "{1f013968-626d-0000-f339-011f6d62db01}", "api": "wineventlog", "channel": "Security", "computer_name": "CLIENT7.breach.local", "event_data": {"PrivilegeList": "SeAssignPrimaryTokenPrivilege\n\t\t\tSeTcbPrivilege\n\t\t\tSeSecurityPrivilege\n\t\t\tSeTakeOwnershipPrivilege\n\t\t\tSeLoadDriverPrivilege\n\t\t\tSeBackupPrivilege\n\t\t\tSeRestorePrivilege\n\t\t\tSeDebugPrivilege\n\t\t\tSeAuditPrivilege\n\t\t\tSeSystemEnvironmentPrivilege\n\t\t\tSeImpersonatePrivilege\n\t\t\tSeDelegateSessionUserImpersonatePrivilege", "SubjectDomainName": "NT AUTHORITY", "SubjectLogonId": "0x3e7", "SubjectUserName": "SYSTEM", "SubjectUserSid": "S-1-5-18"}, "event_id": 4672, "keywords": ["Audit Success"], "opcode": "Info", "process": {"pid": 636, "thread": {"id": 696}}, "provider_guid": "{54849625-5478-4994-a5ba-3e3b0328c30d}", "provider_name": "Microsoft-Windows-Security-Auditing", "record_id": 28890, "task": "Special Logon"}}
{"@timestamp": "2025-01-09T08:05:00.442Z", "agent": {"ephemeral_id": "bb64d7a7-091c-4137-a687-7e2730f981d8", "hostname": "CLIENT7", "id": "c35095e9-5f9f-4084-a651-3aaa2966847a", "name": "CLIENT7", "type": "winlogbeat", "version": "7.10.2"}, "ecs": {"version": "1.5.0"}, "event": {"action": "Process Create (rule: ProcessCreate)", "category": ["process"], "code": 1, "created": "2025-01-09T08:06:54.123Z", "kind": "event", "module": "sysmon", "provider": "Microsoft-Windows-Sysmon", "type": ["start", "process_start"]}, "hash": {"imphash": "f9bbd96fae53b7a31264a703cafa0666", "md5": "f586835082f632dc8d9404d83bc16316", "sha1": "010db07461e45b41c886192df6fd425ba8d42d82", "sha256": "643ec58e82e0272c97c2a59f6020970d881af19c0ad5029db9c958c13b6558c7"}, "host": {"name": "CLIENT7.breach.local"}, "log": {"level": "information"}, "process": {"args": ["C:\\Windows\\system32\\svchost.exe", "-k", "netsvcs", "-p", "-s", "wuauserv"], "command_line": "C:\\Windows\\system32\\svchost.exe -k netsvcs -p -s wuauserv", "entity_id": "{416dd0c5-832c-677f-7500-000000001400}", "executable": "C:\\Windows\\System32\\svchost.exe", "hash": {"md5": "f586835082f632dc8d9404d83bc16316", "sha1": "010db07461e45b41c886192df6fd425ba8d42d82", "sha256": "643ec58e82e0272c97c2a59f6020970d881af19c0ad5029db9c958c13b6558c7"}, "name": "svchost.exe", "parent": {"args": ["C:\\Windows\\system32\\services.exe"], "command_line": "C:\\Windows\\system32\\services.exe", "entity_id": "{416dd0c5-8318-677f-0b00-000000001400}", "executable": "C:\\Windows\\System32\\services.exe", "name": "services.exe", "pid": 624}, "pe": {"imphash": "f9bbd96fae53b7a31264a703cafa0666"}, "pid": 6072, "working_directory": "C:\\Windows\\system32\\"}, "related": {"hash": ["010db07461e45b41c886192df6fd425ba8d42d82", "f586835082f632dc8d9404d83bc16316", "643ec58e82e0272c97c2a59f6020970d881af19c0ad5029db9c958c13b6558c7", "f9bbd96fae53b7a31264a703cafa0666"], "user": "SYSTEM"}, "user": {"domain": "NT AUTHORITY", "name": "SYSTEM"}, "winlog": {"api": "wineventlog", "channel": "Microsoft-Windows-Sysmon/Operational", "computer_name": "CLIENT7.breach.local", "event_data": {"Company": "Microsoft Corporation", "Description": "Host Process for Windows Services", "FileVersion": "10.0.19041.546 (WinBuild.160101.0800)", "IntegrityLevel": "System", "LogonGuid": "{416dd0c5-8318-677f-e703-000000000000}", "LogonId": "0x3e7", "OriginalFileName": "svchost.exe", "ParentUser": "NT AUTHORITY\\SYSTEM", "Product": "Microsoft\u00ae Windows\u00ae Operating System", "RuleName": "-", "TerminalSessionId": "0"}, "event_id": 1, "opcode": "Info", "process": {"pid": 2968, "thread": {"id": 3508}}, "provider_guid": "{5770385f-c22a-43e0-bf4c-06f5698ffbd9}", "provider_name": "Microsoft-Windows-Sysmon", "record_id": 3594756, "task": "Process Create (rule: ProcessCreate)", "user": {"domain": "NT AUTHORITY", "identifier": "S-1-5-18", "name": "SYSTEM", "type": "User"}, "version": 5}}
{"@timestamp": "2025-01-09T08:05:00.798Z", "agent": {"ephemeral_id": "bb64d7a7-091c-4137-a687-7e2730f981d8", "hostname": "CLIENT7", "id": "c35095e9-5f9f-4084-a651-3aaa2966847a", "name": "CLIENT7", "type": "winlogbeat", "version": "7.10.2"}, "ecs": {"version": "1.5.0"}, "event": {"action": "Process Create (rule: ProcessCreate)", "category": ["process"], "code": 1, "created": "2025-01-09T08:06:54.132Z", "kind": "event", "module": "sysmon", "provider": "Microsoft-Windows-Sysmon", "type": ["start", "process_start"]}, "hash": {"imphash": "b71cb3ac5c352bec857c940cbc95f0f3", "md5": "60ff40cfd7fb8fe41ee4fe9ae5fe1c51", "sha1": "3ea7cc066317ac45f963c2227c4c7c50aa16eb7c", "sha256": "2198a7b58bccb758036b969ddae6cc2ece07565e2659a7c541a313a0492231a3"}, "host": {"name": "CLIENT7.breach.local"}, "log": {"level": "information"}, "process": {"args": ["C:\\Windows\\system32\\wbem\\wmiprvse.exe", "-secured", "-Embedding"], "command_line": "C:\\Windows\\system32\\wbem\\wmiprvse.exe -secured -Embedding", "entity_id": "{416dd0c5-832c-677f-7600-000000001400}", "executable": "C:\\Windows\\System32\\wbem\\WmiPrvSE.exe", "hash": {"md5": "60ff40cfd7fb8fe41ee4fe9ae5fe1c51", "sha1": "3ea7cc066317ac45f963c2227c4c7c50aa16eb7c", "sha256": "2198a7b58bccb758036b969ddae6cc2ece07565e2659a7c541a313a0492231a3"}, "name": "WmiPrvSE.exe", "parent": {"args": ["C:\\Windows\\system32\\svchost.exe", "-k", "DcomLaunch", "-p"], "command_line": "C:\\Windows\\system32\\svchost.exe -k DcomLaunch -p", "entity_id": "{416dd0c5-8319-677f-0f00-000000001400}", "executable": "C:\\Windows\\System32\\svchost.exe", "name": "svchost.exe", "pid": 756}, "pe": {"imphash": "b71cb3ac5c352bec857c940cbc95f0f3"}, "pid": 6120, "working_directory": "C:\\Windows\\system32\\"}, "related": {"hash": ["3ea7cc066317ac45f963c2227c4c7c50aa16eb7c", "60ff40cfd7fb8fe41ee4fe9ae5fe1c51", "2198a7b58bccb758036b969ddae6cc2ece07565e2659a7c541a313a0492231a3", "b71cb3ac5c352bec857c940cbc95f0f3"], "user": "NETWORK SERVICE"}, "user": {"domain": "NT AUTHORITY", "name": "NETWORK SERVICE"}, "winlog": {"api": "wineventlog", "channel": "Microsoft-Windows-Sysmon/Operational", "computer_name": "CLIENT7.breach.local", "event_data": {"Company": "Microsoft Corporation", "Description": "WMI Provider Host", "FileVersion": "10.0.19041.546 (WinBuild.160101.0800)", "IntegrityLevel": "System", "LogonGuid": "{416dd0c5-8319-677f-e403-000000000000}", "LogonId": "0x3e4", "OriginalFileName": "Wmiprvse.exe", "ParentUser": "NT AUTHORITY\\SYSTEM", "Product": "Microsoft\u00ae Windows\u00ae Operating System", "RuleName": "-", "TerminalSessionId": "0"}, "event_id": 1, "opcode": "Info", "process": {"pid": 2968, "thread": {"id": 3508}}, "provider_guid": "{5770385f-c22a-43e0-bf4c-06f5698ffbd9}", "provider_name": "Microsoft-Windows-Sysmon", "record_id": 3594821, "task": "Process Create (rule: ProcessCreate)", "user": {"domain": "NT AUTHORITY", "identifier": "S-1-5-18", "name": "SYSTEM", "type": "User"}, "version": 5}}
{"@timestamp": "2025-01-09T08:05:01.238Z", "agent": {"ephemeral_id": "bb64d7a7-091c-4137-a687-7e2730f981d8", "hostname": "CLIENT7", "id": "c35095e9-5f9f-4084-a651-3aaa2966847a", "name": "CLIENT7", "type": "winlogbeat", "version": "7.10.2"}, "ecs": {"version": "1.5.0"}, "event": {"action": "Process Create (rule: ProcessCreate)", "category": ["process"], "code": 1, "created": "2025-01-09T08:06:54.239Z", "kind": "event", "module": "sysmon", "provider": "Microsoft-Windows-Sysmon", "type": ["start", "process_start"]}, "hash": {"imphash": "f247d587e13b170d2246bd033539dbfb", "md5": "5990b373978022822c91c1b997b859aa", "sha1": "e65d0219e0e0c7b564d7cc71a11f145a1ee7e358", "sha256": "6e83030a6a3e447acb1d38cc07035c1fd5bd2c9e136a57ce99f3ac1be45a7d3d"}, "host": {"name": "CLIENT7.breach.local"}, "log": {"level": "information"}, "process": {"args": ["C:\\Windows\\System32\\mobsync.exe", "-Embedding"], "command_line": "C:\\Windows\\System32\\mobsync.exe -Embedding", "entity_id": "{416dd0c5-832d-677f-7700-000000001400}", "executable": "C:\\Windows\\System32\\mobsync.exe", "hash": {"md5": "5990b373978022822c91c1b997b859aa", "sha1": "e65d0219e0e0c7b564d7cc71a11f145a1ee7e358", "sha256": "6e83030a6a3e447acb1d38cc07035c1fd5bd2c9e136a57ce99f3ac1be45a7d3d"}, "name": "mobsync.exe", "parent": {"args": ["C:\\Windows\\system32\\svchost.exe", "-k", "DcomLaunch", "-p"], "command_line": "C:\\Windows\\system32\\svchost.exe -k DcomLaunch -p", "entity_id": "{416dd0c5-8319-677f-0f00-000000001400}", "executable": "C:\\Windows\\System32\\svchost.exe", "name": "svchost.exe", "pid": 756}, "pe": {"imphash": "f247d587e13b170d2246bd033539dbfb"}, "pid": 5280, "working_directory": "C:\\Windows\\system32\\"}, "related": {"hash": ["e65d0219e0e0c7b564d7cc71a11f145a1ee7e358", "5990b373978022822c91c1b997b859aa", "6e83030a6a3e447acb1d38cc07035c1fd5bd2c9e136a57ce99f3ac1be45a7d3d", "f247d587e13b170d2246bd033539dbfb"], "user": "client7"}, "user": {"domain": "BREACH", "name": "client7"}, "winlog": {"api": "wineventlog", "channel": "Microsoft-Windows-Sysmon/Operational", "computer_name": "CLIENT7.breach.local", "event_data": {"Company": "Microsoft Corporation", "Description": "Microsoft Sync Center", "FileVersion": "10.0.19041.1 (WinBuild.160101.0800)", "IntegrityLevel": "Medium", "LogonGuid": "{416dd0c5-831f-677f-6df4-030000000000}", "LogonId": "0x3f46d", "OriginalFileName": "mobsync.exe", "ParentUser": "NT AUTHORITY\\SYSTEM", "Product": "Microsoft\u00ae Windows\u00ae Operating System", "RuleName": "-", "TerminalSessionId": "1"}, "event_id": 1, "opcode": "Info", "process": {"pid": 2968, "thread": {"id": 3508}}, "provider_guid": "{5770385f-c22a-43e0-bf4c-06f5698ffbd9}", "provider_name": "Microsoft-Windows-Sysmon", "record_id": 3594890, "task": "Process Create (rule: ProcessCreate)", "user": {"domain": "NT AUTHORITY", "identifier": "S-1-5-18", "name": "SYSTEM", "type": "User"}, "version": 5}}
{"@timestamp": "2025-01-09T08:05:02.603Z", "agent": {"ephemeral_id": "bb64d7a7-091c-4137-a687-7e2730f981d8", "hostname": "CLIENT7", "id": "c35095e9-5f9f-4084-a651-3aaa2966847a", "name": "CLIENT7", "type": "winlogbeat", "version": "7.10.2"}, "ecs": {"version": "1.5.0"}, "event": {"action": "Process Create (rule: ProcessCreate)", "category": ["process"], "code": 1, "created": "2025-01-09T08:06:54.591Z", "kind": "event", "module": "sysmon", "provider": "Microsoft-Windows-Sysmon", "type": ["start", "process_start"]}, "hash": {"imphash": "f2014f5555eefec494a169deeba0fee5", "md5": "eb725ea35a13dc18eac46aa81e7f2841", "sha1": "c0b3304c970324952e18c4a51073e3bdec73440b", "sha256": "25e7624d469a592934ab8c509d12c153c2799e604c2a4b8a83650a7268577dff"}, "host": {"name": "CLIENT7.breach.local"}, "log": {"level": "information"}, "process": {"args": ["C:\\Windows\\System32\\SLUI.exe", "RuleId=3482d82e-ca2c-4e1f-8864-da0267b484b2;Action=AutoActivate;AppId=55c92734-d682-4d71-983e-d6ec3f16059f;SkuId=4de7cb65-cdf1-4de9-8ae8-e3cce27b9f2c;NotificationInterval=1440;Trigger=NetworkAvailable"], "command_line": "\"C:\\Windows\\System32\\SLUI.exe\" RuleId=3482d82e-ca2c-4e1f-8864-da0267b484b2;Action=AutoActivate;AppId=55c92734-d682-4d71-983e-d6ec3f16059f;SkuId=4de7cb65-cdf1-4de9-8ae8-e3cce27b9f2c;NotificationInterval=1440;Trigger=NetworkAvailable", "entity_id": "{416dd0c5-832e-677f-7800-000000001400}", "executable": "C:\\Windows\\System32\\slui.exe", "hash": {"md5": "eb725ea35a13dc18eac46aa81e7f2841", "sha1": "c0b3304c970324952e18c4a51073e3bdec73440b", "sha256": "25e7624d469a592934ab8c509d12c153c2799e604c2a4b8a83650a7268577dff"}, "name": "slui.exe", "parent": {"args": ["C:\\Windows\\system32\\SppExtComObj.exe", "-Embedding"], "command_line": "C:\\Windows\\system32\\SppExtComObj.exe -Embedding", "entity_id": "{416dd0c5-8327-677f-6c00-000000001400}", "executable": "C:\\Windows\\System32\\SppExtComObj.Exe", "name": "SppExtComObj.Exe", "pid": 5228}, "pe": {"imphash": "f2014f5555eefec494a169deeba0fee5"}, "pid": 3740, "working_directory": "C:\\Windows\\system32\\"}, "related": {"hash": ["c0b3304c970324952e18c4a51073e3bdec73440b", "eb725ea35a13dc18eac46aa81e7f2841", "25e7624d469a592934ab8c509d12c153c2799e604c2a4b8a83650a7268577dff", "f2014f5555eefec494a169deeba0fee5"], "user": "NETWORK SERVICE"}, "user": {"domain": "NT AUTHORITY", "name": "NETWORK SERVICE"}, "winlog": {"api": "wineventlog", "channel": "Microsoft-Windows-Sysmon/Operational", "computer_name": "CLIENT7.breach.local", "event_data": {"Company": "Microsoft Corporation", "Description": "Windows Activation Client", "FileVersion": "10.0.19041.488 (WinBuild.160101.0800)", "IntegrityLevel": "System", "LogonGuid": "{416dd0c5-8319-677f-e403-000000000000}", "LogonId": "0x3e4", "OriginalFileName": "slui.exe", "ParentUser": "NT AUTHORITY\\NETWORK SERVICE", "Product": "Microsoft\u00ae Windows\u00ae Operating System", "RuleName": "-", "TerminalSessionId": "0"}, "event_id": 1, "opcode": "Info", "process": {"pid": 2968, "thread": {"id": 3508}}, "provider_guid": "{5770385f-c22a-43e0-bf4c-06f5698ffbd9}", "provider_name": "Microsoft-Windows-Sysmon", "record_id": 3595194, "task": "Process Create (rule: ProcessCreate)", "user": {"domain": "NT AUTHORITY", "identifier": "S-1-5-18", "name": "SYSTEM", "type": "User"}, "version": 5}}
{"@timestamp": "2025-01-09T08:05:02.719Z", "agent": {"ephemeral_id": "bb64d7a7-091c-4137-a687-7e2730f981d8", "hostname": "CLIENT7", "id": "c35095e9-5f9f-4084-a651-3aaa2966847a", "name": "CLIENT7", "type": "winlogbeat", "version": "7.10.2"}, "ecs": {"version": "1.5.0"}, "event": {"action": "Logon", "code": 4624, "created": "2025-01-09T08:06:46.112Z", "kind": "event", "outcome": "success", "provider": "Microsoft-Windows-Security-Auditing"}, "host": {"name": "CLIENT7.breach.local"}, "log": {"level": "information"}, "winlog": {"activity_id": "{1f013968-626d-0000-f339-011f6d62db01}", "api": "wineventlog", "channel": "Security", "computer_name": "CLIENT7.breach.local", "event_data": {"AuthenticationPackageName": "Kerberos", "ElevatedToken": "%%1842", "ImpersonationLevel": "%%1833", "IpAddress": "-", "IpPort": "-", "KeyLength": "0", "LmPackageName": "-", "LogonGuid": "{1141f626-5d51-536c-76c2-55015de34ee0}", "LogonProcessName": "Kerberos", "LogonType": "3", "ProcessId": "0x0", "ProcessName": "-", "RestrictedAdminMode": "-", "SubjectDomainName": "-", "SubjectLogonId": "0x0", "SubjectUserName": "-", "SubjectUserSid": "S-1-0-0", "TargetDomainName": "BREACH.LOCAL", "TargetLinkedLogonId": "0x0", "TargetLogonId": "0xd7cc9", "TargetOutboundDomainName": "-", "TargetOutboundUserName": "-", "TargetUserName": "CLIENT7$", "TargetUserSid": "S-1-5-18", "TransmittedServices": "-", "VirtualAccount": "%%1843", "WorkstationName": "CLIENT7         "}, "event_id": 4624, "keywords": ["Audit Success"], "opcode": "Info", "process": {"pid": 636, "thread": {"id": 692}}, "provider_guid": "{54849625-5478-4994-a5ba-3e3b0328c30d}", "provider_name": "Microsoft-Windows-Security-Auditing", "record_id": 28899, "task": "Logon", "version": 2}}
{"@timestamp": "2025-01-09T08:05:02.719Z", "agent": {"ephemeral_id": "bb64d7a7-091c-4137-a687-7e2730f981d8", "hostname": "CLIENT7", "id": "c35095e9-5f9f-4084-a651-3aaa2966847a", "name": "CLIENT7", "type": "winlogbeat", "version": "7.10.2"}, "ecs": {"version": "1.5.0"}, "event": {"action": "Logon", "code": 4648, "created": "2025-01-09T08:06:46.112Z", "kind": "event", "outcome": "success", "provider": "Microsoft-Windows-Security-Auditing"}, "host": {"name": "CLIENT7.breach.local"}, "log": {"level": "information"}, "winlog": {"activity_id": "{1f013968-626d-0000-f339-011f6d62db01}", "api": "wineventlog", "channel": "Security", "computer_name": "CLIENT7.breach.local", "event_data": {"IpAddress": "-", "IpPort": "-", "LogonGuid": "{00000000-0000-0000-0000-000000000000}", "ProcessId": "0x698", "ProcessName": "C:\\Windows\\System32\\taskhostw.exe", "SubjectDomainName": "BREACH", "SubjectLogonId": "0x3e7", "SubjectUserName": "CLIENT7$", "SubjectUserSid": "S-1-5-18", "TargetDomainName": "BREACH.LOCAL", "TargetInfo": "client7$", "TargetLogonGuid": "{1141f626-5d51-536c-76c2-55015de34ee0}", "TargetServerName": "client7$", "TargetUserName": "CLIENT7$"}, "event_id": 4648, "keywords": ["Audit Success"], "opcode": "Info", "process": {"pid": 636, "thread": {"id": 692}}, "provider_guid": "{54849625-5478-4994-a5ba-3e3b0328c30d}", "provider_name": "Microsoft-Windows-Security-Auditing", "record_id": 28897, "task": "Logon"}}
{"@timestamp": "2025-01-09T08:05:02.719Z", "agent": {"ephemeral_id": "bb64d7a7-091c-4137-a687-7e2730f981d8", "hostname": "CLIENT7", "id": "c35095e9-5f9f-4084-a651-3aaa2966847a", "name": "CLIENT7", "type": "winlogbeat", "version": "7.10.2"}, "ecs": {"version": "1.5.0"}, "event": {"action": "Special Logon", "code": 4672, "created": "2025-01-09T08:06:46.112Z", "kind": "event", "outcome": "success", "provider": "Microsoft-Windows-Security-Auditing"}, "host": {"name": "CLIENT7.breach.local"}, "log": {"level": "information"}, "winlog": {"activity_id": "{1f013968-626d-0000-f339-011f6d62db01}", "api": "wineventlog", "channel": "Security", "computer_name": "CLIENT7.breach.local", "event_data": {"PrivilegeList": "SeSecurityPrivilege\n\t\t\tSeBackupPrivilege\n\t\t\tSeRestorePrivilege\n\t\t\tSeTakeOwnershipPrivilege\n\t\t\tSeDebugPrivilege\n\t\t\tSeSystemEnvironmentPrivilege\n\t\t\tSeLoadDriverPrivilege\n\t\t\tSeImpersonatePrivilege\n\t\t\tSeDelegateSessionUserImpersonatePrivilege", "SubjectDomainName": "BREACH", "SubjectLogonId": "0xd7cc9", "SubjectUserName": "CLIENT7$", "SubjectUserSid": "S-1-5-18"}, "event_id": 4672, "keywords": ["Audit Success"], "opcode": "Info", "process": {"pid": 636, "thread": {"id": 692}}, "provider_guid": "{54849625-5478-4994-a5ba-3e3b0328c30d}", "provider_name": "Microsoft-Windows-Security-Auditing", "record_id": 28898, "task": "Special Logon"}}
{"@timestamp": "2025-01-09T08:05:02.721Z", "agent": {"ephemeral_id": "bb64d7a7-091c-4137-a687-7e2730f981d8", "hostname": "CLIENT7", "id": "c35095e9-5f9f-4084-a651-3aaa2966847a", "name": "CLIENT7", "type": "winlogbeat", "version": "7.10.2"}, "ecs": {"version": "1.5.0"}, "event": {"action": "Logoff", "code": 4634, "created": "2025-01-09T08:06:46.112Z", "kind": "event", "outcome": "success", "provider": "Microsoft-Windows-Security-Auditing"}, "host": {"name": "CLIENT7.breach.local"}, "log": {"level": "information"}, "winlog": {"api": "wineventlog", "channel": "Security", "computer_name": "CLIENT7.breach.local", "event_data": {"LogonType": "3", "TargetDomainName": "BREACH", "TargetLogonId": "0xd7cc9", "TargetUserName": "CLIENT7$", "TargetUserSid": "S-1-5-18"}, "event_id": 4634, "keywords": ["Audit Success"], "opcode": "Info", "process": {"pid": 636, "thread": {"id": 692}}, "provider_guid": "{54849625-5478-4994-a5ba-3e3b0328c30d}", "provider_name": "Microsoft-Windows-Security-Auditing", "record_id": 28900, "task": "Logoff"}}
{"@timestamp": "2025-01-09T08:05:03.132Z", "agent": {"ephemeral_id": "bb64d7a7-091c-4137-a687-7e2730f981d8", "hostname": "CLIENT7", "id": "c35095e9-5f9f-4084-a651-3aaa2966847a", "name": "CLIENT7", "type": "winlogbeat", "version": "7.10.2"}, "ecs": {"version": "1.5.0"}, "event": {"action": "Process Create (rule: ProcessCreate)", "category": ["process"], "code": 1, "created": "2025-01-09T08:06:54.815Z", "kind": "event", "module": "sysmon", "provider": "Microsoft-Windows-Sysmon", "type": ["start", "process_start"]}, "hash": {"imphash": "9dae31efdd1938d98cfed21a148fac3b", "md5": "911d9d803989fa9d6bc44a25312db06e", "sha1": "b3cb6d9afacfae1fc1e3c20a461eaade72eed4fb", "sha256": "6e43fd39c25b6b216e8acf72f8ef420b811506dfaf0e6f23e21f4708be36f048"}, "host": {"name": "CLIENT7.breach.local"}, "log": {"level": "information"}, "process": {"args": ["C:\\Windows\\System32\\WaaSMedicAgent.exe", "f45c417644d8dc71e437b0758a58a0c5", "FIoWWqi8QUKjzmbeDXFUGA.0.1.0.0.0"], "command_line": "C:\\Windows\\System32\\WaaSMedicAgent.exe f45c417644d8dc71e437b0758a58a0c5 FIoWWqi8QUKjzmbeDXFUGA.0.1.0.0.0", "entity_id": "{416dd0c5-832f-677f-7900-000000001400}", "executable": "C:\\Windows\\System32\\WaaSMedicAgent.exe", "hash": {"md5": "911d9d803989fa9d6bc44a25312db06e", "sha1": "b3cb6d9afacfae1fc1e3c20a461eaade72eed4fb", "sha256": "6e43fd39c25b6b216e8acf72f8ef420b811506dfaf0e6f23e21f4708be36f048"}, "name": "WaaSMedicAgent.exe", "parent": {"args": ["C:\\Windows\\system32\\svchost.exe", "-k", "wusvcs", "-p", "-s", "WaaSMedicSvc"], "command_line": "C:\\Windows\\system32\\svchost.exe -k wusvcs -p -s WaaSMedicSvc", "entity_id": "{416dd0c5-831a-677f-2a00-000000001400}", "executable": "C:\\Windows\\System32\\svchost.exe", "name": "svchost.exe", "pid": 1828}, "pe": {"imphash": "9dae31efdd1938d98cfed21a148fac3b"}, "pid": 5928, "working_directory": "C:\\Windows\\system32\\"}, "related": {"hash": ["b3cb6d9afacfae1fc1e3c20a461eaade72eed4fb", "911d9d803989fa9d6bc44a25312db06e", "6e43fd39c25b6b216e8acf72f8ef420b811506dfaf0e6f23e21f4708be36f048", "9dae31efdd1938d98cfed21a148fac3b"], "user": "SYSTEM"}, "user": {"domain": "NT AUTHORITY", "name": "SYSTEM"}, "winlog": {"api": "wineventlog", "channel": "Microsoft-Windows-Sysmon/Operational", "computer_name": "CLIENT7.breach.local", "event_data": {"Company": "Microsoft Corporation", "Description": "WaasMedic Agent Exe", "FileVersion": "10.0.19041.662 (WinBuild.160101.0800)", "IntegrityLevel": "System", "LogonGuid": "{416dd0c5-8318-677f-e703-000000000000}", "LogonId": "0x3e7", "OriginalFileName": "WaasMedicAgent.exe", "ParentUser": "NT AUTHORITY\\SYSTEM", "Product": "Microsoft\u00ae Windows\u00ae Operating System", "RuleName": "-", "TerminalSessionId": "0"}, "event_id": 1, "opcode": "Info", "process": {"pid": 2968, "thread": {"id": 3508}}, "provider_guid": "{5770385f-c22a-43e0-bf4c-06f5698ffbd9}", "provider_name": "Microsoft-Windows-Sysmon", "record_id": 3595397, "task": "Process Create (rule: ProcessCreate)", "user": {"domain": "NT AUTHORITY", "identifier": "S-1-5-18", "name": "SYSTEM", "type": "User"}, "version": 5}}
{"@timestamp": "2025-01-09T08:05:03.161Z", "agent": {"ephemeral_id": "bb64d7a7-091c-4137-a687-7e2730f981d8", "hostname": "CLIENT7", "id": "c35095e9-5f9f-4084-a651-3aaa2966847a", "name": "CLIENT7", "type": "winlogbeat", "version": "7.10.2"}, "ecs": {"version": "1.5.0"}, "event": {"action": "Process Create (rule: ProcessCreate)", "category": ["process"], "code": 1, "created": "2025-01-09T08:06:54.816Z", "kind": "event", "module": "sysmon", "provider": "Microsoft-Windows-Sysmon", "type": ["start", "process_start"]}, "hash": {"imphash": "affe8c3be3bbe4f0ac2ef124256f372d", "md5": "ce1a079265e7a92863baad92de538d72", "sha1": "9d48d4b78cbbfb22c9ee9070f713b35cd2a6a6eb", "sha256": "16c7a815a4a313d2c79816b3839376cc4d732dc0b136ee246ac77ffed543a3c4"}, "host": {"name": "CLIENT7.breach.local"}, "log": {"level": "information"}, "process": {"args": ["\\??\\C:\\Windows\\system32\\conhost.exe", "0xffffffff", "-ForceV1"], "command_line": "\\??\\C:\\Windows\\system32\\conhost.exe 0xffffffff -ForceV1", "entity_id": "{416dd0c5-832f-677f-7a00-000000001400}", "executable": "C:\\Windows\\System32\\conhost.exe", "hash": {"md5": "ce1a079265e7a92863baad92de538d72", "sha1": "9d48d4b78cbbfb22c9ee9070f713b35cd2a6a6eb", "sha256": "16c7a815a4a313d2c79816b3839376cc4d732dc0b136ee246ac77ffed543a3c4"}, "name": "conhost.exe", "parent": {"args": ["C:\\Windows\\System32\\WaaSMedicAgent.exe", "f45c417644d8dc71e437b0758a58a0c5", "FIoWWqi8QUKjzmbeDXFUGA.0.1.0.0.0"], "command_line": "C:\\Windows\\System32\\WaaSMedicAgent.exe f45c417644d8dc71e437b0758a58a0c5 FIoWWqi8QUKjzmbeDXFUGA.0.1.0.0.0", "entity_id": "{416dd0c5-832f-677f-7900-000000001400}", "executable": "C:\\Windows\\System32\\WaaSMedicAgent.exe", "name": "WaaSMedicAgent.exe", "pid": 5928}, "pe": {"imphash": "affe8c3be3bbe4f0ac2ef124256f372d"}, "pid": 5924, "working_directory": "C:\\Windows"}, "related": {"hash": ["9d48d4b78cbbfb22c9ee9070f713b35cd2a6a6eb", "ce1a079265e7a92863baad92de538d72", "16c7a815a4a313d2c79816b3839376cc4d732dc0b136ee246ac77ffed543a3c4", "affe8c3be3bbe4f0ac2ef124256f372d"], "user": "SYSTEM"}, "user": {"domain": "NT AUTHORITY", "name": "SYSTEM"}, "winlog": {"api": "wineventlog", "channel": "Microsoft-Windows-Sysmon/Operational", "computer_name": "CLIENT7.breach.local", "event_data": {"Company": "Microsoft Corporation", "Description": "Console Window Host", "FileVersion": "10.0.19041.746 (WinBuild.160101.0800)", "IntegrityLevel": "System", "LogonGuid": "{416dd0c5-8318-677f-e703-000000000000}", "LogonId": "0x3e7", "OriginalFileName": "CONHOST.EXE", "ParentUser": "NT AUTHORITY\\SYSTEM", "Product": "Microsoft\u00ae Windows\u00ae Operating System", "RuleName": "-", "TerminalSessionId": "0"}, "event_id": 1, "opcode": "Info", "process": {"pid": 2968, "thread": {"id": 3508}}, "provider_guid": "{5770385f-c22a-43e0-bf4c-06f5698ffbd9}", "provider_name": "Microsoft-Windows-Sysmon", "record_id": 3595405, "task": "Process Create (rule: ProcessCreate)", "user": {"domain": "NT AUTHORITY", "identifier": "S-1-5-18", "name": "SYSTEM", "type": "User"}, "version": 5}}
{"@timestamp": "2025-01-09T08:05:04.201Z", "agent": {"ephemeral_id": "bb64d7a7-091c-4137-a687-7e2730f981d8", "hostname": "CLIENT7", "id": "c35095e9-5f9f-4084-a651-3aaa2966847a", "name": "CLIENT7", "type": "winlogbeat", "version": "7.10.2"}, "ecs": {"version": "1.5.0"}, "event": {"action": "Process Create (rule: ProcessCreate)", "category": ["process"], "code": 1, "created": "2025-01-09T08:06:54.973Z", "kind": "event", "module": "sysmon", "provider": "Microsoft-Windows-Sysmon", "type": ["start", "process_start"]}, "hash": {"imphash": "f9bbd96fae53b7a31264a703cafa0666", "md5": "f586835082f632dc8d9404d83bc16316", "sha1": "010db07461e45b41c886192df6fd425ba8d42d82", "sha256": "643ec58e82e0272c97c2a59f6020970d881af19c0ad5029db9c958c13b6558c7"}, "host": {"name": "CLIENT7.breach.local"}, "log": {"level": "information"}, "process": {"args": ["C:\\Windows\\System32\\svchost.exe", "-k", "NetworkService", "-p", "-s", "DoSvc"], "command_line": "C:\\Windows\\System32\\svchost.exe -k NetworkService -p -s DoSvc", "entity_id": "{416dd0c5-8330-677f-7b00-000000001400}", "executable": "C:\\Windows\\System32\\svchost.exe", "hash": {"md5": "f586835082f632dc8d9404d83bc16316", "sha1": "010db07461e45b41c886192df6fd425ba8d42d82", "sha256": "643ec58e82e0272c97c2a59f6020970d881af19c0ad5029db9c958c13b6558c7"}, "name": "svchost.exe", "parent": {"args": ["C:\\Windows\\system32\\services.exe"], "command_line": "C:\\Windows\\system32\\services.exe", "entity_id": "{416dd0c5-8318-677f-0b00-000000001400}", "executable": "C:\\Windows\\System32\\services.exe", "name": "services.exe", "pid": 624}, "pe": {"imphash": "f9bbd96fae53b7a31264a703cafa0666"}, "pid": 5496, "working_directory": "C:\\Windows\\system32\\"}, "related": {"hash": ["010db07461e45b41c886192df6fd425ba8d42d82", "f586835082f632dc8d9404d83bc16316", "643ec58e82e0272c97c2a59f6020970d881af19c0ad5029db9c958c13b6558c7", "f9bbd96fae53b7a31264a703cafa0666"], "user": "NETWORK SERVICE"}, "user": {"domain": "NT AUTHORITY", "name": "NETWORK SERVICE"}, "winlog": {"api": "wineventlog", "channel": "Microsoft-Windows-Sysmon/Operational", "computer_name": "CLIENT7.breach.local", "event_data": {"Company": "Microsoft Corporation", "Description": "Host Process for Windows Services", "FileVersion": "10.0.19041.546 (WinBuild.160101.0800)", "IntegrityLevel": "System", "LogonGuid": "{416dd0c5-8319-677f-e403-000000000000}", "LogonId": "0x3e4", "OriginalFileName": "svchost.exe", "ParentUser": "NT AUTHORITY\\SYSTEM", "Product": "Microsoft\u00ae Windows\u00ae Operating System", "RuleName": "-", "TerminalSessionId": "0"}, "event_id": 1, "opcode": "Info", "process": {"pid": 2968, "thread": {"id": 3508}}, "provider_guid": "{5770385f-c22a-43e0-bf4c-06f5698ffbd9}", "provider_name": "Microsoft-Windows-Sysmon", "record_id": 3595494, "task": "Process Create (rule: ProcessCreate)", "user": {"domain": "NT AUTHORITY", "identifier": "S-1-5-18", "name": "SYSTEM", "type": "User"}, "version": 5}}
{"@timestamp": "2025-01-09T08:05:04.506Z", "agent": {"ephemeral_id": "bb64d7a7-091c-4137-a687-7e2730f981d8", "hostname": "CLIENT7", "id": "c35095e9-5f9f-4084-a651-3aaa2966847a", "name": "CLIENT7", "type": "winlogbeat", "version": "7.10.2"}, "ecs": {"version": "1.5.0"}, "event": {"action": "Process Create (rule: ProcessCreate)", "category": ["process"], "code": 1, "created": "2025-01-09T08:06:55.101Z", "kind": "event", "module": "sysmon", "provider": "Microsoft-Windows-Sysmon", "type": ["start", "process_start"]}, "hash": {"imphash": "cf79fce90fced31836373f3e48251a5d", "md5": "08eb78e5be019df044c26b14703bd1fa", "sha1": "2ce12a317bebf8293f3544433a55d972a5967996", "sha256": "e7fc40b41aa8b83841a0b96d169eaf0800aa784733e636935374d56536253f10"}, "host": {"name": "CLIENT7.breach.local"}, "log": {"level": "information"}, "process": {"args": ["C:\\Windows\\system32\\DllHost.exe", "/Processid:{338B40F9-9D68-4B53-A793-6B9AA0C5F63B}"], "command_line": "C:\\Windows\\system32\\DllHost.exe /Processid:{338B40F9-9D68-4B53-A793-6B9AA0C5F63B}", "entity_id": "{416dd0c5-8330-677f-7c00-000000001400}", "executable": "C:\\Windows\\System32\\dllhost.exe", "hash": {"md5": "08eb78e5be019df044c26b14703bd1fa", "sha1": "2ce12a317bebf8293f3544433a55d972a5967996", "sha256": "e7fc40b41aa8b83841a0b96d169eaf0800aa784733e636935374d56536253f10"}, "name": "dllhost.exe", "parent": {"args": ["C:\\Windows\\system32\\svchost.exe", "-k", "DcomLaunch", "-p"], "command_line": "C:\\Windows\\system32\\svchost.exe -k DcomLaunch -p", "entity_id": "{416dd0c5-8319-677f-0f00-000000001400}", "executable": "C:\\Windows\\System32\\svchost.exe", "name": "svchost.exe", "pid": 756}, "pe": {"imphash": "cf79fce90fced31836373f3e48251a5d"}, "pid": 352, "working_directory": "C:\\Windows\\system32\\"}, "related": {"hash": ["2ce12a317bebf8293f3544433a55d972a5967996", "08eb78e5be019df044c26b14703bd1fa", "e7fc40b41aa8b83841a0b96d169eaf0800aa784733e636935374d56536253f10", "cf79fce90fced31836373f3e48251a5d"], "user": "client7"}, "user": {"domain": "BREACH", "name": "client7"}, "winlog": {"api": "wineventlog", "channel": "Microsoft-Windows-Sysmon/Operational", "computer_name": "CLIENT7.breach.local", "event_data": {"Company": "Microsoft Corporation", "Description": "COM Surrogate", "FileVersion": "10.0.19041.546 (WinBuild.160101.0800)", "IntegrityLevel": "Medium", "LogonGuid": "{416dd0c5-831f-677f-6df4-030000000000}", "LogonId": "0x3f46d", "OriginalFileName": "dllhost.exe", "ParentUser": "NT AUTHORITY\\SYSTEM", "Product": "Microsoft\u00ae Windows\u00ae Operating System", "RuleName": "-", "TerminalSessionId": "1"}, "event_id": 1, "opcode": "Info", "process": {"pid": 2968, "thread": {"id": 3508}}, "provider_guid": "{5770385f-c22a-43e0-bf4c-06f5698ffbd9}", "provider_name": "Microsoft-Windows-Sysmon", "record_id": 3595561, "task": "Process Create (rule: ProcessCreate)", "user": {"domain": "NT AUTHORITY", "identifier": "S-1-5-18", "name": "SYSTEM", "type": "User"}, "version": 5}}
{"@timestamp": "2025-01-09T08:05:04.573Z", "agent": {"ephemeral_id": "bb64d7a7-091c-4137-a687-7e2730f981d8", "hostname": "CLIENT7", "id": "c35095e9-5f9f-4084-a651-3aaa2966847a", "name": "CLIENT7", "type": "winlogbeat", "version": "7.10.2"}, "ecs": {"version": "1.5.0"}, "event": {"action": "Logon", "code": 4624, "created": "2025-01-09T08:06:46.112Z", "kind": "event", "outcome": "success", "provider": "Microsoft-Windows-Security-Auditing"}, "host": {"name": "CLIENT7.breach.local"}, "log": {"level": "information"}, "winlog": {"activity_id": "{1f013968-626d-0000-f339-011f6d62db01}", "api": "wineventlog", "channel": "Security", "computer_name": "CLIENT7.breach.local", "event_data": {"AuthenticationPackageName": "Negotiate", "ElevatedToken": "%%1842", "ImpersonationLevel": "%%1833", "IpAddress": "-", "IpPort": "-", "KeyLength": "0", "LmPackageName": "-", "LogonGuid": "{00000000-0000-0000-0000-000000000000}", "LogonProcessName": "Advapi  ", "LogonType": "5", "ProcessId": "0x270", "ProcessName": "C:\\Windows\\System32\\services.exe", "RestrictedAdminMode": "-", "SubjectDomainName": "BREACH", "SubjectLogonId": "0x3e7", "SubjectUserName": "CLIENT7$", "SubjectUserSid": "S-1-5-18", "TargetDomainName": "NT AUTHORITY", "TargetLinkedLogonId": "0x0", "TargetLogonId": "0x3e7", "TargetOutboundDomainName": "-", "TargetOutboundUserName": "-", "TargetUserName": "SYSTEM", "TargetUserSid": "S-1-5-18", "TransmittedServices": "-", "VirtualAccount": "%%1843", "WorkstationName": "-"}, "event_id": 4624, "keywords": ["Audit Success"], "opcode": "Info", "process": {"pid": 636, "thread": {"id": 2792}}, "provider_guid": "{54849625-5478-4994-a5ba-3e3b0328c30d}", "provider_name": "Microsoft-Windows-Security-Auditing", "record_id": 28905, "task": "Logon", "version": 2}}
{"@timestamp": "2025-01-09T08:05:04.573Z", "agent": {"ephemeral_id": "bb64d7a7-091c-4137-a687-7e2730f981d8", "hostname": "CLIENT7", "id": "c35095e9-5f9f-4084-a651-3aaa2966847a", "name": "CLIENT7", "type": "winlogbeat", "version": "7.10.2"}, "ecs": {"version": "1.5.0"}, "event": {"action": "Process Create (rule: ProcessCreate)", "category": ["process"], "code": 1, "created": "2025-01-09T08:06:55.110Z", "kind": "event", "module": "sysmon", "provider": "Microsoft-Windows-Sysmon", "type": ["start", "process_start"]}, "hash": {"imphash": "f9bbd96fae53b7a31264a703cafa0666", "md5": "f586835082f632dc8d9404d83bc16316", "sha1": "010db07461e45b41c886192df6fd425ba8d42d82", "sha256": "643ec58e82e0272c97c2a59f6020970d881af19c0ad5029db9c958c13b6558c7"}, "host": {"name": "CLIENT7.breach.local"}, "log": {"level": "information"}, "process": {"args": ["C:\\Windows\\System32\\svchost.exe", "-k", "LocalSystemNetworkRestricted", "-p", "-s", "StorSvc"], "command_line": "C:\\Windows\\System32\\svchost.exe -k LocalSystemNetworkRestricted -p -s StorSvc", "entity_id": "{416dd0c5-8330-677f-7d00-000000001400}", "executable": "C:\\Windows\\System32\\svchost.exe", "hash": {"md5": "f586835082f632dc8d9404d83bc16316", "sha1": "010db07461e45b41c886192df6fd425ba8d42d82", "sha256": "643ec58e82e0272c97c2a59f6020970d881af19c0ad5029db9c958c13b6558c7"}, "name": "svchost.exe", "parent": {"args": ["C:\\Windows\\system32\\services.exe"], "command_line": "C:\\Windows\\system32\\services.exe", "entity_id": "{416dd0c5-8318-677f-0b00-000000001400}", "executable": "C:\\Windows\\System32\\services.exe", "name": "services.exe", "pid": 624}, "pe": {"imphash": "f9bbd96fae53b7a31264a703cafa0666"}, "pid": 2828, "working_directory": "C:\\Windows\\system32\\"}, "related": {"hash": ["010db07461e45b41c886192df6fd425ba8d42d82", "f586835082f632dc8d9404d83bc16316", "643ec58e82e0272c97c2a59f6020970d881af19c0ad5029db9c958c13b6558c7", "f9bbd96fae53b7a31264a703cafa0666"], "user": "SYSTEM"}, "user": {"domain": "NT AUTHORITY", "name": "SYSTEM"}, "winlog": {"api": "wineventlog", "channel": "Microsoft-Windows-Sysmon/Operational", "computer_name": "CLIENT7.breach.local", "event_data": {"Company": "Microsoft Corporation", "Description": "Host Process for Windows Services", "FileVersion": "10.0.19041.546 (WinBuild.160101.0800)", "IntegrityLevel": "System", "LogonGuid": "{416dd0c5-8318-677f-e703-000000000000}", "LogonId": "0x3e7", "OriginalFileName": "svchost.exe", "ParentUser": "NT AUTHORITY\\SYSTEM", "Product": "Microsoft\u00ae Windows\u00ae Operating System", "RuleName": "-", "TerminalSessionId": "0"}, "event_id": 1, "opcode": "Info", "process": {"pid": 2968, "thread": {"id": 3508}}, "provider_guid": "{5770385f-c22a-43e0-bf4c-06f5698ffbd9}", "provider_name": "Microsoft-Windows-Sysmon", "record_id": 3595611, "task": "Process Create (rule: ProcessCreate)", "user": {"domain": "NT AUTHORITY", "identifier": "S-1-5-18", "name": "SYSTEM", "type": "User"}, "version": 5}}
{"@timestamp": "2025-01-09T08:05:04.573Z", "agent": {"ephemeral_id": "bb64d7a7-091c-4137-a687-7e2730f981d8", "hostname": "CLIENT7", "id": "c35095e9-5f9f-4084-a651-3aaa2966847a", "name": "CLIENT7", "type": "winlogbeat", "version": "7.10.2"}, "ecs": {"version": "1.5.0"}, "event": {"action": "Special Logon", "code": 4672, "created": "2025-01-09T08:06:46.112Z", "kind": "event", "outcome": "success", "provider": "Microsoft-Windows-Security-Auditing"}, "host": {"name": "CLIENT7.breach.local"}, "log": {"level": "information"}, "winlog": {"activity_id": "{1f013968-626d-0000-f339-011f6d62db01}", "api": "wineventlog", "channel": "Security", "computer_name": "CLIENT7.breach.local", "event_data": {"PrivilegeList": "SeAssignPrimaryTokenPrivilege\n\t\t\tSeTcbPrivilege\n\t\t\tSeSecurityPrivilege\n\t\t\tSeTakeOwnershipPrivilege\n\t\t\tSeLoadDriverPrivilege\n\t\t\tSeBackupPrivilege\n\t\t\tSeRestorePrivilege\n\t\t\tSeDebugPrivilege\n\t\t\tSeAuditPrivilege\n\t\t\tSeSystemEnvironmentPrivilege\n\t\t\tSeImpersonatePrivilege\n\t\t\tSeDelegateSessionUserImpersonatePrivilege", "SubjectDomainName": "NT AUTHORITY", "SubjectLogonId": "0x3e7", "SubjectUserName": "SYSTEM", "SubjectUserSid": "S-1-5-18"}, "event_id": 4672, "keywords": ["Audit Success"], "opcode": "Info", "process": {"pid": 636, "thread": {"id": 2792}}, "provider_guid": "{54849625-5478-4994-a5ba-3e3b0328c30d}", "provider_name": "Microsoft-Windows-Security-Auditing", "record_id": 28906, "task": "Special Logon"}}
