{"@timestamp": "2025-01-09T09:51:16.686Z", "agent": {"ephemeral_id": "1e814a38-5deb-4fe3-86fc-a742136d3b18", "hostname": "CLIENT9", "id": "c35095e9-5f9f-4084-a651-3aaa2966847a", "name": "CLIENT9", "type": "winlogbeat", "version": "7.10.2"}, "ecs": {"version": "1.5.0"}, "event": {"action": "Process Create (rule: ProcessCreate)", "category": ["process"], "code": 1, "created": "2025-01-09T09:56:19.680Z", "kind": "event", "module": "sysmon", "provider": "Microsoft-Windows-Sysmon", "type": ["start", "process_start"]}, "hash": {"imphash": "51bef41e5cd278a02c17451af095c288", "md5": "585d2527c7dcc8e2c69324212f9f2964", "sha1": "ace4770f386293b92d946f872d4bb280c9b587ef", "sha256": "44761759948fcf37ed691f462bbb54d3e3064f9b70d4e0e60b5338e87c785fbe"}, "host": {"name": "CLIENT9.breach.local"}, "log": {"level": "information"}, "process": {"args": ["C:\\Program Files (x86)\\Mozilla Firefox\\firefox.exe", "-contentproc", "-isForBrowser", "-prefsHandle", "3852", "-prefsLen", "29464", "-prefMapHandle", "3856", "-prefMapSize", "267494", "-jsInitHandle", "3860", "-jsInitLen", "254356", "-parentBuildID", "20241230151726", "-ipcHandle", "3904", "-initialChannelId", "{4c9fb55e-40a8-4b7b-925b-05040755a89f}", "-parentPid", "4060", "-crashReporter", "\\\\.\\pipe\\gecko-crash-server-pipe.4060", "-win32kLockedDown", "-appDir", "C:\\Program Files (x86)\\Mozilla Firefox\\browser", "-", "5", "tab"], "command_line": "\"C:\\Program Files (x86)\\Mozilla Firefox\\firefox.exe\" -contentproc -isForBrowser -prefsHandle 3852 -prefsLen 29464 -prefMapHandle 3856 -prefMapSize 267494 -jsInitHandle 3860 -jsInitLen 254356 -parentBuildID 20241230151726 -ipcHandle 3904 -initialChannelId {4c9fb55e-40a8-4b7b-925b-05040755a89f} -parentPid 4060 -crashReporter \"\\\\.\\pipe\\gecko-crash-server-pipe.4060\" -win32kLockedDown -appDir \"C:\\Program Files (x86)\\Mozilla Firefox\\browser\" - 5 tab", "entity_id": "{416dd0c5-9c14-677f-9501-000000001400}", "executable": "C:\\Program Files (x86)\\Mozilla Firefox\\firefox.exe", "hash": {"md5": "585d2527c7dcc8e2c69324212f9f2964", "sha1": "ace4770f386293b92d946f872d4bb280c9b587ef", "sha256": "44761759948fcf37ed691f462bbb54d3e3064f9b70d4e0e60b5338e87c785fbe"}, "name": "firefox.exe", "parent": {"args": ["C:\\Program Files (x86)\\Mozilla Firefox\\firefox.exe", "--marionette", "--remote-debugging-port", "59731", "--remote-allow-hosts", "localhost", "-no-remote", "-profile", "C:\\Users\\client9\\AppData\\Local\\Temp\\rust_mozprofileYfXKMY"], "command_line": "\"C:\\Program Files (x86)\\Mozilla Firefox\\firefox.exe\" --marionette --remote-debugging-port 59731 --remote-allow-hosts localhost -no-remote -profile C:\\Users\\client9\\AppData\\Local\\Temp\\rust_mozprofileYfXKMY", "entity_id": "{416dd0c5-9c0b-677f-9001-000000001400}", "executable": "C:\\Program Files (x86)\\Mozilla Firefox\\firefox.exe", "name": "firefox.exe", "pid": 4060}, "pe": {"imphash": "51bef41e5cd278a02c17451af095c288"}, "pid": 2884, "working_directory": "C:\\BREACH\\"}, "related": {"hash": ["ace4770f386293b92d946f872d4bb280c9b587ef", "585d2527c7dcc8e2c69324212f9f2964", "44761759948fcf37ed691f462bbb54d3e3064f9b70d4e0e60b5338e87c785fbe", "51bef41e5cd278a02c17451af095c288"], "user": "client9"}, "user": {"domain": "BREACH", "name": "client9"}, "winlog": {"api": "wineventlog", "channel": "Microsoft-Windows-Sysmon/Operational", "computer_name": "CLIENT9.breach.local", "event_data": {"Company": "Mozilla Corporation", "Description": "Firefox", "FileVersion": "134.0", "IntegrityLevel": "Low", "LogonGuid": "{416dd0c5-8719-677f-825f-040000000000}", "LogonId": "0x45f82", "OriginalFileName": "firefox.exe", "ParentUser": "BREACH\\client9", "Product": "Firefox", "RuleName": "-", "TerminalSessionId": "1"}, "event_id": 1, "opcode": "Info", "process": {"pid": 2944, "thread": {"id": 3408}}, "provider_guid": "{5770385f-c22a-43e0-bf4c-06f5698ffbd9}", "provider_name": "Microsoft-Windows-Sysmon", "record_id": 3504173, "task": "Process Create (rule: ProcessCreate)", "user": {"domain": "NT AUTHORITY", "identifier": "S-1-5-18", "name": "SYSTEM", "type": "User"}, "version": 5}}
{"@timestamp": "2025-01-09T09:51:20.507Z", "agent": {"ephemeral_id": "1e814a38-5deb-4fe3-86fc-a742136d3b18", "hostname": "CLIENT9", "id": "c35095e9-5f9f-4084-a651-3aaa2966847a", "name": "CLIENT9", "type": "winlogbeat", "version": "7.10.2"}, "ecs": {"version": "1.5.0"}, "event": {"action": "Process Create (rule: ProcessCreate)", "category": ["process"], "code": 1, "created": "2025-01-09T09:56:41.225Z", "kind": "event", "module": "sysmon", "provider": "Microsoft-Windows-Sysmon", "type": ["start", "process_start"]}, "hash": {"imphash": "51bef41e5cd278a02c17451af095c288", "md5": "585d2527c7dcc8e2c69324212f9f2964", "sha1": "ace4770f386293b92d946f872d4bb280c9b587ef", "sha256": "44761759948fcf37ed691f462bbb54d3e3064f9b70d4e0e60b5338e87c785fbe"}, "host": {"name": "CLIENT9.breach.local"}, "log": {"level": "information"}, "process": {"args": ["C:\\Program Files (x86)\\Mozilla Firefox\\firefox.exe", "-contentproc", "-isForBrowser", "-prefsHandle", "1424", "-prefsLen", "37484", "-prefMapHandle", "1756", "-prefMapSize", "267494", "-jsInitHandle", "1760", "-jsInitLen", "254356", "-parentBuildID", "20241230151726", "-ipcHandle", "1600", "-initialChannelId", "{3396f4d0-9bd3-4f8a-8328-76bd7890b484}", "-parentPid", "4060", "-crashReporter", "\\\\.\\pipe\\gecko-crash-server-pipe.4060", "-win32kLockedDown", "-appDir", "C:\\Program Files (x86)\\Mozilla Firefox\\browser", "-", "6", "tab"], "command_line": "\"C:\\Program Files (x86)\\Mozilla Firefox\\firefox.exe\" -contentproc -isForBrowser -prefsHandle 1424 -prefsLen 37484 -prefMapHandle 1756 -prefMapSize 267494 -jsInitHandle 1760 -jsInitLen 254356 -parentBuildID 20241230151726 -ipcHandle 1600 -initialChannelId {3396f4d0-9bd3-4f8a-8328-76bd7890b484} -parentPid 4060 -crashReporter \"\\\\.\\pipe\\gecko-crash-server-pipe.4060\" -win32kLockedDown -appDir \"C:\\Program Files (x86)\\Mozilla Firefox\\browser\" - 6 tab", "entity_id": "{416dd0c5-9c18-677f-9601-000000001400}", "executable": "C:\\Program Files (x86)\\Mozilla Firefox\\firefox.exe", "hash": {"md5": "585d2527c7dcc8e2c69324212f9f2964", "sha1": "ace4770f386293b92d946f872d4bb280c9b587ef", "sha256": "44761759948fcf37ed691f462bbb54d3e3064f9b70d4e0e60b5338e87c785fbe"}, "name": "firefox.exe", "parent": {"args": ["C:\\Program Files (x86)\\Mozilla Firefox\\firefox.exe", "--marionette", "--remote-debugging-port", "59731", "--remote-allow-hosts", "localhost", "-no-remote", "-profile", "C:\\Users\\client9\\AppData\\Local\\Temp\\rust_mozprofileYfXKMY"], "command_line": "\"C:\\Program Files (x86)\\Mozilla Firefox\\firefox.exe\" --marionette --remote-debugging-port 59731 --remote-allow-hosts localhost -no-remote -profile C:\\Users\\client9\\AppData\\Local\\Temp\\rust_mozprofileYfXKMY", "entity_id": "{416dd0c5-9c0b-677f-9001-000000001400}", "executable": "C:\\Program Files (x86)\\Mozilla Firefox\\firefox.exe", "name": "firefox.exe", "pid": 4060}, "pe": {"imphash": "51bef41e5cd278a02c17451af095c288"}, "pid": 2836, "working_directory": "C:\\BREACH\\"}, "related": {"hash": ["ace4770f386293b92d946f872d4bb280c9b587ef", "585d2527c7dcc8e2c69324212f9f2964", "44761759948fcf37ed691f462bbb54d3e3064f9b70d4e0e60b5338e87c785fbe", "51bef41e5cd278a02c17451af095c288"], "user": "client9"}, "user": {"domain": "BREACH", "name": "client9"}, "winlog": {"api": "wineventlog", "channel": "Microsoft-Windows-Sysmon/Operational", "computer_name": "CLIENT9.breach.local", "event_data": {"Company": "Mozilla Corporation", "Description": "Firefox", "FileVersion": "134.0", "IntegrityLevel": "Low", "LogonGuid": "{416dd0c5-8719-677f-825f-040000000000}", "LogonId": "0x45f82", "OriginalFileName": "firefox.exe", "ParentUser": "BREACH\\client9", "Product": "Firefox", "RuleName": "-", "TerminalSessionId": "1"}, "event_id": 1, "opcode": "Info", "process": {"pid": 2944, "thread": {"id": 3408}}, "provider_guid": "{5770385f-c22a-43e0-bf4c-06f5698ffbd9}", "provider_name": "Microsoft-Windows-Sysmon", "record_id": 3504360, "task": "Process Create (rule: ProcessCreate)", "user": {"domain": "NT AUTHORITY", "identifier": "S-1-5-18", "name": "SYSTEM", "type": "User"}, "version": 5}}
{"@timestamp": "2025-01-09T09:51:21.284Z", "agent": {"ephemeral_id": "1e814a38-5deb-4fe3-86fc-a742136d3b18", "hostname": "CLIENT9", "id": "c35095e9-5f9f-4084-a651-3aaa2966847a", "name": "CLIENT9", "type": "winlogbeat", "version": "7.10.2"}, "ecs": {"version": "1.5.0"}, "event": {"action": "Process Create (rule: ProcessCreate)", "category": ["process"], "code": 1, "created": "2025-01-09T09:57:02.828Z", "kind": "event", "module": "sysmon", "provider": "Microsoft-Windows-Sysmon", "type": ["start", "process_start"]}, "hash": {"imphash": "51bef41e5cd278a02c17451af095c288", "md5": "585d2527c7dcc8e2c69324212f9f2964", "sha1": "ace4770f386293b92d946f872d4bb280c9b587ef", "sha256": "44761759948fcf37ed691f462bbb54d3e3064f9b70d4e0e60b5338e87c785fbe"}, "host": {"name": "CLIENT9.breach.local"}, "log": {"level": "information"}, "process": {"args": ["C:\\Program Files (x86)\\Mozilla Firefox\\firefox.exe", "-contentproc", "-parentBuildID", "20241230151726", "-sandboxingKind", "0", "-prefsHandle", "1424", "-prefsLen", "39799", "-prefMapHandle", "1756", "-prefMapSize", "267494", "-ipcHandle", "4848", "-initialChannelId", "{7a153c57-6609-4947-97ad-a90c16415580}", "-parentPid", "4060", "-crashReporter", "\\\\.\\pipe\\gecko-crash-server-pipe.4060", "-win32kLockedDown", "-appDir", "C:\\Program Files (x86)\\Mozilla Firefox\\browser", "-", "7", "utility"], "command_line": "\"C:\\Program Files (x86)\\Mozilla Firefox\\firefox.exe\" -contentproc -parentBuildID 20241230151726 -sandboxingKind 0 -prefsHandle 1424 -prefsLen 39799 -prefMapHandle 1756 -prefMapSize 267494 -ipcHandle 4848 -initialChannelId {7a153c57-6609-4947-97ad-a90c16415580} -parentPid 4060 -crashReporter \"\\\\.\\pipe\\gecko-crash-server-pipe.4060\" -win32kLockedDown -appDir \"C:\\Program Files (x86)\\Mozilla Firefox\\browser\" - 7 utility", "entity_id": "{416dd0c5-9c19-677f-9701-000000001400}", "executable": "C:\\Program Files (x86)\\Mozilla Firefox\\firefox.exe", "hash": {"md5": "585d2527c7dcc8e2c69324212f9f2964", "sha1": "ace4770f386293b92d946f872d4bb280c9b587ef", "sha256": "44761759948fcf37ed691f462bbb54d3e3064f9b70d4e0e60b5338e87c785fbe"}, "name": "firefox.exe", "parent": {"args": ["C:\\Program Files (x86)\\Mozilla Firefox\\firefox.exe", "--marionette", "--remote-debugging-port", "59731", "--remote-allow-hosts", "localhost", "-no-remote", "-profile", "C:\\Users\\client9\\AppData\\Local\\Temp\\rust_mozprofileYfXKMY"], "command_line": "\"C:\\Program Files (x86)\\Mozilla Firefox\\firefox.exe\" --marionette --remote-debugging-port 59731 --remote-allow-hosts localhost -no-remote -profile C:\\Users\\client9\\AppData\\Local\\Temp\\rust_mozprofileYfXKMY", "entity_id": "{416dd0c5-9c0b-677f-9001-000000001400}", "executable": "C:\\Program Files (x86)\\Mozilla Firefox\\firefox.exe", "name": "firefox.exe", "pid": 4060}, "pe": {"imphash": "51bef41e5cd278a02c17451af095c288"}, "pid": 3168, "working_directory": "C:\\BREACH\\"}, "related": {"hash": ["ace4770f386293b92d946f872d4bb280c9b587ef", "585d2527c7dcc8e2c69324212f9f2964", "44761759948fcf37ed691f462bbb54d3e3064f9b70d4e0e60b5338e87c785fbe", "51bef41e5cd278a02c17451af095c288"], "user": "client9"}, "user": {"domain": "BREACH", "name": "client9"}, "winlog": {"api": "wineventlog", "channel": "Microsoft-Windows-Sysmon/Operational", "computer_name": "CLIENT9.breach.local", "event_data": {"Company": "Mozilla Corporation", "Description": "Firefox", "FileVersion": "134.0", "IntegrityLevel": "Low", "LogonGuid": "{416dd0c5-8719-677f-825f-040000000000}", "LogonId": "0x45f82", "OriginalFileName": "firefox.exe", "ParentUser": "BREACH\\client9", "Product": "Firefox", "RuleName": "-", "TerminalSessionId": "1"}, "event_id": 1, "opcode": "Info", "process": {"pid": 2944, "thread": {"id": 3408}}, "provider_guid": "{5770385f-c22a-43e0-bf4c-06f5698ffbd9}", "provider_name": "Microsoft-Windows-Sysmon", "record_id": 3504451, "task": "Process Create (rule: ProcessCreate)", "user": {"domain": "NT AUTHORITY", "identifier": "S-1-5-18", "name": "SYSTEM", "type": "User"}, "version": 5}}
{"@timestamp": "2025-01-09T09:51:24.057Z", "agent": {"ephemeral_id": "1e814a38-5deb-4fe3-86fc-a742136d3b18", "hostname": "CLIENT9", "id": "c35095e9-5f9f-4084-a651-3aaa2966847a", "name": "CLIENT9", "type": "winlogbeat", "version": "7.10.2"}, "ecs": {"version": "1.5.0"}, "event": {"action": "Process Create (rule: ProcessCreate)", "category": ["process"], "code": 1, "created": "2025-01-09T09:57:51.514Z", "kind": "event", "module": "sysmon", "provider": "Microsoft-Windows-Sysmon", "type": ["start", "process_start"]}, "hash": {"imphash": "c7b2d9891c8ea27ab912d8036021e33d", "md5": "a815db40487b457b44dcda2dde8c4823", "sha1": "8766609f079faa9e74ae2c770c0e5f84b458799e", "sha256": "992210816bdb77611810d3ec259b49f000e1546a8415bb94e26ce7e17f58e16c"}, "host": {"name": "CLIENT9.breach.local"}, "log": {"level": "information"}, "process": {"args": ["C:\\Python37\\geckodriver.exe", "--websocket-port", "59753", "--port", "59752"], "command_line": "C:\\Python37\\geckodriver.exe --websocket-port 59753 --port 59752", "entity_id": "{416dd0c5-9c1c-677f-9801-000000001400}", "executable": "C:\\Python37\\geckodriver.exe", "hash": {"md5": "a815db40487b457b44dcda2dde8c4823", "sha1": "8766609f079faa9e74ae2c770c0e5f84b458799e", "sha256": "992210816bdb77611810d3ec259b49f000e1546a8415bb94e26ce7e17f58e16c"}, "name": "geckodriver.exe", "parent": {"args": ["C:\\Python37\\python.exe", "-c", "from multiprocessing.spawn import spawn_main; spawn_main(parent_pid=7512, pipe_handle=1768)", "--multiprocessing-fork"], "command_line": "\"C:\\Python37\\python.exe\" \"-c\" \"from multiprocessing.spawn import spawn_main; spawn_main(parent_pid=7512, pipe_handle=1768)\" \"--multiprocessing-fork\"", "entity_id": "{416dd0c5-9c02-677f-8d01-000000001400}", "executable": "C:\\Python37\\python.exe", "name": "python.exe", "pid": 8392}, "pe": {"imphash": "c7b2d9891c8ea27ab912d8036021e33d"}, "pid": 8932, "working_directory": "C:\\BREACH\\"}, "related": {"hash": ["8766609f079faa9e74ae2c770c0e5f84b458799e", "a815db40487b457b44dcda2dde8c4823", "992210816bdb77611810d3ec259b49f000e1546a8415bb94e26ce7e17f58e16c", "c7b2d9891c8ea27ab912d8036021e33d"], "user": "client9"}, "user": {"domain": "BREACH", "name": "client9"}, "winlog": {"api": "wineventlog", "channel": "Microsoft-Windows-Sysmon/Operational", "computer_name": "CLIENT9.breach.local", "event_data": {"Company": "-", "Description": "-", "FileVersion": "-", "IntegrityLevel": "Medium", "LogonGuid": "{416dd0c5-8719-677f-825f-040000000000}", "LogonId": "0x45f82", "OriginalFileName": "-", "ParentUser": "BREACH\\client9", "Product": "-", "RuleName": "-", "TerminalSessionId": "1"}, "event_id": 1, "opcode": "Info", "process": {"pid": 2944, "thread": {"id": 3408}}, "provider_guid": "{5770385f-c22a-43e0-bf4c-06f5698ffbd9}", "provider_name": "Microsoft-Windows-Sysmon", "record_id": 3504629, "task": "Process Create (rule: ProcessCreate)", "user": {"domain": "NT AUTHORITY", "identifier": "S-1-5-18", "name": "SYSTEM", "type": "User"}, "version": 5}}
{"@timestamp": "2025-01-09T09:51:28.139Z", "agent": {"ephemeral_id": "1e814a38-5deb-4fe3-86fc-a742136d3b18", "hostname": "CLIENT9", "id": "c35095e9-5f9f-4084-a651-3aaa2966847a", "name": "CLIENT9", "type": "winlogbeat", "version": "7.10.2"}, "ecs": {"version": "1.5.0"}, "event": {"action": "Process Create (rule: ProcessCreate)", "category": ["process"], "code": 1, "created": "2025-01-09T09:58:14.016Z", "kind": "event", "module": "sysmon", "provider": "Microsoft-Windows-Sysmon", "type": ["start", "process_start"]}, "hash": {"imphash": "51bef41e5cd278a02c17451af095c288", "md5": "585d2527c7dcc8e2c69324212f9f2964", "sha1": "ace4770f386293b92d946f872d4bb280c9b587ef", "sha256": "44761759948fcf37ed691f462bbb54d3e3064f9b70d4e0e60b5338e87c785fbe"}, "host": {"name": "CLIENT9.breach.local"}, "log": {"level": "information"}, "process": {"args": ["C:\\Program Files (x86)\\Mozilla Firefox\\firefox.exe", "--marionette", "--remote-debugging-port", "59753", "--remote-allow-hosts", "localhost", "-no-remote", "-profile", "C:\\Users\\client9\\AppData\\Local\\Temp\\rust_mozprofileBLYw3E"], "command_line": "\"C:\\Program Files (x86)\\Mozilla Firefox\\firefox.exe\" --marionette --remote-debugging-port 59753 --remote-allow-hosts localhost -no-remote -profile C:\\Users\\client9\\AppData\\Local\\Temp\\rust_mozprofileBLYw3E", "entity_id": "{416dd0c5-9c20-677f-9901-000000001400}", "executable": "C:\\Program Files (x86)\\Mozilla Firefox\\firefox.exe", "hash": {"md5": "585d2527c7dcc8e2c69324212f9f2964", "sha1": "ace4770f386293b92d946f872d4bb280c9b587ef", "sha256": "44761759948fcf37ed691f462bbb54d3e3064f9b70d4e0e60b5338e87c785fbe"}, "name": "firefox.exe", "parent": {"args": ["C:\\Python37\\geckodriver.exe", "--websocket-port", "59753", "--port", "59752"], "command_line": "C:\\Python37\\geckodriver.exe --websocket-port 59753 --port 59752", "entity_id": "{416dd0c5-9c1c-677f-9801-000000001400}", "executable": "C:\\Python37\\geckodriver.exe", "name": "geckodriver.exe", "pid": 8932}, "pe": {"imphash": "51bef41e5cd278a02c17451af095c288"}, "pid": 4564, "working_directory": "C:\\BREACH\\"}, "related": {"hash": ["ace4770f386293b92d946f872d4bb280c9b587ef", "585d2527c7dcc8e2c69324212f9f2964", "44761759948fcf37ed691f462bbb54d3e3064f9b70d4e0e60b5338e87c785fbe", "51bef41e5cd278a02c17451af095c288"], "user": "client9"}, "user": {"domain": "BREACH", "name": "client9"}, "winlog": {"api": "wineventlog", "channel": "Microsoft-Windows-Sysmon/Operational", "computer_name": "CLIENT9.breach.local", "event_data": {"Company": "Mozilla Corporation", "Description": "Firefox", "FileVersion": "134.0", "IntegrityLevel": "Medium", "LogonGuid": "{416dd0c5-8719-677f-825f-040000000000}", "LogonId": "0x45f82", "OriginalFileName": "firefox.exe", "ParentUser": "BREACH\\client9", "Product": "Firefox", "RuleName": "-", "TerminalSessionId": "1"}, "event_id": 1, "opcode": "Info", "process": {"pid": 2944, "thread": {"id": 3408}}, "provider_guid": "{5770385f-c22a-43e0-bf4c-06f5698ffbd9}", "provider_name": "Microsoft-Windows-Sysmon", "record_id": 3504751, "task": "Process Create (rule: ProcessCreate)", "user": {"domain": "NT AUTHORITY", "identifier": "S-1-5-18", "name": "SYSTEM", "type": "User"}, "version": 5}}
{"@timestamp": "2025-01-09T09:51:28.479Z", "agent": {"ephemeral_id": "1e814a38-5deb-4fe3-86fc-a742136d3b18", "hostname": "CLIENT9", "id": "c35095e9-5f9f-4084-a651-3aaa2966847a", "name": "CLIENT9", "type": "winlogbeat", "version": "7.10.2"}, "ecs": {"version": "1.5.0"}, "event": {"action": "Process Create (rule: ProcessCreate)", "category": ["process"], "code": 1, "created": "2025-01-09T09:58:33.341Z", "kind": "event", "module": "sysmon", "provider": "Microsoft-Windows-Sysmon", "type": ["start", "process_start"]}, "hash": {"imphash": "51bef41e5cd278a02c17451af095c288", "md5": "585d2527c7dcc8e2c69324212f9f2964", "sha1": "ace4770f386293b92d946f872d4bb280c9b587ef", "sha256": "44761759948fcf37ed691f462bbb54d3e3064f9b70d4e0e60b5338e87c785fbe"}, "host": {"name": "CLIENT9.breach.local"}, "log": {"level": "information"}, "process": {"args": ["C:\\Program Files (x86)\\Mozilla Firefox\\firefox.exe", "--marionette", "--remote-debugging-port", "59753", "--remote-allow-hosts", "localhost", "-no-remote", "-profile", "C:\\Users\\client9\\AppData\\Local\\Temp\\rust_mozprofileBLYw3E"], "command_line": "\"C:\\Program Files (x86)\\Mozilla Firefox\\firefox.exe\" --marionette --remote-debugging-port 59753 --remote-allow-hosts localhost -no-remote -profile C:\\Users\\client9\\AppData\\Local\\Temp\\rust_mozprofileBLYw3E", "entity_id": "{416dd0c5-9c20-677f-9a01-000000001400}", "executable": "C:\\Program Files (x86)\\Mozilla Firefox\\firefox.exe", "hash": {"md5": "585d2527c7dcc8e2c69324212f9f2964", "sha1": "ace4770f386293b92d946f872d4bb280c9b587ef", "sha256": "44761759948fcf37ed691f462bbb54d3e3064f9b70d4e0e60b5338e87c785fbe"}, "name": "firefox.exe", "parent": {"args": ["C:\\Program Files (x86)\\Mozilla Firefox\\firefox.exe", "--marionette", "--remote-debugging-port", "59753", "--remote-allow-hosts", "localhost", "-no-remote", "-profile", "C:\\Users\\client9\\AppData\\Local\\Temp\\rust_mozprofileBLYw3E"], "command_line": "\"C:\\Program Files (x86)\\Mozilla Firefox\\firefox.exe\" --marionette --remote-debugging-port 59753 --remote-allow-hosts localhost -no-remote -profile C:\\Users\\client9\\AppData\\Local\\Temp\\rust_mozprofileBLYw3E", "entity_id": "{416dd0c5-9c20-677f-9901-000000001400}", "executable": "C:\\Program Files (x86)\\Mozilla Firefox\\firefox.exe", "name": "firefox.exe", "pid": 4564}, "pe": {"imphash": "51bef41e5cd278a02c17451af095c288"}, "pid": 4328, "working_directory": "C:\\BREACH\\"}, "related": {"hash": ["ace4770f386293b92d946f872d4bb280c9b587ef", "585d2527c7dcc8e2c69324212f9f2964", "44761759948fcf37ed691f462bbb54d3e3064f9b70d4e0e60b5338e87c785fbe", "51bef41e5cd278a02c17451af095c288"], "user": "client9"}, "user": {"domain": "BREACH", "name": "client9"}, "winlog": {"api": "wineventlog", "channel": "Microsoft-Windows-Sysmon/Operational", "computer_name": "CLIENT9.breach.local", "event_data": {"Company": "Mozilla Corporation", "Description": "Firefox", "FileVersion": "134.0", "IntegrityLevel": "Medium", "LogonGuid": "{416dd0c5-8719-677f-825f-040000000000}", "LogonId": "0x45f82", "OriginalFileName": "firefox.exe", "ParentUser": "BREACH\\client9", "Product": "Firefox", "RuleName": "-", "TerminalSessionId": "1"}, "event_id": 1, "opcode": "Info", "process": {"pid": 2944, "thread": {"id": 3408}}, "provider_guid": "{5770385f-c22a-43e0-bf4c-06f5698ffbd9}", "provider_name": "Microsoft-Windows-Sysmon", "record_id": 3504779, "task": "Process Create (rule: ProcessCreate)", "user": {"domain": "NT AUTHORITY", "identifier": "S-1-5-18", "name": "SYSTEM", "type": "User"}, "version": 5}}
{"@timestamp": "2025-01-09T09:51:31.963Z", "agent": {"ephemeral_id": "1e814a38-5deb-4fe3-86fc-a742136d3b18", "hostname": "CLIENT9", "id": "c35095e9-5f9f-4084-a651-3aaa2966847a", "name": "CLIENT9", "type": "winlogbeat", "version": "7.10.2"}, "ecs": {"version": "1.5.0"}, "event": {"action": "Process Create (rule: ProcessCreate)", "category": ["process"], "code": 1, "created": "2025-01-09T09:58:45.496Z", "kind": "event", "module": "sysmon", "provider": "Microsoft-Windows-Sysmon", "type": ["start", "process_start"]}, "hash": {"imphash": "51bef41e5cd278a02c17451af095c288", "md5": "585d2527c7dcc8e2c69324212f9f2964", "sha1": "ace4770f386293b92d946f872d4bb280c9b587ef", "sha256": "44761759948fcf37ed691f462bbb54d3e3064f9b70d4e0e60b5338e87c785fbe"}, "host": {"name": "CLIENT9.breach.local"}, "log": {"level": "information"}, "process": {"args": ["C:\\Program Files (x86)\\Mozilla Firefox\\firefox.exe", "-contentproc", "-parentBuildID", "20241230151726", "-prefsHandle", "2080", "-prefsLen", "24873", "-prefMapHandle", "2084", "-prefMapSize", "267494", "-ipcHandle", "2168", "-initialChannelId", "{c90454d6-72eb-417c-ad05-5629390debbc}", "-parentPid", "4328", "-crashReporter", "\\\\.\\pipe\\gecko-crash-server-pipe.4328", "-appDir", "C:\\Program Files (x86)\\Mozilla Firefox\\browser", "-", "1", "gpu"], "command_line": "\"C:\\Program Files (x86)\\Mozilla Firefox\\firefox.exe\" -contentproc -parentBuildID 20241230151726 -prefsHandle 2080 -prefsLen 24873 -prefMapHandle 2084 -prefMapSize 267494 -ipcHandle 2168 -initialChannelId {c90454d6-72eb-417c-ad05-5629390debbc} -parentPid 4328 -crashReporter \"\\\\.\\pipe\\gecko-crash-server-pipe.4328\" -appDir \"C:\\Program Files (x86)\\Mozilla Firefox\\browser\" - 1 gpu", "entity_id": "{416dd0c5-9c23-677f-9b01-000000001400}", "executable": "C:\\Program Files (x86)\\Mozilla Firefox\\firefox.exe", "hash": {"md5": "585d2527c7dcc8e2c69324212f9f2964", "sha1": "ace4770f386293b92d946f872d4bb280c9b587ef", "sha256": "44761759948fcf37ed691f462bbb54d3e3064f9b70d4e0e60b5338e87c785fbe"}, "name": "firefox.exe", "parent": {"args": ["C:\\Program Files (x86)\\Mozilla Firefox\\firefox.exe", "--marionette", "--remote-debugging-port", "59753", "--remote-allow-hosts", "localhost", "-no-remote", "-profile", "C:\\Users\\client9\\AppData\\Local\\Temp\\rust_mozprofileBLYw3E"], "command_line": "\"C:\\Program Files (x86)\\Mozilla Firefox\\firefox.exe\" --marionette --remote-debugging-port 59753 --remote-allow-hosts localhost -no-remote -profile C:\\Users\\client9\\AppData\\Local\\Temp\\rust_mozprofileBLYw3E", "entity_id": "{416dd0c5-9c20-677f-9a01-000000001400}", "executable": "C:\\Program Files (x86)\\Mozilla Firefox\\firefox.exe", "name": "firefox.exe", "pid": 4328}, "pe": {"imphash": "51bef41e5cd278a02c17451af095c288"}, "pid": 6248, "working_directory": "C:\\BREACH\\"}, "related": {"hash": ["ace4770f386293b92d946f872d4bb280c9b587ef", "585d2527c7dcc8e2c69324212f9f2964", "44761759948fcf37ed691f462bbb54d3e3064f9b70d4e0e60b5338e87c785fbe", "51bef41e5cd278a02c17451af095c288"], "user": "client9"}, "user": {"domain": "BREACH", "name": "client9"}, "winlog": {"api": "wineventlog", "channel": "Microsoft-Windows-Sysmon/Operational", "computer_name": "CLIENT9.breach.local", "event_data": {"Company": "Mozilla Corporation", "Description": "Firefox", "FileVersion": "134.0", "IntegrityLevel": "Low", "LogonGuid": "{416dd0c5-8719-677f-825f-040000000000}", "LogonId": "0x45f82", "OriginalFileName": "firefox.exe", "ParentUser": "BREACH\\client9", "Product": "Firefox", "RuleName": "-", "TerminalSessionId": "1"}, "event_id": 1, "opcode": "Info", "process": {"pid": 2944, "thread": {"id": 3408}}, "provider_guid": "{5770385f-c22a-43e0-bf4c-06f5698ffbd9}", "provider_name": "Microsoft-Windows-Sysmon", "record_id": 3504966, "task": "Process Create (rule: ProcessCreate)", "user": {"domain": "NT AUTHORITY", "identifier": "S-1-5-18", "name": "SYSTEM", "type": "User"}, "version": 5}}
{"@timestamp": "2025-01-09T09:51:33.222Z", "agent": {"ephemeral_id": "1e814a38-5deb-4fe3-86fc-a742136d3b18", "hostname": "CLIENT9", "id": "c35095e9-5f9f-4084-a651-3aaa2966847a", "name": "CLIENT9", "type": "winlogbeat", "version": "7.10.2"}, "ecs": {"version": "1.5.0"}, "event": {"action": "Process Create (rule: ProcessCreate)", "category": ["process"], "code": 1, "created": "2025-01-09T09:59:11.733Z", "kind": "event", "module": "sysmon", "provider": "Microsoft-Windows-Sysmon", "type": ["start", "process_start"]}, "hash": {"imphash": "51bef41e5cd278a02c17451af095c288", "md5": "585d2527c7dcc8e2c69324212f9f2964", "sha1": "ace4770f386293b92d946f872d4bb280c9b587ef", "sha256": "44761759948fcf37ed691f462bbb54d3e3064f9b70d4e0e60b5338e87c785fbe"}, "host": {"name": "CLIENT9.breach.local"}, "log": {"level": "information"}, "process": {"args": ["C:\\Program Files (x86)\\Mozilla Firefox\\firefox.exe", "-contentproc", "-parentBuildID", "20241230151726", "-prefsHandle", "2652", "-prefsLen", "29459", "-prefMapHandle", "2656", "-prefMapSize", "267494", "-ipcHandle", "2664", "-initialChannelId", "{9a48fecc-0cac-4f29-950c-d3e533bffe9f}", "-parentPid", "4328", "-crashReporter", "\\\\.\\pipe\\gecko-crash-server-pipe.4328", "-win32kLockedDown", "-appDir", "C:\\Program Files (x86)\\Mozilla Firefox\\browser", "-", "2", "socket"], "command_line": "\"C:\\Program Files (x86)\\Mozilla Firefox\\firefox.exe\" -contentproc -parentBuildID 20241230151726 -prefsHandle 2652 -prefsLen 29459 -prefMapHandle 2656 -prefMapSize 267494 -ipcHandle 2664 -initialChannelId {9a48fecc-0cac-4f29-950c-d3e533bffe9f} -parentPid 4328 -crashReporter \"\\\\.\\pipe\\gecko-crash-server-pipe.4328\" -win32kLockedDown -appDir \"C:\\Program Files (x86)\\Mozilla Firefox\\browser\" - 2 socket", "entity_id": "{416dd0c5-9c25-677f-9c01-000000001400}", "executable": "C:\\Program Files (x86)\\Mozilla Firefox\\firefox.exe", "hash": {"md5": "585d2527c7dcc8e2c69324212f9f2964", "sha1": "ace4770f386293b92d946f872d4bb280c9b587ef", "sha256": "44761759948fcf37ed691f462bbb54d3e3064f9b70d4e0e60b5338e87c785fbe"}, "name": "firefox.exe", "parent": {"args": ["C:\\Program Files (x86)\\Mozilla Firefox\\firefox.exe", "--marionette", "--remote-debugging-port", "59753", "--remote-allow-hosts", "localhost", "-no-remote", "-profile", "C:\\Users\\client9\\AppData\\Local\\Temp\\rust_mozprofileBLYw3E"], "command_line": "\"C:\\Program Files (x86)\\Mozilla Firefox\\firefox.exe\" --marionette --remote-debugging-port 59753 --remote-allow-hosts localhost -no-remote -profile C:\\Users\\client9\\AppData\\Local\\Temp\\rust_mozprofileBLYw3E", "entity_id": "{416dd0c5-9c20-677f-9a01-000000001400}", "executable": "C:\\Program Files (x86)\\Mozilla Firefox\\firefox.exe", "name": "firefox.exe", "pid": 4328}, "pe": {"imphash": "51bef41e5cd278a02c17451af095c288"}, "pid": 2044, "working_directory": "C:\\BREACH\\"}, "related": {"hash": ["ace4770f386293b92d946f872d4bb280c9b587ef", "585d2527c7dcc8e2c69324212f9f2964", "44761759948fcf37ed691f462bbb54d3e3064f9b70d4e0e60b5338e87c785fbe", "51bef41e5cd278a02c17451af095c288"], "user": "client9"}, "user": {"domain": "BREACH", "name": "client9"}, "winlog": {"api": "wineventlog", "channel": "Microsoft-Windows-Sysmon/Operational", "computer_name": "CLIENT9.breach.local", "event_data": {"Company": "Mozilla Corporation", "Description": "Firefox", "FileVersion": "134.0", "IntegrityLevel": "Low", "LogonGuid": "{416dd0c5-8719-677f-825f-040000000000}", "LogonId": "0x45f82", "OriginalFileName": "firefox.exe", "ParentUser": "BREACH\\client9", "Product": "Firefox", "RuleName": "-", "TerminalSessionId": "1"}, "event_id": 1, "opcode": "Info", "process": {"pid": 2944, "thread": {"id": 3408}}, "provider_guid": "{5770385f-c22a-43e0-bf4c-06f5698ffbd9}", "provider_name": "Microsoft-Windows-Sysmon", "record_id": 3505094, "task": "Process Create (rule: ProcessCreate)", "user": {"domain": "NT AUTHORITY", "identifier": "S-1-5-18", "name": "SYSTEM", "type": "User"}, "version": 5}}
{"@timestamp": "2025-01-09T09:51:34.573Z", "agent": {"ephemeral_id": "1e814a38-5deb-4fe3-86fc-a742136d3b18", "hostname": "CLIENT9", "id": "c35095e9-5f9f-4084-a651-3aaa2966847a", "name": "CLIENT9", "type": "winlogbeat", "version": "7.10.2"}, "ecs": {"version": "1.5.0"}, "event": {"action": "Process Create (rule: ProcessCreate)", "category": ["process"], "code": 1, "created": "2025-01-09T09:59:23.965Z", "kind": "event", "module": "sysmon", "provider": "Microsoft-Windows-Sysmon", "type": ["start", "process_start"]}, "hash": {"imphash": "51bef41e5cd278a02c17451af095c288", "md5": "585d2527c7dcc8e2c69324212f9f2964", "sha1": "ace4770f386293b92d946f872d4bb280c9b587ef", "sha256": "44761759948fcf37ed691f462bbb54d3e3064f9b70d4e0e60b5338e87c785fbe"}, "host": {"name": "CLIENT9.breach.local"}, "log": {"level": "information"}, "process": {"args": ["C:\\Program Files (x86)\\Mozilla Firefox\\firefox.exe", "-contentproc", "-isForBrowser", "-prefsHandle", "3012", "-prefsLen", "30030", "-prefMapHandle", "3016", "-prefMapSize", "267494", "-jsInitHandle", "3020", "-jsInitLen", "254356", "-parentBuildID", "20241230151726", "-ipcHandle", "3028", "-initialChannelId", "{a6d221c2-6cce-4c18-bac3-ee2b12dc9478}", "-parentPid", "4328", "-crashReporter", "\\\\.\\pipe\\gecko-crash-server-pipe.4328", "-win32kLockedDown", "-appDir", "C:\\Program Files (x86)\\Mozilla Firefox\\browser", "-", "3", "tab"], "command_line": "\"C:\\Program Files (x86)\\Mozilla Firefox\\firefox.exe\" -contentproc -isForBrowser -prefsHandle 3012 -prefsLen 30030 -prefMapHandle 3016 -prefMapSize 267494 -jsInitHandle 3020 -jsInitLen 254356 -parentBuildID 20241230151726 -ipcHandle 3028 -initialChannelId {a6d221c2-6cce-4c18-bac3-ee2b12dc9478} -parentPid 4328 -crashReporter \"\\\\.\\pipe\\gecko-crash-server-pipe.4328\" -win32kLockedDown -appDir \"C:\\Program Files (x86)\\Mozilla Firefox\\browser\" - 3 tab", "entity_id": "{416dd0c5-9c26-677f-9d01-000000001400}", "executable": "C:\\Program Files (x86)\\Mozilla Firefox\\firefox.exe", "hash": {"md5": "585d2527c7dcc8e2c69324212f9f2964", "sha1": "ace4770f386293b92d946f872d4bb280c9b587ef", "sha256": "44761759948fcf37ed691f462bbb54d3e3064f9b70d4e0e60b5338e87c785fbe"}, "name": "firefox.exe", "parent": {"args": ["C:\\Program Files (x86)\\Mozilla Firefox\\firefox.exe", "--marionette", "--remote-debugging-port", "59753", "--remote-allow-hosts", "localhost", "-no-remote", "-profile", "C:\\Users\\client9\\AppData\\Local\\Temp\\rust_mozprofileBLYw3E"], "command_line": "\"C:\\Program Files (x86)\\Mozilla Firefox\\firefox.exe\" --marionette --remote-debugging-port 59753 --remote-allow-hosts localhost -no-remote -profile C:\\Users\\client9\\AppData\\Local\\Temp\\rust_mozprofileBLYw3E", "entity_id": "{416dd0c5-9c20-677f-9a01-000000001400}", "executable": "C:\\Program Files (x86)\\Mozilla Firefox\\firefox.exe", "name": "firefox.exe", "pid": 4328}, "pe": {"imphash": "51bef41e5cd278a02c17451af095c288"}, "pid": 2960, "working_directory": "C:\\BREACH\\"}, "related": {"hash": ["ace4770f386293b92d946f872d4bb280c9b587ef", "585d2527c7dcc8e2c69324212f9f2964", "44761759948fcf37ed691f462bbb54d3e3064f9b70d4e0e60b5338e87c785fbe", "51bef41e5cd278a02c17451af095c288"], "user": "client9"}, "user": {"domain": "BREACH", "name": "client9"}, "winlog": {"api": "wineventlog", "channel": "Microsoft-Windows-Sysmon/Operational", "computer_name": "CLIENT9.breach.local", "event_data": {"Company": "Mozilla Corporation", "Description": "Firefox", "FileVersion": "134.0", "IntegrityLevel": "Low", "LogonGuid": "{416dd0c5-8719-677f-825f-040000000000}", "LogonId": "0x45f82", "OriginalFileName": "firefox.exe", "ParentUser": "BREACH\\client9", "Product": "Firefox", "RuleName": "-", "TerminalSessionId": "1"}, "event_id": 1, "opcode": "Info", "process": {"pid": 2944, "thread": {"id": 3408}}, "provider_guid": "{5770385f-c22a-43e0-bf4c-06f5698ffbd9}", "provider_name": "Microsoft-Windows-Sysmon", "record_id": 3505205, "task": "Process Create (rule: ProcessCreate)", "user": {"domain": "NT AUTHORITY", "identifier": "S-1-5-18", "name": "SYSTEM", "type": "User"}, "version": 5}}
{"@timestamp": "2025-01-09T09:51:34.701Z", "agent": {"ephemeral_id": "1e814a38-5deb-4fe3-86fc-a742136d3b18", "hostname": "CLIENT9", "id": "c35095e9-5f9f-4084-a651-3aaa2966847a", "name": "CLIENT9", "type": "winlogbeat", "version": "7.10.2"}, "ecs": {"version": "1.5.0"}, "event": {"action": "Process Create (rule: ProcessCreate)", "category": ["process"], "code": 1, "created": "2025-01-09T09:59:24.078Z", "kind": "event", "module": "sysmon", "provider": "Microsoft-Windows-Sysmon", "type": ["start", "process_start"]}, "hash": {"imphash": "51bef41e5cd278a02c17451af095c288", "md5": "585d2527c7dcc8e2c69324212f9f2964", "sha1": "ace4770f386293b92d946f872d4bb280c9b587ef", "sha256": "44761759948fcf37ed691f462bbb54d3e3064f9b70d4e0e60b5338e87c785fbe"}, "host": {"name": "CLIENT9.breach.local"}, "log": {"level": "information"}, "process": {"args": ["C:\\Program Files (x86)\\Mozilla Firefox\\firefox.exe", "-contentproc", "-parentBuildID", "20241230151726", "-prefsHandle", "3208", "-prefsLen", "30075", "-prefMapHandle", "3212", "-prefMapSize", "267494", "-ipcHandle", "3256", "-initialChannelId", "{ebbab2b0-79c1-41ae-9e03-13aca3ac32e8}", "-parentPid", "4328", "-crashReporter", "\\\\.\\pipe\\gecko-crash-server-pipe.4328", "-appDir", "C:\\Program Files (x86)\\Mozilla Firefox\\browser", "-", "4", "rdd"], "command_line": "\"C:\\Program Files (x86)\\Mozilla Firefox\\firefox.exe\" -contentproc -parentBuildID 20241230151726 -prefsHandle 3208 -prefsLen 30075 -prefMapHandle 3212 -prefMapSize 267494 -ipcHandle 3256 -initialChannelId {ebbab2b0-79c1-41ae-9e03-13aca3ac32e8} -parentPid 4328 -crashReporter \"\\\\.\\pipe\\gecko-crash-server-pipe.4328\" -appDir \"C:\\Program Files (x86)\\Mozilla Firefox\\browser\" - 4 rdd", "entity_id": "{416dd0c5-9c26-677f-9e01-000000001400}", "executable": "C:\\Program Files (x86)\\Mozilla Firefox\\firefox.exe", "hash": {"md5": "585d2527c7dcc8e2c69324212f9f2964", "sha1": "ace4770f386293b92d946f872d4bb280c9b587ef", "sha256": "44761759948fcf37ed691f462bbb54d3e3064f9b70d4e0e60b5338e87c785fbe"}, "name": "firefox.exe", "parent": {"args": ["C:\\Program Files (x86)\\Mozilla Firefox\\firefox.exe", "--marionette", "--remote-debugging-port", "59753", "--remote-allow-hosts", "localhost", "-no-remote", "-profile", "C:\\Users\\client9\\AppData\\Local\\Temp\\rust_mozprofileBLYw3E"], "command_line": "\"C:\\Program Files (x86)\\Mozilla Firefox\\firefox.exe\" --marionette --remote-debugging-port 59753 --remote-allow-hosts localhost -no-remote -profile C:\\Users\\client9\\AppData\\Local\\Temp\\rust_mozprofileBLYw3E", "entity_id": "{416dd0c5-9c20-677f-9a01-000000001400}", "executable": "C:\\Program Files (x86)\\Mozilla Firefox\\firefox.exe", "name": "firefox.exe", "pid": 4328}, "pe": {"imphash": "51bef41e5cd278a02c17451af095c288"}, "pid": 9104, "working_directory": "C:\\BREACH\\"}, "related": {"hash": ["ace4770f386293b92d946f872d4bb280c9b587ef", "585d2527c7dcc8e2c69324212f9f2964", "44761759948fcf37ed691f462bbb54d3e3064f9b70d4e0e60b5338e87c785fbe", "51bef41e5cd278a02c17451af095c288"], "user": "client9"}, "user": {"domain": "BREACH", "name": "client9"}, "winlog": {"api": "wineventlog", "channel": "Microsoft-Windows-Sysmon/Operational", "computer_name": "CLIENT9.breach.local", "event_data": {"Company": "Mozilla Corporation", "Description": "Firefox", "FileVersion": "134.0", "IntegrityLevel": "Low", "LogonGuid": "{416dd0c5-8719-677f-825f-040000000000}", "LogonId": "0x45f82", "OriginalFileName": "firefox.exe", "ParentUser": "BREACH\\client9", "Product": "Firefox", "RuleName": "-", "TerminalSessionId": "1"}, "event_id": 1, "opcode": "Info", "process": {"pid": 2944, "thread": {"id": 3408}}, "provider_guid": "{5770385f-c22a-43e0-bf4c-06f5698ffbd9}", "provider_name": "Microsoft-Windows-Sysmon", "record_id": 3505250, "task": "Process Create (rule: ProcessCreate)", "user": {"domain": "NT AUTHORITY", "identifier": "S-1-5-18", "name": "SYSTEM", "type": "User"}, "version": 5}}
{"@timestamp": "2025-01-09T09:51:38.141Z", "agent": {"ephemeral_id": "1e814a38-5deb-4fe3-86fc-a742136d3b18", "hostname": "CLIENT9", "id": "c35095e9-5f9f-4084-a651-3aaa2966847a", "name": "CLIENT9", "type": "winlogbeat", "version": "7.10.2"}, "ecs": {"version": "1.5.0"}, "event": {"action": "Logon", "code": 4624, "created": "2025-01-09T09:51:42.106Z", "kind": "event", "outcome": "success", "provider": "Microsoft-Windows-Security-Auditing"}, "host": {"name": "CLIENT9.breach.local"}, "log": {"level": "information"}, "winlog": {"activity_id": "{77e6a5cd-626f-0000-35a6-e6776f62db01}", "api": "wineventlog", "channel": "Security", "computer_name": "CLIENT9.breach.local", "event_data": {"AuthenticationPackageName": "Negotiate", "ElevatedToken": "%%1842", "ImpersonationLevel": "%%1833", "IpAddress": "-", "IpPort": "-", "KeyLength": "0", "LmPackageName": "-", "LogonGuid": "{00000000-0000-0000-0000-000000000000}", "LogonProcessName": "Advapi  ", "LogonType": "5", "ProcessId": "0x25c", "ProcessName": "C:\\Windows\\System32\\services.exe", "RestrictedAdminMode": "-", "SubjectDomainName": "BREACH", "SubjectLogonId": "0x3e7", "SubjectUserName": "CLIENT9$", "SubjectUserSid": "S-1-5-18", "TargetDomainName": "NT AUTHORITY", "TargetLinkedLogonId": "0x0", "TargetLogonId": "0x3e7", "TargetOutboundDomainName": "-", "TargetOutboundUserName": "-", "TargetUserName": "SYSTEM", "TargetUserSid": "S-1-5-18", "TransmittedServices": "-", "VirtualAccount": "%%1843", "WorkstationName": "-"}, "event_id": 4624, "keywords": ["Audit Success"], "opcode": "Info", "process": {"pid": 632, "thread": {"id": 676}}, "provider_guid": "{54849625-5478-4994-a5ba-3e3b0328c30d}", "provider_name": "Microsoft-Windows-Security-Auditing", "record_id": 29144, "task": "Logon", "version": 2}}
{"@timestamp": "2025-01-09T09:51:38.141Z", "agent": {"ephemeral_id": "1e814a38-5deb-4fe3-86fc-a742136d3b18", "hostname": "CLIENT9", "id": "c35095e9-5f9f-4084-a651-3aaa2966847a", "name": "CLIENT9", "type": "winlogbeat", "version": "7.10.2"}, "ecs": {"version": "1.5.0"}, "event": {"action": "Special Logon", "code": 4672, "created": "2025-01-09T09:51:42.106Z", "kind": "event", "outcome": "success", "provider": "Microsoft-Windows-Security-Auditing"}, "host": {"name": "CLIENT9.breach.local"}, "log": {"level": "information"}, "winlog": {"activity_id": "{77e6a5cd-626f-0000-35a6-e6776f62db01}", "api": "wineventlog", "channel": "Security", "computer_name": "CLIENT9.breach.local", "event_data": {"PrivilegeList": "SeAssignPrimaryTokenPrivilege\n\t\t\tSeTcbPrivilege\n\t\t\tSeSecurityPrivilege\n\t\t\tSeTakeOwnershipPrivilege\n\t\t\tSeLoadDriverPrivilege\n\t\t\tSeBackupPrivilege\n\t\t\tSeRestorePrivilege\n\t\t\tSeDebugPrivilege\n\t\t\tSeAuditPrivilege\n\t\t\tSeSystemEnvironmentPrivilege\n\t\t\tSeImpersonatePrivilege\n\t\t\tSeDelegateSessionUserImpersonatePrivilege", "SubjectDomainName": "NT AUTHORITY", "SubjectLogonId": "0x3e7", "SubjectUserName": "SYSTEM", "SubjectUserSid": "S-1-5-18"}, "event_id": 4672, "keywords": ["Audit Success"], "opcode": "Info", "process": {"pid": 632, "thread": {"id": 676}}, "provider_guid": "{54849625-5478-4994-a5ba-3e3b0328c30d}", "provider_name": "Microsoft-Windows-Security-Auditing", "record_id": 29145, "task": "Special Logon"}}
{"@timestamp": "2025-01-09T09:51:41.090Z", "agent": {"ephemeral_id": "1e814a38-5deb-4fe3-86fc-a742136d3b18", "hostname": "CLIENT9", "id": "c35095e9-5f9f-4084-a651-3aaa2966847a", "name": "CLIENT9", "type": "winlogbeat", "version": "7.10.2"}, "ecs": {"version": "1.5.0"}, "event": {"action": "Logon", "code": 4624, "created": "2025-01-09T09:51:44.697Z", "kind": "event", "outcome": "success", "provider": "Microsoft-Windows-Security-Auditing"}, "host": {"name": "CLIENT9.breach.local"}, "log": {"level": "information"}, "winlog": {"activity_id": "{77e6a5cd-626f-0000-35a6-e6776f62db01}", "api": "wineventlog", "channel": "Security", "computer_name": "CLIENT9.breach.local", "event_data": {"AuthenticationPackageName": "Negotiate", "ElevatedToken": "%%1842", "ImpersonationLevel": "%%1833", "IpAddress": "-", "IpPort": "-", "KeyLength": "0", "LmPackageName": "-", "LogonGuid": "{00000000-0000-0000-0000-000000000000}", "LogonProcessName": "Advapi  ", "LogonType": "5", "ProcessId": "0x25c", "ProcessName": "C:\\Windows\\System32\\services.exe", "RestrictedAdminMode": "-", "SubjectDomainName": "BREACH", "SubjectLogonId": "0x3e7", "SubjectUserName": "CLIENT9$", "SubjectUserSid": "S-1-5-18", "TargetDomainName": "NT AUTHORITY", "TargetLinkedLogonId": "0x0", "TargetLogonId": "0x3e7", "TargetOutboundDomainName": "-", "TargetOutboundUserName": "-", "TargetUserName": "SYSTEM", "TargetUserSid": "S-1-5-18", "TransmittedServices": "-", "VirtualAccount": "%%1843", "WorkstationName": "-"}, "event_id": 4624, "keywords": ["Audit Success"], "opcode": "Info", "process": {"pid": 632, "thread": {"id": 676}}, "provider_guid": "{54849625-5478-4994-a5ba-3e3b0328c30d}", "provider_name": "Microsoft-Windows-Security-Auditing", "record_id": 29146, "task": "Logon", "version": 2}}
{"@timestamp": "2025-01-09T09:51:41.090Z", "agent": {"ephemeral_id": "1e814a38-5deb-4fe3-86fc-a742136d3b18", "hostname": "CLIENT9", "id": "c35095e9-5f9f-4084-a651-3aaa2966847a", "name": "CLIENT9", "type": "winlogbeat", "version": "7.10.2"}, "ecs": {"version": "1.5.0"}, "event": {"action": "Special Logon", "code": 4672, "created": "2025-01-09T09:51:44.697Z", "kind": "event", "outcome": "success", "provider": "Microsoft-Windows-Security-Auditing"}, "host": {"name": "CLIENT9.breach.local"}, "log": {"level": "information"}, "winlog": {"activity_id": "{77e6a5cd-626f-0000-35a6-e6776f62db01}", "api": "wineventlog", "channel": "Security", "computer_name": "CLIENT9.breach.local", "event_data": {"PrivilegeList": "SeAssignPrimaryTokenPrivilege\n\t\t\tSeTcbPrivilege\n\t\t\tSeSecurityPrivilege\n\t\t\tSeTakeOwnershipPrivilege\n\t\t\tSeLoadDriverPrivilege\n\t\t\tSeBackupPrivilege\n\t\t\tSeRestorePrivilege\n\t\t\tSeDebugPrivilege\n\t\t\tSeAuditPrivilege\n\t\t\tSeSystemEnvironmentPrivilege\n\t\t\tSeImpersonatePrivilege\n\t\t\tSeDelegateSessionUserImpersonatePrivilege", "SubjectDomainName": "NT AUTHORITY", "SubjectLogonId": "0x3e7", "SubjectUserName": "SYSTEM", "SubjectUserSid": "S-1-5-18"}, "event_id": 4672, "keywords": ["Audit Success"], "opcode": "Info", "process": {"pid": 632, "thread": {"id": 676}}, "provider_guid": "{54849625-5478-4994-a5ba-3e3b0328c30d}", "provider_name": "Microsoft-Windows-Security-Auditing", "record_id": 29147, "task": "Special Logon"}}
{"@timestamp": "2025-01-09T09:57:40.974Z", "agent": {"ephemeral_id": "1e814a38-5deb-4fe3-86fc-a742136d3b18", "hostname": "CLIENT9", "id": "c35095e9-5f9f-4084-a651-3aaa2966847a", "name": "CLIENT9", "type": "winlogbeat", "version": "7.10.2"}, "ecs": {"version": "1.5.0"}, "event": {"action": "Logon", "code": 4624, "created": "2025-01-09T09:57:42.850Z", "kind": "event", "outcome": "success", "provider": "Microsoft-Windows-Security-Auditing"}, "host": {"name": "CLIENT9.breach.local"}, "log": {"level": "information"}, "winlog": {"activity_id": "{77e6a5cd-626f-0000-35a6-e6776f62db01}", "api": "wineventlog", "channel": "Security", "computer_name": "CLIENT9.breach.local", "event_data": {"AuthenticationPackageName": "Negotiate", "ElevatedToken": "%%1842", "ImpersonationLevel": "%%1833", "IpAddress": "-", "IpPort": "-", "KeyLength": "0", "LmPackageName": "-", "LogonGuid": "{00000000-0000-0000-0000-000000000000}", "LogonProcessName": "Advapi  ", "LogonType": "5", "ProcessId": "0x25c", "ProcessName": "C:\\Windows\\System32\\services.exe", "RestrictedAdminMode": "-", "SubjectDomainName": "BREACH", "SubjectLogonId": "0x3e7", "SubjectUserName": "CLIENT9$", "SubjectUserSid": "S-1-5-18", "TargetDomainName": "NT AUTHORITY", "TargetLinkedLogonId": "0x0", "TargetLogonId": "0x3e7", "TargetOutboundDomainName": "-", "TargetOutboundUserName": "-", "TargetUserName": "SYSTEM", "TargetUserSid": "S-1-5-18", "TransmittedServices": "-", "VirtualAccount": "%%1843", "WorkstationName": "-"}, "event_id": 4624, "keywords": ["Audit Success"], "opcode": "Info", "process": {"pid": 632, "thread": {"id": 3332}}, "provider_guid": "{54849625-5478-4994-a5ba-3e3b0328c30d}", "provider_name": "Microsoft-Windows-Security-Auditing", "record_id": 29148, "task": "Logon", "version": 2}}
{"@timestamp": "2025-01-09T09:57:40.974Z", "agent": {"ephemeral_id": "1e814a38-5deb-4fe3-86fc-a742136d3b18", "hostname": "CLIENT9", "id": "c35095e9-5f9f-4084-a651-3aaa2966847a", "name": "CLIENT9", "type": "winlogbeat", "version": "7.10.2"}, "ecs": {"version": "1.5.0"}, "event": {"action": "Special Logon", "code": 4672, "created": "2025-01-09T09:57:42.850Z", "kind": "event", "outcome": "success", "provider": "Microsoft-Windows-Security-Auditing"}, "host": {"name": "CLIENT9.breach.local"}, "log": {"level": "information"}, "winlog": {"activity_id": "{77e6a5cd-626f-0000-35a6-e6776f62db01}", "api": "wineventlog", "channel": "Security", "computer_name": "CLIENT9.breach.local", "event_data": {"PrivilegeList": "SeAssignPrimaryTokenPrivilege\n\t\t\tSeTcbPrivilege\n\t\t\tSeSecurityPrivilege\n\t\t\tSeTakeOwnershipPrivilege\n\t\t\tSeLoadDriverPrivilege\n\t\t\tSeBackupPrivilege\n\t\t\tSeRestorePrivilege\n\t\t\tSeDebugPrivilege\n\t\t\tSeAuditPrivilege\n\t\t\tSeSystemEnvironmentPrivilege\n\t\t\tSeImpersonatePrivilege\n\t\t\tSeDelegateSessionUserImpersonatePrivilege", "SubjectDomainName": "NT AUTHORITY", "SubjectLogonId": "0x3e7", "SubjectUserName": "SYSTEM", "SubjectUserSid": "S-1-5-18"}, "event_id": 4672, "keywords": ["Audit Success"], "opcode": "Info", "process": {"pid": 632, "thread": {"id": 3332}}, "provider_guid": "{54849625-5478-4994-a5ba-3e3b0328c30d}", "provider_name": "Microsoft-Windows-Security-Auditing", "record_id": 29149, "task": "Special Logon"}}
{"@timestamp": "2025-01-09T09:57:52.514Z", "agent": {"ephemeral_id": "1e814a38-5deb-4fe3-86fc-a742136d3b18", "hostname": "CLIENT9", "id": "c35095e9-5f9f-4084-a651-3aaa2966847a", "name": "CLIENT9", "type": "winlogbeat", "version": "7.10.2"}, "ecs": {"version": "1.5.0"}, "event": {"action": "Logon", "code": 4624, "created": "2025-01-09T09:57:54.835Z", "kind": "event", "outcome": "success", "provider": "Microsoft-Windows-Security-Auditing"}, "host": {"name": "CLIENT9.breach.local"}, "log": {"level": "information"}, "winlog": {"activity_id": "{77e6a5cd-626f-0000-35a6-e6776f62db01}", "api": "wineventlog", "channel": "Security", "computer_name": "CLIENT9.breach.local", "event_data": {"AuthenticationPackageName": "Negotiate", "ElevatedToken": "%%1842", "ImpersonationLevel": "%%1833", "IpAddress": "-", "IpPort": "-", "KeyLength": "0", "LmPackageName": "-", "LogonGuid": "{00000000-0000-0000-0000-000000000000}", "LogonProcessName": "Advapi  ", "LogonType": "5", "ProcessId": "0x25c", "ProcessName": "C:\\Windows\\System32\\services.exe", "RestrictedAdminMode": "-", "SubjectDomainName": "BREACH", "SubjectLogonId": "0x3e7", "SubjectUserName": "CLIENT9$", "SubjectUserSid": "S-1-5-18", "TargetDomainName": "NT AUTHORITY", "TargetLinkedLogonId": "0x0", "TargetLogonId": "0x3e7", "TargetOutboundDomainName": "-", "TargetOutboundUserName": "-", "TargetUserName": "SYSTEM", "TargetUserSid": "S-1-5-18", "TransmittedServices": "-", "VirtualAccount": "%%1843", "WorkstationName": "-"}, "event_id": 4624, "keywords": ["Audit Success"], "opcode": "Info", "process": {"pid": 632, "thread": {"id": 8956}}, "provider_guid": "{54849625-5478-4994-a5ba-3e3b0328c30d}", "provider_name": "Microsoft-Windows-Security-Auditing", "record_id": 29150, "task": "Logon", "version": 2}}
