{"@timestamp": "2025-01-09T08:10:10.959Z", "agent": {"ephemeral_id": "bb64d7a7-091c-4137-a687-7e2730f981d8", "hostname": "CLIENT7", "id": "c35095e9-5f9f-4084-a651-3aaa2966847a", "name": "CLIENT7", "type": "winlogbeat", "version": "7.10.2"}, "ecs": {"version": "1.5.0"}, "event": {"action": "Executing Pipeline", "category": ["process"], "code": 4103, "created": "2025-01-09T08:10:11.531Z", "kind": "event", "module": "powershell", "provider": "Microsoft-Windows-PowerShell", "sequence": 384, "type": ["info"]}, "host": {"name": "CLIENT7.breach.local"}, "log": {"level": "information"}, "powershell": {"command": {"invocation_details": [{"related_command": "Get-Content", "type": "CommandInvocation", "value": "\"Get-Content\""}, {"name": "\"Path\"", "related_command": "Get-Content", "type": "ParameterBinding", "value": "\"C:\\Windows\\inf\\hidirkbd.inf\""}], "name": "Get-Content", "type": "Cmdlet"}, "engine": {"version": "5.1.19041.906"}, "id": "Microsoft.PowerShell", "pipeline_id": "1", "process": {"executable_version": "5.1.19041.906"}, "runspace_id": "c7ffc1f4-daa5-46fd-826e-3e529e34b1dd"}, "process": {"args": ["powershell.exe", "-ExecutionPolicy", "Restricted", "-Command", "$Res", "=", "0;", "$Infs", "=", "Get-Item", "-Path", "($env:WinDir", "+", "'\\inf\\*.inf');", "foreach", "($Inf", "in", "$Infs)", "{", "$Data", "=", "Get-Content", "$Inf.FullName;", "if", "($Data", "-match", "'\\[defaultinstall.nt(amd64|arm|arm64|x86)\\]')", "{", "$Res", "=", "1;", "break;", "}", "}", "Write-Host", "'Final", "result:',", "$Res;"], "args_count": 38, "command_line": "powershell.exe -ExecutionPolicy Restricted -Command $Res = 0; $Infs = Get-Item -Path ($env:WinDir + '\\inf\\*.inf'); foreach ($Inf in $Infs) { $Data = Get-Content $Inf.FullName; if ($Data -match '\\[defaultinstall.nt(amd64|arm|arm64|x86)\\]') { $Res = 1; break; } } Write-Host 'Final result:', $Res;", "entity_id": "72deaf58-b38a-4e43-9484-05af2ad85dd5", "title": "ConsoleHost"}, "related": {"user": "SYSTEM"}, "user": {"domain": "BREACH", "name": "SYSTEM"}, "winlog": {"activity_id": "{1f013968-626d-0000-6568-011f6d62db01}", "api": "wineventlog", "channel": "Microsoft-Windows-PowerShell/Operational", "computer_name": "CLIENT7.breach.local", "event_id": 4103, "opcode": "To be used when operation is just executing a method", "process": {"pid": 2840, "thread": {"id": 3128}}, "provider_guid": "{a0c1853b-5c40-4b15-8766-3cf1c58f985a}", "provider_name": "Microsoft-Windows-PowerShell", "record_id": 13294, "task": "Executing Pipeline", "user": {"domain": "NT AUTHORITY", "identifier": "S-1-5-18", "name": "SYSTEM", "type": "User"}, "version": 1}}
{"@timestamp": "2025-01-09T08:10:10.961Z", "agent": {"ephemeral_id": "bb64d7a7-091c-4137-a687-7e2730f981d8", "hostname": "CLIENT7", "id": "c35095e9-5f9f-4084-a651-3aaa2966847a", "name": "CLIENT7", "type": "winlogbeat", "version": "7.10.2"}, "ecs": {"version": "1.5.0"}, "event": {"action": "Executing Pipeline", "category": ["process"], "code": 4103, "created": "2025-01-09T08:10:11.532Z", "kind": "event", "module": "powershell", "provider": "Microsoft-Windows-PowerShell", "sequence": 386, "type": ["info"]}, "host": {"name": "CLIENT7.breach.local"}, "log": {"level": "information"}, "powershell": {"command": {"invocation_details": [{"related_command": "Get-Content", "type": "CommandInvocation", "value": "\"Get-Content\""}, {"name": "\"Path\"", "related_command": "Get-Content", "type": "ParameterBinding", "value": "\"C:\\Windows\\inf\\hidscanner.inf\""}], "name": "Get-Content", "type": "Cmdlet"}, "engine": {"version": "5.1.19041.906"}, "id": "Microsoft.PowerShell", "pipeline_id": "1", "process": {"executable_version": "5.1.19041.906"}, "runspace_id": "c7ffc1f4-daa5-46fd-826e-3e529e34b1dd"}, "process": {"args": ["powershell.exe", "-ExecutionPolicy", "Restricted", "-Command", "$Res", "=", "0;", "$Infs", "=", "Get-Item", "-Path", "($env:WinDir", "+", "'\\inf\\*.inf');", "foreach", "($Inf", "in", "$Infs)", "{", "$Data", "=", "Get-Content", "$Inf.FullName;", "if", "($Data", "-match", "'\\[defaultinstall.nt(amd64|arm|arm64|x86)\\]')", "{", "$Res", "=", "1;", "break;", "}", "}", "Write-Host", "'Final", "result:',", "$Res;"], "args_count": 38, "command_line": "powershell.exe -ExecutionPolicy Restricted -Command $Res = 0; $Infs = Get-Item -Path ($env:WinDir + '\\inf\\*.inf'); foreach ($Inf in $Infs) { $Data = Get-Content $Inf.FullName; if ($Data -match '\\[defaultinstall.nt(amd64|arm|arm64|x86)\\]') { $Res = 1; break; } } Write-Host 'Final result:', $Res;", "entity_id": "72deaf58-b38a-4e43-9484-05af2ad85dd5", "title": "ConsoleHost"}, "related": {"user": "SYSTEM"}, "user": {"domain": "BREACH", "name": "SYSTEM"}, "winlog": {"activity_id": "{1f013968-626d-0000-6668-011f6d62db01}", "api": "wineventlog", "channel": "Microsoft-Windows-PowerShell/Operational", "computer_name": "CLIENT7.breach.local", "event_id": 4103, "opcode": "To be used when operation is just executing a method", "process": {"pid": 2840, "thread": {"id": 3128}}, "provider_guid": "{a0c1853b-5c40-4b15-8766-3cf1c58f985a}", "provider_name": "Microsoft-Windows-PowerShell", "record_id": 13295, "task": "Executing Pipeline", "user": {"domain": "NT AUTHORITY", "identifier": "S-1-5-18", "name": "SYSTEM", "type": "User"}, "version": 1}}
{"@timestamp": "2025-01-09T08:10:10.963Z", "agent": {"ephemeral_id": "bb64d7a7-091c-4137-a687-7e2730f981d8", "hostname": "CLIENT7", "id": "c35095e9-5f9f-4084-a651-3aaa2966847a", "name": "CLIENT7", "type": "winlogbeat", "version": "7.10.2"}, "ecs": {"version": "1.5.0"}, "event": {"action": "Executing Pipeline", "category": ["process"], "code": 4103, "created": "2025-01-09T08:10:11.532Z", "kind": "event", "module": "powershell", "provider": "Microsoft-Windows-PowerShell", "sequence": 388, "type": ["info"]}, "host": {"name": "CLIENT7.breach.local"}, "log": {"level": "information"}, "powershell": {"command": {"invocation_details": [{"related_command": "Get-Content", "type": "CommandInvocation", "value": "\"Get-Content\""}, {"name": "\"Path\"", "related_command": "Get-Content", "type": "ParameterBinding", "value": "\"C:\\Windows\\inf\\hidserv.inf\""}], "name": "Get-Content", "type": "Cmdlet"}, "engine": {"version": "5.1.19041.906"}, "id": "Microsoft.PowerShell", "pipeline_id": "1", "process": {"executable_version": "5.1.19041.906"}, "runspace_id": "c7ffc1f4-daa5-46fd-826e-3e529e34b1dd"}, "process": {"args": ["powershell.exe", "-ExecutionPolicy", "Restricted", "-Command", "$Res", "=", "0;", "$Infs", "=", "Get-Item", "-Path", "($env:WinDir", "+", "'\\inf\\*.inf');", "foreach", "($Inf", "in", "$Infs)", "{", "$Data", "=", "Get-Content", "$Inf.FullName;", "if", "($Data", "-match", "'\\[defaultinstall.nt(amd64|arm|arm64|x86)\\]')", "{", "$Res", "=", "1;", "break;", "}", "}", "Write-Host", "'Final", "result:',", "$Res;"], "args_count": 38, "command_line": "powershell.exe -ExecutionPolicy Restricted -Command $Res = 0; $Infs = Get-Item -Path ($env:WinDir + '\\inf\\*.inf'); foreach ($Inf in $Infs) { $Data = Get-Content $Inf.FullName; if ($Data -match '\\[defaultinstall.nt(amd64|arm|arm64|x86)\\]') { $Res = 1; break; } } Write-Host 'Final result:', $Res;", "entity_id": "72deaf58-b38a-4e43-9484-05af2ad85dd5", "title": "ConsoleHost"}, "related": {"user": "SYSTEM"}, "user": {"domain": "BREACH", "name": "SYSTEM"}, "winlog": {"activity_id": "{1f013968-626d-0000-6768-011f6d62db01}", "api": "wineventlog", "channel": "Microsoft-Windows-PowerShell/Operational", "computer_name": "CLIENT7.breach.local", "event_id": 4103, "opcode": "To be used when operation is just executing a method", "process": {"pid": 2840, "thread": {"id": 3128}}, "provider_guid": "{a0c1853b-5c40-4b15-8766-3cf1c58f985a}", "provider_name": "Microsoft-Windows-PowerShell", "record_id": 13296, "task": "Executing Pipeline", "user": {"domain": "NT AUTHORITY", "identifier": "S-1-5-18", "name": "SYSTEM", "type": "User"}, "version": 1}}
{"@timestamp": "2025-01-09T08:10:10.965Z", "agent": {"ephemeral_id": "bb64d7a7-091c-4137-a687-7e2730f981d8", "hostname": "CLIENT7", "id": "c35095e9-5f9f-4084-a651-3aaa2966847a", "name": "CLIENT7", "type": "winlogbeat", "version": "7.10.2"}, "ecs": {"version": "1.5.0"}, "event": {"action": "Executing Pipeline", "category": ["process"], "code": 4103, "created": "2025-01-09T08:10:11.533Z", "kind": "event", "module": "powershell", "provider": "Microsoft-Windows-PowerShell", "sequence": 390, "type": ["info"]}, "host": {"name": "CLIENT7.breach.local"}, "log": {"level": "information"}, "powershell": {"command": {"invocation_details": [{"related_command": "Get-Content", "type": "CommandInvocation", "value": "\"Get-Content\""}, {"name": "\"Path\"", "related_command": "Get-Content", "type": "ParameterBinding", "value": "\"C:\\Windows\\inf\\hidspi_km.inf\""}], "name": "Get-Content", "type": "Cmdlet"}, "engine": {"version": "5.1.19041.906"}, "id": "Microsoft.PowerShell", "pipeline_id": "1", "process": {"executable_version": "5.1.19041.906"}, "runspace_id": "c7ffc1f4-daa5-46fd-826e-3e529e34b1dd"}, "process": {"args": ["powershell.exe", "-ExecutionPolicy", "Restricted", "-Command", "$Res", "=", "0;", "$Infs", "=", "Get-Item", "-Path", "($env:WinDir", "+", "'\\inf\\*.inf');", "foreach", "($Inf", "in", "$Infs)", "{", "$Data", "=", "Get-Content", "$Inf.FullName;", "if", "($Data", "-match", "'\\[defaultinstall.nt(amd64|arm|arm64|x86)\\]')", "{", "$Res", "=", "1;", "break;", "}", "}", "Write-Host", "'Final", "result:',", "$Res;"], "args_count": 38, "command_line": "powershell.exe -ExecutionPolicy Restricted -Command $Res = 0; $Infs = Get-Item -Path ($env:WinDir + '\\inf\\*.inf'); foreach ($Inf in $Infs) { $Data = Get-Content $Inf.FullName; if ($Data -match '\\[defaultinstall.nt(amd64|arm|arm64|x86)\\]') { $Res = 1; break; } } Write-Host 'Final result:', $Res;", "entity_id": "72deaf58-b38a-4e43-9484-05af2ad85dd5", "title": "ConsoleHost"}, "related": {"user": "SYSTEM"}, "user": {"domain": "BREACH", "name": "SYSTEM"}, "winlog": {"activity_id": "{1f013968-626d-0000-6868-011f6d62db01}", "api": "wineventlog", "channel": "Microsoft-Windows-PowerShell/Operational", "computer_name": "CLIENT7.breach.local", "event_id": 4103, "opcode": "To be used when operation is just executing a method", "process": {"pid": 2840, "thread": {"id": 3128}}, "provider_guid": "{a0c1853b-5c40-4b15-8766-3cf1c58f985a}", "provider_name": "Microsoft-Windows-PowerShell", "record_id": 13297, "task": "Executing Pipeline", "user": {"domain": "NT AUTHORITY", "identifier": "S-1-5-18", "name": "SYSTEM", "type": "User"}, "version": 1}}
{"@timestamp": "2025-01-09T08:10:10.966Z", "agent": {"ephemeral_id": "bb64d7a7-091c-4137-a687-7e2730f981d8", "hostname": "CLIENT7", "id": "c35095e9-5f9f-4084-a651-3aaa2966847a", "name": "CLIENT7", "type": "winlogbeat", "version": "7.10.2"}, "ecs": {"version": "1.5.0"}, "event": {"action": "Executing Pipeline", "category": ["process"], "code": 4103, "created": "2025-01-09T08:10:11.533Z", "kind": "event", "module": "powershell", "provider": "Microsoft-Windows-PowerShell", "sequence": 392, "type": ["info"]}, "host": {"name": "CLIENT7.breach.local"}, "log": {"level": "information"}, "powershell": {"command": {"invocation_details": [{"related_command": "Get-Content", "type": "CommandInvocation", "value": "\"Get-Content\""}, {"name": "\"Path\"", "related_command": "Get-Content", "type": "ParameterBinding", "value": "\"C:\\Windows\\inf\\HidTelephonyDriver.inf\""}], "name": "Get-Content", "type": "Cmdlet"}, "engine": {"version": "5.1.19041.906"}, "id": "Microsoft.PowerShell", "pipeline_id": "1", "process": {"executable_version": "5.1.19041.906"}, "runspace_id": "c7ffc1f4-daa5-46fd-826e-3e529e34b1dd"}, "process": {"args": ["powershell.exe", "-ExecutionPolicy", "Restricted", "-Command", "$Res", "=", "0;", "$Infs", "=", "Get-Item", "-Path", "($env:WinDir", "+", "'\\inf\\*.inf');", "foreach", "($Inf", "in", "$Infs)", "{", "$Data", "=", "Get-Content", "$Inf.FullName;", "if", "($Data", "-match", "'\\[defaultinstall.nt(amd64|arm|arm64|x86)\\]')", "{", "$Res", "=", "1;", "break;", "}", "}", "Write-Host", "'Final", "result:',", "$Res;"], "args_count": 38, "command_line": "powershell.exe -ExecutionPolicy Restricted -Command $Res = 0; $Infs = Get-Item -Path ($env:WinDir + '\\inf\\*.inf'); foreach ($Inf in $Infs) { $Data = Get-Content $Inf.FullName; if ($Data -match '\\[defaultinstall.nt(amd64|arm|arm64|x86)\\]') { $Res = 1; break; } } Write-Host 'Final result:', $Res;", "entity_id": "72deaf58-b38a-4e43-9484-05af2ad85dd5", "title": "ConsoleHost"}, "related": {"user": "SYSTEM"}, "user": {"domain": "BREACH", "name": "SYSTEM"}, "winlog": {"activity_id": "{1f013968-626d-0000-6968-011f6d62db01}", "api": "wineventlog", "channel": "Microsoft-Windows-PowerShell/Operational", "computer_name": "CLIENT7.breach.local", "event_id": 4103, "opcode": "To be used when operation is just executing a method", "process": {"pid": 2840, "thread": {"id": 3128}}, "provider_guid": "{a0c1853b-5c40-4b15-8766-3cf1c58f985a}", "provider_name": "Microsoft-Windows-PowerShell", "record_id": 13298, "task": "Executing Pipeline", "user": {"domain": "NT AUTHORITY", "identifier": "S-1-5-18", "name": "SYSTEM", "type": "User"}, "version": 1}}
{"@timestamp": "2025-01-09T08:10:10.967Z", "agent": {"ephemeral_id": "bb64d7a7-091c-4137-a687-7e2730f981d8", "hostname": "CLIENT7", "id": "c35095e9-5f9f-4084-a651-3aaa2966847a", "name": "CLIENT7", "type": "winlogbeat", "version": "7.10.2"}, "ecs": {"version": "1.5.0"}, "event": {"action": "Executing Pipeline", "category": ["process"], "code": 4103, "created": "2025-01-09T08:10:11.533Z", "kind": "event", "module": "powershell", "provider": "Microsoft-Windows-PowerShell", "sequence": 394, "type": ["info"]}, "host": {"name": "CLIENT7.breach.local"}, "log": {"level": "information"}, "powershell": {"command": {"invocation_details": [{"related_command": "Get-Content", "type": "CommandInvocation", "value": "\"Get-Content\""}, {"name": "\"Path\"", "related_command": "Get-Content", "type": "ParameterBinding", "value": "\"C:\\Windows\\inf\\hidvhf.inf\""}], "name": "Get-Content", "type": "Cmdlet"}, "engine": {"version": "5.1.19041.906"}, "id": "Microsoft.PowerShell", "pipeline_id": "1", "process": {"executable_version": "5.1.19041.906"}, "runspace_id": "c7ffc1f4-daa5-46fd-826e-3e529e34b1dd"}, "process": {"args": ["powershell.exe", "-ExecutionPolicy", "Restricted", "-Command", "$Res", "=", "0;", "$Infs", "=", "Get-Item", "-Path", "($env:WinDir", "+", "'\\inf\\*.inf');", "foreach", "($Inf", "in", "$Infs)", "{", "$Data", "=", "Get-Content", "$Inf.FullName;", "if", "($Data", "-match", "'\\[defaultinstall.nt(amd64|arm|arm64|x86)\\]')", "{", "$Res", "=", "1;", "break;", "}", "}", "Write-Host", "'Final", "result:',", "$Res;"], "args_count": 38, "command_line": "powershell.exe -ExecutionPolicy Restricted -Command $Res = 0; $Infs = Get-Item -Path ($env:WinDir + '\\inf\\*.inf'); foreach ($Inf in $Infs) { $Data = Get-Content $Inf.FullName; if ($Data -match '\\[defaultinstall.nt(amd64|arm|arm64|x86)\\]') { $Res = 1; break; } } Write-Host 'Final result:', $Res;", "entity_id": "72deaf58-b38a-4e43-9484-05af2ad85dd5", "title": "ConsoleHost"}, "related": {"user": "SYSTEM"}, "user": {"domain": "BREACH", "name": "SYSTEM"}, "winlog": {"activity_id": "{1f013968-626d-0000-6a68-011f6d62db01}", "api": "wineventlog", "channel": "Microsoft-Windows-PowerShell/Operational", "computer_name": "CLIENT7.breach.local", "event_id": 4103, "opcode": "To be used when operation is just executing a method", "process": {"pid": 2840, "thread": {"id": 3128}}, "provider_guid": "{a0c1853b-5c40-4b15-8766-3cf1c58f985a}", "provider_name": "Microsoft-Windows-PowerShell", "record_id": 13299, "task": "Executing Pipeline", "user": {"domain": "NT AUTHORITY", "identifier": "S-1-5-18", "name": "SYSTEM", "type": "User"}, "version": 1}}
{"@timestamp": "2025-01-09T08:10:11.013Z", "agent": {"ephemeral_id": "bb64d7a7-091c-4137-a687-7e2730f981d8", "hostname": "CLIENT7", "id": "c35095e9-5f9f-4084-a651-3aaa2966847a", "name": "CLIENT7", "type": "winlogbeat", "version": "7.10.2"}, "ecs": {"version": "1.5.0"}, "event": {"action": "Executing Pipeline", "category": ["process"], "code": 4103, "created": "2025-01-09T08:10:11.534Z", "kind": "event", "module": "powershell", "provider": "Microsoft-Windows-PowerShell", "sequence": 396, "type": ["info"]}, "host": {"name": "CLIENT7.breach.local"}, "log": {"level": "information"}, "powershell": {"command": {"invocation_details": [{"related_command": "Get-Content", "type": "CommandInvocation", "value": "\"Get-Content\""}, {"name": "\"Path\"", "related_command": "Get-Content", "type": "ParameterBinding", "value": "\"C:\\Windows\\inf\\hpsamd.inf\""}], "name": "Get-Content", "type": "Cmdlet"}, "engine": {"version": "5.1.19041.906"}, "id": "Microsoft.PowerShell", "pipeline_id": "1", "process": {"executable_version": "5.1.19041.906"}, "runspace_id": "c7ffc1f4-daa5-46fd-826e-3e529e34b1dd"}, "process": {"args": ["powershell.exe", "-ExecutionPolicy", "Restricted", "-Command", "$Res", "=", "0;", "$Infs", "=", "Get-Item", "-Path", "($env:WinDir", "+", "'\\inf\\*.inf');", "foreach", "($Inf", "in", "$Infs)", "{", "$Data", "=", "Get-Content", "$Inf.FullName;", "if", "($Data", "-match", "'\\[defaultinstall.nt(amd64|arm|arm64|x86)\\]')", "{", "$Res", "=", "1;", "break;", "}", "}", "Write-Host", "'Final", "result:',", "$Res;"], "args_count": 38, "command_line": "powershell.exe -ExecutionPolicy Restricted -Command $Res = 0; $Infs = Get-Item -Path ($env:WinDir + '\\inf\\*.inf'); foreach ($Inf in $Infs) { $Data = Get-Content $Inf.FullName; if ($Data -match '\\[defaultinstall.nt(amd64|arm|arm64|x86)\\]') { $Res = 1; break; } } Write-Host 'Final result:', $Res;", "entity_id": "72deaf58-b38a-4e43-9484-05af2ad85dd5", "title": "ConsoleHost"}, "related": {"user": "SYSTEM"}, "user": {"domain": "BREACH", "name": "SYSTEM"}, "winlog": {"activity_id": "{1f013968-626d-0001-0990-011f6d62db01}", "api": "wineventlog", "channel": "Microsoft-Windows-PowerShell/Operational", "computer_name": "CLIENT7.breach.local", "event_id": 4103, "opcode": "To be used when operation is just executing a method", "process": {"pid": 2840, "thread": {"id": 3128}}, "provider_guid": "{a0c1853b-5c40-4b15-8766-3cf1c58f985a}", "provider_name": "Microsoft-Windows-PowerShell", "record_id": 13300, "task": "Executing Pipeline", "user": {"domain": "NT AUTHORITY", "identifier": "S-1-5-18", "name": "SYSTEM", "type": "User"}, "version": 1}}
{"@timestamp": "2025-01-09T08:10:11.015Z", "agent": {"ephemeral_id": "bb64d7a7-091c-4137-a687-7e2730f981d8", "hostname": "CLIENT7", "id": "c35095e9-5f9f-4084-a651-3aaa2966847a", "name": "CLIENT7", "type": "winlogbeat", "version": "7.10.2"}, "ecs": {"version": "1.5.0"}, "event": {"action": "Executing Pipeline", "category": ["process"], "code": 4103, "created": "2025-01-09T08:10:11.534Z", "kind": "event", "module": "powershell", "provider": "Microsoft-Windows-PowerShell", "sequence": 398, "type": ["info"]}, "host": {"name": "CLIENT7.breach.local"}, "log": {"level": "information"}, "powershell": {"command": {"invocation_details": [{"related_command": "Get-Content", "type": "CommandInvocation", "value": "\"Get-Content\""}, {"name": "\"Path\"", "related_command": "Get-Content", "type": "ParameterBinding", "value": "\"C:\\Windows\\inf\\iagpio.inf\""}], "name": "Get-Content", "type": "Cmdlet"}, "engine": {"version": "5.1.19041.906"}, "id": "Microsoft.PowerShell", "pipeline_id": "1", "process": {"executable_version": "5.1.19041.906"}, "runspace_id": "c7ffc1f4-daa5-46fd-826e-3e529e34b1dd"}, "process": {"args": ["powershell.exe", "-ExecutionPolicy", "Restricted", "-Command", "$Res", "=", "0;", "$Infs", "=", "Get-Item", "-Path", "($env:WinDir", "+", "'\\inf\\*.inf');", "foreach", "($Inf", "in", "$Infs)", "{", "$Data", "=", "Get-Content", "$Inf.FullName;", "if", "($Data", "-match", "'\\[defaultinstall.nt(amd64|arm|arm64|x86)\\]')", "{", "$Res", "=", "1;", "break;", "}", "}", "Write-Host", "'Final", "result:',", "$Res;"], "args_count": 38, "command_line": "powershell.exe -ExecutionPolicy Restricted -Command $Res = 0; $Infs = Get-Item -Path ($env:WinDir + '\\inf\\*.inf'); foreach ($Inf in $Infs) { $Data = Get-Content $Inf.FullName; if ($Data -match '\\[defaultinstall.nt(amd64|arm|arm64|x86)\\]') { $Res = 1; break; } } Write-Host 'Final result:', $Res;", "entity_id": "72deaf58-b38a-4e43-9484-05af2ad85dd5", "title": "ConsoleHost"}, "related": {"user": "SYSTEM"}, "user": {"domain": "BREACH", "name": "SYSTEM"}, "winlog": {"activity_id": "{1f013968-626d-0001-0a90-011f6d62db01}", "api": "wineventlog", "channel": "Microsoft-Windows-PowerShell/Operational", "computer_name": "CLIENT7.breach.local", "event_id": 4103, "opcode": "To be used when operation is just executing a method", "process": {"pid": 2840, "thread": {"id": 3128}}, "provider_guid": "{a0c1853b-5c40-4b15-8766-3cf1c58f985a}", "provider_name": "Microsoft-Windows-PowerShell", "record_id": 13301, "task": "Executing Pipeline", "user": {"domain": "NT AUTHORITY", "identifier": "S-1-5-18", "name": "SYSTEM", "type": "User"}, "version": 1}}
{"@timestamp": "2025-01-09T08:10:11.016Z", "agent": {"ephemeral_id": "bb64d7a7-091c-4137-a687-7e2730f981d8", "hostname": "CLIENT7", "id": "c35095e9-5f9f-4084-a651-3aaa2966847a", "name": "CLIENT7", "type": "winlogbeat", "version": "7.10.2"}, "ecs": {"version": "1.5.0"}, "event": {"action": "Executing Pipeline", "category": ["process"], "code": 4103, "created": "2025-01-09T08:10:11.535Z", "kind": "event", "module": "powershell", "provider": "Microsoft-Windows-PowerShell", "sequence": 400, "type": ["info"]}, "host": {"name": "CLIENT7.breach.local"}, "log": {"level": "information"}, "powershell": {"command": {"invocation_details": [{"related_command": "Get-Content", "type": "CommandInvocation", "value": "\"Get-Content\""}, {"name": "\"Path\"", "related_command": "Get-Content", "type": "ParameterBinding", "value": "\"C:\\Windows\\inf\\iai2c.inf\""}], "name": "Get-Content", "type": "Cmdlet"}, "engine": {"version": "5.1.19041.906"}, "id": "Microsoft.PowerShell", "pipeline_id": "1", "process": {"executable_version": "5.1.19041.906"}, "runspace_id": "c7ffc1f4-daa5-46fd-826e-3e529e34b1dd"}, "process": {"args": ["powershell.exe", "-ExecutionPolicy", "Restricted", "-Command", "$Res", "=", "0;", "$Infs", "=", "Get-Item", "-Path", "($env:WinDir", "+", "'\\inf\\*.inf');", "foreach", "($Inf", "in", "$Infs)", "{", "$Data", "=", "Get-Content", "$Inf.FullName;", "if", "($Data", "-match", "'\\[defaultinstall.nt(amd64|arm|arm64|x86)\\]')", "{", "$Res", "=", "1;", "break;", "}", "}", "Write-Host", "'Final", "result:',", "$Res;"], "args_count": 38, "command_line": "powershell.exe -ExecutionPolicy Restricted -Command $Res = 0; $Infs = Get-Item -Path ($env:WinDir + '\\inf\\*.inf'); foreach ($Inf in $Infs) { $Data = Get-Content $Inf.FullName; if ($Data -match '\\[defaultinstall.nt(amd64|arm|arm64|x86)\\]') { $Res = 1; break; } } Write-Host 'Final result:', $Res;", "entity_id": "72deaf58-b38a-4e43-9484-05af2ad85dd5", "title": "ConsoleHost"}, "related": {"user": "SYSTEM"}, "user": {"domain": "BREACH", "name": "SYSTEM"}, "winlog": {"activity_id": "{1f013968-626d-0001-0b90-011f6d62db01}", "api": "wineventlog", "channel": "Microsoft-Windows-PowerShell/Operational", "computer_name": "CLIENT7.breach.local", "event_id": 4103, "opcode": "To be used when operation is just executing a method", "process": {"pid": 2840, "thread": {"id": 3128}}, "provider_guid": "{a0c1853b-5c40-4b15-8766-3cf1c58f985a}", "provider_name": "Microsoft-Windows-PowerShell", "record_id": 13302, "task": "Executing Pipeline", "user": {"domain": "NT AUTHORITY", "identifier": "S-1-5-18", "name": "SYSTEM", "type": "User"}, "version": 1}}
{"@timestamp": "2025-01-09T08:10:11.017Z", "agent": {"ephemeral_id": "bb64d7a7-091c-4137-a687-7e2730f981d8", "hostname": "CLIENT7", "id": "c35095e9-5f9f-4084-a651-3aaa2966847a", "name": "CLIENT7", "type": "winlogbeat", "version": "7.10.2"}, "ecs": {"version": "1.5.0"}, "event": {"action": "Executing Pipeline", "category": ["process"], "code": 4103, "created": "2025-01-09T08:10:11.535Z", "kind": "event", "module": "powershell", "provider": "Microsoft-Windows-PowerShell", "sequence": 402, "type": ["info"]}, "host": {"name": "CLIENT7.breach.local"}, "log": {"level": "information"}, "powershell": {"command": {"invocation_details": [{"related_command": "Get-Content", "type": "CommandInvocation", "value": "\"Get-Content\""}, {"name": "\"Path\"", "related_command": "Get-Content", "type": "ParameterBinding", "value": "\"C:\\Windows\\inf\\iaLPSS2i_GPIO2_BXT_P.inf\""}], "name": "Get-Content", "type": "Cmdlet"}, "engine": {"version": "5.1.19041.906"}, "id": "Microsoft.PowerShell", "pipeline_id": "1", "process": {"executable_version": "5.1.19041.906"}, "runspace_id": "c7ffc1f4-daa5-46fd-826e-3e529e34b1dd"}, "process": {"args": ["powershell.exe", "-ExecutionPolicy", "Restricted", "-Command", "$Res", "=", "0;", "$Infs", "=", "Get-Item", "-Path", "($env:WinDir", "+", "'\\inf\\*.inf');", "foreach", "($Inf", "in", "$Infs)", "{", "$Data", "=", "Get-Content", "$Inf.FullName;", "if", "($Data", "-match", "'\\[defaultinstall.nt(amd64|arm|arm64|x86)\\]')", "{", "$Res", "=", "1;", "break;", "}", "}", "Write-Host", "'Final", "result:',", "$Res;"], "args_count": 38, "command_line": "powershell.exe -ExecutionPolicy Restricted -Command $Res = 0; $Infs = Get-Item -Path ($env:WinDir + '\\inf\\*.inf'); foreach ($Inf in $Infs) { $Data = Get-Content $Inf.FullName; if ($Data -match '\\[defaultinstall.nt(amd64|arm|arm64|x86)\\]') { $Res = 1; break; } } Write-Host 'Final result:', $Res;", "entity_id": "72deaf58-b38a-4e43-9484-05af2ad85dd5", "title": "ConsoleHost"}, "related": {"user": "SYSTEM"}, "user": {"domain": "BREACH", "name": "SYSTEM"}, "winlog": {"activity_id": "{1f013968-626d-0001-0c90-011f6d62db01}", "api": "wineventlog", "channel": "Microsoft-Windows-PowerShell/Operational", "computer_name": "CLIENT7.breach.local", "event_id": 4103, "opcode": "To be used when operation is just executing a method", "process": {"pid": 2840, "thread": {"id": 3128}}, "provider_guid": "{a0c1853b-5c40-4b15-8766-3cf1c58f985a}", "provider_name": "Microsoft-Windows-PowerShell", "record_id": 13303, "task": "Executing Pipeline", "user": {"domain": "NT AUTHORITY", "identifier": "S-1-5-18", "name": "SYSTEM", "type": "User"}, "version": 1}}
{"@timestamp": "2025-01-09T08:10:11.019Z", "agent": {"ephemeral_id": "bb64d7a7-091c-4137-a687-7e2730f981d8", "hostname": "CLIENT7", "id": "c35095e9-5f9f-4084-a651-3aaa2966847a", "name": "CLIENT7", "type": "winlogbeat", "version": "7.10.2"}, "ecs": {"version": "1.5.0"}, "event": {"action": "Executing Pipeline", "category": ["process"], "code": 4103, "created": "2025-01-09T08:10:11.535Z", "kind": "event", "module": "powershell", "provider": "Microsoft-Windows-PowerShell", "sequence": 404, "type": ["info"]}, "host": {"name": "CLIENT7.breach.local"}, "log": {"level": "information"}, "powershell": {"command": {"invocation_details": [{"related_command": "Get-Content", "type": "CommandInvocation", "value": "\"Get-Content\""}, {"name": "\"Path\"", "related_command": "Get-Content", "type": "ParameterBinding", "value": "\"C:\\Windows\\inf\\iaLPSS2i_GPIO2_CNL.inf\""}], "name": "Get-Content", "type": "Cmdlet"}, "engine": {"version": "5.1.19041.906"}, "id": "Microsoft.PowerShell", "pipeline_id": "1", "process": {"executable_version": "5.1.19041.906"}, "runspace_id": "c7ffc1f4-daa5-46fd-826e-3e529e34b1dd"}, "process": {"args": ["powershell.exe", "-ExecutionPolicy", "Restricted", "-Command", "$Res", "=", "0;", "$Infs", "=", "Get-Item", "-Path", "($env:WinDir", "+", "'\\inf\\*.inf');", "foreach", "($Inf", "in", "$Infs)", "{", "$Data", "=", "Get-Content", "$Inf.FullName;", "if", "($Data", "-match", "'\\[defaultinstall.nt(amd64|arm|arm64|x86)\\]')", "{", "$Res", "=", "1;", "break;", "}", "}", "Write-Host", "'Final", "result:',", "$Res;"], "args_count": 38, "command_line": "powershell.exe -ExecutionPolicy Restricted -Command $Res = 0; $Infs = Get-Item -Path ($env:WinDir + '\\inf\\*.inf'); foreach ($Inf in $Infs) { $Data = Get-Content $Inf.FullName; if ($Data -match '\\[defaultinstall.nt(amd64|arm|arm64|x86)\\]') { $Res = 1; break; } } Write-Host 'Final result:', $Res;", "entity_id": "72deaf58-b38a-4e43-9484-05af2ad85dd5", "title": "ConsoleHost"}, "related": {"user": "SYSTEM"}, "user": {"domain": "BREACH", "name": "SYSTEM"}, "winlog": {"activity_id": "{1f013968-626d-0001-0d90-011f6d62db01}", "api": "wineventlog", "channel": "Microsoft-Windows-PowerShell/Operational", "computer_name": "CLIENT7.breach.local", "event_id": 4103, "opcode": "To be used when operation is just executing a method", "process": {"pid": 2840, "thread": {"id": 3128}}, "provider_guid": "{a0c1853b-5c40-4b15-8766-3cf1c58f985a}", "provider_name": "Microsoft-Windows-PowerShell", "record_id": 13304, "task": "Executing Pipeline", "user": {"domain": "NT AUTHORITY", "identifier": "S-1-5-18", "name": "SYSTEM", "type": "User"}, "version": 1}}
{"@timestamp": "2025-01-09T08:10:11.020Z", "agent": {"ephemeral_id": "bb64d7a7-091c-4137-a687-7e2730f981d8", "hostname": "CLIENT7", "id": "c35095e9-5f9f-4084-a651-3aaa2966847a", "name": "CLIENT7", "type": "winlogbeat", "version": "7.10.2"}, "ecs": {"version": "1.5.0"}, "event": {"action": "Executing Pipeline", "category": ["process"], "code": 4103, "created": "2025-01-09T08:10:11.536Z", "kind": "event", "module": "powershell", "provider": "Microsoft-Windows-PowerShell", "sequence": 406, "type": ["info"]}, "host": {"name": "CLIENT7.breach.local"}, "log": {"level": "information"}, "powershell": {"command": {"invocation_details": [{"related_command": "Get-Content", "type": "CommandInvocation", "value": "\"Get-Content\""}, {"name": "\"Path\"", "related_command": "Get-Content", "type": "ParameterBinding", "value": "\"C:\\Windows\\inf\\iaLPSS2i_GPIO2_GLK.inf\""}], "name": "Get-Content", "type": "Cmdlet"}, "engine": {"version": "5.1.19041.906"}, "id": "Microsoft.PowerShell", "pipeline_id": "1", "process": {"executable_version": "5.1.19041.906"}, "runspace_id": "c7ffc1f4-daa5-46fd-826e-3e529e34b1dd"}, "process": {"args": ["powershell.exe", "-ExecutionPolicy", "Restricted", "-Command", "$Res", "=", "0;", "$Infs", "=", "Get-Item", "-Path", "($env:WinDir", "+", "'\\inf\\*.inf');", "foreach", "($Inf", "in", "$Infs)", "{", "$Data", "=", "Get-Content", "$Inf.FullName;", "if", "($Data", "-match", "'\\[defaultinstall.nt(amd64|arm|arm64|x86)\\]')", "{", "$Res", "=", "1;", "break;", "}", "}", "Write-Host", "'Final", "result:',", "$Res;"], "args_count": 38, "command_line": "powershell.exe -ExecutionPolicy Restricted -Command $Res = 0; $Infs = Get-Item -Path ($env:WinDir + '\\inf\\*.inf'); foreach ($Inf in $Infs) { $Data = Get-Content $Inf.FullName; if ($Data -match '\\[defaultinstall.nt(amd64|arm|arm64|x86)\\]') { $Res = 1; break; } } Write-Host 'Final result:', $Res;", "entity_id": "72deaf58-b38a-4e43-9484-05af2ad85dd5", "title": "ConsoleHost"}, "related": {"user": "SYSTEM"}, "user": {"domain": "BREACH", "name": "SYSTEM"}, "winlog": {"activity_id": "{1f013968-626d-0001-0e90-011f6d62db01}", "api": "wineventlog", "channel": "Microsoft-Windows-PowerShell/Operational", "computer_name": "CLIENT7.breach.local", "event_id": 4103, "opcode": "To be used when operation is just executing a method", "process": {"pid": 2840, "thread": {"id": 3128}}, "provider_guid": "{a0c1853b-5c40-4b15-8766-3cf1c58f985a}", "provider_name": "Microsoft-Windows-PowerShell", "record_id": 13305, "task": "Executing Pipeline", "user": {"domain": "NT AUTHORITY", "identifier": "S-1-5-18", "name": "SYSTEM", "type": "User"}, "version": 1}}
{"@timestamp": "2025-01-09T08:10:11.022Z", "agent": {"ephemeral_id": "bb64d7a7-091c-4137-a687-7e2730f981d8", "hostname": "CLIENT7", "id": "c35095e9-5f9f-4084-a651-3aaa2966847a", "name": "CLIENT7", "type": "winlogbeat", "version": "7.10.2"}, "ecs": {"version": "1.5.0"}, "event": {"action": "Executing Pipeline", "category": ["process"], "code": 4103, "created": "2025-01-09T08:10:11.536Z", "kind": "event", "module": "powershell", "provider": "Microsoft-Windows-PowerShell", "sequence": 408, "type": ["info"]}, "host": {"name": "CLIENT7.breach.local"}, "log": {"level": "information"}, "powershell": {"command": {"invocation_details": [{"related_command": "Get-Content", "type": "CommandInvocation", "value": "\"Get-Content\""}, {"name": "\"Path\"", "related_command": "Get-Content", "type": "ParameterBinding", "value": "\"C:\\Windows\\inf\\iaLPSS2i_GPIO2_SKL.inf\""}], "name": "Get-Content", "type": "Cmdlet"}, "engine": {"version": "5.1.19041.906"}, "id": "Microsoft.PowerShell", "pipeline_id": "1", "process": {"executable_version": "5.1.19041.906"}, "runspace_id": "c7ffc1f4-daa5-46fd-826e-3e529e34b1dd"}, "process": {"args": ["powershell.exe", "-ExecutionPolicy", "Restricted", "-Command", "$Res", "=", "0;", "$Infs", "=", "Get-Item", "-Path", "($env:WinDir", "+", "'\\inf\\*.inf');", "foreach", "($Inf", "in", "$Infs)", "{", "$Data", "=", "Get-Content", "$Inf.FullName;", "if", "($Data", "-match", "'\\[defaultinstall.nt(amd64|arm|arm64|x86)\\]')", "{", "$Res", "=", "1;", "break;", "}", "}", "Write-Host", "'Final", "result:',", "$Res;"], "args_count": 38, "command_line": "powershell.exe -ExecutionPolicy Restricted -Command $Res = 0; $Infs = Get-Item -Path ($env:WinDir + '\\inf\\*.inf'); foreach ($Inf in $Infs) { $Data = Get-Content $Inf.FullName; if ($Data -match '\\[defaultinstall.nt(amd64|arm|arm64|x86)\\]') { $Res = 1; break; } } Write-Host 'Final result:', $Res;", "entity_id": "72deaf58-b38a-4e43-9484-05af2ad85dd5", "title": "ConsoleHost"}, "related": {"user": "SYSTEM"}, "user": {"domain": "BREACH", "name": "SYSTEM"}, "winlog": {"activity_id": "{1f013968-626d-0001-0f90-011f6d62db01}", "api": "wineventlog", "channel": "Microsoft-Windows-PowerShell/Operational", "computer_name": "CLIENT7.breach.local", "event_id": 4103, "opcode": "To be used when operation is just executing a method", "process": {"pid": 2840, "thread": {"id": 3128}}, "provider_guid": "{a0c1853b-5c40-4b15-8766-3cf1c58f985a}", "provider_name": "Microsoft-Windows-PowerShell", "record_id": 13306, "task": "Executing Pipeline", "user": {"domain": "NT AUTHORITY", "identifier": "S-1-5-18", "name": "SYSTEM", "type": "User"}, "version": 1}}
{"@timestamp": "2025-01-09T08:10:11.024Z", "agent": {"ephemeral_id": "bb64d7a7-091c-4137-a687-7e2730f981d8", "hostname": "CLIENT7", "id": "c35095e9-5f9f-4084-a651-3aaa2966847a", "name": "CLIENT7", "type": "winlogbeat", "version": "7.10.2"}, "ecs": {"version": "1.5.0"}, "event": {"action": "Executing Pipeline", "category": ["process"], "code": 4103, "created": "2025-01-09T08:10:11.536Z", "kind": "event", "module": "powershell", "provider": "Microsoft-Windows-PowerShell", "sequence": 410, "type": ["info"]}, "host": {"name": "CLIENT7.breach.local"}, "log": {"level": "information"}, "powershell": {"command": {"invocation_details": [{"related_command": "Get-Content", "type": "CommandInvocation", "value": "\"Get-Content\""}, {"name": "\"Path\"", "related_command": "Get-Content", "type": "ParameterBinding", "value": "\"C:\\Windows\\inf\\iaLPSS2i_I2C_BXT_P.inf\""}], "name": "Get-Content", "type": "Cmdlet"}, "engine": {"version": "5.1.19041.906"}, "id": "Microsoft.PowerShell", "pipeline_id": "1", "process": {"executable_version": "5.1.19041.906"}, "runspace_id": "c7ffc1f4-daa5-46fd-826e-3e529e34b1dd"}, "process": {"args": ["powershell.exe", "-ExecutionPolicy", "Restricted", "-Command", "$Res", "=", "0;", "$Infs", "=", "Get-Item", "-Path", "($env:WinDir", "+", "'\\inf\\*.inf');", "foreach", "($Inf", "in", "$Infs)", "{", "$Data", "=", "Get-Content", "$Inf.FullName;", "if", "($Data", "-match", "'\\[defaultinstall.nt(amd64|arm|arm64|x86)\\]')", "{", "$Res", "=", "1;", "break;", "}", "}", "Write-Host", "'Final", "result:',", "$Res;"], "args_count": 38, "command_line": "powershell.exe -ExecutionPolicy Restricted -Command $Res = 0; $Infs = Get-Item -Path ($env:WinDir + '\\inf\\*.inf'); foreach ($Inf in $Infs) { $Data = Get-Content $Inf.FullName; if ($Data -match '\\[defaultinstall.nt(amd64|arm|arm64|x86)\\]') { $Res = 1; break; } } Write-Host 'Final result:', $Res;", "entity_id": "72deaf58-b38a-4e43-9484-05af2ad85dd5", "title": "ConsoleHost"}, "related": {"user": "SYSTEM"}, "user": {"domain": "BREACH", "name": "SYSTEM"}, "winlog": {"activity_id": "{1f013968-626d-0001-1090-011f6d62db01}", "api": "wineventlog", "channel": "Microsoft-Windows-PowerShell/Operational", "computer_name": "CLIENT7.breach.local", "event_id": 4103, "opcode": "To be used when operation is just executing a method", "process": {"pid": 2840, "thread": {"id": 3128}}, "provider_guid": "{a0c1853b-5c40-4b15-8766-3cf1c58f985a}", "provider_name": "Microsoft-Windows-PowerShell", "record_id": 13307, "task": "Executing Pipeline", "user": {"domain": "NT AUTHORITY", "identifier": "S-1-5-18", "name": "SYSTEM", "type": "User"}, "version": 1}}
{"@timestamp": "2025-01-09T08:10:11.026Z", "agent": {"ephemeral_id": "bb64d7a7-091c-4137-a687-7e2730f981d8", "hostname": "CLIENT7", "id": "c35095e9-5f9f-4084-a651-3aaa2966847a", "name": "CLIENT7", "type": "winlogbeat", "version": "7.10.2"}, "ecs": {"version": "1.5.0"}, "event": {"action": "Executing Pipeline", "category": ["process"], "code": 4103, "created": "2025-01-09T08:10:11.537Z", "kind": "event", "module": "powershell", "provider": "Microsoft-Windows-PowerShell", "sequence": 412, "type": ["info"]}, "host": {"name": "CLIENT7.breach.local"}, "log": {"level": "information"}, "powershell": {"command": {"invocation_details": [{"related_command": "Get-Content", "type": "CommandInvocation", "value": "\"Get-Content\""}, {"name": "\"Path\"", "related_command": "Get-Content", "type": "ParameterBinding", "value": "\"C:\\Windows\\inf\\iaLPSS2i_I2C_CNL.inf\""}], "name": "Get-Content", "type": "Cmdlet"}, "engine": {"version": "5.1.19041.906"}, "id": "Microsoft.PowerShell", "pipeline_id": "1", "process": {"executable_version": "5.1.19041.906"}, "runspace_id": "c7ffc1f4-daa5-46fd-826e-3e529e34b1dd"}, "process": {"args": ["powershell.exe", "-ExecutionPolicy", "Restricted", "-Command", "$Res", "=", "0;", "$Infs", "=", "Get-Item", "-Path", "($env:WinDir", "+", "'\\inf\\*.inf');", "foreach", "($Inf", "in", "$Infs)", "{", "$Data", "=", "Get-Content", "$Inf.FullName;", "if", "($Data", "-match", "'\\[defaultinstall.nt(amd64|arm|arm64|x86)\\]')", "{", "$Res", "=", "1;", "break;", "}", "}", "Write-Host", "'Final", "result:',", "$Res;"], "args_count": 38, "command_line": "powershell.exe -ExecutionPolicy Restricted -Command $Res = 0; $Infs = Get-Item -Path ($env:WinDir + '\\inf\\*.inf'); foreach ($Inf in $Infs) { $Data = Get-Content $Inf.FullName; if ($Data -match '\\[defaultinstall.nt(amd64|arm|arm64|x86)\\]') { $Res = 1; break; } } Write-Host 'Final result:', $Res;", "entity_id": "72deaf58-b38a-4e43-9484-05af2ad85dd5", "title": "ConsoleHost"}, "related": {"user": "SYSTEM"}, "user": {"domain": "BREACH", "name": "SYSTEM"}, "winlog": {"activity_id": "{1f013968-626d-0001-1190-011f6d62db01}", "api": "wineventlog", "channel": "Microsoft-Windows-PowerShell/Operational", "computer_name": "CLIENT7.breach.local", "event_id": 4103, "opcode": "To be used when operation is just executing a method", "process": {"pid": 2840, "thread": {"id": 3128}}, "provider_guid": "{a0c1853b-5c40-4b15-8766-3cf1c58f985a}", "provider_name": "Microsoft-Windows-PowerShell", "record_id": 13308, "task": "Executing Pipeline", "user": {"domain": "NT AUTHORITY", "identifier": "S-1-5-18", "name": "SYSTEM", "type": "User"}, "version": 1}}
{"@timestamp": "2025-01-09T08:10:11.028Z", "agent": {"ephemeral_id": "bb64d7a7-091c-4137-a687-7e2730f981d8", "hostname": "CLIENT7", "id": "c35095e9-5f9f-4084-a651-3aaa2966847a", "name": "CLIENT7", "type": "winlogbeat", "version": "7.10.2"}, "ecs": {"version": "1.5.0"}, "event": {"action": "Executing Pipeline", "category": ["process"], "code": 4103, "created": "2025-01-09T08:10:11.537Z", "kind": "event", "module": "powershell", "provider": "Microsoft-Windows-PowerShell", "sequence": 414, "type": ["info"]}, "host": {"name": "CLIENT7.breach.local"}, "log": {"level": "information"}, "powershell": {"command": {"invocation_details": [{"related_command": "Get-Content", "type": "CommandInvocation", "value": "\"Get-Content\""}, {"name": "\"Path\"", "related_command": "Get-Content", "type": "ParameterBinding", "value": "\"C:\\Windows\\inf\\iaLPSS2i_I2C_GLK.inf\""}], "name": "Get-Content", "type": "Cmdlet"}, "engine": {"version": "5.1.19041.906"}, "id": "Microsoft.PowerShell", "pipeline_id": "1", "process": {"executable_version": "5.1.19041.906"}, "runspace_id": "c7ffc1f4-daa5-46fd-826e-3e529e34b1dd"}, "process": {"args": ["powershell.exe", "-ExecutionPolicy", "Restricted", "-Command", "$Res", "=", "0;", "$Infs", "=", "Get-Item", "-Path", "($env:WinDir", "+", "'\\inf\\*.inf');", "foreach", "($Inf", "in", "$Infs)", "{", "$Data", "=", "Get-Content", "$Inf.FullName;", "if", "($Data", "-match", "'\\[defaultinstall.nt(amd64|arm|arm64|x86)\\]')", "{", "$Res", "=", "1;", "break;", "}", "}", "Write-Host", "'Final", "result:',", "$Res;"], "args_count": 38, "command_line": "powershell.exe -ExecutionPolicy Restricted -Command $Res = 0; $Infs = Get-Item -Path ($env:WinDir + '\\inf\\*.inf'); foreach ($Inf in $Infs) { $Data = Get-Content $Inf.FullName; if ($Data -match '\\[defaultinstall.nt(amd64|arm|arm64|x86)\\]') { $Res = 1; break; } } Write-Host 'Final result:', $Res;", "entity_id": "72deaf58-b38a-4e43-9484-05af2ad85dd5", "title": "ConsoleHost"}, "related": {"user": "SYSTEM"}, "user": {"domain": "BREACH", "name": "SYSTEM"}, "winlog": {"activity_id": "{1f013968-626d-0001-1290-011f6d62db01}", "api": "wineventlog", "channel": "Microsoft-Windows-PowerShell/Operational", "computer_name": "CLIENT7.breach.local", "event_id": 4103, "opcode": "To be used when operation is just executing a method", "process": {"pid": 2840, "thread": {"id": 3128}}, "provider_guid": "{a0c1853b-5c40-4b15-8766-3cf1c58f985a}", "provider_name": "Microsoft-Windows-PowerShell", "record_id": 13309, "task": "Executing Pipeline", "user": {"domain": "NT AUTHORITY", "identifier": "S-1-5-18", "name": "SYSTEM", "type": "User"}, "version": 1}}
{"@timestamp": "2025-01-09T08:10:11.029Z", "agent": {"ephemeral_id": "bb64d7a7-091c-4137-a687-7e2730f981d8", "hostname": "CLIENT7", "id": "c35095e9-5f9f-4084-a651-3aaa2966847a", "name": "CLIENT7", "type": "winlogbeat", "version": "7.10.2"}, "ecs": {"version": "1.5.0"}, "event": {"action": "Executing Pipeline", "category": ["process"], "code": 4103, "created": "2025-01-09T08:10:11.537Z", "kind": "event", "module": "powershell", "provider": "Microsoft-Windows-PowerShell", "sequence": 416, "type": ["info"]}, "host": {"name": "CLIENT7.breach.local"}, "log": {"level": "information"}, "powershell": {"command": {"invocation_details": [{"related_command": "Get-Content", "type": "CommandInvocation", "value": "\"Get-Content\""}, {"name": "\"Path\"", "related_command": "Get-Content", "type": "ParameterBinding", "value": "\"C:\\Windows\\inf\\iaLPSS2i_I2C_SKL.inf\""}], "name": "Get-Content", "type": "Cmdlet"}, "engine": {"version": "5.1.19041.906"}, "id": "Microsoft.PowerShell", "pipeline_id": "1", "process": {"executable_version": "5.1.19041.906"}, "runspace_id": "c7ffc1f4-daa5-46fd-826e-3e529e34b1dd"}, "process": {"args": ["powershell.exe", "-ExecutionPolicy", "Restricted", "-Command", "$Res", "=", "0;", "$Infs", "=", "Get-Item", "-Path", "($env:WinDir", "+", "'\\inf\\*.inf');", "foreach", "($Inf", "in", "$Infs)", "{", "$Data", "=", "Get-Content", "$Inf.FullName;", "if", "($Data", "-match", "'\\[defaultinstall.nt(amd64|arm|arm64|x86)\\]')", "{", "$Res", "=", "1;", "break;", "}", "}", "Write-Host", "'Final", "result:',", "$Res;"], "args_count": 38, "command_line": "powershell.exe -ExecutionPolicy Restricted -Command $Res = 0; $Infs = Get-Item -Path ($env:WinDir + '\\inf\\*.inf'); foreach ($Inf in $Infs) { $Data = Get-Content $Inf.FullName; if ($Data -match '\\[defaultinstall.nt(amd64|arm|arm64|x86)\\]') { $Res = 1; break; } } Write-Host 'Final result:', $Res;", "entity_id": "72deaf58-b38a-4e43-9484-05af2ad85dd5", "title": "ConsoleHost"}, "related": {"user": "SYSTEM"}, "user": {"domain": "BREACH", "name": "SYSTEM"}, "winlog": {"activity_id": "{1f013968-626d-0001-1390-011f6d62db01}", "api": "wineventlog", "channel": "Microsoft-Windows-PowerShell/Operational", "computer_name": "CLIENT7.breach.local", "event_id": 4103, "opcode": "To be used when operation is just executing a method", "process": {"pid": 2840, "thread": {"id": 3128}}, "provider_guid": "{a0c1853b-5c40-4b15-8766-3cf1c58f985a}", "provider_name": "Microsoft-Windows-PowerShell", "record_id": 13310, "task": "Executing Pipeline", "user": {"domain": "NT AUTHORITY", "identifier": "S-1-5-18", "name": "SYSTEM", "type": "User"}, "version": 1}}
{"@timestamp": "2025-01-09T08:10:11.031Z", "agent": {"ephemeral_id": "bb64d7a7-091c-4137-a687-7e2730f981d8", "hostname": "CLIENT7", "id": "c35095e9-5f9f-4084-a651-3aaa2966847a", "name": "CLIENT7", "type": "winlogbeat", "version": "7.10.2"}, "ecs": {"version": "1.5.0"}, "event": {"action": "Executing Pipeline", "category": ["process"], "code": 4103, "created": "2025-01-09T08:10:11.538Z", "kind": "event", "module": "powershell", "provider": "Microsoft-Windows-PowerShell", "sequence": 418, "type": ["info"]}, "host": {"name": "CLIENT7.breach.local"}, "log": {"level": "information"}, "powershell": {"command": {"invocation_details": [{"related_command": "Get-Content", "type": "CommandInvocation", "value": "\"Get-Content\""}, {"name": "\"Path\"", "related_command": "Get-Content", "type": "ParameterBinding", "value": "\"C:\\Windows\\inf\\ialpssi_gpio.inf\""}], "name": "Get-Content", "type": "Cmdlet"}, "engine": {"version": "5.1.19041.906"}, "id": "Microsoft.PowerShell", "pipeline_id": "1", "process": {"executable_version": "5.1.19041.906"}, "runspace_id": "c7ffc1f4-daa5-46fd-826e-3e529e34b1dd"}, "process": {"args": ["powershell.exe", "-ExecutionPolicy", "Restricted", "-Command", "$Res", "=", "0;", "$Infs", "=", "Get-Item", "-Path", "($env:WinDir", "+", "'\\inf\\*.inf');", "foreach", "($Inf", "in", "$Infs)", "{", "$Data", "=", "Get-Content", "$Inf.FullName;", "if", "($Data", "-match", "'\\[defaultinstall.nt(amd64|arm|arm64|x86)\\]')", "{", "$Res", "=", "1;", "break;", "}", "}", "Write-Host", "'Final", "result:',", "$Res;"], "args_count": 38, "command_line": "powershell.exe -ExecutionPolicy Restricted -Command $Res = 0; $Infs = Get-Item -Path ($env:WinDir + '\\inf\\*.inf'); foreach ($Inf in $Infs) { $Data = Get-Content $Inf.FullName; if ($Data -match '\\[defaultinstall.nt(amd64|arm|arm64|x86)\\]') { $Res = 1; break; } } Write-Host 'Final result:', $Res;", "entity_id": "72deaf58-b38a-4e43-9484-05af2ad85dd5", "title": "ConsoleHost"}, "related": {"user": "SYSTEM"}, "user": {"domain": "BREACH", "name": "SYSTEM"}, "winlog": {"activity_id": "{1f013968-626d-0001-1490-011f6d62db01}", "api": "wineventlog", "channel": "Microsoft-Windows-PowerShell/Operational", "computer_name": "CLIENT7.breach.local", "event_id": 4103, "opcode": "To be used when operation is just executing a method", "process": {"pid": 2840, "thread": {"id": 3128}}, "provider_guid": "{a0c1853b-5c40-4b15-8766-3cf1c58f985a}", "provider_name": "Microsoft-Windows-PowerShell", "record_id": 13311, "task": "Executing Pipeline", "user": {"domain": "NT AUTHORITY", "identifier": "S-1-5-18", "name": "SYSTEM", "type": "User"}, "version": 1}}
{"@timestamp": "2025-01-09T08:10:11.032Z", "agent": {"ephemeral_id": "bb64d7a7-091c-4137-a687-7e2730f981d8", "hostname": "CLIENT7", "id": "c35095e9-5f9f-4084-a651-3aaa2966847a", "name": "CLIENT7", "type": "winlogbeat", "version": "7.10.2"}, "ecs": {"version": "1.5.0"}, "event": {"action": "Executing Pipeline", "category": ["process"], "code": 4103, "created": "2025-01-09T08:10:11.538Z", "kind": "event", "module": "powershell", "provider": "Microsoft-Windows-PowerShell", "sequence": 420, "type": ["info"]}, "host": {"name": "CLIENT7.breach.local"}, "log": {"level": "information"}, "powershell": {"command": {"invocation_details": [{"related_command": "Get-Content", "type": "CommandInvocation", "value": "\"Get-Content\""}, {"name": "\"Path\"", "related_command": "Get-Content", "type": "ParameterBinding", "value": "\"C:\\Windows\\inf\\ialpssi_i2c.inf\""}], "name": "Get-Content", "type": "Cmdlet"}, "engine": {"version": "5.1.19041.906"}, "id": "Microsoft.PowerShell", "pipeline_id": "1", "process": {"executable_version": "5.1.19041.906"}, "runspace_id": "c7ffc1f4-daa5-46fd-826e-3e529e34b1dd"}, "process": {"args": ["powershell.exe", "-ExecutionPolicy", "Restricted", "-Command", "$Res", "=", "0;", "$Infs", "=", "Get-Item", "-Path", "($env:WinDir", "+", "'\\inf\\*.inf');", "foreach", "($Inf", "in", "$Infs)", "{", "$Data", "=", "Get-Content", "$Inf.FullName;", "if", "($Data", "-match", "'\\[defaultinstall.nt(amd64|arm|arm64|x86)\\]')", "{", "$Res", "=", "1;", "break;", "}", "}", "Write-Host", "'Final", "result:',", "$Res;"], "args_count": 38, "command_line": "powershell.exe -ExecutionPolicy Restricted -Command $Res = 0; $Infs = Get-Item -Path ($env:WinDir + '\\inf\\*.inf'); foreach ($Inf in $Infs) { $Data = Get-Content $Inf.FullName; if ($Data -match '\\[defaultinstall.nt(amd64|arm|arm64|x86)\\]') { $Res = 1; break; } } Write-Host 'Final result:', $Res;", "entity_id": "72deaf58-b38a-4e43-9484-05af2ad85dd5", "title": "ConsoleHost"}, "related": {"user": "SYSTEM"}, "user": {"domain": "BREACH", "name": "SYSTEM"}, "winlog": {"activity_id": "{1f013968-626d-0001-1590-011f6d62db01}", "api": "wineventlog", "channel": "Microsoft-Windows-PowerShell/Operational", "computer_name": "CLIENT7.breach.local", "event_id": 4103, "opcode": "To be used when operation is just executing a method", "process": {"pid": 2840, "thread": {"id": 3128}}, "provider_guid": "{a0c1853b-5c40-4b15-8766-3cf1c58f985a}", "provider_name": "Microsoft-Windows-PowerShell", "record_id": 13312, "task": "Executing Pipeline", "user": {"domain": "NT AUTHORITY", "identifier": "S-1-5-18", "name": "SYSTEM", "type": "User"}, "version": 1}}
