{"@timestamp": "2025-01-09T08:10:10.143Z", "agent": {"ephemeral_id": "bb64d7a7-091c-4137-a687-7e2730f981d8", "hostname": "CLIENT7", "id": "c35095e9-5f9f-4084-a651-3aaa2966847a", "name": "CLIENT7", "type": "winlogbeat", "version": "7.10.2"}, "ecs": {"version": "1.5.0"}, "event": {"action": "Executing Pipeline", "category": ["process"], "code": 4103, "created": "2025-01-09T08:10:10.468Z", "kind": "event", "module": "powershell", "provider": "Microsoft-Windows-PowerShell", "sequence": 308, "type": ["info"]}, "host": {"name": "CLIENT7.breach.local"}, "log": {"level": "information"}, "powershell": {"command": {"invocation_details": [{"related_command": "Get-Content", "type": "CommandInvocation", "value": "\"Get-Content\""}, {"name": "\"Path\"", "related_command": "Get-Content", "type": "ParameterBinding", "value": "\"C:\\Windows\\inf\\defltbase.inf\""}], "name": "Get-Content", "type": "Cmdlet"}, "engine": {"version": "5.1.19041.906"}, "id": "Microsoft.PowerShell", "pipeline_id": "1", "process": {"executable_version": "5.1.19041.906"}, "runspace_id": "c7ffc1f4-daa5-46fd-826e-3e529e34b1dd"}, "process": {"args": ["powershell.exe", "-ExecutionPolicy", "Restricted", "-Command", "$Res", "=", "0;", "$Infs", "=", "Get-Item", "-Path", "($env:WinDir", "+", "'\\inf\\*.inf');", "foreach", "($Inf", "in", "$Infs)", "{", "$Data", "=", "Get-Content", "$Inf.FullName;", "if", "($Data", "-match", "'\\[defaultinstall.nt(amd64|arm|arm64|x86)\\]')", "{", "$Res", "=", "1;", "break;", "}", "}", "Write-Host", "'Final", "result:',", "$Res;"], "args_count": 38, "command_line": "powershell.exe -ExecutionPolicy Restricted -Command $Res = 0; $Infs = Get-Item -Path ($env:WinDir + '\\inf\\*.inf'); foreach ($Inf in $Infs) { $Data = Get-Content $Inf.FullName; if ($Data -match '\\[defaultinstall.nt(amd64|arm|arm64|x86)\\]') { $Res = 1; break; } } Write-Host 'Final result:', $Res;", "entity_id": "72deaf58-b38a-4e43-9484-05af2ad85dd5", "title": "ConsoleHost"}, "related": {"user": "SYSTEM"}, "user": {"domain": "BREACH", "name": "SYSTEM"}, "winlog": {"activity_id": "{1f013968-626d-0000-4e68-011f6d62db01}", "api": "wineventlog", "channel": "Microsoft-Windows-PowerShell/Operational", "computer_name": "CLIENT7.breach.local", "event_id": 4103, "opcode": "To be used when operation is just executing a method", "process": {"pid": 2840, "thread": {"id": 3128}}, "provider_guid": "{a0c1853b-5c40-4b15-8766-3cf1c58f985a}", "provider_name": "Microsoft-Windows-PowerShell", "record_id": 13256, "task": "Executing Pipeline", "user": {"domain": "NT AUTHORITY", "identifier": "S-1-5-18", "name": "SYSTEM", "type": "User"}, "version": 1}}
{"@timestamp": "2025-01-09T08:10:10.149Z", "agent": {"ephemeral_id": "bb64d7a7-091c-4137-a687-7e2730f981d8", "hostname": "CLIENT7", "id": "c35095e9-5f9f-4084-a651-3aaa2966847a", "name": "CLIENT7", "type": "winlogbeat", "version": "7.10.2"}, "ecs": {"version": "1.5.0"}, "event": {"action": "Executing Pipeline", "category": ["process"], "code": 4103, "created": "2025-01-09T08:10:10.469Z", "kind": "event", "module": "powershell", "provider": "Microsoft-Windows-PowerShell", "sequence": 310, "type": ["info"]}, "host": {"name": "CLIENT7.breach.local"}, "log": {"level": "information"}, "powershell": {"command": {"invocation_details": [{"related_command": "Get-Content", "type": "CommandInvocation", "value": "\"Get-Content\""}, {"name": "\"Path\"", "related_command": "Get-Content", "type": "ParameterBinding", "value": "\"C:\\Windows\\inf\\defltrdsh.inf\""}], "name": "Get-Content", "type": "Cmdlet"}, "engine": {"version": "5.1.19041.906"}, "id": "Microsoft.PowerShell", "pipeline_id": "1", "process": {"executable_version": "5.1.19041.906"}, "runspace_id": "c7ffc1f4-daa5-46fd-826e-3e529e34b1dd"}, "process": {"args": ["powershell.exe", "-ExecutionPolicy", "Restricted", "-Command", "$Res", "=", "0;", "$Infs", "=", "Get-Item", "-Path", "($env:WinDir", "+", "'\\inf\\*.inf');", "foreach", "($Inf", "in", "$Infs)", "{", "$Data", "=", "Get-Content", "$Inf.FullName;", "if", "($Data", "-match", "'\\[defaultinstall.nt(amd64|arm|arm64|x86)\\]')", "{", "$Res", "=", "1;", "break;", "}", "}", "Write-Host", "'Final", "result:',", "$Res;"], "args_count": 38, "command_line": "powershell.exe -ExecutionPolicy Restricted -Command $Res = 0; $Infs = Get-Item -Path ($env:WinDir + '\\inf\\*.inf'); foreach ($Inf in $Infs) { $Data = Get-Content $Inf.FullName; if ($Data -match '\\[defaultinstall.nt(amd64|arm|arm64|x86)\\]') { $Res = 1; break; } } Write-Host 'Final result:', $Res;", "entity_id": "72deaf58-b38a-4e43-9484-05af2ad85dd5", "title": "ConsoleHost"}, "related": {"user": "SYSTEM"}, "user": {"domain": "BREACH", "name": "SYSTEM"}, "winlog": {"activity_id": "{1f013968-626d-0001-fa8f-011f6d62db01}", "api": "wineventlog", "channel": "Microsoft-Windows-PowerShell/Operational", "computer_name": "CLIENT7.breach.local", "event_id": 4103, "opcode": "To be used when operation is just executing a method", "process": {"pid": 2840, "thread": {"id": 3128}}, "provider_guid": "{a0c1853b-5c40-4b15-8766-3cf1c58f985a}", "provider_name": "Microsoft-Windows-PowerShell", "record_id": 13257, "task": "Executing Pipeline", "user": {"domain": "NT AUTHORITY", "identifier": "S-1-5-18", "name": "SYSTEM", "type": "User"}, "version": 1}}
{"@timestamp": "2025-01-09T08:10:10.153Z", "agent": {"ephemeral_id": "bb64d7a7-091c-4137-a687-7e2730f981d8", "hostname": "CLIENT7", "id": "c35095e9-5f9f-4084-a651-3aaa2966847a", "name": "CLIENT7", "type": "winlogbeat", "version": "7.10.2"}, "ecs": {"version": "1.5.0"}, "event": {"action": "Executing Pipeline", "category": ["process"], "code": 4103, "created": "2025-01-09T08:10:10.469Z", "kind": "event", "module": "powershell", "provider": "Microsoft-Windows-PowerShell", "sequence": 312, "type": ["info"]}, "host": {"name": "CLIENT7.breach.local"}, "log": {"level": "information"}, "powershell": {"command": {"invocation_details": [{"related_command": "Get-Content", "type": "CommandInvocation", "value": "\"Get-Content\""}, {"name": "\"Path\"", "related_command": "Get-Content", "type": "ParameterBinding", "value": "\"C:\\Windows\\inf\\defltwk.inf\""}], "name": "Get-Content", "type": "Cmdlet"}, "engine": {"version": "5.1.19041.906"}, "id": "Microsoft.PowerShell", "pipeline_id": "1", "process": {"executable_version": "5.1.19041.906"}, "runspace_id": "c7ffc1f4-daa5-46fd-826e-3e529e34b1dd"}, "process": {"args": ["powershell.exe", "-ExecutionPolicy", "Restricted", "-Command", "$Res", "=", "0;", "$Infs", "=", "Get-Item", "-Path", "($env:WinDir", "+", "'\\inf\\*.inf');", "foreach", "($Inf", "in", "$Infs)", "{", "$Data", "=", "Get-Content", "$Inf.FullName;", "if", "($Data", "-match", "'\\[defaultinstall.nt(amd64|arm|arm64|x86)\\]')", "{", "$Res", "=", "1;", "break;", "}", "}", "Write-Host", "'Final", "result:',", "$Res;"], "args_count": 38, "command_line": "powershell.exe -ExecutionPolicy Restricted -Command $Res = 0; $Infs = Get-Item -Path ($env:WinDir + '\\inf\\*.inf'); foreach ($Inf in $Infs) { $Data = Get-Content $Inf.FullName; if ($Data -match '\\[defaultinstall.nt(amd64|arm|arm64|x86)\\]') { $Res = 1; break; } } Write-Host 'Final result:', $Res;", "entity_id": "72deaf58-b38a-4e43-9484-05af2ad85dd5", "title": "ConsoleHost"}, "related": {"user": "SYSTEM"}, "user": {"domain": "BREACH", "name": "SYSTEM"}, "winlog": {"activity_id": "{1f013968-626d-0001-fb8f-011f6d62db01}", "api": "wineventlog", "channel": "Microsoft-Windows-PowerShell/Operational", "computer_name": "CLIENT7.breach.local", "event_id": 4103, "opcode": "To be used when operation is just executing a method", "process": {"pid": 2840, "thread": {"id": 3128}}, "provider_guid": "{a0c1853b-5c40-4b15-8766-3cf1c58f985a}", "provider_name": "Microsoft-Windows-PowerShell", "record_id": 13258, "task": "Executing Pipeline", "user": {"domain": "NT AUTHORITY", "identifier": "S-1-5-18", "name": "SYSTEM", "type": "User"}, "version": 1}}
{"@timestamp": "2025-01-09T08:10:10.154Z", "agent": {"ephemeral_id": "bb64d7a7-091c-4137-a687-7e2730f981d8", "hostname": "CLIENT7", "id": "c35095e9-5f9f-4084-a651-3aaa2966847a", "name": "CLIENT7", "type": "winlogbeat", "version": "7.10.2"}, "ecs": {"version": "1.5.0"}, "event": {"action": "Executing Pipeline", "category": ["process"], "code": 4103, "created": "2025-01-09T08:10:10.469Z", "kind": "event", "module": "powershell", "provider": "Microsoft-Windows-PowerShell", "sequence": 314, "type": ["info"]}, "host": {"name": "CLIENT7.breach.local"}, "log": {"level": "information"}, "powershell": {"command": {"invocation_details": [{"related_command": "Get-Content", "type": "CommandInvocation", "value": "\"Get-Content\""}, {"name": "\"Path\"", "related_command": "Get-Content", "type": "ParameterBinding", "value": "\"C:\\Windows\\inf\\digitalmediadevice.inf\""}], "name": "Get-Content", "type": "Cmdlet"}, "engine": {"version": "5.1.19041.906"}, "id": "Microsoft.PowerShell", "pipeline_id": "1", "process": {"executable_version": "5.1.19041.906"}, "runspace_id": "c7ffc1f4-daa5-46fd-826e-3e529e34b1dd"}, "process": {"args": ["powershell.exe", "-ExecutionPolicy", "Restricted", "-Command", "$Res", "=", "0;", "$Infs", "=", "Get-Item", "-Path", "($env:WinDir", "+", "'\\inf\\*.inf');", "foreach", "($Inf", "in", "$Infs)", "{", "$Data", "=", "Get-Content", "$Inf.FullName;", "if", "($Data", "-match", "'\\[defaultinstall.nt(amd64|arm|arm64|x86)\\]')", "{", "$Res", "=", "1;", "break;", "}", "}", "Write-Host", "'Final", "result:',", "$Res;"], "args_count": 38, "command_line": "powershell.exe -ExecutionPolicy Restricted -Command $Res = 0; $Infs = Get-Item -Path ($env:WinDir + '\\inf\\*.inf'); foreach ($Inf in $Infs) { $Data = Get-Content $Inf.FullName; if ($Data -match '\\[defaultinstall.nt(amd64|arm|arm64|x86)\\]') { $Res = 1; break; } } Write-Host 'Final result:', $Res;", "entity_id": "72deaf58-b38a-4e43-9484-05af2ad85dd5", "title": "ConsoleHost"}, "related": {"user": "SYSTEM"}, "user": {"domain": "BREACH", "name": "SYSTEM"}, "winlog": {"activity_id": "{1f013968-626d-0001-fc8f-011f6d62db01}", "api": "wineventlog", "channel": "Microsoft-Windows-PowerShell/Operational", "computer_name": "CLIENT7.breach.local", "event_id": 4103, "opcode": "To be used when operation is just executing a method", "process": {"pid": 2840, "thread": {"id": 3128}}, "provider_guid": "{a0c1853b-5c40-4b15-8766-3cf1c58f985a}", "provider_name": "Microsoft-Windows-PowerShell", "record_id": 13259, "task": "Executing Pipeline", "user": {"domain": "NT AUTHORITY", "identifier": "S-1-5-18", "name": "SYSTEM", "type": "User"}, "version": 1}}
{"@timestamp": "2025-01-09T08:10:10.156Z", "agent": {"ephemeral_id": "bb64d7a7-091c-4137-a687-7e2730f981d8", "hostname": "CLIENT7", "id": "c35095e9-5f9f-4084-a651-3aaa2966847a", "name": "CLIENT7", "type": "winlogbeat", "version": "7.10.2"}, "ecs": {"version": "1.5.0"}, "event": {"action": "Executing Pipeline", "category": ["process"], "code": 4103, "created": "2025-01-09T08:10:10.470Z", "kind": "event", "module": "powershell", "provider": "Microsoft-Windows-PowerShell", "sequence": 316, "type": ["info"]}, "host": {"name": "CLIENT7.breach.local"}, "log": {"level": "information"}, "powershell": {"command": {"invocation_details": [{"related_command": "Get-Content", "type": "CommandInvocation", "value": "\"Get-Content\""}, {"name": "\"Path\"", "related_command": "Get-Content", "type": "ParameterBinding", "value": "\"C:\\Windows\\inf\\disk.inf\""}], "name": "Get-Content", "type": "Cmdlet"}, "engine": {"version": "5.1.19041.906"}, "id": "Microsoft.PowerShell", "pipeline_id": "1", "process": {"executable_version": "5.1.19041.906"}, "runspace_id": "c7ffc1f4-daa5-46fd-826e-3e529e34b1dd"}, "process": {"args": ["powershell.exe", "-ExecutionPolicy", "Restricted", "-Command", "$Res", "=", "0;", "$Infs", "=", "Get-Item", "-Path", "($env:WinDir", "+", "'\\inf\\*.inf');", "foreach", "($Inf", "in", "$Infs)", "{", "$Data", "=", "Get-Content", "$Inf.FullName;", "if", "($Data", "-match", "'\\[defaultinstall.nt(amd64|arm|arm64|x86)\\]')", "{", "$Res", "=", "1;", "break;", "}", "}", "Write-Host", "'Final", "result:',", "$Res;"], "args_count": 38, "command_line": "powershell.exe -ExecutionPolicy Restricted -Command $Res = 0; $Infs = Get-Item -Path ($env:WinDir + '\\inf\\*.inf'); foreach ($Inf in $Infs) { $Data = Get-Content $Inf.FullName; if ($Data -match '\\[defaultinstall.nt(amd64|arm|arm64|x86)\\]') { $Res = 1; break; } } Write-Host 'Final result:', $Res;", "entity_id": "72deaf58-b38a-4e43-9484-05af2ad85dd5", "title": "ConsoleHost"}, "related": {"user": "SYSTEM"}, "user": {"domain": "BREACH", "name": "SYSTEM"}, "winlog": {"activity_id": "{1f013968-626d-0001-fd8f-011f6d62db01}", "api": "wineventlog", "channel": "Microsoft-Windows-PowerShell/Operational", "computer_name": "CLIENT7.breach.local", "event_id": 4103, "opcode": "To be used when operation is just executing a method", "process": {"pid": 2840, "thread": {"id": 3128}}, "provider_guid": "{a0c1853b-5c40-4b15-8766-3cf1c58f985a}", "provider_name": "Microsoft-Windows-PowerShell", "record_id": 13260, "task": "Executing Pipeline", "user": {"domain": "NT AUTHORITY", "identifier": "S-1-5-18", "name": "SYSTEM", "type": "User"}, "version": 1}}
{"@timestamp": "2025-01-09T08:10:10.159Z", "agent": {"ephemeral_id": "bb64d7a7-091c-4137-a687-7e2730f981d8", "hostname": "CLIENT7", "id": "c35095e9-5f9f-4084-a651-3aaa2966847a", "name": "CLIENT7", "type": "winlogbeat", "version": "7.10.2"}, "ecs": {"version": "1.5.0"}, "event": {"action": "Executing Pipeline", "category": ["process"], "code": 4103, "created": "2025-01-09T08:10:10.470Z", "kind": "event", "module": "powershell", "provider": "Microsoft-Windows-PowerShell", "sequence": 318, "type": ["info"]}, "host": {"name": "CLIENT7.breach.local"}, "log": {"level": "information"}, "powershell": {"command": {"invocation_details": [{"related_command": "Get-Content", "type": "CommandInvocation", "value": "\"Get-Content\""}, {"name": "\"Path\"", "related_command": "Get-Content", "type": "ParameterBinding", "value": "\"C:\\Windows\\inf\\display.inf\""}], "name": "Get-Content", "type": "Cmdlet"}, "engine": {"version": "5.1.19041.906"}, "id": "Microsoft.PowerShell", "pipeline_id": "1", "process": {"executable_version": "5.1.19041.906"}, "runspace_id": "c7ffc1f4-daa5-46fd-826e-3e529e34b1dd"}, "process": {"args": ["powershell.exe", "-ExecutionPolicy", "Restricted", "-Command", "$Res", "=", "0;", "$Infs", "=", "Get-Item", "-Path", "($env:WinDir", "+", "'\\inf\\*.inf');", "foreach", "($Inf", "in", "$Infs)", "{", "$Data", "=", "Get-Content", "$Inf.FullName;", "if", "($Data", "-match", "'\\[defaultinstall.nt(amd64|arm|arm64|x86)\\]')", "{", "$Res", "=", "1;", "break;", "}", "}", "Write-Host", "'Final", "result:',", "$Res;"], "args_count": 38, "command_line": "powershell.exe -ExecutionPolicy Restricted -Command $Res = 0; $Infs = Get-Item -Path ($env:WinDir + '\\inf\\*.inf'); foreach ($Inf in $Infs) { $Data = Get-Content $Inf.FullName; if ($Data -match '\\[defaultinstall.nt(amd64|arm|arm64|x86)\\]') { $Res = 1; break; } } Write-Host 'Final result:', $Res;", "entity_id": "72deaf58-b38a-4e43-9484-05af2ad85dd5", "title": "ConsoleHost"}, "related": {"user": "SYSTEM"}, "user": {"domain": "BREACH", "name": "SYSTEM"}, "winlog": {"activity_id": "{1f013968-626d-0001-fe8f-011f6d62db01}", "api": "wineventlog", "channel": "Microsoft-Windows-PowerShell/Operational", "computer_name": "CLIENT7.breach.local", "event_id": 4103, "opcode": "To be used when operation is just executing a method", "process": {"pid": 2840, "thread": {"id": 3128}}, "provider_guid": "{a0c1853b-5c40-4b15-8766-3cf1c58f985a}", "provider_name": "Microsoft-Windows-PowerShell", "record_id": 13261, "task": "Executing Pipeline", "user": {"domain": "NT AUTHORITY", "identifier": "S-1-5-18", "name": "SYSTEM", "type": "User"}, "version": 1}}
{"@timestamp": "2025-01-09T08:10:10.160Z", "agent": {"ephemeral_id": "bb64d7a7-091c-4137-a687-7e2730f981d8", "hostname": "CLIENT7", "id": "c35095e9-5f9f-4084-a651-3aaa2966847a", "name": "CLIENT7", "type": "winlogbeat", "version": "7.10.2"}, "ecs": {"version": "1.5.0"}, "event": {"action": "Executing Pipeline", "category": ["process"], "code": 4103, "created": "2025-01-09T08:10:10.470Z", "kind": "event", "module": "powershell", "provider": "Microsoft-Windows-PowerShell", "sequence": 320, "type": ["info"]}, "host": {"name": "CLIENT7.breach.local"}, "log": {"level": "information"}, "powershell": {"command": {"invocation_details": [{"related_command": "Get-Content", "type": "CommandInvocation", "value": "\"Get-Content\""}, {"name": "\"Path\"", "related_command": "Get-Content", "type": "ParameterBinding", "value": "\"C:\\Windows\\inf\\displayoverride.inf\""}], "name": "Get-Content", "type": "Cmdlet"}, "engine": {"version": "5.1.19041.906"}, "id": "Microsoft.PowerShell", "pipeline_id": "1", "process": {"executable_version": "5.1.19041.906"}, "runspace_id": "c7ffc1f4-daa5-46fd-826e-3e529e34b1dd"}, "process": {"args": ["powershell.exe", "-ExecutionPolicy", "Restricted", "-Command", "$Res", "=", "0;", "$Infs", "=", "Get-Item", "-Path", "($env:WinDir", "+", "'\\inf\\*.inf');", "foreach", "($Inf", "in", "$Infs)", "{", "$Data", "=", "Get-Content", "$Inf.FullName;", "if", "($Data", "-match", "'\\[defaultinstall.nt(amd64|arm|arm64|x86)\\]')", "{", "$Res", "=", "1;", "break;", "}", "}", "Write-Host", "'Final", "result:',", "$Res;"], "args_count": 38, "command_line": "powershell.exe -ExecutionPolicy Restricted -Command $Res = 0; $Infs = Get-Item -Path ($env:WinDir + '\\inf\\*.inf'); foreach ($Inf in $Infs) { $Data = Get-Content $Inf.FullName; if ($Data -match '\\[defaultinstall.nt(amd64|arm|arm64|x86)\\]') { $Res = 1; break; } } Write-Host 'Final result:', $Res;", "entity_id": "72deaf58-b38a-4e43-9484-05af2ad85dd5", "title": "ConsoleHost"}, "related": {"user": "SYSTEM"}, "user": {"domain": "BREACH", "name": "SYSTEM"}, "winlog": {"activity_id": "{1f013968-626d-0001-ff8f-011f6d62db01}", "api": "wineventlog", "channel": "Microsoft-Windows-PowerShell/Operational", "computer_name": "CLIENT7.breach.local", "event_id": 4103, "opcode": "To be used when operation is just executing a method", "process": {"pid": 2840, "thread": {"id": 3128}}, "provider_guid": "{a0c1853b-5c40-4b15-8766-3cf1c58f985a}", "provider_name": "Microsoft-Windows-PowerShell", "record_id": 13262, "task": "Executing Pipeline", "user": {"domain": "NT AUTHORITY", "identifier": "S-1-5-18", "name": "SYSTEM", "type": "User"}, "version": 1}}
{"@timestamp": "2025-01-09T08:10:10.161Z", "agent": {"ephemeral_id": "bb64d7a7-091c-4137-a687-7e2730f981d8", "hostname": "CLIENT7", "id": "c35095e9-5f9f-4084-a651-3aaa2966847a", "name": "CLIENT7", "type": "winlogbeat", "version": "7.10.2"}, "ecs": {"version": "1.5.0"}, "event": {"action": "Executing Pipeline", "category": ["process"], "code": 4103, "created": "2025-01-09T08:10:10.471Z", "kind": "event", "module": "powershell", "provider": "Microsoft-Windows-PowerShell", "sequence": 322, "type": ["info"]}, "host": {"name": "CLIENT7.breach.local"}, "log": {"level": "information"}, "powershell": {"command": {"invocation_details": [{"related_command": "Get-Content", "type": "CommandInvocation", "value": "\"Get-Content\""}, {"name": "\"Path\"", "related_command": "Get-Content", "type": "ParameterBinding", "value": "\"C:\\Windows\\inf\\dshowext.inf\""}], "name": "Get-Content", "type": "Cmdlet"}, "engine": {"version": "5.1.19041.906"}, "id": "Microsoft.PowerShell", "pipeline_id": "1", "process": {"executable_version": "5.1.19041.906"}, "runspace_id": "c7ffc1f4-daa5-46fd-826e-3e529e34b1dd"}, "process": {"args": ["powershell.exe", "-ExecutionPolicy", "Restricted", "-Command", "$Res", "=", "0;", "$Infs", "=", "Get-Item", "-Path", "($env:WinDir", "+", "'\\inf\\*.inf');", "foreach", "($Inf", "in", "$Infs)", "{", "$Data", "=", "Get-Content", "$Inf.FullName;", "if", "($Data", "-match", "'\\[defaultinstall.nt(amd64|arm|arm64|x86)\\]')", "{", "$Res", "=", "1;", "break;", "}", "}", "Write-Host", "'Final", "result:',", "$Res;"], "args_count": 38, "command_line": "powershell.exe -ExecutionPolicy Restricted -Command $Res = 0; $Infs = Get-Item -Path ($env:WinDir + '\\inf\\*.inf'); foreach ($Inf in $Infs) { $Data = Get-Content $Inf.FullName; if ($Data -match '\\[defaultinstall.nt(amd64|arm|arm64|x86)\\]') { $Res = 1; break; } } Write-Host 'Final result:', $Res;", "entity_id": "72deaf58-b38a-4e43-9484-05af2ad85dd5", "title": "ConsoleHost"}, "related": {"user": "SYSTEM"}, "user": {"domain": "BREACH", "name": "SYSTEM"}, "winlog": {"activity_id": "{1f013968-626d-0001-0090-011f6d62db01}", "api": "wineventlog", "channel": "Microsoft-Windows-PowerShell/Operational", "computer_name": "CLIENT7.breach.local", "event_id": 4103, "opcode": "To be used when operation is just executing a method", "process": {"pid": 2840, "thread": {"id": 3128}}, "provider_guid": "{a0c1853b-5c40-4b15-8766-3cf1c58f985a}", "provider_name": "Microsoft-Windows-PowerShell", "record_id": 13263, "task": "Executing Pipeline", "user": {"domain": "NT AUTHORITY", "identifier": "S-1-5-18", "name": "SYSTEM", "type": "User"}, "version": 1}}
{"@timestamp": "2025-01-09T08:10:10.164Z", "agent": {"ephemeral_id": "bb64d7a7-091c-4137-a687-7e2730f981d8", "hostname": "CLIENT7", "id": "c35095e9-5f9f-4084-a651-3aaa2966847a", "name": "CLIENT7", "type": "winlogbeat", "version": "7.10.2"}, "ecs": {"version": "1.5.0"}, "event": {"action": "Executing Pipeline", "category": ["process"], "code": 4103, "created": "2025-01-09T08:10:10.471Z", "kind": "event", "module": "powershell", "provider": "Microsoft-Windows-PowerShell", "sequence": 324, "type": ["info"]}, "host": {"name": "CLIENT7.breach.local"}, "log": {"level": "information"}, "powershell": {"command": {"invocation_details": [{"related_command": "Get-Content", "type": "CommandInvocation", "value": "\"Get-Content\""}, {"name": "\"Path\"", "related_command": "Get-Content", "type": "ParameterBinding", "value": "\"C:\\Windows\\inf\\dwup-noregkeys.inf\""}], "name": "Get-Content", "type": "Cmdlet"}, "engine": {"version": "5.1.19041.906"}, "id": "Microsoft.PowerShell", "pipeline_id": "1", "process": {"executable_version": "5.1.19041.906"}, "runspace_id": "c7ffc1f4-daa5-46fd-826e-3e529e34b1dd"}, "process": {"args": ["powershell.exe", "-ExecutionPolicy", "Restricted", "-Command", "$Res", "=", "0;", "$Infs", "=", "Get-Item", "-Path", "($env:WinDir", "+", "'\\inf\\*.inf');", "foreach", "($Inf", "in", "$Infs)", "{", "$Data", "=", "Get-Content", "$Inf.FullName;", "if", "($Data", "-match", "'\\[defaultinstall.nt(amd64|arm|arm64|x86)\\]')", "{", "$Res", "=", "1;", "break;", "}", "}", "Write-Host", "'Final", "result:',", "$Res;"], "args_count": 38, "command_line": "powershell.exe -ExecutionPolicy Restricted -Command $Res = 0; $Infs = Get-Item -Path ($env:WinDir + '\\inf\\*.inf'); foreach ($Inf in $Infs) { $Data = Get-Content $Inf.FullName; if ($Data -match '\\[defaultinstall.nt(amd64|arm|arm64|x86)\\]') { $Res = 1; break; } } Write-Host 'Final result:', $Res;", "entity_id": "72deaf58-b38a-4e43-9484-05af2ad85dd5", "title": "ConsoleHost"}, "related": {"user": "SYSTEM"}, "user": {"domain": "BREACH", "name": "SYSTEM"}, "winlog": {"activity_id": "{1f013968-626d-0001-0190-011f6d62db01}", "api": "wineventlog", "channel": "Microsoft-Windows-PowerShell/Operational", "computer_name": "CLIENT7.breach.local", "event_id": 4103, "opcode": "To be used when operation is just executing a method", "process": {"pid": 2840, "thread": {"id": 3128}}, "provider_guid": "{a0c1853b-5c40-4b15-8766-3cf1c58f985a}", "provider_name": "Microsoft-Windows-PowerShell", "record_id": 13264, "task": "Executing Pipeline", "user": {"domain": "NT AUTHORITY", "identifier": "S-1-5-18", "name": "SYSTEM", "type": "User"}, "version": 1}}
{"@timestamp": "2025-01-09T08:10:10.168Z", "agent": {"ephemeral_id": "bb64d7a7-091c-4137-a687-7e2730f981d8", "hostname": "CLIENT7", "id": "c35095e9-5f9f-4084-a651-3aaa2966847a", "name": "CLIENT7", "type": "winlogbeat", "version": "7.10.2"}, "ecs": {"version": "1.5.0"}, "event": {"action": "Executing Pipeline", "category": ["process"], "code": 4103, "created": "2025-01-09T08:10:10.471Z", "kind": "event", "module": "powershell", "provider": "Microsoft-Windows-PowerShell", "sequence": 326, "type": ["info"]}, "host": {"name": "CLIENT7.breach.local"}, "log": {"level": "information"}, "powershell": {"command": {"invocation_details": [{"related_command": "Get-Content", "type": "CommandInvocation", "value": "\"Get-Content\""}, {"name": "\"Path\"", "related_command": "Get-Content", "type": "ParameterBinding", "value": "\"C:\\Windows\\inf\\dwup.inf\""}], "name": "Get-Content", "type": "Cmdlet"}, "engine": {"version": "5.1.19041.906"}, "id": "Microsoft.PowerShell", "pipeline_id": "1", "process": {"executable_version": "5.1.19041.906"}, "runspace_id": "c7ffc1f4-daa5-46fd-826e-3e529e34b1dd"}, "process": {"args": ["powershell.exe", "-ExecutionPolicy", "Restricted", "-Command", "$Res", "=", "0;", "$Infs", "=", "Get-Item", "-Path", "($env:WinDir", "+", "'\\inf\\*.inf');", "foreach", "($Inf", "in", "$Infs)", "{", "$Data", "=", "Get-Content", "$Inf.FullName;", "if", "($Data", "-match", "'\\[defaultinstall.nt(amd64|arm|arm64|x86)\\]')", "{", "$Res", "=", "1;", "break;", "}", "}", "Write-Host", "'Final", "result:',", "$Res;"], "args_count": 38, "command_line": "powershell.exe -ExecutionPolicy Restricted -Command $Res = 0; $Infs = Get-Item -Path ($env:WinDir + '\\inf\\*.inf'); foreach ($Inf in $Infs) { $Data = Get-Content $Inf.FullName; if ($Data -match '\\[defaultinstall.nt(amd64|arm|arm64|x86)\\]') { $Res = 1; break; } } Write-Host 'Final result:', $Res;", "entity_id": "72deaf58-b38a-4e43-9484-05af2ad85dd5", "title": "ConsoleHost"}, "related": {"user": "SYSTEM"}, "user": {"domain": "BREACH", "name": "SYSTEM"}, "winlog": {"activity_id": "{1f013968-626d-0001-0290-011f6d62db01}", "api": "wineventlog", "channel": "Microsoft-Windows-PowerShell/Operational", "computer_name": "CLIENT7.breach.local", "event_id": 4103, "opcode": "To be used when operation is just executing a method", "process": {"pid": 2840, "thread": {"id": 3128}}, "provider_guid": "{a0c1853b-5c40-4b15-8766-3cf1c58f985a}", "provider_name": "Microsoft-Windows-PowerShell", "record_id": 13265, "task": "Executing Pipeline", "user": {"domain": "NT AUTHORITY", "identifier": "S-1-5-18", "name": "SYSTEM", "type": "User"}, "version": 1}}
{"@timestamp": "2025-01-09T08:10:10.194Z", "agent": {"ephemeral_id": "bb64d7a7-091c-4137-a687-7e2730f981d8", "hostname": "CLIENT7", "id": "c35095e9-5f9f-4084-a651-3aaa2966847a", "name": "CLIENT7", "type": "winlogbeat", "version": "7.10.2"}, "ecs": {"version": "1.5.0"}, "event": {"action": "Executing Pipeline", "category": ["process"], "code": 4103, "created": "2025-01-09T08:10:10.472Z", "kind": "event", "module": "powershell", "provider": "Microsoft-Windows-PowerShell", "sequence": 328, "type": ["info"]}, "host": {"name": "CLIENT7.breach.local"}, "log": {"level": "information"}, "powershell": {"command": {"invocation_details": [{"related_command": "Get-Content", "type": "CommandInvocation", "value": "\"Get-Content\""}, {"name": "\"Path\"", "related_command": "Get-Content", "type": "ParameterBinding", "value": "\"C:\\Windows\\inf\\e2xw10x64.inf\""}], "name": "Get-Content", "type": "Cmdlet"}, "engine": {"version": "5.1.19041.906"}, "id": "Microsoft.PowerShell", "pipeline_id": "1", "process": {"executable_version": "5.1.19041.906"}, "runspace_id": "c7ffc1f4-daa5-46fd-826e-3e529e34b1dd"}, "process": {"args": ["powershell.exe", "-ExecutionPolicy", "Restricted", "-Command", "$Res", "=", "0;", "$Infs", "=", "Get-Item", "-Path", "($env:WinDir", "+", "'\\inf\\*.inf');", "foreach", "($Inf", "in", "$Infs)", "{", "$Data", "=", "Get-Content", "$Inf.FullName;", "if", "($Data", "-match", "'\\[defaultinstall.nt(amd64|arm|arm64|x86)\\]')", "{", "$Res", "=", "1;", "break;", "}", "}", "Write-Host", "'Final", "result:',", "$Res;"], "args_count": 38, "command_line": "powershell.exe -ExecutionPolicy Restricted -Command $Res = 0; $Infs = Get-Item -Path ($env:WinDir + '\\inf\\*.inf'); foreach ($Inf in $Infs) { $Data = Get-Content $Inf.FullName; if ($Data -match '\\[defaultinstall.nt(amd64|arm|arm64|x86)\\]') { $Res = 1; break; } } Write-Host 'Final result:', $Res;", "entity_id": "72deaf58-b38a-4e43-9484-05af2ad85dd5", "title": "ConsoleHost"}, "related": {"user": "SYSTEM"}, "user": {"domain": "BREACH", "name": "SYSTEM"}, "winlog": {"activity_id": "{1f013968-626d-0001-0390-011f6d62db01}", "api": "wineventlog", "channel": "Microsoft-Windows-PowerShell/Operational", "computer_name": "CLIENT7.breach.local", "event_id": 4103, "opcode": "To be used when operation is just executing a method", "process": {"pid": 2840, "thread": {"id": 3128}}, "provider_guid": "{a0c1853b-5c40-4b15-8766-3cf1c58f985a}", "provider_name": "Microsoft-Windows-PowerShell", "record_id": 13266, "task": "Executing Pipeline", "user": {"domain": "NT AUTHORITY", "identifier": "S-1-5-18", "name": "SYSTEM", "type": "User"}, "version": 1}}
{"@timestamp": "2025-01-09T08:10:10.198Z", "agent": {"ephemeral_id": "bb64d7a7-091c-4137-a687-7e2730f981d8", "hostname": "CLIENT7", "id": "c35095e9-5f9f-4084-a651-3aaa2966847a", "name": "CLIENT7", "type": "winlogbeat", "version": "7.10.2"}, "ecs": {"version": "1.5.0"}, "event": {"action": "Executing Pipeline", "category": ["process"], "code": 4103, "created": "2025-01-09T08:10:10.472Z", "kind": "event", "module": "powershell", "provider": "Microsoft-Windows-PowerShell", "sequence": 330, "type": ["info"]}, "host": {"name": "CLIENT7.breach.local"}, "log": {"level": "information"}, "powershell": {"command": {"invocation_details": [{"related_command": "Get-Content", "type": "CommandInvocation", "value": "\"Get-Content\""}, {"name": "\"Path\"", "related_command": "Get-Content", "type": "ParameterBinding", "value": "\"C:\\Windows\\inf\\eaphost.inf\""}], "name": "Get-Content", "type": "Cmdlet"}, "engine": {"version": "5.1.19041.906"}, "id": "Microsoft.PowerShell", "pipeline_id": "1", "process": {"executable_version": "5.1.19041.906"}, "runspace_id": "c7ffc1f4-daa5-46fd-826e-3e529e34b1dd"}, "process": {"args": ["powershell.exe", "-ExecutionPolicy", "Restricted", "-Command", "$Res", "=", "0;", "$Infs", "=", "Get-Item", "-Path", "($env:WinDir", "+", "'\\inf\\*.inf');", "foreach", "($Inf", "in", "$Infs)", "{", "$Data", "=", "Get-Content", "$Inf.FullName;", "if", "($Data", "-match", "'\\[defaultinstall.nt(amd64|arm|arm64|x86)\\]')", "{", "$Res", "=", "1;", "break;", "}", "}", "Write-Host", "'Final", "result:',", "$Res;"], "args_count": 38, "command_line": "powershell.exe -ExecutionPolicy Restricted -Command $Res = 0; $Infs = Get-Item -Path ($env:WinDir + '\\inf\\*.inf'); foreach ($Inf in $Infs) { $Data = Get-Content $Inf.FullName; if ($Data -match '\\[defaultinstall.nt(amd64|arm|arm64|x86)\\]') { $Res = 1; break; } } Write-Host 'Final result:', $Res;", "entity_id": "72deaf58-b38a-4e43-9484-05af2ad85dd5", "title": "ConsoleHost"}, "related": {"user": "SYSTEM"}, "user": {"domain": "BREACH", "name": "SYSTEM"}, "winlog": {"activity_id": "{1f013968-626d-0000-4f68-011f6d62db01}", "api": "wineventlog", "channel": "Microsoft-Windows-PowerShell/Operational", "computer_name": "CLIENT7.breach.local", "event_id": 4103, "opcode": "To be used when operation is just executing a method", "process": {"pid": 2840, "thread": {"id": 3128}}, "provider_guid": "{a0c1853b-5c40-4b15-8766-3cf1c58f985a}", "provider_name": "Microsoft-Windows-PowerShell", "record_id": 13267, "task": "Executing Pipeline", "user": {"domain": "NT AUTHORITY", "identifier": "S-1-5-18", "name": "SYSTEM", "type": "User"}, "version": 1}}
{"@timestamp": "2025-01-09T08:10:10.200Z", "agent": {"ephemeral_id": "bb64d7a7-091c-4137-a687-7e2730f981d8", "hostname": "CLIENT7", "id": "c35095e9-5f9f-4084-a651-3aaa2966847a", "name": "CLIENT7", "type": "winlogbeat", "version": "7.10.2"}, "ecs": {"version": "1.5.0"}, "event": {"action": "Executing Pipeline", "category": ["process"], "code": 4103, "created": "2025-01-09T08:10:10.472Z", "kind": "event", "module": "powershell", "provider": "Microsoft-Windows-PowerShell", "sequence": 332, "type": ["info"]}, "host": {"name": "CLIENT7.breach.local"}, "log": {"level": "information"}, "powershell": {"command": {"invocation_details": [{"related_command": "Get-Content", "type": "CommandInvocation", "value": "\"Get-Content\""}, {"name": "\"Path\"", "related_command": "Get-Content", "type": "ParameterBinding", "value": "\"C:\\Windows\\inf\\ehstorpwddrv.inf\""}], "name": "Get-Content", "type": "Cmdlet"}, "engine": {"version": "5.1.19041.906"}, "id": "Microsoft.PowerShell", "pipeline_id": "1", "process": {"executable_version": "5.1.19041.906"}, "runspace_id": "c7ffc1f4-daa5-46fd-826e-3e529e34b1dd"}, "process": {"args": ["powershell.exe", "-ExecutionPolicy", "Restricted", "-Command", "$Res", "=", "0;", "$Infs", "=", "Get-Item", "-Path", "($env:WinDir", "+", "'\\inf\\*.inf');", "foreach", "($Inf", "in", "$Infs)", "{", "$Data", "=", "Get-Content", "$Inf.FullName;", "if", "($Data", "-match", "'\\[defaultinstall.nt(amd64|arm|arm64|x86)\\]')", "{", "$Res", "=", "1;", "break;", "}", "}", "Write-Host", "'Final", "result:',", "$Res;"], "args_count": 38, "command_line": "powershell.exe -ExecutionPolicy Restricted -Command $Res = 0; $Infs = Get-Item -Path ($env:WinDir + '\\inf\\*.inf'); foreach ($Inf in $Infs) { $Data = Get-Content $Inf.FullName; if ($Data -match '\\[defaultinstall.nt(amd64|arm|arm64|x86)\\]') { $Res = 1; break; } } Write-Host 'Final result:', $Res;", "entity_id": "72deaf58-b38a-4e43-9484-05af2ad85dd5", "title": "ConsoleHost"}, "related": {"user": "SYSTEM"}, "user": {"domain": "BREACH", "name": "SYSTEM"}, "winlog": {"activity_id": "{1f013968-626d-0000-5068-011f6d62db01}", "api": "wineventlog", "channel": "Microsoft-Windows-PowerShell/Operational", "computer_name": "CLIENT7.breach.local", "event_id": 4103, "opcode": "To be used when operation is just executing a method", "process": {"pid": 2840, "thread": {"id": 3128}}, "provider_guid": "{a0c1853b-5c40-4b15-8766-3cf1c58f985a}", "provider_name": "Microsoft-Windows-PowerShell", "record_id": 13268, "task": "Executing Pipeline", "user": {"domain": "NT AUTHORITY", "identifier": "S-1-5-18", "name": "SYSTEM", "type": "User"}, "version": 1}}
{"@timestamp": "2025-01-09T08:10:10.202Z", "agent": {"ephemeral_id": "bb64d7a7-091c-4137-a687-7e2730f981d8", "hostname": "CLIENT7", "id": "c35095e9-5f9f-4084-a651-3aaa2966847a", "name": "CLIENT7", "type": "winlogbeat", "version": "7.10.2"}, "ecs": {"version": "1.5.0"}, "event": {"action": "Executing Pipeline", "category": ["process"], "code": 4103, "created": "2025-01-09T08:10:10.473Z", "kind": "event", "module": "powershell", "provider": "Microsoft-Windows-PowerShell", "sequence": 334, "type": ["info"]}, "host": {"name": "CLIENT7.breach.local"}, "log": {"level": "information"}, "powershell": {"command": {"invocation_details": [{"related_command": "Get-Content", "type": "CommandInvocation", "value": "\"Get-Content\""}, {"name": "\"Path\"", "related_command": "Get-Content", "type": "ParameterBinding", "value": "\"C:\\Windows\\inf\\ehstortcgdrv.inf\""}], "name": "Get-Content", "type": "Cmdlet"}, "engine": {"version": "5.1.19041.906"}, "id": "Microsoft.PowerShell", "pipeline_id": "1", "process": {"executable_version": "5.1.19041.906"}, "runspace_id": "c7ffc1f4-daa5-46fd-826e-3e529e34b1dd"}, "process": {"args": ["powershell.exe", "-ExecutionPolicy", "Restricted", "-Command", "$Res", "=", "0;", "$Infs", "=", "Get-Item", "-Path", "($env:WinDir", "+", "'\\inf\\*.inf');", "foreach", "($Inf", "in", "$Infs)", "{", "$Data", "=", "Get-Content", "$Inf.FullName;", "if", "($Data", "-match", "'\\[defaultinstall.nt(amd64|arm|arm64|x86)\\]')", "{", "$Res", "=", "1;", "break;", "}", "}", "Write-Host", "'Final", "result:',", "$Res;"], "args_count": 38, "command_line": "powershell.exe -ExecutionPolicy Restricted -Command $Res = 0; $Infs = Get-Item -Path ($env:WinDir + '\\inf\\*.inf'); foreach ($Inf in $Infs) { $Data = Get-Content $Inf.FullName; if ($Data -match '\\[defaultinstall.nt(amd64|arm|arm64|x86)\\]') { $Res = 1; break; } } Write-Host 'Final result:', $Res;", "entity_id": "72deaf58-b38a-4e43-9484-05af2ad85dd5", "title": "ConsoleHost"}, "related": {"user": "SYSTEM"}, "user": {"domain": "BREACH", "name": "SYSTEM"}, "winlog": {"activity_id": "{1f013968-626d-0000-5168-011f6d62db01}", "api": "wineventlog", "channel": "Microsoft-Windows-PowerShell/Operational", "computer_name": "CLIENT7.breach.local", "event_id": 4103, "opcode": "To be used when operation is just executing a method", "process": {"pid": 2840, "thread": {"id": 3128}}, "provider_guid": "{a0c1853b-5c40-4b15-8766-3cf1c58f985a}", "provider_name": "Microsoft-Windows-PowerShell", "record_id": 13269, "task": "Executing Pipeline", "user": {"domain": "NT AUTHORITY", "identifier": "S-1-5-18", "name": "SYSTEM", "type": "User"}, "version": 1}}
{"@timestamp": "2025-01-09T08:10:10.224Z", "agent": {"ephemeral_id": "bb64d7a7-091c-4137-a687-7e2730f981d8", "hostname": "CLIENT7", "id": "c35095e9-5f9f-4084-a651-3aaa2966847a", "name": "CLIENT7", "type": "winlogbeat", "version": "7.10.2"}, "ecs": {"version": "1.5.0"}, "event": {"action": "Executing Pipeline", "category": ["process"], "code": 4103, "created": "2025-01-09T08:10:10.474Z", "kind": "event", "module": "powershell", "provider": "Microsoft-Windows-PowerShell", "sequence": 336, "type": ["info"]}, "host": {"name": "CLIENT7.breach.local"}, "log": {"level": "information"}, "powershell": {"command": {"invocation_details": [{"related_command": "Get-Content", "type": "CommandInvocation", "value": "\"Get-Content\""}, {"name": "\"Path\"", "related_command": "Get-Content", "type": "ParameterBinding", "value": "\"C:\\Windows\\inf\\errata.inf\""}], "name": "Get-Content", "type": "Cmdlet"}, "engine": {"version": "5.1.19041.906"}, "id": "Microsoft.PowerShell", "pipeline_id": "1", "process": {"executable_version": "5.1.19041.906"}, "runspace_id": "c7ffc1f4-daa5-46fd-826e-3e529e34b1dd"}, "process": {"args": ["powershell.exe", "-ExecutionPolicy", "Restricted", "-Command", "$Res", "=", "0;", "$Infs", "=", "Get-Item", "-Path", "($env:WinDir", "+", "'\\inf\\*.inf');", "foreach", "($Inf", "in", "$Infs)", "{", "$Data", "=", "Get-Content", "$Inf.FullName;", "if", "($Data", "-match", "'\\[defaultinstall.nt(amd64|arm|arm64|x86)\\]')", "{", "$Res", "=", "1;", "break;", "}", "}", "Write-Host", "'Final", "result:',", "$Res;"], "args_count": 38, "command_line": "powershell.exe -ExecutionPolicy Restricted -Command $Res = 0; $Infs = Get-Item -Path ($env:WinDir + '\\inf\\*.inf'); foreach ($Inf in $Infs) { $Data = Get-Content $Inf.FullName; if ($Data -match '\\[defaultinstall.nt(amd64|arm|arm64|x86)\\]') { $Res = 1; break; } } Write-Host 'Final result:', $Res;", "entity_id": "72deaf58-b38a-4e43-9484-05af2ad85dd5", "title": "ConsoleHost"}, "related": {"user": "SYSTEM"}, "user": {"domain": "BREACH", "name": "SYSTEM"}, "winlog": {"activity_id": "{1f013968-626d-0000-5268-011f6d62db01}", "api": "wineventlog", "channel": "Microsoft-Windows-PowerShell/Operational", "computer_name": "CLIENT7.breach.local", "event_id": 4103, "opcode": "To be used when operation is just executing a method", "process": {"pid": 2840, "thread": {"id": 3128}}, "provider_guid": "{a0c1853b-5c40-4b15-8766-3cf1c58f985a}", "provider_name": "Microsoft-Windows-PowerShell", "record_id": 13270, "task": "Executing Pipeline", "user": {"domain": "NT AUTHORITY", "identifier": "S-1-5-18", "name": "SYSTEM", "type": "User"}, "version": 1}}
{"@timestamp": "2025-01-09T08:10:10.230Z", "agent": {"ephemeral_id": "bb64d7a7-091c-4137-a687-7e2730f981d8", "hostname": "CLIENT7", "id": "c35095e9-5f9f-4084-a651-3aaa2966847a", "name": "CLIENT7", "type": "winlogbeat", "version": "7.10.2"}, "ecs": {"version": "1.5.0"}, "event": {"action": "Executing Pipeline", "category": ["process"], "code": 4103, "created": "2025-01-09T08:10:10.474Z", "kind": "event", "module": "powershell", "provider": "Microsoft-Windows-PowerShell", "sequence": 338, "type": ["info"]}, "host": {"name": "CLIENT7.breach.local"}, "log": {"level": "information"}, "powershell": {"command": {"invocation_details": [{"related_command": "Get-Content", "type": "CommandInvocation", "value": "\"Get-Content\""}, {"name": "\"Path\"", "related_command": "Get-Content", "type": "ParameterBinding", "value": "\"C:\\Windows\\inf\\errdev.inf\""}], "name": "Get-Content", "type": "Cmdlet"}, "engine": {"version": "5.1.19041.906"}, "id": "Microsoft.PowerShell", "pipeline_id": "1", "process": {"executable_version": "5.1.19041.906"}, "runspace_id": "c7ffc1f4-daa5-46fd-826e-3e529e34b1dd"}, "process": {"args": ["powershell.exe", "-ExecutionPolicy", "Restricted", "-Command", "$Res", "=", "0;", "$Infs", "=", "Get-Item", "-Path", "($env:WinDir", "+", "'\\inf\\*.inf');", "foreach", "($Inf", "in", "$Infs)", "{", "$Data", "=", "Get-Content", "$Inf.FullName;", "if", "($Data", "-match", "'\\[defaultinstall.nt(amd64|arm|arm64|x86)\\]')", "{", "$Res", "=", "1;", "break;", "}", "}", "Write-Host", "'Final", "result:',", "$Res;"], "args_count": 38, "command_line": "powershell.exe -ExecutionPolicy Restricted -Command $Res = 0; $Infs = Get-Item -Path ($env:WinDir + '\\inf\\*.inf'); foreach ($Inf in $Infs) { $Data = Get-Content $Inf.FullName; if ($Data -match '\\[defaultinstall.nt(amd64|arm|arm64|x86)\\]') { $Res = 1; break; } } Write-Host 'Final result:', $Res;", "entity_id": "72deaf58-b38a-4e43-9484-05af2ad85dd5", "title": "ConsoleHost"}, "related": {"user": "SYSTEM"}, "user": {"domain": "BREACH", "name": "SYSTEM"}, "winlog": {"activity_id": "{1f013968-626d-0001-0490-011f6d62db01}", "api": "wineventlog", "channel": "Microsoft-Windows-PowerShell/Operational", "computer_name": "CLIENT7.breach.local", "event_id": 4103, "opcode": "To be used when operation is just executing a method", "process": {"pid": 2840, "thread": {"id": 3128}}, "provider_guid": "{a0c1853b-5c40-4b15-8766-3cf1c58f985a}", "provider_name": "Microsoft-Windows-PowerShell", "record_id": 13271, "task": "Executing Pipeline", "user": {"domain": "NT AUTHORITY", "identifier": "S-1-5-18", "name": "SYSTEM", "type": "User"}, "version": 1}}
{"@timestamp": "2025-01-09T08:10:10.231Z", "agent": {"ephemeral_id": "bb64d7a7-091c-4137-a687-7e2730f981d8", "hostname": "CLIENT7", "id": "c35095e9-5f9f-4084-a651-3aaa2966847a", "name": "CLIENT7", "type": "winlogbeat", "version": "7.10.2"}, "ecs": {"version": "1.5.0"}, "event": {"action": "Executing Pipeline", "category": ["process"], "code": 4103, "created": "2025-01-09T08:10:10.474Z", "kind": "event", "module": "powershell", "provider": "Microsoft-Windows-PowerShell", "sequence": 340, "type": ["info"]}, "host": {"name": "CLIENT7.breach.local"}, "log": {"level": "information"}, "powershell": {"command": {"invocation_details": [{"related_command": "Get-Content", "type": "CommandInvocation", "value": "\"Get-Content\""}, {"name": "\"Path\"", "related_command": "Get-Content", "type": "ParameterBinding", "value": "\"C:\\Windows\\inf\\fdc.inf\""}], "name": "Get-Content", "type": "Cmdlet"}, "engine": {"version": "5.1.19041.906"}, "id": "Microsoft.PowerShell", "pipeline_id": "1", "process": {"executable_version": "5.1.19041.906"}, "runspace_id": "c7ffc1f4-daa5-46fd-826e-3e529e34b1dd"}, "process": {"args": ["powershell.exe", "-ExecutionPolicy", "Restricted", "-Command", "$Res", "=", "0;", "$Infs", "=", "Get-Item", "-Path", "($env:WinDir", "+", "'\\inf\\*.inf');", "foreach", "($Inf", "in", "$Infs)", "{", "$Data", "=", "Get-Content", "$Inf.FullName;", "if", "($Data", "-match", "'\\[defaultinstall.nt(amd64|arm|arm64|x86)\\]')", "{", "$Res", "=", "1;", "break;", "}", "}", "Write-Host", "'Final", "result:',", "$Res;"], "args_count": 38, "command_line": "powershell.exe -ExecutionPolicy Restricted -Command $Res = 0; $Infs = Get-Item -Path ($env:WinDir + '\\inf\\*.inf'); foreach ($Inf in $Infs) { $Data = Get-Content $Inf.FullName; if ($Data -match '\\[defaultinstall.nt(amd64|arm|arm64|x86)\\]') { $Res = 1; break; } } Write-Host 'Final result:', $Res;", "entity_id": "72deaf58-b38a-4e43-9484-05af2ad85dd5", "title": "ConsoleHost"}, "related": {"user": "SYSTEM"}, "user": {"domain": "BREACH", "name": "SYSTEM"}, "winlog": {"activity_id": "{1f013968-626d-0001-0590-011f6d62db01}", "api": "wineventlog", "channel": "Microsoft-Windows-PowerShell/Operational", "computer_name": "CLIENT7.breach.local", "event_id": 4103, "opcode": "To be used when operation is just executing a method", "process": {"pid": 2840, "thread": {"id": 3128}}, "provider_guid": "{a0c1853b-5c40-4b15-8766-3cf1c58f985a}", "provider_name": "Microsoft-Windows-PowerShell", "record_id": 13272, "task": "Executing Pipeline", "user": {"domain": "NT AUTHORITY", "identifier": "S-1-5-18", "name": "SYSTEM", "type": "User"}, "version": 1}}
{"@timestamp": "2025-01-09T08:10:10.232Z", "agent": {"ephemeral_id": "bb64d7a7-091c-4137-a687-7e2730f981d8", "hostname": "CLIENT7", "id": "c35095e9-5f9f-4084-a651-3aaa2966847a", "name": "CLIENT7", "type": "winlogbeat", "version": "7.10.2"}, "ecs": {"version": "1.5.0"}, "event": {"action": "Executing Pipeline", "category": ["process"], "code": 4103, "created": "2025-01-09T08:10:10.475Z", "kind": "event", "module": "powershell", "provider": "Microsoft-Windows-PowerShell", "sequence": 342, "type": ["info"]}, "host": {"name": "CLIENT7.breach.local"}, "log": {"level": "information"}, "powershell": {"command": {"invocation_details": [{"related_command": "Get-Content", "type": "CommandInvocation", "value": "\"Get-Content\""}, {"name": "\"Path\"", "related_command": "Get-Content", "type": "ParameterBinding", "value": "\"C:\\Windows\\inf\\fidohid.inf\""}], "name": "Get-Content", "type": "Cmdlet"}, "engine": {"version": "5.1.19041.906"}, "id": "Microsoft.PowerShell", "pipeline_id": "1", "process": {"executable_version": "5.1.19041.906"}, "runspace_id": "c7ffc1f4-daa5-46fd-826e-3e529e34b1dd"}, "process": {"args": ["powershell.exe", "-ExecutionPolicy", "Restricted", "-Command", "$Res", "=", "0;", "$Infs", "=", "Get-Item", "-Path", "($env:WinDir", "+", "'\\inf\\*.inf');", "foreach", "($Inf", "in", "$Infs)", "{", "$Data", "=", "Get-Content", "$Inf.FullName;", "if", "($Data", "-match", "'\\[defaultinstall.nt(amd64|arm|arm64|x86)\\]')", "{", "$Res", "=", "1;", "break;", "}", "}", "Write-Host", "'Final", "result:',", "$Res;"], "args_count": 38, "command_line": "powershell.exe -ExecutionPolicy Restricted -Command $Res = 0; $Infs = Get-Item -Path ($env:WinDir + '\\inf\\*.inf'); foreach ($Inf in $Infs) { $Data = Get-Content $Inf.FullName; if ($Data -match '\\[defaultinstall.nt(amd64|arm|arm64|x86)\\]') { $Res = 1; break; } } Write-Host 'Final result:', $Res;", "entity_id": "72deaf58-b38a-4e43-9484-05af2ad85dd5", "title": "ConsoleHost"}, "related": {"user": "SYSTEM"}, "user": {"domain": "BREACH", "name": "SYSTEM"}, "winlog": {"activity_id": "{1f013968-626d-0001-0690-011f6d62db01}", "api": "wineventlog", "channel": "Microsoft-Windows-PowerShell/Operational", "computer_name": "CLIENT7.breach.local", "event_id": 4103, "opcode": "To be used when operation is just executing a method", "process": {"pid": 2840, "thread": {"id": 3128}}, "provider_guid": "{a0c1853b-5c40-4b15-8766-3cf1c58f985a}", "provider_name": "Microsoft-Windows-PowerShell", "record_id": 13273, "task": "Executing Pipeline", "user": {"domain": "NT AUTHORITY", "identifier": "S-1-5-18", "name": "SYSTEM", "type": "User"}, "version": 1}}
{"@timestamp": "2025-01-09T08:10:10.233Z", "agent": {"ephemeral_id": "bb64d7a7-091c-4137-a687-7e2730f981d8", "hostname": "CLIENT7", "id": "c35095e9-5f9f-4084-a651-3aaa2966847a", "name": "CLIENT7", "type": "winlogbeat", "version": "7.10.2"}, "ecs": {"version": "1.5.0"}, "event": {"action": "Executing Pipeline", "category": ["process"], "code": 4103, "created": "2025-01-09T08:10:10.475Z", "kind": "event", "module": "powershell", "provider": "Microsoft-Windows-PowerShell", "sequence": 344, "type": ["info"]}, "host": {"name": "CLIENT7.breach.local"}, "log": {"level": "information"}, "powershell": {"command": {"invocation_details": [{"related_command": "Get-Content", "type": "CommandInvocation", "value": "\"Get-Content\""}, {"name": "\"Path\"", "related_command": "Get-Content", "type": "ParameterBinding", "value": "\"C:\\Windows\\inf\\flpydisk.inf\""}], "name": "Get-Content", "type": "Cmdlet"}, "engine": {"version": "5.1.19041.906"}, "id": "Microsoft.PowerShell", "pipeline_id": "1", "process": {"executable_version": "5.1.19041.906"}, "runspace_id": "c7ffc1f4-daa5-46fd-826e-3e529e34b1dd"}, "process": {"args": ["powershell.exe", "-ExecutionPolicy", "Restricted", "-Command", "$Res", "=", "0;", "$Infs", "=", "Get-Item", "-Path", "($env:WinDir", "+", "'\\inf\\*.inf');", "foreach", "($Inf", "in", "$Infs)", "{", "$Data", "=", "Get-Content", "$Inf.FullName;", "if", "($Data", "-match", "'\\[defaultinstall.nt(amd64|arm|arm64|x86)\\]')", "{", "$Res", "=", "1;", "break;", "}", "}", "Write-Host", "'Final", "result:',", "$Res;"], "args_count": 38, "command_line": "powershell.exe -ExecutionPolicy Restricted -Command $Res = 0; $Infs = Get-Item -Path ($env:WinDir + '\\inf\\*.inf'); foreach ($Inf in $Infs) { $Data = Get-Content $Inf.FullName; if ($Data -match '\\[defaultinstall.nt(amd64|arm|arm64|x86)\\]') { $Res = 1; break; } } Write-Host 'Final result:', $Res;", "entity_id": "72deaf58-b38a-4e43-9484-05af2ad85dd5", "title": "ConsoleHost"}, "related": {"user": "SYSTEM"}, "user": {"domain": "BREACH", "name": "SYSTEM"}, "winlog": {"activity_id": "{1f013968-626d-0001-0790-011f6d62db01}", "api": "wineventlog", "channel": "Microsoft-Windows-PowerShell/Operational", "computer_name": "CLIENT7.breach.local", "event_id": 4103, "opcode": "To be used when operation is just executing a method", "process": {"pid": 2840, "thread": {"id": 3128}}, "provider_guid": "{a0c1853b-5c40-4b15-8766-3cf1c58f985a}", "provider_name": "Microsoft-Windows-PowerShell", "record_id": 13274, "task": "Executing Pipeline", "user": {"domain": "NT AUTHORITY", "identifier": "S-1-5-18", "name": "SYSTEM", "type": "User"}, "version": 1}}
