{"@timestamp": "2025-01-09T08:04:43.057Z", "agent": {"ephemeral_id": "bb64d7a7-091c-4137-a687-7e2730f981d8", "hostname": "CLIENT7", "id": "c35095e9-5f9f-4084-a651-3aaa2966847a", "name": "CLIENT7", "type": "winlogbeat", "version": "7.10.2"}, "ecs": {"version": "1.5.0"}, "event": {"action": "Process Create (rule: ProcessCreate)", "category": ["process"], "code": 1, "created": "2025-01-09T08:06:48.304Z", "kind": "event", "module": "sysmon", "provider": "Microsoft-Windows-Sysmon", "type": ["start", "process_start"]}, "hash": {"imphash": "f9bbd96fae53b7a31264a703cafa0666", "md5": "f586835082f632dc8d9404d83bc16316", "sha1": "010db07461e45b41c886192df6fd425ba8d42d82", "sha256": "643ec58e82e0272c97c2a59f6020970d881af19c0ad5029db9c958c13b6558c7"}, "host": {"name": "CLIENT7.breach.local"}, "log": {"level": "information"}, "process": {"args": ["C:\\Windows\\system32\\svchost.exe", "-k", "NetworkServiceNetworkRestricted", "-p", "-s", "PolicyAgent"], "command_line": "C:\\Windows\\system32\\svchost.exe -k NetworkServiceNetworkRestricted -p -s PolicyAgent", "entity_id": "{416dd0c5-831b-677f-3400-000000001400}", "executable": "C:\\Windows\\System32\\svchost.exe", "hash": {"md5": "f586835082f632dc8d9404d83bc16316", "sha1": "010db07461e45b41c886192df6fd425ba8d42d82", "sha256": "643ec58e82e0272c97c2a59f6020970d881af19c0ad5029db9c958c13b6558c7"}, "name": "svchost.exe", "parent": {"args": ["C:\\Windows\\system32\\services.exe"], "command_line": "C:\\Windows\\system32\\services.exe", "entity_id": "{416dd0c5-8318-677f-0b00-000000001400}", "executable": "C:\\Windows\\System32\\services.exe", "name": "services.exe", "pid": 624}, "pe": {"imphash": "f9bbd96fae53b7a31264a703cafa0666"}, "pid": 2080, "working_directory": "C:\\Windows\\system32\\"}, "related": {"hash": ["010db07461e45b41c886192df6fd425ba8d42d82", "f586835082f632dc8d9404d83bc16316", "643ec58e82e0272c97c2a59f6020970d881af19c0ad5029db9c958c13b6558c7", "f9bbd96fae53b7a31264a703cafa0666"], "user": "NETWORK SERVICE"}, "user": {"domain": "NT AUTHORITY", "name": "NETWORK SERVICE"}, "winlog": {"api": "wineventlog", "channel": "Microsoft-Windows-Sysmon/Operational", "computer_name": "CLIENT7.breach.local", "event_data": {"Company": "Microsoft Corporation", "Description": "Host Process for Windows Services", "FileVersion": "10.0.19041.546 (WinBuild.160101.0800)", "IntegrityLevel": "System", "LogonGuid": "{416dd0c5-8319-677f-e403-000000000000}", "LogonId": "0x3e4", "OriginalFileName": "svchost.exe", "ParentUser": "NT AUTHORITY\\SYSTEM", "Product": "Microsoft\u00ae Windows\u00ae Operating System", "RuleName": "-", "TerminalSessionId": "0"}, "event_id": 1, "opcode": "Info", "process": {"pid": 2968, "thread": {"id": 3508}}, "provider_guid": "{5770385f-c22a-43e0-bf4c-06f5698ffbd9}", "provider_name": "Microsoft-Windows-Sysmon", "record_id": 3590386, "task": "Process Create (rule: ProcessCreate)", "user": {"domain": "NT AUTHORITY", "identifier": "S-1-5-18", "name": "SYSTEM", "type": "User"}, "version": 5}}
{"@timestamp": "2025-01-09T08:04:43.057Z", "agent": {"ephemeral_id": "bb64d7a7-091c-4137-a687-7e2730f981d8", "hostname": "CLIENT7", "id": "c35095e9-5f9f-4084-a651-3aaa2966847a", "name": "CLIENT7", "type": "winlogbeat", "version": "7.10.2"}, "ecs": {"version": "1.5.0"}, "event": {"action": "Process Create (rule: ProcessCreate)", "category": ["process"], "code": 1, "created": "2025-01-09T08:06:48.304Z", "kind": "event", "module": "sysmon", "provider": "Microsoft-Windows-Sysmon", "type": ["start", "process_start"]}, "hash": {"imphash": "f9bbd96fae53b7a31264a703cafa0666", "md5": "f586835082f632dc8d9404d83bc16316", "sha1": "010db07461e45b41c886192df6fd425ba8d42d82", "sha256": "643ec58e82e0272c97c2a59f6020970d881af19c0ad5029db9c958c13b6558c7"}, "host": {"name": "CLIENT7.breach.local"}, "log": {"level": "information"}, "process": {"args": ["C:\\Windows\\system32\\svchost.exe", "-k", "netsvcs", "-p", "-s", "IKEEXT"], "command_line": "C:\\Windows\\system32\\svchost.exe -k netsvcs -p -s IKEEXT", "entity_id": "{416dd0c5-831b-677f-3500-000000001400}", "executable": "C:\\Windows\\System32\\svchost.exe", "hash": {"md5": "f586835082f632dc8d9404d83bc16316", "sha1": "010db07461e45b41c886192df6fd425ba8d42d82", "sha256": "643ec58e82e0272c97c2a59f6020970d881af19c0ad5029db9c958c13b6558c7"}, "name": "svchost.exe", "parent": {"args": ["C:\\Windows\\system32\\services.exe"], "command_line": "C:\\Windows\\system32\\services.exe", "entity_id": "{416dd0c5-8318-677f-0b00-000000001400}", "executable": "C:\\Windows\\System32\\services.exe", "name": "services.exe", "pid": 624}, "pe": {"imphash": "f9bbd96fae53b7a31264a703cafa0666"}, "pid": 2088, "working_directory": "C:\\Windows\\system32\\"}, "related": {"hash": ["010db07461e45b41c886192df6fd425ba8d42d82", "f586835082f632dc8d9404d83bc16316", "643ec58e82e0272c97c2a59f6020970d881af19c0ad5029db9c958c13b6558c7", "f9bbd96fae53b7a31264a703cafa0666"], "user": "SYSTEM"}, "user": {"domain": "NT AUTHORITY", "name": "SYSTEM"}, "winlog": {"api": "wineventlog", "channel": "Microsoft-Windows-Sysmon/Operational", "computer_name": "CLIENT7.breach.local", "event_data": {"Company": "Microsoft Corporation", "Description": "Host Process for Windows Services", "FileVersion": "10.0.19041.546 (WinBuild.160101.0800)", "IntegrityLevel": "System", "LogonGuid": "{416dd0c5-8318-677f-e703-000000000000}", "LogonId": "0x3e7", "OriginalFileName": "svchost.exe", "ParentUser": "NT AUTHORITY\\SYSTEM", "Product": "Microsoft\u00ae Windows\u00ae Operating System", "RuleName": "-", "TerminalSessionId": "0"}, "event_id": 1, "opcode": "Info", "process": {"pid": 2968, "thread": {"id": 3508}}, "provider_guid": "{5770385f-c22a-43e0-bf4c-06f5698ffbd9}", "provider_name": "Microsoft-Windows-Sysmon", "record_id": 3590388, "task": "Process Create (rule: ProcessCreate)", "user": {"domain": "NT AUTHORITY", "identifier": "S-1-5-18", "name": "SYSTEM", "type": "User"}, "version": 5}}
{"@timestamp": "2025-01-09T08:04:43.102Z", "agent": {"ephemeral_id": "bb64d7a7-091c-4137-a687-7e2730f981d8", "hostname": "CLIENT7", "id": "c35095e9-5f9f-4084-a651-3aaa2966847a", "name": "CLIENT7", "type": "winlogbeat", "version": "7.10.2"}, "ecs": {"version": "1.5.0"}, "event": {"action": "Process Create (rule: ProcessCreate)", "category": ["process"], "code": 1, "created": "2025-01-09T08:06:48.429Z", "kind": "event", "module": "sysmon", "provider": "Microsoft-Windows-Sysmon", "type": ["start", "process_start"]}, "hash": {"imphash": "f9bbd96fae53b7a31264a703cafa0666", "md5": "f586835082f632dc8d9404d83bc16316", "sha1": "010db07461e45b41c886192df6fd425ba8d42d82", "sha256": "643ec58e82e0272c97c2a59f6020970d881af19c0ad5029db9c958c13b6558c7"}, "host": {"name": "CLIENT7.breach.local"}, "log": {"level": "information"}, "process": {"args": ["C:\\Windows\\system32\\svchost.exe", "-k", "LocalServiceNetworkRestricted", "-p", "-s", "WinHttpAutoProxySvc"], "command_line": "C:\\Windows\\system32\\svchost.exe -k LocalServiceNetworkRestricted -p -s WinHttpAutoProxySvc", "entity_id": "{416dd0c5-831b-677f-3600-000000001400}", "executable": "C:\\Windows\\System32\\svchost.exe", "hash": {"md5": "f586835082f632dc8d9404d83bc16316", "sha1": "010db07461e45b41c886192df6fd425ba8d42d82", "sha256": "643ec58e82e0272c97c2a59f6020970d881af19c0ad5029db9c958c13b6558c7"}, "name": "svchost.exe", "parent": {"args": ["C:\\Windows\\system32\\services.exe"], "command_line": "C:\\Windows\\system32\\services.exe", "entity_id": "{416dd0c5-8318-677f-0b00-000000001400}", "executable": "C:\\Windows\\System32\\services.exe", "name": "services.exe", "pid": 624}, "pe": {"imphash": "f9bbd96fae53b7a31264a703cafa0666"}, "pid": 2128, "working_directory": "C:\\Windows\\system32\\"}, "related": {"hash": ["010db07461e45b41c886192df6fd425ba8d42d82", "f586835082f632dc8d9404d83bc16316", "643ec58e82e0272c97c2a59f6020970d881af19c0ad5029db9c958c13b6558c7", "f9bbd96fae53b7a31264a703cafa0666"], "user": "LOCAL SERVICE"}, "user": {"domain": "NT AUTHORITY", "name": "LOCAL SERVICE"}, "winlog": {"api": "wineventlog", "channel": "Microsoft-Windows-Sysmon/Operational", "computer_name": "CLIENT7.breach.local", "event_data": {"Company": "Microsoft Corporation", "Description": "Host Process for Windows Services", "FileVersion": "10.0.19041.546 (WinBuild.160101.0800)", "IntegrityLevel": "System", "LogonGuid": "{416dd0c5-8319-677f-e503-000000000000}", "LogonId": "0x3e5", "OriginalFileName": "svchost.exe", "ParentUser": "NT AUTHORITY\\SYSTEM", "Product": "Microsoft\u00ae Windows\u00ae Operating System", "RuleName": "-", "TerminalSessionId": "0"}, "event_id": 1, "opcode": "Info", "process": {"pid": 2968, "thread": {"id": 3508}}, "provider_guid": "{5770385f-c22a-43e0-bf4c-06f5698ffbd9}", "provider_name": "Microsoft-Windows-Sysmon", "record_id": 3590444, "task": "Process Create (rule: ProcessCreate)", "user": {"domain": "NT AUTHORITY", "identifier": "S-1-5-18", "name": "SYSTEM", "type": "User"}, "version": 5}}
{"@timestamp": "2025-01-09T08:04:43.205Z", "agent": {"ephemeral_id": "bb64d7a7-091c-4137-a687-7e2730f981d8", "hostname": "CLIENT7", "id": "c35095e9-5f9f-4084-a651-3aaa2966847a", "name": "CLIENT7", "type": "winlogbeat", "version": "7.10.2"}, "ecs": {"version": "1.5.0"}, "event": {"action": "Process Create (rule: ProcessCreate)", "category": ["process"], "code": 1, "created": "2025-01-09T08:06:48.454Z", "kind": "event", "module": "sysmon", "provider": "Microsoft-Windows-Sysmon", "type": ["start", "process_start"]}, "hash": {"imphash": "f9bbd96fae53b7a31264a703cafa0666", "md5": "f586835082f632dc8d9404d83bc16316", "sha1": "010db07461e45b41c886192df6fd425ba8d42d82", "sha256": "643ec58e82e0272c97c2a59f6020970d881af19c0ad5029db9c958c13b6558c7"}, "host": {"name": "CLIENT7.breach.local"}, "log": {"level": "information"}, "process": {"args": ["C:\\Windows\\System32\\svchost.exe", "-k", "LocalServiceNetworkRestricted", "-p"], "command_line": "C:\\Windows\\System32\\svchost.exe -k LocalServiceNetworkRestricted -p", "entity_id": "{416dd0c5-831b-677f-3700-000000001400}", "executable": "C:\\Windows\\System32\\svchost.exe", "hash": {"md5": "f586835082f632dc8d9404d83bc16316", "sha1": "010db07461e45b41c886192df6fd425ba8d42d82", "sha256": "643ec58e82e0272c97c2a59f6020970d881af19c0ad5029db9c958c13b6558c7"}, "name": "svchost.exe", "parent": {"args": ["C:\\Windows\\system32\\services.exe"], "command_line": "C:\\Windows\\system32\\services.exe", "entity_id": "{416dd0c5-8318-677f-0b00-000000001400}", "executable": "C:\\Windows\\System32\\services.exe", "name": "services.exe", "pid": 624}, "pe": {"imphash": "f9bbd96fae53b7a31264a703cafa0666"}, "pid": 2248, "working_directory": "C:\\Windows\\system32\\"}, "related": {"hash": ["010db07461e45b41c886192df6fd425ba8d42d82", "f586835082f632dc8d9404d83bc16316", "643ec58e82e0272c97c2a59f6020970d881af19c0ad5029db9c958c13b6558c7", "f9bbd96fae53b7a31264a703cafa0666"], "user": "LOCAL SERVICE"}, "user": {"domain": "NT AUTHORITY", "name": "LOCAL SERVICE"}, "winlog": {"api": "wineventlog", "channel": "Microsoft-Windows-Sysmon/Operational", "computer_name": "CLIENT7.breach.local", "event_data": {"Company": "Microsoft Corporation", "Description": "Host Process for Windows Services", "FileVersion": "10.0.19041.546 (WinBuild.160101.0800)", "IntegrityLevel": "System", "LogonGuid": "{416dd0c5-8319-677f-e503-000000000000}", "LogonId": "0x3e5", "OriginalFileName": "svchost.exe", "ParentUser": "NT AUTHORITY\\SYSTEM", "Product": "Microsoft\u00ae Windows\u00ae Operating System", "RuleName": "-", "TerminalSessionId": "0"}, "event_id": 1, "opcode": "Info", "process": {"pid": 2968, "thread": {"id": 3508}}, "provider_guid": "{5770385f-c22a-43e0-bf4c-06f5698ffbd9}", "provider_name": "Microsoft-Windows-Sysmon", "record_id": 3590525, "task": "Process Create (rule: ProcessCreate)", "user": {"domain": "NT AUTHORITY", "identifier": "S-1-5-18", "name": "SYSTEM", "type": "User"}, "version": 5}}
{"@timestamp": "2025-01-09T08:04:43.208Z", "agent": {"ephemeral_id": "bb64d7a7-091c-4137-a687-7e2730f981d8", "hostname": "CLIENT7", "id": "c35095e9-5f9f-4084-a651-3aaa2966847a", "name": "CLIENT7", "type": "winlogbeat", "version": "7.10.2"}, "ecs": {"version": "1.5.0"}, "event": {"action": "Process Create (rule: ProcessCreate)", "category": ["process"], "code": 1, "created": "2025-01-09T08:06:48.455Z", "kind": "event", "module": "sysmon", "provider": "Microsoft-Windows-Sysmon", "type": ["start", "process_start"]}, "hash": {"imphash": "f9bbd96fae53b7a31264a703cafa0666", "md5": "f586835082f632dc8d9404d83bc16316", "sha1": "010db07461e45b41c886192df6fd425ba8d42d82", "sha256": "643ec58e82e0272c97c2a59f6020970d881af19c0ad5029db9c958c13b6558c7"}, "host": {"name": "CLIENT7.breach.local"}, "log": {"level": "information"}, "process": {"args": ["C:\\Windows\\system32\\svchost.exe", "-k", "LocalServiceNetworkRestricted", "-p"], "command_line": "C:\\Windows\\system32\\svchost.exe -k LocalServiceNetworkRestricted -p", "entity_id": "{416dd0c5-831b-677f-3800-000000001400}", "executable": "C:\\Windows\\System32\\svchost.exe", "hash": {"md5": "f586835082f632dc8d9404d83bc16316", "sha1": "010db07461e45b41c886192df6fd425ba8d42d82", "sha256": "643ec58e82e0272c97c2a59f6020970d881af19c0ad5029db9c958c13b6558c7"}, "name": "svchost.exe", "parent": {"args": ["C:\\Windows\\system32\\services.exe"], "command_line": "C:\\Windows\\system32\\services.exe", "entity_id": "{416dd0c5-8318-677f-0b00-000000001400}", "executable": "C:\\Windows\\System32\\services.exe", "name": "services.exe", "pid": 624}, "pe": {"imphash": "f9bbd96fae53b7a31264a703cafa0666"}, "pid": 2260, "working_directory": "C:\\Windows\\system32\\"}, "related": {"hash": ["010db07461e45b41c886192df6fd425ba8d42d82", "f586835082f632dc8d9404d83bc16316", "643ec58e82e0272c97c2a59f6020970d881af19c0ad5029db9c958c13b6558c7", "f9bbd96fae53b7a31264a703cafa0666"], "user": "LOCAL SERVICE"}, "user": {"domain": "NT AUTHORITY", "name": "LOCAL SERVICE"}, "winlog": {"api": "wineventlog", "channel": "Microsoft-Windows-Sysmon/Operational", "computer_name": "CLIENT7.breach.local", "event_data": {"Company": "Microsoft Corporation", "Description": "Host Process for Windows Services", "FileVersion": "10.0.19041.546 (WinBuild.160101.0800)", "IntegrityLevel": "System", "LogonGuid": "{416dd0c5-8319-677f-e503-000000000000}", "LogonId": "0x3e5", "OriginalFileName": "svchost.exe", "ParentUser": "NT AUTHORITY\\SYSTEM", "Product": "Microsoft\u00ae Windows\u00ae Operating System", "RuleName": "-", "TerminalSessionId": "0"}, "event_id": 1, "opcode": "Info", "process": {"pid": 2968, "thread": {"id": 3508}}, "provider_guid": "{5770385f-c22a-43e0-bf4c-06f5698ffbd9}", "provider_name": "Microsoft-Windows-Sysmon", "record_id": 3590528, "task": "Process Create (rule: ProcessCreate)", "user": {"domain": "NT AUTHORITY", "identifier": "S-1-5-18", "name": "SYSTEM", "type": "User"}, "version": 5}}
{"@timestamp": "2025-01-09T08:04:43.298Z", "agent": {"ephemeral_id": "bb64d7a7-091c-4137-a687-7e2730f981d8", "hostname": "CLIENT7", "id": "c35095e9-5f9f-4084-a651-3aaa2966847a", "name": "CLIENT7", "type": "winlogbeat", "version": "7.10.2"}, "ecs": {"version": "1.5.0"}, "event": {"action": "Logon", "code": 4624, "created": "2025-01-09T08:06:46.022Z", "kind": "event", "outcome": "success", "provider": "Microsoft-Windows-Security-Auditing"}, "host": {"name": "CLIENT7.breach.local"}, "log": {"level": "information"}, "winlog": {"activity_id": "{1f013968-626d-0000-f339-011f6d62db01}", "api": "wineventlog", "channel": "Security", "computer_name": "CLIENT7.breach.local", "event_data": {"AuthenticationPackageName": "Negotiate", "ElevatedToken": "%%1842", "ImpersonationLevel": "%%1833", "IpAddress": "-", "IpPort": "-", "KeyLength": "0", "LmPackageName": "-", "LogonGuid": "{00000000-0000-0000-0000-000000000000}", "LogonProcessName": "Advapi  ", "LogonType": "5", "ProcessId": "0x270", "ProcessName": "C:\\Windows\\System32\\services.exe", "RestrictedAdminMode": "-", "SubjectDomainName": "BREACH", "SubjectLogonId": "0x3e7", "SubjectUserName": "CLIENT7$", "SubjectUserSid": "S-1-5-18", "TargetDomainName": "NT AUTHORITY", "TargetLinkedLogonId": "0x0", "TargetLogonId": "0x3e7", "TargetOutboundDomainName": "-", "TargetOutboundUserName": "-", "TargetUserName": "SYSTEM", "TargetUserSid": "S-1-5-18", "TransmittedServices": "-", "VirtualAccount": "%%1843", "WorkstationName": "-"}, "event_id": 4624, "keywords": ["Audit Success"], "opcode": "Info", "process": {"pid": 636, "thread": {"id": 724}}, "provider_guid": "{54849625-5478-4994-a5ba-3e3b0328c30d}", "provider_name": "Microsoft-Windows-Security-Auditing", "record_id": 28818, "task": "Logon", "version": 2}}
{"@timestamp": "2025-01-09T08:04:43.298Z", "agent": {"ephemeral_id": "bb64d7a7-091c-4137-a687-7e2730f981d8", "hostname": "CLIENT7", "id": "c35095e9-5f9f-4084-a651-3aaa2966847a", "name": "CLIENT7", "type": "winlogbeat", "version": "7.10.2"}, "ecs": {"version": "1.5.0"}, "event": {"action": "Special Logon", "code": 4672, "created": "2025-01-09T08:06:46.022Z", "kind": "event", "outcome": "success", "provider": "Microsoft-Windows-Security-Auditing"}, "host": {"name": "CLIENT7.breach.local"}, "log": {"level": "information"}, "winlog": {"activity_id": "{1f013968-626d-0000-f339-011f6d62db01}", "api": "wineventlog", "channel": "Security", "computer_name": "CLIENT7.breach.local", "event_data": {"PrivilegeList": "SeAssignPrimaryTokenPrivilege\n\t\t\tSeTcbPrivilege\n\t\t\tSeSecurityPrivilege\n\t\t\tSeTakeOwnershipPrivilege\n\t\t\tSeLoadDriverPrivilege\n\t\t\tSeBackupPrivilege\n\t\t\tSeRestorePrivilege\n\t\t\tSeDebugPrivilege\n\t\t\tSeAuditPrivilege\n\t\t\tSeSystemEnvironmentPrivilege\n\t\t\tSeImpersonatePrivilege\n\t\t\tSeDelegateSessionUserImpersonatePrivilege", "SubjectDomainName": "NT AUTHORITY", "SubjectLogonId": "0x3e7", "SubjectUserName": "SYSTEM", "SubjectUserSid": "S-1-5-18"}, "event_id": 4672, "keywords": ["Audit Success"], "opcode": "Info", "process": {"pid": 636, "thread": {"id": 724}}, "provider_guid": "{54849625-5478-4994-a5ba-3e3b0328c30d}", "provider_name": "Microsoft-Windows-Security-Auditing", "record_id": 28819, "task": "Special Logon"}}
{"@timestamp": "2025-01-09T08:04:43.299Z", "agent": {"ephemeral_id": "bb64d7a7-091c-4137-a687-7e2730f981d8", "hostname": "CLIENT7", "id": "c35095e9-5f9f-4084-a651-3aaa2966847a", "name": "CLIENT7", "type": "winlogbeat", "version": "7.10.2"}, "ecs": {"version": "1.5.0"}, "event": {"action": "Process Create (rule: ProcessCreate)", "category": ["process"], "code": 1, "created": "2025-01-09T08:06:48.601Z", "kind": "event", "module": "sysmon", "provider": "Microsoft-Windows-Sysmon", "type": ["start", "process_start"]}, "hash": {"imphash": "f9bbd96fae53b7a31264a703cafa0666", "md5": "f586835082f632dc8d9404d83bc16316", "sha1": "010db07461e45b41c886192df6fd425ba8d42d82", "sha256": "643ec58e82e0272c97c2a59f6020970d881af19c0ad5029db9c958c13b6558c7"}, "host": {"name": "CLIENT7.breach.local"}, "log": {"level": "information"}, "process": {"args": ["C:\\Windows\\System32\\svchost.exe", "-k", "NetSvcs", "-p", "-s", "iphlpsvc"], "command_line": "C:\\Windows\\System32\\svchost.exe -k NetSvcs -p -s iphlpsvc", "entity_id": "{416dd0c5-831b-677f-3900-000000001400}", "executable": "C:\\Windows\\System32\\svchost.exe", "hash": {"md5": "f586835082f632dc8d9404d83bc16316", "sha1": "010db07461e45b41c886192df6fd425ba8d42d82", "sha256": "643ec58e82e0272c97c2a59f6020970d881af19c0ad5029db9c958c13b6558c7"}, "name": "svchost.exe", "parent": {"args": ["C:\\Windows\\system32\\services.exe"], "command_line": "C:\\Windows\\system32\\services.exe", "entity_id": "{416dd0c5-8318-677f-0b00-000000001400}", "executable": "C:\\Windows\\System32\\services.exe", "name": "services.exe", "pid": 624}, "pe": {"imphash": "f9bbd96fae53b7a31264a703cafa0666"}, "pid": 2328, "working_directory": "C:\\Windows\\system32\\"}, "related": {"hash": ["010db07461e45b41c886192df6fd425ba8d42d82", "f586835082f632dc8d9404d83bc16316", "643ec58e82e0272c97c2a59f6020970d881af19c0ad5029db9c958c13b6558c7", "f9bbd96fae53b7a31264a703cafa0666"], "user": "SYSTEM"}, "user": {"domain": "NT AUTHORITY", "name": "SYSTEM"}, "winlog": {"api": "wineventlog", "channel": "Microsoft-Windows-Sysmon/Operational", "computer_name": "CLIENT7.breach.local", "event_data": {"Company": "Microsoft Corporation", "Description": "Host Process for Windows Services", "FileVersion": "10.0.19041.546 (WinBuild.160101.0800)", "IntegrityLevel": "System", "LogonGuid": "{416dd0c5-8318-677f-e703-000000000000}", "LogonId": "0x3e7", "OriginalFileName": "svchost.exe", "ParentUser": "NT AUTHORITY\\SYSTEM", "Product": "Microsoft\u00ae Windows\u00ae Operating System", "RuleName": "-", "TerminalSessionId": "0"}, "event_id": 1, "opcode": "Info", "process": {"pid": 2968, "thread": {"id": 3508}}, "provider_guid": "{5770385f-c22a-43e0-bf4c-06f5698ffbd9}", "provider_name": "Microsoft-Windows-Sysmon", "record_id": 3590591, "task": "Process Create (rule: ProcessCreate)", "user": {"domain": "NT AUTHORITY", "identifier": "S-1-5-18", "name": "SYSTEM", "type": "User"}, "version": 5}}
{"@timestamp": "2025-01-09T08:04:43.402Z", "agent": {"ephemeral_id": "bb64d7a7-091c-4137-a687-7e2730f981d8", "hostname": "CLIENT7", "id": "c35095e9-5f9f-4084-a651-3aaa2966847a", "name": "CLIENT7", "type": "winlogbeat", "version": "7.10.2"}, "ecs": {"version": "1.5.0"}, "event": {"action": "Logon", "code": 4624, "created": "2025-01-09T08:06:46.022Z", "kind": "event", "outcome": "success", "provider": "Microsoft-Windows-Security-Auditing"}, "host": {"name": "CLIENT7.breach.local"}, "log": {"level": "information"}, "winlog": {"activity_id": "{1f013968-626d-0000-f339-011f6d62db01}", "api": "wineventlog", "channel": "Security", "computer_name": "CLIENT7.breach.local", "event_data": {"AuthenticationPackageName": "Negotiate", "ElevatedToken": "%%1842", "ImpersonationLevel": "%%1833", "IpAddress": "-", "IpPort": "-", "KeyLength": "0", "LmPackageName": "-", "LogonGuid": "{00000000-0000-0000-0000-000000000000}", "LogonProcessName": "Advapi  ", "LogonType": "5", "ProcessId": "0x270", "ProcessName": "C:\\Windows\\System32\\services.exe", "RestrictedAdminMode": "-", "SubjectDomainName": "BREACH", "SubjectLogonId": "0x3e7", "SubjectUserName": "CLIENT7$", "SubjectUserSid": "S-1-5-18", "TargetDomainName": "NT AUTHORITY", "TargetLinkedLogonId": "0x0", "TargetLogonId": "0x3e7", "TargetOutboundDomainName": "-", "TargetOutboundUserName": "-", "TargetUserName": "SYSTEM", "TargetUserSid": "S-1-5-18", "TransmittedServices": "-", "VirtualAccount": "%%1843", "WorkstationName": "-"}, "event_id": 4624, "keywords": ["Audit Success"], "opcode": "Info", "process": {"pid": 636, "thread": {"id": 724}}, "provider_guid": "{54849625-5478-4994-a5ba-3e3b0328c30d}", "provider_name": "Microsoft-Windows-Security-Auditing", "record_id": 28820, "task": "Logon", "version": 2}}
{"@timestamp": "2025-01-09T08:04:43.402Z", "agent": {"ephemeral_id": "bb64d7a7-091c-4137-a687-7e2730f981d8", "hostname": "CLIENT7", "id": "c35095e9-5f9f-4084-a651-3aaa2966847a", "name": "CLIENT7", "type": "winlogbeat", "version": "7.10.2"}, "ecs": {"version": "1.5.0"}, "event": {"action": "Special Logon", "code": 4672, "created": "2025-01-09T08:06:46.022Z", "kind": "event", "outcome": "success", "provider": "Microsoft-Windows-Security-Auditing"}, "host": {"name": "CLIENT7.breach.local"}, "log": {"level": "information"}, "winlog": {"activity_id": "{1f013968-626d-0000-f339-011f6d62db01}", "api": "wineventlog", "channel": "Security", "computer_name": "CLIENT7.breach.local", "event_data": {"PrivilegeList": "SeAssignPrimaryTokenPrivilege\n\t\t\tSeTcbPrivilege\n\t\t\tSeSecurityPrivilege\n\t\t\tSeTakeOwnershipPrivilege\n\t\t\tSeLoadDriverPrivilege\n\t\t\tSeBackupPrivilege\n\t\t\tSeRestorePrivilege\n\t\t\tSeDebugPrivilege\n\t\t\tSeAuditPrivilege\n\t\t\tSeSystemEnvironmentPrivilege\n\t\t\tSeImpersonatePrivilege\n\t\t\tSeDelegateSessionUserImpersonatePrivilege", "SubjectDomainName": "NT AUTHORITY", "SubjectLogonId": "0x3e7", "SubjectUserName": "SYSTEM", "SubjectUserSid": "S-1-5-18"}, "event_id": 4672, "keywords": ["Audit Success"], "opcode": "Info", "process": {"pid": 636, "thread": {"id": 724}}, "provider_guid": "{54849625-5478-4994-a5ba-3e3b0328c30d}", "provider_name": "Microsoft-Windows-Security-Auditing", "record_id": 28821, "task": "Special Logon"}}
{"@timestamp": "2025-01-09T08:04:43.403Z", "agent": {"ephemeral_id": "bb64d7a7-091c-4137-a687-7e2730f981d8", "hostname": "CLIENT7", "id": "c35095e9-5f9f-4084-a651-3aaa2966847a", "name": "CLIENT7", "type": "winlogbeat", "version": "7.10.2"}, "ecs": {"version": "1.5.0"}, "event": {"action": "Process Create (rule: ProcessCreate)", "category": ["process"], "code": 1, "created": "2025-01-09T08:06:48.750Z", "kind": "event", "module": "sysmon", "provider": "Microsoft-Windows-Sysmon", "type": ["start", "process_start"]}, "hash": {"imphash": "f9bbd96fae53b7a31264a703cafa0666", "md5": "f586835082f632dc8d9404d83bc16316", "sha1": "010db07461e45b41c886192df6fd425ba8d42d82", "sha256": "643ec58e82e0272c97c2a59f6020970d881af19c0ad5029db9c958c13b6558c7"}, "host": {"name": "CLIENT7.breach.local"}, "log": {"level": "information"}, "process": {"args": ["C:\\Windows\\System32\\svchost.exe", "-k", "netsvcs", "-p", "-s", "ShellHWDetection"], "command_line": "C:\\Windows\\System32\\svchost.exe -k netsvcs -p -s ShellHWDetection", "entity_id": "{416dd0c5-831b-677f-3a00-000000001400}", "executable": "C:\\Windows\\System32\\svchost.exe", "hash": {"md5": "f586835082f632dc8d9404d83bc16316", "sha1": "010db07461e45b41c886192df6fd425ba8d42d82", "sha256": "643ec58e82e0272c97c2a59f6020970d881af19c0ad5029db9c958c13b6558c7"}, "name": "svchost.exe", "parent": {"args": ["C:\\Windows\\system32\\services.exe"], "command_line": "C:\\Windows\\system32\\services.exe", "entity_id": "{416dd0c5-8318-677f-0b00-000000001400}", "executable": "C:\\Windows\\System32\\services.exe", "name": "services.exe", "pid": 624}, "pe": {"imphash": "f9bbd96fae53b7a31264a703cafa0666"}, "pid": 2384, "working_directory": "C:\\Windows\\system32\\"}, "related": {"hash": ["010db07461e45b41c886192df6fd425ba8d42d82", "f586835082f632dc8d9404d83bc16316", "643ec58e82e0272c97c2a59f6020970d881af19c0ad5029db9c958c13b6558c7", "f9bbd96fae53b7a31264a703cafa0666"], "user": "SYSTEM"}, "user": {"domain": "NT AUTHORITY", "name": "SYSTEM"}, "winlog": {"api": "wineventlog", "channel": "Microsoft-Windows-Sysmon/Operational", "computer_name": "CLIENT7.breach.local", "event_data": {"Company": "Microsoft Corporation", "Description": "Host Process for Windows Services", "FileVersion": "10.0.19041.546 (WinBuild.160101.0800)", "IntegrityLevel": "System", "LogonGuid": "{416dd0c5-8318-677f-e703-000000000000}", "LogonId": "0x3e7", "OriginalFileName": "svchost.exe", "ParentUser": "NT AUTHORITY\\SYSTEM", "Product": "Microsoft\u00ae Windows\u00ae Operating System", "RuleName": "-", "TerminalSessionId": "0"}, "event_id": 1, "opcode": "Info", "process": {"pid": 2968, "thread": {"id": 3508}}, "provider_guid": "{5770385f-c22a-43e0-bf4c-06f5698ffbd9}", "provider_name": "Microsoft-Windows-Sysmon", "record_id": 3590640, "task": "Process Create (rule: ProcessCreate)", "user": {"domain": "NT AUTHORITY", "identifier": "S-1-5-18", "name": "SYSTEM", "type": "User"}, "version": 5}}
{"@timestamp": "2025-01-09T08:04:43.416Z", "agent": {"ephemeral_id": "bb64d7a7-091c-4137-a687-7e2730f981d8", "hostname": "CLIENT7", "id": "c35095e9-5f9f-4084-a651-3aaa2966847a", "name": "CLIENT7", "type": "winlogbeat", "version": "7.10.2"}, "ecs": {"version": "1.5.0"}, "event": {"action": "Process Create (rule: ProcessCreate)", "category": ["process"], "code": 1, "created": "2025-01-09T08:06:48.752Z", "kind": "event", "module": "sysmon", "provider": "Microsoft-Windows-Sysmon", "type": ["start", "process_start"]}, "hash": {"imphash": "f9bbd96fae53b7a31264a703cafa0666", "md5": "f586835082f632dc8d9404d83bc16316", "sha1": "010db07461e45b41c886192df6fd425ba8d42d82", "sha256": "643ec58e82e0272c97c2a59f6020970d881af19c0ad5029db9c958c13b6558c7"}, "host": {"name": "CLIENT7.breach.local"}, "log": {"level": "information"}, "process": {"args": ["C:\\Windows\\System32\\svchost.exe", "-k", "LocalServiceNetworkRestricted", "-p", "-s", "lmhosts"], "command_line": "C:\\Windows\\System32\\svchost.exe -k LocalServiceNetworkRestricted -p -s lmhosts", "entity_id": "{416dd0c5-831b-677f-3b00-000000001400}", "executable": "C:\\Windows\\System32\\svchost.exe", "hash": {"md5": "f586835082f632dc8d9404d83bc16316", "sha1": "010db07461e45b41c886192df6fd425ba8d42d82", "sha256": "643ec58e82e0272c97c2a59f6020970d881af19c0ad5029db9c958c13b6558c7"}, "name": "svchost.exe", "parent": {"args": ["C:\\Windows\\system32\\services.exe"], "command_line": "C:\\Windows\\system32\\services.exe", "entity_id": "{416dd0c5-8318-677f-0b00-000000001400}", "executable": "C:\\Windows\\System32\\services.exe", "name": "services.exe", "pid": 624}, "pe": {"imphash": "f9bbd96fae53b7a31264a703cafa0666"}, "pid": 2392, "working_directory": "C:\\Windows\\system32\\"}, "related": {"hash": ["010db07461e45b41c886192df6fd425ba8d42d82", "f586835082f632dc8d9404d83bc16316", "643ec58e82e0272c97c2a59f6020970d881af19c0ad5029db9c958c13b6558c7", "f9bbd96fae53b7a31264a703cafa0666"], "user": "LOCAL SERVICE"}, "user": {"domain": "NT AUTHORITY", "name": "LOCAL SERVICE"}, "winlog": {"api": "wineventlog", "channel": "Microsoft-Windows-Sysmon/Operational", "computer_name": "CLIENT7.breach.local", "event_data": {"Company": "Microsoft Corporation", "Description": "Host Process for Windows Services", "FileVersion": "10.0.19041.546 (WinBuild.160101.0800)", "IntegrityLevel": "System", "LogonGuid": "{416dd0c5-8319-677f-e503-000000000000}", "LogonId": "0x3e5", "OriginalFileName": "svchost.exe", "ParentUser": "NT AUTHORITY\\SYSTEM", "Product": "Microsoft\u00ae Windows\u00ae Operating System", "RuleName": "-", "TerminalSessionId": "0"}, "event_id": 1, "opcode": "Info", "process": {"pid": 2968, "thread": {"id": 3508}}, "provider_guid": "{5770385f-c22a-43e0-bf4c-06f5698ffbd9}", "provider_name": "Microsoft-Windows-Sysmon", "record_id": 3590650, "task": "Process Create (rule: ProcessCreate)", "user": {"domain": "NT AUTHORITY", "identifier": "S-1-5-18", "name": "SYSTEM", "type": "User"}, "version": 5}}
{"@timestamp": "2025-01-09T08:04:43.440Z", "agent": {"ephemeral_id": "bb64d7a7-091c-4137-a687-7e2730f981d8", "hostname": "CLIENT7", "id": "c35095e9-5f9f-4084-a651-3aaa2966847a", "name": "CLIENT7", "type": "winlogbeat", "version": "7.10.2"}, "ecs": {"version": "1.5.0"}, "event": {"action": "Logon", "code": 4624, "created": "2025-01-09T08:06:46.022Z", "kind": "event", "outcome": "success", "provider": "Microsoft-Windows-Security-Auditing"}, "host": {"name": "CLIENT7.breach.local"}, "log": {"level": "information"}, "winlog": {"activity_id": "{1f013968-626d-0000-f339-011f6d62db01}", "api": "wineventlog", "channel": "Security", "computer_name": "CLIENT7.breach.local", "event_data": {"AuthenticationPackageName": "Negotiate", "ElevatedToken": "%%1842", "ImpersonationLevel": "%%1833", "IpAddress": "-", "IpPort": "-", "KeyLength": "0", "LmPackageName": "-", "LogonGuid": "{00000000-0000-0000-0000-000000000000}", "LogonProcessName": "Advapi  ", "LogonType": "5", "ProcessId": "0x270", "ProcessName": "C:\\Windows\\System32\\services.exe", "RestrictedAdminMode": "-", "SubjectDomainName": "BREACH", "SubjectLogonId": "0x3e7", "SubjectUserName": "CLIENT7$", "SubjectUserSid": "S-1-5-18", "TargetDomainName": "NT AUTHORITY", "TargetLinkedLogonId": "0x0", "TargetLogonId": "0x3e7", "TargetOutboundDomainName": "-", "TargetOutboundUserName": "-", "TargetUserName": "SYSTEM", "TargetUserSid": "S-1-5-18", "TransmittedServices": "-", "VirtualAccount": "%%1843", "WorkstationName": "-"}, "event_id": 4624, "keywords": ["Audit Success"], "opcode": "Info", "process": {"pid": 636, "thread": {"id": 724}}, "provider_guid": "{54849625-5478-4994-a5ba-3e3b0328c30d}", "provider_name": "Microsoft-Windows-Security-Auditing", "record_id": 28822, "task": "Logon", "version": 2}}
{"@timestamp": "2025-01-09T08:04:43.440Z", "agent": {"ephemeral_id": "bb64d7a7-091c-4137-a687-7e2730f981d8", "hostname": "CLIENT7", "id": "c35095e9-5f9f-4084-a651-3aaa2966847a", "name": "CLIENT7", "type": "winlogbeat", "version": "7.10.2"}, "ecs": {"version": "1.5.0"}, "event": {"action": "Special Logon", "code": 4672, "created": "2025-01-09T08:06:46.022Z", "kind": "event", "outcome": "success", "provider": "Microsoft-Windows-Security-Auditing"}, "host": {"name": "CLIENT7.breach.local"}, "log": {"level": "information"}, "winlog": {"activity_id": "{1f013968-626d-0000-f339-011f6d62db01}", "api": "wineventlog", "channel": "Security", "computer_name": "CLIENT7.breach.local", "event_data": {"PrivilegeList": "SeAssignPrimaryTokenPrivilege\n\t\t\tSeTcbPrivilege\n\t\t\tSeSecurityPrivilege\n\t\t\tSeTakeOwnershipPrivilege\n\t\t\tSeLoadDriverPrivilege\n\t\t\tSeBackupPrivilege\n\t\t\tSeRestorePrivilege\n\t\t\tSeDebugPrivilege\n\t\t\tSeAuditPrivilege\n\t\t\tSeSystemEnvironmentPrivilege\n\t\t\tSeImpersonatePrivilege\n\t\t\tSeDelegateSessionUserImpersonatePrivilege", "SubjectDomainName": "NT AUTHORITY", "SubjectLogonId": "0x3e7", "SubjectUserName": "SYSTEM", "SubjectUserSid": "S-1-5-18"}, "event_id": 4672, "keywords": ["Audit Success"], "opcode": "Info", "process": {"pid": 636, "thread": {"id": 724}}, "provider_guid": "{54849625-5478-4994-a5ba-3e3b0328c30d}", "provider_name": "Microsoft-Windows-Security-Auditing", "record_id": 28823, "task": "Special Logon"}}
{"@timestamp": "2025-01-09T08:04:43.441Z", "agent": {"ephemeral_id": "bb64d7a7-091c-4137-a687-7e2730f981d8", "hostname": "CLIENT7", "id": "c35095e9-5f9f-4084-a651-3aaa2966847a", "name": "CLIENT7", "type": "winlogbeat", "version": "7.10.2"}, "ecs": {"version": "1.5.0"}, "event": {"action": "Process Create (rule: ProcessCreate)", "category": ["process"], "code": 1, "created": "2025-01-09T08:06:48.755Z", "kind": "event", "module": "sysmon", "provider": "Microsoft-Windows-Sysmon", "type": ["start", "process_start"]}, "hash": {"imphash": "f9bbd96fae53b7a31264a703cafa0666", "md5": "f586835082f632dc8d9404d83bc16316", "sha1": "010db07461e45b41c886192df6fd425ba8d42d82", "sha256": "643ec58e82e0272c97c2a59f6020970d881af19c0ad5029db9c958c13b6558c7"}, "host": {"name": "CLIENT7.breach.local"}, "log": {"level": "information"}, "process": {"args": ["C:\\Windows\\System32\\svchost.exe", "-k", "NetSvcs", "-p", "-s", "NcaSvc"], "command_line": "C:\\Windows\\System32\\svchost.exe -k NetSvcs -p -s NcaSvc", "entity_id": "{416dd0c5-831b-677f-3c00-000000001400}", "executable": "C:\\Windows\\System32\\svchost.exe", "hash": {"md5": "f586835082f632dc8d9404d83bc16316", "sha1": "010db07461e45b41c886192df6fd425ba8d42d82", "sha256": "643ec58e82e0272c97c2a59f6020970d881af19c0ad5029db9c958c13b6558c7"}, "name": "svchost.exe", "parent": {"args": ["C:\\Windows\\system32\\services.exe"], "command_line": "C:\\Windows\\system32\\services.exe", "entity_id": "{416dd0c5-8318-677f-0b00-000000001400}", "executable": "C:\\Windows\\System32\\services.exe", "name": "services.exe", "pid": 624}, "pe": {"imphash": "f9bbd96fae53b7a31264a703cafa0666"}, "pid": 2436, "working_directory": "C:\\Windows\\system32\\"}, "related": {"hash": ["010db07461e45b41c886192df6fd425ba8d42d82", "f586835082f632dc8d9404d83bc16316", "643ec58e82e0272c97c2a59f6020970d881af19c0ad5029db9c958c13b6558c7", "f9bbd96fae53b7a31264a703cafa0666"], "user": "SYSTEM"}, "user": {"domain": "NT AUTHORITY", "name": "SYSTEM"}, "winlog": {"api": "wineventlog", "channel": "Microsoft-Windows-Sysmon/Operational", "computer_name": "CLIENT7.breach.local", "event_data": {"Company": "Microsoft Corporation", "Description": "Host Process for Windows Services", "FileVersion": "10.0.19041.546 (WinBuild.160101.0800)", "IntegrityLevel": "System", "LogonGuid": "{416dd0c5-8318-677f-e703-000000000000}", "LogonId": "0x3e7", "OriginalFileName": "svchost.exe", "ParentUser": "NT AUTHORITY\\SYSTEM", "Product": "Microsoft\u00ae Windows\u00ae Operating System", "RuleName": "-", "TerminalSessionId": "0"}, "event_id": 1, "opcode": "Info", "process": {"pid": 2968, "thread": {"id": 3508}}, "provider_guid": "{5770385f-c22a-43e0-bf4c-06f5698ffbd9}", "provider_name": "Microsoft-Windows-Sysmon", "record_id": 3590667, "task": "Process Create (rule: ProcessCreate)", "user": {"domain": "NT AUTHORITY", "identifier": "S-1-5-18", "name": "SYSTEM", "type": "User"}, "version": 5}}
{"@timestamp": "2025-01-09T08:04:43.559Z", "agent": {"ephemeral_id": "bb64d7a7-091c-4137-a687-7e2730f981d8", "hostname": "CLIENT7", "id": "c35095e9-5f9f-4084-a651-3aaa2966847a", "name": "CLIENT7", "type": "winlogbeat", "version": "7.10.2"}, "ecs": {"version": "1.5.0"}, "event": {"action": "Logon", "code": 4624, "created": "2025-01-09T08:06:46.022Z", "kind": "event", "outcome": "success", "provider": "Microsoft-Windows-Security-Auditing"}, "host": {"name": "CLIENT7.breach.local"}, "log": {"level": "information"}, "winlog": {"activity_id": "{1f013968-626d-0000-f339-011f6d62db01}", "api": "wineventlog", "channel": "Security", "computer_name": "CLIENT7.breach.local", "event_data": {"AuthenticationPackageName": "Negotiate", "ElevatedToken": "%%1842", "ImpersonationLevel": "%%1833", "IpAddress": "-", "IpPort": "-", "KeyLength": "0", "LmPackageName": "-", "LogonGuid": "{00000000-0000-0000-0000-000000000000}", "LogonProcessName": "Advapi  ", "LogonType": "5", "ProcessId": "0x270", "ProcessName": "C:\\Windows\\System32\\services.exe", "RestrictedAdminMode": "-", "SubjectDomainName": "BREACH", "SubjectLogonId": "0x3e7", "SubjectUserName": "CLIENT7$", "SubjectUserSid": "S-1-5-18", "TargetDomainName": "NT AUTHORITY", "TargetLinkedLogonId": "0x0", "TargetLogonId": "0x3e7", "TargetOutboundDomainName": "-", "TargetOutboundUserName": "-", "TargetUserName": "SYSTEM", "TargetUserSid": "S-1-5-18", "TransmittedServices": "-", "VirtualAccount": "%%1843", "WorkstationName": "-"}, "event_id": 4624, "keywords": ["Audit Success"], "opcode": "Info", "process": {"pid": 636, "thread": {"id": 724}}, "provider_guid": "{54849625-5478-4994-a5ba-3e3b0328c30d}", "provider_name": "Microsoft-Windows-Security-Auditing", "record_id": 28824, "task": "Logon", "version": 2}}
{"@timestamp": "2025-01-09T08:04:43.559Z", "agent": {"ephemeral_id": "bb64d7a7-091c-4137-a687-7e2730f981d8", "hostname": "CLIENT7", "id": "c35095e9-5f9f-4084-a651-3aaa2966847a", "name": "CLIENT7", "type": "winlogbeat", "version": "7.10.2"}, "ecs": {"version": "1.5.0"}, "event": {"action": "Special Logon", "code": 4672, "created": "2025-01-09T08:06:46.023Z", "kind": "event", "outcome": "success", "provider": "Microsoft-Windows-Security-Auditing"}, "host": {"name": "CLIENT7.breach.local"}, "log": {"level": "information"}, "winlog": {"activity_id": "{1f013968-626d-0000-f339-011f6d62db01}", "api": "wineventlog", "channel": "Security", "computer_name": "CLIENT7.breach.local", "event_data": {"PrivilegeList": "SeAssignPrimaryTokenPrivilege\n\t\t\tSeTcbPrivilege\n\t\t\tSeSecurityPrivilege\n\t\t\tSeTakeOwnershipPrivilege\n\t\t\tSeLoadDriverPrivilege\n\t\t\tSeBackupPrivilege\n\t\t\tSeRestorePrivilege\n\t\t\tSeDebugPrivilege\n\t\t\tSeAuditPrivilege\n\t\t\tSeSystemEnvironmentPrivilege\n\t\t\tSeImpersonatePrivilege\n\t\t\tSeDelegateSessionUserImpersonatePrivilege", "SubjectDomainName": "NT AUTHORITY", "SubjectLogonId": "0x3e7", "SubjectUserName": "SYSTEM", "SubjectUserSid": "S-1-5-18"}, "event_id": 4672, "keywords": ["Audit Success"], "opcode": "Info", "process": {"pid": 636, "thread": {"id": 724}}, "provider_guid": "{54849625-5478-4994-a5ba-3e3b0328c30d}", "provider_name": "Microsoft-Windows-Security-Auditing", "record_id": 28825, "task": "Special Logon"}}
{"@timestamp": "2025-01-09T08:04:43.561Z", "agent": {"ephemeral_id": "bb64d7a7-091c-4137-a687-7e2730f981d8", "hostname": "CLIENT7", "id": "c35095e9-5f9f-4084-a651-3aaa2966847a", "name": "CLIENT7", "type": "winlogbeat", "version": "7.10.2"}, "ecs": {"version": "1.5.0"}, "event": {"action": "Process Create (rule: ProcessCreate)", "category": ["process"], "code": 1, "created": "2025-01-09T08:06:48.887Z", "kind": "event", "module": "sysmon", "provider": "Microsoft-Windows-Sysmon", "type": ["start", "process_start"]}, "hash": {"imphash": "664a05e77e9fb89feb7c347f9afcbfc1", "md5": "f1acff37d207872bb0a5a73727c41ea2", "sha1": "1052ccad54927759d9adb976a4e17eb2ac211afb", "sha256": "654f1b82d7c54ed268362abc23844b1cde64bc6918fad6347f3a719788c6e284"}, "host": {"name": "CLIENT7.breach.local"}, "log": {"level": "information"}, "process": {"args": ["C:\\Windows\\System32\\spoolsv.exe"], "command_line": "C:\\Windows\\System32\\spoolsv.exe", "entity_id": "{416dd0c5-831b-677f-3d00-000000001400}", "executable": "C:\\Windows\\System32\\spoolsv.exe", "hash": {"md5": "f1acff37d207872bb0a5a73727c41ea2", "sha1": "1052ccad54927759d9adb976a4e17eb2ac211afb", "sha256": "654f1b82d7c54ed268362abc23844b1cde64bc6918fad6347f3a719788c6e284"}, "name": "spoolsv.exe", "parent": {"args": ["C:\\Windows\\system32\\services.exe"], "command_line": "C:\\Windows\\system32\\services.exe", "entity_id": "{416dd0c5-8318-677f-0b00-000000001400}", "executable": "C:\\Windows\\System32\\services.exe", "name": "services.exe", "pid": 624}, "pe": {"imphash": "664a05e77e9fb89feb7c347f9afcbfc1"}, "pid": 2580, "working_directory": "C:\\Windows\\system32\\"}, "related": {"hash": ["1052ccad54927759d9adb976a4e17eb2ac211afb", "f1acff37d207872bb0a5a73727c41ea2", "654f1b82d7c54ed268362abc23844b1cde64bc6918fad6347f3a719788c6e284", "664a05e77e9fb89feb7c347f9afcbfc1"], "user": "SYSTEM"}, "user": {"domain": "NT AUTHORITY", "name": "SYSTEM"}, "winlog": {"api": "wineventlog", "channel": "Microsoft-Windows-Sysmon/Operational", "computer_name": "CLIENT7.breach.local", "event_data": {"Company": "Microsoft Corporation", "Description": "Spooler SubSystem App", "FileVersion": "10.0.19041.746 (WinBuild.160101.0800)", "IntegrityLevel": "System", "LogonGuid": "{416dd0c5-8318-677f-e703-000000000000}", "LogonId": "0x3e7", "OriginalFileName": "spoolsv.exe", "ParentUser": "NT AUTHORITY\\SYSTEM", "Product": "Microsoft\u00ae Windows\u00ae Operating System", "RuleName": "-", "TerminalSessionId": "0"}, "event_id": 1, "opcode": "Info", "process": {"pid": 2968, "thread": {"id": 3508}}, "provider_guid": "{5770385f-c22a-43e0-bf4c-06f5698ffbd9}", "provider_name": "Microsoft-Windows-Sysmon", "record_id": 3590757, "task": "Process Create (rule: ProcessCreate)", "user": {"domain": "NT AUTHORITY", "identifier": "S-1-5-18", "name": "SYSTEM", "type": "User"}, "version": 5}}
{"@timestamp": "2025-01-09T08:04:43.770Z", "agent": {"ephemeral_id": "bb64d7a7-091c-4137-a687-7e2730f981d8", "hostname": "CLIENT7", "id": "c35095e9-5f9f-4084-a651-3aaa2966847a", "name": "CLIENT7", "type": "winlogbeat", "version": "7.10.2"}, "ecs": {"version": "1.5.0"}, "event": {"action": "Process Create (rule: ProcessCreate)", "category": ["process"], "code": 1, "created": "2025-01-09T08:06:48.894Z", "kind": "event", "module": "sysmon", "provider": "Microsoft-Windows-Sysmon", "type": ["start", "process_start"]}, "hash": {"imphash": "f9bbd96fae53b7a31264a703cafa0666", "md5": "f586835082f632dc8d9404d83bc16316", "sha1": "010db07461e45b41c886192df6fd425ba8d42d82", "sha256": "643ec58e82e0272c97c2a59f6020970d881af19c0ad5029db9c958c13b6558c7"}, "host": {"name": "CLIENT7.breach.local"}, "log": {"level": "information"}, "process": {"args": ["C:\\Windows\\System32\\svchost.exe", "-k", "NetworkService", "-p", "-s", "LanmanWorkstation"], "command_line": "C:\\Windows\\System32\\svchost.exe -k NetworkService -p -s LanmanWorkstation", "entity_id": "{416dd0c5-831b-677f-3e00-000000001400}", "executable": "C:\\Windows\\System32\\svchost.exe", "hash": {"md5": "f586835082f632dc8d9404d83bc16316", "sha1": "010db07461e45b41c886192df6fd425ba8d42d82", "sha256": "643ec58e82e0272c97c2a59f6020970d881af19c0ad5029db9c958c13b6558c7"}, "name": "svchost.exe", "parent": {"args": ["C:\\Windows\\system32\\services.exe"], "command_line": "C:\\Windows\\system32\\services.exe", "entity_id": "{416dd0c5-8318-677f-0b00-000000001400}", "executable": "C:\\Windows\\System32\\services.exe", "name": "services.exe", "pid": 624}, "pe": {"imphash": "f9bbd96fae53b7a31264a703cafa0666"}, "pid": 2704, "working_directory": "C:\\Windows\\system32\\"}, "related": {"hash": ["010db07461e45b41c886192df6fd425ba8d42d82", "f586835082f632dc8d9404d83bc16316", "643ec58e82e0272c97c2a59f6020970d881af19c0ad5029db9c958c13b6558c7", "f9bbd96fae53b7a31264a703cafa0666"], "user": "NETWORK SERVICE"}, "user": {"domain": "NT AUTHORITY", "name": "NETWORK SERVICE"}, "winlog": {"api": "wineventlog", "channel": "Microsoft-Windows-Sysmon/Operational", "computer_name": "CLIENT7.breach.local", "event_data": {"Company": "Microsoft Corporation", "Description": "Host Process for Windows Services", "FileVersion": "10.0.19041.546 (WinBuild.160101.0800)", "IntegrityLevel": "System", "LogonGuid": "{416dd0c5-8319-677f-e403-000000000000}", "LogonId": "0x3e4", "OriginalFileName": "svchost.exe", "ParentUser": "NT AUTHORITY\\SYSTEM", "Product": "Microsoft\u00ae Windows\u00ae Operating System", "RuleName": "-", "TerminalSessionId": "0"}, "event_id": 1, "opcode": "Info", "process": {"pid": 2968, "thread": {"id": 3508}}, "provider_guid": "{5770385f-c22a-43e0-bf4c-06f5698ffbd9}", "provider_name": "Microsoft-Windows-Sysmon", "record_id": 3590818, "task": "Process Create (rule: ProcessCreate)", "user": {"domain": "NT AUTHORITY", "identifier": "S-1-5-18", "name": "SYSTEM", "type": "User"}, "version": 5}}
{"@timestamp": "2025-01-09T08:04:44.055Z", "agent": {"ephemeral_id": "bb64d7a7-091c-4137-a687-7e2730f981d8", "hostname": "CLIENT7", "id": "c35095e9-5f9f-4084-a651-3aaa2966847a", "name": "CLIENT7", "type": "winlogbeat", "version": "7.10.2"}, "ecs": {"version": "1.5.0"}, "event": {"action": "Logon", "code": 4624, "created": "2025-01-09T08:06:46.023Z", "kind": "event", "outcome": "success", "provider": "Microsoft-Windows-Security-Auditing"}, "host": {"name": "CLIENT7.breach.local"}, "log": {"level": "information"}, "winlog": {"activity_id": "{1f013968-626d-0000-f339-011f6d62db01}", "api": "wineventlog", "channel": "Security", "computer_name": "CLIENT7.breach.local", "event_data": {"AuthenticationPackageName": "Negotiate", "ElevatedToken": "%%1842", "ImpersonationLevel": "%%1833", "IpAddress": "-", "IpPort": "-", "KeyLength": "0", "LmPackageName": "-", "LogonGuid": "{00000000-0000-0000-0000-000000000000}", "LogonProcessName": "Advapi  ", "LogonType": "5", "ProcessId": "0x270", "ProcessName": "C:\\Windows\\System32\\services.exe", "RestrictedAdminMode": "-", "SubjectDomainName": "BREACH", "SubjectLogonId": "0x3e7", "SubjectUserName": "CLIENT7$", "SubjectUserSid": "S-1-5-18", "TargetDomainName": "NT AUTHORITY", "TargetLinkedLogonId": "0x0", "TargetLogonId": "0x3e7", "TargetOutboundDomainName": "-", "TargetOutboundUserName": "-", "TargetUserName": "SYSTEM", "TargetUserSid": "S-1-5-18", "TransmittedServices": "-", "VirtualAccount": "%%1843", "WorkstationName": "-"}, "event_id": 4624, "keywords": ["Audit Success"], "opcode": "Info", "process": {"pid": 636, "thread": {"id": 2792}}, "provider_guid": "{54849625-5478-4994-a5ba-3e3b0328c30d}", "provider_name": "Microsoft-Windows-Security-Auditing", "record_id": 28827, "task": "Logon", "version": 2}}
{"@timestamp": "2025-01-09T08:04:44.055Z", "agent": {"ephemeral_id": "bb64d7a7-091c-4137-a687-7e2730f981d8", "hostname": "CLIENT7", "id": "c35095e9-5f9f-4084-a651-3aaa2966847a", "name": "CLIENT7", "type": "winlogbeat", "version": "7.10.2"}, "ecs": {"version": "1.5.0"}, "event": {"action": "Special Logon", "code": 4672, "created": "2025-01-09T08:06:46.023Z", "kind": "event", "outcome": "success", "provider": "Microsoft-Windows-Security-Auditing"}, "host": {"name": "CLIENT7.breach.local"}, "log": {"level": "information"}, "winlog": {"activity_id": "{1f013968-626d-0000-f339-011f6d62db01}", "api": "wineventlog", "channel": "Security", "computer_name": "CLIENT7.breach.local", "event_data": {"PrivilegeList": "SeAssignPrimaryTokenPrivilege\n\t\t\tSeTcbPrivilege\n\t\t\tSeSecurityPrivilege\n\t\t\tSeTakeOwnershipPrivilege\n\t\t\tSeLoadDriverPrivilege\n\t\t\tSeBackupPrivilege\n\t\t\tSeRestorePrivilege\n\t\t\tSeDebugPrivilege\n\t\t\tSeAuditPrivilege\n\t\t\tSeSystemEnvironmentPrivilege\n\t\t\tSeImpersonatePrivilege\n\t\t\tSeDelegateSessionUserImpersonatePrivilege", "SubjectDomainName": "NT AUTHORITY", "SubjectLogonId": "0x3e7", "SubjectUserName": "SYSTEM", "SubjectUserSid": "S-1-5-18"}, "event_id": 4672, "keywords": ["Audit Success"], "opcode": "Info", "process": {"pid": 636, "thread": {"id": 2792}}, "provider_guid": "{54849625-5478-4994-a5ba-3e3b0328c30d}", "provider_name": "Microsoft-Windows-Security-Auditing", "record_id": 28828, "task": "Special Logon"}}
