{"@timestamp": "2025-01-09T08:10:10.052Z", "agent": {"ephemeral_id": "bb64d7a7-091c-4137-a687-7e2730f981d8", "hostname": "CLIENT7", "id": "c35095e9-5f9f-4084-a651-3aaa2966847a", "name": "CLIENT7", "type": "winlogbeat", "version": "7.10.2"}, "ecs": {"version": "1.5.0"}, "event": {"action": "Executing Pipeline", "category": ["process"], "code": 4103, "created": "2025-01-09T08:10:10.354Z", "kind": "event", "module": "powershell", "provider": "Microsoft-Windows-PowerShell", "sequence": 156, "type": ["info"]}, "host": {"name": "CLIENT7.breach.local"}, "log": {"level": "information"}, "powershell": {"command": {"invocation_details": [{"related_command": "Get-Content", "type": "CommandInvocation", "value": "\"Get-Content\""}, {"name": "\"Path\"", "related_command": "Get-Content", "type": "ParameterBinding", "value": "\"C:\\Windows\\inf\\c_fscfsmetadataserver.inf\""}], "name": "Get-Content", "type": "Cmdlet"}, "engine": {"version": "5.1.19041.906"}, "id": "Microsoft.PowerShell", "pipeline_id": "1", "process": {"executable_version": "5.1.19041.906"}, "runspace_id": "c7ffc1f4-daa5-46fd-826e-3e529e34b1dd"}, "process": {"args": ["powershell.exe", "-ExecutionPolicy", "Restricted", "-Command", "$Res", "=", "0;", "$Infs", "=", "Get-Item", "-Path", "($env:WinDir", "+", "'\\inf\\*.inf');", "foreach", "($Inf", "in", "$Infs)", "{", "$Data", "=", "Get-Content", "$Inf.FullName;", "if", "($Data", "-match", "'\\[defaultinstall.nt(amd64|arm|arm64|x86)\\]')", "{", "$Res", "=", "1;", "break;", "}", "}", "Write-Host", "'Final", "result:',", "$Res;"], "args_count": 38, "command_line": "powershell.exe -ExecutionPolicy Restricted -Command $Res = 0; $Infs = Get-Item -Path ($env:WinDir + '\\inf\\*.inf'); foreach ($Inf in $Infs) { $Data = Get-Content $Inf.FullName; if ($Data -match '\\[defaultinstall.nt(amd64|arm|arm64|x86)\\]') { $Res = 1; break; } } Write-Host 'Final result:', $Res;", "entity_id": "72deaf58-b38a-4e43-9484-05af2ad85dd5", "title": "ConsoleHost"}, "related": {"user": "SYSTEM"}, "user": {"domain": "BREACH", "name": "SYSTEM"}, "winlog": {"activity_id": "{1f013968-626d-0000-0268-011f6d62db01}", "api": "wineventlog", "channel": "Microsoft-Windows-PowerShell/Operational", "computer_name": "CLIENT7.breach.local", "event_id": 4103, "opcode": "To be used when operation is just executing a method", "process": {"pid": 2840, "thread": {"id": 3128}}, "provider_guid": "{a0c1853b-5c40-4b15-8766-3cf1c58f985a}", "provider_name": "Microsoft-Windows-PowerShell", "record_id": 13180, "task": "Executing Pipeline", "user": {"domain": "NT AUTHORITY", "identifier": "S-1-5-18", "name": "SYSTEM", "type": "User"}, "version": 1}}
{"@timestamp": "2025-01-09T08:10:10.054Z", "agent": {"ephemeral_id": "bb64d7a7-091c-4137-a687-7e2730f981d8", "hostname": "CLIENT7", "id": "c35095e9-5f9f-4084-a651-3aaa2966847a", "name": "CLIENT7", "type": "winlogbeat", "version": "7.10.2"}, "ecs": {"version": "1.5.0"}, "event": {"action": "Executing Pipeline", "category": ["process"], "code": 4103, "created": "2025-01-09T08:10:10.355Z", "kind": "event", "module": "powershell", "provider": "Microsoft-Windows-PowerShell", "sequence": 158, "type": ["info"]}, "host": {"name": "CLIENT7.breach.local"}, "log": {"level": "information"}, "powershell": {"command": {"invocation_details": [{"related_command": "Get-Content", "type": "CommandInvocation", "value": "\"Get-Content\""}, {"name": "\"Path\"", "related_command": "Get-Content", "type": "ParameterBinding", "value": "\"C:\\Windows\\inf\\c_fscompression.inf\""}], "name": "Get-Content", "type": "Cmdlet"}, "engine": {"version": "5.1.19041.906"}, "id": "Microsoft.PowerShell", "pipeline_id": "1", "process": {"executable_version": "5.1.19041.906"}, "runspace_id": "c7ffc1f4-daa5-46fd-826e-3e529e34b1dd"}, "process": {"args": ["powershell.exe", "-ExecutionPolicy", "Restricted", "-Command", "$Res", "=", "0;", "$Infs", "=", "Get-Item", "-Path", "($env:WinDir", "+", "'\\inf\\*.inf');", "foreach", "($Inf", "in", "$Infs)", "{", "$Data", "=", "Get-Content", "$Inf.FullName;", "if", "($Data", "-match", "'\\[defaultinstall.nt(amd64|arm|arm64|x86)\\]')", "{", "$Res", "=", "1;", "break;", "}", "}", "Write-Host", "'Final", "result:',", "$Res;"], "args_count": 38, "command_line": "powershell.exe -ExecutionPolicy Restricted -Command $Res = 0; $Infs = Get-Item -Path ($env:WinDir + '\\inf\\*.inf'); foreach ($Inf in $Infs) { $Data = Get-Content $Inf.FullName; if ($Data -match '\\[defaultinstall.nt(amd64|arm|arm64|x86)\\]') { $Res = 1; break; } } Write-Host 'Final result:', $Res;", "entity_id": "72deaf58-b38a-4e43-9484-05af2ad85dd5", "title": "ConsoleHost"}, "related": {"user": "SYSTEM"}, "user": {"domain": "BREACH", "name": "SYSTEM"}, "winlog": {"activity_id": "{1f013968-626d-0000-0368-011f6d62db01}", "api": "wineventlog", "channel": "Microsoft-Windows-PowerShell/Operational", "computer_name": "CLIENT7.breach.local", "event_id": 4103, "opcode": "To be used when operation is just executing a method", "process": {"pid": 2840, "thread": {"id": 3128}}, "provider_guid": "{a0c1853b-5c40-4b15-8766-3cf1c58f985a}", "provider_name": "Microsoft-Windows-PowerShell", "record_id": 13181, "task": "Executing Pipeline", "user": {"domain": "NT AUTHORITY", "identifier": "S-1-5-18", "name": "SYSTEM", "type": "User"}, "version": 1}}
{"@timestamp": "2025-01-09T08:10:10.055Z", "agent": {"ephemeral_id": "bb64d7a7-091c-4137-a687-7e2730f981d8", "hostname": "CLIENT7", "id": "c35095e9-5f9f-4084-a651-3aaa2966847a", "name": "CLIENT7", "type": "winlogbeat", "version": "7.10.2"}, "ecs": {"version": "1.5.0"}, "event": {"action": "Executing Pipeline", "category": ["process"], "code": 4103, "created": "2025-01-09T08:10:10.355Z", "kind": "event", "module": "powershell", "provider": "Microsoft-Windows-PowerShell", "sequence": 160, "type": ["info"]}, "host": {"name": "CLIENT7.breach.local"}, "log": {"level": "information"}, "powershell": {"command": {"invocation_details": [{"related_command": "Get-Content", "type": "CommandInvocation", "value": "\"Get-Content\""}, {"name": "\"Path\"", "related_command": "Get-Content", "type": "ParameterBinding", "value": "\"C:\\Windows\\inf\\c_fscontentscreener.inf\""}], "name": "Get-Content", "type": "Cmdlet"}, "engine": {"version": "5.1.19041.906"}, "id": "Microsoft.PowerShell", "pipeline_id": "1", "process": {"executable_version": "5.1.19041.906"}, "runspace_id": "c7ffc1f4-daa5-46fd-826e-3e529e34b1dd"}, "process": {"args": ["powershell.exe", "-ExecutionPolicy", "Restricted", "-Command", "$Res", "=", "0;", "$Infs", "=", "Get-Item", "-Path", "($env:WinDir", "+", "'\\inf\\*.inf');", "foreach", "($Inf", "in", "$Infs)", "{", "$Data", "=", "Get-Content", "$Inf.FullName;", "if", "($Data", "-match", "'\\[defaultinstall.nt(amd64|arm|arm64|x86)\\]')", "{", "$Res", "=", "1;", "break;", "}", "}", "Write-Host", "'Final", "result:',", "$Res;"], "args_count": 38, "command_line": "powershell.exe -ExecutionPolicy Restricted -Command $Res = 0; $Infs = Get-Item -Path ($env:WinDir + '\\inf\\*.inf'); foreach ($Inf in $Infs) { $Data = Get-Content $Inf.FullName; if ($Data -match '\\[defaultinstall.nt(amd64|arm|arm64|x86)\\]') { $Res = 1; break; } } Write-Host 'Final result:', $Res;", "entity_id": "72deaf58-b38a-4e43-9484-05af2ad85dd5", "title": "ConsoleHost"}, "related": {"user": "SYSTEM"}, "user": {"domain": "BREACH", "name": "SYSTEM"}, "winlog": {"activity_id": "{1f013968-626d-0000-0468-011f6d62db01}", "api": "wineventlog", "channel": "Microsoft-Windows-PowerShell/Operational", "computer_name": "CLIENT7.breach.local", "event_id": 4103, "opcode": "To be used when operation is just executing a method", "process": {"pid": 2840, "thread": {"id": 3128}}, "provider_guid": "{a0c1853b-5c40-4b15-8766-3cf1c58f985a}", "provider_name": "Microsoft-Windows-PowerShell", "record_id": 13182, "task": "Executing Pipeline", "user": {"domain": "NT AUTHORITY", "identifier": "S-1-5-18", "name": "SYSTEM", "type": "User"}, "version": 1}}
{"@timestamp": "2025-01-09T08:10:10.056Z", "agent": {"ephemeral_id": "bb64d7a7-091c-4137-a687-7e2730f981d8", "hostname": "CLIENT7", "id": "c35095e9-5f9f-4084-a651-3aaa2966847a", "name": "CLIENT7", "type": "winlogbeat", "version": "7.10.2"}, "ecs": {"version": "1.5.0"}, "event": {"action": "Executing Pipeline", "category": ["process"], "code": 4103, "created": "2025-01-09T08:10:10.356Z", "kind": "event", "module": "powershell", "provider": "Microsoft-Windows-PowerShell", "sequence": 162, "type": ["info"]}, "host": {"name": "CLIENT7.breach.local"}, "log": {"level": "information"}, "powershell": {"command": {"invocation_details": [{"related_command": "Get-Content", "type": "CommandInvocation", "value": "\"Get-Content\""}, {"name": "\"Path\"", "related_command": "Get-Content", "type": "ParameterBinding", "value": "\"C:\\Windows\\inf\\c_fscontinuousbackup.inf\""}], "name": "Get-Content", "type": "Cmdlet"}, "engine": {"version": "5.1.19041.906"}, "id": "Microsoft.PowerShell", "pipeline_id": "1", "process": {"executable_version": "5.1.19041.906"}, "runspace_id": "c7ffc1f4-daa5-46fd-826e-3e529e34b1dd"}, "process": {"args": ["powershell.exe", "-ExecutionPolicy", "Restricted", "-Command", "$Res", "=", "0;", "$Infs", "=", "Get-Item", "-Path", "($env:WinDir", "+", "'\\inf\\*.inf');", "foreach", "($Inf", "in", "$Infs)", "{", "$Data", "=", "Get-Content", "$Inf.FullName;", "if", "($Data", "-match", "'\\[defaultinstall.nt(amd64|arm|arm64|x86)\\]')", "{", "$Res", "=", "1;", "break;", "}", "}", "Write-Host", "'Final", "result:',", "$Res;"], "args_count": 38, "command_line": "powershell.exe -ExecutionPolicy Restricted -Command $Res = 0; $Infs = Get-Item -Path ($env:WinDir + '\\inf\\*.inf'); foreach ($Inf in $Infs) { $Data = Get-Content $Inf.FullName; if ($Data -match '\\[defaultinstall.nt(amd64|arm|arm64|x86)\\]') { $Res = 1; break; } } Write-Host 'Final result:', $Res;", "entity_id": "72deaf58-b38a-4e43-9484-05af2ad85dd5", "title": "ConsoleHost"}, "related": {"user": "SYSTEM"}, "user": {"domain": "BREACH", "name": "SYSTEM"}, "winlog": {"activity_id": "{1f013968-626d-0000-0568-011f6d62db01}", "api": "wineventlog", "channel": "Microsoft-Windows-PowerShell/Operational", "computer_name": "CLIENT7.breach.local", "event_id": 4103, "opcode": "To be used when operation is just executing a method", "process": {"pid": 2840, "thread": {"id": 3128}}, "provider_guid": "{a0c1853b-5c40-4b15-8766-3cf1c58f985a}", "provider_name": "Microsoft-Windows-PowerShell", "record_id": 13183, "task": "Executing Pipeline", "user": {"domain": "NT AUTHORITY", "identifier": "S-1-5-18", "name": "SYSTEM", "type": "User"}, "version": 1}}
{"@timestamp": "2025-01-09T08:10:10.057Z", "agent": {"ephemeral_id": "bb64d7a7-091c-4137-a687-7e2730f981d8", "hostname": "CLIENT7", "id": "c35095e9-5f9f-4084-a651-3aaa2966847a", "name": "CLIENT7", "type": "winlogbeat", "version": "7.10.2"}, "ecs": {"version": "1.5.0"}, "event": {"action": "Executing Pipeline", "category": ["process"], "code": 4103, "created": "2025-01-09T08:10:10.356Z", "kind": "event", "module": "powershell", "provider": "Microsoft-Windows-PowerShell", "sequence": 164, "type": ["info"]}, "host": {"name": "CLIENT7.breach.local"}, "log": {"level": "information"}, "powershell": {"command": {"invocation_details": [{"related_command": "Get-Content", "type": "CommandInvocation", "value": "\"Get-Content\""}, {"name": "\"Path\"", "related_command": "Get-Content", "type": "ParameterBinding", "value": "\"C:\\Windows\\inf\\c_fscopyprotection.inf\""}], "name": "Get-Content", "type": "Cmdlet"}, "engine": {"version": "5.1.19041.906"}, "id": "Microsoft.PowerShell", "pipeline_id": "1", "process": {"executable_version": "5.1.19041.906"}, "runspace_id": "c7ffc1f4-daa5-46fd-826e-3e529e34b1dd"}, "process": {"args": ["powershell.exe", "-ExecutionPolicy", "Restricted", "-Command", "$Res", "=", "0;", "$Infs", "=", "Get-Item", "-Path", "($env:WinDir", "+", "'\\inf\\*.inf');", "foreach", "($Inf", "in", "$Infs)", "{", "$Data", "=", "Get-Content", "$Inf.FullName;", "if", "($Data", "-match", "'\\[defaultinstall.nt(amd64|arm|arm64|x86)\\]')", "{", "$Res", "=", "1;", "break;", "}", "}", "Write-Host", "'Final", "result:',", "$Res;"], "args_count": 38, "command_line": "powershell.exe -ExecutionPolicy Restricted -Command $Res = 0; $Infs = Get-Item -Path ($env:WinDir + '\\inf\\*.inf'); foreach ($Inf in $Infs) { $Data = Get-Content $Inf.FullName; if ($Data -match '\\[defaultinstall.nt(amd64|arm|arm64|x86)\\]') { $Res = 1; break; } } Write-Host 'Final result:', $Res;", "entity_id": "72deaf58-b38a-4e43-9484-05af2ad85dd5", "title": "ConsoleHost"}, "related": {"user": "SYSTEM"}, "user": {"domain": "BREACH", "name": "SYSTEM"}, "winlog": {"activity_id": "{1f013968-626d-0000-0668-011f6d62db01}", "api": "wineventlog", "channel": "Microsoft-Windows-PowerShell/Operational", "computer_name": "CLIENT7.breach.local", "event_id": 4103, "opcode": "To be used when operation is just executing a method", "process": {"pid": 2840, "thread": {"id": 3128}}, "provider_guid": "{a0c1853b-5c40-4b15-8766-3cf1c58f985a}", "provider_name": "Microsoft-Windows-PowerShell", "record_id": 13184, "task": "Executing Pipeline", "user": {"domain": "NT AUTHORITY", "identifier": "S-1-5-18", "name": "SYSTEM", "type": "User"}, "version": 1}}
{"@timestamp": "2025-01-09T08:10:10.058Z", "agent": {"ephemeral_id": "bb64d7a7-091c-4137-a687-7e2730f981d8", "hostname": "CLIENT7", "id": "c35095e9-5f9f-4084-a651-3aaa2966847a", "name": "CLIENT7", "type": "winlogbeat", "version": "7.10.2"}, "ecs": {"version": "1.5.0"}, "event": {"action": "Executing Pipeline", "category": ["process"], "code": 4103, "created": "2025-01-09T08:10:10.357Z", "kind": "event", "module": "powershell", "provider": "Microsoft-Windows-PowerShell", "sequence": 166, "type": ["info"]}, "host": {"name": "CLIENT7.breach.local"}, "log": {"level": "information"}, "powershell": {"command": {"invocation_details": [{"related_command": "Get-Content", "type": "CommandInvocation", "value": "\"Get-Content\""}, {"name": "\"Path\"", "related_command": "Get-Content", "type": "ParameterBinding", "value": "\"C:\\Windows\\inf\\c_fsencryption.inf\""}], "name": "Get-Content", "type": "Cmdlet"}, "engine": {"version": "5.1.19041.906"}, "id": "Microsoft.PowerShell", "pipeline_id": "1", "process": {"executable_version": "5.1.19041.906"}, "runspace_id": "c7ffc1f4-daa5-46fd-826e-3e529e34b1dd"}, "process": {"args": ["powershell.exe", "-ExecutionPolicy", "Restricted", "-Command", "$Res", "=", "0;", "$Infs", "=", "Get-Item", "-Path", "($env:WinDir", "+", "'\\inf\\*.inf');", "foreach", "($Inf", "in", "$Infs)", "{", "$Data", "=", "Get-Content", "$Inf.FullName;", "if", "($Data", "-match", "'\\[defaultinstall.nt(amd64|arm|arm64|x86)\\]')", "{", "$Res", "=", "1;", "break;", "}", "}", "Write-Host", "'Final", "result:',", "$Res;"], "args_count": 38, "command_line": "powershell.exe -ExecutionPolicy Restricted -Command $Res = 0; $Infs = Get-Item -Path ($env:WinDir + '\\inf\\*.inf'); foreach ($Inf in $Infs) { $Data = Get-Content $Inf.FullName; if ($Data -match '\\[defaultinstall.nt(amd64|arm|arm64|x86)\\]') { $Res = 1; break; } } Write-Host 'Final result:', $Res;", "entity_id": "72deaf58-b38a-4e43-9484-05af2ad85dd5", "title": "ConsoleHost"}, "related": {"user": "SYSTEM"}, "user": {"domain": "BREACH", "name": "SYSTEM"}, "winlog": {"activity_id": "{1f013968-626d-0000-0768-011f6d62db01}", "api": "wineventlog", "channel": "Microsoft-Windows-PowerShell/Operational", "computer_name": "CLIENT7.breach.local", "event_id": 4103, "opcode": "To be used when operation is just executing a method", "process": {"pid": 2840, "thread": {"id": 3128}}, "provider_guid": "{a0c1853b-5c40-4b15-8766-3cf1c58f985a}", "provider_name": "Microsoft-Windows-PowerShell", "record_id": 13185, "task": "Executing Pipeline", "user": {"domain": "NT AUTHORITY", "identifier": "S-1-5-18", "name": "SYSTEM", "type": "User"}, "version": 1}}
{"@timestamp": "2025-01-09T08:10:10.059Z", "agent": {"ephemeral_id": "bb64d7a7-091c-4137-a687-7e2730f981d8", "hostname": "CLIENT7", "id": "c35095e9-5f9f-4084-a651-3aaa2966847a", "name": "CLIENT7", "type": "winlogbeat", "version": "7.10.2"}, "ecs": {"version": "1.5.0"}, "event": {"action": "Executing Pipeline", "category": ["process"], "code": 4103, "created": "2025-01-09T08:10:10.358Z", "kind": "event", "module": "powershell", "provider": "Microsoft-Windows-PowerShell", "sequence": 168, "type": ["info"]}, "host": {"name": "CLIENT7.breach.local"}, "log": {"level": "information"}, "powershell": {"command": {"invocation_details": [{"related_command": "Get-Content", "type": "CommandInvocation", "value": "\"Get-Content\""}, {"name": "\"Path\"", "related_command": "Get-Content", "type": "ParameterBinding", "value": "\"C:\\Windows\\inf\\c_fshsm.inf\""}], "name": "Get-Content", "type": "Cmdlet"}, "engine": {"version": "5.1.19041.906"}, "id": "Microsoft.PowerShell", "pipeline_id": "1", "process": {"executable_version": "5.1.19041.906"}, "runspace_id": "c7ffc1f4-daa5-46fd-826e-3e529e34b1dd"}, "process": {"args": ["powershell.exe", "-ExecutionPolicy", "Restricted", "-Command", "$Res", "=", "0;", "$Infs", "=", "Get-Item", "-Path", "($env:WinDir", "+", "'\\inf\\*.inf');", "foreach", "($Inf", "in", "$Infs)", "{", "$Data", "=", "Get-Content", "$Inf.FullName;", "if", "($Data", "-match", "'\\[defaultinstall.nt(amd64|arm|arm64|x86)\\]')", "{", "$Res", "=", "1;", "break;", "}", "}", "Write-Host", "'Final", "result:',", "$Res;"], "args_count": 38, "command_line": "powershell.exe -ExecutionPolicy Restricted -Command $Res = 0; $Infs = Get-Item -Path ($env:WinDir + '\\inf\\*.inf'); foreach ($Inf in $Infs) { $Data = Get-Content $Inf.FullName; if ($Data -match '\\[defaultinstall.nt(amd64|arm|arm64|x86)\\]') { $Res = 1; break; } } Write-Host 'Final result:', $Res;", "entity_id": "72deaf58-b38a-4e43-9484-05af2ad85dd5", "title": "ConsoleHost"}, "related": {"user": "SYSTEM"}, "user": {"domain": "BREACH", "name": "SYSTEM"}, "winlog": {"activity_id": "{1f013968-626d-0000-0868-011f6d62db01}", "api": "wineventlog", "channel": "Microsoft-Windows-PowerShell/Operational", "computer_name": "CLIENT7.breach.local", "event_id": 4103, "opcode": "To be used when operation is just executing a method", "process": {"pid": 2840, "thread": {"id": 3128}}, "provider_guid": "{a0c1853b-5c40-4b15-8766-3cf1c58f985a}", "provider_name": "Microsoft-Windows-PowerShell", "record_id": 13186, "task": "Executing Pipeline", "user": {"domain": "NT AUTHORITY", "identifier": "S-1-5-18", "name": "SYSTEM", "type": "User"}, "version": 1}}
{"@timestamp": "2025-01-09T08:10:10.060Z", "agent": {"ephemeral_id": "bb64d7a7-091c-4137-a687-7e2730f981d8", "hostname": "CLIENT7", "id": "c35095e9-5f9f-4084-a651-3aaa2966847a", "name": "CLIENT7", "type": "winlogbeat", "version": "7.10.2"}, "ecs": {"version": "1.5.0"}, "event": {"action": "Executing Pipeline", "category": ["process"], "code": 4103, "created": "2025-01-09T08:10:10.358Z", "kind": "event", "module": "powershell", "provider": "Microsoft-Windows-PowerShell", "sequence": 170, "type": ["info"]}, "host": {"name": "CLIENT7.breach.local"}, "log": {"level": "information"}, "powershell": {"command": {"invocation_details": [{"related_command": "Get-Content", "type": "CommandInvocation", "value": "\"Get-Content\""}, {"name": "\"Path\"", "related_command": "Get-Content", "type": "ParameterBinding", "value": "\"C:\\Windows\\inf\\c_fsinfrastructure.inf\""}], "name": "Get-Content", "type": "Cmdlet"}, "engine": {"version": "5.1.19041.906"}, "id": "Microsoft.PowerShell", "pipeline_id": "1", "process": {"executable_version": "5.1.19041.906"}, "runspace_id": "c7ffc1f4-daa5-46fd-826e-3e529e34b1dd"}, "process": {"args": ["powershell.exe", "-ExecutionPolicy", "Restricted", "-Command", "$Res", "=", "0;", "$Infs", "=", "Get-Item", "-Path", "($env:WinDir", "+", "'\\inf\\*.inf');", "foreach", "($Inf", "in", "$Infs)", "{", "$Data", "=", "Get-Content", "$Inf.FullName;", "if", "($Data", "-match", "'\\[defaultinstall.nt(amd64|arm|arm64|x86)\\]')", "{", "$Res", "=", "1;", "break;", "}", "}", "Write-Host", "'Final", "result:',", "$Res;"], "args_count": 38, "command_line": "powershell.exe -ExecutionPolicy Restricted -Command $Res = 0; $Infs = Get-Item -Path ($env:WinDir + '\\inf\\*.inf'); foreach ($Inf in $Infs) { $Data = Get-Content $Inf.FullName; if ($Data -match '\\[defaultinstall.nt(amd64|arm|arm64|x86)\\]') { $Res = 1; break; } } Write-Host 'Final result:', $Res;", "entity_id": "72deaf58-b38a-4e43-9484-05af2ad85dd5", "title": "ConsoleHost"}, "related": {"user": "SYSTEM"}, "user": {"domain": "BREACH", "name": "SYSTEM"}, "winlog": {"activity_id": "{1f013968-626d-0000-0968-011f6d62db01}", "api": "wineventlog", "channel": "Microsoft-Windows-PowerShell/Operational", "computer_name": "CLIENT7.breach.local", "event_id": 4103, "opcode": "To be used when operation is just executing a method", "process": {"pid": 2840, "thread": {"id": 3128}}, "provider_guid": "{a0c1853b-5c40-4b15-8766-3cf1c58f985a}", "provider_name": "Microsoft-Windows-PowerShell", "record_id": 13187, "task": "Executing Pipeline", "user": {"domain": "NT AUTHORITY", "identifier": "S-1-5-18", "name": "SYSTEM", "type": "User"}, "version": 1}}
{"@timestamp": "2025-01-09T08:10:10.061Z", "agent": {"ephemeral_id": "bb64d7a7-091c-4137-a687-7e2730f981d8", "hostname": "CLIENT7", "id": "c35095e9-5f9f-4084-a651-3aaa2966847a", "name": "CLIENT7", "type": "winlogbeat", "version": "7.10.2"}, "ecs": {"version": "1.5.0"}, "event": {"action": "Executing Pipeline", "category": ["process"], "code": 4103, "created": "2025-01-09T08:10:10.359Z", "kind": "event", "module": "powershell", "provider": "Microsoft-Windows-PowerShell", "sequence": 172, "type": ["info"]}, "host": {"name": "CLIENT7.breach.local"}, "log": {"level": "information"}, "powershell": {"command": {"invocation_details": [{"related_command": "Get-Content", "type": "CommandInvocation", "value": "\"Get-Content\""}, {"name": "\"Path\"", "related_command": "Get-Content", "type": "ParameterBinding", "value": "\"C:\\Windows\\inf\\c_fsopenfilebackup.inf\""}], "name": "Get-Content", "type": "Cmdlet"}, "engine": {"version": "5.1.19041.906"}, "id": "Microsoft.PowerShell", "pipeline_id": "1", "process": {"executable_version": "5.1.19041.906"}, "runspace_id": "c7ffc1f4-daa5-46fd-826e-3e529e34b1dd"}, "process": {"args": ["powershell.exe", "-ExecutionPolicy", "Restricted", "-Command", "$Res", "=", "0;", "$Infs", "=", "Get-Item", "-Path", "($env:WinDir", "+", "'\\inf\\*.inf');", "foreach", "($Inf", "in", "$Infs)", "{", "$Data", "=", "Get-Content", "$Inf.FullName;", "if", "($Data", "-match", "'\\[defaultinstall.nt(amd64|arm|arm64|x86)\\]')", "{", "$Res", "=", "1;", "break;", "}", "}", "Write-Host", "'Final", "result:',", "$Res;"], "args_count": 38, "command_line": "powershell.exe -ExecutionPolicy Restricted -Command $Res = 0; $Infs = Get-Item -Path ($env:WinDir + '\\inf\\*.inf'); foreach ($Inf in $Infs) { $Data = Get-Content $Inf.FullName; if ($Data -match '\\[defaultinstall.nt(amd64|arm|arm64|x86)\\]') { $Res = 1; break; } } Write-Host 'Final result:', $Res;", "entity_id": "72deaf58-b38a-4e43-9484-05af2ad85dd5", "title": "ConsoleHost"}, "related": {"user": "SYSTEM"}, "user": {"domain": "BREACH", "name": "SYSTEM"}, "winlog": {"activity_id": "{1f013968-626d-0000-0a68-011f6d62db01}", "api": "wineventlog", "channel": "Microsoft-Windows-PowerShell/Operational", "computer_name": "CLIENT7.breach.local", "event_id": 4103, "opcode": "To be used when operation is just executing a method", "process": {"pid": 2840, "thread": {"id": 3128}}, "provider_guid": "{a0c1853b-5c40-4b15-8766-3cf1c58f985a}", "provider_name": "Microsoft-Windows-PowerShell", "record_id": 13188, "task": "Executing Pipeline", "user": {"domain": "NT AUTHORITY", "identifier": "S-1-5-18", "name": "SYSTEM", "type": "User"}, "version": 1}}
{"@timestamp": "2025-01-09T08:10:10.062Z", "agent": {"ephemeral_id": "bb64d7a7-091c-4137-a687-7e2730f981d8", "hostname": "CLIENT7", "id": "c35095e9-5f9f-4084-a651-3aaa2966847a", "name": "CLIENT7", "type": "winlogbeat", "version": "7.10.2"}, "ecs": {"version": "1.5.0"}, "event": {"action": "Executing Pipeline", "category": ["process"], "code": 4103, "created": "2025-01-09T08:10:10.359Z", "kind": "event", "module": "powershell", "provider": "Microsoft-Windows-PowerShell", "sequence": 174, "type": ["info"]}, "host": {"name": "CLIENT7.breach.local"}, "log": {"level": "information"}, "powershell": {"command": {"invocation_details": [{"related_command": "Get-Content", "type": "CommandInvocation", "value": "\"Get-Content\""}, {"name": "\"Path\"", "related_command": "Get-Content", "type": "ParameterBinding", "value": "\"C:\\Windows\\inf\\c_fsphysicalquotamgmt.inf\""}], "name": "Get-Content", "type": "Cmdlet"}, "engine": {"version": "5.1.19041.906"}, "id": "Microsoft.PowerShell", "pipeline_id": "1", "process": {"executable_version": "5.1.19041.906"}, "runspace_id": "c7ffc1f4-daa5-46fd-826e-3e529e34b1dd"}, "process": {"args": ["powershell.exe", "-ExecutionPolicy", "Restricted", "-Command", "$Res", "=", "0;", "$Infs", "=", "Get-Item", "-Path", "($env:WinDir", "+", "'\\inf\\*.inf');", "foreach", "($Inf", "in", "$Infs)", "{", "$Data", "=", "Get-Content", "$Inf.FullName;", "if", "($Data", "-match", "'\\[defaultinstall.nt(amd64|arm|arm64|x86)\\]')", "{", "$Res", "=", "1;", "break;", "}", "}", "Write-Host", "'Final", "result:',", "$Res;"], "args_count": 38, "command_line": "powershell.exe -ExecutionPolicy Restricted -Command $Res = 0; $Infs = Get-Item -Path ($env:WinDir + '\\inf\\*.inf'); foreach ($Inf in $Infs) { $Data = Get-Content $Inf.FullName; if ($Data -match '\\[defaultinstall.nt(amd64|arm|arm64|x86)\\]') { $Res = 1; break; } } Write-Host 'Final result:', $Res;", "entity_id": "72deaf58-b38a-4e43-9484-05af2ad85dd5", "title": "ConsoleHost"}, "related": {"user": "SYSTEM"}, "user": {"domain": "BREACH", "name": "SYSTEM"}, "winlog": {"activity_id": "{1f013968-626d-0000-0b68-011f6d62db01}", "api": "wineventlog", "channel": "Microsoft-Windows-PowerShell/Operational", "computer_name": "CLIENT7.breach.local", "event_id": 4103, "opcode": "To be used when operation is just executing a method", "process": {"pid": 2840, "thread": {"id": 3128}}, "provider_guid": "{a0c1853b-5c40-4b15-8766-3cf1c58f985a}", "provider_name": "Microsoft-Windows-PowerShell", "record_id": 13189, "task": "Executing Pipeline", "user": {"domain": "NT AUTHORITY", "identifier": "S-1-5-18", "name": "SYSTEM", "type": "User"}, "version": 1}}
{"@timestamp": "2025-01-09T08:10:10.063Z", "agent": {"ephemeral_id": "bb64d7a7-091c-4137-a687-7e2730f981d8", "hostname": "CLIENT7", "id": "c35095e9-5f9f-4084-a651-3aaa2966847a", "name": "CLIENT7", "type": "winlogbeat", "version": "7.10.2"}, "ecs": {"version": "1.5.0"}, "event": {"action": "Executing Pipeline", "category": ["process"], "code": 4103, "created": "2025-01-09T08:10:10.361Z", "kind": "event", "module": "powershell", "provider": "Microsoft-Windows-PowerShell", "sequence": 176, "type": ["info"]}, "host": {"name": "CLIENT7.breach.local"}, "log": {"level": "information"}, "powershell": {"command": {"invocation_details": [{"related_command": "Get-Content", "type": "CommandInvocation", "value": "\"Get-Content\""}, {"name": "\"Path\"", "related_command": "Get-Content", "type": "ParameterBinding", "value": "\"C:\\Windows\\inf\\c_fsquotamgmt.inf\""}], "name": "Get-Content", "type": "Cmdlet"}, "engine": {"version": "5.1.19041.906"}, "id": "Microsoft.PowerShell", "pipeline_id": "1", "process": {"executable_version": "5.1.19041.906"}, "runspace_id": "c7ffc1f4-daa5-46fd-826e-3e529e34b1dd"}, "process": {"args": ["powershell.exe", "-ExecutionPolicy", "Restricted", "-Command", "$Res", "=", "0;", "$Infs", "=", "Get-Item", "-Path", "($env:WinDir", "+", "'\\inf\\*.inf');", "foreach", "($Inf", "in", "$Infs)", "{", "$Data", "=", "Get-Content", "$Inf.FullName;", "if", "($Data", "-match", "'\\[defaultinstall.nt(amd64|arm|arm64|x86)\\]')", "{", "$Res", "=", "1;", "break;", "}", "}", "Write-Host", "'Final", "result:',", "$Res;"], "args_count": 38, "command_line": "powershell.exe -ExecutionPolicy Restricted -Command $Res = 0; $Infs = Get-Item -Path ($env:WinDir + '\\inf\\*.inf'); foreach ($Inf in $Infs) { $Data = Get-Content $Inf.FullName; if ($Data -match '\\[defaultinstall.nt(amd64|arm|arm64|x86)\\]') { $Res = 1; break; } } Write-Host 'Final result:', $Res;", "entity_id": "72deaf58-b38a-4e43-9484-05af2ad85dd5", "title": "ConsoleHost"}, "related": {"user": "SYSTEM"}, "user": {"domain": "BREACH", "name": "SYSTEM"}, "winlog": {"activity_id": "{1f013968-626d-0000-0c68-011f6d62db01}", "api": "wineventlog", "channel": "Microsoft-Windows-PowerShell/Operational", "computer_name": "CLIENT7.breach.local", "event_id": 4103, "opcode": "To be used when operation is just executing a method", "process": {"pid": 2840, "thread": {"id": 3128}}, "provider_guid": "{a0c1853b-5c40-4b15-8766-3cf1c58f985a}", "provider_name": "Microsoft-Windows-PowerShell", "record_id": 13190, "task": "Executing Pipeline", "user": {"domain": "NT AUTHORITY", "identifier": "S-1-5-18", "name": "SYSTEM", "type": "User"}, "version": 1}}
{"@timestamp": "2025-01-09T08:10:10.064Z", "agent": {"ephemeral_id": "bb64d7a7-091c-4137-a687-7e2730f981d8", "hostname": "CLIENT7", "id": "c35095e9-5f9f-4084-a651-3aaa2966847a", "name": "CLIENT7", "type": "winlogbeat", "version": "7.10.2"}, "ecs": {"version": "1.5.0"}, "event": {"action": "Executing Pipeline", "category": ["process"], "code": 4103, "created": "2025-01-09T08:10:10.361Z", "kind": "event", "module": "powershell", "provider": "Microsoft-Windows-PowerShell", "sequence": 178, "type": ["info"]}, "host": {"name": "CLIENT7.breach.local"}, "log": {"level": "information"}, "powershell": {"command": {"invocation_details": [{"related_command": "Get-Content", "type": "CommandInvocation", "value": "\"Get-Content\""}, {"name": "\"Path\"", "related_command": "Get-Content", "type": "ParameterBinding", "value": "\"C:\\Windows\\inf\\c_fsreplication.inf\""}], "name": "Get-Content", "type": "Cmdlet"}, "engine": {"version": "5.1.19041.906"}, "id": "Microsoft.PowerShell", "pipeline_id": "1", "process": {"executable_version": "5.1.19041.906"}, "runspace_id": "c7ffc1f4-daa5-46fd-826e-3e529e34b1dd"}, "process": {"args": ["powershell.exe", "-ExecutionPolicy", "Restricted", "-Command", "$Res", "=", "0;", "$Infs", "=", "Get-Item", "-Path", "($env:WinDir", "+", "'\\inf\\*.inf');", "foreach", "($Inf", "in", "$Infs)", "{", "$Data", "=", "Get-Content", "$Inf.FullName;", "if", "($Data", "-match", "'\\[defaultinstall.nt(amd64|arm|arm64|x86)\\]')", "{", "$Res", "=", "1;", "break;", "}", "}", "Write-Host", "'Final", "result:',", "$Res;"], "args_count": 38, "command_line": "powershell.exe -ExecutionPolicy Restricted -Command $Res = 0; $Infs = Get-Item -Path ($env:WinDir + '\\inf\\*.inf'); foreach ($Inf in $Infs) { $Data = Get-Content $Inf.FullName; if ($Data -match '\\[defaultinstall.nt(amd64|arm|arm64|x86)\\]') { $Res = 1; break; } } Write-Host 'Final result:', $Res;", "entity_id": "72deaf58-b38a-4e43-9484-05af2ad85dd5", "title": "ConsoleHost"}, "related": {"user": "SYSTEM"}, "user": {"domain": "BREACH", "name": "SYSTEM"}, "winlog": {"activity_id": "{1f013968-626d-0000-0d68-011f6d62db01}", "api": "wineventlog", "channel": "Microsoft-Windows-PowerShell/Operational", "computer_name": "CLIENT7.breach.local", "event_id": 4103, "opcode": "To be used when operation is just executing a method", "process": {"pid": 2840, "thread": {"id": 3128}}, "provider_guid": "{a0c1853b-5c40-4b15-8766-3cf1c58f985a}", "provider_name": "Microsoft-Windows-PowerShell", "record_id": 13191, "task": "Executing Pipeline", "user": {"domain": "NT AUTHORITY", "identifier": "S-1-5-18", "name": "SYSTEM", "type": "User"}, "version": 1}}
{"@timestamp": "2025-01-09T08:10:10.065Z", "agent": {"ephemeral_id": "bb64d7a7-091c-4137-a687-7e2730f981d8", "hostname": "CLIENT7", "id": "c35095e9-5f9f-4084-a651-3aaa2966847a", "name": "CLIENT7", "type": "winlogbeat", "version": "7.10.2"}, "ecs": {"version": "1.5.0"}, "event": {"action": "Executing Pipeline", "category": ["process"], "code": 4103, "created": "2025-01-09T08:10:10.362Z", "kind": "event", "module": "powershell", "provider": "Microsoft-Windows-PowerShell", "sequence": 180, "type": ["info"]}, "host": {"name": "CLIENT7.breach.local"}, "log": {"level": "information"}, "powershell": {"command": {"invocation_details": [{"related_command": "Get-Content", "type": "CommandInvocation", "value": "\"Get-Content\""}, {"name": "\"Path\"", "related_command": "Get-Content", "type": "ParameterBinding", "value": "\"C:\\Windows\\inf\\c_fssecurityenhancer.inf\""}], "name": "Get-Content", "type": "Cmdlet"}, "engine": {"version": "5.1.19041.906"}, "id": "Microsoft.PowerShell", "pipeline_id": "1", "process": {"executable_version": "5.1.19041.906"}, "runspace_id": "c7ffc1f4-daa5-46fd-826e-3e529e34b1dd"}, "process": {"args": ["powershell.exe", "-ExecutionPolicy", "Restricted", "-Command", "$Res", "=", "0;", "$Infs", "=", "Get-Item", "-Path", "($env:WinDir", "+", "'\\inf\\*.inf');", "foreach", "($Inf", "in", "$Infs)", "{", "$Data", "=", "Get-Content", "$Inf.FullName;", "if", "($Data", "-match", "'\\[defaultinstall.nt(amd64|arm|arm64|x86)\\]')", "{", "$Res", "=", "1;", "break;", "}", "}", "Write-Host", "'Final", "result:',", "$Res;"], "args_count": 38, "command_line": "powershell.exe -ExecutionPolicy Restricted -Command $Res = 0; $Infs = Get-Item -Path ($env:WinDir + '\\inf\\*.inf'); foreach ($Inf in $Infs) { $Data = Get-Content $Inf.FullName; if ($Data -match '\\[defaultinstall.nt(amd64|arm|arm64|x86)\\]') { $Res = 1; break; } } Write-Host 'Final result:', $Res;", "entity_id": "72deaf58-b38a-4e43-9484-05af2ad85dd5", "title": "ConsoleHost"}, "related": {"user": "SYSTEM"}, "user": {"domain": "BREACH", "name": "SYSTEM"}, "winlog": {"activity_id": "{1f013968-626d-0000-0e68-011f6d62db01}", "api": "wineventlog", "channel": "Microsoft-Windows-PowerShell/Operational", "computer_name": "CLIENT7.breach.local", "event_id": 4103, "opcode": "To be used when operation is just executing a method", "process": {"pid": 2840, "thread": {"id": 3128}}, "provider_guid": "{a0c1853b-5c40-4b15-8766-3cf1c58f985a}", "provider_name": "Microsoft-Windows-PowerShell", "record_id": 13192, "task": "Executing Pipeline", "user": {"domain": "NT AUTHORITY", "identifier": "S-1-5-18", "name": "SYSTEM", "type": "User"}, "version": 1}}
{"@timestamp": "2025-01-09T08:10:10.066Z", "agent": {"ephemeral_id": "bb64d7a7-091c-4137-a687-7e2730f981d8", "hostname": "CLIENT7", "id": "c35095e9-5f9f-4084-a651-3aaa2966847a", "name": "CLIENT7", "type": "winlogbeat", "version": "7.10.2"}, "ecs": {"version": "1.5.0"}, "event": {"action": "Executing Pipeline", "category": ["process"], "code": 4103, "created": "2025-01-09T08:10:10.362Z", "kind": "event", "module": "powershell", "provider": "Microsoft-Windows-PowerShell", "sequence": 182, "type": ["info"]}, "host": {"name": "CLIENT7.breach.local"}, "log": {"level": "information"}, "powershell": {"command": {"invocation_details": [{"related_command": "Get-Content", "type": "CommandInvocation", "value": "\"Get-Content\""}, {"name": "\"Path\"", "related_command": "Get-Content", "type": "ParameterBinding", "value": "\"C:\\Windows\\inf\\c_fssystem.inf\""}], "name": "Get-Content", "type": "Cmdlet"}, "engine": {"version": "5.1.19041.906"}, "id": "Microsoft.PowerShell", "pipeline_id": "1", "process": {"executable_version": "5.1.19041.906"}, "runspace_id": "c7ffc1f4-daa5-46fd-826e-3e529e34b1dd"}, "process": {"args": ["powershell.exe", "-ExecutionPolicy", "Restricted", "-Command", "$Res", "=", "0;", "$Infs", "=", "Get-Item", "-Path", "($env:WinDir", "+", "'\\inf\\*.inf');", "foreach", "($Inf", "in", "$Infs)", "{", "$Data", "=", "Get-Content", "$Inf.FullName;", "if", "($Data", "-match", "'\\[defaultinstall.nt(amd64|arm|arm64|x86)\\]')", "{", "$Res", "=", "1;", "break;", "}", "}", "Write-Host", "'Final", "result:',", "$Res;"], "args_count": 38, "command_line": "powershell.exe -ExecutionPolicy Restricted -Command $Res = 0; $Infs = Get-Item -Path ($env:WinDir + '\\inf\\*.inf'); foreach ($Inf in $Infs) { $Data = Get-Content $Inf.FullName; if ($Data -match '\\[defaultinstall.nt(amd64|arm|arm64|x86)\\]') { $Res = 1; break; } } Write-Host 'Final result:', $Res;", "entity_id": "72deaf58-b38a-4e43-9484-05af2ad85dd5", "title": "ConsoleHost"}, "related": {"user": "SYSTEM"}, "user": {"domain": "BREACH", "name": "SYSTEM"}, "winlog": {"activity_id": "{1f013968-626d-0000-0f68-011f6d62db01}", "api": "wineventlog", "channel": "Microsoft-Windows-PowerShell/Operational", "computer_name": "CLIENT7.breach.local", "event_id": 4103, "opcode": "To be used when operation is just executing a method", "process": {"pid": 2840, "thread": {"id": 3128}}, "provider_guid": "{a0c1853b-5c40-4b15-8766-3cf1c58f985a}", "provider_name": "Microsoft-Windows-PowerShell", "record_id": 13193, "task": "Executing Pipeline", "user": {"domain": "NT AUTHORITY", "identifier": "S-1-5-18", "name": "SYSTEM", "type": "User"}, "version": 1}}
{"@timestamp": "2025-01-09T08:10:10.067Z", "agent": {"ephemeral_id": "bb64d7a7-091c-4137-a687-7e2730f981d8", "hostname": "CLIENT7", "id": "c35095e9-5f9f-4084-a651-3aaa2966847a", "name": "CLIENT7", "type": "winlogbeat", "version": "7.10.2"}, "ecs": {"version": "1.5.0"}, "event": {"action": "Executing Pipeline", "category": ["process"], "code": 4103, "created": "2025-01-09T08:10:10.363Z", "kind": "event", "module": "powershell", "provider": "Microsoft-Windows-PowerShell", "sequence": 184, "type": ["info"]}, "host": {"name": "CLIENT7.breach.local"}, "log": {"level": "information"}, "powershell": {"command": {"invocation_details": [{"related_command": "Get-Content", "type": "CommandInvocation", "value": "\"Get-Content\""}, {"name": "\"Path\"", "related_command": "Get-Content", "type": "ParameterBinding", "value": "\"C:\\Windows\\inf\\c_fssystemrecovery.inf\""}], "name": "Get-Content", "type": "Cmdlet"}, "engine": {"version": "5.1.19041.906"}, "id": "Microsoft.PowerShell", "pipeline_id": "1", "process": {"executable_version": "5.1.19041.906"}, "runspace_id": "c7ffc1f4-daa5-46fd-826e-3e529e34b1dd"}, "process": {"args": ["powershell.exe", "-ExecutionPolicy", "Restricted", "-Command", "$Res", "=", "0;", "$Infs", "=", "Get-Item", "-Path", "($env:WinDir", "+", "'\\inf\\*.inf');", "foreach", "($Inf", "in", "$Infs)", "{", "$Data", "=", "Get-Content", "$Inf.FullName;", "if", "($Data", "-match", "'\\[defaultinstall.nt(amd64|arm|arm64|x86)\\]')", "{", "$Res", "=", "1;", "break;", "}", "}", "Write-Host", "'Final", "result:',", "$Res;"], "args_count": 38, "command_line": "powershell.exe -ExecutionPolicy Restricted -Command $Res = 0; $Infs = Get-Item -Path ($env:WinDir + '\\inf\\*.inf'); foreach ($Inf in $Infs) { $Data = Get-Content $Inf.FullName; if ($Data -match '\\[defaultinstall.nt(amd64|arm|arm64|x86)\\]') { $Res = 1; break; } } Write-Host 'Final result:', $Res;", "entity_id": "72deaf58-b38a-4e43-9484-05af2ad85dd5", "title": "ConsoleHost"}, "related": {"user": "SYSTEM"}, "user": {"domain": "BREACH", "name": "SYSTEM"}, "winlog": {"activity_id": "{1f013968-626d-0000-1068-011f6d62db01}", "api": "wineventlog", "channel": "Microsoft-Windows-PowerShell/Operational", "computer_name": "CLIENT7.breach.local", "event_id": 4103, "opcode": "To be used when operation is just executing a method", "process": {"pid": 2840, "thread": {"id": 3128}}, "provider_guid": "{a0c1853b-5c40-4b15-8766-3cf1c58f985a}", "provider_name": "Microsoft-Windows-PowerShell", "record_id": 13194, "task": "Executing Pipeline", "user": {"domain": "NT AUTHORITY", "identifier": "S-1-5-18", "name": "SYSTEM", "type": "User"}, "version": 1}}
{"@timestamp": "2025-01-09T08:10:10.069Z", "agent": {"ephemeral_id": "bb64d7a7-091c-4137-a687-7e2730f981d8", "hostname": "CLIENT7", "id": "c35095e9-5f9f-4084-a651-3aaa2966847a", "name": "CLIENT7", "type": "winlogbeat", "version": "7.10.2"}, "ecs": {"version": "1.5.0"}, "event": {"action": "Executing Pipeline", "category": ["process"], "code": 4103, "created": "2025-01-09T08:10:10.363Z", "kind": "event", "module": "powershell", "provider": "Microsoft-Windows-PowerShell", "sequence": 186, "type": ["info"]}, "host": {"name": "CLIENT7.breach.local"}, "log": {"level": "information"}, "powershell": {"command": {"invocation_details": [{"related_command": "Get-Content", "type": "CommandInvocation", "value": "\"Get-Content\""}, {"name": "\"Path\"", "related_command": "Get-Content", "type": "ParameterBinding", "value": "\"C:\\Windows\\inf\\c_fsundelete.inf\""}], "name": "Get-Content", "type": "Cmdlet"}, "engine": {"version": "5.1.19041.906"}, "id": "Microsoft.PowerShell", "pipeline_id": "1", "process": {"executable_version": "5.1.19041.906"}, "runspace_id": "c7ffc1f4-daa5-46fd-826e-3e529e34b1dd"}, "process": {"args": ["powershell.exe", "-ExecutionPolicy", "Restricted", "-Command", "$Res", "=", "0;", "$Infs", "=", "Get-Item", "-Path", "($env:WinDir", "+", "'\\inf\\*.inf');", "foreach", "($Inf", "in", "$Infs)", "{", "$Data", "=", "Get-Content", "$Inf.FullName;", "if", "($Data", "-match", "'\\[defaultinstall.nt(amd64|arm|arm64|x86)\\]')", "{", "$Res", "=", "1;", "break;", "}", "}", "Write-Host", "'Final", "result:',", "$Res;"], "args_count": 38, "command_line": "powershell.exe -ExecutionPolicy Restricted -Command $Res = 0; $Infs = Get-Item -Path ($env:WinDir + '\\inf\\*.inf'); foreach ($Inf in $Infs) { $Data = Get-Content $Inf.FullName; if ($Data -match '\\[defaultinstall.nt(amd64|arm|arm64|x86)\\]') { $Res = 1; break; } } Write-Host 'Final result:', $Res;", "entity_id": "72deaf58-b38a-4e43-9484-05af2ad85dd5", "title": "ConsoleHost"}, "related": {"user": "SYSTEM"}, "user": {"domain": "BREACH", "name": "SYSTEM"}, "winlog": {"activity_id": "{1f013968-626d-0000-1168-011f6d62db01}", "api": "wineventlog", "channel": "Microsoft-Windows-PowerShell/Operational", "computer_name": "CLIENT7.breach.local", "event_id": 4103, "opcode": "To be used when operation is just executing a method", "process": {"pid": 2840, "thread": {"id": 3128}}, "provider_guid": "{a0c1853b-5c40-4b15-8766-3cf1c58f985a}", "provider_name": "Microsoft-Windows-PowerShell", "record_id": 13195, "task": "Executing Pipeline", "user": {"domain": "NT AUTHORITY", "identifier": "S-1-5-18", "name": "SYSTEM", "type": "User"}, "version": 1}}
{"@timestamp": "2025-01-09T08:10:10.070Z", "agent": {"ephemeral_id": "bb64d7a7-091c-4137-a687-7e2730f981d8", "hostname": "CLIENT7", "id": "c35095e9-5f9f-4084-a651-3aaa2966847a", "name": "CLIENT7", "type": "winlogbeat", "version": "7.10.2"}, "ecs": {"version": "1.5.0"}, "event": {"action": "Executing Pipeline", "category": ["process"], "code": 4103, "created": "2025-01-09T08:10:10.364Z", "kind": "event", "module": "powershell", "provider": "Microsoft-Windows-PowerShell", "sequence": 188, "type": ["info"]}, "host": {"name": "CLIENT7.breach.local"}, "log": {"level": "information"}, "powershell": {"command": {"invocation_details": [{"related_command": "Get-Content", "type": "CommandInvocation", "value": "\"Get-Content\""}, {"name": "\"Path\"", "related_command": "Get-Content", "type": "ParameterBinding", "value": "\"C:\\Windows\\inf\\c_fsvirtualization.inf\""}], "name": "Get-Content", "type": "Cmdlet"}, "engine": {"version": "5.1.19041.906"}, "id": "Microsoft.PowerShell", "pipeline_id": "1", "process": {"executable_version": "5.1.19041.906"}, "runspace_id": "c7ffc1f4-daa5-46fd-826e-3e529e34b1dd"}, "process": {"args": ["powershell.exe", "-ExecutionPolicy", "Restricted", "-Command", "$Res", "=", "0;", "$Infs", "=", "Get-Item", "-Path", "($env:WinDir", "+", "'\\inf\\*.inf');", "foreach", "($Inf", "in", "$Infs)", "{", "$Data", "=", "Get-Content", "$Inf.FullName;", "if", "($Data", "-match", "'\\[defaultinstall.nt(amd64|arm|arm64|x86)\\]')", "{", "$Res", "=", "1;", "break;", "}", "}", "Write-Host", "'Final", "result:',", "$Res;"], "args_count": 38, "command_line": "powershell.exe -ExecutionPolicy Restricted -Command $Res = 0; $Infs = Get-Item -Path ($env:WinDir + '\\inf\\*.inf'); foreach ($Inf in $Infs) { $Data = Get-Content $Inf.FullName; if ($Data -match '\\[defaultinstall.nt(amd64|arm|arm64|x86)\\]') { $Res = 1; break; } } Write-Host 'Final result:', $Res;", "entity_id": "72deaf58-b38a-4e43-9484-05af2ad85dd5", "title": "ConsoleHost"}, "related": {"user": "SYSTEM"}, "user": {"domain": "BREACH", "name": "SYSTEM"}, "winlog": {"activity_id": "{1f013968-626d-0000-1268-011f6d62db01}", "api": "wineventlog", "channel": "Microsoft-Windows-PowerShell/Operational", "computer_name": "CLIENT7.breach.local", "event_id": 4103, "opcode": "To be used when operation is just executing a method", "process": {"pid": 2840, "thread": {"id": 3128}}, "provider_guid": "{a0c1853b-5c40-4b15-8766-3cf1c58f985a}", "provider_name": "Microsoft-Windows-PowerShell", "record_id": 13196, "task": "Executing Pipeline", "user": {"domain": "NT AUTHORITY", "identifier": "S-1-5-18", "name": "SYSTEM", "type": "User"}, "version": 1}}
{"@timestamp": "2025-01-09T08:10:10.071Z", "agent": {"ephemeral_id": "bb64d7a7-091c-4137-a687-7e2730f981d8", "hostname": "CLIENT7", "id": "c35095e9-5f9f-4084-a651-3aaa2966847a", "name": "CLIENT7", "type": "winlogbeat", "version": "7.10.2"}, "ecs": {"version": "1.5.0"}, "event": {"action": "Executing Pipeline", "category": ["process"], "code": 4103, "created": "2025-01-09T08:10:10.365Z", "kind": "event", "module": "powershell", "provider": "Microsoft-Windows-PowerShell", "sequence": 190, "type": ["info"]}, "host": {"name": "CLIENT7.breach.local"}, "log": {"level": "information"}, "powershell": {"command": {"invocation_details": [{"related_command": "Get-Content", "type": "CommandInvocation", "value": "\"Get-Content\""}, {"name": "\"Path\"", "related_command": "Get-Content", "type": "ParameterBinding", "value": "\"C:\\Windows\\inf\\c_hdc.inf\""}], "name": "Get-Content", "type": "Cmdlet"}, "engine": {"version": "5.1.19041.906"}, "id": "Microsoft.PowerShell", "pipeline_id": "1", "process": {"executable_version": "5.1.19041.906"}, "runspace_id": "c7ffc1f4-daa5-46fd-826e-3e529e34b1dd"}, "process": {"args": ["powershell.exe", "-ExecutionPolicy", "Restricted", "-Command", "$Res", "=", "0;", "$Infs", "=", "Get-Item", "-Path", "($env:WinDir", "+", "'\\inf\\*.inf');", "foreach", "($Inf", "in", "$Infs)", "{", "$Data", "=", "Get-Content", "$Inf.FullName;", "if", "($Data", "-match", "'\\[defaultinstall.nt(amd64|arm|arm64|x86)\\]')", "{", "$Res", "=", "1;", "break;", "}", "}", "Write-Host", "'Final", "result:',", "$Res;"], "args_count": 38, "command_line": "powershell.exe -ExecutionPolicy Restricted -Command $Res = 0; $Infs = Get-Item -Path ($env:WinDir + '\\inf\\*.inf'); foreach ($Inf in $Infs) { $Data = Get-Content $Inf.FullName; if ($Data -match '\\[defaultinstall.nt(amd64|arm|arm64|x86)\\]') { $Res = 1; break; } } Write-Host 'Final result:', $Res;", "entity_id": "72deaf58-b38a-4e43-9484-05af2ad85dd5", "title": "ConsoleHost"}, "related": {"user": "SYSTEM"}, "user": {"domain": "BREACH", "name": "SYSTEM"}, "winlog": {"activity_id": "{1f013968-626d-0000-1368-011f6d62db01}", "api": "wineventlog", "channel": "Microsoft-Windows-PowerShell/Operational", "computer_name": "CLIENT7.breach.local", "event_id": 4103, "opcode": "To be used when operation is just executing a method", "process": {"pid": 2840, "thread": {"id": 3128}}, "provider_guid": "{a0c1853b-5c40-4b15-8766-3cf1c58f985a}", "provider_name": "Microsoft-Windows-PowerShell", "record_id": 13197, "task": "Executing Pipeline", "user": {"domain": "NT AUTHORITY", "identifier": "S-1-5-18", "name": "SYSTEM", "type": "User"}, "version": 1}}
{"@timestamp": "2025-01-09T08:10:10.072Z", "agent": {"ephemeral_id": "bb64d7a7-091c-4137-a687-7e2730f981d8", "hostname": "CLIENT7", "id": "c35095e9-5f9f-4084-a651-3aaa2966847a", "name": "CLIENT7", "type": "winlogbeat", "version": "7.10.2"}, "ecs": {"version": "1.5.0"}, "event": {"action": "Executing Pipeline", "category": ["process"], "code": 4103, "created": "2025-01-09T08:10:10.365Z", "kind": "event", "module": "powershell", "provider": "Microsoft-Windows-PowerShell", "sequence": 192, "type": ["info"]}, "host": {"name": "CLIENT7.breach.local"}, "log": {"level": "information"}, "powershell": {"command": {"invocation_details": [{"related_command": "Get-Content", "type": "CommandInvocation", "value": "\"Get-Content\""}, {"name": "\"Path\"", "related_command": "Get-Content", "type": "ParameterBinding", "value": "\"C:\\Windows\\inf\\c_hidclass.inf\""}], "name": "Get-Content", "type": "Cmdlet"}, "engine": {"version": "5.1.19041.906"}, "id": "Microsoft.PowerShell", "pipeline_id": "1", "process": {"executable_version": "5.1.19041.906"}, "runspace_id": "c7ffc1f4-daa5-46fd-826e-3e529e34b1dd"}, "process": {"args": ["powershell.exe", "-ExecutionPolicy", "Restricted", "-Command", "$Res", "=", "0;", "$Infs", "=", "Get-Item", "-Path", "($env:WinDir", "+", "'\\inf\\*.inf');", "foreach", "($Inf", "in", "$Infs)", "{", "$Data", "=", "Get-Content", "$Inf.FullName;", "if", "($Data", "-match", "'\\[defaultinstall.nt(amd64|arm|arm64|x86)\\]')", "{", "$Res", "=", "1;", "break;", "}", "}", "Write-Host", "'Final", "result:',", "$Res;"], "args_count": 38, "command_line": "powershell.exe -ExecutionPolicy Restricted -Command $Res = 0; $Infs = Get-Item -Path ($env:WinDir + '\\inf\\*.inf'); foreach ($Inf in $Infs) { $Data = Get-Content $Inf.FullName; if ($Data -match '\\[defaultinstall.nt(amd64|arm|arm64|x86)\\]') { $Res = 1; break; } } Write-Host 'Final result:', $Res;", "entity_id": "72deaf58-b38a-4e43-9484-05af2ad85dd5", "title": "ConsoleHost"}, "related": {"user": "SYSTEM"}, "user": {"domain": "BREACH", "name": "SYSTEM"}, "winlog": {"activity_id": "{1f013968-626d-0000-1468-011f6d62db01}", "api": "wineventlog", "channel": "Microsoft-Windows-PowerShell/Operational", "computer_name": "CLIENT7.breach.local", "event_id": 4103, "opcode": "To be used when operation is just executing a method", "process": {"pid": 2840, "thread": {"id": 3128}}, "provider_guid": "{a0c1853b-5c40-4b15-8766-3cf1c58f985a}", "provider_name": "Microsoft-Windows-PowerShell", "record_id": 13198, "task": "Executing Pipeline", "user": {"domain": "NT AUTHORITY", "identifier": "S-1-5-18", "name": "SYSTEM", "type": "User"}, "version": 1}}
